<?xml version="1.0" encoding="UTF-8"?>
<pmd xmlns="http://pmd.sourceforge.net/report/2.0.0" xmlns:xsi="http://www.w3.org/2001/XMLSchema-instance" xsi:schemaLocation="http://pmd.sourceforge.net/report/2.0.0 http://pmd.sourceforge.net/report_2_0_0.xsd" version="6.32.0" timestamp="2022-04-06T10:00:35.505">
<file name="C:\Users\Sokaina\Downloads\Versiones-Junit5\junit5-r5.0.2\documentation\src\test\java\example\AssertionsDemo.java">
<violation beginline="11" endline="165" begincolumn="1" endcolumn="2" rule="TooManyStaticImports" ruleset="Code Style" package="example" class="AssertionsDemo" externalInfoUrl="https://pmd.github.io/pmd/pmd_rules_java_codestyle.html#toomanystaticimports" priority="3">
Too many static imports may lead to messy code
</violation>
<violation beginline="30" endline="30" begincolumn="2" endcolumn="43" rule="DefaultPackage" ruleset="Code Style" package="example" class="AssertionsDemo" externalInfoUrl="https://pmd.github.io/pmd/pmd_rules_java_codestyle.html#defaultpackage" priority="3">
Use explicit scoping instead of the default package private level
</violation>
<violation beginline="34" endline="39" begincolumn="2" endcolumn="2" rule="JUnitTestContainsTooManyAsserts" ruleset="Best Practices" package="example" class="AssertionsDemo" method="standardAssertions" externalInfoUrl="https://pmd.github.io/pmd/pmd_rules_java_bestpractices.html#junittestcontainstoomanyasserts" priority="3">
Unit tests should not contain more than 1 assert(s).
</violation>
<violation beginline="35" endline="35" begincolumn="3" endcolumn="14" rule="JUnitAssertionsShouldIncludeMessage" ruleset="Best Practices" package="example" class="AssertionsDemo" method="standardAssertions" externalInfoUrl="https://pmd.github.io/pmd/pmd_rules_java_bestpractices.html#junitassertionsshouldincludemessage" priority="3">
JUnit assertions should include a message
</violation>
<violation beginline="37" endline="38" begincolumn="3" endcolumn="62" rule="UseAssertSameInsteadOfAssertTrue" ruleset="Best Practices" package="example" class="AssertionsDemo" method="standardAssertions" externalInfoUrl="https://pmd.github.io/pmd/pmd_rules_java_bestpractices.html#useassertsameinsteadofasserttrue" priority="3">
Use assertSame(x, y) instead of assertTrue(x==y), or assertNotSame(x,y) vs assertFalse(x==y)
</violation>
<violation beginline="42" endline="49" begincolumn="2" endcolumn="2" rule="JUnitTestContainsTooManyAsserts" ruleset="Best Practices" package="example" class="AssertionsDemo" method="groupedAssertions" externalInfoUrl="https://pmd.github.io/pmd/pmd_rules_java_bestpractices.html#junittestcontainstoomanyasserts" priority="3">
Unit tests should not contain more than 1 assert(s).
</violation>
<violation beginline="46" endline="46" begincolumn="10" endcolumn="21" rule="JUnitAssertionsShouldIncludeMessage" ruleset="Best Practices" package="example" class="AssertionsDemo" method="groupedAssertions" externalInfoUrl="https://pmd.github.io/pmd/pmd_rules_java_bestpractices.html#junitassertionsshouldincludemessage" priority="3">
JUnit assertions should include a message
</violation>
<violation beginline="47" endline="47" begincolumn="10" endcolumn="21" rule="JUnitAssertionsShouldIncludeMessage" ruleset="Best Practices" package="example" class="AssertionsDemo" method="groupedAssertions" externalInfoUrl="https://pmd.github.io/pmd/pmd_rules_java_bestpractices.html#junitassertionsshouldincludemessage" priority="3">
JUnit assertions should include a message
</violation>
<violation beginline="52" endline="79" begincolumn="2" endcolumn="2" rule="JUnitTestContainsTooManyAsserts" ruleset="Best Practices" package="example" class="AssertionsDemo" method="dependentAssertions" externalInfoUrl="https://pmd.github.io/pmd/pmd_rules_java_bestpractices.html#junittestcontainstoomanyasserts" priority="3">
Unit tests should not contain more than 1 assert(s).
</violation>
<violation beginline="58" endline="58" begincolumn="5" endcolumn="17" rule="JUnitAssertionsShouldIncludeMessage" ruleset="Best Practices" package="example" class="AssertionsDemo" method="dependentAssertions" externalInfoUrl="https://pmd.github.io/pmd/pmd_rules_java_bestpractices.html#junitassertionsshouldincludemessage" priority="3">
JUnit assertions should include a message
</violation>
<violation beginline="62" endline="62" begincolumn="12" endcolumn="21" rule="JUnitAssertionsShouldIncludeMessage" ruleset="Best Practices" package="example" class="AssertionsDemo" method="dependentAssertions" externalInfoUrl="https://pmd.github.io/pmd/pmd_rules_java_bestpractices.html#junitassertionsshouldincludemessage" priority="3">
JUnit assertions should include a message
</violation>
<violation beginline="63" endline="63" begincolumn="12" endcolumn="21" rule="JUnitAssertionsShouldIncludeMessage" ruleset="Best Practices" package="example" class="AssertionsDemo" method="dependentAssertions" externalInfoUrl="https://pmd.github.io/pmd/pmd_rules_java_bestpractices.html#junitassertionsshouldincludemessage" priority="3">
JUnit assertions should include a message
</violation>
<violation beginline="70" endline="70" begincolumn="5" endcolumn="17" rule="JUnitAssertionsShouldIncludeMessage" ruleset="Best Practices" package="example" class="AssertionsDemo" method="dependentAssertions" externalInfoUrl="https://pmd.github.io/pmd/pmd_rules_java_bestpractices.html#junitassertionsshouldincludemessage" priority="3">
JUnit assertions should include a message
</violation>
<violation beginline="74" endline="74" begincolumn="12" endcolumn="21" rule="JUnitAssertionsShouldIncludeMessage" ruleset="Best Practices" package="example" class="AssertionsDemo" method="dependentAssertions" externalInfoUrl="https://pmd.github.io/pmd/pmd_rules_java_bestpractices.html#junitassertionsshouldincludemessage" priority="3">
JUnit assertions should include a message
</violation>
<violation beginline="75" endline="75" begincolumn="12" endcolumn="21" rule="JUnitAssertionsShouldIncludeMessage" ruleset="Best Practices" package="example" class="AssertionsDemo" method="dependentAssertions" externalInfoUrl="https://pmd.github.io/pmd/pmd_rules_java_bestpractices.html#junitassertionsshouldincludemessage" priority="3">
JUnit assertions should include a message
</violation>
<violation beginline="82" endline="87" begincolumn="2" endcolumn="2" rule="JUnitTestContainsTooManyAsserts" ruleset="Best Practices" package="example" class="AssertionsDemo" method="exceptionTesting" externalInfoUrl="https://pmd.github.io/pmd/pmd_rules_java_bestpractices.html#junittestcontainstoomanyasserts" priority="3">
Unit tests should not contain more than 1 assert(s).
</violation>
<violation beginline="86" endline="86" begincolumn="3" endcolumn="14" rule="JUnitAssertionsShouldIncludeMessage" ruleset="Best Practices" package="example" class="AssertionsDemo" method="exceptionTesting" externalInfoUrl="https://pmd.github.io/pmd/pmd_rules_java_bestpractices.html#junitassertionsshouldincludemessage" priority="3">
JUnit assertions should include a message
</violation>
<violation beginline="98" endline="104" begincolumn="2" endcolumn="2" rule="JUnitTestContainsTooManyAsserts" ruleset="Best Practices" package="example" class="AssertionsDemo" method="timeoutNotExceededWithResult" externalInfoUrl="https://pmd.github.io/pmd/pmd_rules_java_bestpractices.html#junittestcontainstoomanyasserts" priority="3">
Unit tests should not contain more than 1 assert(s).
</violation>
<violation beginline="103" endline="103" begincolumn="3" endcolumn="14" rule="JUnitAssertionsShouldIncludeMessage" ruleset="Best Practices" package="example" class="AssertionsDemo" method="timeoutNotExceededWithResult" externalInfoUrl="https://pmd.github.io/pmd/pmd_rules_java_bestpractices.html#junitassertionsshouldincludemessage" priority="3">
JUnit assertions should include a message
</violation>
<violation beginline="107" endline="111" begincolumn="2" endcolumn="2" rule="JUnitTestContainsTooManyAsserts" ruleset="Best Practices" package="example" class="AssertionsDemo" method="timeoutNotExceededWithMethod" externalInfoUrl="https://pmd.github.io/pmd/pmd_rules_java_bestpractices.html#junittestcontainstoomanyasserts" priority="3">
Unit tests should not contain more than 1 assert(s).
</violation>
<violation beginline="110" endline="110" begincolumn="3" endcolumn="14" rule="JUnitAssertionsShouldIncludeMessage" ruleset="Best Practices" package="example" class="AssertionsDemo" method="timeoutNotExceededWithMethod" externalInfoUrl="https://pmd.github.io/pmd/pmd_rules_java_bestpractices.html#junitassertionsshouldincludemessage" priority="3">
JUnit assertions should include a message
</violation>
<violation beginline="147" endline="165" begincolumn="1" endcolumn="1" rule="TestClassWithoutTestCases" ruleset="Error Prone" package="example" class="Person" externalInfoUrl="https://pmd.github.io/pmd/pmd_rules_java_errorprone.html#testclasswithouttestcases" priority="3">
This class name ends with Test but contains no test cases
</violation>
<violation beginline="157" endline="159" begincolumn="2" endcolumn="2" rule="DefaultPackage" ruleset="Code Style" package="example" class="Person" externalInfoUrl="https://pmd.github.io/pmd/pmd_rules_java_codestyle.html#defaultpackage" priority="3">
Use explicit scoping instead of the default package private level
</violation>
<violation beginline="161" endline="163" begincolumn="2" endcolumn="2" rule="DefaultPackage" ruleset="Code Style" package="example" class="Person" externalInfoUrl="https://pmd.github.io/pmd/pmd_rules_java_codestyle.html#defaultpackage" priority="3">
Use explicit scoping instead of the default package private level
</violation>
</file>
<file name="C:\Users\Sokaina\Downloads\Versiones-Junit5\junit5-r5.0.2\documentation\src\test\java\example\AssumptionsDemo.java">
<violation beginline="24" endline="27" begincolumn="2" endcolumn="2" rule="JUnitTestsShouldIncludeAssert" ruleset="Best Practices" package="example" class="AssumptionsDemo" method="testOnlyOnCiServer" externalInfoUrl="https://pmd.github.io/pmd/pmd_rules_java_bestpractices.html#junittestsshouldincludeassert" priority="3">
JUnit tests should include assert() or fail()
</violation>
<violation beginline="30" endline="34" begincolumn="2" endcolumn="2" rule="JUnitTestsShouldIncludeAssert" ruleset="Best Practices" package="example" class="AssumptionsDemo" method="testOnlyOnDeveloperWorkstation" externalInfoUrl="https://pmd.github.io/pmd/pmd_rules_java_bestpractices.html#junittestsshouldincludeassert" priority="3">
JUnit tests should include assert() or fail()
</violation>
<violation beginline="37" endline="46" begincolumn="2" endcolumn="2" rule="JUnitTestContainsTooManyAsserts" ruleset="Best Practices" package="example" class="AssumptionsDemo" method="testInAllEnvironments" externalInfoUrl="https://pmd.github.io/pmd/pmd_rules_java_bestpractices.html#junittestcontainstoomanyasserts" priority="3">
Unit tests should not contain more than 1 assert(s).
</violation>
<violation beginline="41" endline="41" begincolumn="5" endcolumn="16" rule="JUnitAssertionsShouldIncludeMessage" ruleset="Best Practices" package="example" class="AssumptionsDemo" method="testInAllEnvironments" externalInfoUrl="https://pmd.github.io/pmd/pmd_rules_java_bestpractices.html#junitassertionsshouldincludemessage" priority="3">
JUnit assertions should include a message
</violation>
<violation beginline="45" endline="45" begincolumn="3" endcolumn="14" rule="JUnitAssertionsShouldIncludeMessage" ruleset="Best Practices" package="example" class="AssumptionsDemo" method="testInAllEnvironments" externalInfoUrl="https://pmd.github.io/pmd/pmd_rules_java_bestpractices.html#junitassertionsshouldincludemessage" priority="3">
JUnit assertions should include a message
</violation>
</file>
<file name="C:\Users\Sokaina\Downloads\Versiones-Junit5\junit5-r5.0.2\documentation\src\test\java\example\DisabledClassDemo.java">
<violation beginline="20" endline="21" begincolumn="27" endcolumn="2" rule="UncommentedEmptyMethodBody" ruleset="Documentation" package="example" class="DisabledClassDemo" method="testWillBeSkipped" externalInfoUrl="https://pmd.github.io/pmd/pmd_rules_java_documentation.html#uncommentedemptymethodbody" priority="3">
Document empty method body
</violation>
<violation beginline="20" endline="21" begincolumn="2" endcolumn="2" rule="JUnitTestsShouldIncludeAssert" ruleset="Best Practices" package="example" class="DisabledClassDemo" method="testWillBeSkipped" externalInfoUrl="https://pmd.github.io/pmd/pmd_rules_java_bestpractices.html#junittestsshouldincludeassert" priority="3">
JUnit tests should include assert() or fail()
</violation>
</file>
<file name="C:\Users\Sokaina\Downloads\Versiones-Junit5\junit5-r5.0.2\documentation\src\test\java\example\DisabledTestsDemo.java">
<violation beginline="21" endline="22" begincolumn="27" endcolumn="2" rule="UncommentedEmptyMethodBody" ruleset="Documentation" package="example" class="DisabledTestsDemo" method="testWillBeSkipped" externalInfoUrl="https://pmd.github.io/pmd/pmd_rules_java_documentation.html#uncommentedemptymethodbody" priority="3">
Document empty method body
</violation>
<violation beginline="21" endline="22" begincolumn="2" endcolumn="2" rule="JUnitTestsShouldIncludeAssert" ruleset="Best Practices" package="example" class="DisabledTestsDemo" method="testWillBeSkipped" externalInfoUrl="https://pmd.github.io/pmd/pmd_rules_java_bestpractices.html#junittestsshouldincludeassert" priority="3">
JUnit tests should include assert() or fail()
</violation>
<violation beginline="25" endline="26" begincolumn="28" endcolumn="2" rule="UncommentedEmptyMethodBody" ruleset="Documentation" package="example" class="DisabledTestsDemo" method="testWillBeExecuted" externalInfoUrl="https://pmd.github.io/pmd/pmd_rules_java_documentation.html#uncommentedemptymethodbody" priority="3">
Document empty method body
</violation>
<violation beginline="25" endline="26" begincolumn="2" endcolumn="2" rule="JUnitTestsShouldIncludeAssert" ruleset="Best Practices" package="example" class="DisabledTestsDemo" method="testWillBeExecuted" externalInfoUrl="https://pmd.github.io/pmd/pmd_rules_java_bestpractices.html#junittestsshouldincludeassert" priority="3">
JUnit tests should include assert() or fail()
</violation>
</file>
<file name="C:\Users\Sokaina\Downloads\Versiones-Junit5\junit5-r5.0.2\documentation\src\test\java\example\DisplayNameDemo.java">
<violation beginline="22" endline="23" begincolumn="45" endcolumn="2" rule="UncommentedEmptyMethodBody" ruleset="Documentation" package="example" class="DisplayNameDemo" method="testWithDisplayNameContainingSpaces" externalInfoUrl="https://pmd.github.io/pmd/pmd_rules_java_documentation.html#uncommentedemptymethodbody" priority="3">
Document empty method body
</violation>
<violation beginline="22" endline="23" begincolumn="2" endcolumn="2" rule="JUnitTestsShouldIncludeAssert" ruleset="Best Practices" package="example" class="DisplayNameDemo" method="testWithDisplayNameContainingSpaces" externalInfoUrl="https://pmd.github.io/pmd/pmd_rules_java_bestpractices.html#junittestsshouldincludeassert" priority="3">
JUnit tests should include assert() or fail()
</violation>
<violation beginline="27" endline="28" begincolumn="56" endcolumn="2" rule="UncommentedEmptyMethodBody" ruleset="Documentation" package="example" class="DisplayNameDemo" method="testWithDisplayNameContainingSpecialCharacters" externalInfoUrl="https://pmd.github.io/pmd/pmd_rules_java_documentation.html#uncommentedemptymethodbody" priority="3">
Document empty method body
</violation>
<violation beginline="27" endline="28" begincolumn="2" endcolumn="2" rule="JUnitTestsShouldIncludeAssert" ruleset="Best Practices" package="example" class="DisplayNameDemo" method="testWithDisplayNameContainingSpecialCharacters" externalInfoUrl="https://pmd.github.io/pmd/pmd_rules_java_bestpractices.html#junittestsshouldincludeassert" priority="3">
JUnit tests should include assert() or fail()
</violation>
<violation beginline="32" endline="33" begincolumn="44" endcolumn="2" rule="UncommentedEmptyMethodBody" ruleset="Documentation" package="example" class="DisplayNameDemo" method="testWithDisplayNameContainingEmoji" externalInfoUrl="https://pmd.github.io/pmd/pmd_rules_java_documentation.html#uncommentedemptymethodbody" priority="3">
Document empty method body
</violation>
<violation beginline="32" endline="33" begincolumn="2" endcolumn="2" rule="JUnitTestsShouldIncludeAssert" ruleset="Best Practices" package="example" class="DisplayNameDemo" method="testWithDisplayNameContainingEmoji" externalInfoUrl="https://pmd.github.io/pmd/pmd_rules_java_bestpractices.html#junittestsshouldincludeassert" priority="3">
JUnit tests should include assert() or fail()
</violation>
</file>
<file name="C:\Users\Sokaina\Downloads\Versiones-Junit5\junit5-r5.0.2\documentation\src\test\java\example\DynamicTestsDemo.java">
<violation beginline="11" endline="171" begincolumn="1" endcolumn="21" rule="TooManyStaticImports" ruleset="Code Style" package="example" class="DynamicTestsDemo" externalInfoUrl="https://pmd.github.io/pmd/pmd_rules_java_codestyle.html#toomanystaticimports" priority="3">
Too many static imports may lead to messy code
</violation>
<violation beginline="48" endline="59" begincolumn="2" endcolumn="2" rule="JUnitTestContainsTooManyAsserts" ruleset="Best Practices" package="example" class="DynamicTestsDemo" method="dynamicTestsFromCollection" externalInfoUrl="https://pmd.github.io/pmd/pmd_rules_java_bestpractices.html#junittestcontainstoomanyasserts" priority="3">
Unit tests should not contain more than 1 assert(s).
</violation>
<violation beginline="62" endline="73" begincolumn="2" endcolumn="2" rule="JUnitTestContainsTooManyAsserts" ruleset="Best Practices" package="example" class="DynamicTestsDemo" method="dynamicTestsFromIterable" externalInfoUrl="https://pmd.github.io/pmd/pmd_rules_java_bestpractices.html#junittestcontainstoomanyasserts" priority="3">
Unit tests should not contain more than 1 assert(s).
</violation>
<violation beginline="76" endline="87" begincolumn="2" endcolumn="2" rule="JUnitTestContainsTooManyAsserts" ruleset="Best Practices" package="example" class="DynamicTestsDemo" method="dynamicTestsFromIterator" externalInfoUrl="https://pmd.github.io/pmd/pmd_rules_java_bestpractices.html#junittestcontainstoomanyasserts" priority="3">
Unit tests should not contain more than 1 assert(s).
</violation>
<violation beginline="108" endline="108" begincolumn="49" endcolumn="70" rule="UseAssertSameInsteadOfAssertTrue" ruleset="Best Practices" package="example" class="DynamicTestsDemo" method="dynamicTestsFromIntStream" externalInfoUrl="https://pmd.github.io/pmd/pmd_rules_java_bestpractices.html#useassertsameinsteadofasserttrue" priority="3">
Use assertSame(x, y) instead of assertTrue(x==y), or assertNotSame(x,y) vs assertFalse(x==y)
</violation>
<violation beginline="121" endline="121" begincolumn="20" endcolumn="31" rule="UnusedAssignment" ruleset="Best Practices" package="example" class="DynamicTestsDemo" method="generateRandomNumberOfTests" externalInfoUrl="https://pmd.github.io/pmd/pmd_rules_java_bestpractices.html#unusedassignment" priority="3">
The field initializer for 'random' is never used (overwritten on line 125)
</violation>
<violation beginline="146" endline="146" begincolumn="55" endcolumn="80" rule="UseAssertSameInsteadOfAssertTrue" ruleset="Best Practices" package="example" class="DynamicTestsDemo" method="generateRandomNumberOfTests" externalInfoUrl="https://pmd.github.io/pmd/pmd_rules_java_bestpractices.html#useassertsameinsteadofasserttrue" priority="3">
Use assertSame(x, y) instead of assertTrue(x==y), or assertNotSame(x,y) vs assertFalse(x==y)
</violation>
<violation beginline="153" endline="168" begincolumn="2" endcolumn="2" rule="JUnitTestContainsTooManyAsserts" ruleset="Best Practices" package="example" class="DynamicTestsDemo" method="dynamicTestsWithContainers" externalInfoUrl="https://pmd.github.io/pmd/pmd_rules_java_bestpractices.html#junittestcontainstoomanyasserts" priority="3">
Unit tests should not contain more than 1 assert(s).
</violation>
</file>
<file name="C:\Users\Sokaina\Downloads\Versiones-Junit5\junit5-r5.0.2\documentation\src\test\java\example\FirstJUnit5Tests.java">
<violation beginline="22" endline="22" begincolumn="3" endcolumn="14" rule="JUnitAssertionsShouldIncludeMessage" ruleset="Best Practices" package="example" class="FirstJUnit5Tests" method="myFirstTest" externalInfoUrl="https://pmd.github.io/pmd/pmd_rules_java_bestpractices.html#junitassertionsshouldincludemessage" priority="3">
JUnit assertions should include a message
</violation>
</file>
<file name="C:\Users\Sokaina\Downloads\Versiones-Junit5\junit5-r5.0.2\documentation\src\test\java\example\HamcrestAssertionDemo.java">
<violation beginline="24" endline="24" begincolumn="3" endcolumn="12" rule="JUnitAssertionsShouldIncludeMessage" ruleset="Best Practices" package="example" class="HamcrestAssertionDemo" method="assertWithHamcrestMatcher" externalInfoUrl="https://pmd.github.io/pmd/pmd_rules_java_bestpractices.html#junitassertionsshouldincludemessage" priority="3">
JUnit assertions should include a message
</violation>
</file>
<file name="C:\Users\Sokaina\Downloads\Versiones-Junit5\junit5-r5.0.2\documentation\src\test\java\example\JUnit4ClassDemo.java">
<violation beginline="24" endline="26" begincolumn="2" endcolumn="2" rule="JUnitTestsShouldIncludeAssert" ruleset="Best Practices" package="example" class="JUnit4ClassDemo" method="succeedingTest" externalInfoUrl="https://pmd.github.io/pmd/pmd_rules_java_bestpractices.html#junittestsshouldincludeassert" priority="3">
JUnit tests should include assert() or fail()
</violation>
</file>
<file name="C:\Users\Sokaina\Downloads\Versiones-Junit5\junit5-r5.0.2\documentation\src\test\java\example\JUnit4Tests.java">
<violation beginline="18" endline="18" begincolumn="42" endcolumn="50" rule="SignatureDeclareThrowsException" ruleset="Design" package="example" class="JUnit4Tests" method="standardJUnit4Test" externalInfoUrl="https://pmd.github.io/pmd/pmd_rules_java_design.html#signaturedeclarethrowsexception" priority="3">
A method/constructor should not explicitly throw java.lang.Exception
</violation>
<violation beginline="18" endline="20" begincolumn="9" endcolumn="2" rule="JUnitTestsShouldIncludeAssert" ruleset="Best Practices" package="example" class="JUnit4Tests" method="standardJUnit4Test" externalInfoUrl="https://pmd.github.io/pmd/pmd_rules_java_bestpractices.html#junittestsshouldincludeassert" priority="3">
JUnit tests should include assert() or fail()
</violation>
</file>
<file name="C:\Users\Sokaina\Downloads\Versiones-Junit5\junit5-r5.0.2\documentation\src\test\java\example\ParameterizedTestDemo.java">
<violation beginline="11" endline="246" begincolumn="1" endcolumn="2" rule="TooManyStaticImports" ruleset="Code Style" package="example" class="ParameterizedTestDemo" externalInfoUrl="https://pmd.github.io/pmd/pmd_rules_java_codestyle.html#toomanystaticimports" priority="3">
Too many static imports may lead to messy code
</violation>
<violation beginline="61" endline="65" begincolumn="2" endcolumn="2" rule="DefaultPackage" ruleset="Code Style" package="example" class="ParameterizedTestDemo" externalInfoUrl="https://pmd.github.io/pmd/pmd_rules_java_codestyle.html#defaultpackage" priority="3">
Use explicit scoping instead of the default package private level
</violation>
<violation beginline="69" endline="73" begincolumn="2" endcolumn="2" rule="DefaultPackage" ruleset="Code Style" package="example" class="ParameterizedTestDemo" externalInfoUrl="https://pmd.github.io/pmd/pmd_rules_java_codestyle.html#defaultpackage" priority="3">
Use explicit scoping instead of the default package private level
</violation>
<violation beginline="77" endline="81" begincolumn="2" endcolumn="2" rule="DefaultPackage" ruleset="Code Style" package="example" class="ParameterizedTestDemo" externalInfoUrl="https://pmd.github.io/pmd/pmd_rules_java_codestyle.html#defaultpackage" priority="3">
Use explicit scoping instead of the default package private level
</violation>
<violation beginline="85" endline="89" begincolumn="2" endcolumn="2" rule="DefaultPackage" ruleset="Code Style" package="example" class="ParameterizedTestDemo" externalInfoUrl="https://pmd.github.io/pmd/pmd_rules_java_codestyle.html#defaultpackage" priority="3">
Use explicit scoping instead of the default package private level
</violation>
<violation beginline="93" endline="98" begincolumn="2" endcolumn="2" rule="DefaultPackage" ruleset="Code Style" package="example" class="ParameterizedTestDemo" externalInfoUrl="https://pmd.github.io/pmd/pmd_rules_java_codestyle.html#defaultpackage" priority="3">
Use explicit scoping instead of the default package private level
</violation>
<violation beginline="95" endline="98" begincolumn="2" endcolumn="2" rule="JUnitTestContainsTooManyAsserts" ruleset="Best Practices" package="example" class="ParameterizedTestDemo" method="testWithEnumSourceExclude" externalInfoUrl="https://pmd.github.io/pmd/pmd_rules_java_bestpractices.html#junittestcontainstoomanyasserts" priority="3">
Unit tests should not contain more than 1 assert(s).
</violation>
<violation beginline="102" endline="108" begincolumn="2" endcolumn="2" rule="DefaultPackage" ruleset="Code Style" package="example" class="ParameterizedTestDemo" externalInfoUrl="https://pmd.github.io/pmd/pmd_rules_java_codestyle.html#defaultpackage" priority="3">
Use explicit scoping instead of the default package private level
</violation>
<violation beginline="104" endline="108" begincolumn="2" endcolumn="2" rule="JUnitTestContainsTooManyAsserts" ruleset="Best Practices" package="example" class="ParameterizedTestDemo" method="testWithEnumSourceRegex" externalInfoUrl="https://pmd.github.io/pmd/pmd_rules_java_bestpractices.html#junittestcontainstoomanyasserts" priority="3">
Unit tests should not contain more than 1 assert(s).
</violation>
<violation beginline="112" endline="116" begincolumn="2" endcolumn="2" rule="DefaultPackage" ruleset="Code Style" package="example" class="ParameterizedTestDemo" externalInfoUrl="https://pmd.github.io/pmd/pmd_rules_java_codestyle.html#defaultpackage" priority="3">
Use explicit scoping instead of the default package private level
</violation>
<violation beginline="118" endline="120" begincolumn="2" endcolumn="2" rule="DefaultPackage" ruleset="Code Style" package="example" class="ParameterizedTestDemo" externalInfoUrl="https://pmd.github.io/pmd/pmd_rules_java_codestyle.html#defaultpackage" priority="3">
Use explicit scoping instead of the default package private level
</violation>
<violation beginline="119" endline="119" begincolumn="20" endcolumn="24" rule="AvoidDuplicateLiterals" ruleset="Error Prone" package="example" class="ParameterizedTestDemo" method="stringProvider" externalInfoUrl="https://pmd.github.io/pmd/pmd_rules_java_errorprone.html#avoidduplicateliterals" priority="3">
The String literal "foo" appears 4 times in this file; the first occurrence is on line 119
</violation>
<violation beginline="124" endline="128" begincolumn="2" endcolumn="2" rule="DefaultPackage" ruleset="Code Style" package="example" class="ParameterizedTestDemo" externalInfoUrl="https://pmd.github.io/pmd/pmd_rules_java_codestyle.html#defaultpackage" priority="3">
Use explicit scoping instead of the default package private level
</violation>
<violation beginline="130" endline="132" begincolumn="2" endcolumn="2" rule="DefaultPackage" ruleset="Code Style" package="example" class="ParameterizedTestDemo" externalInfoUrl="https://pmd.github.io/pmd/pmd_rules_java_codestyle.html#defaultpackage" priority="3">
Use explicit scoping instead of the default package private level
</violation>
<violation beginline="137" endline="143" begincolumn="2" endcolumn="2" rule="DefaultPackage" ruleset="Code Style" package="example" class="ParameterizedTestDemo" externalInfoUrl="https://pmd.github.io/pmd/pmd_rules_java_codestyle.html#defaultpackage" priority="3">
Use explicit scoping instead of the default package private level
</violation>
<violation beginline="139" endline="143" begincolumn="2" endcolumn="2" rule="JUnitTestContainsTooManyAsserts" ruleset="Best Practices" package="example" class="ParameterizedTestDemo" method="testWithMultiArgMethodSource" externalInfoUrl="https://pmd.github.io/pmd/pmd_rules_java_bestpractices.html#junittestcontainstoomanyasserts" priority="3">
Unit tests should not contain more than 1 assert(s).
</violation>
<violation beginline="145" endline="150" begincolumn="2" endcolumn="2" rule="DefaultPackage" ruleset="Code Style" package="example" class="ParameterizedTestDemo" externalInfoUrl="https://pmd.github.io/pmd/pmd_rules_java_codestyle.html#defaultpackage" priority="3">
Use explicit scoping instead of the default package private level
</violation>
<violation beginline="155" endline="160" begincolumn="2" endcolumn="2" rule="DefaultPackage" ruleset="Code Style" package="example" class="ParameterizedTestDemo" externalInfoUrl="https://pmd.github.io/pmd/pmd_rules_java_codestyle.html#defaultpackage" priority="3">
Use explicit scoping instead of the default package private level
</violation>
<violation beginline="157" endline="160" begincolumn="2" endcolumn="2" rule="JUnitTestContainsTooManyAsserts" ruleset="Best Practices" package="example" class="ParameterizedTestDemo" method="testWithCsvSource" externalInfoUrl="https://pmd.github.io/pmd/pmd_rules_java_bestpractices.html#junittestcontainstoomanyasserts" priority="3">
Unit tests should not contain more than 1 assert(s).
</violation>
<violation beginline="164" endline="169" begincolumn="2" endcolumn="2" rule="DefaultPackage" ruleset="Code Style" package="example" class="ParameterizedTestDemo" externalInfoUrl="https://pmd.github.io/pmd/pmd_rules_java_codestyle.html#defaultpackage" priority="3">
Use explicit scoping instead of the default package private level
</violation>
<violation beginline="166" endline="169" begincolumn="2" endcolumn="2" rule="JUnitTestContainsTooManyAsserts" ruleset="Best Practices" package="example" class="ParameterizedTestDemo" method="testWithCsvFileSource" externalInfoUrl="https://pmd.github.io/pmd/pmd_rules_java_bestpractices.html#junittestcontainstoomanyasserts" priority="3">
Unit tests should not contain more than 1 assert(s).
</violation>
<violation beginline="173" endline="177" begincolumn="2" endcolumn="2" rule="DefaultPackage" ruleset="Code Style" package="example" class="ParameterizedTestDemo" externalInfoUrl="https://pmd.github.io/pmd/pmd_rules_java_codestyle.html#defaultpackage" priority="3">
Use explicit scoping instead of the default package private level
</violation>
<violation beginline="194" endline="198" begincolumn="2" endcolumn="2" rule="DefaultPackage" ruleset="Code Style" package="example" class="ParameterizedTestDemo" externalInfoUrl="https://pmd.github.io/pmd/pmd_rules_java_codestyle.html#defaultpackage" priority="3">
Use explicit scoping instead of the default package private level
</violation>
<violation beginline="207" endline="211" begincolumn="2" endcolumn="2" rule="DefaultPackage" ruleset="Code Style" package="example" class="ParameterizedTestDemo" externalInfoUrl="https://pmd.github.io/pmd/pmd_rules_java_codestyle.html#defaultpackage" priority="3">
Use explicit scoping instead of the default package private level
</violation>
<violation beginline="215" endline="219" begincolumn="2" endcolumn="2" rule="DefaultPackage" ruleset="Code Style" package="example" class="ParameterizedTestDemo" externalInfoUrl="https://pmd.github.io/pmd/pmd_rules_java_codestyle.html#defaultpackage" priority="3">
Use explicit scoping instead of the default package private level
</violation>
<violation beginline="232" endline="236" begincolumn="2" endcolumn="2" rule="DefaultPackage" ruleset="Code Style" package="example" class="ParameterizedTestDemo" externalInfoUrl="https://pmd.github.io/pmd/pmd_rules_java_codestyle.html#defaultpackage" priority="3">
Use explicit scoping instead of the default package private level
</violation>
<violation beginline="240" endline="244" begincolumn="2" endcolumn="2" rule="DefaultPackage" ruleset="Code Style" package="example" class="ParameterizedTestDemo" externalInfoUrl="https://pmd.github.io/pmd/pmd_rules_java_codestyle.html#defaultpackage" priority="3">
Use explicit scoping instead of the default package private level
</violation>
<violation beginline="243" endline="244" begincolumn="60" endcolumn="2" rule="UncommentedEmptyMethodBody" ruleset="Documentation" package="example" class="ParameterizedTestDemo" method="testWithCustomDisplayNames" externalInfoUrl="https://pmd.github.io/pmd/pmd_rules_java_documentation.html#uncommentedemptymethodbody" priority="3">
Document empty method body
</violation>
</file>
<file name="C:\Users\Sokaina\Downloads\Versiones-Junit5\junit5-r5.0.2\documentation\src\test\java\example\RepeatedTestsDemo.java">
<violation beginline="26" endline="26" begincolumn="17" endcolumn="22" rule="ImmutableField" ruleset="Design" package="example" class="RepeatedTestsDemo" variable="logger" externalInfoUrl="https://pmd.github.io/pmd/pmd_rules_java_design.html#immutablefield" priority="3">
Private field 'logger' could be made final; it is only initialized in the declaration or constructor.
</violation>
</file>
<file name="C:\Users\Sokaina\Downloads\Versiones-Junit5\junit5-r5.0.2\documentation\src\test\java\example\StandardTests.java">
<violation beginline="26" endline="27" begincolumn="24" endcolumn="2" rule="UncommentedEmptyMethodBody" ruleset="Documentation" package="example" class="StandardTests" method="initAll" externalInfoUrl="https://pmd.github.io/pmd/pmd_rules_java_documentation.html#uncommentedemptymethodbody" priority="3">
Document empty method body
</violation>
<violation beginline="30" endline="31" begincolumn="14" endcolumn="2" rule="UncommentedEmptyMethodBody" ruleset="Documentation" package="example" class="StandardTests" method="init" externalInfoUrl="https://pmd.github.io/pmd/pmd_rules_java_documentation.html#uncommentedemptymethodbody" priority="3">
Document empty method body
</violation>
<violation beginline="34" endline="35" begincolumn="24" endcolumn="2" rule="UncommentedEmptyMethodBody" ruleset="Documentation" package="example" class="StandardTests" method="succeedingTest" externalInfoUrl="https://pmd.github.io/pmd/pmd_rules_java_documentation.html#uncommentedemptymethodbody" priority="3">
Document empty method body
</violation>
<violation beginline="34" endline="35" begincolumn="2" endcolumn="2" rule="JUnitTestsShouldIncludeAssert" ruleset="Best Practices" package="example" class="StandardTests" method="succeedingTest" externalInfoUrl="https://pmd.github.io/pmd/pmd_rules_java_bestpractices.html#junittestsshouldincludeassert" priority="3">
JUnit tests should include assert() or fail()
</violation>
<violation beginline="47" endline="49" begincolumn="2" endcolumn="2" rule="JUnitTestsShouldIncludeAssert" ruleset="Best Practices" package="example" class="StandardTests" method="skippedTest" externalInfoUrl="https://pmd.github.io/pmd/pmd_rules_java_bestpractices.html#junittestsshouldincludeassert" priority="3">
JUnit tests should include assert() or fail()
</violation>
<violation beginline="52" endline="53" begincolumn="18" endcolumn="2" rule="UncommentedEmptyMethodBody" ruleset="Documentation" package="example" class="StandardTests" method="tearDown" externalInfoUrl="https://pmd.github.io/pmd/pmd_rules_java_documentation.html#uncommentedemptymethodbody" priority="3">
Document empty method body
</violation>
<violation beginline="56" endline="57" begincolumn="28" endcolumn="2" rule="UncommentedEmptyMethodBody" ruleset="Documentation" package="example" class="StandardTests" method="tearDownAll" externalInfoUrl="https://pmd.github.io/pmd/pmd_rules_java_documentation.html#uncommentedemptymethodbody" priority="3">
Document empty method body
</violation>
</file>
<file name="C:\Users\Sokaina\Downloads\Versiones-Junit5\junit5-r5.0.2\documentation\src\test\java\example\TaggingDemo.java">
<violation beginline="23" endline="24" begincolumn="31" endcolumn="2" rule="UncommentedEmptyMethodBody" ruleset="Documentation" package="example" class="TaggingDemo" method="testingTaxCalculation" externalInfoUrl="https://pmd.github.io/pmd/pmd_rules_java_documentation.html#uncommentedemptymethodbody" priority="3">
Document empty method body
</violation>
<violation beginline="23" endline="24" begincolumn="2" endcolumn="2" rule="JUnitTestsShouldIncludeAssert" ruleset="Best Practices" package="example" class="TaggingDemo" method="testingTaxCalculation" externalInfoUrl="https://pmd.github.io/pmd/pmd_rules_java_bestpractices.html#junittestsshouldincludeassert" priority="3">
JUnit tests should include assert() or fail()
</violation>
</file>
<file name="C:\Users\Sokaina\Downloads\Versiones-Junit5\junit5-r5.0.2\documentation\src\test\java\example\TestInfoDemo.java">
<violation beginline="27" endline="27" begincolumn="3" endcolumn="14" rule="JUnitAssertionsShouldIncludeMessage" ruleset="Best Practices" package="example" class="TestInfoDemo" method="TestInfoDemo" externalInfoUrl="https://pmd.github.io/pmd/pmd_rules_java_bestpractices.html#junitassertionsshouldincludemessage" priority="3">
JUnit assertions should include a message
</violation>
<violation beginline="33" endline="33" begincolumn="3" endcolumn="12" rule="JUnitAssertionsShouldIncludeMessage" ruleset="Best Practices" package="example" class="TestInfoDemo" method="init" externalInfoUrl="https://pmd.github.io/pmd/pmd_rules_java_bestpractices.html#junitassertionsshouldincludemessage" priority="3">
JUnit assertions should include a message
</violation>
<violation beginline="33" endline="33" begincolumn="14" endcolumn="41" rule="LiteralsFirstInComparisons" ruleset="Best Practices" package="example" class="TestInfoDemo" method="init" externalInfoUrl="https://pmd.github.io/pmd/pmd_rules_java_bestpractices.html#literalsfirstincomparisons" priority="3">
Position literals first in String comparisons
</violation>
<violation beginline="33" endline="33" begincolumn="46" endcolumn="74" rule="LiteralsFirstInComparisons" ruleset="Best Practices" package="example" class="TestInfoDemo" method="init" externalInfoUrl="https://pmd.github.io/pmd/pmd_rules_java_bestpractices.html#literalsfirstincomparisons" priority="3">
Position literals first in String comparisons
</violation>
<violation beginline="39" endline="42" begincolumn="2" endcolumn="2" rule="JUnitTestContainsTooManyAsserts" ruleset="Best Practices" package="example" class="TestInfoDemo" method="test1" externalInfoUrl="https://pmd.github.io/pmd/pmd_rules_java_bestpractices.html#junittestcontainstoomanyasserts" priority="3">
Unit tests should not contain more than 1 assert(s).
</violation>
<violation beginline="40" endline="40" begincolumn="3" endcolumn="14" rule="JUnitAssertionsShouldIncludeMessage" ruleset="Best Practices" package="example" class="TestInfoDemo" method="test1" externalInfoUrl="https://pmd.github.io/pmd/pmd_rules_java_bestpractices.html#junitassertionsshouldincludemessage" priority="3">
JUnit assertions should include a message
</violation>
<violation beginline="41" endline="41" begincolumn="3" endcolumn="12" rule="JUnitAssertionsShouldIncludeMessage" ruleset="Best Practices" package="example" class="TestInfoDemo" method="test1" externalInfoUrl="https://pmd.github.io/pmd/pmd_rules_java_bestpractices.html#junitassertionsshouldincludemessage" priority="3">
JUnit assertions should include a message
</violation>
<violation beginline="45" endline="46" begincolumn="15" endcolumn="2" rule="UncommentedEmptyMethodBody" ruleset="Documentation" package="example" class="TestInfoDemo" method="test2" externalInfoUrl="https://pmd.github.io/pmd/pmd_rules_java_documentation.html#uncommentedemptymethodbody" priority="3">
Document empty method body
</violation>
<violation beginline="45" endline="46" begincolumn="2" endcolumn="2" rule="JUnitTestsShouldIncludeAssert" ruleset="Best Practices" package="example" class="TestInfoDemo" method="test2" externalInfoUrl="https://pmd.github.io/pmd/pmd_rules_java_bestpractices.html#junittestsshouldincludeassert" priority="3">
JUnit tests should include assert() or fail()
</violation>
</file>
<file name="C:\Users\Sokaina\Downloads\Versiones-Junit5\junit5-r5.0.2\documentation\src\test\java\example\TestReporterDemo.java">
<violation beginline="22" endline="24" begincolumn="2" endcolumn="2" rule="JUnitTestsShouldIncludeAssert" ruleset="Best Practices" package="example" class="TestReporterDemo" method="reportSingleValue" externalInfoUrl="https://pmd.github.io/pmd/pmd_rules_java_bestpractices.html#junittestsshouldincludeassert" priority="3">
JUnit tests should include assert() or fail()
</violation>
<violation beginline="27" endline="33" begincolumn="2" endcolumn="2" rule="JUnitTestsShouldIncludeAssert" ruleset="Best Practices" package="example" class="TestReporterDemo" method="reportSeveralValues" externalInfoUrl="https://pmd.github.io/pmd/pmd_rules_java_bestpractices.html#junittestsshouldincludeassert" priority="3">
JUnit tests should include assert() or fail()
</violation>
</file>
<file name="C:\Users\Sokaina\Downloads\Versiones-Junit5\junit5-r5.0.2\documentation\src\test\java\example\TestingAStackDemo.java">
<violation beginline="30" endline="30" begincolumn="2" endcolumn="21" rule="DefaultPackage" ruleset="Code Style" package="example" class="TestingAStackDemo" externalInfoUrl="https://pmd.github.io/pmd/pmd_rules_java_codestyle.html#defaultpackage" priority="3">
Use explicit scoping instead of the default package private level
</violation>
<violation beginline="34" endline="36" begincolumn="2" endcolumn="2" rule="JUnitTestsShouldIncludeAssert" ruleset="Best Practices" package="example" class="TestingAStackDemo" method="isInstantiatedWithNew" externalInfoUrl="https://pmd.github.io/pmd/pmd_rules_java_bestpractices.html#junittestsshouldincludeassert" priority="3">
JUnit tests should include assert() or fail()
</violation>
<violation beginline="50" endline="50" begincolumn="4" endcolumn="13" rule="JUnitAssertionsShouldIncludeMessage" ruleset="Best Practices" package="example" class="TestingAStackDemo$WhenNew" method="isEmpty" externalInfoUrl="https://pmd.github.io/pmd/pmd_rules_java_bestpractices.html#junitassertionsshouldincludemessage" priority="3">
JUnit assertions should include a message
</violation>
<violation beginline="69" endline="69" begincolumn="4" endcolumn="35" rule="DefaultPackage" ruleset="Code Style" package="example" class="TestingAStackDemo$WhenNew$AfterPushing" externalInfoUrl="https://pmd.github.io/pmd/pmd_rules_java_codestyle.html#defaultpackage" priority="3">
Use explicit scoping instead of the default package private level
</violation>
<violation beginline="79" endline="79" begincolumn="5" endcolumn="15" rule="JUnitAssertionsShouldIncludeMessage" ruleset="Best Practices" package="example" class="TestingAStackDemo$WhenNew$AfterPushing" method="isNotEmpty" externalInfoUrl="https://pmd.github.io/pmd/pmd_rules_java_bestpractices.html#junitassertionsshouldincludemessage" priority="3">
JUnit assertions should include a message
</violation>
<violation beginline="84" endline="87" begincolumn="4" endcolumn="4" rule="JUnitTestContainsTooManyAsserts" ruleset="Best Practices" package="example" class="TestingAStackDemo$WhenNew$AfterPushing" method="returnElementWhenPopped" externalInfoUrl="https://pmd.github.io/pmd/pmd_rules_java_bestpractices.html#junittestcontainstoomanyasserts" priority="3">
Unit tests should not contain more than 1 assert(s).
</violation>
<violation beginline="85" endline="85" begincolumn="5" endcolumn="16" rule="JUnitAssertionsShouldIncludeMessage" ruleset="Best Practices" package="example" class="TestingAStackDemo$WhenNew$AfterPushing" method="returnElementWhenPopped" externalInfoUrl="https://pmd.github.io/pmd/pmd_rules_java_bestpractices.html#junitassertionsshouldincludemessage" priority="3">
JUnit assertions should include a message
</violation>
<violation beginline="86" endline="86" begincolumn="5" endcolumn="14" rule="JUnitAssertionsShouldIncludeMessage" ruleset="Best Practices" package="example" class="TestingAStackDemo$WhenNew$AfterPushing" method="returnElementWhenPopped" externalInfoUrl="https://pmd.github.io/pmd/pmd_rules_java_bestpractices.html#junitassertionsshouldincludemessage" priority="3">
JUnit assertions should include a message
</violation>
<violation beginline="91" endline="94" begincolumn="4" endcolumn="4" rule="JUnitTestContainsTooManyAsserts" ruleset="Best Practices" package="example" class="TestingAStackDemo$WhenNew$AfterPushing" method="returnElementWhenPeeked" externalInfoUrl="https://pmd.github.io/pmd/pmd_rules_java_bestpractices.html#junittestcontainstoomanyasserts" priority="3">
Unit tests should not contain more than 1 assert(s).
</violation>
<violation beginline="92" endline="92" begincolumn="5" endcolumn="16" rule="JUnitAssertionsShouldIncludeMessage" ruleset="Best Practices" package="example" class="TestingAStackDemo$WhenNew$AfterPushing" method="returnElementWhenPeeked" externalInfoUrl="https://pmd.github.io/pmd/pmd_rules_java_bestpractices.html#junitassertionsshouldincludemessage" priority="3">
JUnit assertions should include a message
</violation>
<violation beginline="93" endline="93" begincolumn="5" endcolumn="15" rule="JUnitAssertionsShouldIncludeMessage" ruleset="Best Practices" package="example" class="TestingAStackDemo$WhenNew$AfterPushing" method="returnElementWhenPeeked" externalInfoUrl="https://pmd.github.io/pmd/pmd_rules_java_bestpractices.html#junitassertionsshouldincludemessage" priority="3">
JUnit assertions should include a message
</violation>
</file>
<file name="C:\Users\Sokaina\Downloads\Versiones-Junit5\junit5-r5.0.2\documentation\src\test\java\example\UsingTheLauncherDemo.java">
<violation beginline="34" endline="52" begincolumn="2" endcolumn="2" rule="JUnitTestsShouldIncludeAssert" ruleset="Best Practices" package="example" class="UsingTheLauncherDemo" method="discovery" externalInfoUrl="https://pmd.github.io/pmd/pmd_rules_java_bestpractices.html#junittestsshouldincludeassert" priority="3">
JUnit tests should include assert() or fail()
</violation>
<violation beginline="55" endline="77" begincolumn="2" endcolumn="2" rule="JUnitTestsShouldIncludeAssert" ruleset="Best Practices" package="example" class="UsingTheLauncherDemo" method="execution" externalInfoUrl="https://pmd.github.io/pmd/pmd_rules_java_bestpractices.html#junittestsshouldincludeassert" priority="3">
JUnit tests should include assert() or fail()
</violation>
<violation beginline="80" endline="81" begincolumn="1" endcolumn="1" rule="TestClassWithoutTestCases" ruleset="Error Prone" package="example" class="MyTestClass" externalInfoUrl="https://pmd.github.io/pmd/pmd_rules_java_errorprone.html#testclasswithouttestcases" priority="3">
This class name ends with Test but contains no test cases
</violation>
</file>
<file name="C:\Users\Sokaina\Downloads\Versiones-Junit5\junit5-r5.0.2\documentation\src\test\java\example\defaultmethods\ComparableContract.java">
<violation beginline="26" endline="26" begincolumn="3" endcolumn="14" rule="JUnitAssertionsShouldIncludeMessage" ruleset="Best Practices" package="example.defaultmethods" class="ComparableContract" method="returnsZeroWhenComparedToItself" externalInfoUrl="https://pmd.github.io/pmd/pmd_rules_java_bestpractices.html#junitassertionsshouldincludemessage" priority="3">
JUnit assertions should include a message
</violation>
<violation beginline="33" endline="33" begincolumn="3" endcolumn="12" rule="JUnitAssertionsShouldIncludeMessage" ruleset="Best Practices" package="example.defaultmethods" class="ComparableContract" method="returnsPositiveNumberComparedToSmallerValue" externalInfoUrl="https://pmd.github.io/pmd/pmd_rules_java_bestpractices.html#junitassertionsshouldincludemessage" priority="3">
JUnit assertions should include a message
</violation>
<violation beginline="40" endline="40" begincolumn="3" endcolumn="12" rule="JUnitAssertionsShouldIncludeMessage" ruleset="Best Practices" package="example.defaultmethods" class="ComparableContract" method="returnsNegativeNumberComparedToSmallerValue" externalInfoUrl="https://pmd.github.io/pmd/pmd_rules_java_bestpractices.html#junitassertionsshouldincludemessage" priority="3">
JUnit assertions should include a message
</violation>
</file>
<file name="C:\Users\Sokaina\Downloads\Versiones-Junit5\junit5-r5.0.2\documentation\src\test\java\example\defaultmethods\EqualsContract.java">
<violation beginline="27" endline="27" begincolumn="3" endcolumn="14" rule="JUnitAssertionsShouldIncludeMessage" ruleset="Best Practices" package="example.defaultmethods" class="EqualsContract" method="valueEqualsItself" externalInfoUrl="https://pmd.github.io/pmd/pmd_rules_java_bestpractices.html#junitassertionsshouldincludemessage" priority="3">
JUnit assertions should include a message
</violation>
<violation beginline="33" endline="33" begincolumn="15" endcolumn="32" rule="EqualsNull" ruleset="Error Prone" package="example.defaultmethods" class="EqualsContract" method="valueDoesNotEqualNull" externalInfoUrl="https://pmd.github.io/pmd/pmd_rules_java_errorprone.html#equalsnull" priority="1">
Avoid using equals() to compare against null
</violation>
<violation beginline="33" endline="33" begincolumn="3" endcolumn="13" rule="JUnitAssertionsShouldIncludeMessage" ruleset="Best Practices" package="example.defaultmethods" class="EqualsContract" method="valueDoesNotEqualNull" externalInfoUrl="https://pmd.github.io/pmd/pmd_rules_java_bestpractices.html#junitassertionsshouldincludemessage" priority="3">
JUnit assertions should include a message
</violation>
<violation beginline="37" endline="42" begincolumn="10" endcolumn="2" rule="JUnitTestContainsTooManyAsserts" ruleset="Best Practices" package="example.defaultmethods" class="EqualsContract" method="valueDoesNotEqualDifferentValue" externalInfoUrl="https://pmd.github.io/pmd/pmd_rules_java_bestpractices.html#junittestcontainstoomanyasserts" priority="3">
Unit tests should not contain more than 1 assert(s).
</violation>
</file>
<file name="C:\Users\Sokaina\Downloads\Versiones-Junit5\junit5-r5.0.2\documentation\src\test\java\example\exception\IgnoreIOExceptionTests.java">
<violation beginline="24" endline="26" begincolumn="2" endcolumn="2" rule="JUnitTestsShouldIncludeAssert" ruleset="Best Practices" package="example.exception" class="IgnoreIOExceptionTests" method="shouldSucceed" externalInfoUrl="https://pmd.github.io/pmd/pmd_rules_java_bestpractices.html#junittestsshouldincludeassert" priority="3">
JUnit tests should include assert() or fail()
</violation>
<violation beginline="30" endline="32" begincolumn="2" endcolumn="2" rule="JUnitTestsShouldIncludeAssert" ruleset="Best Practices" package="example.exception" class="IgnoreIOExceptionTests" method="shouldFail" externalInfoUrl="https://pmd.github.io/pmd/pmd_rules_java_bestpractices.html#junittestsshouldincludeassert" priority="3">
JUnit tests should include assert() or fail()
</violation>
<violation beginline="31" endline="31" begincolumn="13" endcolumn="28" rule="AvoidThrowingRawExceptionTypes" ruleset="Design" package="example.exception" class="IgnoreIOExceptionTests" method="shouldFail" externalInfoUrl="https://pmd.github.io/pmd/pmd_rules_java_design.html#avoidthrowingrawexceptiontypes" priority="1">
Avoid throwing raw exception types.
</violation>
</file>
<file name="C:\Users\Sokaina\Downloads\Versiones-Junit5\junit5-r5.0.2\documentation\src\test\java\example\testinterface\TestInterfaceDynamicTestsDemo.java">
<violation beginline="27" endline="38" begincolumn="10" endcolumn="2" rule="JUnitTestContainsTooManyAsserts" ruleset="Best Practices" package="example.testinterface" class="TestInterfaceDynamicTestsDemo" method="dynamicTestsFromCollection" externalInfoUrl="https://pmd.github.io/pmd/pmd_rules_java_bestpractices.html#junittestcontainstoomanyasserts" priority="3">
Unit tests should not contain more than 1 assert(s).
</violation>
</file>
<file name="C:\Users\Sokaina\Downloads\Versiones-Junit5\junit5-r5.0.2\documentation\src\test\java\example\testinterface\TestLifecycleLogger.java">
<violation beginline="27" endline="27" begincolumn="15" endcolumn="81" rule="UnnecessaryModifier" ruleset="Code Style" package="example.testinterface" class="TestLifecycleLogger" variable="VariableDeclaratorId" externalInfoUrl="https://pmd.github.io/pmd/pmd_rules_java_codestyle.html#unnecessarymodifier" priority="3">
Unnecessary modifiers 'static final' on field 'LOG': the field is declared in an interface type
</violation>
</file>
<file name="C:\Users\Sokaina\Downloads\Versiones-Junit5\junit5-r5.0.2\documentation\src\test\java\example\timing\TimingExtensionTests.java">
<violation beginline="26" endline="26" begincolumn="26" endcolumn="34" rule="SignatureDeclareThrowsException" ruleset="Design" package="example.timing" class="TimingExtensionTests" method="sleep20ms" externalInfoUrl="https://pmd.github.io/pmd/pmd_rules_java_design.html#signaturedeclarethrowsexception" priority="3">
A method/constructor should not explicitly throw java.lang.Exception
</violation>
<violation beginline="26" endline="28" begincolumn="2" endcolumn="2" rule="JUnitTestsShouldIncludeAssert" ruleset="Best Practices" package="example.timing" class="TimingExtensionTests" method="sleep20ms" externalInfoUrl="https://pmd.github.io/pmd/pmd_rules_java_bestpractices.html#junittestsshouldincludeassert" priority="3">
JUnit tests should include assert() or fail()
</violation>
<violation beginline="31" endline="31" begincolumn="26" endcolumn="34" rule="SignatureDeclareThrowsException" ruleset="Design" package="example.timing" class="TimingExtensionTests" method="sleep50ms" externalInfoUrl="https://pmd.github.io/pmd/pmd_rules_java_design.html#signaturedeclarethrowsexception" priority="3">
A method/constructor should not explicitly throw java.lang.Exception
</violation>
<violation beginline="31" endline="33" begincolumn="2" endcolumn="2" rule="JUnitTestsShouldIncludeAssert" ruleset="Best Practices" package="example.timing" class="TimingExtensionTests" method="sleep50ms" externalInfoUrl="https://pmd.github.io/pmd/pmd_rules_java_bestpractices.html#junittestsshouldincludeassert" priority="3">
JUnit tests should include assert() or fail()
</violation>
</file>
<file name="C:\Users\Sokaina\Downloads\Versiones-Junit5\junit5-r5.0.2\documentation\src\test\java\extensions\ExpectToFail.java">
<violation beginline="32" endline="47" begincolumn="9" endcolumn="2" rule="UnnecessaryModifier" ruleset="Code Style" package="extensions" class="ExpectToFail$Extension" externalInfoUrl="https://pmd.github.io/pmd/pmd_rules_java_codestyle.html#unnecessarymodifier" priority="3">
Unnecessary modifier 'static' on class 'Extension': types nested within an interface type are implicitly static
</violation>
</file>
<file name="C:\Users\Sokaina\Downloads\Versiones-Junit5\junit5-r5.0.2\junit-jupiter-api\src\main\java\org\junit\jupiter\api\AssertAll.java">
<violation beginline="29" endline="70" begincolumn="1" endcolumn="1" rule="ClassWithOnlyPrivateConstructorsShouldBeFinal" ruleset="Design" package="org.junit.jupiter.api" class="AssertAll" externalInfoUrl="https://pmd.github.io/pmd/pmd_rules_java_design.html#classwithonlyprivateconstructorsshouldbefinal" priority="1">
A class which only has private constructors should be final
</violation>
<violation beginline="37" endline="39" begincolumn="2" endcolumn="2" rule="DefaultPackage" ruleset="Code Style" package="org.junit.jupiter.api" class="AssertAll" externalInfoUrl="https://pmd.github.io/pmd/pmd_rules_java_codestyle.html#defaultpackage" priority="3">
Use explicit scoping instead of the default package private level
</violation>
<violation beginline="41" endline="45" begincolumn="2" endcolumn="2" rule="DefaultPackage" ruleset="Code Style" package="org.junit.jupiter.api" class="AssertAll" externalInfoUrl="https://pmd.github.io/pmd/pmd_rules_java_codestyle.html#defaultpackage" priority="3">
Use explicit scoping instead of the default package private level
</violation>
<violation beginline="47" endline="49" begincolumn="2" endcolumn="2" rule="DefaultPackage" ruleset="Code Style" package="org.junit.jupiter.api" class="AssertAll" externalInfoUrl="https://pmd.github.io/pmd/pmd_rules_java_codestyle.html#defaultpackage" priority="3">
Use explicit scoping instead of the default package private level
</violation>
<violation beginline="51" endline="68" begincolumn="2" endcolumn="2" rule="DefaultPackage" ruleset="Code Style" package="org.junit.jupiter.api" class="AssertAll" externalInfoUrl="https://pmd.github.io/pmd/pmd_rules_java_codestyle.html#defaultpackage" priority="3">
Use explicit scoping instead of the default package private level
</violation>
<violation beginline="59" endline="62" begincolumn="4" endcolumn="4" rule="AvoidCatchingThrowable" ruleset="Error Prone" package="org.junit.jupiter.api" class="AssertAll" method="assertAll" externalInfoUrl="https://pmd.github.io/pmd/pmd_rules_java_errorprone.html#avoidcatchingthrowable" priority="3">
A catch statement should never catch throwable since it includes errors.
</violation>
</file>
<file name="C:\Users\Sokaina\Downloads\Versiones-Junit5\junit5-r5.0.2\junit-jupiter-api\src\main\java\org\junit\jupiter\api\AssertArrayEquals.java">
<violation beginline="11" endline="443" begincolumn="1" endcolumn="2" rule="TooManyStaticImports" ruleset="Code Style" package="org.junit.jupiter.api" class="AssertArrayEquals" externalInfoUrl="https://pmd.github.io/pmd/pmd_rules_java_codestyle.html#toomanystaticimports" priority="3">
Too many static imports may lead to messy code
</violation>
<violation beginline="31" endline="443" begincolumn="1" endcolumn="1" rule="ClassWithOnlyPrivateConstructorsShouldBeFinal" ruleset="Design" package="org.junit.jupiter.api" class="AssertArrayEquals" externalInfoUrl="https://pmd.github.io/pmd/pmd_rules_java_design.html#classwithonlyprivateconstructorsshouldbefinal" priority="1">
A class which only has private constructors should be final
</violation>
<violation beginline="39" endline="39" begincolumn="52" endcolumn="67" rule="UseVarargs" ruleset="Best Practices" package="org.junit.jupiter.api" class="AssertArrayEquals" method="assertArrayEquals" variable="actual" externalInfoUrl="https://pmd.github.io/pmd/pmd_rules_java_bestpractices.html#usevarargs" priority="4">
Consider using varargs for methods or constructors which take an array the last parameter.
</violation>
<violation beginline="39" endline="41" begincolumn="2" endcolumn="2" rule="DefaultPackage" ruleset="Code Style" package="org.junit.jupiter.api" class="AssertArrayEquals" externalInfoUrl="https://pmd.github.io/pmd/pmd_rules_java_codestyle.html#defaultpackage" priority="3">
Use explicit scoping instead of the default package private level
</violation>
<violation beginline="43" endline="45" begincolumn="2" endcolumn="2" rule="DefaultPackage" ruleset="Code Style" package="org.junit.jupiter.api" class="AssertArrayEquals" externalInfoUrl="https://pmd.github.io/pmd/pmd_rules_java_codestyle.html#defaultpackage" priority="3">
Use explicit scoping instead of the default package private level
</violation>
<violation beginline="47" endline="49" begincolumn="2" endcolumn="2" rule="DefaultPackage" ruleset="Code Style" package="org.junit.jupiter.api" class="AssertArrayEquals" externalInfoUrl="https://pmd.github.io/pmd/pmd_rules_java_codestyle.html#defaultpackage" priority="3">
Use explicit scoping instead of the default package private level
</violation>
<violation beginline="51" endline="53" begincolumn="2" endcolumn="2" rule="DefaultPackage" ruleset="Code Style" package="org.junit.jupiter.api" class="AssertArrayEquals" externalInfoUrl="https://pmd.github.io/pmd/pmd_rules_java_codestyle.html#defaultpackage" priority="3">
Use explicit scoping instead of the default package private level
</violation>
<violation beginline="55" endline="55" begincolumn="49" endcolumn="61" rule="UseVarargs" ruleset="Best Practices" package="org.junit.jupiter.api" class="AssertArrayEquals" method="assertArrayEquals" variable="actual" externalInfoUrl="https://pmd.github.io/pmd/pmd_rules_java_bestpractices.html#usevarargs" priority="4">
Consider using varargs for methods or constructors which take an array the last parameter.
</violation>
<violation beginline="55" endline="57" begincolumn="2" endcolumn="2" rule="DefaultPackage" ruleset="Code Style" package="org.junit.jupiter.api" class="AssertArrayEquals" externalInfoUrl="https://pmd.github.io/pmd/pmd_rules_java_codestyle.html#defaultpackage" priority="3">
Use explicit scoping instead of the default package private level
</violation>
<violation beginline="59" endline="61" begincolumn="2" endcolumn="2" rule="DefaultPackage" ruleset="Code Style" package="org.junit.jupiter.api" class="AssertArrayEquals" externalInfoUrl="https://pmd.github.io/pmd/pmd_rules_java_codestyle.html#defaultpackage" priority="3">
Use explicit scoping instead of the default package private level
</violation>
<violation beginline="63" endline="65" begincolumn="2" endcolumn="2" rule="DefaultPackage" ruleset="Code Style" package="org.junit.jupiter.api" class="AssertArrayEquals" externalInfoUrl="https://pmd.github.io/pmd/pmd_rules_java_codestyle.html#defaultpackage" priority="3">
Use explicit scoping instead of the default package private level
</violation>
<violation beginline="67" endline="69" begincolumn="2" endcolumn="2" rule="DefaultPackage" ruleset="Code Style" package="org.junit.jupiter.api" class="AssertArrayEquals" externalInfoUrl="https://pmd.github.io/pmd/pmd_rules_java_codestyle.html#defaultpackage" priority="3">
Use explicit scoping instead of the default package private level
</violation>
<violation beginline="71" endline="73" begincolumn="2" endcolumn="2" rule="DefaultPackage" ruleset="Code Style" package="org.junit.jupiter.api" class="AssertArrayEquals" externalInfoUrl="https://pmd.github.io/pmd/pmd_rules_java_codestyle.html#defaultpackage" priority="3">
Use explicit scoping instead of the default package private level
</violation>
<violation beginline="75" endline="75" begincolumn="50" endcolumn="63" rule="UseVarargs" ruleset="Best Practices" package="org.junit.jupiter.api" class="AssertArrayEquals" method="assertArrayEquals" variable="actual" externalInfoUrl="https://pmd.github.io/pmd/pmd_rules_java_bestpractices.html#usevarargs" priority="4">
Consider using varargs for methods or constructors which take an array the last parameter.
</violation>
<violation beginline="75" endline="77" begincolumn="2" endcolumn="2" rule="DefaultPackage" ruleset="Code Style" package="org.junit.jupiter.api" class="AssertArrayEquals" externalInfoUrl="https://pmd.github.io/pmd/pmd_rules_java_codestyle.html#defaultpackage" priority="3">
Use explicit scoping instead of the default package private level
</violation>
<violation beginline="79" endline="81" begincolumn="2" endcolumn="2" rule="DefaultPackage" ruleset="Code Style" package="org.junit.jupiter.api" class="AssertArrayEquals" externalInfoUrl="https://pmd.github.io/pmd/pmd_rules_java_codestyle.html#defaultpackage" priority="3">
Use explicit scoping instead of the default package private level
</violation>
<violation beginline="83" endline="85" begincolumn="2" endcolumn="2" rule="DefaultPackage" ruleset="Code Style" package="org.junit.jupiter.api" class="AssertArrayEquals" externalInfoUrl="https://pmd.github.io/pmd/pmd_rules_java_codestyle.html#defaultpackage" priority="3">
Use explicit scoping instead of the default package private level
</violation>
<violation beginline="87" endline="87" begincolumn="48" endcolumn="59" rule="UseVarargs" ruleset="Best Practices" package="org.junit.jupiter.api" class="AssertArrayEquals" method="assertArrayEquals" variable="actual" externalInfoUrl="https://pmd.github.io/pmd/pmd_rules_java_bestpractices.html#usevarargs" priority="4">
Consider using varargs for methods or constructors which take an array the last parameter.
</violation>
<violation beginline="87" endline="89" begincolumn="2" endcolumn="2" rule="DefaultPackage" ruleset="Code Style" package="org.junit.jupiter.api" class="AssertArrayEquals" externalInfoUrl="https://pmd.github.io/pmd/pmd_rules_java_codestyle.html#defaultpackage" priority="3">
Use explicit scoping instead of the default package private level
</violation>
<violation beginline="91" endline="93" begincolumn="2" endcolumn="2" rule="DefaultPackage" ruleset="Code Style" package="org.junit.jupiter.api" class="AssertArrayEquals" externalInfoUrl="https://pmd.github.io/pmd/pmd_rules_java_codestyle.html#defaultpackage" priority="3">
Use explicit scoping instead of the default package private level
</violation>
<violation beginline="95" endline="97" begincolumn="2" endcolumn="2" rule="DefaultPackage" ruleset="Code Style" package="org.junit.jupiter.api" class="AssertArrayEquals" externalInfoUrl="https://pmd.github.io/pmd/pmd_rules_java_codestyle.html#defaultpackage" priority="3">
Use explicit scoping instead of the default package private level
</violation>
<violation beginline="99" endline="99" begincolumn="49" endcolumn="61" rule="UseVarargs" ruleset="Best Practices" package="org.junit.jupiter.api" class="AssertArrayEquals" method="assertArrayEquals" variable="actual" externalInfoUrl="https://pmd.github.io/pmd/pmd_rules_java_bestpractices.html#usevarargs" priority="4">
Consider using varargs for methods or constructors which take an array the last parameter.
</violation>
<violation beginline="99" endline="101" begincolumn="2" endcolumn="2" rule="DefaultPackage" ruleset="Code Style" package="org.junit.jupiter.api" class="AssertArrayEquals" externalInfoUrl="https://pmd.github.io/pmd/pmd_rules_java_codestyle.html#defaultpackage" priority="3">
Use explicit scoping instead of the default package private level
</violation>
<violation beginline="103" endline="105" begincolumn="2" endcolumn="2" rule="DefaultPackage" ruleset="Code Style" package="org.junit.jupiter.api" class="AssertArrayEquals" externalInfoUrl="https://pmd.github.io/pmd/pmd_rules_java_codestyle.html#defaultpackage" priority="3">
Use explicit scoping instead of the default package private level
</violation>
<violation beginline="107" endline="109" begincolumn="2" endcolumn="2" rule="DefaultPackage" ruleset="Code Style" package="org.junit.jupiter.api" class="AssertArrayEquals" externalInfoUrl="https://pmd.github.io/pmd/pmd_rules_java_codestyle.html#defaultpackage" priority="3">
Use explicit scoping instead of the default package private level
</violation>
<violation beginline="111" endline="111" begincolumn="50" endcolumn="63" rule="UseVarargs" ruleset="Best Practices" package="org.junit.jupiter.api" class="AssertArrayEquals" method="assertArrayEquals" variable="actual" externalInfoUrl="https://pmd.github.io/pmd/pmd_rules_java_bestpractices.html#usevarargs" priority="4">
Consider using varargs for methods or constructors which take an array the last parameter.
</violation>
<violation beginline="111" endline="113" begincolumn="2" endcolumn="2" rule="DefaultPackage" ruleset="Code Style" package="org.junit.jupiter.api" class="AssertArrayEquals" externalInfoUrl="https://pmd.github.io/pmd/pmd_rules_java_codestyle.html#defaultpackage" priority="3">
Use explicit scoping instead of the default package private level
</violation>
<violation beginline="115" endline="117" begincolumn="2" endcolumn="2" rule="DefaultPackage" ruleset="Code Style" package="org.junit.jupiter.api" class="AssertArrayEquals" externalInfoUrl="https://pmd.github.io/pmd/pmd_rules_java_codestyle.html#defaultpackage" priority="3">
Use explicit scoping instead of the default package private level
</violation>
<violation beginline="119" endline="121" begincolumn="2" endcolumn="2" rule="DefaultPackage" ruleset="Code Style" package="org.junit.jupiter.api" class="AssertArrayEquals" externalInfoUrl="https://pmd.github.io/pmd/pmd_rules_java_codestyle.html#defaultpackage" priority="3">
Use explicit scoping instead of the default package private level
</violation>
<violation beginline="123" endline="125" begincolumn="2" endcolumn="2" rule="DefaultPackage" ruleset="Code Style" package="org.junit.jupiter.api" class="AssertArrayEquals" externalInfoUrl="https://pmd.github.io/pmd/pmd_rules_java_codestyle.html#defaultpackage" priority="3">
Use explicit scoping instead of the default package private level
</violation>
<violation beginline="127" endline="129" begincolumn="2" endcolumn="2" rule="DefaultPackage" ruleset="Code Style" package="org.junit.jupiter.api" class="AssertArrayEquals" externalInfoUrl="https://pmd.github.io/pmd/pmd_rules_java_codestyle.html#defaultpackage" priority="3">
Use explicit scoping instead of the default package private level
</violation>
<violation beginline="131" endline="133" begincolumn="2" endcolumn="2" rule="DefaultPackage" ruleset="Code Style" package="org.junit.jupiter.api" class="AssertArrayEquals" externalInfoUrl="https://pmd.github.io/pmd/pmd_rules_java_codestyle.html#defaultpackage" priority="3">
Use explicit scoping instead of the default package private level
</violation>
<violation beginline="135" endline="135" begincolumn="51" endcolumn="65" rule="UseVarargs" ruleset="Best Practices" package="org.junit.jupiter.api" class="AssertArrayEquals" method="assertArrayEquals" variable="actual" externalInfoUrl="https://pmd.github.io/pmd/pmd_rules_java_bestpractices.html#usevarargs" priority="4">
Consider using varargs for methods or constructors which take an array the last parameter.
</violation>
<violation beginline="135" endline="137" begincolumn="2" endcolumn="2" rule="DefaultPackage" ruleset="Code Style" package="org.junit.jupiter.api" class="AssertArrayEquals" externalInfoUrl="https://pmd.github.io/pmd/pmd_rules_java_codestyle.html#defaultpackage" priority="3">
Use explicit scoping instead of the default package private level
</violation>
<violation beginline="139" endline="141" begincolumn="2" endcolumn="2" rule="DefaultPackage" ruleset="Code Style" package="org.junit.jupiter.api" class="AssertArrayEquals" externalInfoUrl="https://pmd.github.io/pmd/pmd_rules_java_codestyle.html#defaultpackage" priority="3">
Use explicit scoping instead of the default package private level
</violation>
<violation beginline="143" endline="145" begincolumn="2" endcolumn="2" rule="DefaultPackage" ruleset="Code Style" package="org.junit.jupiter.api" class="AssertArrayEquals" externalInfoUrl="https://pmd.github.io/pmd/pmd_rules_java_codestyle.html#defaultpackage" priority="3">
Use explicit scoping instead of the default package private level
</violation>
<violation beginline="147" endline="149" begincolumn="2" endcolumn="2" rule="DefaultPackage" ruleset="Code Style" package="org.junit.jupiter.api" class="AssertArrayEquals" externalInfoUrl="https://pmd.github.io/pmd/pmd_rules_java_codestyle.html#defaultpackage" priority="3">
Use explicit scoping instead of the default package private level
</violation>
<violation beginline="151" endline="153" begincolumn="2" endcolumn="2" rule="DefaultPackage" ruleset="Code Style" package="org.junit.jupiter.api" class="AssertArrayEquals" externalInfoUrl="https://pmd.github.io/pmd/pmd_rules_java_codestyle.html#defaultpackage" priority="3">
Use explicit scoping instead of the default package private level
</violation>
<violation beginline="155" endline="157" begincolumn="2" endcolumn="2" rule="DefaultPackage" ruleset="Code Style" package="org.junit.jupiter.api" class="AssertArrayEquals" externalInfoUrl="https://pmd.github.io/pmd/pmd_rules_java_codestyle.html#defaultpackage" priority="3">
Use explicit scoping instead of the default package private level
</violation>
<violation beginline="159" endline="159" begincolumn="51" endcolumn="65" rule="UseVarargs" ruleset="Best Practices" package="org.junit.jupiter.api" class="AssertArrayEquals" method="assertArrayEquals" variable="actual" externalInfoUrl="https://pmd.github.io/pmd/pmd_rules_java_bestpractices.html#usevarargs" priority="4">
Consider using varargs for methods or constructors which take an array the last parameter.
</violation>
<violation beginline="159" endline="161" begincolumn="2" endcolumn="2" rule="DefaultPackage" ruleset="Code Style" package="org.junit.jupiter.api" class="AssertArrayEquals" externalInfoUrl="https://pmd.github.io/pmd/pmd_rules_java_codestyle.html#defaultpackage" priority="3">
Use explicit scoping instead of the default package private level
</violation>
<violation beginline="163" endline="165" begincolumn="2" endcolumn="2" rule="DefaultPackage" ruleset="Code Style" package="org.junit.jupiter.api" class="AssertArrayEquals" externalInfoUrl="https://pmd.github.io/pmd/pmd_rules_java_codestyle.html#defaultpackage" priority="3">
Use explicit scoping instead of the default package private level
</violation>
<violation beginline="167" endline="169" begincolumn="2" endcolumn="2" rule="DefaultPackage" ruleset="Code Style" package="org.junit.jupiter.api" class="AssertArrayEquals" externalInfoUrl="https://pmd.github.io/pmd/pmd_rules_java_codestyle.html#defaultpackage" priority="3">
Use explicit scoping instead of the default package private level
</violation>
</file>
<file name="C:\Users\Sokaina\Downloads\Versiones-Junit5\junit5-r5.0.2\junit-jupiter-api\src\main\java\org\junit\jupiter\api\AssertEquals.java">
<violation beginline="11" endline="180" begincolumn="1" endcolumn="2" rule="TooManyStaticImports" ruleset="Code Style" package="org.junit.jupiter.api" class="AssertEquals" externalInfoUrl="https://pmd.github.io/pmd/pmd_rules_java_codestyle.html#toomanystaticimports" priority="3">
Too many static imports may lead to messy code
</violation>
<violation beginline="28" endline="180" begincolumn="1" endcolumn="1" rule="ClassWithOnlyPrivateConstructorsShouldBeFinal" ruleset="Design" package="org.junit.jupiter.api" class="AssertEquals" externalInfoUrl="https://pmd.github.io/pmd/pmd_rules_java_design.html#classwithonlyprivateconstructorsshouldbefinal" priority="1">
A class which only has private constructors should be final
</violation>
<violation beginline="36" endline="38" begincolumn="2" endcolumn="2" rule="DefaultPackage" ruleset="Code Style" package="org.junit.jupiter.api" class="AssertEquals" externalInfoUrl="https://pmd.github.io/pmd/pmd_rules_java_codestyle.html#defaultpackage" priority="3">
Use explicit scoping instead of the default package private level
</violation>
<violation beginline="40" endline="42" begincolumn="2" endcolumn="2" rule="DefaultPackage" ruleset="Code Style" package="org.junit.jupiter.api" class="AssertEquals" externalInfoUrl="https://pmd.github.io/pmd/pmd_rules_java_codestyle.html#defaultpackage" priority="3">
Use explicit scoping instead of the default package private level
</violation>
<violation beginline="44" endline="48" begincolumn="2" endcolumn="2" rule="DefaultPackage" ruleset="Code Style" package="org.junit.jupiter.api" class="AssertEquals" externalInfoUrl="https://pmd.github.io/pmd/pmd_rules_java_codestyle.html#defaultpackage" priority="3">
Use explicit scoping instead of the default package private level
</violation>
<violation beginline="50" endline="52" begincolumn="2" endcolumn="2" rule="DefaultPackage" ruleset="Code Style" package="org.junit.jupiter.api" class="AssertEquals" externalInfoUrl="https://pmd.github.io/pmd/pmd_rules_java_codestyle.html#defaultpackage" priority="3">
Use explicit scoping instead of the default package private level
</violation>
<violation beginline="54" endline="56" begincolumn="2" endcolumn="2" rule="DefaultPackage" ruleset="Code Style" package="org.junit.jupiter.api" class="AssertEquals" externalInfoUrl="https://pmd.github.io/pmd/pmd_rules_java_codestyle.html#defaultpackage" priority="3">
Use explicit scoping instead of the default package private level
</violation>
<violation beginline="58" endline="62" begincolumn="2" endcolumn="2" rule="DefaultPackage" ruleset="Code Style" package="org.junit.jupiter.api" class="AssertEquals" externalInfoUrl="https://pmd.github.io/pmd/pmd_rules_java_codestyle.html#defaultpackage" priority="3">
Use explicit scoping instead of the default package private level
</violation>
<violation beginline="64" endline="66" begincolumn="2" endcolumn="2" rule="DefaultPackage" ruleset="Code Style" package="org.junit.jupiter.api" class="AssertEquals" externalInfoUrl="https://pmd.github.io/pmd/pmd_rules_java_codestyle.html#defaultpackage" priority="3">
Use explicit scoping instead of the default package private level
</violation>
<violation beginline="68" endline="70" begincolumn="2" endcolumn="2" rule="DefaultPackage" ruleset="Code Style" package="org.junit.jupiter.api" class="AssertEquals" externalInfoUrl="https://pmd.github.io/pmd/pmd_rules_java_codestyle.html#defaultpackage" priority="3">
Use explicit scoping instead of the default package private level
</violation>
<violation beginline="72" endline="76" begincolumn="2" endcolumn="2" rule="DefaultPackage" ruleset="Code Style" package="org.junit.jupiter.api" class="AssertEquals" externalInfoUrl="https://pmd.github.io/pmd/pmd_rules_java_codestyle.html#defaultpackage" priority="3">
Use explicit scoping instead of the default package private level
</violation>
<violation beginline="78" endline="80" begincolumn="2" endcolumn="2" rule="DefaultPackage" ruleset="Code Style" package="org.junit.jupiter.api" class="AssertEquals" externalInfoUrl="https://pmd.github.io/pmd/pmd_rules_java_codestyle.html#defaultpackage" priority="3">
Use explicit scoping instead of the default package private level
</violation>
<violation beginline="82" endline="84" begincolumn="2" endcolumn="2" rule="DefaultPackage" ruleset="Code Style" package="org.junit.jupiter.api" class="AssertEquals" externalInfoUrl="https://pmd.github.io/pmd/pmd_rules_java_codestyle.html#defaultpackage" priority="3">
Use explicit scoping instead of the default package private level
</violation>
<violation beginline="86" endline="90" begincolumn="2" endcolumn="2" rule="DefaultPackage" ruleset="Code Style" package="org.junit.jupiter.api" class="AssertEquals" externalInfoUrl="https://pmd.github.io/pmd/pmd_rules_java_codestyle.html#defaultpackage" priority="3">
Use explicit scoping instead of the default package private level
</violation>
<violation beginline="92" endline="94" begincolumn="2" endcolumn="2" rule="DefaultPackage" ruleset="Code Style" package="org.junit.jupiter.api" class="AssertEquals" externalInfoUrl="https://pmd.github.io/pmd/pmd_rules_java_codestyle.html#defaultpackage" priority="3">
Use explicit scoping instead of the default package private level
</violation>
<violation beginline="96" endline="98" begincolumn="2" endcolumn="2" rule="DefaultPackage" ruleset="Code Style" package="org.junit.jupiter.api" class="AssertEquals" externalInfoUrl="https://pmd.github.io/pmd/pmd_rules_java_codestyle.html#defaultpackage" priority="3">
Use explicit scoping instead of the default package private level
</violation>
<violation beginline="100" endline="104" begincolumn="2" endcolumn="2" rule="DefaultPackage" ruleset="Code Style" package="org.junit.jupiter.api" class="AssertEquals" externalInfoUrl="https://pmd.github.io/pmd/pmd_rules_java_codestyle.html#defaultpackage" priority="3">
Use explicit scoping instead of the default package private level
</violation>
<violation beginline="106" endline="108" begincolumn="2" endcolumn="2" rule="DefaultPackage" ruleset="Code Style" package="org.junit.jupiter.api" class="AssertEquals" externalInfoUrl="https://pmd.github.io/pmd/pmd_rules_java_codestyle.html#defaultpackage" priority="3">
Use explicit scoping instead of the default package private level
</violation>
<violation beginline="110" endline="112" begincolumn="2" endcolumn="2" rule="DefaultPackage" ruleset="Code Style" package="org.junit.jupiter.api" class="AssertEquals" externalInfoUrl="https://pmd.github.io/pmd/pmd_rules_java_codestyle.html#defaultpackage" priority="3">
Use explicit scoping instead of the default package private level
</violation>
<violation beginline="114" endline="118" begincolumn="2" endcolumn="2" rule="DefaultPackage" ruleset="Code Style" package="org.junit.jupiter.api" class="AssertEquals" externalInfoUrl="https://pmd.github.io/pmd/pmd_rules_java_codestyle.html#defaultpackage" priority="3">
Use explicit scoping instead of the default package private level
</violation>
<violation beginline="120" endline="122" begincolumn="2" endcolumn="2" rule="DefaultPackage" ruleset="Code Style" package="org.junit.jupiter.api" class="AssertEquals" externalInfoUrl="https://pmd.github.io/pmd/pmd_rules_java_codestyle.html#defaultpackage" priority="3">
Use explicit scoping instead of the default package private level
</violation>
<violation beginline="124" endline="126" begincolumn="2" endcolumn="2" rule="DefaultPackage" ruleset="Code Style" package="org.junit.jupiter.api" class="AssertEquals" externalInfoUrl="https://pmd.github.io/pmd/pmd_rules_java_codestyle.html#defaultpackage" priority="3">
Use explicit scoping instead of the default package private level
</violation>
<violation beginline="128" endline="132" begincolumn="2" endcolumn="2" rule="DefaultPackage" ruleset="Code Style" package="org.junit.jupiter.api" class="AssertEquals" externalInfoUrl="https://pmd.github.io/pmd/pmd_rules_java_codestyle.html#defaultpackage" priority="3">
Use explicit scoping instead of the default package private level
</violation>
<violation beginline="134" endline="136" begincolumn="2" endcolumn="2" rule="DefaultPackage" ruleset="Code Style" package="org.junit.jupiter.api" class="AssertEquals" externalInfoUrl="https://pmd.github.io/pmd/pmd_rules_java_codestyle.html#defaultpackage" priority="3">
Use explicit scoping instead of the default package private level
</violation>
<violation beginline="138" endline="140" begincolumn="2" endcolumn="2" rule="DefaultPackage" ruleset="Code Style" package="org.junit.jupiter.api" class="AssertEquals" externalInfoUrl="https://pmd.github.io/pmd/pmd_rules_java_codestyle.html#defaultpackage" priority="3">
Use explicit scoping instead of the default package private level
</violation>
<violation beginline="142" endline="146" begincolumn="2" endcolumn="2" rule="DefaultPackage" ruleset="Code Style" package="org.junit.jupiter.api" class="AssertEquals" externalInfoUrl="https://pmd.github.io/pmd/pmd_rules_java_codestyle.html#defaultpackage" priority="3">
Use explicit scoping instead of the default package private level
</violation>
<violation beginline="148" endline="150" begincolumn="2" endcolumn="2" rule="DefaultPackage" ruleset="Code Style" package="org.junit.jupiter.api" class="AssertEquals" externalInfoUrl="https://pmd.github.io/pmd/pmd_rules_java_codestyle.html#defaultpackage" priority="3">
Use explicit scoping instead of the default package private level
</violation>
<violation beginline="152" endline="154" begincolumn="2" endcolumn="2" rule="DefaultPackage" ruleset="Code Style" package="org.junit.jupiter.api" class="AssertEquals" externalInfoUrl="https://pmd.github.io/pmd/pmd_rules_java_codestyle.html#defaultpackage" priority="3">
Use explicit scoping instead of the default package private level
</violation>
<violation beginline="156" endline="160" begincolumn="2" endcolumn="2" rule="DefaultPackage" ruleset="Code Style" package="org.junit.jupiter.api" class="AssertEquals" externalInfoUrl="https://pmd.github.io/pmd/pmd_rules_java_codestyle.html#defaultpackage" priority="3">
Use explicit scoping instead of the default package private level
</violation>
<violation beginline="162" endline="164" begincolumn="2" endcolumn="2" rule="DefaultPackage" ruleset="Code Style" package="org.junit.jupiter.api" class="AssertEquals" externalInfoUrl="https://pmd.github.io/pmd/pmd_rules_java_codestyle.html#defaultpackage" priority="3">
Use explicit scoping instead of the default package private level
</violation>
<violation beginline="166" endline="168" begincolumn="2" endcolumn="2" rule="DefaultPackage" ruleset="Code Style" package="org.junit.jupiter.api" class="AssertEquals" externalInfoUrl="https://pmd.github.io/pmd/pmd_rules_java_codestyle.html#defaultpackage" priority="3">
Use explicit scoping instead of the default package private level
</violation>
<violation beginline="170" endline="174" begincolumn="2" endcolumn="2" rule="DefaultPackage" ruleset="Code Style" package="org.junit.jupiter.api" class="AssertEquals" externalInfoUrl="https://pmd.github.io/pmd/pmd_rules_java_codestyle.html#defaultpackage" priority="3">
Use explicit scoping instead of the default package private level
</violation>
</file>
<file name="C:\Users\Sokaina\Downloads\Versiones-Junit5\junit5-r5.0.2\junit-jupiter-api\src\main\java\org\junit\jupiter\api\AssertFalse.java">
<violation beginline="26" endline="60" begincolumn="1" endcolumn="1" rule="ClassWithOnlyPrivateConstructorsShouldBeFinal" ruleset="Design" package="org.junit.jupiter.api" class="AssertFalse" externalInfoUrl="https://pmd.github.io/pmd/pmd_rules_java_design.html#classwithonlyprivateconstructorsshouldbefinal" priority="1">
A class which only has private constructors should be final
</violation>
<violation beginline="34" endline="36" begincolumn="2" endcolumn="2" rule="DefaultPackage" ruleset="Code Style" package="org.junit.jupiter.api" class="AssertFalse" externalInfoUrl="https://pmd.github.io/pmd/pmd_rules_java_codestyle.html#defaultpackage" priority="3">
Use explicit scoping instead of the default package private level
</violation>
<violation beginline="38" endline="40" begincolumn="2" endcolumn="2" rule="DefaultPackage" ruleset="Code Style" package="org.junit.jupiter.api" class="AssertFalse" externalInfoUrl="https://pmd.github.io/pmd/pmd_rules_java_codestyle.html#defaultpackage" priority="3">
Use explicit scoping instead of the default package private level
</violation>
<violation beginline="42" endline="44" begincolumn="2" endcolumn="2" rule="DefaultPackage" ruleset="Code Style" package="org.junit.jupiter.api" class="AssertFalse" externalInfoUrl="https://pmd.github.io/pmd/pmd_rules_java_codestyle.html#defaultpackage" priority="3">
Use explicit scoping instead of the default package private level
</violation>
<violation beginline="46" endline="48" begincolumn="2" endcolumn="2" rule="DefaultPackage" ruleset="Code Style" package="org.junit.jupiter.api" class="AssertFalse" externalInfoUrl="https://pmd.github.io/pmd/pmd_rules_java_codestyle.html#defaultpackage" priority="3">
Use explicit scoping instead of the default package private level
</violation>
<violation beginline="50" endline="52" begincolumn="2" endcolumn="2" rule="DefaultPackage" ruleset="Code Style" package="org.junit.jupiter.api" class="AssertFalse" externalInfoUrl="https://pmd.github.io/pmd/pmd_rules_java_codestyle.html#defaultpackage" priority="3">
Use explicit scoping instead of the default package private level
</violation>
<violation beginline="54" endline="58" begincolumn="2" endcolumn="2" rule="DefaultPackage" ruleset="Code Style" package="org.junit.jupiter.api" class="AssertFalse" externalInfoUrl="https://pmd.github.io/pmd/pmd_rules_java_codestyle.html#defaultpackage" priority="3">
Use explicit scoping instead of the default package private level
</violation>
</file>
<file name="C:\Users\Sokaina\Downloads\Versiones-Junit5\junit5-r5.0.2\junit-jupiter-api\src\main\java\org\junit\jupiter\api\AssertIterableEquals.java">
<violation beginline="11" endline="136" begincolumn="1" endcolumn="2" rule="TooManyStaticImports" ruleset="Code Style" package="org.junit.jupiter.api" class="AssertIterableEquals" externalInfoUrl="https://pmd.github.io/pmd/pmd_rules_java_codestyle.html#toomanystaticimports" priority="3">
Too many static imports may lead to messy code
</violation>
<violation beginline="32" endline="136" begincolumn="1" endcolumn="1" rule="ClassWithOnlyPrivateConstructorsShouldBeFinal" ruleset="Design" package="org.junit.jupiter.api" class="AssertIterableEquals" externalInfoUrl="https://pmd.github.io/pmd/pmd_rules_java_design.html#classwithonlyprivateconstructorsshouldbefinal" priority="1">
A class which only has private constructors should be final
</violation>
<violation beginline="40" endline="42" begincolumn="2" endcolumn="2" rule="DefaultPackage" ruleset="Code Style" package="org.junit.jupiter.api" class="AssertIterableEquals" externalInfoUrl="https://pmd.github.io/pmd/pmd_rules_java_codestyle.html#defaultpackage" priority="3">
Use explicit scoping instead of the default package private level
</violation>
<violation beginline="44" endline="46" begincolumn="2" endcolumn="2" rule="DefaultPackage" ruleset="Code Style" package="org.junit.jupiter.api" class="AssertIterableEquals" externalInfoUrl="https://pmd.github.io/pmd/pmd_rules_java_codestyle.html#defaultpackage" priority="3">
Use explicit scoping instead of the default package private level
</violation>
<violation beginline="48" endline="50" begincolumn="2" endcolumn="2" rule="DefaultPackage" ruleset="Code Style" package="org.junit.jupiter.api" class="AssertIterableEquals" externalInfoUrl="https://pmd.github.io/pmd/pmd_rules_java_codestyle.html#defaultpackage" priority="3">
Use explicit scoping instead of the default package private level
</violation>
</file>
<file name="C:\Users\Sokaina\Downloads\Versiones-Junit5\junit5-r5.0.2\junit-jupiter-api\src\main\java\org\junit\jupiter\api\AssertLinesMatch.java">
<violation beginline="11" endline="178" begincolumn="1" endcolumn="2" rule="TooManyStaticImports" ruleset="Code Style" package="org.junit.jupiter.api" class="AssertLinesMatch" externalInfoUrl="https://pmd.github.io/pmd/pmd_rules_java_codestyle.html#toomanystaticimports" priority="3">
Too many static imports may lead to messy code
</violation>
<violation beginline="31" endline="178" begincolumn="1" endcolumn="1" rule="ClassWithOnlyPrivateConstructorsShouldBeFinal" ruleset="Design" package="org.junit.jupiter.api" class="AssertLinesMatch" externalInfoUrl="https://pmd.github.io/pmd/pmd_rules_java_design.html#classwithonlyprivateconstructorsshouldbefinal" priority="1">
A class which only has private constructors should be final
</violation>
<violation beginline="39" endline="39" begincolumn="23" endcolumn="50" rule="FieldDeclarationsShouldBeAtStartOfClass" ruleset="Code Style" package="org.junit.jupiter.api" class="AssertLinesMatch" variable="VariableDeclaratorId" externalInfoUrl="https://pmd.github.io/pmd/pmd_rules_java_codestyle.html#fielddeclarationsshouldbeatstartofclass" priority="3">
Fields should be declared at the top of the class, before any method declarations, constructors, initializers or inner classes.
</violation>
<violation beginline="41" endline="66" begincolumn="2" endcolumn="2" rule="DefaultPackage" ruleset="Code Style" package="org.junit.jupiter.api" class="AssertLinesMatch" externalInfoUrl="https://pmd.github.io/pmd/pmd_rules_java_codestyle.html#defaultpackage" priority="3">
Use explicit scoping instead of the default package private level
</violation>
<violation beginline="60" endline="62" begincolumn="4" endcolumn="4" rule="CollapsibleIfStatements" ruleset="Design" package="org.junit.jupiter.api" class="AssertLinesMatch" method="assertLinesMatch" externalInfoUrl="https://pmd.github.io/pmd/pmd_rules_java_design.html#collapsibleifstatements" priority="3">
These nested if statements could be combined
</violation>
<violation beginline="150" endline="150" begincolumn="42" endcolumn="45" rule="AvoidReassigningParameters" ruleset="Best Practices" package="org.junit.jupiter.api" class="AssertLinesMatch" method="isFastForwardLine" variable="line" externalInfoUrl="https://pmd.github.io/pmd/pmd_rules_java_bestpractices.html#avoidreassigningparameters" priority="2">
Avoid reassigning parameters such as 'line'
</violation>
<violation beginline="150" endline="153" begincolumn="2" endcolumn="2" rule="DefaultPackage" ruleset="Code Style" package="org.junit.jupiter.api" class="AssertLinesMatch" externalInfoUrl="https://pmd.github.io/pmd/pmd_rules_java_codestyle.html#defaultpackage" priority="3">
Use explicit scoping instead of the default package private level
</violation>
<violation beginline="155" endline="165" begincolumn="2" endcolumn="2" rule="DefaultPackage" ruleset="Code Style" package="org.junit.jupiter.api" class="AssertLinesMatch" externalInfoUrl="https://pmd.github.io/pmd/pmd_rules_java_codestyle.html#defaultpackage" priority="3">
Use explicit scoping instead of the default package private level
</violation>
<violation beginline="167" endline="177" begincolumn="2" endcolumn="2" rule="DefaultPackage" ruleset="Code Style" package="org.junit.jupiter.api" class="AssertLinesMatch" externalInfoUrl="https://pmd.github.io/pmd/pmd_rules_java_codestyle.html#defaultpackage" priority="3">
Use explicit scoping instead of the default package private level
</violation>
</file>
<file name="C:\Users\Sokaina\Downloads\Versiones-Junit5\junit5-r5.0.2\junit-jupiter-api\src\main\java\org\junit\jupiter\api\AssertNotEquals.java">
<violation beginline="26" endline="51" begincolumn="1" endcolumn="1" rule="ClassWithOnlyPrivateConstructorsShouldBeFinal" ruleset="Design" package="org.junit.jupiter.api" class="AssertNotEquals" externalInfoUrl="https://pmd.github.io/pmd/pmd_rules_java_design.html#classwithonlyprivateconstructorsshouldbefinal" priority="1">
A class which only has private constructors should be final
</violation>
<violation beginline="34" endline="36" begincolumn="2" endcolumn="2" rule="DefaultPackage" ruleset="Code Style" package="org.junit.jupiter.api" class="AssertNotEquals" externalInfoUrl="https://pmd.github.io/pmd/pmd_rules_java_codestyle.html#defaultpackage" priority="3">
Use explicit scoping instead of the default package private level
</violation>
<violation beginline="38" endline="40" begincolumn="2" endcolumn="2" rule="DefaultPackage" ruleset="Code Style" package="org.junit.jupiter.api" class="AssertNotEquals" externalInfoUrl="https://pmd.github.io/pmd/pmd_rules_java_codestyle.html#defaultpackage" priority="3">
Use explicit scoping instead of the default package private level
</violation>
<violation beginline="42" endline="46" begincolumn="2" endcolumn="2" rule="DefaultPackage" ruleset="Code Style" package="org.junit.jupiter.api" class="AssertNotEquals" externalInfoUrl="https://pmd.github.io/pmd/pmd_rules_java_codestyle.html#defaultpackage" priority="3">
Use explicit scoping instead of the default package private level
</violation>
</file>
<file name="C:\Users\Sokaina\Downloads\Versiones-Junit5\junit5-r5.0.2\junit-jupiter-api\src\main\java\org\junit\jupiter\api\AssertNotNull.java">
<violation beginline="24" endline="49" begincolumn="1" endcolumn="1" rule="ClassWithOnlyPrivateConstructorsShouldBeFinal" ruleset="Design" package="org.junit.jupiter.api" class="AssertNotNull" externalInfoUrl="https://pmd.github.io/pmd/pmd_rules_java_design.html#classwithonlyprivateconstructorsshouldbefinal" priority="1">
A class which only has private constructors should be final
</violation>
<violation beginline="32" endline="34" begincolumn="2" endcolumn="2" rule="DefaultPackage" ruleset="Code Style" package="org.junit.jupiter.api" class="AssertNotNull" externalInfoUrl="https://pmd.github.io/pmd/pmd_rules_java_codestyle.html#defaultpackage" priority="3">
Use explicit scoping instead of the default package private level
</violation>
<violation beginline="36" endline="38" begincolumn="2" endcolumn="2" rule="DefaultPackage" ruleset="Code Style" package="org.junit.jupiter.api" class="AssertNotNull" externalInfoUrl="https://pmd.github.io/pmd/pmd_rules_java_codestyle.html#defaultpackage" priority="3">
Use explicit scoping instead of the default package private level
</violation>
<violation beginline="40" endline="44" begincolumn="2" endcolumn="2" rule="DefaultPackage" ruleset="Code Style" package="org.junit.jupiter.api" class="AssertNotNull" externalInfoUrl="https://pmd.github.io/pmd/pmd_rules_java_codestyle.html#defaultpackage" priority="3">
Use explicit scoping instead of the default package private level
</violation>
</file>
<file name="C:\Users\Sokaina\Downloads\Versiones-Junit5\junit5-r5.0.2\junit-jupiter-api\src\main\java\org\junit\jupiter\api\AssertNotSame.java">
<violation beginline="25" endline="51" begincolumn="1" endcolumn="1" rule="ClassWithOnlyPrivateConstructorsShouldBeFinal" ruleset="Design" package="org.junit.jupiter.api" class="AssertNotSame" externalInfoUrl="https://pmd.github.io/pmd/pmd_rules_java_design.html#classwithonlyprivateconstructorsshouldbefinal" priority="1">
A class which only has private constructors should be final
</violation>
<violation beginline="33" endline="35" begincolumn="2" endcolumn="2" rule="DefaultPackage" ruleset="Code Style" package="org.junit.jupiter.api" class="AssertNotSame" externalInfoUrl="https://pmd.github.io/pmd/pmd_rules_java_codestyle.html#defaultpackage" priority="3">
Use explicit scoping instead of the default package private level
</violation>
<violation beginline="37" endline="39" begincolumn="2" endcolumn="2" rule="DefaultPackage" ruleset="Code Style" package="org.junit.jupiter.api" class="AssertNotSame" externalInfoUrl="https://pmd.github.io/pmd/pmd_rules_java_codestyle.html#defaultpackage" priority="3">
Use explicit scoping instead of the default package private level
</violation>
<violation beginline="41" endline="45" begincolumn="2" endcolumn="2" rule="DefaultPackage" ruleset="Code Style" package="org.junit.jupiter.api" class="AssertNotSame" externalInfoUrl="https://pmd.github.io/pmd/pmd_rules_java_codestyle.html#defaultpackage" priority="3">
Use explicit scoping instead of the default package private level
</violation>
</file>
<file name="C:\Users\Sokaina\Downloads\Versiones-Junit5\junit5-r5.0.2\junit-jupiter-api\src\main\java\org\junit\jupiter\api\AssertNull.java">
<violation beginline="25" endline="50" begincolumn="1" endcolumn="1" rule="ClassWithOnlyPrivateConstructorsShouldBeFinal" ruleset="Design" package="org.junit.jupiter.api" class="AssertNull" externalInfoUrl="https://pmd.github.io/pmd/pmd_rules_java_design.html#classwithonlyprivateconstructorsshouldbefinal" priority="1">
A class which only has private constructors should be final
</violation>
<violation beginline="33" endline="35" begincolumn="2" endcolumn="2" rule="DefaultPackage" ruleset="Code Style" package="org.junit.jupiter.api" class="AssertNull" externalInfoUrl="https://pmd.github.io/pmd/pmd_rules_java_codestyle.html#defaultpackage" priority="3">
Use explicit scoping instead of the default package private level
</violation>
<violation beginline="37" endline="39" begincolumn="2" endcolumn="2" rule="DefaultPackage" ruleset="Code Style" package="org.junit.jupiter.api" class="AssertNull" externalInfoUrl="https://pmd.github.io/pmd/pmd_rules_java_codestyle.html#defaultpackage" priority="3">
Use explicit scoping instead of the default package private level
</violation>
<violation beginline="41" endline="45" begincolumn="2" endcolumn="2" rule="DefaultPackage" ruleset="Code Style" package="org.junit.jupiter.api" class="AssertNull" externalInfoUrl="https://pmd.github.io/pmd/pmd_rules_java_codestyle.html#defaultpackage" priority="3">
Use explicit scoping instead of the default package private level
</violation>
</file>
<file name="C:\Users\Sokaina\Downloads\Versiones-Junit5\junit5-r5.0.2\junit-jupiter-api\src\main\java\org\junit\jupiter\api\AssertSame.java">
<violation beginline="25" endline="51" begincolumn="1" endcolumn="1" rule="ClassWithOnlyPrivateConstructorsShouldBeFinal" ruleset="Design" package="org.junit.jupiter.api" class="AssertSame" externalInfoUrl="https://pmd.github.io/pmd/pmd_rules_java_design.html#classwithonlyprivateconstructorsshouldbefinal" priority="1">
A class which only has private constructors should be final
</violation>
<violation beginline="33" endline="35" begincolumn="2" endcolumn="2" rule="DefaultPackage" ruleset="Code Style" package="org.junit.jupiter.api" class="AssertSame" externalInfoUrl="https://pmd.github.io/pmd/pmd_rules_java_codestyle.html#defaultpackage" priority="3">
Use explicit scoping instead of the default package private level
</violation>
<violation beginline="37" endline="39" begincolumn="2" endcolumn="2" rule="DefaultPackage" ruleset="Code Style" package="org.junit.jupiter.api" class="AssertSame" externalInfoUrl="https://pmd.github.io/pmd/pmd_rules_java_codestyle.html#defaultpackage" priority="3">
Use explicit scoping instead of the default package private level
</violation>
<violation beginline="41" endline="45" begincolumn="2" endcolumn="2" rule="DefaultPackage" ruleset="Code Style" package="org.junit.jupiter.api" class="AssertSame" externalInfoUrl="https://pmd.github.io/pmd/pmd_rules_java_codestyle.html#defaultpackage" priority="3">
Use explicit scoping instead of the default package private level
</violation>
</file>
<file name="C:\Users\Sokaina\Downloads\Versiones-Junit5\junit5-r5.0.2\junit-jupiter-api\src\main\java\org\junit\jupiter\api\AssertThrows.java">
<violation beginline="29" endline="68" begincolumn="1" endcolumn="1" rule="ClassWithOnlyPrivateConstructorsShouldBeFinal" ruleset="Design" package="org.junit.jupiter.api" class="AssertThrows" externalInfoUrl="https://pmd.github.io/pmd/pmd_rules_java_design.html#classwithonlyprivateconstructorsshouldbefinal" priority="1">
A class which only has private constructors should be final
</violation>
<violation beginline="37" endline="39" begincolumn="2" endcolumn="2" rule="DefaultPackage" ruleset="Code Style" package="org.junit.jupiter.api" class="AssertThrows" externalInfoUrl="https://pmd.github.io/pmd/pmd_rules_java_codestyle.html#defaultpackage" priority="3">
Use explicit scoping instead of the default package private level
</violation>
<violation beginline="41" endline="43" begincolumn="2" endcolumn="2" rule="DefaultPackage" ruleset="Code Style" package="org.junit.jupiter.api" class="AssertThrows" externalInfoUrl="https://pmd.github.io/pmd/pmd_rules_java_codestyle.html#defaultpackage" priority="3">
Use explicit scoping instead of the default package private level
</violation>
<violation beginline="45" endline="66" begincolumn="2" endcolumn="2" rule="DefaultPackage" ruleset="Code Style" package="org.junit.jupiter.api" class="AssertThrows" externalInfoUrl="https://pmd.github.io/pmd/pmd_rules_java_codestyle.html#defaultpackage" priority="3">
Use explicit scoping instead of the default package private level
</violation>
<violation beginline="52" endline="61" begincolumn="3" endcolumn="3" rule="AvoidCatchingThrowable" ruleset="Error Prone" package="org.junit.jupiter.api" class="AssertThrows" externalInfoUrl="https://pmd.github.io/pmd/pmd_rules_java_errorprone.html#avoidcatchingthrowable" priority="3">
A catch statement should never catch throwable since it includes errors.
</violation>
</file>
<file name="C:\Users\Sokaina\Downloads\Versiones-Junit5\junit5-r5.0.2\junit-jupiter-api\src\main\java\org\junit\jupiter\api\AssertTimeout.java">
<violation beginline="37" endline="144" begincolumn="1" endcolumn="1" rule="ClassWithOnlyPrivateConstructorsShouldBeFinal" ruleset="Design" package="org.junit.jupiter.api" class="AssertTimeout" externalInfoUrl="https://pmd.github.io/pmd/pmd_rules_java_design.html#classwithonlyprivateconstructorsshouldbefinal" priority="1">
A class which only has private constructors should be final
</violation>
<violation beginline="45" endline="47" begincolumn="2" endcolumn="2" rule="DefaultPackage" ruleset="Code Style" package="org.junit.jupiter.api" class="AssertTimeout" externalInfoUrl="https://pmd.github.io/pmd/pmd_rules_java_codestyle.html#defaultpackage" priority="3">
Use explicit scoping instead of the default package private level
</violation>
<violation beginline="49" endline="51" begincolumn="2" endcolumn="2" rule="DefaultPackage" ruleset="Code Style" package="org.junit.jupiter.api" class="AssertTimeout" externalInfoUrl="https://pmd.github.io/pmd/pmd_rules_java_codestyle.html#defaultpackage" priority="3">
Use explicit scoping instead of the default package private level
</violation>
<violation beginline="53" endline="58" begincolumn="2" endcolumn="2" rule="DefaultPackage" ruleset="Code Style" package="org.junit.jupiter.api" class="AssertTimeout" externalInfoUrl="https://pmd.github.io/pmd/pmd_rules_java_codestyle.html#defaultpackage" priority="3">
Use explicit scoping instead of the default package private level
</violation>
<violation beginline="60" endline="62" begincolumn="2" endcolumn="2" rule="DefaultPackage" ruleset="Code Style" package="org.junit.jupiter.api" class="AssertTimeout" externalInfoUrl="https://pmd.github.io/pmd/pmd_rules_java_codestyle.html#defaultpackage" priority="3">
Use explicit scoping instead of the default package private level
</violation>
<violation beginline="64" endline="66" begincolumn="2" endcolumn="2" rule="DefaultPackage" ruleset="Code Style" package="org.junit.jupiter.api" class="AssertTimeout" externalInfoUrl="https://pmd.github.io/pmd/pmd_rules_java_codestyle.html#defaultpackage" priority="3">
Use explicit scoping instead of the default package private level
</violation>
<violation beginline="68" endline="85" begincolumn="2" endcolumn="2" rule="DefaultPackage" ruleset="Code Style" package="org.junit.jupiter.api" class="AssertTimeout" externalInfoUrl="https://pmd.github.io/pmd/pmd_rules_java_codestyle.html#defaultpackage" priority="3">
Use explicit scoping instead of the default package private level
</violation>
<violation beginline="75" endline="77" begincolumn="3" endcolumn="3" rule="AvoidCatchingThrowable" ruleset="Error Prone" package="org.junit.jupiter.api" class="AssertTimeout" externalInfoUrl="https://pmd.github.io/pmd/pmd_rules_java_errorprone.html#avoidcatchingthrowable" priority="3">
A catch statement should never catch throwable since it includes errors.
</violation>
<violation beginline="87" endline="89" begincolumn="2" endcolumn="2" rule="DefaultPackage" ruleset="Code Style" package="org.junit.jupiter.api" class="AssertTimeout" externalInfoUrl="https://pmd.github.io/pmd/pmd_rules_java_codestyle.html#defaultpackage" priority="3">
Use explicit scoping instead of the default package private level
</violation>
<violation beginline="91" endline="93" begincolumn="2" endcolumn="2" rule="DefaultPackage" ruleset="Code Style" package="org.junit.jupiter.api" class="AssertTimeout" externalInfoUrl="https://pmd.github.io/pmd/pmd_rules_java_codestyle.html#defaultpackage" priority="3">
Use explicit scoping instead of the default package private level
</violation>
<violation beginline="95" endline="100" begincolumn="2" endcolumn="2" rule="DefaultPackage" ruleset="Code Style" package="org.junit.jupiter.api" class="AssertTimeout" externalInfoUrl="https://pmd.github.io/pmd/pmd_rules_java_codestyle.html#defaultpackage" priority="3">
Use explicit scoping instead of the default package private level
</violation>
<violation beginline="102" endline="104" begincolumn="2" endcolumn="2" rule="DefaultPackage" ruleset="Code Style" package="org.junit.jupiter.api" class="AssertTimeout" externalInfoUrl="https://pmd.github.io/pmd/pmd_rules_java_codestyle.html#defaultpackage" priority="3">
Use explicit scoping instead of the default package private level
</violation>
<violation beginline="106" endline="108" begincolumn="2" endcolumn="2" rule="DefaultPackage" ruleset="Code Style" package="org.junit.jupiter.api" class="AssertTimeout" externalInfoUrl="https://pmd.github.io/pmd/pmd_rules_java_codestyle.html#defaultpackage" priority="3">
Use explicit scoping instead of the default package private level
</violation>
<violation beginline="110" endline="142" begincolumn="2" endcolumn="2" rule="DefaultPackage" ruleset="Code Style" package="org.junit.jupiter.api" class="AssertTimeout" externalInfoUrl="https://pmd.github.io/pmd/pmd_rules_java_codestyle.html#defaultpackage" priority="3">
Use explicit scoping instead of the default package private level
</violation>
<violation beginline="119" endline="121" begincolumn="5" endcolumn="5" rule="AvoidCatchingThrowable" ruleset="Error Prone" package="org.junit.jupiter.api" class="AssertTimeout" externalInfoUrl="https://pmd.github.io/pmd/pmd_rules_java_errorprone.html#avoidcatchingthrowable" priority="3">
A catch statement should never catch throwable since it includes errors.
</violation>
<violation beginline="129" endline="130" begincolumn="5" endcolumn="105" rule="PreserveStackTrace" ruleset="Best Practices" package="org.junit.jupiter.api" class="AssertTimeout" externalInfoUrl="https://pmd.github.io/pmd/pmd_rules_java_bestpractices.html#preservestacktrace" priority="3">
New exception is thrown in catch block, original stack trace may be lost
</violation>
<violation beginline="133" endline="133" begincolumn="5" endcolumn="66" rule="PreserveStackTrace" ruleset="Best Practices" package="org.junit.jupiter.api" class="AssertTimeout" externalInfoUrl="https://pmd.github.io/pmd/pmd_rules_java_bestpractices.html#preservestacktrace" priority="3">
New exception is thrown in catch block, original stack trace may be lost
</violation>
<violation beginline="135" endline="137" begincolumn="4" endcolumn="4" rule="AvoidCatchingThrowable" ruleset="Error Prone" package="org.junit.jupiter.api" class="AssertTimeout" externalInfoUrl="https://pmd.github.io/pmd/pmd_rules_java_errorprone.html#avoidcatchingthrowable" priority="3">
A catch statement should never catch throwable since it includes errors.
</violation>
</file>
<file name="C:\Users\Sokaina\Downloads\Versiones-Junit5\junit5-r5.0.2\junit-jupiter-api\src\main\java\org\junit\jupiter\api\AssertTrue.java">
<violation beginline="26" endline="60" begincolumn="1" endcolumn="1" rule="ClassWithOnlyPrivateConstructorsShouldBeFinal" ruleset="Design" package="org.junit.jupiter.api" class="AssertTrue" externalInfoUrl="https://pmd.github.io/pmd/pmd_rules_java_design.html#classwithonlyprivateconstructorsshouldbefinal" priority="1">
A class which only has private constructors should be final
</violation>
<violation beginline="34" endline="36" begincolumn="2" endcolumn="2" rule="DefaultPackage" ruleset="Code Style" package="org.junit.jupiter.api" class="AssertTrue" externalInfoUrl="https://pmd.github.io/pmd/pmd_rules_java_codestyle.html#defaultpackage" priority="3">
Use explicit scoping instead of the default package private level
</violation>
<violation beginline="38" endline="40" begincolumn="2" endcolumn="2" rule="DefaultPackage" ruleset="Code Style" package="org.junit.jupiter.api" class="AssertTrue" externalInfoUrl="https://pmd.github.io/pmd/pmd_rules_java_codestyle.html#defaultpackage" priority="3">
Use explicit scoping instead of the default package private level
</violation>
<violation beginline="42" endline="44" begincolumn="2" endcolumn="2" rule="DefaultPackage" ruleset="Code Style" package="org.junit.jupiter.api" class="AssertTrue" externalInfoUrl="https://pmd.github.io/pmd/pmd_rules_java_codestyle.html#defaultpackage" priority="3">
Use explicit scoping instead of the default package private level
</violation>
<violation beginline="46" endline="48" begincolumn="2" endcolumn="2" rule="DefaultPackage" ruleset="Code Style" package="org.junit.jupiter.api" class="AssertTrue" externalInfoUrl="https://pmd.github.io/pmd/pmd_rules_java_codestyle.html#defaultpackage" priority="3">
Use explicit scoping instead of the default package private level
</violation>
<violation beginline="50" endline="52" begincolumn="2" endcolumn="2" rule="DefaultPackage" ruleset="Code Style" package="org.junit.jupiter.api" class="AssertTrue" externalInfoUrl="https://pmd.github.io/pmd/pmd_rules_java_codestyle.html#defaultpackage" priority="3">
Use explicit scoping instead of the default package private level
</violation>
<violation beginline="54" endline="58" begincolumn="2" endcolumn="2" rule="DefaultPackage" ruleset="Code Style" package="org.junit.jupiter.api" class="AssertTrue" externalInfoUrl="https://pmd.github.io/pmd/pmd_rules_java_codestyle.html#defaultpackage" priority="3">
Use explicit scoping instead of the default package private level
</violation>
</file>
<file name="C:\Users\Sokaina\Downloads\Versiones-Junit5\junit5-r5.0.2\junit-jupiter-api\src\main\java\org\junit\jupiter\api\AssertionUtils.java">
<violation beginline="27" endline="158" begincolumn="1" endcolumn="1" rule="ClassWithOnlyPrivateConstructorsShouldBeFinal" ruleset="Design" package="org.junit.jupiter.api" class="AssertionUtils" externalInfoUrl="https://pmd.github.io/pmd/pmd_rules_java_design.html#classwithonlyprivateconstructorsshouldbefinal" priority="1">
A class which only has private constructors should be final
</violation>
<violation beginline="35" endline="37" begincolumn="2" endcolumn="2" rule="DefaultPackage" ruleset="Code Style" package="org.junit.jupiter.api" class="AssertionUtils" externalInfoUrl="https://pmd.github.io/pmd/pmd_rules_java_codestyle.html#defaultpackage" priority="3">
Use explicit scoping instead of the default package private level
</violation>
<violation beginline="39" endline="41" begincolumn="2" endcolumn="2" rule="DefaultPackage" ruleset="Code Style" package="org.junit.jupiter.api" class="AssertionUtils" externalInfoUrl="https://pmd.github.io/pmd/pmd_rules_java_codestyle.html#defaultpackage" priority="3">
Use explicit scoping instead of the default package private level
</violation>
<violation beginline="43" endline="45" begincolumn="2" endcolumn="2" rule="DefaultPackage" ruleset="Code Style" package="org.junit.jupiter.api" class="AssertionUtils" externalInfoUrl="https://pmd.github.io/pmd/pmd_rules_java_codestyle.html#defaultpackage" priority="3">
Use explicit scoping instead of the default package private level
</violation>
<violation beginline="47" endline="49" begincolumn="2" endcolumn="2" rule="DefaultPackage" ruleset="Code Style" package="org.junit.jupiter.api" class="AssertionUtils" externalInfoUrl="https://pmd.github.io/pmd/pmd_rules_java_codestyle.html#defaultpackage" priority="3">
Use explicit scoping instead of the default package private level
</violation>
<violation beginline="51" endline="53" begincolumn="2" endcolumn="2" rule="DefaultPackage" ruleset="Code Style" package="org.junit.jupiter.api" class="AssertionUtils" externalInfoUrl="https://pmd.github.io/pmd/pmd_rules_java_codestyle.html#defaultpackage" priority="3">
Use explicit scoping instead of the default package private level
</violation>
<violation beginline="55" endline="57" begincolumn="2" endcolumn="2" rule="DefaultPackage" ruleset="Code Style" package="org.junit.jupiter.api" class="AssertionUtils" externalInfoUrl="https://pmd.github.io/pmd/pmd_rules_java_codestyle.html#defaultpackage" priority="3">
Use explicit scoping instead of the default package private level
</violation>
<violation beginline="59" endline="61" begincolumn="2" endcolumn="2" rule="DefaultPackage" ruleset="Code Style" package="org.junit.jupiter.api" class="AssertionUtils" externalInfoUrl="https://pmd.github.io/pmd/pmd_rules_java_codestyle.html#defaultpackage" priority="3">
Use explicit scoping instead of the default package private level
</violation>
<violation beginline="63" endline="71" begincolumn="2" endcolumn="2" rule="DefaultPackage" ruleset="Code Style" package="org.junit.jupiter.api" class="AssertionUtils" externalInfoUrl="https://pmd.github.io/pmd/pmd_rules_java_codestyle.html#defaultpackage" priority="3">
Use explicit scoping instead of the default package private level
</violation>
<violation beginline="68" endline="70" begincolumn="3" endcolumn="3" rule="AvoidCatchingThrowable" ruleset="Error Prone" package="org.junit.jupiter.api" class="AssertionUtils" method="getCanonicalName" externalInfoUrl="https://pmd.github.io/pmd/pmd_rules_java_errorprone.html#avoidcatchingthrowable" priority="3">
A catch statement should never catch throwable since it includes errors.
</violation>
<violation beginline="73" endline="75" begincolumn="2" endcolumn="2" rule="DefaultPackage" ruleset="Code Style" package="org.junit.jupiter.api" class="AssertionUtils" externalInfoUrl="https://pmd.github.io/pmd/pmd_rules_java_codestyle.html#defaultpackage" priority="3">
Use explicit scoping instead of the default package private level
</violation>
<violation beginline="77" endline="85" begincolumn="2" endcolumn="2" rule="DefaultPackage" ruleset="Code Style" package="org.junit.jupiter.api" class="AssertionUtils" externalInfoUrl="https://pmd.github.io/pmd/pmd_rules_java_codestyle.html#defaultpackage" priority="3">
Use explicit scoping instead of the default package private level
</violation>
<violation beginline="109" endline="115" begincolumn="2" endcolumn="2" rule="DefaultPackage" ruleset="Code Style" package="org.junit.jupiter.api" class="AssertionUtils" externalInfoUrl="https://pmd.github.io/pmd/pmd_rules_java_codestyle.html#defaultpackage" priority="3">
Use explicit scoping instead of the default package private level
</violation>
<violation beginline="117" endline="120" begincolumn="2" endcolumn="2" rule="DefaultPackage" ruleset="Code Style" package="org.junit.jupiter.api" class="AssertionUtils" externalInfoUrl="https://pmd.github.io/pmd/pmd_rules_java_codestyle.html#defaultpackage" priority="3">
Use explicit scoping instead of the default package private level
</violation>
<violation beginline="122" endline="126" begincolumn="2" endcolumn="2" rule="DefaultPackage" ruleset="Code Style" package="org.junit.jupiter.api" class="AssertionUtils" externalInfoUrl="https://pmd.github.io/pmd/pmd_rules_java_codestyle.html#defaultpackage" priority="3">
Use explicit scoping instead of the default package private level
</violation>
<violation beginline="128" endline="132" begincolumn="2" endcolumn="2" rule="DefaultPackage" ruleset="Code Style" package="org.junit.jupiter.api" class="AssertionUtils" externalInfoUrl="https://pmd.github.io/pmd/pmd_rules_java_codestyle.html#defaultpackage" priority="3">
Use explicit scoping instead of the default package private level
</violation>
<violation beginline="134" endline="136" begincolumn="2" endcolumn="2" rule="DefaultPackage" ruleset="Code Style" package="org.junit.jupiter.api" class="AssertionUtils" externalInfoUrl="https://pmd.github.io/pmd/pmd_rules_java_codestyle.html#defaultpackage" priority="3">
Use explicit scoping instead of the default package private level
</violation>
<violation beginline="138" endline="141" begincolumn="2" endcolumn="2" rule="DefaultPackage" ruleset="Code Style" package="org.junit.jupiter.api" class="AssertionUtils" externalInfoUrl="https://pmd.github.io/pmd/pmd_rules_java_codestyle.html#defaultpackage" priority="3">
Use explicit scoping instead of the default package private level
</violation>
<violation beginline="143" endline="145" begincolumn="2" endcolumn="2" rule="DefaultPackage" ruleset="Code Style" package="org.junit.jupiter.api" class="AssertionUtils" externalInfoUrl="https://pmd.github.io/pmd/pmd_rules_java_codestyle.html#defaultpackage" priority="3">
Use explicit scoping instead of the default package private level
</violation>
<violation beginline="147" endline="152" begincolumn="2" endcolumn="2" rule="DefaultPackage" ruleset="Code Style" package="org.junit.jupiter.api" class="AssertionUtils" externalInfoUrl="https://pmd.github.io/pmd/pmd_rules_java_codestyle.html#defaultpackage" priority="3">
Use explicit scoping instead of the default package private level
</violation>
</file>
<file name="C:\Users\Sokaina\Downloads\Versiones-Junit5\junit5-r5.0.2\junit-jupiter-api\src\main\java\org\junit\jupiter\api\Assertions.java">
<violation beginline="512" endline="512" begincolumn="59" endcolumn="74" rule="UseVarargs" ruleset="Best Practices" package="org.junit.jupiter.api" class="Assertions" method="assertArrayEquals" variable="actual" externalInfoUrl="https://pmd.github.io/pmd/pmd_rules_java_bestpractices.html#usevarargs" priority="4">
Consider using varargs for methods or constructors which take an array the last parameter.
</violation>
<violation beginline="538" endline="538" begincolumn="56" endcolumn="68" rule="UseVarargs" ruleset="Best Practices" package="org.junit.jupiter.api" class="Assertions" method="assertArrayEquals" variable="actual" externalInfoUrl="https://pmd.github.io/pmd/pmd_rules_java_bestpractices.html#usevarargs" priority="4">
Consider using varargs for methods or constructors which take an array the last parameter.
</violation>
<violation beginline="590" endline="590" begincolumn="57" endcolumn="70" rule="UseVarargs" ruleset="Best Practices" package="org.junit.jupiter.api" class="Assertions" method="assertArrayEquals" variable="actual" externalInfoUrl="https://pmd.github.io/pmd/pmd_rules_java_bestpractices.html#usevarargs" priority="4">
Consider using varargs for methods or constructors which take an array the last parameter.
</violation>
<violation beginline="616" endline="616" begincolumn="55" endcolumn="66" rule="UseVarargs" ruleset="Best Practices" package="org.junit.jupiter.api" class="Assertions" method="assertArrayEquals" variable="actual" externalInfoUrl="https://pmd.github.io/pmd/pmd_rules_java_bestpractices.html#usevarargs" priority="4">
Consider using varargs for methods or constructors which take an array the last parameter.
</violation>
<violation beginline="642" endline="642" begincolumn="56" endcolumn="68" rule="UseVarargs" ruleset="Best Practices" package="org.junit.jupiter.api" class="Assertions" method="assertArrayEquals" variable="actual" externalInfoUrl="https://pmd.github.io/pmd/pmd_rules_java_bestpractices.html#usevarargs" priority="4">
Consider using varargs for methods or constructors which take an array the last parameter.
</violation>
<violation beginline="669" endline="669" begincolumn="57" endcolumn="70" rule="UseVarargs" ruleset="Best Practices" package="org.junit.jupiter.api" class="Assertions" method="assertArrayEquals" variable="actual" externalInfoUrl="https://pmd.github.io/pmd/pmd_rules_java_bestpractices.html#usevarargs" priority="4">
Consider using varargs for methods or constructors which take an array the last parameter.
</violation>
<violation beginline="728" endline="728" begincolumn="58" endcolumn="72" rule="UseVarargs" ruleset="Best Practices" package="org.junit.jupiter.api" class="Assertions" method="assertArrayEquals" variable="actual" externalInfoUrl="https://pmd.github.io/pmd/pmd_rules_java_bestpractices.html#usevarargs" priority="4">
Consider using varargs for methods or constructors which take an array the last parameter.
</violation>
<violation beginline="791" endline="791" begincolumn="58" endcolumn="72" rule="UseVarargs" ruleset="Best Practices" package="org.junit.jupiter.api" class="Assertions" method="assertArrayEquals" variable="actual" externalInfoUrl="https://pmd.github.io/pmd/pmd_rules_java_bestpractices.html#usevarargs" priority="4">
Consider using varargs for methods or constructors which take an array the last parameter.
</violation>
</file>
<file name="C:\Users\Sokaina\Downloads\Versiones-Junit5\junit5-r5.0.2\junit-jupiter-api\src\main\java\org\junit\jupiter\api\Assumptions.java">
<violation beginline="237" endline="239" begincolumn="4" endcolumn="4" rule="AvoidCatchingThrowable" ruleset="Error Prone" package="org.junit.jupiter.api" class="Assumptions" method="assumingThat" externalInfoUrl="https://pmd.github.io/pmd/pmd_rules_java_errorprone.html#avoidcatchingthrowable" priority="3">
A catch statement should never catch throwable since it includes errors.
</violation>
</file>
<file name="C:\Users\Sokaina\Downloads\Versiones-Junit5\junit5-r5.0.2\junit-jupiter-api\src\main\java\org\junit\jupiter\api\DynamicContainer.java">
<violation beginline="33" endline="80" begincolumn="8" endcolumn="1" rule="ClassWithOnlyPrivateConstructorsShouldBeFinal" ruleset="Design" package="org.junit.jupiter.api" class="DynamicContainer" externalInfoUrl="https://pmd.github.io/pmd/pmd_rules_java_design.html#classwithonlyprivateconstructorsshouldbefinal" priority="1">
A class which only has private constructors should be final
</violation>
<violation beginline="65" endline="65" begincolumn="16" endcolumn="54" rule="FieldDeclarationsShouldBeAtStartOfClass" ruleset="Code Style" package="org.junit.jupiter.api" class="DynamicContainer" variable="VariableDeclaratorId" externalInfoUrl="https://pmd.github.io/pmd/pmd_rules_java_codestyle.html#fielddeclarationsshouldbeatstartofclass" priority="3">
Fields should be declared at the top of the class, before any method declarations, constructors, initializers or inner classes.
</violation>
</file>
<file name="C:\Users\Sokaina\Downloads\Versiones-Junit5\junit5-r5.0.2\junit-jupiter-api\src\main\java\org\junit\jupiter\api\DynamicNode.java">
<violation beginline="26" endline="46" begincolumn="17" endcolumn="1" rule="AbstractClassWithoutAbstractMethod" ruleset="Best Practices" package="org.junit.jupiter.api" class="DynamicNode" externalInfoUrl="https://pmd.github.io/pmd/pmd_rules_java_bestpractices.html#abstractclasswithoutabstractmethod" priority="3">
This abstract class does not have any abstract methods
</violation>
</file>
<file name="C:\Users\Sokaina\Downloads\Versiones-Junit5\junit5-r5.0.2\junit-jupiter-api\src\main\java\org\junit\jupiter\api\DynamicTest.java">
<violation beginline="48" endline="114" begincolumn="8" endcolumn="1" rule="ClassWithOnlyPrivateConstructorsShouldBeFinal" ruleset="Design" package="org.junit.jupiter.api" class="DynamicTest" externalInfoUrl="https://pmd.github.io/pmd/pmd_rules_java_design.html#classwithonlyprivateconstructorsshouldbefinal" priority="1">
A class which only has private constructors should be final
</violation>
<violation beginline="101" endline="101" begincolumn="16" endcolumn="37" rule="FieldDeclarationsShouldBeAtStartOfClass" ruleset="Code Style" package="org.junit.jupiter.api" class="DynamicTest" variable="VariableDeclaratorId" externalInfoUrl="https://pmd.github.io/pmd/pmd_rules_java_codestyle.html#fielddeclarationsshouldbeatstartofclass" priority="3">
Fields should be declared at the top of the class, before any method declarations, constructors, initializers or inner classes.
</violation>
</file>
<file name="C:\Users\Sokaina\Downloads\Versiones-Junit5\junit5-r5.0.2\junit-jupiter-api\src\main\java\org\junit\jupiter\api\extension\AfterAllCallback.java">
<violation beginline="44" endline="44" begincolumn="49" endcolumn="57" rule="SignatureDeclareThrowsException" ruleset="Design" package="org.junit.jupiter.api.extension" class="AfterAllCallback" method="afterAll" externalInfoUrl="https://pmd.github.io/pmd/pmd_rules_java_design.html#signaturedeclarethrowsexception" priority="3">
A method/constructor should not explicitly throw java.lang.Exception
</violation>
</file>
<file name="C:\Users\Sokaina\Downloads\Versiones-Junit5\junit5-r5.0.2\junit-jupiter-api\src\main\java\org\junit\jupiter\api\extension\AfterEachCallback.java">
<violation beginline="48" endline="48" begincolumn="50" endcolumn="58" rule="SignatureDeclareThrowsException" ruleset="Design" package="org.junit.jupiter.api.extension" class="AfterEachCallback" method="afterEach" externalInfoUrl="https://pmd.github.io/pmd/pmd_rules_java_design.html#signaturedeclarethrowsexception" priority="3">
A method/constructor should not explicitly throw java.lang.Exception
</violation>
</file>
<file name="C:\Users\Sokaina\Downloads\Versiones-Junit5\junit5-r5.0.2\junit-jupiter-api\src\main\java\org\junit\jupiter\api\extension\AfterTestExecutionCallback.java">
<violation beginline="47" endline="47" begincolumn="59" endcolumn="67" rule="SignatureDeclareThrowsException" ruleset="Design" package="org.junit.jupiter.api.extension" class="AfterTestExecutionCallback" method="afterTestExecution" externalInfoUrl="https://pmd.github.io/pmd/pmd_rules_java_design.html#signaturedeclarethrowsexception" priority="3">
A method/constructor should not explicitly throw java.lang.Exception
</violation>
</file>
<file name="C:\Users\Sokaina\Downloads\Versiones-Junit5\junit5-r5.0.2\junit-jupiter-api\src\main\java\org\junit\jupiter\api\extension\BeforeAllCallback.java">
<violation beginline="44" endline="44" begincolumn="50" endcolumn="58" rule="SignatureDeclareThrowsException" ruleset="Design" package="org.junit.jupiter.api.extension" class="BeforeAllCallback" method="beforeAll" externalInfoUrl="https://pmd.github.io/pmd/pmd_rules_java_design.html#signaturedeclarethrowsexception" priority="3">
A method/constructor should not explicitly throw java.lang.Exception
</violation>
</file>
<file name="C:\Users\Sokaina\Downloads\Versiones-Junit5\junit5-r5.0.2\junit-jupiter-api\src\main\java\org\junit\jupiter\api\extension\BeforeEachCallback.java">
<violation beginline="46" endline="46" begincolumn="51" endcolumn="59" rule="SignatureDeclareThrowsException" ruleset="Design" package="org.junit.jupiter.api.extension" class="BeforeEachCallback" method="beforeEach" externalInfoUrl="https://pmd.github.io/pmd/pmd_rules_java_design.html#signaturedeclarethrowsexception" priority="3">
A method/constructor should not explicitly throw java.lang.Exception
</violation>
</file>
<file name="C:\Users\Sokaina\Downloads\Versiones-Junit5\junit5-r5.0.2\junit-jupiter-api\src\main\java\org\junit\jupiter\api\extension\BeforeTestExecutionCallback.java">
<violation beginline="47" endline="47" begincolumn="60" endcolumn="68" rule="SignatureDeclareThrowsException" ruleset="Design" package="org.junit.jupiter.api.extension" class="BeforeTestExecutionCallback" method="beforeTestExecution" externalInfoUrl="https://pmd.github.io/pmd/pmd_rules_java_design.html#signaturedeclarethrowsexception" priority="3">
A method/constructor should not explicitly throw java.lang.Exception
</violation>
</file>
<file name="C:\Users\Sokaina\Downloads\Versiones-Junit5\junit5-r5.0.2\junit-jupiter-api\src\main\java\org\junit\jupiter\api\extension\ConditionEvaluationResult.java">
<violation beginline="26" endline="84" begincolumn="8" endcolumn="1" rule="ClassWithOnlyPrivateConstructorsShouldBeFinal" ruleset="Design" package="org.junit.jupiter.api.extension" class="ConditionEvaluationResult" externalInfoUrl="https://pmd.github.io/pmd/pmd_rules_java_design.html#classwithonlyprivateconstructorsshouldbefinal" priority="1">
A class which only has private constructors should be final
</violation>
<violation beginline="48" endline="48" begincolumn="16" endcolumn="31" rule="AvoidFieldNameMatchingMethodName" ruleset="Error Prone" package="org.junit.jupiter.api.extension" class="ConditionEvaluationResult" variable="VariableDeclaratorId" externalInfoUrl="https://pmd.github.io/pmd/pmd_rules_java_errorprone.html#avoidfieldnamematchingmethodname" priority="3">
Field enabled has the same name as a method
</violation>
<violation beginline="48" endline="48" begincolumn="16" endcolumn="31" rule="FieldDeclarationsShouldBeAtStartOfClass" ruleset="Code Style" package="org.junit.jupiter.api.extension" class="ConditionEvaluationResult" variable="VariableDeclaratorId" externalInfoUrl="https://pmd.github.io/pmd/pmd_rules_java_codestyle.html#fielddeclarationsshouldbeatstartofclass" priority="3">
Fields should be declared at the top of the class, before any method declarations, constructors, initializers or inner classes.
</violation>
<violation beginline="50" endline="50" begincolumn="16" endcolumn="39" rule="FieldDeclarationsShouldBeAtStartOfClass" ruleset="Code Style" package="org.junit.jupiter.api.extension" class="ConditionEvaluationResult" variable="VariableDeclaratorId" externalInfoUrl="https://pmd.github.io/pmd/pmd_rules_java_codestyle.html#fielddeclarationsshouldbeatstartofclass" priority="3">
Fields should be declared at the top of the class, before any method declarations, constructors, initializers or inner classes.
</violation>
</file>
<file name="C:\Users\Sokaina\Downloads\Versiones-Junit5\junit5-r5.0.2\junit-jupiter-api\src\main\java\org\junit\jupiter\api\extension\ExtensionContext.java">
<violation beginline="417" endline="417" begincolumn="17" endcolumn="30" rule="FieldDeclarationsShouldBeAtStartOfClass" ruleset="Code Style" package="org.junit.jupiter.api.extension" class="ExtensionContext$Namespace" variable="VariableDeclaratorId" externalInfoUrl="https://pmd.github.io/pmd/pmd_rules_java_codestyle.html#fielddeclarationsshouldbeatstartofclass" priority="3">
Fields should be declared at the top of the class, before any method declarations, constructors, initializers or inner classes.
</violation>
</file>
<file name="C:\Users\Sokaina\Downloads\Versiones-Junit5\junit5-r5.0.2\junit-jupiter-api\src\main\java\org\junit\jupiter\api\extension\TestInstancePostProcessor.java">
<violation beginline="45" endline="45" begincolumn="85" endcolumn="93" rule="SignatureDeclareThrowsException" ruleset="Design" package="org.junit.jupiter.api.extension" class="TestInstancePostProcessor" method="postProcessTestInstance" externalInfoUrl="https://pmd.github.io/pmd/pmd_rules_java_design.html#signaturedeclarethrowsexception" priority="3">
A method/constructor should not explicitly throw java.lang.Exception
</violation>
</file>
<file name="C:\Users\Sokaina\Downloads\Versiones-Junit5\junit5-r5.0.2\junit-jupiter-engine\src\main\java\org\junit\jupiter\engine\DiscoveryFilterApplier.java">
<violation beginline="34" endline="37" begincolumn="2" endcolumn="2" rule="DefaultPackage" ruleset="Code Style" package="org.junit.jupiter.engine" class="DiscoveryFilterApplier" externalInfoUrl="https://pmd.github.io/pmd/pmd_rules_java_codestyle.html#defaultpackage" priority="3">
Use explicit scoping instead of the default package private level
</violation>
<violation beginline="45" endline="47" begincolumn="5" endcolumn="5" rule="CollapsibleIfStatements" ruleset="Design" package="org.junit.jupiter.engine" class="DiscoveryFilterApplier" method="applyPackageNameFilters" externalInfoUrl="https://pmd.github.io/pmd/pmd_rules_java_design.html#collapsibleifstatements" priority="3">
These nested if statements could be combined
</violation>
</file>
<file name="C:\Users\Sokaina\Downloads\Versiones-Junit5\junit5-r5.0.2\junit-jupiter-engine\src\main\java\org\junit\jupiter\engine\descriptor\AbstractExtensionContext.java">
<violation beginline="57" endline="57" begincolumn="43" endcolumn="51" rule="StringToString" ruleset="Performance" package="org.junit.jupiter.engine.descriptor" class="AbstractExtensionContext" method="getUniqueId" externalInfoUrl="https://pmd.github.io/pmd/pmd_rules_java_performance.html#stringtostring" priority="3">
Avoid calling toString() on String objects; this is unnecessary.
</violation>
</file>
<file name="C:\Users\Sokaina\Downloads\Versiones-Junit5\junit5-r5.0.2\junit-jupiter-engine\src\main\java\org\junit\jupiter\engine\descriptor\ClassExtensionContext.java">
<violation beginline="50" endline="52" begincolumn="2" endcolumn="2" rule="DefaultPackage" ruleset="Code Style" package="org.junit.jupiter.engine.descriptor" class="ClassExtensionContext" externalInfoUrl="https://pmd.github.io/pmd/pmd_rules_java_codestyle.html#defaultpackage" priority="3">
Use explicit scoping instead of the default package private level
</violation>
</file>
<file name="C:\Users\Sokaina\Downloads\Versiones-Junit5\junit5-r5.0.2\junit-jupiter-engine\src\main\java\org\junit\jupiter\engine\descriptor\ClassTestDescriptor.java">
<violation beginline="11" endline="294" begincolumn="1" endcolumn="2" rule="TooManyStaticImports" ruleset="Code Style" package="org.junit.jupiter.engine.descriptor" class="ClassTestDescriptor" externalInfoUrl="https://pmd.github.io/pmd/pmd_rules_java_codestyle.html#toomanystaticimports" priority="3">
Too many static imports may lead to messy code
</violation>
<violation beginline="187" endline="188" begincolumn="17" endcolumn="65" rule="UnusedPrivateMethod" ruleset="Best Practices" package="org.junit.jupiter.engine.descriptor" class="ClassTestDescriptor" method="instantiateAndPostProcessTestInstance" externalInfoUrl="https://pmd.github.io/pmd/pmd_rules_java_bestpractices.html#unusedprivatemethod" priority="3">
Avoid unused private methods such as 'instantiateAndPostProcessTestInstance(JupiterEngineExecutionContext,ExtensionContext,ExtensionRegistry)'.
</violation>
</file>
<file name="C:\Users\Sokaina\Downloads\Versiones-Junit5\junit5-r5.0.2\junit-jupiter-engine\src\main\java\org\junit\jupiter\engine\descriptor\JupiterTestDescriptor.java">
<violation beginline="11" endline="152" begincolumn="1" endcolumn="2" rule="TooManyStaticImports" ruleset="Code Style" package="org.junit.jupiter.engine.descriptor" class="JupiterTestDescriptor" externalInfoUrl="https://pmd.github.io/pmd/pmd_rules_java_codestyle.html#toomanystaticimports" priority="3">
Too many static imports may lead to messy code
</violation>
<violation beginline="147" endline="149" begincolumn="3" endcolumn="3" rule="AvoidCatchingThrowable" ruleset="Error Prone" package="org.junit.jupiter.engine.descriptor" class="JupiterTestDescriptor" method="executeAndMaskThrowable" externalInfoUrl="https://pmd.github.io/pmd/pmd_rules_java_errorprone.html#avoidcatchingthrowable" priority="3">
A catch statement should never catch throwable since it includes errors.
</violation>
</file>
<file name="C:\Users\Sokaina\Downloads\Versiones-Junit5\junit5-r5.0.2\junit-jupiter-engine\src\main\java\org\junit\jupiter\engine\descriptor\LifecycleMethodUtils.java">
<violation beginline="41" endline="43" begincolumn="2" endcolumn="2" rule="DefaultPackage" ruleset="Code Style" package="org.junit.jupiter.engine.descriptor" class="LifecycleMethodUtils" externalInfoUrl="https://pmd.github.io/pmd/pmd_rules_java_codestyle.html#defaultpackage" priority="3">
Use explicit scoping instead of the default package private level
</violation>
<violation beginline="45" endline="47" begincolumn="2" endcolumn="2" rule="DefaultPackage" ruleset="Code Style" package="org.junit.jupiter.engine.descriptor" class="LifecycleMethodUtils" externalInfoUrl="https://pmd.github.io/pmd/pmd_rules_java_codestyle.html#defaultpackage" priority="3">
Use explicit scoping instead of the default package private level
</violation>
<violation beginline="49" endline="51" begincolumn="2" endcolumn="2" rule="DefaultPackage" ruleset="Code Style" package="org.junit.jupiter.engine.descriptor" class="LifecycleMethodUtils" externalInfoUrl="https://pmd.github.io/pmd/pmd_rules_java_codestyle.html#defaultpackage" priority="3">
Use explicit scoping instead of the default package private level
</violation>
<violation beginline="53" endline="55" begincolumn="2" endcolumn="2" rule="DefaultPackage" ruleset="Code Style" package="org.junit.jupiter.engine.descriptor" class="LifecycleMethodUtils" externalInfoUrl="https://pmd.github.io/pmd/pmd_rules_java_codestyle.html#defaultpackage" priority="3">
Use explicit scoping instead of the default package private level
</violation>
</file>
<file name="C:\Users\Sokaina\Downloads\Versiones-Junit5\junit5-r5.0.2\junit-jupiter-engine\src\main\java\org\junit\jupiter\engine\descriptor\TestFactoryTestDescriptor.java">
<violation beginline="99" endline="114" begincolumn="2" endcolumn="2" rule="DefaultPackage" ruleset="Code Style" package="org.junit.jupiter.engine.descriptor" class="TestFactoryTestDescriptor" externalInfoUrl="https://pmd.github.io/pmd/pmd_rules_java_codestyle.html#defaultpackage" priority="3">
Use explicit scoping instead of the default package private level
</violation>
</file>
<file name="C:\Users\Sokaina\Downloads\Versiones-Junit5\junit5-r5.0.2\junit-jupiter-engine\src\main\java\org\junit\jupiter\engine\descriptor\TestInstanceLifecycleUtils.java">
<violation beginline="42" endline="51" begincolumn="2" endcolumn="2" rule="DefaultPackage" ruleset="Code Style" package="org.junit.jupiter.engine.descriptor" class="TestInstanceLifecycleUtils" externalInfoUrl="https://pmd.github.io/pmd/pmd_rules_java_codestyle.html#defaultpackage" priority="3">
Use explicit scoping instead of the default package private level
</violation>
<violation beginline="54" endline="80" begincolumn="2" endcolumn="2" rule="DefaultPackage" ruleset="Code Style" package="org.junit.jupiter.engine.descriptor" class="TestInstanceLifecycleUtils" externalInfoUrl="https://pmd.github.io/pmd/pmd_rules_java_codestyle.html#defaultpackage" priority="3">
Use explicit scoping instead of the default package private level
</violation>
<violation beginline="62" endline="62" begincolumn="20" endcolumn="54" rule="UseLocaleWithCaseConversions" ruleset="Error Prone" package="org.junit.jupiter.engine.descriptor" class="TestInstanceLifecycleUtils" method="getDefaultTestInstanceLifecycle" externalInfoUrl="https://pmd.github.io/pmd/pmd_rules_java_errorprone.html#uselocalewithcaseconversions" priority="3">
When doing a String.toLowerCase()/toUpperCase() call, use a Locale
</violation>
<violation beginline="69" endline="69" begincolumn="11" endcolumn="19" rule="AvoidCatchingGenericException" ruleset="Design" package="org.junit.jupiter.engine.descriptor" class="TestInstanceLifecycleUtils" method="getDefaultTestInstanceLifecycle" externalInfoUrl="https://pmd.github.io/pmd/pmd_rules_java_design.html#avoidcatchinggenericexception" priority="3">
Avoid catching generic exceptions such as NullPointerException, RuntimeException, Exception in try-catch block
</violation>
</file>
<file name="C:\Users\Sokaina\Downloads\Versiones-Junit5\junit5-r5.0.2\junit-jupiter-engine\src\main\java\org\junit\jupiter\engine\descriptor\TestMethodTestDescriptor.java">
<violation beginline="169" endline="171" begincolumn="4" endcolumn="4" rule="AvoidCatchingThrowable" ruleset="Error Prone" package="org.junit.jupiter.engine.descriptor" class="TestMethodTestDescriptor" method="invokeTestMethod" externalInfoUrl="https://pmd.github.io/pmd/pmd_rules_java_errorprone.html#avoidcatchingthrowable" priority="3">
A catch statement should never catch throwable since it includes errors.
</violation>
<violation beginline="194" endline="196" begincolumn="3" endcolumn="3" rule="AvoidCatchingThrowable" ruleset="Error Prone" package="org.junit.jupiter.engine.descriptor" class="TestMethodTestDescriptor" method="invokeTestExecutionExceptionHandlers" externalInfoUrl="https://pmd.github.io/pmd/pmd_rules_java_errorprone.html#avoidcatchingthrowable" priority="3">
A catch statement should never catch throwable since it includes errors.
</violation>
</file>
<file name="C:\Users\Sokaina\Downloads\Versiones-Junit5\junit5-r5.0.2\junit-jupiter-engine\src\main\java\org\junit\jupiter\engine\discovery\JavaElementsResolver.java">
<violation beginline="11" endline="232" begincolumn="1" endcolumn="2" rule="TooManyStaticImports" ruleset="Code Style" package="org.junit.jupiter.engine.discovery" class="JavaElementsResolver" externalInfoUrl="https://pmd.github.io/pmd/pmd_rules_java_codestyle.html#toomanystaticimports" priority="3">
Too many static imports may lead to messy code
</violation>
<violation beginline="57" endline="64" begincolumn="2" endcolumn="2" rule="DefaultPackage" ruleset="Code Style" package="org.junit.jupiter.engine.discovery" class="JavaElementsResolver" externalInfoUrl="https://pmd.github.io/pmd/pmd_rules_java_codestyle.html#defaultpackage" priority="3">
Use explicit scoping instead of the default package private level
</violation>
<violation beginline="66" endline="75" begincolumn="2" endcolumn="2" rule="DefaultPackage" ruleset="Code Style" package="org.junit.jupiter.engine.discovery" class="JavaElementsResolver" externalInfoUrl="https://pmd.github.io/pmd/pmd_rules_java_codestyle.html#defaultpackage" priority="3">
Use explicit scoping instead of the default package private level
</violation>
<violation beginline="87" endline="116" begincolumn="2" endcolumn="2" rule="DefaultPackage" ruleset="Code Style" package="org.junit.jupiter.engine.discovery" class="JavaElementsResolver" externalInfoUrl="https://pmd.github.io/pmd/pmd_rules_java_codestyle.html#defaultpackage" priority="3">
Use explicit scoping instead of the default package private level
</violation>
<violation beginline="143" endline="143" begincolumn="4" endcolumn="61" rule="AvoidBranchingStatementAsLastInLoop" ruleset="Error Prone" package="org.junit.jupiter.engine.discovery" class="JavaElementsResolver" method="resolveUniqueId" externalInfoUrl="https://pmd.github.io/pmd/pmd_rules_java_errorprone.html#avoidbranchingstatementaslastinloop" priority="2">
Avoid using a branching statement as the last in a loop.
</violation>
<violation beginline="224" endline="224" begincolumn="22" endcolumn="34" rule="UnnecessaryFullyQualifiedName" ruleset="Code Style" package="org.junit.jupiter.engine.discovery" class="JavaElementsResolver" method="logMultipleTestDescriptorsForSingleElement" externalInfoUrl="https://pmd.github.io/pmd/pmd_rules_java_codestyle.html#unnecessaryfullyqualifiedname" priority="4">
Unnecessary use of fully qualified name 'String.format' due to existing static import 'java.lang.String.format'
</violation>
</file>
<file name="C:\Users\Sokaina\Downloads\Versiones-Junit5\junit5-r5.0.2\junit-jupiter-engine\src\main\java\org\junit\jupiter\engine\discovery\MethodFinder.java">
<violation beginline="29" endline="38" begincolumn="2" endcolumn="2" rule="DefaultPackage" ruleset="Code Style" package="org.junit.jupiter.engine.discovery" class="MethodFinder" externalInfoUrl="https://pmd.github.io/pmd/pmd_rules_java_codestyle.html#defaultpackage" priority="3">
Use explicit scoping instead of the default package private level
</violation>
</file>
<file name="C:\Users\Sokaina\Downloads\Versiones-Junit5\junit5-r5.0.2\junit-jupiter-engine\src\main\java\org\junit\jupiter\engine\discovery\NestedTestsResolver.java">
<violation beginline="26" endline="26" begincolumn="2" endcolumn="51" rule="DefaultPackage" ruleset="Code Style" package="org.junit.jupiter.engine.discovery" class="NestedTestsResolver" externalInfoUrl="https://pmd.github.io/pmd/pmd_rules_java_codestyle.html#defaultpackage" priority="3">
Use explicit scoping instead of the default package private level
</violation>
</file>
<file name="C:\Users\Sokaina\Downloads\Versiones-Junit5\junit5-r5.0.2\junit-jupiter-engine\src\main\java\org\junit\jupiter\engine\discovery\TestContainerResolver.java">
<violation beginline="31" endline="31" begincolumn="2" endcolumn="44" rule="DefaultPackage" ruleset="Code Style" package="org.junit.jupiter.engine.discovery" class="TestContainerResolver" externalInfoUrl="https://pmd.github.io/pmd/pmd_rules_java_codestyle.html#defaultpackage" priority="3">
Use explicit scoping instead of the default package private level
</violation>
</file>
<file name="C:\Users\Sokaina\Downloads\Versiones-Junit5\junit5-r5.0.2\junit-jupiter-engine\src\main\java\org\junit\jupiter\engine\discovery\TestFactoryMethodResolver.java">
<violation beginline="37" endline="37" begincolumn="2" endcolumn="51" rule="DefaultPackage" ruleset="Code Style" package="org.junit.jupiter.engine.discovery" class="TestFactoryMethodResolver" externalInfoUrl="https://pmd.github.io/pmd/pmd_rules_java_codestyle.html#defaultpackage" priority="3">
Use explicit scoping instead of the default package private level
</violation>
</file>
<file name="C:\Users\Sokaina\Downloads\Versiones-Junit5\junit5-r5.0.2\junit-jupiter-engine\src\main\java\org\junit\jupiter\engine\discovery\TestMethodResolver.java">
<violation beginline="36" endline="36" begincolumn="2" endcolumn="45" rule="DefaultPackage" ruleset="Code Style" package="org.junit.jupiter.engine.discovery" class="TestMethodResolver" externalInfoUrl="https://pmd.github.io/pmd/pmd_rules_java_codestyle.html#defaultpackage" priority="3">
Use explicit scoping instead of the default package private level
</violation>
</file>
<file name="C:\Users\Sokaina\Downloads\Versiones-Junit5\junit5-r5.0.2\junit-jupiter-engine\src\main\java\org\junit\jupiter\engine\discovery\TestTemplateMethodResolver.java">
<violation beginline="37" endline="37" begincolumn="2" endcolumn="52" rule="DefaultPackage" ruleset="Code Style" package="org.junit.jupiter.engine.discovery" class="TestTemplateMethodResolver" externalInfoUrl="https://pmd.github.io/pmd/pmd_rules_java_codestyle.html#defaultpackage" priority="3">
Use explicit scoping instead of the default package private level
</violation>
</file>
<file name="C:\Users\Sokaina\Downloads\Versiones-Junit5\junit5-r5.0.2\junit-jupiter-engine\src\main\java\org\junit\jupiter\engine\discovery\predicates\IsInnerClass.java">
<violation beginline="35" endline="37" begincolumn="3" endcolumn="3" rule="SimplifyBooleanReturns" ruleset="Design" package="org.junit.jupiter.engine.discovery.predicates" class="IsInnerClass" method="test" externalInfoUrl="https://pmd.github.io/pmd/pmd_rules_java_design.html#simplifybooleanreturns" priority="3">
Avoid unnecessary if..then..else statements when returning booleans
</violation>
</file>
<file name="C:\Users\Sokaina\Downloads\Versiones-Junit5\junit5-r5.0.2\junit-jupiter-engine\src\main\java\org\junit\jupiter\engine\discovery\predicates\IsTestableMethod.java">
<violation beginline="11" endline="55" begincolumn="1" endcolumn="2" rule="TooManyStaticImports" ruleset="Code Style" package="org.junit.jupiter.engine.discovery.predicates" class="IsTestableMethod" externalInfoUrl="https://pmd.github.io/pmd/pmd_rules_java_codestyle.html#toomanystaticimports" priority="3">
Too many static imports may lead to messy code
</violation>
</file>
<file name="C:\Users\Sokaina\Downloads\Versiones-Junit5\junit5-r5.0.2\junit-jupiter-engine\src\main\java\org\junit\jupiter\engine\execution\ConditionEvaluator.java">
<violation beginline="79" endline="79" begincolumn="10" endcolumn="18" rule="AvoidCatchingGenericException" ruleset="Design" package="org.junit.jupiter.engine.execution" class="ConditionEvaluator" method="evaluate" externalInfoUrl="https://pmd.github.io/pmd/pmd_rules_java_design.html#avoidcatchinggenericexception" priority="3">
Avoid catching generic exceptions such as NullPointerException, RuntimeException, Exception in try-catch block
</violation>
<violation beginline="119" endline="119" begincolumn="39" endcolumn="45" rule="AvoidReassigningParameters" ruleset="Best Practices" package="org.junit.jupiter.engine.execution" class="ConditionEvaluator" method="convertToRegEx" variable="pattern" externalInfoUrl="https://pmd.github.io/pmd/pmd_rules_java_bestpractices.html#avoidreassigningparameters" priority="2">
Avoid reassigning parameters such as 'pattern'
</violation>
<violation beginline="119" endline="119" begincolumn="39" endcolumn="45" rule="AvoidReassigningParameters" ruleset="Best Practices" package="org.junit.jupiter.engine.execution" class="ConditionEvaluator" method="convertToRegEx" variable="pattern" externalInfoUrl="https://pmd.github.io/pmd/pmd_rules_java_bestpractices.html#avoidreassigningparameters" priority="2">
Avoid reassigning parameters such as 'pattern'
</violation>
<violation beginline="119" endline="119" begincolumn="39" endcolumn="45" rule="AvoidReassigningParameters" ruleset="Best Practices" package="org.junit.jupiter.engine.execution" class="ConditionEvaluator" method="convertToRegEx" variable="pattern" externalInfoUrl="https://pmd.github.io/pmd/pmd_rules_java_bestpractices.html#avoidreassigningparameters" priority="2">
Avoid reassigning parameters such as 'pattern'
</violation>
</file>
<file name="C:\Users\Sokaina\Downloads\Versiones-Junit5\junit5-r5.0.2\junit-jupiter-engine\src\main\java\org\junit\jupiter\engine\execution\ExecutableInvoker.java">
<violation beginline="217" endline="219" begincolumn="3" endcolumn="3" rule="AvoidRethrowingException" ruleset="Design" package="org.junit.jupiter.engine.execution" class="ExecutableInvoker" method="resolveParameter" externalInfoUrl="https://pmd.github.io/pmd/pmd_rules_java_design.html#avoidrethrowingexception" priority="3">
A catch statement that catches an exception only to rethrow it should be avoided.
</violation>
<violation beginline="220" endline="223" begincolumn="3" endcolumn="3" rule="AvoidCatchingThrowable" ruleset="Error Prone" package="org.junit.jupiter.engine.execution" class="ExecutableInvoker" method="resolveParameter" externalInfoUrl="https://pmd.github.io/pmd/pmd_rules_java_errorprone.html#avoidcatchingthrowable" priority="3">
A catch statement should never catch throwable since it includes errors.
</violation>
</file>
<file name="C:\Users\Sokaina\Downloads\Versiones-Junit5\junit5-r5.0.2\junit-jupiter-engine\src\main\java\org\junit\jupiter\engine\execution\ExtensionValuesStore.java">
<violation beginline="46" endline="49" begincolumn="2" endcolumn="2" rule="DefaultPackage" ruleset="Code Style" package="org.junit.jupiter.engine.execution" class="ExtensionValuesStore" externalInfoUrl="https://pmd.github.io/pmd/pmd_rules_java_codestyle.html#defaultpackage" priority="3">
Use explicit scoping instead of the default package private level
</violation>
<violation beginline="51" endline="54" begincolumn="2" endcolumn="2" rule="DefaultPackage" ruleset="Code Style" package="org.junit.jupiter.engine.execution" class="ExtensionValuesStore" externalInfoUrl="https://pmd.github.io/pmd/pmd_rules_java_codestyle.html#defaultpackage" priority="3">
Use explicit scoping instead of the default package private level
</violation>
<violation beginline="56" endline="68" begincolumn="2" endcolumn="2" rule="DefaultPackage" ruleset="Code Style" package="org.junit.jupiter.engine.execution" class="ExtensionValuesStore" externalInfoUrl="https://pmd.github.io/pmd/pmd_rules_java_codestyle.html#defaultpackage" priority="3">
Use explicit scoping instead of the default package private level
</violation>
<violation beginline="70" endline="73" begincolumn="2" endcolumn="2" rule="DefaultPackage" ruleset="Code Style" package="org.junit.jupiter.engine.execution" class="ExtensionValuesStore" externalInfoUrl="https://pmd.github.io/pmd/pmd_rules_java_codestyle.html#defaultpackage" priority="3">
Use explicit scoping instead of the default package private level
</violation>
<violation beginline="75" endline="77" begincolumn="2" endcolumn="2" rule="DefaultPackage" ruleset="Code Style" package="org.junit.jupiter.engine.execution" class="ExtensionValuesStore" externalInfoUrl="https://pmd.github.io/pmd/pmd_rules_java_codestyle.html#defaultpackage" priority="3">
Use explicit scoping instead of the default package private level
</violation>
<violation beginline="79" endline="82" begincolumn="2" endcolumn="2" rule="DefaultPackage" ruleset="Code Style" package="org.junit.jupiter.engine.execution" class="ExtensionValuesStore" externalInfoUrl="https://pmd.github.io/pmd/pmd_rules_java_codestyle.html#defaultpackage" priority="3">
Use explicit scoping instead of the default package private level
</violation>
<violation beginline="84" endline="87" begincolumn="2" endcolumn="2" rule="DefaultPackage" ruleset="Code Style" package="org.junit.jupiter.engine.execution" class="ExtensionValuesStore" externalInfoUrl="https://pmd.github.io/pmd/pmd_rules_java_codestyle.html#defaultpackage" priority="3">
Use explicit scoping instead of the default package private level
</violation>
</file>
<file name="C:\Users\Sokaina\Downloads\Versiones-Junit5\junit5-r5.0.2\junit-jupiter-engine\src\main\java\org\junit\jupiter\engine\execution\JupiterEngineExecutionContext.java">
<violation beginline="32" endline="32" begincolumn="18" endcolumn="49" rule="RedundantFieldInitializer" ruleset="Performance" package="org.junit.jupiter.engine.execution" class="JupiterEngineExecutionContext" variable="beforeAllMethodsExecuted" externalInfoUrl="https://pmd.github.io/pmd/pmd_rules_java_performance.html#redundantfieldinitializer" priority="3">
Avoid using redundant field initializer for 'beforeAllMethodsExecuted'
</violation>
<violation beginline="32" endline="32" begincolumn="10" endcolumn="50" rule="AvoidFieldNameMatchingMethodName" ruleset="Error Prone" package="org.junit.jupiter.engine.execution" class="JupiterEngineExecutionContext" variable="VariableDeclaratorId" externalInfoUrl="https://pmd.github.io/pmd/pmd_rules_java_errorprone.html#avoidfieldnamematchingmethodname" priority="3">
Field beforeAllMethodsExecuted has the same name as a method
</violation>
<violation beginline="81" endline="81" begincolumn="3" endcolumn="50" rule="DefaultPackage" ruleset="Code Style" package="org.junit.jupiter.engine.execution" class="JupiterEngineExecutionContext$State" externalInfoUrl="https://pmd.github.io/pmd/pmd_rules_java_codestyle.html#defaultpackage" priority="3">
Use explicit scoping instead of the default package private level
</violation>
<violation beginline="82" endline="82" begincolumn="3" endcolumn="56" rule="DefaultPackage" ruleset="Code Style" package="org.junit.jupiter.engine.execution" class="JupiterEngineExecutionContext$State" externalInfoUrl="https://pmd.github.io/pmd/pmd_rules_java_codestyle.html#defaultpackage" priority="3">
Use explicit scoping instead of the default package private level
</violation>
<violation beginline="83" endline="83" begincolumn="3" endcolumn="44" rule="DefaultPackage" ruleset="Code Style" package="org.junit.jupiter.engine.execution" class="JupiterEngineExecutionContext$State" externalInfoUrl="https://pmd.github.io/pmd/pmd_rules_java_codestyle.html#defaultpackage" priority="3">
Use explicit scoping instead of the default package private level
</violation>
<violation beginline="84" endline="84" begincolumn="3" endcolumn="38" rule="DefaultPackage" ruleset="Code Style" package="org.junit.jupiter.engine.execution" class="JupiterEngineExecutionContext$State" externalInfoUrl="https://pmd.github.io/pmd/pmd_rules_java_codestyle.html#defaultpackage" priority="3">
Use explicit scoping instead of the default package private level
</violation>
<violation beginline="85" endline="85" begincolumn="3" endcolumn="36" rule="DefaultPackage" ruleset="Code Style" package="org.junit.jupiter.engine.execution" class="JupiterEngineExecutionContext$State" externalInfoUrl="https://pmd.github.io/pmd/pmd_rules_java_codestyle.html#defaultpackage" priority="3">
Use explicit scoping instead of the default package private level
</violation>
<violation beginline="86" endline="86" begincolumn="3" endcolumn="40" rule="DefaultPackage" ruleset="Code Style" package="org.junit.jupiter.engine.execution" class="JupiterEngineExecutionContext$State" externalInfoUrl="https://pmd.github.io/pmd/pmd_rules_java_codestyle.html#defaultpackage" priority="3">
Use explicit scoping instead of the default package private level
</violation>
<violation beginline="108" endline="108" begincolumn="17" endcolumn="31" rule="RedundantFieldInitializer" ruleset="Performance" package="org.junit.jupiter.engine.execution" class="JupiterEngineExecutionContext$Builder" variable="newState" externalInfoUrl="https://pmd.github.io/pmd/pmd_rules_java_performance.html#redundantfieldinitializer" priority="3">
Avoid using redundant field initializer for 'newState'
</violation>
<violation beginline="108" endline="108" begincolumn="11" endcolumn="32" rule="AvoidFieldNameMatchingMethodName" ruleset="Error Prone" package="org.junit.jupiter.engine.execution" class="JupiterEngineExecutionContext$Builder" variable="VariableDeclaratorId" externalInfoUrl="https://pmd.github.io/pmd/pmd_rules_java_errorprone.html#avoidfieldnamematchingmethodname" priority="3">
Field newState has the same name as a method
</violation>
</file>
<file name="C:\Users\Sokaina\Downloads\Versiones-Junit5\junit5-r5.0.2\junit-jupiter-engine\src\main\java\org\junit\jupiter\engine\execution\NamespaceAwareStore.java">
<violation beginline="38" endline="38" begincolumn="30" endcolumn="51" rule="AvoidDuplicateLiterals" ruleset="Error Prone" package="org.junit.jupiter.engine.execution" class="NamespaceAwareStore" method="get" externalInfoUrl="https://pmd.github.io/pmd/pmd_rules_java_errorprone.html#avoidduplicateliterals" priority="3">
The String literal "key must not be null" appears 7 times in this file; the first occurrence is on line 38
</violation>
</file>
<file name="C:\Users\Sokaina\Downloads\Versiones-Junit5\junit5-r5.0.2\junit-jupiter-engine\src\main\java\org\junit\jupiter\engine\execution\ThrowableCollector.java">
<violation beginline="42" endline="44" begincolumn="3" endcolumn="3" rule="AvoidCatchingThrowable" ruleset="Error Prone" package="org.junit.jupiter.engine.execution" class="ThrowableCollector" method="execute" externalInfoUrl="https://pmd.github.io/pmd/pmd_rules_java_errorprone.html#avoidcatchingthrowable" priority="3">
A catch statement should never catch throwable since it includes errors.
</violation>
</file>
<file name="C:\Users\Sokaina\Downloads\Versiones-Junit5\junit5-r5.0.2\junit-jupiter-engine\src\main\java\org\junit\jupiter\engine\extension\ExtensionRegistry.java">
<violation beginline="51" endline="246" begincolumn="8" endcolumn="1" rule="ClassWithOnlyPrivateConstructorsShouldBeFinal" ruleset="Design" package="org.junit.jupiter.engine.extension" class="ExtensionRegistry" externalInfoUrl="https://pmd.github.io/pmd/pmd_rules_java_design.html#classwithonlyprivateconstructorsshouldbefinal" priority="1">
A class which only has private constructors should be final
</violation>
<violation beginline="124" endline="124" begincolumn="16" endcolumn="40" rule="FieldDeclarationsShouldBeAtStartOfClass" ruleset="Code Style" package="org.junit.jupiter.engine.extension" class="ExtensionRegistry" variable="VariableDeclaratorId" externalInfoUrl="https://pmd.github.io/pmd/pmd_rules_java_codestyle.html#fielddeclarationsshouldbeatstartofclass" priority="3">
Fields should be declared at the top of the class, before any method declarations, constructors, initializers or inner classes.
</violation>
<violation beginline="126" endline="126" begincolumn="16" endcolumn="96" rule="FieldDeclarationsShouldBeAtStartOfClass" ruleset="Code Style" package="org.junit.jupiter.engine.extension" class="ExtensionRegistry" variable="VariableDeclaratorId" externalInfoUrl="https://pmd.github.io/pmd/pmd_rules_java_codestyle.html#fielddeclarationsshouldbeatstartofclass" priority="3">
Fields should be declared at the top of the class, before any method declarations, constructors, initializers or inner classes.
</violation>
<violation beginline="128" endline="128" begincolumn="16" endcolumn="72" rule="FieldDeclarationsShouldBeAtStartOfClass" ruleset="Code Style" package="org.junit.jupiter.engine.extension" class="ExtensionRegistry" variable="VariableDeclaratorId" externalInfoUrl="https://pmd.github.io/pmd/pmd_rules_java_codestyle.html#fielddeclarationsshouldbeatstartofclass" priority="3">
Fields should be declared at the top of the class, before any method declarations, constructors, initializers or inner classes.
</violation>
<violation beginline="210" endline="215" begincolumn="2" endcolumn="2" rule="DefaultPackage" ruleset="Code Style" package="org.junit.jupiter.engine.extension" class="ExtensionRegistry" externalInfoUrl="https://pmd.github.io/pmd/pmd_rules_java_codestyle.html#defaultpackage" priority="3">
Use explicit scoping instead of the default package private level
</violation>
</file>
<file name="C:\Users\Sokaina\Downloads\Versiones-Junit5\junit5-r5.0.2\junit-jupiter-engine\src\main\java\org\junit\jupiter\engine\extension\RepeatedTestDisplayNameFormatter.java">
<violation beginline="34" endline="39" begincolumn="2" endcolumn="2" rule="DefaultPackage" ruleset="Code Style" package="org.junit.jupiter.engine.extension" class="RepeatedTestDisplayNameFormatter" externalInfoUrl="https://pmd.github.io/pmd/pmd_rules_java_codestyle.html#defaultpackage" priority="3">
Use explicit scoping instead of the default package private level
</violation>
</file>
<file name="C:\Users\Sokaina\Downloads\Versiones-Junit5\junit5-r5.0.2\junit-jupiter-engine\src\main\java\org\junit\jupiter\engine\extension\TestInfoParameterResolver.java">
<violation beginline="41" endline="91" begincolumn="17" endcolumn="2" rule="DataClass" ruleset="Design" package="org.junit.jupiter.engine.extension" class="TestInfoParameterResolver$DefaultTestInfo" externalInfoUrl="https://pmd.github.io/pmd/pmd_rules_java_design.html#dataclass" priority="3">
The class 'DefaultTestInfo' is suspected to be a Data Class (WOC=20.000%, NOPA=0, NOAM=4, WMC=8)
</violation>
</file>
<file name="C:\Users\Sokaina\Downloads\Versiones-Junit5\junit5-r5.0.2\junit-jupiter-engine\src\test\java\DefaultPackageTestCase.java">
<violation beginline="20" endline="28" begincolumn="1" endcolumn="1" rule="NoPackage" ruleset="Code Style" class="DefaultPackageTestCase" externalInfoUrl="https://pmd.github.io/pmd/pmd_rules_java_codestyle.html#nopackage" priority="3">
All classes, interfaces, enums and annotations must belong to a named package
</violation>
<violation beginline="24" endline="26" begincolumn="2" endcolumn="2" rule="JUnitTestsShouldIncludeAssert" ruleset="Best Practices" class="DefaultPackageTestCase" method="test" externalInfoUrl="https://pmd.github.io/pmd/pmd_rules_java_bestpractices.html#junittestsshouldincludeassert" priority="3">
JUnit tests should include assert() or fail()
</violation>
</file>
<file name="C:\Users\Sokaina\Downloads\Versiones-Junit5\junit5-r5.0.2\junit-jupiter-engine\src\test\java\org\junit\jupiter\api\AssertAllAssertionsTests.java">
<violation beginline="11" endline="168" begincolumn="1" endcolumn="2" rule="TooManyStaticImports" ruleset="Code Style" package="org.junit.jupiter.api" class="AssertAllAssertionsTests" externalInfoUrl="https://pmd.github.io/pmd/pmd_rules_java_codestyle.html#toomanystaticimports" priority="3">
Too many static imports may lead to messy code
</violation>
<violation beginline="38" endline="50" begincolumn="2" endcolumn="2" rule="JUnitTestContainsTooManyAsserts" ruleset="Best Practices" package="org.junit.jupiter.api" class="AssertAllAssertionsTests" method="assertAllWithNullInExecutableArray" externalInfoUrl="https://pmd.github.io/pmd/pmd_rules_java_bestpractices.html#junittestcontainstoomanyasserts" priority="3">
Unit tests should not contain more than 1 assert(s).
</violation>
<violation beginline="53" endline="60" begincolumn="2" endcolumn="2" rule="JUnitTestContainsTooManyAsserts" ruleset="Best Practices" package="org.junit.jupiter.api" class="AssertAllAssertionsTests" method="assertAllWithNullExecutableArray" externalInfoUrl="https://pmd.github.io/pmd/pmd_rules_java_bestpractices.html#junittestcontainstoomanyasserts" priority="3">
Unit tests should not contain more than 1 assert(s).
</violation>
<violation beginline="63" endline="70" begincolumn="2" endcolumn="2" rule="JUnitTestContainsTooManyAsserts" ruleset="Best Practices" package="org.junit.jupiter.api" class="AssertAllAssertionsTests" method="assertAllWithNullExecutableStream" externalInfoUrl="https://pmd.github.io/pmd/pmd_rules_java_bestpractices.html#junittestcontainstoomanyasserts" priority="3">
Unit tests should not contain more than 1 assert(s).
</violation>
<violation beginline="73" endline="81" begincolumn="2" endcolumn="2" rule="JUnitTestContainsTooManyAsserts" ruleset="Best Practices" package="org.junit.jupiter.api" class="AssertAllAssertionsTests" method="assertAllWithExecutablesThatDoNotThrowExceptions" externalInfoUrl="https://pmd.github.io/pmd/pmd_rules_java_bestpractices.html#junittestcontainstoomanyasserts" priority="3">
Unit tests should not contain more than 1 assert(s).
</violation>
<violation beginline="84" endline="95" begincolumn="2" endcolumn="2" rule="JUnitTestContainsTooManyAsserts" ruleset="Best Practices" package="org.junit.jupiter.api" class="AssertAllAssertionsTests" method="assertAllWithExecutablesThatThrowAssertionErrors" externalInfoUrl="https://pmd.github.io/pmd/pmd_rules_java_bestpractices.html#junittestcontainstoomanyasserts" priority="3">
Unit tests should not contain more than 1 assert(s).
</violation>
<violation beginline="98" endline="106" begincolumn="2" endcolumn="2" rule="JUnitTestContainsTooManyAsserts" ruleset="Best Practices" package="org.junit.jupiter.api" class="AssertAllAssertionsTests" method="assertAllWithStreamOfExecutablesThatThrowAssertionErrors" externalInfoUrl="https://pmd.github.io/pmd/pmd_rules_java_bestpractices.html#junittestcontainstoomanyasserts" priority="3">
Unit tests should not contain more than 1 assert(s).
</violation>
<violation beginline="109" endline="115" begincolumn="2" endcolumn="2" rule="JUnitTestContainsTooManyAsserts" ruleset="Best Practices" package="org.junit.jupiter.api" class="AssertAllAssertionsTests" method="assertAllWithExecutableThatThrowsThrowable" externalInfoUrl="https://pmd.github.io/pmd/pmd_rules_java_bestpractices.html#junittestcontainstoomanyasserts" priority="3">
Unit tests should not contain more than 1 assert(s).
</violation>
<violation beginline="118" endline="124" begincolumn="2" endcolumn="2" rule="JUnitTestContainsTooManyAsserts" ruleset="Best Practices" package="org.junit.jupiter.api" class="AssertAllAssertionsTests" method="assertAllWithExecutableThatThrowsCheckedException" externalInfoUrl="https://pmd.github.io/pmd/pmd_rules_java_bestpractices.html#junittestcontainstoomanyasserts" priority="3">
Unit tests should not contain more than 1 assert(s).
</violation>
<violation beginline="127" endline="133" begincolumn="2" endcolumn="2" rule="JUnitTestContainsTooManyAsserts" ruleset="Best Practices" package="org.junit.jupiter.api" class="AssertAllAssertionsTests" method="assertAllWithExecutableThatThrowsRuntimeException" externalInfoUrl="https://pmd.github.io/pmd/pmd_rules_java_bestpractices.html#junittestcontainstoomanyasserts" priority="3">
Unit tests should not contain more than 1 assert(s).
</violation>
<violation beginline="136" endline="141" begincolumn="2" endcolumn="2" rule="JUnitTestContainsTooManyAsserts" ruleset="Best Practices" package="org.junit.jupiter.api" class="AssertAllAssertionsTests" method="assertAllWithExecutableThatThrowsError" externalInfoUrl="https://pmd.github.io/pmd/pmd_rules_java_bestpractices.html#junittestcontainstoomanyasserts" priority="3">
Unit tests should not contain more than 1 assert(s).
</violation>
<violation beginline="144" endline="149" begincolumn="2" endcolumn="2" rule="JUnitTestContainsTooManyAsserts" ruleset="Best Practices" package="org.junit.jupiter.api" class="AssertAllAssertionsTests" method="assertAllWithExecutableThatThrowsBlacklistedException" externalInfoUrl="https://pmd.github.io/pmd/pmd_rules_java_bestpractices.html#junittestcontainstoomanyasserts" priority="3">
Unit tests should not contain more than 1 assert(s).
</violation>
<violation beginline="165" endline="165" begincolumn="47" endcolumn="55" rule="DoNotExtendJavaLangThrowable" ruleset="Error Prone" package="org.junit.jupiter.api" class="AssertAllAssertionsTests$EnigmaThrowable" externalInfoUrl="https://pmd.github.io/pmd/pmd_rules_java_errorprone.html#donotextendjavalangthrowable" priority="3">
Exceptions should not extend java.lang.Throwable
</violation>
</file>
<file name="C:\Users\Sokaina\Downloads\Versiones-Junit5\junit5-r5.0.2\junit-jupiter-engine\src\test\java\org\junit\jupiter\api\AssertArrayEqualsAssertionsTests.java">
<violation beginline="11" endline="1955" begincolumn="1" endcolumn="2" rule="TooManyStaticImports" ruleset="Code Style" package="org.junit.jupiter.api" class="AssertArrayEqualsAssertionsTests" externalInfoUrl="https://pmd.github.io/pmd/pmd_rules_java_codestyle.html#toomanystaticimports" priority="3">
Too many static imports may lead to messy code
</violation>
<violation beginline="29" endline="38" begincolumn="2" endcolumn="2" rule="JUnitTestContainsTooManyAsserts" ruleset="Best Practices" package="org.junit.jupiter.api" class="AssertArrayEqualsAssertionsTests" method="assertArrayEqualsWithNulls" externalInfoUrl="https://pmd.github.io/pmd/pmd_rules_java_bestpractices.html#junittestcontainstoomanyasserts" priority="3">
Unit tests should not contain more than 1 assert(s).
</violation>
<violation beginline="41" endline="45" begincolumn="2" endcolumn="2" rule="JUnitTestContainsTooManyAsserts" ruleset="Best Practices" package="org.junit.jupiter.api" class="AssertArrayEqualsAssertionsTests" method="assertArrayEqualsBooleanArrays" externalInfoUrl="https://pmd.github.io/pmd/pmd_rules_java_bestpractices.html#junittestcontainstoomanyasserts" priority="3">
Unit tests should not contain more than 1 assert(s).
</violation>
<violation beginline="48" endline="64" begincolumn="2" endcolumn="2" rule="JUnitTestContainsTooManyAsserts" ruleset="Best Practices" package="org.junit.jupiter.api" class="AssertArrayEqualsAssertionsTests" method="assertArrayEqualsBooleanArrayVsNull" externalInfoUrl="https://pmd.github.io/pmd/pmd_rules_java_bestpractices.html#junittestcontainstoomanyasserts" priority="3">
Unit tests should not contain more than 1 assert(s).
</violation>
<violation beginline="54" endline="54" begincolumn="28" endcolumn="54" rule="AvoidDuplicateLiterals" ruleset="Error Prone" package="org.junit.jupiter.api" class="AssertArrayEqualsAssertionsTests" method="assertArrayEqualsBooleanArrayVsNull" externalInfoUrl="https://pmd.github.io/pmd/pmd_rules_java_errorprone.html#avoidduplicateliterals" priority="3">
The String literal "expected array was &lt;null&gt;" appears 33 times in this file; the first occurrence is on line 54
</violation>
<violation beginline="62" endline="62" begincolumn="28" endcolumn="52" rule="AvoidDuplicateLiterals" ruleset="Error Prone" package="org.junit.jupiter.api" class="AssertArrayEqualsAssertionsTests" method="assertArrayEqualsBooleanArrayVsNull" externalInfoUrl="https://pmd.github.io/pmd/pmd_rules_java_errorprone.html#avoidduplicateliterals" priority="3">
The String literal "actual array was &lt;null&gt;" appears 33 times in this file; the first occurrence is on line 62
</violation>
<violation beginline="67" endline="85" begincolumn="2" endcolumn="2" rule="JUnitTestContainsTooManyAsserts" ruleset="Best Practices" package="org.junit.jupiter.api" class="AssertArrayEqualsAssertionsTests" method="assertArrayEqualsBooleanArrayVsNullAndMessage" externalInfoUrl="https://pmd.github.io/pmd/pmd_rules_java_bestpractices.html#junittestcontainstoomanyasserts" priority="3">
Unit tests should not contain more than 1 assert(s).
</violation>
<violation beginline="69" endline="69" begincolumn="59" endcolumn="67" rule="AvoidDuplicateLiterals" ruleset="Error Prone" package="org.junit.jupiter.api" class="AssertArrayEqualsAssertionsTests" method="assertArrayEqualsBooleanArrayVsNullAndMessage" externalInfoUrl="https://pmd.github.io/pmd/pmd_rules_java_errorprone.html#avoidduplicateliterals" priority="3">
The String literal "message" appears 196 times in this file; the first occurrence is on line 69
</violation>
<violation beginline="88" endline="106" begincolumn="2" endcolumn="2" rule="JUnitTestContainsTooManyAsserts" ruleset="Best Practices" package="org.junit.jupiter.api" class="AssertArrayEqualsAssertionsTests" method="assertArrayEqualsBooleanArrayVsNullAndMessageSupplier" externalInfoUrl="https://pmd.github.io/pmd/pmd_rules_java_bestpractices.html#junittestcontainstoomanyasserts" priority="3">
Unit tests should not contain more than 1 assert(s).
</violation>
<violation beginline="109" endline="117" begincolumn="2" endcolumn="2" rule="JUnitTestContainsTooManyAsserts" ruleset="Best Practices" package="org.junit.jupiter.api" class="AssertArrayEqualsAssertionsTests" method="assertArrayEqualsBooleanArraysOfDifferentLength" externalInfoUrl="https://pmd.github.io/pmd/pmd_rules_java_bestpractices.html#junittestcontainstoomanyasserts" priority="3">
Unit tests should not contain more than 1 assert(s).
</violation>
<violation beginline="115" endline="115" begincolumn="28" endcolumn="77" rule="AvoidDuplicateLiterals" ruleset="Error Prone" package="org.junit.jupiter.api" class="AssertArrayEqualsAssertionsTests" method="assertArrayEqualsBooleanArraysOfDifferentLength" externalInfoUrl="https://pmd.github.io/pmd/pmd_rules_java_errorprone.html#avoidduplicateliterals" priority="3">
The String literal "array lengths differ, expected: &lt;2&gt; but was: &lt;3&gt;" appears 7 times in this file; the first occurrence is on line 115
</violation>
<violation beginline="120" endline="129" begincolumn="2" endcolumn="2" rule="JUnitTestContainsTooManyAsserts" ruleset="Best Practices" package="org.junit.jupiter.api" class="AssertArrayEqualsAssertionsTests" method="assertArrayEqualsBooleanArraysOfDifferentLengthAndMessage" externalInfoUrl="https://pmd.github.io/pmd/pmd_rules_java_bestpractices.html#junittestcontainstoomanyasserts" priority="3">
Unit tests should not contain more than 1 assert(s).
</violation>
<violation beginline="132" endline="141" begincolumn="2" endcolumn="2" rule="JUnitTestContainsTooManyAsserts" ruleset="Best Practices" package="org.junit.jupiter.api" class="AssertArrayEqualsAssertionsTests" method="assertArrayEqualsBooleanArraysOfDifferentLengthAndMessageSupplier" externalInfoUrl="https://pmd.github.io/pmd/pmd_rules_java_bestpractices.html#junittestcontainstoomanyasserts" priority="3">
Unit tests should not contain more than 1 assert(s).
</violation>
<violation beginline="144" endline="152" begincolumn="2" endcolumn="2" rule="JUnitTestContainsTooManyAsserts" ruleset="Best Practices" package="org.junit.jupiter.api" class="AssertArrayEqualsAssertionsTests" method="assertArrayEqualsDifferentBooleanArrays" externalInfoUrl="https://pmd.github.io/pmd/pmd_rules_java_bestpractices.html#junittestcontainstoomanyasserts" priority="3">
Unit tests should not contain more than 1 assert(s).
</violation>
<violation beginline="155" endline="164" begincolumn="2" endcolumn="2" rule="JUnitTestContainsTooManyAsserts" ruleset="Best Practices" package="org.junit.jupiter.api" class="AssertArrayEqualsAssertionsTests" method="assertArrayEqualsDifferentBooleanArraysAndMessage" externalInfoUrl="https://pmd.github.io/pmd/pmd_rules_java_bestpractices.html#junittestcontainstoomanyasserts" priority="3">
Unit tests should not contain more than 1 assert(s).
</violation>
<violation beginline="167" endline="177" begincolumn="2" endcolumn="2" rule="JUnitTestContainsTooManyAsserts" ruleset="Best Practices" package="org.junit.jupiter.api" class="AssertArrayEqualsAssertionsTests" method="assertArrayEqualsDifferentBooleanArraysAndMessageSupplier" externalInfoUrl="https://pmd.github.io/pmd/pmd_rules_java_bestpractices.html#junittestcontainstoomanyasserts" priority="3">
Unit tests should not contain more than 1 assert(s).
</violation>
<violation beginline="180" endline="184" begincolumn="2" endcolumn="2" rule="JUnitTestContainsTooManyAsserts" ruleset="Best Practices" package="org.junit.jupiter.api" class="AssertArrayEqualsAssertionsTests" method="assertArrayEqualsCharArrays" externalInfoUrl="https://pmd.github.io/pmd/pmd_rules_java_bestpractices.html#junittestcontainstoomanyasserts" priority="3">
Unit tests should not contain more than 1 assert(s).
</violation>
<violation beginline="187" endline="203" begincolumn="2" endcolumn="2" rule="JUnitTestContainsTooManyAsserts" ruleset="Best Practices" package="org.junit.jupiter.api" class="AssertArrayEqualsAssertionsTests" method="assertArrayEqualsCharArrayVsNull" externalInfoUrl="https://pmd.github.io/pmd/pmd_rules_java_bestpractices.html#junittestcontainstoomanyasserts" priority="3">
Unit tests should not contain more than 1 assert(s).
</violation>
<violation beginline="206" endline="224" begincolumn="2" endcolumn="2" rule="JUnitTestContainsTooManyAsserts" ruleset="Best Practices" package="org.junit.jupiter.api" class="AssertArrayEqualsAssertionsTests" method="assertArrayEqualsCharArrayVsNullAndMessage" externalInfoUrl="https://pmd.github.io/pmd/pmd_rules_java_bestpractices.html#junittestcontainstoomanyasserts" priority="3">
Unit tests should not contain more than 1 assert(s).
</violation>
<violation beginline="227" endline="245" begincolumn="2" endcolumn="2" rule="JUnitTestContainsTooManyAsserts" ruleset="Best Practices" package="org.junit.jupiter.api" class="AssertArrayEqualsAssertionsTests" method="assertArrayEqualsCharArrayVsNullAndMessageSupplier" externalInfoUrl="https://pmd.github.io/pmd/pmd_rules_java_bestpractices.html#junittestcontainstoomanyasserts" priority="3">
Unit tests should not contain more than 1 assert(s).
</violation>
<violation beginline="248" endline="256" begincolumn="2" endcolumn="2" rule="JUnitTestContainsTooManyAsserts" ruleset="Best Practices" package="org.junit.jupiter.api" class="AssertArrayEqualsAssertionsTests" method="assertArrayEqualsCharArraysOfDifferentLength" externalInfoUrl="https://pmd.github.io/pmd/pmd_rules_java_bestpractices.html#junittestcontainstoomanyasserts" priority="3">
Unit tests should not contain more than 1 assert(s).
</violation>
<violation beginline="259" endline="268" begincolumn="2" endcolumn="2" rule="JUnitTestContainsTooManyAsserts" ruleset="Best Practices" package="org.junit.jupiter.api" class="AssertArrayEqualsAssertionsTests" method="assertArrayEqualsCharArraysOfDifferentLengthAndMessage" externalInfoUrl="https://pmd.github.io/pmd/pmd_rules_java_bestpractices.html#junittestcontainstoomanyasserts" priority="3">
Unit tests should not contain more than 1 assert(s).
</violation>
<violation beginline="271" endline="280" begincolumn="2" endcolumn="2" rule="JUnitTestContainsTooManyAsserts" ruleset="Best Practices" package="org.junit.jupiter.api" class="AssertArrayEqualsAssertionsTests" method="assertArrayEqualsCharArraysOfDifferentLengthAndMessageSupplier" externalInfoUrl="https://pmd.github.io/pmd/pmd_rules_java_bestpractices.html#junittestcontainstoomanyasserts" priority="3">
Unit tests should not contain more than 1 assert(s).
</violation>
<violation beginline="283" endline="291" begincolumn="2" endcolumn="2" rule="JUnitTestContainsTooManyAsserts" ruleset="Best Practices" package="org.junit.jupiter.api" class="AssertArrayEqualsAssertionsTests" method="assertArrayEqualsDifferentCharArrays" externalInfoUrl="https://pmd.github.io/pmd/pmd_rules_java_bestpractices.html#junittestcontainstoomanyasserts" priority="3">
Unit tests should not contain more than 1 assert(s).
</violation>
<violation beginline="294" endline="303" begincolumn="2" endcolumn="2" rule="JUnitTestContainsTooManyAsserts" ruleset="Best Practices" package="org.junit.jupiter.api" class="AssertArrayEqualsAssertionsTests" method="assertArrayEqualsDifferentCharArraysAndMessage" externalInfoUrl="https://pmd.github.io/pmd/pmd_rules_java_bestpractices.html#junittestcontainstoomanyasserts" priority="3">
Unit tests should not contain more than 1 assert(s).
</violation>
<violation beginline="306" endline="315" begincolumn="2" endcolumn="2" rule="JUnitTestContainsTooManyAsserts" ruleset="Best Practices" package="org.junit.jupiter.api" class="AssertArrayEqualsAssertionsTests" method="assertArrayEqualsDifferentCharArraysAndMessageSupplier" externalInfoUrl="https://pmd.github.io/pmd/pmd_rules_java_bestpractices.html#junittestcontainstoomanyasserts" priority="3">
Unit tests should not contain more than 1 assert(s).
</violation>
<violation beginline="318" endline="322" begincolumn="2" endcolumn="2" rule="JUnitTestContainsTooManyAsserts" ruleset="Best Practices" package="org.junit.jupiter.api" class="AssertArrayEqualsAssertionsTests" method="assertArrayEqualsByteArrays" externalInfoUrl="https://pmd.github.io/pmd/pmd_rules_java_bestpractices.html#junittestcontainstoomanyasserts" priority="3">
Unit tests should not contain more than 1 assert(s).
</violation>
<violation beginline="325" endline="341" begincolumn="2" endcolumn="2" rule="JUnitTestContainsTooManyAsserts" ruleset="Best Practices" package="org.junit.jupiter.api" class="AssertArrayEqualsAssertionsTests" method="assertArrayEqualsByteArrayVsNull" externalInfoUrl="https://pmd.github.io/pmd/pmd_rules_java_bestpractices.html#junittestcontainstoomanyasserts" priority="3">
Unit tests should not contain more than 1 assert(s).
</violation>
<violation beginline="344" endline="362" begincolumn="2" endcolumn="2" rule="JUnitTestContainsTooManyAsserts" ruleset="Best Practices" package="org.junit.jupiter.api" class="AssertArrayEqualsAssertionsTests" method="assertArrayEqualsByteArrayVsNullAndMessage" externalInfoUrl="https://pmd.github.io/pmd/pmd_rules_java_bestpractices.html#junittestcontainstoomanyasserts" priority="3">
Unit tests should not contain more than 1 assert(s).
</violation>
<violation beginline="365" endline="383" begincolumn="2" endcolumn="2" rule="JUnitTestContainsTooManyAsserts" ruleset="Best Practices" package="org.junit.jupiter.api" class="AssertArrayEqualsAssertionsTests" method="assertArrayEqualsByteArrayVsNullAndMessageSupplier" externalInfoUrl="https://pmd.github.io/pmd/pmd_rules_java_bestpractices.html#junittestcontainstoomanyasserts" priority="3">
Unit tests should not contain more than 1 assert(s).
</violation>
<violation beginline="386" endline="394" begincolumn="2" endcolumn="2" rule="JUnitTestContainsTooManyAsserts" ruleset="Best Practices" package="org.junit.jupiter.api" class="AssertArrayEqualsAssertionsTests" method="assertArrayEqualsByteArraysOfDifferentLength" externalInfoUrl="https://pmd.github.io/pmd/pmd_rules_java_bestpractices.html#junittestcontainstoomanyasserts" priority="3">
Unit tests should not contain more than 1 assert(s).
</violation>
<violation beginline="392" endline="392" begincolumn="28" endcolumn="77" rule="AvoidDuplicateLiterals" ruleset="Error Prone" package="org.junit.jupiter.api" class="AssertArrayEqualsAssertionsTests" method="assertArrayEqualsByteArraysOfDifferentLength" externalInfoUrl="https://pmd.github.io/pmd/pmd_rules_java_errorprone.html#avoidduplicateliterals" priority="3">
The String literal "array lengths differ, expected: &lt;3&gt; but was: &lt;4&gt;" appears 4 times in this file; the first occurrence is on line 392
</violation>
<violation beginline="397" endline="406" begincolumn="2" endcolumn="2" rule="JUnitTestContainsTooManyAsserts" ruleset="Best Practices" package="org.junit.jupiter.api" class="AssertArrayEqualsAssertionsTests" method="assertArrayEqualsByteArraysOfDifferentLengthAndMessage" externalInfoUrl="https://pmd.github.io/pmd/pmd_rules_java_bestpractices.html#junittestcontainstoomanyasserts" priority="3">
Unit tests should not contain more than 1 assert(s).
</violation>
<violation beginline="409" endline="418" begincolumn="2" endcolumn="2" rule="JUnitTestContainsTooManyAsserts" ruleset="Best Practices" package="org.junit.jupiter.api" class="AssertArrayEqualsAssertionsTests" method="assertArrayEqualsByteArraysOfDifferentLengthAndMessageSupplier" externalInfoUrl="https://pmd.github.io/pmd/pmd_rules_java_bestpractices.html#junittestcontainstoomanyasserts" priority="3">
Unit tests should not contain more than 1 assert(s).
</violation>
<violation beginline="421" endline="429" begincolumn="2" endcolumn="2" rule="JUnitTestContainsTooManyAsserts" ruleset="Best Practices" package="org.junit.jupiter.api" class="AssertArrayEqualsAssertionsTests" method="assertArrayEqualsDifferentByteArrays" externalInfoUrl="https://pmd.github.io/pmd/pmd_rules_java_bestpractices.html#junittestcontainstoomanyasserts" priority="3">
Unit tests should not contain more than 1 assert(s).
</violation>
<violation beginline="432" endline="441" begincolumn="2" endcolumn="2" rule="JUnitTestContainsTooManyAsserts" ruleset="Best Practices" package="org.junit.jupiter.api" class="AssertArrayEqualsAssertionsTests" method="assertArrayEqualsDifferentByteArraysAndMessage" externalInfoUrl="https://pmd.github.io/pmd/pmd_rules_java_bestpractices.html#junittestcontainstoomanyasserts" priority="3">
Unit tests should not contain more than 1 assert(s).
</violation>
<violation beginline="444" endline="454" begincolumn="2" endcolumn="2" rule="JUnitTestContainsTooManyAsserts" ruleset="Best Practices" package="org.junit.jupiter.api" class="AssertArrayEqualsAssertionsTests" method="assertArrayEqualsDifferentByteArraysAndMessageSupplier" externalInfoUrl="https://pmd.github.io/pmd/pmd_rules_java_bestpractices.html#junittestcontainstoomanyasserts" priority="3">
Unit tests should not contain more than 1 assert(s).
</violation>
<violation beginline="457" endline="461" begincolumn="2" endcolumn="2" rule="JUnitTestContainsTooManyAsserts" ruleset="Best Practices" package="org.junit.jupiter.api" class="AssertArrayEqualsAssertionsTests" method="assertArrayEqualsShortArrays" externalInfoUrl="https://pmd.github.io/pmd/pmd_rules_java_bestpractices.html#junittestcontainstoomanyasserts" priority="3">
Unit tests should not contain more than 1 assert(s).
</violation>
<violation beginline="464" endline="480" begincolumn="2" endcolumn="2" rule="JUnitTestContainsTooManyAsserts" ruleset="Best Practices" package="org.junit.jupiter.api" class="AssertArrayEqualsAssertionsTests" method="assertArrayEqualsShortArrayVsNull" externalInfoUrl="https://pmd.github.io/pmd/pmd_rules_java_bestpractices.html#junittestcontainstoomanyasserts" priority="3">
Unit tests should not contain more than 1 assert(s).
</violation>
<violation beginline="483" endline="501" begincolumn="2" endcolumn="2" rule="JUnitTestContainsTooManyAsserts" ruleset="Best Practices" package="org.junit.jupiter.api" class="AssertArrayEqualsAssertionsTests" method="assertArrayEqualsShortArrayVsNullAndMessage" externalInfoUrl="https://pmd.github.io/pmd/pmd_rules_java_bestpractices.html#junittestcontainstoomanyasserts" priority="3">
Unit tests should not contain more than 1 assert(s).
</violation>
<violation beginline="504" endline="522" begincolumn="2" endcolumn="2" rule="JUnitTestContainsTooManyAsserts" ruleset="Best Practices" package="org.junit.jupiter.api" class="AssertArrayEqualsAssertionsTests" method="assertArrayEqualsShortArrayVsNullAndMessageSupplier" externalInfoUrl="https://pmd.github.io/pmd/pmd_rules_java_bestpractices.html#junittestcontainstoomanyasserts" priority="3">
Unit tests should not contain more than 1 assert(s).
</violation>
<violation beginline="525" endline="533" begincolumn="2" endcolumn="2" rule="JUnitTestContainsTooManyAsserts" ruleset="Best Practices" package="org.junit.jupiter.api" class="AssertArrayEqualsAssertionsTests" method="assertArrayEqualsShortArraysOfDifferentLength" externalInfoUrl="https://pmd.github.io/pmd/pmd_rules_java_bestpractices.html#junittestcontainstoomanyasserts" priority="3">
Unit tests should not contain more than 1 assert(s).
</violation>
<violation beginline="536" endline="545" begincolumn="2" endcolumn="2" rule="JUnitTestContainsTooManyAsserts" ruleset="Best Practices" package="org.junit.jupiter.api" class="AssertArrayEqualsAssertionsTests" method="assertArrayEqualsShortArraysOfDifferentLengthAndMessage" externalInfoUrl="https://pmd.github.io/pmd/pmd_rules_java_bestpractices.html#junittestcontainstoomanyasserts" priority="3">
Unit tests should not contain more than 1 assert(s).
</violation>
<violation beginline="548" endline="557" begincolumn="2" endcolumn="2" rule="JUnitTestContainsTooManyAsserts" ruleset="Best Practices" package="org.junit.jupiter.api" class="AssertArrayEqualsAssertionsTests" method="assertArrayEqualsShortArraysOfDifferentLengthAndMessageSupplier" externalInfoUrl="https://pmd.github.io/pmd/pmd_rules_java_bestpractices.html#junittestcontainstoomanyasserts" priority="3">
Unit tests should not contain more than 1 assert(s).
</violation>
<violation beginline="560" endline="568" begincolumn="2" endcolumn="2" rule="JUnitTestContainsTooManyAsserts" ruleset="Best Practices" package="org.junit.jupiter.api" class="AssertArrayEqualsAssertionsTests" method="assertArrayEqualsDifferentShortArrays" externalInfoUrl="https://pmd.github.io/pmd/pmd_rules_java_bestpractices.html#junittestcontainstoomanyasserts" priority="3">
Unit tests should not contain more than 1 assert(s).
</violation>
<violation beginline="562" endline="562" begincolumn="51" endcolumn="55" rule="UseUnderscoresInNumericLiterals" ruleset="Code Style" package="org.junit.jupiter.api" class="AssertArrayEqualsAssertionsTests" method="assertArrayEqualsDifferentShortArrays" externalInfoUrl="https://pmd.github.io/pmd/pmd_rules_java_codestyle.html#useunderscoresinnumericliterals" priority="3">
Number 10000 should separate every third digit with an underscore
</violation>
<violation beginline="571" endline="580" begincolumn="2" endcolumn="2" rule="JUnitTestContainsTooManyAsserts" ruleset="Best Practices" package="org.junit.jupiter.api" class="AssertArrayEqualsAssertionsTests" method="assertArrayEqualsDifferentShortArraysAndMessage" externalInfoUrl="https://pmd.github.io/pmd/pmd_rules_java_bestpractices.html#junittestcontainstoomanyasserts" priority="3">
Unit tests should not contain more than 1 assert(s).
</violation>
<violation beginline="583" endline="593" begincolumn="2" endcolumn="2" rule="JUnitTestContainsTooManyAsserts" ruleset="Best Practices" package="org.junit.jupiter.api" class="AssertArrayEqualsAssertionsTests" method="assertArrayEqualsDifferentShortArraysAndMessageSupplier" externalInfoUrl="https://pmd.github.io/pmd/pmd_rules_java_bestpractices.html#junittestcontainstoomanyasserts" priority="3">
Unit tests should not contain more than 1 assert(s).
</violation>
<violation beginline="596" endline="600" begincolumn="2" endcolumn="2" rule="JUnitTestContainsTooManyAsserts" ruleset="Best Practices" package="org.junit.jupiter.api" class="AssertArrayEqualsAssertionsTests" method="assertArrayEqualsIntArrays" externalInfoUrl="https://pmd.github.io/pmd/pmd_rules_java_bestpractices.html#junittestcontainstoomanyasserts" priority="3">
Unit tests should not contain more than 1 assert(s).
</violation>
<violation beginline="603" endline="619" begincolumn="2" endcolumn="2" rule="JUnitTestContainsTooManyAsserts" ruleset="Best Practices" package="org.junit.jupiter.api" class="AssertArrayEqualsAssertionsTests" method="assertArrayEqualsIntArrayVsNull" externalInfoUrl="https://pmd.github.io/pmd/pmd_rules_java_bestpractices.html#junittestcontainstoomanyasserts" priority="3">
Unit tests should not contain more than 1 assert(s).
</violation>
<violation beginline="622" endline="640" begincolumn="2" endcolumn="2" rule="JUnitTestContainsTooManyAsserts" ruleset="Best Practices" package="org.junit.jupiter.api" class="AssertArrayEqualsAssertionsTests" method="assertArrayEqualsIntArrayVsNullAndMessage" externalInfoUrl="https://pmd.github.io/pmd/pmd_rules_java_bestpractices.html#junittestcontainstoomanyasserts" priority="3">
Unit tests should not contain more than 1 assert(s).
</violation>
<violation beginline="633" endline="633" begincolumn="42" endcolumn="48" rule="UseUnderscoresInNumericLiterals" ruleset="Code Style" package="org.junit.jupiter.api" class="AssertArrayEqualsAssertionsTests" method="assertArrayEqualsIntArrayVsNullAndMessage" externalInfoUrl="https://pmd.github.io/pmd/pmd_rules_java_codestyle.html#useunderscoresinnumericliterals" priority="3">
Number 77_7777 should separate every third digit with an underscore
</violation>
<violation beginline="643" endline="661" begincolumn="2" endcolumn="2" rule="JUnitTestContainsTooManyAsserts" ruleset="Best Practices" package="org.junit.jupiter.api" class="AssertArrayEqualsAssertionsTests" method="assertArrayEqualsIntArrayVsNullAndMessageSupplier" externalInfoUrl="https://pmd.github.io/pmd/pmd_rules_java_bestpractices.html#junittestcontainstoomanyasserts" priority="3">
Unit tests should not contain more than 1 assert(s).
</violation>
<violation beginline="645" endline="645" begincolumn="58" endcolumn="62" rule="UseUnderscoresInNumericLiterals" ruleset="Code Style" package="org.junit.jupiter.api" class="AssertArrayEqualsAssertionsTests" method="assertArrayEqualsIntArrayVsNullAndMessageSupplier" externalInfoUrl="https://pmd.github.io/pmd/pmd_rules_java_codestyle.html#useunderscoresinnumericliterals" priority="3">
Number 10000 should separate every third digit with an underscore
</violation>
<violation beginline="645" endline="645" begincolumn="65" endcolumn="70" rule="UseUnderscoresInNumericLiterals" ruleset="Code Style" package="org.junit.jupiter.api" class="AssertArrayEqualsAssertionsTests" method="assertArrayEqualsIntArrayVsNullAndMessageSupplier" externalInfoUrl="https://pmd.github.io/pmd/pmd_rules_java_codestyle.html#useunderscoresinnumericliterals" priority="3">
Number 100000 should separate every third digit with an underscore
</violation>
<violation beginline="654" endline="654" begincolumn="42" endcolumn="46" rule="UseUnderscoresInNumericLiterals" ruleset="Code Style" package="org.junit.jupiter.api" class="AssertArrayEqualsAssertionsTests" method="assertArrayEqualsIntArrayVsNullAndMessageSupplier" externalInfoUrl="https://pmd.github.io/pmd/pmd_rules_java_codestyle.html#useunderscoresinnumericliterals" priority="3">
Number 10000 should separate every third digit with an underscore
</violation>
<violation beginline="654" endline="654" begincolumn="34" endcolumn="39" rule="UseUnderscoresInNumericLiterals" ruleset="Code Style" package="org.junit.jupiter.api" class="AssertArrayEqualsAssertionsTests" method="assertArrayEqualsIntArrayVsNullAndMessageSupplier" externalInfoUrl="https://pmd.github.io/pmd/pmd_rules_java_codestyle.html#useunderscoresinnumericliterals" priority="3">
Number 100000 should separate every third digit with an underscore
</violation>
<violation beginline="664" endline="672" begincolumn="2" endcolumn="2" rule="JUnitTestContainsTooManyAsserts" ruleset="Best Practices" package="org.junit.jupiter.api" class="AssertArrayEqualsAssertionsTests" method="assertArrayEqualsIntArraysOfDifferentLength" externalInfoUrl="https://pmd.github.io/pmd/pmd_rules_java_bestpractices.html#junittestcontainstoomanyasserts" priority="3">
Unit tests should not contain more than 1 assert(s).
</violation>
<violation beginline="675" endline="684" begincolumn="2" endcolumn="2" rule="JUnitTestContainsTooManyAsserts" ruleset="Best Practices" package="org.junit.jupiter.api" class="AssertArrayEqualsAssertionsTests" method="assertArrayEqualsIntArraysOfDifferentLengthAndMessage" externalInfoUrl="https://pmd.github.io/pmd/pmd_rules_java_bestpractices.html#junittestcontainstoomanyasserts" priority="3">
Unit tests should not contain more than 1 assert(s).
</violation>
<violation beginline="682" endline="682" begincolumn="30" endcolumn="79" rule="AvoidDuplicateLiterals" ruleset="Error Prone" package="org.junit.jupiter.api" class="AssertArrayEqualsAssertionsTests" method="assertArrayEqualsIntArraysOfDifferentLengthAndMessage" externalInfoUrl="https://pmd.github.io/pmd/pmd_rules_java_errorprone.html#avoidduplicateliterals" priority="3">
The String literal "array lengths differ, expected: &lt;4&gt; but was: &lt;3&gt;" appears 4 times in this file; the first occurrence is on line 682
</violation>
<violation beginline="687" endline="697" begincolumn="2" endcolumn="2" rule="JUnitTestContainsTooManyAsserts" ruleset="Best Practices" package="org.junit.jupiter.api" class="AssertArrayEqualsAssertionsTests" method="assertArrayEqualsIntArraysOfDifferentLengthAndMessageSupplier" externalInfoUrl="https://pmd.github.io/pmd/pmd_rules_java_bestpractices.html#junittestcontainstoomanyasserts" priority="3">
Unit tests should not contain more than 1 assert(s).
</violation>
<violation beginline="700" endline="708" begincolumn="2" endcolumn="2" rule="JUnitTestContainsTooManyAsserts" ruleset="Best Practices" package="org.junit.jupiter.api" class="AssertArrayEqualsAssertionsTests" method="assertArrayEqualsDifferentIntArrays" externalInfoUrl="https://pmd.github.io/pmd/pmd_rules_java_bestpractices.html#junittestcontainstoomanyasserts" priority="3">
Unit tests should not contain more than 1 assert(s).
</violation>
<violation beginline="711" endline="721" begincolumn="2" endcolumn="2" rule="JUnitTestContainsTooManyAsserts" ruleset="Best Practices" package="org.junit.jupiter.api" class="AssertArrayEqualsAssertionsTests" method="assertArrayEqualsDifferentIntArraysAndMessage" externalInfoUrl="https://pmd.github.io/pmd/pmd_rules_java_bestpractices.html#junittestcontainstoomanyasserts" priority="3">
Unit tests should not contain more than 1 assert(s).
</violation>
<violation beginline="724" endline="735" begincolumn="2" endcolumn="2" rule="JUnitTestContainsTooManyAsserts" ruleset="Best Practices" package="org.junit.jupiter.api" class="AssertArrayEqualsAssertionsTests" method="assertArrayEqualsDifferentIntArraysAndMessageSupplier" externalInfoUrl="https://pmd.github.io/pmd/pmd_rules_java_bestpractices.html#junittestcontainstoomanyasserts" priority="3">
Unit tests should not contain more than 1 assert(s).
</violation>
<violation beginline="738" endline="742" begincolumn="2" endcolumn="2" rule="JUnitTestContainsTooManyAsserts" ruleset="Best Practices" package="org.junit.jupiter.api" class="AssertArrayEqualsAssertionsTests" method="assertArrayEqualsLongArrays" externalInfoUrl="https://pmd.github.io/pmd/pmd_rules_java_bestpractices.html#junittestcontainstoomanyasserts" priority="3">
Unit tests should not contain more than 1 assert(s).
</violation>
<violation beginline="745" endline="761" begincolumn="2" endcolumn="2" rule="JUnitTestContainsTooManyAsserts" ruleset="Best Practices" package="org.junit.jupiter.api" class="AssertArrayEqualsAssertionsTests" method="assertArrayEqualsLongArrayVsNull" externalInfoUrl="https://pmd.github.io/pmd/pmd_rules_java_bestpractices.html#junittestcontainstoomanyasserts" priority="3">
Unit tests should not contain more than 1 assert(s).
</violation>
<violation beginline="764" endline="782" begincolumn="2" endcolumn="2" rule="JUnitTestContainsTooManyAsserts" ruleset="Best Practices" package="org.junit.jupiter.api" class="AssertArrayEqualsAssertionsTests" method="assertArrayEqualsLongArrayVsNullAndMessage" externalInfoUrl="https://pmd.github.io/pmd/pmd_rules_java_bestpractices.html#junittestcontainstoomanyasserts" priority="3">
Unit tests should not contain more than 1 assert(s).
</violation>
<violation beginline="766" endline="766" begincolumn="51" endcolumn="56" rule="UseUnderscoresInNumericLiterals" ruleset="Code Style" package="org.junit.jupiter.api" class="AssertArrayEqualsAssertionsTests" method="assertArrayEqualsLongArrayVsNullAndMessage" externalInfoUrl="https://pmd.github.io/pmd/pmd_rules_java_codestyle.html#useunderscoresinnumericliterals" priority="3">
Number 424242 should separate every third digit with an underscore
</violation>
<violation beginline="766" endline="766" begincolumn="59" endcolumn="69" rule="UseUnderscoresInNumericLiterals" ruleset="Code Style" package="org.junit.jupiter.api" class="AssertArrayEqualsAssertionsTests" method="assertArrayEqualsLongArrayVsNullAndMessage" externalInfoUrl="https://pmd.github.io/pmd/pmd_rules_java_codestyle.html#useunderscoresinnumericliterals" priority="3">
Number 4242424242L should separate every third digit with an underscore
</violation>
<violation beginline="775" endline="775" begincolumn="48" endcolumn="53" rule="UseUnderscoresInNumericLiterals" ruleset="Code Style" package="org.junit.jupiter.api" class="AssertArrayEqualsAssertionsTests" method="assertArrayEqualsLongArrayVsNullAndMessage" externalInfoUrl="https://pmd.github.io/pmd/pmd_rules_java_codestyle.html#useunderscoresinnumericliterals" priority="3">
Number 424242 should separate every third digit with an underscore
</violation>
<violation beginline="775" endline="775" begincolumn="35" endcolumn="45" rule="UseUnderscoresInNumericLiterals" ruleset="Code Style" package="org.junit.jupiter.api" class="AssertArrayEqualsAssertionsTests" method="assertArrayEqualsLongArrayVsNullAndMessage" externalInfoUrl="https://pmd.github.io/pmd/pmd_rules_java_codestyle.html#useunderscoresinnumericliterals" priority="3">
Number 4242424242L should separate every third digit with an underscore
</violation>
<violation beginline="785" endline="803" begincolumn="2" endcolumn="2" rule="JUnitTestContainsTooManyAsserts" ruleset="Best Practices" package="org.junit.jupiter.api" class="AssertArrayEqualsAssertionsTests" method="assertArrayEqualsLongArrayVsNullAndMessageSupplier" externalInfoUrl="https://pmd.github.io/pmd/pmd_rules_java_bestpractices.html#junittestcontainstoomanyasserts" priority="3">
Unit tests should not contain more than 1 assert(s).
</violation>
<violation beginline="787" endline="787" begincolumn="41" endcolumn="52" rule="UseUnderscoresInNumericLiterals" ruleset="Code Style" package="org.junit.jupiter.api" class="AssertArrayEqualsAssertionsTests" method="assertArrayEqualsLongArrayVsNullAndMessageSupplier" externalInfoUrl="https://pmd.github.io/pmd/pmd_rules_java_codestyle.html#useunderscoresinnumericliterals" priority="3">
Number 12345678910L should separate every third digit with an underscore
</violation>
<violation beginline="796" endline="796" begincolumn="45" endcolumn="56" rule="UseUnderscoresInNumericLiterals" ruleset="Code Style" package="org.junit.jupiter.api" class="AssertArrayEqualsAssertionsTests" method="assertArrayEqualsLongArrayVsNullAndMessageSupplier" externalInfoUrl="https://pmd.github.io/pmd/pmd_rules_java_codestyle.html#useunderscoresinnumericliterals" priority="3">
Number 12345678910L should separate every third digit with an underscore
</violation>
<violation beginline="806" endline="814" begincolumn="2" endcolumn="2" rule="JUnitTestContainsTooManyAsserts" ruleset="Best Practices" package="org.junit.jupiter.api" class="AssertArrayEqualsAssertionsTests" method="assertArrayEqualsLongArraysOfDifferentLength" externalInfoUrl="https://pmd.github.io/pmd/pmd_rules_java_bestpractices.html#junittestcontainstoomanyasserts" priority="3">
Unit tests should not contain more than 1 assert(s).
</violation>
<violation beginline="817" endline="826" begincolumn="2" endcolumn="2" rule="JUnitTestContainsTooManyAsserts" ruleset="Best Practices" package="org.junit.jupiter.api" class="AssertArrayEqualsAssertionsTests" method="assertArrayEqualsLongArraysOfDifferentLengthAndMessage" externalInfoUrl="https://pmd.github.io/pmd/pmd_rules_java_bestpractices.html#junittestcontainstoomanyasserts" priority="3">
Unit tests should not contain more than 1 assert(s).
</violation>
<violation beginline="829" endline="839" begincolumn="2" endcolumn="2" rule="JUnitTestContainsTooManyAsserts" ruleset="Best Practices" package="org.junit.jupiter.api" class="AssertArrayEqualsAssertionsTests" method="assertArrayEqualsLongArraysOfDifferentLengthAndMessageSupplier" externalInfoUrl="https://pmd.github.io/pmd/pmd_rules_java_bestpractices.html#junittestcontainstoomanyasserts" priority="3">
Unit tests should not contain more than 1 assert(s).
</violation>
<violation beginline="842" endline="850" begincolumn="2" endcolumn="2" rule="JUnitTestContainsTooManyAsserts" ruleset="Best Practices" package="org.junit.jupiter.api" class="AssertArrayEqualsAssertionsTests" method="assertArrayEqualsDifferentLongArrays" externalInfoUrl="https://pmd.github.io/pmd/pmd_rules_java_bestpractices.html#junittestcontainstoomanyasserts" priority="3">
Unit tests should not contain more than 1 assert(s).
</violation>
<violation beginline="853" endline="863" begincolumn="2" endcolumn="2" rule="JUnitTestContainsTooManyAsserts" ruleset="Best Practices" package="org.junit.jupiter.api" class="AssertArrayEqualsAssertionsTests" method="assertArrayEqualsDifferentLongArraysAndMessage" externalInfoUrl="https://pmd.github.io/pmd/pmd_rules_java_bestpractices.html#junittestcontainstoomanyasserts" priority="3">
Unit tests should not contain more than 1 assert(s).
</violation>
<violation beginline="866" endline="875" begincolumn="2" endcolumn="2" rule="JUnitTestContainsTooManyAsserts" ruleset="Best Practices" package="org.junit.jupiter.api" class="AssertArrayEqualsAssertionsTests" method="assertArrayEqualsDifferentLongArraysAndMessageSupplier" externalInfoUrl="https://pmd.github.io/pmd/pmd_rules_java_bestpractices.html#junittestcontainstoomanyasserts" priority="3">
Unit tests should not contain more than 1 assert(s).
</violation>
<violation beginline="878" endline="886" begincolumn="2" endcolumn="2" rule="JUnitTestContainsTooManyAsserts" ruleset="Best Practices" package="org.junit.jupiter.api" class="AssertArrayEqualsAssertionsTests" method="assertArrayEqualsFloatArrays" externalInfoUrl="https://pmd.github.io/pmd/pmd_rules_java_bestpractices.html#junittestcontainstoomanyasserts" priority="3">
Unit tests should not contain more than 1 assert(s).
</violation>
<violation beginline="889" endline="905" begincolumn="2" endcolumn="2" rule="JUnitTestContainsTooManyAsserts" ruleset="Best Practices" package="org.junit.jupiter.api" class="AssertArrayEqualsAssertionsTests" method="assertArrayEqualsFloatArrayVsNull" externalInfoUrl="https://pmd.github.io/pmd/pmd_rules_java_bestpractices.html#junittestcontainstoomanyasserts" priority="3">
Unit tests should not contain more than 1 assert(s).
</violation>
<violation beginline="908" endline="926" begincolumn="2" endcolumn="2" rule="JUnitTestContainsTooManyAsserts" ruleset="Best Practices" package="org.junit.jupiter.api" class="AssertArrayEqualsAssertionsTests" method="assertArrayEqualsFloatArrayVsNullAndMessage" externalInfoUrl="https://pmd.github.io/pmd/pmd_rules_java_bestpractices.html#junittestcontainstoomanyasserts" priority="3">
Unit tests should not contain more than 1 assert(s).
</violation>
<violation beginline="929" endline="947" begincolumn="2" endcolumn="2" rule="JUnitTestContainsTooManyAsserts" ruleset="Best Practices" package="org.junit.jupiter.api" class="AssertArrayEqualsAssertionsTests" method="assertArrayEqualsFloatArrayVsNullAndMessageSupplier" externalInfoUrl="https://pmd.github.io/pmd/pmd_rules_java_bestpractices.html#junittestcontainstoomanyasserts" priority="3">
Unit tests should not contain more than 1 assert(s).
</violation>
<violation beginline="950" endline="958" begincolumn="2" endcolumn="2" rule="JUnitTestContainsTooManyAsserts" ruleset="Best Practices" package="org.junit.jupiter.api" class="AssertArrayEqualsAssertionsTests" method="assertArrayEqualsFloatArraysOfDifferentLength" externalInfoUrl="https://pmd.github.io/pmd/pmd_rules_java_bestpractices.html#junittestcontainstoomanyasserts" priority="3">
Unit tests should not contain more than 1 assert(s).
</violation>
<violation beginline="961" endline="970" begincolumn="2" endcolumn="2" rule="JUnitTestContainsTooManyAsserts" ruleset="Best Practices" package="org.junit.jupiter.api" class="AssertArrayEqualsAssertionsTests" method="assertArrayEqualsFloatArraysOfDifferentLengthAndMessage" externalInfoUrl="https://pmd.github.io/pmd/pmd_rules_java_bestpractices.html#junittestcontainstoomanyasserts" priority="3">
Unit tests should not contain more than 1 assert(s).
</violation>
<violation beginline="973" endline="983" begincolumn="2" endcolumn="2" rule="JUnitTestContainsTooManyAsserts" ruleset="Best Practices" package="org.junit.jupiter.api" class="AssertArrayEqualsAssertionsTests" method="assertArrayEqualsFloatArraysOfDifferentLengthAndMessageSupplier" externalInfoUrl="https://pmd.github.io/pmd/pmd_rules_java_bestpractices.html#junittestcontainstoomanyasserts" priority="3">
Unit tests should not contain more than 1 assert(s).
</violation>
<violation beginline="986" endline="1002" begincolumn="2" endcolumn="2" rule="JUnitTestContainsTooManyAsserts" ruleset="Best Practices" package="org.junit.jupiter.api" class="AssertArrayEqualsAssertionsTests" method="assertArrayEqualsDifferentFloatArrays" externalInfoUrl="https://pmd.github.io/pmd/pmd_rules_java_bestpractices.html#junittestcontainstoomanyasserts" priority="3">
Unit tests should not contain more than 1 assert(s).
</violation>
<violation beginline="1005" endline="1015" begincolumn="2" endcolumn="2" rule="JUnitTestContainsTooManyAsserts" ruleset="Best Practices" package="org.junit.jupiter.api" class="AssertArrayEqualsAssertionsTests" method="assertArrayEqualsDifferentFloatArraysAndMessage" externalInfoUrl="https://pmd.github.io/pmd/pmd_rules_java_bestpractices.html#junittestcontainstoomanyasserts" priority="3">
Unit tests should not contain more than 1 assert(s).
</violation>
<violation beginline="1018" endline="1028" begincolumn="2" endcolumn="2" rule="JUnitTestContainsTooManyAsserts" ruleset="Best Practices" package="org.junit.jupiter.api" class="AssertArrayEqualsAssertionsTests" method="assertArrayEqualsDifferentFloatArraysAndMessageSupplier" externalInfoUrl="https://pmd.github.io/pmd/pmd_rules_java_bestpractices.html#junittestcontainstoomanyasserts" priority="3">
Unit tests should not contain more than 1 assert(s).
</violation>
<violation beginline="1031" endline="1039" begincolumn="2" endcolumn="2" rule="JUnitTestContainsTooManyAsserts" ruleset="Best Practices" package="org.junit.jupiter.api" class="AssertArrayEqualsAssertionsTests" method="assertArrayEqualsDeltaFloatArrays" externalInfoUrl="https://pmd.github.io/pmd/pmd_rules_java_bestpractices.html#junittestcontainstoomanyasserts" priority="3">
Unit tests should not contain more than 1 assert(s).
</violation>
<violation beginline="1035" endline="1035" begincolumn="51" endcolumn="58" rule="UseUnderscoresInNumericLiterals" ruleset="Code Style" package="org.junit.jupiter.api" class="AssertArrayEqualsAssertionsTests" method="assertArrayEqualsDeltaFloatArrays" externalInfoUrl="https://pmd.github.io/pmd/pmd_rules_java_codestyle.html#useunderscoresinnumericliterals" priority="3">
Number 1.01001F should separate every third digit with an underscore
</violation>
<violation beginline="1042" endline="1072" begincolumn="2" endcolumn="2" rule="JUnitTestContainsTooManyAsserts" ruleset="Best Practices" package="org.junit.jupiter.api" class="AssertArrayEqualsAssertionsTests" method="assertArrayEqualsDeltaFloatArraysThrowsForIllegalDelta" externalInfoUrl="https://pmd.github.io/pmd/pmd_rules_java_bestpractices.html#junittestcontainstoomanyasserts" priority="3">
Unit tests should not contain more than 1 assert(s).
</violation>
<violation beginline="1048" endline="1048" begincolumn="28" endcolumn="68" rule="AvoidDuplicateLiterals" ruleset="Error Prone" package="org.junit.jupiter.api" class="AssertArrayEqualsAssertionsTests" method="assertArrayEqualsDeltaFloatArraysThrowsForIllegalDelta" externalInfoUrl="https://pmd.github.io/pmd/pmd_rules_java_errorprone.html#avoidduplicateliterals" priority="3">
The String literal "positive delta expected but was: &lt;-0.5&gt;" appears 4 times in this file; the first occurrence is on line 1.048
</violation>
<violation beginline="1055" endline="1055" begincolumn="28" endcolumn="67" rule="AvoidDuplicateLiterals" ruleset="Error Prone" package="org.junit.jupiter.api" class="AssertArrayEqualsAssertionsTests" method="assertArrayEqualsDeltaFloatArraysThrowsForIllegalDelta" externalInfoUrl="https://pmd.github.io/pmd/pmd_rules_java_errorprone.html#avoidduplicateliterals" priority="3">
The String literal "positive delta expected but was: &lt;NaN&gt;" appears 4 times in this file; the first occurrence is on line 1.055
</violation>
<violation beginline="1075" endline="1091" begincolumn="2" endcolumn="2" rule="JUnitTestContainsTooManyAsserts" ruleset="Best Practices" package="org.junit.jupiter.api" class="AssertArrayEqualsAssertionsTests" method="assertArrayEqualsDeltaFloatArrayVsNull" externalInfoUrl="https://pmd.github.io/pmd/pmd_rules_java_bestpractices.html#junittestcontainstoomanyasserts" priority="3">
Unit tests should not contain more than 1 assert(s).
</violation>
<violation beginline="1094" endline="1112" begincolumn="2" endcolumn="2" rule="JUnitTestContainsTooManyAsserts" ruleset="Best Practices" package="org.junit.jupiter.api" class="AssertArrayEqualsAssertionsTests" method="assertArrayEqualsDeltaFloatArrayVsNullAndMessage" externalInfoUrl="https://pmd.github.io/pmd/pmd_rules_java_bestpractices.html#junittestcontainstoomanyasserts" priority="3">
Unit tests should not contain more than 1 assert(s).
</violation>
<violation beginline="1115" endline="1133" begincolumn="2" endcolumn="2" rule="JUnitTestContainsTooManyAsserts" ruleset="Best Practices" package="org.junit.jupiter.api" class="AssertArrayEqualsAssertionsTests" method="assertArrayEqualsDeltaFloatArrayVsNullAndMessageSupplier" externalInfoUrl="https://pmd.github.io/pmd/pmd_rules_java_bestpractices.html#junittestcontainstoomanyasserts" priority="3">
Unit tests should not contain more than 1 assert(s).
</violation>
<violation beginline="1136" endline="1144" begincolumn="2" endcolumn="2" rule="JUnitTestContainsTooManyAsserts" ruleset="Best Practices" package="org.junit.jupiter.api" class="AssertArrayEqualsAssertionsTests" method="assertArrayEqualsDeltaFloatArraysOfDifferentLength" externalInfoUrl="https://pmd.github.io/pmd/pmd_rules_java_bestpractices.html#junittestcontainstoomanyasserts" priority="3">
Unit tests should not contain more than 1 assert(s).
</violation>
<violation beginline="1147" endline="1156" begincolumn="2" endcolumn="2" rule="JUnitTestContainsTooManyAsserts" ruleset="Best Practices" package="org.junit.jupiter.api" class="AssertArrayEqualsAssertionsTests" method="assertArrayEqualsDeltaFloatArraysOfDifferentLengthAndMessage" externalInfoUrl="https://pmd.github.io/pmd/pmd_rules_java_bestpractices.html#junittestcontainstoomanyasserts" priority="3">
Unit tests should not contain more than 1 assert(s).
</violation>
<violation beginline="1159" endline="1168" begincolumn="2" endcolumn="2" rule="JUnitTestContainsTooManyAsserts" ruleset="Best Practices" package="org.junit.jupiter.api" class="AssertArrayEqualsAssertionsTests" method="assertArrayEqualsDeltaFloatArraysOfDifferentLengthAndMessageSupplier" externalInfoUrl="https://pmd.github.io/pmd/pmd_rules_java_bestpractices.html#junittestcontainstoomanyasserts" priority="3">
Unit tests should not contain more than 1 assert(s).
</violation>
<violation beginline="1171" endline="1188" begincolumn="2" endcolumn="2" rule="JUnitTestContainsTooManyAsserts" ruleset="Best Practices" package="org.junit.jupiter.api" class="AssertArrayEqualsAssertionsTests" method="assertArrayEqualsDeltaDifferentFloatArrays" externalInfoUrl="https://pmd.github.io/pmd/pmd_rules_java_bestpractices.html#junittestcontainstoomanyasserts" priority="3">
Unit tests should not contain more than 1 assert(s).
</violation>
<violation beginline="1191" endline="1201" begincolumn="2" endcolumn="2" rule="JUnitTestContainsTooManyAsserts" ruleset="Best Practices" package="org.junit.jupiter.api" class="AssertArrayEqualsAssertionsTests" method="assertArrayEqualsDeltaDifferentFloatArraysAndMessage" externalInfoUrl="https://pmd.github.io/pmd/pmd_rules_java_bestpractices.html#junittestcontainstoomanyasserts" priority="3">
Unit tests should not contain more than 1 assert(s).
</violation>
<violation beginline="1204" endline="1214" begincolumn="2" endcolumn="2" rule="JUnitTestContainsTooManyAsserts" ruleset="Best Practices" package="org.junit.jupiter.api" class="AssertArrayEqualsAssertionsTests" method="assertArrayEqualsDeltaDifferentFloatArraysAndMessageSupplier" externalInfoUrl="https://pmd.github.io/pmd/pmd_rules_java_bestpractices.html#junittestcontainstoomanyasserts" priority="3">
Unit tests should not contain more than 1 assert(s).
</violation>
<violation beginline="1217" endline="1225" begincolumn="2" endcolumn="2" rule="JUnitTestContainsTooManyAsserts" ruleset="Best Practices" package="org.junit.jupiter.api" class="AssertArrayEqualsAssertionsTests" method="assertArrayEqualsDoubleArrays" externalInfoUrl="https://pmd.github.io/pmd/pmd_rules_java_bestpractices.html#junittestcontainstoomanyasserts" priority="3">
Unit tests should not contain more than 1 assert(s).
</violation>
<violation beginline="1228" endline="1244" begincolumn="2" endcolumn="2" rule="JUnitTestContainsTooManyAsserts" ruleset="Best Practices" package="org.junit.jupiter.api" class="AssertArrayEqualsAssertionsTests" method="assertArrayEqualsDoubleArrayVsNull" externalInfoUrl="https://pmd.github.io/pmd/pmd_rules_java_bestpractices.html#junittestcontainstoomanyasserts" priority="3">
Unit tests should not contain more than 1 assert(s).
</violation>
<violation beginline="1230" endline="1230" begincolumn="67" endcolumn="76" rule="UseUnderscoresInNumericLiterals" ruleset="Code Style" package="org.junit.jupiter.api" class="AssertArrayEqualsAssertionsTests" method="assertArrayEqualsDoubleArrayVsNull" externalInfoUrl="https://pmd.github.io/pmd/pmd_rules_java_codestyle.html#useunderscoresinnumericliterals" priority="3">
Number 98.7654321 should separate every third digit with an underscore
</violation>
<violation beginline="1238" endline="1238" begincolumn="61" endcolumn="69" rule="UseUnderscoresInNumericLiterals" ruleset="Code Style" package="org.junit.jupiter.api" class="AssertArrayEqualsAssertionsTests" method="assertArrayEqualsDoubleArrayVsNull" externalInfoUrl="https://pmd.github.io/pmd/pmd_rules_java_codestyle.html#useunderscoresinnumericliterals" priority="3">
Number 92.000001 should separate every third digit with an underscore
</violation>
<violation beginline="1247" endline="1265" begincolumn="2" endcolumn="2" rule="JUnitTestContainsTooManyAsserts" ruleset="Best Practices" package="org.junit.jupiter.api" class="AssertArrayEqualsAssertionsTests" method="assertArrayEqualsDoubleArrayVsNullAndMessage" externalInfoUrl="https://pmd.github.io/pmd/pmd_rules_java_bestpractices.html#junittestcontainstoomanyasserts" priority="3">
Unit tests should not contain more than 1 assert(s).
</violation>
<violation beginline="1268" endline="1286" begincolumn="2" endcolumn="2" rule="JUnitTestContainsTooManyAsserts" ruleset="Best Practices" package="org.junit.jupiter.api" class="AssertArrayEqualsAssertionsTests" method="assertArrayEqualsDoubleArrayVsNullAndMessageSupplier" externalInfoUrl="https://pmd.github.io/pmd/pmd_rules_java_bestpractices.html#junittestcontainstoomanyasserts" priority="3">
Unit tests should not contain more than 1 assert(s).
</violation>
<violation beginline="1289" endline="1298" begincolumn="2" endcolumn="2" rule="JUnitTestContainsTooManyAsserts" ruleset="Best Practices" package="org.junit.jupiter.api" class="AssertArrayEqualsAssertionsTests" method="assertArrayEqualsDoubleArraysOfDifferentLength" externalInfoUrl="https://pmd.github.io/pmd/pmd_rules_java_bestpractices.html#junittestcontainstoomanyasserts" priority="3">
Unit tests should not contain more than 1 assert(s).
</violation>
<violation beginline="1301" endline="1310" begincolumn="2" endcolumn="2" rule="JUnitTestContainsTooManyAsserts" ruleset="Best Practices" package="org.junit.jupiter.api" class="AssertArrayEqualsAssertionsTests" method="assertArrayEqualsDoubleArraysOfDifferentLengthAndMessage" externalInfoUrl="https://pmd.github.io/pmd/pmd_rules_java_bestpractices.html#junittestcontainstoomanyasserts" priority="3">
Unit tests should not contain more than 1 assert(s).
</violation>
<violation beginline="1313" endline="1322" begincolumn="2" endcolumn="2" rule="JUnitTestContainsTooManyAsserts" ruleset="Best Practices" package="org.junit.jupiter.api" class="AssertArrayEqualsAssertionsTests" method="assertArrayEqualsDoubleArraysOfDifferentLengthAndMessageSupplier" externalInfoUrl="https://pmd.github.io/pmd/pmd_rules_java_bestpractices.html#junittestcontainstoomanyasserts" priority="3">
Unit tests should not contain more than 1 assert(s).
</violation>
<violation beginline="1325" endline="1342" begincolumn="2" endcolumn="2" rule="JUnitTestContainsTooManyAsserts" ruleset="Best Practices" package="org.junit.jupiter.api" class="AssertArrayEqualsAssertionsTests" method="assertArrayEqualsDifferentDoubleArrays" externalInfoUrl="https://pmd.github.io/pmd/pmd_rules_java_bestpractices.html#junittestcontainstoomanyasserts" priority="3">
Unit tests should not contain more than 1 assert(s).
</violation>
<violation beginline="1327" endline="1327" begincolumn="81" endcolumn="87" rule="UseUnderscoresInNumericLiterals" ruleset="Code Style" package="org.junit.jupiter.api" class="AssertArrayEqualsAssertionsTests" method="assertArrayEqualsDifferentDoubleArrays" externalInfoUrl="https://pmd.github.io/pmd/pmd_rules_java_codestyle.html#useunderscoresinnumericliterals" priority="3">
Number 1.00019 should separate every third digit with an underscore
</violation>
<violation beginline="1345" endline="1355" begincolumn="2" endcolumn="2" rule="JUnitTestContainsTooManyAsserts" ruleset="Best Practices" package="org.junit.jupiter.api" class="AssertArrayEqualsAssertionsTests" method="assertArrayEqualsDifferentDoubleArraysAndMessage" externalInfoUrl="https://pmd.github.io/pmd/pmd_rules_java_bestpractices.html#junittestcontainstoomanyasserts" priority="3">
Unit tests should not contain more than 1 assert(s).
</violation>
<violation beginline="1358" endline="1367" begincolumn="2" endcolumn="2" rule="JUnitTestContainsTooManyAsserts" ruleset="Best Practices" package="org.junit.jupiter.api" class="AssertArrayEqualsAssertionsTests" method="assertArrayEqualsDifferentDoubleArraysAndMessageSupplier" externalInfoUrl="https://pmd.github.io/pmd/pmd_rules_java_bestpractices.html#junittestcontainstoomanyasserts" priority="3">
Unit tests should not contain more than 1 assert(s).
</violation>
<violation beginline="1370" endline="1378" begincolumn="2" endcolumn="2" rule="JUnitTestContainsTooManyAsserts" ruleset="Best Practices" package="org.junit.jupiter.api" class="AssertArrayEqualsAssertionsTests" method="assertArrayEqualsDeltaDoubleArrays" externalInfoUrl="https://pmd.github.io/pmd/pmd_rules_java_bestpractices.html#junittestcontainstoomanyasserts" priority="3">
Unit tests should not contain more than 1 assert(s).
</violation>
<violation beginline="1381" endline="1411" begincolumn="2" endcolumn="2" rule="JUnitTestContainsTooManyAsserts" ruleset="Best Practices" package="org.junit.jupiter.api" class="AssertArrayEqualsAssertionsTests" method="assertArrayEqualsDeltaDoubleArraysThrowsForIllegalDelta" externalInfoUrl="https://pmd.github.io/pmd/pmd_rules_java_bestpractices.html#junittestcontainstoomanyasserts" priority="3">
Unit tests should not contain more than 1 assert(s).
</violation>
<violation beginline="1414" endline="1430" begincolumn="2" endcolumn="2" rule="JUnitTestContainsTooManyAsserts" ruleset="Best Practices" package="org.junit.jupiter.api" class="AssertArrayEqualsAssertionsTests" method="assertArrayEqualsDeltaDoubleArrayVsNull" externalInfoUrl="https://pmd.github.io/pmd/pmd_rules_java_bestpractices.html#junittestcontainstoomanyasserts" priority="3">
Unit tests should not contain more than 1 assert(s).
</violation>
<violation beginline="1433" endline="1451" begincolumn="2" endcolumn="2" rule="JUnitTestContainsTooManyAsserts" ruleset="Best Practices" package="org.junit.jupiter.api" class="AssertArrayEqualsAssertionsTests" method="assertArrayEqualsDeltaDoubleArrayVsNullAndMessage" externalInfoUrl="https://pmd.github.io/pmd/pmd_rules_java_bestpractices.html#junittestcontainstoomanyasserts" priority="3">
Unit tests should not contain more than 1 assert(s).
</violation>
<violation beginline="1454" endline="1472" begincolumn="2" endcolumn="2" rule="JUnitTestContainsTooManyAsserts" ruleset="Best Practices" package="org.junit.jupiter.api" class="AssertArrayEqualsAssertionsTests" method="assertArrayEqualsDeltaDoubleArrayVsNullAndMessageSupplier" externalInfoUrl="https://pmd.github.io/pmd/pmd_rules_java_bestpractices.html#junittestcontainstoomanyasserts" priority="3">
Unit tests should not contain more than 1 assert(s).
</violation>
<violation beginline="1475" endline="1484" begincolumn="2" endcolumn="2" rule="JUnitTestContainsTooManyAsserts" ruleset="Best Practices" package="org.junit.jupiter.api" class="AssertArrayEqualsAssertionsTests" method="assertArrayEqualsDeltaDoubleArraysOfDifferentLength" externalInfoUrl="https://pmd.github.io/pmd/pmd_rules_java_bestpractices.html#junittestcontainstoomanyasserts" priority="3">
Unit tests should not contain more than 1 assert(s).
</violation>
<violation beginline="1487" endline="1496" begincolumn="2" endcolumn="2" rule="JUnitTestContainsTooManyAsserts" ruleset="Best Practices" package="org.junit.jupiter.api" class="AssertArrayEqualsAssertionsTests" method="assertArrayEqualsDeltaDoubleArraysOfDifferentLengthAndMessage" externalInfoUrl="https://pmd.github.io/pmd/pmd_rules_java_bestpractices.html#junittestcontainstoomanyasserts" priority="3">
Unit tests should not contain more than 1 assert(s).
</violation>
<violation beginline="1499" endline="1508" begincolumn="2" endcolumn="2" rule="JUnitTestContainsTooManyAsserts" ruleset="Best Practices" package="org.junit.jupiter.api" class="AssertArrayEqualsAssertionsTests" method="assertArrayEqualsDeltaDoubleArraysOfDifferentLengthAndMessageSupplier" externalInfoUrl="https://pmd.github.io/pmd/pmd_rules_java_bestpractices.html#junittestcontainstoomanyasserts" priority="3">
Unit tests should not contain more than 1 assert(s).
</violation>
<violation beginline="1511" endline="1527" begincolumn="2" endcolumn="2" rule="JUnitTestContainsTooManyAsserts" ruleset="Best Practices" package="org.junit.jupiter.api" class="AssertArrayEqualsAssertionsTests" method="assertArrayEqualsDeltaDifferentDoubleArrays" externalInfoUrl="https://pmd.github.io/pmd/pmd_rules_java_bestpractices.html#junittestcontainstoomanyasserts" priority="3">
Unit tests should not contain more than 1 assert(s).
</violation>
<violation beginline="1530" endline="1540" begincolumn="2" endcolumn="2" rule="JUnitTestContainsTooManyAsserts" ruleset="Best Practices" package="org.junit.jupiter.api" class="AssertArrayEqualsAssertionsTests" method="assertArrayEqualsDeltaDifferentDoubleArraysAndMessage" externalInfoUrl="https://pmd.github.io/pmd/pmd_rules_java_bestpractices.html#junittestcontainstoomanyasserts" priority="3">
Unit tests should not contain more than 1 assert(s).
</violation>
<violation beginline="1543" endline="1552" begincolumn="2" endcolumn="2" rule="JUnitTestContainsTooManyAsserts" ruleset="Best Practices" package="org.junit.jupiter.api" class="AssertArrayEqualsAssertionsTests" method="assertArrayEqualsDeltaDifferentDoubleArraysAndMessageSupplier" externalInfoUrl="https://pmd.github.io/pmd/pmd_rules_java_bestpractices.html#junittestcontainstoomanyasserts" priority="3">
Unit tests should not contain more than 1 assert(s).
</violation>
<violation beginline="1555" endline="1609" begincolumn="2" endcolumn="2" rule="JUnitTestContainsTooManyAsserts" ruleset="Best Practices" package="org.junit.jupiter.api" class="AssertArrayEqualsAssertionsTests" method="assertArrayEqualsObjectArrays" externalInfoUrl="https://pmd.github.io/pmd/pmd_rules_java_bestpractices.html#junittestcontainstoomanyasserts" priority="3">
Unit tests should not contain more than 1 assert(s).
</violation>
<violation beginline="1560" endline="1560" begincolumn="36" endcolumn="40" rule="AvoidDuplicateLiterals" ruleset="Error Prone" package="org.junit.jupiter.api" class="AssertArrayEqualsAssertionsTests" method="assertArrayEqualsObjectArrays" externalInfoUrl="https://pmd.github.io/pmd/pmd_rules_java_errorprone.html#avoidduplicateliterals" priority="3">
The String literal "abc" appears 10 times in this file; the first occurrence is on line 1.560
</violation>
<violation beginline="1591" endline="1591" begincolumn="19" endcolumn="33" rule="StringInstantiation" ruleset="Performance" package="org.junit.jupiter.api" class="AssertArrayEqualsAssertionsTests" method="assertArrayEqualsObjectArrays" externalInfoUrl="https://pmd.github.io/pmd/pmd_rules_java_performance.html#stringinstantiation" priority="2">
Avoid instantiating String objects; this is usually unnecessary.
</violation>
<violation beginline="1592" endline="1592" begincolumn="19" endcolumn="33" rule="StringInstantiation" ruleset="Performance" package="org.junit.jupiter.api" class="AssertArrayEqualsAssertionsTests" method="assertArrayEqualsObjectArrays" externalInfoUrl="https://pmd.github.io/pmd/pmd_rules_java_performance.html#stringinstantiation" priority="2">
Avoid instantiating String objects; this is usually unnecessary.
</violation>
<violation beginline="1612" endline="1628" begincolumn="2" endcolumn="2" rule="JUnitTestContainsTooManyAsserts" ruleset="Best Practices" package="org.junit.jupiter.api" class="AssertArrayEqualsAssertionsTests" method="assertArrayEqualsObjectArrayVsNull" externalInfoUrl="https://pmd.github.io/pmd/pmd_rules_java_bestpractices.html#junittestcontainstoomanyasserts" priority="3">
Unit tests should not contain more than 1 assert(s).
</violation>
<violation beginline="1631" endline="1652" begincolumn="2" endcolumn="2" rule="JUnitTestContainsTooManyAsserts" ruleset="Best Practices" package="org.junit.jupiter.api" class="AssertArrayEqualsAssertionsTests" method="assertArrayEqualsNestedObjectArrayVsNull" externalInfoUrl="https://pmd.github.io/pmd/pmd_rules_java_bestpractices.html#junittestcontainstoomanyasserts" priority="3">
Unit tests should not contain more than 1 assert(s).
</violation>
<violation beginline="1655" endline="1673" begincolumn="2" endcolumn="2" rule="JUnitTestContainsTooManyAsserts" ruleset="Best Practices" package="org.junit.jupiter.api" class="AssertArrayEqualsAssertionsTests" method="assertArrayEqualsObjectArrayVsNullAndMessage" externalInfoUrl="https://pmd.github.io/pmd/pmd_rules_java_bestpractices.html#junittestcontainstoomanyasserts" priority="3">
Unit tests should not contain more than 1 assert(s).
</violation>
<violation beginline="1676" endline="1698" begincolumn="2" endcolumn="2" rule="JUnitTestContainsTooManyAsserts" ruleset="Best Practices" package="org.junit.jupiter.api" class="AssertArrayEqualsAssertionsTests" method="assertArrayEqualsNestedObjectArrayVsNullAndMessage" externalInfoUrl="https://pmd.github.io/pmd/pmd_rules_java_bestpractices.html#junittestcontainstoomanyasserts" priority="3">
Unit tests should not contain more than 1 assert(s).
</violation>
<violation beginline="1701" endline="1719" begincolumn="2" endcolumn="2" rule="JUnitTestContainsTooManyAsserts" ruleset="Best Practices" package="org.junit.jupiter.api" class="AssertArrayEqualsAssertionsTests" method="assertArrayEqualsObjectArrayVsNullAndMessageSupplier" externalInfoUrl="https://pmd.github.io/pmd/pmd_rules_java_bestpractices.html#junittestcontainstoomanyasserts" priority="3">
Unit tests should not contain more than 1 assert(s).
</violation>
<violation beginline="1722" endline="1745" begincolumn="2" endcolumn="2" rule="JUnitTestContainsTooManyAsserts" ruleset="Best Practices" package="org.junit.jupiter.api" class="AssertArrayEqualsAssertionsTests" method="assertArrayEqualsNestedObjectArrayVsNullAndMessageSupplier" externalInfoUrl="https://pmd.github.io/pmd/pmd_rules_java_bestpractices.html#junittestcontainstoomanyasserts" priority="3">
Unit tests should not contain more than 1 assert(s).
</violation>
<violation beginline="1748" endline="1756" begincolumn="2" endcolumn="2" rule="JUnitTestContainsTooManyAsserts" ruleset="Best Practices" package="org.junit.jupiter.api" class="AssertArrayEqualsAssertionsTests" method="assertArrayEqualsObjectArraysOfDifferentLength" externalInfoUrl="https://pmd.github.io/pmd/pmd_rules_java_bestpractices.html#junittestcontainstoomanyasserts" priority="3">
Unit tests should not contain more than 1 assert(s).
</violation>
<violation beginline="1759" endline="1782" begincolumn="2" endcolumn="2" rule="JUnitTestContainsTooManyAsserts" ruleset="Best Practices" package="org.junit.jupiter.api" class="AssertArrayEqualsAssertionsTests" method="assertArrayEqualsNestedObjectArraysOfDifferentLength" externalInfoUrl="https://pmd.github.io/pmd/pmd_rules_java_bestpractices.html#junittestcontainstoomanyasserts" priority="3">
Unit tests should not contain more than 1 assert(s).
</violation>
<violation beginline="1785" endline="1794" begincolumn="2" endcolumn="2" rule="JUnitTestContainsTooManyAsserts" ruleset="Best Practices" package="org.junit.jupiter.api" class="AssertArrayEqualsAssertionsTests" method="assertArrayEqualsObjectArraysOfDifferentLengthAndMessage" externalInfoUrl="https://pmd.github.io/pmd/pmd_rules_java_bestpractices.html#junittestcontainstoomanyasserts" priority="3">
Unit tests should not contain more than 1 assert(s).
</violation>
<violation beginline="1797" endline="1809" begincolumn="2" endcolumn="2" rule="JUnitTestContainsTooManyAsserts" ruleset="Best Practices" package="org.junit.jupiter.api" class="AssertArrayEqualsAssertionsTests" method="assertArrayEqualsNestedObjectArraysOfDifferentLengthAndMessage" externalInfoUrl="https://pmd.github.io/pmd/pmd_rules_java_bestpractices.html#junittestcontainstoomanyasserts" priority="3">
Unit tests should not contain more than 1 assert(s).
</violation>
<violation beginline="1812" endline="1822" begincolumn="2" endcolumn="2" rule="JUnitTestContainsTooManyAsserts" ruleset="Best Practices" package="org.junit.jupiter.api" class="AssertArrayEqualsAssertionsTests" method="assertArrayEqualsObjectArraysOfDifferentLengthAndMessageSupplier" externalInfoUrl="https://pmd.github.io/pmd/pmd_rules_java_bestpractices.html#junittestcontainstoomanyasserts" priority="3">
Unit tests should not contain more than 1 assert(s).
</violation>
<violation beginline="1825" endline="1837" begincolumn="2" endcolumn="2" rule="JUnitTestContainsTooManyAsserts" ruleset="Best Practices" package="org.junit.jupiter.api" class="AssertArrayEqualsAssertionsTests" method="assertArrayEqualsNestedObjectArraysOfDifferentLengthAndMessageSupplier" externalInfoUrl="https://pmd.github.io/pmd/pmd_rules_java_bestpractices.html#junittestcontainstoomanyasserts" priority="3">
Unit tests should not contain more than 1 assert(s).
</violation>
<violation beginline="1840" endline="1856" begincolumn="2" endcolumn="2" rule="JUnitTestContainsTooManyAsserts" ruleset="Best Practices" package="org.junit.jupiter.api" class="AssertArrayEqualsAssertionsTests" method="assertArrayEqualsDifferentObjectArrays" externalInfoUrl="https://pmd.github.io/pmd/pmd_rules_java_bestpractices.html#junittestcontainstoomanyasserts" priority="3">
Unit tests should not contain more than 1 assert(s).
</violation>
<violation beginline="1859" endline="1878" begincolumn="2" endcolumn="2" rule="JUnitTestContainsTooManyAsserts" ruleset="Best Practices" package="org.junit.jupiter.api" class="AssertArrayEqualsAssertionsTests" method="assertArrayEqualsDifferentNestedObjectArrays" externalInfoUrl="https://pmd.github.io/pmd/pmd_rules_java_bestpractices.html#junittestcontainstoomanyasserts" priority="3">
Unit tests should not contain more than 1 assert(s).
</violation>
<violation beginline="1881" endline="1890" begincolumn="2" endcolumn="2" rule="JUnitTestContainsTooManyAsserts" ruleset="Best Practices" package="org.junit.jupiter.api" class="AssertArrayEqualsAssertionsTests" method="assertArrayEqualsDifferentObjectArraysAndMessage" externalInfoUrl="https://pmd.github.io/pmd/pmd_rules_java_bestpractices.html#junittestcontainstoomanyasserts" priority="3">
Unit tests should not contain more than 1 assert(s).
</violation>
<violation beginline="1893" endline="1913" begincolumn="2" endcolumn="2" rule="JUnitTestContainsTooManyAsserts" ruleset="Best Practices" package="org.junit.jupiter.api" class="AssertArrayEqualsAssertionsTests" method="assertArrayEqualsDifferentNestedObjectArraysAndMessage" externalInfoUrl="https://pmd.github.io/pmd/pmd_rules_java_bestpractices.html#junittestcontainstoomanyasserts" priority="3">
Unit tests should not contain more than 1 assert(s).
</violation>
<violation beginline="1916" endline="1926" begincolumn="2" endcolumn="2" rule="JUnitTestContainsTooManyAsserts" ruleset="Best Practices" package="org.junit.jupiter.api" class="AssertArrayEqualsAssertionsTests" method="assertArrayEqualsDifferentObjectArraysAndMessageSupplier" externalInfoUrl="https://pmd.github.io/pmd/pmd_rules_java_bestpractices.html#junittestcontainstoomanyasserts" priority="3">
Unit tests should not contain more than 1 assert(s).
</violation>
<violation beginline="1918" endline="1918" begincolumn="37" endcolumn="41" rule="AvoidDuplicateLiterals" ruleset="Error Prone" package="org.junit.jupiter.api" class="AssertArrayEqualsAssertionsTests" method="assertArrayEqualsDifferentObjectArraysAndMessageSupplier" externalInfoUrl="https://pmd.github.io/pmd/pmd_rules_java_errorprone.html#avoidduplicateliterals" priority="3">
The String literal "one" appears 4 times in this file; the first occurrence is on line 1.918
</violation>
<violation beginline="1929" endline="1953" begincolumn="2" endcolumn="2" rule="JUnitTestContainsTooManyAsserts" ruleset="Best Practices" package="org.junit.jupiter.api" class="AssertArrayEqualsAssertionsTests" method="assertArrayEqualsDifferentNestedObjectArraysAndMessageSupplier" externalInfoUrl="https://pmd.github.io/pmd/pmd_rules_java_bestpractices.html#junittestcontainstoomanyasserts" priority="3">
Unit tests should not contain more than 1 assert(s).
</violation>
</file>
<file name="C:\Users\Sokaina\Downloads\Versiones-Junit5\junit5-r5.0.2\junit-jupiter-engine\src\test\java\org\junit\jupiter\api\AssertEqualsAssertionsTests.java">
<violation beginline="11" endline="564" begincolumn="1" endcolumn="2" rule="TooManyStaticImports" ruleset="Code Style" package="org.junit.jupiter.api" class="AssertEqualsAssertionsTests" externalInfoUrl="https://pmd.github.io/pmd/pmd_rules_java_codestyle.html#toomanystaticimports" priority="3">
Too many static imports may lead to messy code
</violation>
<violation beginline="39" endline="50" begincolumn="2" endcolumn="2" rule="JUnitTestContainsTooManyAsserts" ruleset="Best Practices" package="org.junit.jupiter.api" class="AssertEqualsAssertionsTests" method="assertEqualsByteWithUnequalValues" externalInfoUrl="https://pmd.github.io/pmd/pmd_rules_java_bestpractices.html#junittestcontainstoomanyasserts" priority="3">
Unit tests should not contain more than 1 assert(s).
</violation>
<violation beginline="47" endline="47" begincolumn="28" endcolumn="55" rule="AvoidDuplicateLiterals" ruleset="Error Prone" package="org.junit.jupiter.api" class="AssertEqualsAssertionsTests" method="assertEqualsByteWithUnequalValues" externalInfoUrl="https://pmd.github.io/pmd/pmd_rules_java_errorprone.html#avoidduplicateliterals" priority="3">
The String literal "expected: &lt;1&gt; but was: &lt;2&gt;" appears 12 times in this file; the first occurrence is on line 47
</violation>
<violation beginline="53" endline="65" begincolumn="2" endcolumn="2" rule="JUnitTestContainsTooManyAsserts" ruleset="Best Practices" package="org.junit.jupiter.api" class="AssertEqualsAssertionsTests" method="assertEqualsByteWithUnequalValuesAndMessage" externalInfoUrl="https://pmd.github.io/pmd/pmd_rules_java_bestpractices.html#junittestcontainstoomanyasserts" priority="3">
Unit tests should not contain more than 1 assert(s).
</violation>
<violation beginline="57" endline="57" begincolumn="35" endcolumn="43" rule="AvoidDuplicateLiterals" ruleset="Error Prone" package="org.junit.jupiter.api" class="AssertEqualsAssertionsTests" method="assertEqualsByteWithUnequalValuesAndMessage" externalInfoUrl="https://pmd.github.io/pmd/pmd_rules_java_errorprone.html#avoidduplicateliterals" priority="3">
The String literal "message" appears 36 times in this file; the first occurrence is on line 57
</violation>
<violation beginline="68" endline="80" begincolumn="2" endcolumn="2" rule="JUnitTestContainsTooManyAsserts" ruleset="Best Practices" package="org.junit.jupiter.api" class="AssertEqualsAssertionsTests" method="assertEqualsByteWithUnequalValuesAndMessageSupplier" externalInfoUrl="https://pmd.github.io/pmd/pmd_rules_java_bestpractices.html#junittestcontainstoomanyasserts" priority="3">
Unit tests should not contain more than 1 assert(s).
</violation>
<violation beginline="90" endline="101" begincolumn="2" endcolumn="2" rule="JUnitTestContainsTooManyAsserts" ruleset="Best Practices" package="org.junit.jupiter.api" class="AssertEqualsAssertionsTests" method="assertEqualsShortWithUnequalValues" externalInfoUrl="https://pmd.github.io/pmd/pmd_rules_java_bestpractices.html#junittestcontainstoomanyasserts" priority="3">
Unit tests should not contain more than 1 assert(s).
</violation>
<violation beginline="104" endline="116" begincolumn="2" endcolumn="2" rule="JUnitTestContainsTooManyAsserts" ruleset="Best Practices" package="org.junit.jupiter.api" class="AssertEqualsAssertionsTests" method="assertEqualsShortWithUnequalValuesAndMessage" externalInfoUrl="https://pmd.github.io/pmd/pmd_rules_java_bestpractices.html#junittestcontainstoomanyasserts" priority="3">
Unit tests should not contain more than 1 assert(s).
</violation>
<violation beginline="119" endline="131" begincolumn="2" endcolumn="2" rule="JUnitTestContainsTooManyAsserts" ruleset="Best Practices" package="org.junit.jupiter.api" class="AssertEqualsAssertionsTests" method="assertEqualsShortWithUnequalValuesAndMessageSupplier" externalInfoUrl="https://pmd.github.io/pmd/pmd_rules_java_bestpractices.html#junittestcontainstoomanyasserts" priority="3">
Unit tests should not contain more than 1 assert(s).
</violation>
<violation beginline="139" endline="148" begincolumn="2" endcolumn="2" rule="JUnitTestContainsTooManyAsserts" ruleset="Best Practices" package="org.junit.jupiter.api" class="AssertEqualsAssertionsTests" method="assertEqualsIntWithUnequalValues" externalInfoUrl="https://pmd.github.io/pmd/pmd_rules_java_bestpractices.html#junittestcontainstoomanyasserts" priority="3">
Unit tests should not contain more than 1 assert(s).
</violation>
<violation beginline="151" endline="161" begincolumn="2" endcolumn="2" rule="JUnitTestContainsTooManyAsserts" ruleset="Best Practices" package="org.junit.jupiter.api" class="AssertEqualsAssertionsTests" method="assertEqualsIntWithUnequalValuesAndMessage" externalInfoUrl="https://pmd.github.io/pmd/pmd_rules_java_bestpractices.html#junittestcontainstoomanyasserts" priority="3">
Unit tests should not contain more than 1 assert(s).
</violation>
<violation beginline="164" endline="174" begincolumn="2" endcolumn="2" rule="JUnitTestContainsTooManyAsserts" ruleset="Best Practices" package="org.junit.jupiter.api" class="AssertEqualsAssertionsTests" method="assertEqualsIntWithUnequalValuesAndMessageSupplier" externalInfoUrl="https://pmd.github.io/pmd/pmd_rules_java_bestpractices.html#junittestcontainstoomanyasserts" priority="3">
Unit tests should not contain more than 1 assert(s).
</violation>
<violation beginline="182" endline="191" begincolumn="2" endcolumn="2" rule="JUnitTestContainsTooManyAsserts" ruleset="Best Practices" package="org.junit.jupiter.api" class="AssertEqualsAssertionsTests" method="assertEqualsLongWithUnequalValues" externalInfoUrl="https://pmd.github.io/pmd/pmd_rules_java_bestpractices.html#junittestcontainstoomanyasserts" priority="3">
Unit tests should not contain more than 1 assert(s).
</violation>
<violation beginline="194" endline="204" begincolumn="2" endcolumn="2" rule="JUnitTestContainsTooManyAsserts" ruleset="Best Practices" package="org.junit.jupiter.api" class="AssertEqualsAssertionsTests" method="assertEqualsLongWithUnequalValuesAndMessage" externalInfoUrl="https://pmd.github.io/pmd/pmd_rules_java_bestpractices.html#junittestcontainstoomanyasserts" priority="3">
Unit tests should not contain more than 1 assert(s).
</violation>
<violation beginline="207" endline="217" begincolumn="2" endcolumn="2" rule="JUnitTestContainsTooManyAsserts" ruleset="Best Practices" package="org.junit.jupiter.api" class="AssertEqualsAssertionsTests" method="assertEqualsLongWithUnequalValuesAndMessageSupplier" externalInfoUrl="https://pmd.github.io/pmd/pmd_rules_java_bestpractices.html#junittestcontainstoomanyasserts" priority="3">
Unit tests should not contain more than 1 assert(s).
</violation>
<violation beginline="225" endline="234" begincolumn="2" endcolumn="2" rule="JUnitTestContainsTooManyAsserts" ruleset="Best Practices" package="org.junit.jupiter.api" class="AssertEqualsAssertionsTests" method="assertEqualsCharWithUnequalValues" externalInfoUrl="https://pmd.github.io/pmd/pmd_rules_java_bestpractices.html#junittestcontainstoomanyasserts" priority="3">
Unit tests should not contain more than 1 assert(s).
</violation>
<violation beginline="237" endline="247" begincolumn="2" endcolumn="2" rule="JUnitTestContainsTooManyAsserts" ruleset="Best Practices" package="org.junit.jupiter.api" class="AssertEqualsAssertionsTests" method="assertEqualsCharWithUnequalValuesAndMessage" externalInfoUrl="https://pmd.github.io/pmd/pmd_rules_java_bestpractices.html#junittestcontainstoomanyasserts" priority="3">
Unit tests should not contain more than 1 assert(s).
</violation>
<violation beginline="250" endline="260" begincolumn="2" endcolumn="2" rule="JUnitTestContainsTooManyAsserts" ruleset="Best Practices" package="org.junit.jupiter.api" class="AssertEqualsAssertionsTests" method="assertEqualsCharWithUnequalValuesAndMessageSupplier" externalInfoUrl="https://pmd.github.io/pmd/pmd_rules_java_bestpractices.html#junittestcontainstoomanyasserts" priority="3">
Unit tests should not contain more than 1 assert(s).
</violation>
<violation beginline="263" endline="272" begincolumn="2" endcolumn="2" rule="JUnitTestContainsTooManyAsserts" ruleset="Best Practices" package="org.junit.jupiter.api" class="AssertEqualsAssertionsTests" method="assertEqualsFloat" externalInfoUrl="https://pmd.github.io/pmd/pmd_rules_java_bestpractices.html#junittestcontainstoomanyasserts" priority="3">
Unit tests should not contain more than 1 assert(s).
</violation>
<violation beginline="275" endline="284" begincolumn="2" endcolumn="2" rule="JUnitTestContainsTooManyAsserts" ruleset="Best Practices" package="org.junit.jupiter.api" class="AssertEqualsAssertionsTests" method="assertEqualsFloatWithUnequalValues" externalInfoUrl="https://pmd.github.io/pmd/pmd_rules_java_bestpractices.html#junittestcontainstoomanyasserts" priority="3">
Unit tests should not contain more than 1 assert(s).
</violation>
<violation beginline="281" endline="281" begincolumn="28" endcolumn="59" rule="AvoidDuplicateLiterals" ruleset="Error Prone" package="org.junit.jupiter.api" class="AssertEqualsAssertionsTests" method="assertEqualsFloatWithUnequalValues" externalInfoUrl="https://pmd.github.io/pmd/pmd_rules_java_errorprone.html#avoidduplicateliterals" priority="3">
The String literal "expected: &lt;1.0&gt; but was: &lt;1.1&gt;" appears 6 times in this file; the first occurrence is on line 281
</violation>
<violation beginline="287" endline="297" begincolumn="2" endcolumn="2" rule="JUnitTestContainsTooManyAsserts" ruleset="Best Practices" package="org.junit.jupiter.api" class="AssertEqualsAssertionsTests" method="assertEqualsFloatWithUnequalValuesAndMessage" externalInfoUrl="https://pmd.github.io/pmd/pmd_rules_java_bestpractices.html#junittestcontainstoomanyasserts" priority="3">
Unit tests should not contain more than 1 assert(s).
</violation>
<violation beginline="300" endline="310" begincolumn="2" endcolumn="2" rule="JUnitTestContainsTooManyAsserts" ruleset="Best Practices" package="org.junit.jupiter.api" class="AssertEqualsAssertionsTests" method="assertEqualsFloatWithUnequalValuesAndMessageSupplier" externalInfoUrl="https://pmd.github.io/pmd/pmd_rules_java_bestpractices.html#junittestcontainstoomanyasserts" priority="3">
Unit tests should not contain more than 1 assert(s).
</violation>
<violation beginline="313" endline="317" begincolumn="2" endcolumn="2" rule="JUnitTestContainsTooManyAsserts" ruleset="Best Practices" package="org.junit.jupiter.api" class="AssertEqualsAssertionsTests" method="assertEqualsFloatWithDelta" externalInfoUrl="https://pmd.github.io/pmd/pmd_rules_java_bestpractices.html#junittestcontainstoomanyasserts" priority="3">
Unit tests should not contain more than 1 assert(s).
</violation>
<violation beginline="320" endline="329" begincolumn="2" endcolumn="2" rule="JUnitTestContainsTooManyAsserts" ruleset="Best Practices" package="org.junit.jupiter.api" class="AssertEqualsAssertionsTests" method="assertEqualsFloatWithIllegalDelta" externalInfoUrl="https://pmd.github.io/pmd/pmd_rules_java_bestpractices.html#junittestcontainstoomanyasserts" priority="3">
Unit tests should not contain more than 1 assert(s).
</violation>
<violation beginline="332" endline="347" begincolumn="2" endcolumn="2" rule="JUnitTestContainsTooManyAsserts" ruleset="Best Practices" package="org.junit.jupiter.api" class="AssertEqualsAssertionsTests" method="assertEqualsFloatWithDeltaWithUnequalValues" externalInfoUrl="https://pmd.github.io/pmd/pmd_rules_java_bestpractices.html#junittestcontainstoomanyasserts" priority="3">
Unit tests should not contain more than 1 assert(s).
</violation>
<violation beginline="336" endline="336" begincolumn="101" endcolumn="109" rule="UseUnderscoresInNumericLiterals" ruleset="Code Style" package="org.junit.jupiter.api" class="AssertEqualsAssertionsTests" method="assertEqualsFloatWithDeltaWithUnequalValues" externalInfoUrl="https://pmd.github.io/pmd/pmd_rules_java_codestyle.html#useunderscoresinnumericliterals" priority="3">
Number 0.000001f should separate every third digit with an underscore
</violation>
<violation beginline="345" endline="345" begincolumn="105" endcolumn="111" rule="UseUnderscoresInNumericLiterals" ruleset="Code Style" package="org.junit.jupiter.api" class="AssertEqualsAssertionsTests" method="assertEqualsFloatWithDeltaWithUnequalValues" externalInfoUrl="https://pmd.github.io/pmd/pmd_rules_java_codestyle.html#useunderscoresinnumericliterals" priority="3">
Number .00001f should separate every third digit with an underscore
</violation>
<violation beginline="350" endline="358" begincolumn="2" endcolumn="2" rule="JUnitTestContainsTooManyAsserts" ruleset="Best Practices" package="org.junit.jupiter.api" class="AssertEqualsAssertionsTests" method="assertEqualsFloatWithDeltaWithUnequalValuesAndMessage" externalInfoUrl="https://pmd.github.io/pmd/pmd_rules_java_bestpractices.html#junittestcontainstoomanyasserts" priority="3">
Unit tests should not contain more than 1 assert(s).
</violation>
<violation beginline="361" endline="369" begincolumn="2" endcolumn="2" rule="JUnitTestContainsTooManyAsserts" ruleset="Best Practices" package="org.junit.jupiter.api" class="AssertEqualsAssertionsTests" method="assertEqualsFloatWithDeltaWithUnequalValuesAndMessageSupplier" externalInfoUrl="https://pmd.github.io/pmd/pmd_rules_java_bestpractices.html#junittestcontainstoomanyasserts" priority="3">
Unit tests should not contain more than 1 assert(s).
</violation>
<violation beginline="372" endline="380" begincolumn="2" endcolumn="2" rule="JUnitTestContainsTooManyAsserts" ruleset="Best Practices" package="org.junit.jupiter.api" class="AssertEqualsAssertionsTests" method="assertEqualsDouble" externalInfoUrl="https://pmd.github.io/pmd/pmd_rules_java_bestpractices.html#junittestcontainstoomanyasserts" priority="3">
Unit tests should not contain more than 1 assert(s).
</violation>
<violation beginline="383" endline="392" begincolumn="2" endcolumn="2" rule="JUnitTestContainsTooManyAsserts" ruleset="Best Practices" package="org.junit.jupiter.api" class="AssertEqualsAssertionsTests" method="assertEqualsDoubleWithUnequalValues" externalInfoUrl="https://pmd.github.io/pmd/pmd_rules_java_bestpractices.html#junittestcontainstoomanyasserts" priority="3">
Unit tests should not contain more than 1 assert(s).
</violation>
<violation beginline="395" endline="405" begincolumn="2" endcolumn="2" rule="JUnitTestContainsTooManyAsserts" ruleset="Best Practices" package="org.junit.jupiter.api" class="AssertEqualsAssertionsTests" method="assertEqualsDoubleWithUnequalValuesAndMessage" externalInfoUrl="https://pmd.github.io/pmd/pmd_rules_java_bestpractices.html#junittestcontainstoomanyasserts" priority="3">
Unit tests should not contain more than 1 assert(s).
</violation>
<violation beginline="408" endline="418" begincolumn="2" endcolumn="2" rule="JUnitTestContainsTooManyAsserts" ruleset="Best Practices" package="org.junit.jupiter.api" class="AssertEqualsAssertionsTests" method="assertEqualsDoubleWithUnequalValuesAndMessageSupplier" externalInfoUrl="https://pmd.github.io/pmd/pmd_rules_java_bestpractices.html#junittestcontainstoomanyasserts" priority="3">
Unit tests should not contain more than 1 assert(s).
</violation>
<violation beginline="421" endline="425" begincolumn="2" endcolumn="2" rule="JUnitTestContainsTooManyAsserts" ruleset="Best Practices" package="org.junit.jupiter.api" class="AssertEqualsAssertionsTests" method="assertEqualsDoubleWithDelta" externalInfoUrl="https://pmd.github.io/pmd/pmd_rules_java_bestpractices.html#junittestcontainstoomanyasserts" priority="3">
Unit tests should not contain more than 1 assert(s).
</violation>
<violation beginline="428" endline="437" begincolumn="2" endcolumn="2" rule="JUnitTestContainsTooManyAsserts" ruleset="Best Practices" package="org.junit.jupiter.api" class="AssertEqualsAssertionsTests" method="assertEqualsDoubleWithIllegalDelta" externalInfoUrl="https://pmd.github.io/pmd/pmd_rules_java_bestpractices.html#junittestcontainstoomanyasserts" priority="3">
Unit tests should not contain more than 1 assert(s).
</violation>
<violation beginline="440" endline="460" begincolumn="2" endcolumn="2" rule="JUnitTestContainsTooManyAsserts" ruleset="Best Practices" package="org.junit.jupiter.api" class="AssertEqualsAssertionsTests" method="assertEqualsDoubleWithDeltaWithUnequalValues" externalInfoUrl="https://pmd.github.io/pmd/pmd_rules_java_bestpractices.html#junittestcontainstoomanyasserts" priority="3">
Unit tests should not contain more than 1 assert(s).
</violation>
<violation beginline="457" endline="457" begincolumn="105" endcolumn="111" rule="UseUnderscoresInNumericLiterals" ruleset="Code Style" package="org.junit.jupiter.api" class="AssertEqualsAssertionsTests" method="assertEqualsDoubleWithDeltaWithUnequalValues" externalInfoUrl="https://pmd.github.io/pmd/pmd_rules_java_codestyle.html#useunderscoresinnumericliterals" priority="3">
Number .00001d should separate every third digit with an underscore
</violation>
<violation beginline="463" endline="471" begincolumn="2" endcolumn="2" rule="JUnitTestContainsTooManyAsserts" ruleset="Best Practices" package="org.junit.jupiter.api" class="AssertEqualsAssertionsTests" method="assertEqualsDoubleWithDeltaWithUnequalValuesAndMessage" externalInfoUrl="https://pmd.github.io/pmd/pmd_rules_java_bestpractices.html#junittestcontainstoomanyasserts" priority="3">
Unit tests should not contain more than 1 assert(s).
</violation>
<violation beginline="474" endline="482" begincolumn="2" endcolumn="2" rule="JUnitTestContainsTooManyAsserts" ruleset="Best Practices" package="org.junit.jupiter.api" class="AssertEqualsAssertionsTests" method="assertEqualsDoubleWithDeltaWithUnequalValuesAndMessageSupplier" externalInfoUrl="https://pmd.github.io/pmd/pmd_rules_java_bestpractices.html#junittestcontainstoomanyasserts" priority="3">
Unit tests should not contain more than 1 assert(s).
</violation>
<violation beginline="497" endline="497" begincolumn="16" endcolumn="32" rule="StringInstantiation" ruleset="Performance" package="org.junit.jupiter.api" class="AssertEqualsAssertionsTests" method="assertEqualsWithEquivalentStrings" externalInfoUrl="https://pmd.github.io/pmd/pmd_rules_java_performance.html#stringinstantiation" priority="2">
Avoid instantiating String objects; this is usually unnecessary.
</violation>
<violation beginline="497" endline="497" begincolumn="35" endcolumn="51" rule="StringInstantiation" ruleset="Performance" package="org.junit.jupiter.api" class="AssertEqualsAssertionsTests" method="assertEqualsWithEquivalentStrings" externalInfoUrl="https://pmd.github.io/pmd/pmd_rules_java_performance.html#stringinstantiation" priority="2">
Avoid instantiating String objects; this is usually unnecessary.
</violation>
<violation beginline="497" endline="497" begincolumn="27" endcolumn="31" rule="AvoidDuplicateLiterals" ruleset="Error Prone" package="org.junit.jupiter.api" class="AssertEqualsAssertionsTests" method="assertEqualsWithEquivalentStrings" externalInfoUrl="https://pmd.github.io/pmd/pmd_rules_java_errorprone.html#avoidduplicateliterals" priority="3">
The String literal "foo" appears 10 times in this file; the first occurrence is on line 497
</violation>
<violation beginline="501" endline="510" begincolumn="2" endcolumn="2" rule="JUnitTestContainsTooManyAsserts" ruleset="Best Practices" package="org.junit.jupiter.api" class="AssertEqualsAssertionsTests" method="assertEqualsWithNullVsObject" externalInfoUrl="https://pmd.github.io/pmd/pmd_rules_java_bestpractices.html#junittestcontainstoomanyasserts" priority="3">
Unit tests should not contain more than 1 assert(s).
</violation>
<violation beginline="513" endline="522" begincolumn="2" endcolumn="2" rule="JUnitTestContainsTooManyAsserts" ruleset="Best Practices" package="org.junit.jupiter.api" class="AssertEqualsAssertionsTests" method="assertEqualsWithObjectVsNull" externalInfoUrl="https://pmd.github.io/pmd/pmd_rules_java_bestpractices.html#junittestcontainstoomanyasserts" priority="3">
Unit tests should not contain more than 1 assert(s).
</violation>
<violation beginline="525" endline="535" begincolumn="2" endcolumn="2" rule="JUnitTestContainsTooManyAsserts" ruleset="Best Practices" package="org.junit.jupiter.api" class="AssertEqualsAssertionsTests" method="assertEqualsWithNullVsObjectAndMessageSupplier" externalInfoUrl="https://pmd.github.io/pmd/pmd_rules_java_bestpractices.html#junittestcontainstoomanyasserts" priority="3">
Unit tests should not contain more than 1 assert(s).
</violation>
<violation beginline="527" endline="527" begincolumn="36" endcolumn="41" rule="AvoidDuplicateLiterals" ruleset="Error Prone" package="org.junit.jupiter.api" class="AssertEqualsAssertionsTests" method="assertEqualsWithNullVsObjectAndMessageSupplier" externalInfoUrl="https://pmd.github.io/pmd/pmd_rules_java_errorprone.html#avoidduplicateliterals" priority="3">
The String literal "test" appears 4 times in this file; the first occurrence is on line 527
</violation>
<violation beginline="538" endline="548" begincolumn="2" endcolumn="2" rule="JUnitTestContainsTooManyAsserts" ruleset="Best Practices" package="org.junit.jupiter.api" class="AssertEqualsAssertionsTests" method="assertEqualsWithObjectVsNullAndMessageSupplier" externalInfoUrl="https://pmd.github.io/pmd/pmd_rules_java_bestpractices.html#junittestcontainstoomanyasserts" priority="3">
Unit tests should not contain more than 1 assert(s).
</violation>
<violation beginline="551" endline="554" begincolumn="2" endcolumn="2" rule="JUnitTestContainsTooManyAsserts" ruleset="Best Practices" package="org.junit.jupiter.api" class="AssertEqualsAssertionsTests" method="assertEqualsInvokesEqualsMethodForIdenticalObjects" externalInfoUrl="https://pmd.github.io/pmd/pmd_rules_java_bestpractices.html#junittestcontainstoomanyasserts" priority="3">
Unit tests should not contain more than 1 assert(s).
</violation>
<violation beginline="559" endline="559" begincolumn="18" endcolumn="35" rule="OverrideBothEqualsAndHashcode" ruleset="Error Prone" package="org.junit.jupiter.api" class="AssertEqualsAssertionsTests$EqualsThrowsExceptionClass" method="equals" externalInfoUrl="https://pmd.github.io/pmd/pmd_rules_java_errorprone.html#overridebothequalsandhashcode" priority="3">
Ensure you override both equals() and hashCode()
</violation>
</file>
<file name="C:\Users\Sokaina\Downloads\Versiones-Junit5\junit5-r5.0.2\junit-jupiter-engine\src\test\java\org\junit\jupiter\api\AssertFalseAssertionsTests.java">
<violation beginline="28" endline="28" begincolumn="3" endcolumn="20" rule="UnnecessaryBooleanAssertion" ruleset="Error Prone" package="org.junit.jupiter.api" class="AssertFalseAssertionsTests" method="assertFalseWithBooleanFalse" externalInfoUrl="https://pmd.github.io/pmd/pmd_rules_java_errorprone.html#unnecessarybooleanassertion" priority="3">
assertTrue(true) or similar statements are unnecessary
</violation>
<violation beginline="38" endline="38" begincolumn="22" endcolumn="27" rule="AvoidDuplicateLiterals" ruleset="Error Prone" package="org.junit.jupiter.api" class="AssertFalseAssertionsTests" method="assertFalseWithBooleanFalseAndString" externalInfoUrl="https://pmd.github.io/pmd/pmd_rules_java_errorprone.html#avoidduplicateliterals" priority="3">
The String literal "test" appears 5 times in this file; the first occurrence is on line 38
</violation>
<violation beginline="38" endline="38" begincolumn="3" endcolumn="28" rule="UnnecessaryBooleanAssertion" ruleset="Error Prone" package="org.junit.jupiter.api" class="AssertFalseAssertionsTests" method="assertFalseWithBooleanFalseAndString" externalInfoUrl="https://pmd.github.io/pmd/pmd_rules_java_errorprone.html#unnecessarybooleanassertion" priority="3">
assertTrue(true) or similar statements are unnecessary
</violation>
<violation beginline="42" endline="50" begincolumn="2" endcolumn="2" rule="JUnitTestContainsTooManyAsserts" ruleset="Best Practices" package="org.junit.jupiter.api" class="AssertFalseAssertionsTests" method="assertFalseWithBooleanTrueAndDefaultMessage" externalInfoUrl="https://pmd.github.io/pmd/pmd_rules_java_bestpractices.html#junittestcontainstoomanyasserts" priority="3">
Unit tests should not contain more than 1 assert(s).
</violation>
<violation beginline="44" endline="44" begincolumn="4" endcolumn="20" rule="UnnecessaryBooleanAssertion" ruleset="Error Prone" package="org.junit.jupiter.api" class="AssertFalseAssertionsTests" method="assertFalseWithBooleanTrueAndDefaultMessage" externalInfoUrl="https://pmd.github.io/pmd/pmd_rules_java_errorprone.html#unnecessarybooleanassertion" priority="3">
assertTrue(true) or similar statements are unnecessary
</violation>
<violation beginline="53" endline="61" begincolumn="2" endcolumn="2" rule="JUnitTestContainsTooManyAsserts" ruleset="Best Practices" package="org.junit.jupiter.api" class="AssertFalseAssertionsTests" method="assertFalseWithBooleanTrueAndString" externalInfoUrl="https://pmd.github.io/pmd/pmd_rules_java_bestpractices.html#junittestcontainstoomanyasserts" priority="3">
Unit tests should not contain more than 1 assert(s).
</violation>
<violation beginline="55" endline="55" begincolumn="4" endcolumn="28" rule="UnnecessaryBooleanAssertion" ruleset="Error Prone" package="org.junit.jupiter.api" class="AssertFalseAssertionsTests" method="assertFalseWithBooleanTrueAndString" externalInfoUrl="https://pmd.github.io/pmd/pmd_rules_java_errorprone.html#unnecessarybooleanassertion" priority="3">
assertTrue(true) or similar statements are unnecessary
</violation>
<violation beginline="59" endline="59" begincolumn="28" endcolumn="71" rule="AvoidDuplicateLiterals" ruleset="Error Prone" package="org.junit.jupiter.api" class="AssertFalseAssertionsTests" method="assertFalseWithBooleanTrueAndString" externalInfoUrl="https://pmd.github.io/pmd/pmd_rules_java_errorprone.html#avoidduplicateliterals" priority="3">
The String literal "test ==&gt; expected: &lt;false&gt; but was: &lt;true&gt;" appears 4 times in this file; the first occurrence is on line 59
</violation>
<violation beginline="64" endline="72" begincolumn="2" endcolumn="2" rule="JUnitTestContainsTooManyAsserts" ruleset="Best Practices" package="org.junit.jupiter.api" class="AssertFalseAssertionsTests" method="assertFalseWithBooleanSupplierTrueAndString" externalInfoUrl="https://pmd.github.io/pmd/pmd_rules_java_bestpractices.html#junittestcontainstoomanyasserts" priority="3">
Unit tests should not contain more than 1 assert(s).
</violation>
<violation beginline="75" endline="83" begincolumn="2" endcolumn="2" rule="JUnitTestContainsTooManyAsserts" ruleset="Best Practices" package="org.junit.jupiter.api" class="AssertFalseAssertionsTests" method="assertFalseWithBooleanTrueAndMessageSupplier" externalInfoUrl="https://pmd.github.io/pmd/pmd_rules_java_bestpractices.html#junittestcontainstoomanyasserts" priority="3">
Unit tests should not contain more than 1 assert(s).
</violation>
<violation beginline="77" endline="77" begincolumn="4" endcolumn="34" rule="UnnecessaryBooleanAssertion" ruleset="Error Prone" package="org.junit.jupiter.api" class="AssertFalseAssertionsTests" method="assertFalseWithBooleanTrueAndMessageSupplier" externalInfoUrl="https://pmd.github.io/pmd/pmd_rules_java_errorprone.html#unnecessarybooleanassertion" priority="3">
assertTrue(true) or similar statements are unnecessary
</violation>
<violation beginline="86" endline="94" begincolumn="2" endcolumn="2" rule="JUnitTestContainsTooManyAsserts" ruleset="Best Practices" package="org.junit.jupiter.api" class="AssertFalseAssertionsTests" method="assertFalseWithBooleanSupplierTrueAndMessageSupplier" externalInfoUrl="https://pmd.github.io/pmd/pmd_rules_java_bestpractices.html#junittestcontainstoomanyasserts" priority="3">
Unit tests should not contain more than 1 assert(s).
</violation>
</file>
<file name="C:\Users\Sokaina\Downloads\Versiones-Junit5\junit5-r5.0.2\junit-jupiter-engine\src\test\java\org\junit\jupiter\api\AssertIterableEqualsAssertionsTests.java">
<violation beginline="11" endline="440" begincolumn="1" endcolumn="2" rule="TooManyStaticImports" ruleset="Code Style" package="org.junit.jupiter.api" class="AssertIterableEqualsAssertionsTests" externalInfoUrl="https://pmd.github.io/pmd/pmd_rules_java_codestyle.html#toomanystaticimports" priority="3">
Too many static imports may lead to messy code
</violation>
<violation beginline="34" endline="40" begincolumn="2" endcolumn="2" rule="JUnitTestContainsTooManyAsserts" ruleset="Best Practices" package="org.junit.jupiter.api" class="AssertIterableEqualsAssertionsTests" method="assertIterableEqualsEqualToSelf" externalInfoUrl="https://pmd.github.io/pmd/pmd_rules_java_bestpractices.html#junittestcontainstoomanyasserts" priority="3">
Unit tests should not contain more than 1 assert(s).
</violation>
<violation beginline="43" endline="50" begincolumn="2" endcolumn="2" rule="JUnitTestContainsTooManyAsserts" ruleset="Best Practices" package="org.junit.jupiter.api" class="AssertIterableEqualsAssertionsTests" method="assertIterableEqualsEqualObjectsOfSameType" externalInfoUrl="https://pmd.github.io/pmd/pmd_rules_java_bestpractices.html#junittestcontainstoomanyasserts" priority="3">
Unit tests should not contain more than 1 assert(s).
</violation>
<violation beginline="45" endline="45" begincolumn="31" endcolumn="35" rule="AvoidDuplicateLiterals" ruleset="Error Prone" package="org.junit.jupiter.api" class="AssertIterableEqualsAssertionsTests" method="assertIterableEqualsEqualObjectsOfSameType" externalInfoUrl="https://pmd.github.io/pmd/pmd_rules_java_errorprone.html#avoidduplicateliterals" priority="3">
The String literal "abc" appears 16 times in this file; the first occurrence is on line 45
</violation>
<violation beginline="53" endline="56" begincolumn="2" endcolumn="2" rule="JUnitTestContainsTooManyAsserts" ruleset="Best Practices" package="org.junit.jupiter.api" class="AssertIterableEqualsAssertionsTests" method="assertIterableEqualsNestedIterables" externalInfoUrl="https://pmd.github.io/pmd/pmd_rules_java_bestpractices.html#junittestcontainstoomanyasserts" priority="3">
Unit tests should not contain more than 1 assert(s).
</violation>
<violation beginline="59" endline="64" begincolumn="2" endcolumn="2" rule="JUnitTestContainsTooManyAsserts" ruleset="Best Practices" package="org.junit.jupiter.api" class="AssertIterableEqualsAssertionsTests" method="assertIterableEqualsNestedIterablesWithNull" externalInfoUrl="https://pmd.github.io/pmd/pmd_rules_java_bestpractices.html#junittestcontainstoomanyasserts" priority="3">
Unit tests should not contain more than 1 assert(s).
</violation>
<violation beginline="67" endline="72" begincolumn="2" endcolumn="2" rule="JUnitTestContainsTooManyAsserts" ruleset="Best Practices" package="org.junit.jupiter.api" class="AssertIterableEqualsAssertionsTests" method="assertIterableEqualsNestedIterablesWithStrings" externalInfoUrl="https://pmd.github.io/pmd/pmd_rules_java_bestpractices.html#junittestcontainstoomanyasserts" priority="3">
Unit tests should not contain more than 1 assert(s).
</violation>
<violation beginline="75" endline="80" begincolumn="2" endcolumn="2" rule="JUnitTestContainsTooManyAsserts" ruleset="Best Practices" package="org.junit.jupiter.api" class="AssertIterableEqualsAssertionsTests" method="assertIterableEqualsNestedIterablesWithIntegers" externalInfoUrl="https://pmd.github.io/pmd/pmd_rules_java_bestpractices.html#junittestcontainstoomanyasserts" priority="3">
Unit tests should not contain more than 1 assert(s).
</violation>
<violation beginline="83" endline="88" begincolumn="2" endcolumn="2" rule="JUnitTestContainsTooManyAsserts" ruleset="Best Practices" package="org.junit.jupiter.api" class="AssertIterableEqualsAssertionsTests" method="assertIterableEqualsNestedIterablesWithDeeplyNestedObject" externalInfoUrl="https://pmd.github.io/pmd/pmd_rules_java_bestpractices.html#junittestcontainstoomanyasserts" priority="3">
Unit tests should not contain more than 1 assert(s).
</violation>
<violation beginline="91" endline="96" begincolumn="2" endcolumn="2" rule="JUnitTestContainsTooManyAsserts" ruleset="Best Practices" package="org.junit.jupiter.api" class="AssertIterableEqualsAssertionsTests" method="assertIterableEqualsNestedIterablesWithNaN" externalInfoUrl="https://pmd.github.io/pmd/pmd_rules_java_bestpractices.html#junittestcontainstoomanyasserts" priority="3">
Unit tests should not contain more than 1 assert(s).
</violation>
<violation beginline="99" endline="104" begincolumn="2" endcolumn="2" rule="JUnitTestContainsTooManyAsserts" ruleset="Best Practices" package="org.junit.jupiter.api" class="AssertIterableEqualsAssertionsTests" method="assertIterableEqualsNestedIterablesWithObjectsOfDifferentTypes" externalInfoUrl="https://pmd.github.io/pmd/pmd_rules_java_bestpractices.html#junittestcontainstoomanyasserts" priority="3">
Unit tests should not contain more than 1 assert(s).
</violation>
<violation beginline="100" endline="100" begincolumn="31" endcolumn="45" rule="StringInstantiation" ruleset="Performance" package="org.junit.jupiter.api" class="AssertIterableEqualsAssertionsTests" method="assertIterableEqualsNestedIterablesWithObjectsOfDifferentTypes" externalInfoUrl="https://pmd.github.io/pmd/pmd_rules_java_performance.html#stringinstantiation" priority="2">
Avoid instantiating String objects; this is usually unnecessary.
</violation>
<violation beginline="100" endline="100" begincolumn="94" endcolumn="98" rule="AvoidDuplicateLiterals" ruleset="Error Prone" package="org.junit.jupiter.api" class="AssertIterableEqualsAssertionsTests" method="assertIterableEqualsNestedIterablesWithObjectsOfDifferentTypes" externalInfoUrl="https://pmd.github.io/pmd/pmd_rules_java_errorprone.html#avoidduplicateliterals" priority="3">
The String literal "1.1" appears 4 times in this file; the first occurrence is on line 100
</violation>
<violation beginline="101" endline="101" begincolumn="11" endcolumn="25" rule="StringInstantiation" ruleset="Performance" package="org.junit.jupiter.api" class="AssertIterableEqualsAssertionsTests" method="assertIterableEqualsNestedIterablesWithObjectsOfDifferentTypes" externalInfoUrl="https://pmd.github.io/pmd/pmd_rules_java_performance.html#stringinstantiation" priority="2">
Avoid instantiating String objects; this is usually unnecessary.
</violation>
<violation beginline="102" endline="102" begincolumn="30" endcolumn="44" rule="StringInstantiation" ruleset="Performance" package="org.junit.jupiter.api" class="AssertIterableEqualsAssertionsTests" method="assertIterableEqualsNestedIterablesWithObjectsOfDifferentTypes" externalInfoUrl="https://pmd.github.io/pmd/pmd_rules_java_performance.html#stringinstantiation" priority="2">
Avoid instantiating String objects; this is usually unnecessary.
</violation>
<violation beginline="103" endline="103" begincolumn="10" endcolumn="24" rule="StringInstantiation" ruleset="Performance" package="org.junit.jupiter.api" class="AssertIterableEqualsAssertionsTests" method="assertIterableEqualsNestedIterablesWithObjectsOfDifferentTypes" externalInfoUrl="https://pmd.github.io/pmd/pmd_rules_java_performance.html#stringinstantiation" priority="2">
Avoid instantiating String objects; this is usually unnecessary.
</violation>
<violation beginline="107" endline="115" begincolumn="2" endcolumn="2" rule="JUnitTestContainsTooManyAsserts" ruleset="Best Practices" package="org.junit.jupiter.api" class="AssertIterableEqualsAssertionsTests" method="assertIterableEqualsNestedIterablesOfMixedSubtypes" externalInfoUrl="https://pmd.github.io/pmd/pmd_rules_java_bestpractices.html#junittestcontainstoomanyasserts" priority="3">
Unit tests should not contain more than 1 assert(s).
</violation>
<violation beginline="118" endline="134" begincolumn="2" endcolumn="2" rule="JUnitTestContainsTooManyAsserts" ruleset="Best Practices" package="org.junit.jupiter.api" class="AssertIterableEqualsAssertionsTests" method="assertIterableEqualsIterableVsNull" externalInfoUrl="https://pmd.github.io/pmd/pmd_rules_java_bestpractices.html#junittestcontainstoomanyasserts" priority="3">
Unit tests should not contain more than 1 assert(s).
</violation>
<violation beginline="137" endline="155" begincolumn="2" endcolumn="2" rule="JUnitTestContainsTooManyAsserts" ruleset="Best Practices" package="org.junit.jupiter.api" class="AssertIterableEqualsAssertionsTests" method="assertIterableEqualsNestedIterableVsNull" externalInfoUrl="https://pmd.github.io/pmd/pmd_rules_java_bestpractices.html#junittestcontainstoomanyasserts" priority="3">
Unit tests should not contain more than 1 assert(s).
</violation>
<violation beginline="158" endline="176" begincolumn="2" endcolumn="2" rule="JUnitTestContainsTooManyAsserts" ruleset="Best Practices" package="org.junit.jupiter.api" class="AssertIterableEqualsAssertionsTests" method="assertIterableEqualsIterableVsNullAndMessage" externalInfoUrl="https://pmd.github.io/pmd/pmd_rules_java_bestpractices.html#junittestcontainstoomanyasserts" priority="3">
Unit tests should not contain more than 1 assert(s).
</violation>
<violation beginline="160" endline="160" begincolumn="58" endcolumn="66" rule="AvoidDuplicateLiterals" ruleset="Error Prone" package="org.junit.jupiter.api" class="AssertIterableEqualsAssertionsTests" method="assertIterableEqualsIterableVsNullAndMessage" externalInfoUrl="https://pmd.github.io/pmd/pmd_rules_java_errorprone.html#avoidduplicateliterals" priority="3">
The String literal "message" appears 36 times in this file; the first occurrence is on line 160
</violation>
<violation beginline="179" endline="199" begincolumn="2" endcolumn="2" rule="JUnitTestContainsTooManyAsserts" ruleset="Best Practices" package="org.junit.jupiter.api" class="AssertIterableEqualsAssertionsTests" method="assertIterableEqualsNestedIterableVsNullAndMessage" externalInfoUrl="https://pmd.github.io/pmd/pmd_rules_java_bestpractices.html#junittestcontainstoomanyasserts" priority="3">
Unit tests should not contain more than 1 assert(s).
</violation>
<violation beginline="202" endline="220" begincolumn="2" endcolumn="2" rule="JUnitTestContainsTooManyAsserts" ruleset="Best Practices" package="org.junit.jupiter.api" class="AssertIterableEqualsAssertionsTests" method="assertIterableEqualsIterableVsNullAndMessageSupplier" externalInfoUrl="https://pmd.github.io/pmd/pmd_rules_java_bestpractices.html#junittestcontainstoomanyasserts" priority="3">
Unit tests should not contain more than 1 assert(s).
</violation>
<violation beginline="223" endline="243" begincolumn="2" endcolumn="2" rule="JUnitTestContainsTooManyAsserts" ruleset="Best Practices" package="org.junit.jupiter.api" class="AssertIterableEqualsAssertionsTests" method="assertIterableEqualsNestedIterableVsNullAndMessageSupplier" externalInfoUrl="https://pmd.github.io/pmd/pmd_rules_java_bestpractices.html#junittestcontainstoomanyasserts" priority="3">
Unit tests should not contain more than 1 assert(s).
</violation>
<violation beginline="246" endline="254" begincolumn="2" endcolumn="2" rule="JUnitTestContainsTooManyAsserts" ruleset="Best Practices" package="org.junit.jupiter.api" class="AssertIterableEqualsAssertionsTests" method="assertIterableEqualsIterablesOfDifferentLength" externalInfoUrl="https://pmd.github.io/pmd/pmd_rules_java_bestpractices.html#junittestcontainstoomanyasserts" priority="3">
Unit tests should not contain more than 1 assert(s).
</violation>
<violation beginline="257" endline="275" begincolumn="2" endcolumn="2" rule="JUnitTestContainsTooManyAsserts" ruleset="Best Practices" package="org.junit.jupiter.api" class="AssertIterableEqualsAssertionsTests" method="assertIterableEqualsNestedIterablesOfDifferentLength" externalInfoUrl="https://pmd.github.io/pmd/pmd_rules_java_bestpractices.html#junittestcontainstoomanyasserts" priority="3">
Unit tests should not contain more than 1 assert(s).
</violation>
<violation beginline="278" endline="287" begincolumn="2" endcolumn="2" rule="JUnitTestContainsTooManyAsserts" ruleset="Best Practices" package="org.junit.jupiter.api" class="AssertIterableEqualsAssertionsTests" method="assertIterableEqualsIterablesOfDifferentLengthAndMessage" externalInfoUrl="https://pmd.github.io/pmd/pmd_rules_java_bestpractices.html#junittestcontainstoomanyasserts" priority="3">
Unit tests should not contain more than 1 assert(s).
</violation>
<violation beginline="290" endline="299" begincolumn="2" endcolumn="2" rule="JUnitTestContainsTooManyAsserts" ruleset="Best Practices" package="org.junit.jupiter.api" class="AssertIterableEqualsAssertionsTests" method="assertIterableEqualsNestedIterablesOfDifferentLengthAndMessage" externalInfoUrl="https://pmd.github.io/pmd/pmd_rules_java_bestpractices.html#junittestcontainstoomanyasserts" priority="3">
Unit tests should not contain more than 1 assert(s).
</violation>
<violation beginline="302" endline="311" begincolumn="2" endcolumn="2" rule="JUnitTestContainsTooManyAsserts" ruleset="Best Practices" package="org.junit.jupiter.api" class="AssertIterableEqualsAssertionsTests" method="assertIterableEqualsIterablesOfDifferentLengthAndMessageSupplier" externalInfoUrl="https://pmd.github.io/pmd/pmd_rules_java_bestpractices.html#junittestcontainstoomanyasserts" priority="3">
Unit tests should not contain more than 1 assert(s).
</violation>
<violation beginline="314" endline="324" begincolumn="2" endcolumn="2" rule="JUnitTestContainsTooManyAsserts" ruleset="Best Practices" package="org.junit.jupiter.api" class="AssertIterableEqualsAssertionsTests" method="assertIterableEqualsNestedIterablesOfDifferentLengthAndMessageSupplier" externalInfoUrl="https://pmd.github.io/pmd/pmd_rules_java_bestpractices.html#junittestcontainstoomanyasserts" priority="3">
Unit tests should not contain more than 1 assert(s).
</violation>
<violation beginline="327" endline="343" begincolumn="2" endcolumn="2" rule="JUnitTestContainsTooManyAsserts" ruleset="Best Practices" package="org.junit.jupiter.api" class="AssertIterableEqualsAssertionsTests" method="assertIterableEqualsDifferentIterables" externalInfoUrl="https://pmd.github.io/pmd/pmd_rules_java_bestpractices.html#junittestcontainstoomanyasserts" priority="3">
Unit tests should not contain more than 1 assert(s).
</violation>
<violation beginline="346" endline="367" begincolumn="2" endcolumn="2" rule="JUnitTestContainsTooManyAsserts" ruleset="Best Practices" package="org.junit.jupiter.api" class="AssertIterableEqualsAssertionsTests" method="assertIterableEqualsDifferentNestedIterables" externalInfoUrl="https://pmd.github.io/pmd/pmd_rules_java_bestpractices.html#junittestcontainstoomanyasserts" priority="3">
Unit tests should not contain more than 1 assert(s).
</violation>
<violation beginline="370" endline="379" begincolumn="2" endcolumn="2" rule="JUnitTestContainsTooManyAsserts" ruleset="Best Practices" package="org.junit.jupiter.api" class="AssertIterableEqualsAssertionsTests" method="assertIterableEqualsDifferentIterablesAndMessage" externalInfoUrl="https://pmd.github.io/pmd/pmd_rules_java_bestpractices.html#junittestcontainstoomanyasserts" priority="3">
Unit tests should not contain more than 1 assert(s).
</violation>
<violation beginline="382" endline="402" begincolumn="2" endcolumn="2" rule="JUnitTestContainsTooManyAsserts" ruleset="Best Practices" package="org.junit.jupiter.api" class="AssertIterableEqualsAssertionsTests" method="assertIterableEqualsDifferentNestedIterablesAndMessage" externalInfoUrl="https://pmd.github.io/pmd/pmd_rules_java_bestpractices.html#junittestcontainstoomanyasserts" priority="3">
Unit tests should not contain more than 1 assert(s).
</violation>
<violation beginline="405" endline="415" begincolumn="2" endcolumn="2" rule="JUnitTestContainsTooManyAsserts" ruleset="Best Practices" package="org.junit.jupiter.api" class="AssertIterableEqualsAssertionsTests" method="assertIterableEqualsDifferentIterablesAndMessageSupplier" externalInfoUrl="https://pmd.github.io/pmd/pmd_rules_java_bestpractices.html#junittestcontainstoomanyasserts" priority="3">
Unit tests should not contain more than 1 assert(s).
</violation>
<violation beginline="407" endline="407" begincolumn="31" endcolumn="35" rule="AvoidDuplicateLiterals" ruleset="Error Prone" package="org.junit.jupiter.api" class="AssertIterableEqualsAssertionsTests" method="assertIterableEqualsDifferentIterablesAndMessageSupplier" externalInfoUrl="https://pmd.github.io/pmd/pmd_rules_java_errorprone.html#avoidduplicateliterals" priority="3">
The String literal "one" appears 4 times in this file; the first occurrence is on line 407
</violation>
<violation beginline="418" endline="438" begincolumn="2" endcolumn="2" rule="JUnitTestContainsTooManyAsserts" ruleset="Best Practices" package="org.junit.jupiter.api" class="AssertIterableEqualsAssertionsTests" method="assertIterableEqualsDifferentNestedIterablesAndMessageSupplier" externalInfoUrl="https://pmd.github.io/pmd/pmd_rules_java_bestpractices.html#junittestcontainstoomanyasserts" priority="3">
Unit tests should not contain more than 1 assert(s).
</violation>
</file>
<file name="C:\Users\Sokaina\Downloads\Versiones-Junit5\junit5-r5.0.2\junit-jupiter-engine\src\test\java\org\junit\jupiter\api\AssertLinesMatchAssertionsTests.java">
<violation beginline="11" endline="223" begincolumn="1" endcolumn="2" rule="TooManyStaticImports" ruleset="Code Style" package="org.junit.jupiter.api" class="AssertLinesMatchAssertionsTests" externalInfoUrl="https://pmd.github.io/pmd/pmd_rules_java_codestyle.html#toomanystaticimports" priority="3">
Too many static imports may lead to messy code
</violation>
<violation beginline="46" endline="46" begincolumn="37" endcolumn="48" rule="AvoidDuplicateLiterals" ruleset="Error Prone" package="org.junit.jupiter.api" class="AssertLinesMatchAssertionsTests" method="assertLinesMatchSameListInstance" externalInfoUrl="https://pmd.github.io/pmd/pmd_rules_java_errorprone.html#avoidduplicateliterals" priority="3">
The String literal "first line" appears 23 times in this file; the first occurrence is on line 46
</violation>
<violation beginline="46" endline="46" begincolumn="80" endcolumn="90" rule="AvoidDuplicateLiterals" ruleset="Error Prone" package="org.junit.jupiter.api" class="AssertLinesMatchAssertionsTests" method="assertLinesMatchSameListInstance" externalInfoUrl="https://pmd.github.io/pmd/pmd_rules_java_errorprone.html#avoidduplicateliterals" priority="3">
The String literal "last line" appears 14 times in this file; the first occurrence is on line 46
</violation>
<violation beginline="46" endline="46" begincolumn="51" endcolumn="63" rule="AvoidDuplicateLiterals" ruleset="Error Prone" package="org.junit.jupiter.api" class="AssertLinesMatchAssertionsTests" method="assertLinesMatchSameListInstance" externalInfoUrl="https://pmd.github.io/pmd/pmd_rules_java_errorprone.html#avoidduplicateliterals" priority="3">
The String literal "second line" appears 12 times in this file; the first occurrence is on line 46
</violation>
<violation beginline="46" endline="46" begincolumn="66" endcolumn="77" rule="AvoidDuplicateLiterals" ruleset="Error Prone" package="org.junit.jupiter.api" class="AssertLinesMatchAssertionsTests" method="assertLinesMatchSameListInstance" externalInfoUrl="https://pmd.github.io/pmd/pmd_rules_java_errorprone.html#avoidduplicateliterals" priority="3">
The String literal "third line" appears 11 times in this file; the first occurrence is on line 46
</violation>
<violation beginline="81" endline="81" begincolumn="53" endcolumn="61" rule="AvoidDuplicateLiterals" ruleset="Error Prone" package="org.junit.jupiter.api" class="AssertLinesMatchAssertionsTests" method="assertLinesMatchUsingFastForwardMarkerWithLimit1" externalInfoUrl="https://pmd.github.io/pmd/pmd_rules_java_errorprone.html#avoidduplicateliterals" priority="3">
The String literal "skipped" appears 8 times in this file; the first occurrence is on line 81
</violation>
<violation beginline="93" endline="97" begincolumn="2" endcolumn="2" rule="JUnitTestContainsTooManyAsserts" ruleset="Best Practices" package="org.junit.jupiter.api" class="AssertLinesMatchAssertionsTests" method="assertLinesMatchWithNullFails" externalInfoUrl="https://pmd.github.io/pmd/pmd_rules_java_bestpractices.html#junittestcontainstoomanyasserts" priority="3">
Unit tests should not contain more than 1 assert(s).
</violation>
<violation beginline="100" endline="110" begincolumn="2" endcolumn="2" rule="JUnitTestContainsTooManyAsserts" ruleset="Best Practices" package="org.junit.jupiter.api" class="AssertLinesMatchAssertionsTests" method="assertLinesMatchMoreExpectedThanActualAvailableFails" externalInfoUrl="https://pmd.github.io/pmd/pmd_rules_java_bestpractices.html#junittestcontainstoomanyasserts" priority="3">
Unit tests should not contain more than 1 assert(s).
</violation>
<violation beginline="109" endline="109" begincolumn="86" endcolumn="90" rule="AvoidDuplicateLiterals" ruleset="Error Prone" package="org.junit.jupiter.api" class="AssertLinesMatchAssertionsTests" method="assertLinesMatchMoreExpectedThanActualAvailableFails" externalInfoUrl="https://pmd.github.io/pmd/pmd_rules_java_errorprone.html#avoidduplicateliterals" priority="3">
The String literal "\\R" appears 6 times in this file; the first occurrence is on line 109
</violation>
<violation beginline="113" endline="124" begincolumn="2" endcolumn="2" rule="JUnitTestContainsTooManyAsserts" ruleset="Best Practices" package="org.junit.jupiter.api" class="AssertLinesMatchAssertionsTests" method="assertLinesMatchFailsWithDescriptiveErrorMessage" externalInfoUrl="https://pmd.github.io/pmd/pmd_rules_java_bestpractices.html#junittestcontainstoomanyasserts" priority="3">
Unit tests should not contain more than 1 assert(s).
</violation>
<violation beginline="127" endline="138" begincolumn="2" endcolumn="2" rule="JUnitTestContainsTooManyAsserts" ruleset="Best Practices" package="org.junit.jupiter.api" class="AssertLinesMatchAssertionsTests" method="assertLinesMatchMoreActualLinesThenExpectedFails" externalInfoUrl="https://pmd.github.io/pmd/pmd_rules_java_bestpractices.html#junittestcontainstoomanyasserts" priority="3">
Unit tests should not contain more than 1 assert(s).
</violation>
<violation beginline="136" endline="136" begincolumn="18" endcolumn="29" rule="AvoidDuplicateLiterals" ruleset="Error Prone" package="org.junit.jupiter.api" class="AssertLinesMatchAssertionsTests" method="assertLinesMatchMoreActualLinesThenExpectedFails" externalInfoUrl="https://pmd.github.io/pmd/pmd_rules_java_errorprone.html#avoidduplicateliterals" priority="3">
The String literal "last line&gt;" appears 4 times in this file; the first occurrence is on line 136
</violation>
<violation beginline="141" endline="151" begincolumn="2" endcolumn="2" rule="JUnitTestContainsTooManyAsserts" ruleset="Best Practices" package="org.junit.jupiter.api" class="AssertLinesMatchAssertionsTests" method="assertLinesMatchUsingFastForwardMarkerWithTooLowLimitFails" externalInfoUrl="https://pmd.github.io/pmd/pmd_rules_java_bestpractices.html#junittestcontainstoomanyasserts" priority="3">
Unit tests should not contain more than 1 assert(s).
</violation>
<violation beginline="154" endline="164" begincolumn="2" endcolumn="2" rule="JUnitTestContainsTooManyAsserts" ruleset="Best Practices" package="org.junit.jupiter.api" class="AssertLinesMatchAssertionsTests" method="assertLinesMatchUsingFastForwardMarkerWithTooHighLimitFails" externalInfoUrl="https://pmd.github.io/pmd/pmd_rules_java_bestpractices.html#junittestcontainstoomanyasserts" priority="3">
Unit tests should not contain more than 1 assert(s).
</violation>
<violation beginline="167" endline="178" begincolumn="2" endcolumn="2" rule="JUnitTestContainsTooManyAsserts" ruleset="Best Practices" package="org.junit.jupiter.api" class="AssertLinesMatchAssertionsTests" method="assertLinesMatchUsingFastForwardMarkerWithoutMatchingNextLineFails" externalInfoUrl="https://pmd.github.io/pmd/pmd_rules_java_bestpractices.html#junittestcontainstoomanyasserts" priority="3">
Unit tests should not contain more than 1 assert(s).
</violation>
<violation beginline="181" endline="188" begincolumn="2" endcolumn="2" rule="JUnitTestContainsTooManyAsserts" ruleset="Best Practices" package="org.junit.jupiter.api" class="AssertLinesMatchAssertionsTests" method="assertLinesMatchIsFastForwardLine" externalInfoUrl="https://pmd.github.io/pmd/pmd_rules_java_bestpractices.html#junittestcontainstoomanyasserts" priority="3">
Unit tests should not contain more than 1 assert(s).
</violation>
<violation beginline="191" endline="205" begincolumn="2" endcolumn="2" rule="JUnitTestContainsTooManyAsserts" ruleset="Best Practices" package="org.junit.jupiter.api" class="AssertLinesMatchAssertionsTests" method="assertLinesMatchParseFastForwardLimit" externalInfoUrl="https://pmd.github.io/pmd/pmd_rules_java_bestpractices.html#junittestcontainstoomanyasserts" priority="3">
Unit tests should not contain more than 1 assert(s).
</violation>
<violation beginline="208" endline="222" begincolumn="2" endcolumn="2" rule="JUnitTestContainsTooManyAsserts" ruleset="Best Practices" package="org.junit.jupiter.api" class="AssertLinesMatchAssertionsTests" method="assertLinesMatchMatches" externalInfoUrl="https://pmd.github.io/pmd/pmd_rules_java_bestpractices.html#junittestcontainstoomanyasserts" priority="3">
Unit tests should not contain more than 1 assert(s).
</violation>
<violation beginline="213" endline="213" begincolumn="46" endcolumn="50" rule="AvoidDuplicateLiterals" ruleset="Error Prone" package="org.junit.jupiter.api" class="AssertLinesMatchAssertionsTests" method="assertLinesMatchMatches" externalInfoUrl="https://pmd.github.io/pmd/pmd_rules_java_errorprone.html#avoidduplicateliterals" priority="3">
The String literal "123" appears 5 times in this file; the first occurrence is on line 213
</violation>
</file>
<file name="C:\Users\Sokaina\Downloads\Versiones-Junit5\junit5-r5.0.2\junit-jupiter-engine\src\test\java\org\junit\jupiter\api\AssertNotEqualsAssertionsTests.java">
<violation beginline="11" endline="81" begincolumn="1" endcolumn="2" rule="TooManyStaticImports" ruleset="Code Style" package="org.junit.jupiter.api" class="AssertNotEqualsAssertionsTests" externalInfoUrl="https://pmd.github.io/pmd/pmd_rules_java_codestyle.html#toomanystaticimports" priority="3">
Too many static imports may lead to messy code
</violation>
<violation beginline="30" endline="30" begincolumn="25" endcolumn="29" rule="AvoidDuplicateLiterals" ruleset="Error Prone" package="org.junit.jupiter.api" class="AssertNotEqualsAssertionsTests" method="assertNotEqualsWithNullVsObject" externalInfoUrl="https://pmd.github.io/pmd/pmd_rules_java_errorprone.html#avoidduplicateliterals" priority="3">
The String literal "foo" appears 6 times in this file; the first occurrence is on line 30
</violation>
<violation beginline="44" endline="53" begincolumn="2" endcolumn="2" rule="JUnitTestContainsTooManyAsserts" ruleset="Best Practices" package="org.junit.jupiter.api" class="AssertNotEqualsAssertionsTests" method="assertNotEqualsWithEquivalentStringsAndMessage" externalInfoUrl="https://pmd.github.io/pmd/pmd_rules_java_bestpractices.html#junittestcontainstoomanyasserts" priority="3">
Unit tests should not contain more than 1 assert(s).
</violation>
<violation beginline="46" endline="46" begincolumn="20" endcolumn="36" rule="StringInstantiation" ruleset="Performance" package="org.junit.jupiter.api" class="AssertNotEqualsAssertionsTests" method="assertNotEqualsWithEquivalentStringsAndMessage" externalInfoUrl="https://pmd.github.io/pmd/pmd_rules_java_performance.html#stringinstantiation" priority="2">
Avoid instantiating String objects; this is usually unnecessary.
</violation>
<violation beginline="46" endline="46" begincolumn="39" endcolumn="55" rule="StringInstantiation" ruleset="Performance" package="org.junit.jupiter.api" class="AssertNotEqualsAssertionsTests" method="assertNotEqualsWithEquivalentStringsAndMessage" externalInfoUrl="https://pmd.github.io/pmd/pmd_rules_java_performance.html#stringinstantiation" priority="2">
Avoid instantiating String objects; this is usually unnecessary.
</violation>
<violation beginline="46" endline="46" begincolumn="58" endcolumn="63" rule="AvoidDuplicateLiterals" ruleset="Error Prone" package="org.junit.jupiter.api" class="AssertNotEqualsAssertionsTests" method="assertNotEqualsWithEquivalentStringsAndMessage" externalInfoUrl="https://pmd.github.io/pmd/pmd_rules_java_errorprone.html#avoidduplicateliterals" priority="3">
The String literal "test" appears 4 times in this file; the first occurrence is on line 46
</violation>
<violation beginline="56" endline="65" begincolumn="2" endcolumn="2" rule="JUnitTestContainsTooManyAsserts" ruleset="Best Practices" package="org.junit.jupiter.api" class="AssertNotEqualsAssertionsTests" method="assertNotEqualsWithEquivalentStringsAndMessageSupplier" externalInfoUrl="https://pmd.github.io/pmd/pmd_rules_java_bestpractices.html#junittestcontainstoomanyasserts" priority="3">
Unit tests should not contain more than 1 assert(s).
</violation>
<violation beginline="58" endline="58" begincolumn="20" endcolumn="36" rule="StringInstantiation" ruleset="Performance" package="org.junit.jupiter.api" class="AssertNotEqualsAssertionsTests" method="assertNotEqualsWithEquivalentStringsAndMessageSupplier" externalInfoUrl="https://pmd.github.io/pmd/pmd_rules_java_performance.html#stringinstantiation" priority="2">
Avoid instantiating String objects; this is usually unnecessary.
</violation>
<violation beginline="58" endline="58" begincolumn="39" endcolumn="55" rule="StringInstantiation" ruleset="Performance" package="org.junit.jupiter.api" class="AssertNotEqualsAssertionsTests" method="assertNotEqualsWithEquivalentStringsAndMessageSupplier" externalInfoUrl="https://pmd.github.io/pmd/pmd_rules_java_performance.html#stringinstantiation" priority="2">
Avoid instantiating String objects; this is usually unnecessary.
</violation>
<violation beginline="68" endline="71" begincolumn="2" endcolumn="2" rule="JUnitTestContainsTooManyAsserts" ruleset="Best Practices" package="org.junit.jupiter.api" class="AssertNotEqualsAssertionsTests" method="assertNotEqualsInvokesEqualsMethodForIdenticalObjects" externalInfoUrl="https://pmd.github.io/pmd/pmd_rules_java_bestpractices.html#junittestcontainstoomanyasserts" priority="3">
Unit tests should not contain more than 1 assert(s).
</violation>
<violation beginline="76" endline="76" begincolumn="18" endcolumn="35" rule="OverrideBothEqualsAndHashcode" ruleset="Error Prone" package="org.junit.jupiter.api" class="AssertNotEqualsAssertionsTests$EqualsThrowsExceptionClass" method="equals" externalInfoUrl="https://pmd.github.io/pmd/pmd_rules_java_errorprone.html#overridebothequalsandhashcode" priority="3">
Ensure you override both equals() and hashCode()
</violation>
</file>
<file name="C:\Users\Sokaina\Downloads\Versiones-Junit5\junit5-r5.0.2\junit-jupiter-engine\src\test\java\org\junit\jupiter\api\AssertNotNullAssertionsTests.java">
<violation beginline="11" endline="56" begincolumn="1" endcolumn="2" rule="TooManyStaticImports" ruleset="Code Style" package="org.junit.jupiter.api" class="AssertNotNullAssertionsTests" externalInfoUrl="https://pmd.github.io/pmd/pmd_rules_java_codestyle.html#toomanystaticimports" priority="3">
Too many static imports may lead to messy code
</violation>
<violation beginline="34" endline="42" begincolumn="2" endcolumn="2" rule="JUnitTestContainsTooManyAsserts" ruleset="Best Practices" package="org.junit.jupiter.api" class="AssertNotNullAssertionsTests" method="assertNotNullWithNull" externalInfoUrl="https://pmd.github.io/pmd/pmd_rules_java_bestpractices.html#junittestcontainstoomanyasserts" priority="3">
Unit tests should not contain more than 1 assert(s).
</violation>
<violation beginline="45" endline="54" begincolumn="2" endcolumn="2" rule="JUnitTestContainsTooManyAsserts" ruleset="Best Practices" package="org.junit.jupiter.api" class="AssertNotNullAssertionsTests" method="assertNotNullWithNullAndMessageSupplier" externalInfoUrl="https://pmd.github.io/pmd/pmd_rules_java_bestpractices.html#junittestcontainstoomanyasserts" priority="3">
Unit tests should not contain more than 1 assert(s).
</violation>
</file>
<file name="C:\Users\Sokaina\Downloads\Versiones-Junit5\junit5-r5.0.2\junit-jupiter-engine\src\test\java\org\junit\jupiter\api\AssertNotSameAssertionsTests.java">
<violation beginline="11" endline="80" begincolumn="1" endcolumn="2" rule="TooManyStaticImports" ruleset="Code Style" package="org.junit.jupiter.api" class="AssertNotSameAssertionsTests" externalInfoUrl="https://pmd.github.io/pmd/pmd_rules_java_codestyle.html#toomanystaticimports" priority="3">
Too many static imports may lead to messy code
</violation>
<violation beginline="44" endline="52" begincolumn="2" endcolumn="2" rule="JUnitTestContainsTooManyAsserts" ruleset="Best Practices" package="org.junit.jupiter.api" class="AssertNotSameAssertionsTests" method="assertNotSameWithTwoNulls" externalInfoUrl="https://pmd.github.io/pmd/pmd_rules_java_bestpractices.html#junittestcontainstoomanyasserts" priority="3">
Unit tests should not contain more than 1 assert(s).
</violation>
<violation beginline="55" endline="65" begincolumn="2" endcolumn="2" rule="JUnitTestContainsTooManyAsserts" ruleset="Best Practices" package="org.junit.jupiter.api" class="AssertNotSameAssertionsTests" method="assertNotSameWithSameObjectAndMessage" externalInfoUrl="https://pmd.github.io/pmd/pmd_rules_java_bestpractices.html#junittestcontainstoomanyasserts" priority="3">
Unit tests should not contain more than 1 assert(s).
</violation>
<violation beginline="58" endline="58" begincolumn="28" endcolumn="33" rule="AvoidDuplicateLiterals" ruleset="Error Prone" package="org.junit.jupiter.api" class="AssertNotSameAssertionsTests" method="assertNotSameWithSameObjectAndMessage" externalInfoUrl="https://pmd.github.io/pmd/pmd_rules_java_errorprone.html#avoidduplicateliterals" priority="3">
The String literal "test" appears 4 times in this file; the first occurrence is on line 58
</violation>
<violation beginline="68" endline="78" begincolumn="2" endcolumn="2" rule="JUnitTestContainsTooManyAsserts" ruleset="Best Practices" package="org.junit.jupiter.api" class="AssertNotSameAssertionsTests" method="assertNotSameWithSameObjectAndMessageSupplier" externalInfoUrl="https://pmd.github.io/pmd/pmd_rules_java_bestpractices.html#junittestcontainstoomanyasserts" priority="3">
Unit tests should not contain more than 1 assert(s).
</violation>
</file>
<file name="C:\Users\Sokaina\Downloads\Versiones-Junit5\junit5-r5.0.2\junit-jupiter-engine\src\test\java\org\junit\jupiter\api\AssertNullAssertionsTests.java">
<violation beginline="11" endline="71" begincolumn="1" endcolumn="2" rule="TooManyStaticImports" ruleset="Code Style" package="org.junit.jupiter.api" class="AssertNullAssertionsTests" externalInfoUrl="https://pmd.github.io/pmd/pmd_rules_java_codestyle.html#toomanystaticimports" priority="3">
Too many static imports may lead to messy code
</violation>
<violation beginline="34" endline="43" begincolumn="2" endcolumn="2" rule="JUnitTestContainsTooManyAsserts" ruleset="Best Practices" package="org.junit.jupiter.api" class="AssertNullAssertionsTests" method="assertNullWithNonNullObject" externalInfoUrl="https://pmd.github.io/pmd/pmd_rules_java_bestpractices.html#junittestcontainstoomanyasserts" priority="3">
Unit tests should not contain more than 1 assert(s).
</violation>
<violation beginline="36" endline="36" begincolumn="15" endcolumn="19" rule="AvoidDuplicateLiterals" ruleset="Error Prone" package="org.junit.jupiter.api" class="AssertNullAssertionsTests" method="assertNullWithNonNullObject" externalInfoUrl="https://pmd.github.io/pmd/pmd_rules_java_errorprone.html#avoidduplicateliterals" priority="3">
The String literal "foo" appears 6 times in this file; the first occurrence is on line 36
</violation>
<violation beginline="46" endline="56" begincolumn="2" endcolumn="2" rule="JUnitTestContainsTooManyAsserts" ruleset="Best Practices" package="org.junit.jupiter.api" class="AssertNullAssertionsTests" method="assertNullWithNonNullObjectAndMessage" externalInfoUrl="https://pmd.github.io/pmd/pmd_rules_java_bestpractices.html#junittestcontainstoomanyasserts" priority="3">
Unit tests should not contain more than 1 assert(s).
</violation>
<violation beginline="59" endline="69" begincolumn="2" endcolumn="2" rule="JUnitTestContainsTooManyAsserts" ruleset="Best Practices" package="org.junit.jupiter.api" class="AssertNullAssertionsTests" method="assertNullWithNonNullObjectAndMessageSupplier" externalInfoUrl="https://pmd.github.io/pmd/pmd_rules_java_bestpractices.html#junittestcontainstoomanyasserts" priority="3">
Unit tests should not contain more than 1 assert(s).
</violation>
</file>
<file name="C:\Users\Sokaina\Downloads\Versiones-Junit5\junit5-r5.0.2\junit-jupiter-engine\src\test\java\org\junit\jupiter\api\AssertSameAssertionsTests.java">
<violation beginline="11" endline="98" begincolumn="1" endcolumn="2" rule="TooManyStaticImports" ruleset="Code Style" package="org.junit.jupiter.api" class="AssertSameAssertionsTests" externalInfoUrl="https://pmd.github.io/pmd/pmd_rules_java_codestyle.html#toomanystaticimports" priority="3">
Too many static imports may lead to messy code
</violation>
<violation beginline="40" endline="51" begincolumn="2" endcolumn="2" rule="JUnitTestContainsTooManyAsserts" ruleset="Best Practices" package="org.junit.jupiter.api" class="AssertSameAssertionsTests" method="assertSameWithObjectVsNull" externalInfoUrl="https://pmd.github.io/pmd/pmd_rules_java_bestpractices.html#junittestcontainstoomanyasserts" priority="3">
Unit tests should not contain more than 1 assert(s).
</violation>
<violation beginline="54" endline="65" begincolumn="2" endcolumn="2" rule="JUnitTestContainsTooManyAsserts" ruleset="Best Practices" package="org.junit.jupiter.api" class="AssertSameAssertionsTests" method="assertSameWithNullVsObject" externalInfoUrl="https://pmd.github.io/pmd/pmd_rules_java_bestpractices.html#junittestcontainstoomanyasserts" priority="3">
Unit tests should not contain more than 1 assert(s).
</violation>
<violation beginline="68" endline="80" begincolumn="2" endcolumn="2" rule="JUnitTestContainsTooManyAsserts" ruleset="Best Practices" package="org.junit.jupiter.api" class="AssertSameAssertionsTests" method="assertSameWithDifferentObjects" externalInfoUrl="https://pmd.github.io/pmd/pmd_rules_java_bestpractices.html#junittestcontainstoomanyasserts" priority="3">
Unit tests should not contain more than 1 assert(s).
</violation>
<violation beginline="83" endline="96" begincolumn="2" endcolumn="2" rule="JUnitTestContainsTooManyAsserts" ruleset="Best Practices" package="org.junit.jupiter.api" class="AssertSameAssertionsTests" method="assertSameWithEquivalentStringsAndMessageSupplier" externalInfoUrl="https://pmd.github.io/pmd/pmd_rules_java_bestpractices.html#junittestcontainstoomanyasserts" priority="3">
Unit tests should not contain more than 1 assert(s).
</violation>
<violation beginline="84" endline="84" begincolumn="21" endcolumn="37" rule="StringInstantiation" ruleset="Performance" package="org.junit.jupiter.api" class="AssertSameAssertionsTests" method="assertSameWithEquivalentStringsAndMessageSupplier" externalInfoUrl="https://pmd.github.io/pmd/pmd_rules_java_performance.html#stringinstantiation" priority="2">
Avoid instantiating String objects; this is usually unnecessary.
</violation>
<violation beginline="85" endline="85" begincolumn="19" endcolumn="35" rule="StringInstantiation" ruleset="Performance" package="org.junit.jupiter.api" class="AssertSameAssertionsTests" method="assertSameWithEquivalentStringsAndMessageSupplier" externalInfoUrl="https://pmd.github.io/pmd/pmd_rules_java_performance.html#stringinstantiation" priority="2">
Avoid instantiating String objects; this is usually unnecessary.
</violation>
</file>
<file name="C:\Users\Sokaina\Downloads\Versiones-Junit5\junit5-r5.0.2\junit-jupiter-engine\src\test\java\org\junit\jupiter\api\AssertThrowsAssertionsTests.java">
<violation beginline="11" endline="246" begincolumn="1" endcolumn="2" rule="TooManyStaticImports" ruleset="Code Style" package="org.junit.jupiter.api" class="AssertThrowsAssertionsTests" externalInfoUrl="https://pmd.github.io/pmd/pmd_rules_java_codestyle.html#toomanystaticimports" priority="3">
Too many static imports may lead to messy code
</violation>
<violation beginline="38" endline="43" begincolumn="2" endcolumn="2" rule="JUnitTestContainsTooManyAsserts" ruleset="Best Practices" package="org.junit.jupiter.api" class="AssertThrowsAssertionsTests" method="assertThrowsThrowable" externalInfoUrl="https://pmd.github.io/pmd/pmd_rules_java_bestpractices.html#junittestcontainstoomanyasserts" priority="3">
Unit tests should not contain more than 1 assert(s).
</violation>
<violation beginline="46" endline="51" begincolumn="2" endcolumn="2" rule="JUnitTestContainsTooManyAsserts" ruleset="Best Practices" package="org.junit.jupiter.api" class="AssertThrowsAssertionsTests" method="assertThrowsCheckedException" externalInfoUrl="https://pmd.github.io/pmd/pmd_rules_java_bestpractices.html#junittestcontainstoomanyasserts" priority="3">
Unit tests should not contain more than 1 assert(s).
</violation>
<violation beginline="54" endline="59" begincolumn="2" endcolumn="2" rule="JUnitTestContainsTooManyAsserts" ruleset="Best Practices" package="org.junit.jupiter.api" class="AssertThrowsAssertionsTests" method="assertThrowsRuntimeException" externalInfoUrl="https://pmd.github.io/pmd/pmd_rules_java_bestpractices.html#junittestcontainstoomanyasserts" priority="3">
Unit tests should not contain more than 1 assert(s).
</violation>
<violation beginline="62" endline="66" begincolumn="2" endcolumn="2" rule="JUnitTestContainsTooManyAsserts" ruleset="Best Practices" package="org.junit.jupiter.api" class="AssertThrowsAssertionsTests" method="assertThrowsError" externalInfoUrl="https://pmd.github.io/pmd/pmd_rules_java_bestpractices.html#junittestcontainstoomanyasserts" priority="3">
Unit tests should not contain more than 1 assert(s).
</violation>
<violation beginline="69" endline="77" begincolumn="2" endcolumn="2" rule="JUnitTestContainsTooManyAsserts" ruleset="Best Practices" package="org.junit.jupiter.api" class="AssertThrowsAssertionsTests" method="assertThrowsWithExecutableThatDoesNotThrowAnException" externalInfoUrl="https://pmd.github.io/pmd/pmd_rules_java_bestpractices.html#junittestcontainstoomanyasserts" priority="3">
Unit tests should not contain more than 1 assert(s).
</violation>
<violation beginline="80" endline="89" begincolumn="2" endcolumn="2" rule="JUnitTestContainsTooManyAsserts" ruleset="Best Practices" package="org.junit.jupiter.api" class="AssertThrowsAssertionsTests" method="assertThrowsWithExecutableThatDoesNotThrowAnExceptionWithMessageString" externalInfoUrl="https://pmd.github.io/pmd/pmd_rules_java_bestpractices.html#junittestcontainstoomanyasserts" priority="3">
Unit tests should not contain more than 1 assert(s).
</violation>
<violation beginline="82" endline="82" begincolumn="41" endcolumn="56" rule="AvoidDuplicateLiterals" ruleset="Error Prone" package="org.junit.jupiter.api" class="AssertThrowsAssertionsTests" method="assertThrowsWithExecutableThatDoesNotThrowAnExceptionWithMessageString" externalInfoUrl="https://pmd.github.io/pmd/pmd_rules_java_errorprone.html#avoidduplicateliterals" priority="3">
The String literal "Custom message" appears 4 times in this file; the first occurrence is on line 82
</violation>
<violation beginline="92" endline="101" begincolumn="2" endcolumn="2" rule="JUnitTestContainsTooManyAsserts" ruleset="Best Practices" package="org.junit.jupiter.api" class="AssertThrowsAssertionsTests" method="assertThrowsWithExecutableThatDoesNotThrowAnExceptionWithMessageSupplier" externalInfoUrl="https://pmd.github.io/pmd/pmd_rules_java_bestpractices.html#junittestcontainstoomanyasserts" priority="3">
Unit tests should not contain more than 1 assert(s).
</violation>
<violation beginline="104" endline="116" begincolumn="2" endcolumn="2" rule="JUnitTestContainsTooManyAsserts" ruleset="Best Practices" package="org.junit.jupiter.api" class="AssertThrowsAssertionsTests" method="assertThrowsWithExecutableThatThrowsAnUnexpectedException" externalInfoUrl="https://pmd.github.io/pmd/pmd_rules_java_bestpractices.html#junittestcontainstoomanyasserts" priority="3">
Unit tests should not contain more than 1 assert(s).
</violation>
<violation beginline="112" endline="112" begincolumn="32" endcolumn="70" rule="AvoidDuplicateLiterals" ruleset="Error Prone" package="org.junit.jupiter.api" class="AssertThrowsAssertionsTests" method="assertThrowsWithExecutableThatThrowsAnUnexpectedException" externalInfoUrl="https://pmd.github.io/pmd/pmd_rules_java_errorprone.html#avoidduplicateliterals" priority="3">
The String literal "Unexpected exception type thrown ==&gt; " appears 6 times in this file; the first occurrence is on line 112
</violation>
<violation beginline="113" endline="113" begincolumn="30" endcolumn="74" rule="AvoidDuplicateLiterals" ruleset="Error Prone" package="org.junit.jupiter.api" class="AssertThrowsAssertionsTests" method="assertThrowsWithExecutableThatThrowsAnUnexpectedException" externalInfoUrl="https://pmd.github.io/pmd/pmd_rules_java_errorprone.html#avoidduplicateliterals" priority="3">
The String literal "expected: &lt;java.lang.IllegalStateException&gt;" appears 5 times in this file; the first occurrence is on line 113
</violation>
<violation beginline="119" endline="134" begincolumn="2" endcolumn="2" rule="JUnitTestContainsTooManyAsserts" ruleset="Best Practices" package="org.junit.jupiter.api" class="AssertThrowsAssertionsTests" method="assertThrowsWithExecutableThatThrowsAnUnexpectedExceptionWithMessageString" externalInfoUrl="https://pmd.github.io/pmd/pmd_rules_java_bestpractices.html#junittestcontainstoomanyasserts" priority="3">
Unit tests should not contain more than 1 assert(s).
</violation>
<violation beginline="137" endline="152" begincolumn="2" endcolumn="2" rule="JUnitTestContainsTooManyAsserts" ruleset="Best Practices" package="org.junit.jupiter.api" class="AssertThrowsAssertionsTests" method="assertThrowsWithExecutableThatThrowsAnUnexpectedExceptionWithMessageSupplier" externalInfoUrl="https://pmd.github.io/pmd/pmd_rules_java_bestpractices.html#junittestcontainstoomanyasserts" priority="3">
Unit tests should not contain more than 1 assert(s).
</violation>
<violation beginline="156" endline="173" begincolumn="2" endcolumn="2" rule="JUnitTestContainsTooManyAsserts" ruleset="Best Practices" package="org.junit.jupiter.api" class="AssertThrowsAssertionsTests" method="assertThrowsWithExecutableThatThrowsInstanceOfAnonymousInnerClassAsUnexpectedException" externalInfoUrl="https://pmd.github.io/pmd/pmd_rules_java_bestpractices.html#junittestcontainstoomanyasserts" priority="3">
Unit tests should not contain more than 1 assert(s).
</violation>
<violation beginline="176" endline="189" begincolumn="2" endcolumn="2" rule="JUnitTestContainsTooManyAsserts" ruleset="Best Practices" package="org.junit.jupiter.api" class="AssertThrowsAssertionsTests" method="assertThrowsWithExecutableThatThrowsInstanceOfStaticNestedClassAsUnexpectedException" externalInfoUrl="https://pmd.github.io/pmd/pmd_rules_java_bestpractices.html#junittestcontainstoomanyasserts" priority="3">
Unit tests should not contain more than 1 assert(s).
</violation>
<violation beginline="193" endline="193" begincolumn="94" endcolumn="102" rule="SignatureDeclareThrowsException" ruleset="Design" package="org.junit.jupiter.api" class="AssertThrowsAssertionsTests" method="assertThrowsWithExecutableThatThrowsSameExceptionTypeFromDifferentClassLoader" externalInfoUrl="https://pmd.github.io/pmd/pmd_rules_java_design.html#signaturedeclarethrowsexception" priority="3">
A method/constructor should not explicitly throw java.lang.Exception
</violation>
<violation beginline="193" endline="220" begincolumn="2" endcolumn="2" rule="JUnitTestContainsTooManyAsserts" ruleset="Best Practices" package="org.junit.jupiter.api" class="AssertThrowsAssertionsTests" method="assertThrowsWithExecutableThatThrowsSameExceptionTypeFromDifferentClassLoader" externalInfoUrl="https://pmd.github.io/pmd/pmd_rules_java_bestpractices.html#junittestcontainstoomanyasserts" priority="3">
Unit tests should not contain more than 1 assert(s).
</violation>
</file>
<file name="C:\Users\Sokaina\Downloads\Versiones-Junit5\junit5-r5.0.2\junit-jupiter-engine\src\test\java\org\junit\jupiter\api\AssertTimeoutAssertionsTests.java">
<violation beginline="11" endline="275" begincolumn="1" endcolumn="2" rule="TooManyStaticImports" ruleset="Code Style" package="org.junit.jupiter.api" class="AssertTimeoutAssertionsTests" externalInfoUrl="https://pmd.github.io/pmd/pmd_rules_java_codestyle.html#toomanystaticimports" priority="3">
Too many static imports may lead to messy code
</violation>
<violation beginline="41" endline="45" begincolumn="2" endcolumn="2" rule="JUnitTestContainsTooManyAsserts" ruleset="Best Practices" package="org.junit.jupiter.api" class="AssertTimeoutAssertionsTests" method="assertTimeoutForExecutableThatCompletesBeforeTheTimeout" externalInfoUrl="https://pmd.github.io/pmd/pmd_rules_java_bestpractices.html#junittestcontainstoomanyasserts" priority="3">
Unit tests should not contain more than 1 assert(s).
</violation>
<violation beginline="48" endline="53" begincolumn="2" endcolumn="2" rule="JUnitTestContainsTooManyAsserts" ruleset="Best Practices" package="org.junit.jupiter.api" class="AssertTimeoutAssertionsTests" method="assertTimeoutForExecutableThatThrowsAnException" externalInfoUrl="https://pmd.github.io/pmd/pmd_rules_java_bestpractices.html#junittestcontainstoomanyasserts" priority="3">
Unit tests should not contain more than 1 assert(s).
</violation>
<violation beginline="50" endline="50" begincolumn="14" endcolumn="29" rule="AvoidThrowingRawExceptionTypes" ruleset="Design" package="org.junit.jupiter.api" class="AssertTimeoutAssertionsTests" method="assertTimeoutForExecutableThatThrowsAnException" externalInfoUrl="https://pmd.github.io/pmd/pmd_rules_java_design.html#avoidthrowingrawexceptiontypes" priority="1">
Avoid throwing raw exception types.
</violation>
<violation beginline="50" endline="50" begincolumn="31" endcolumn="45" rule="AvoidDuplicateLiterals" ruleset="Error Prone" package="org.junit.jupiter.api" class="AssertTimeoutAssertionsTests" method="assertTimeoutForExecutableThatThrowsAnException" externalInfoUrl="https://pmd.github.io/pmd/pmd_rules_java_errorprone.html#avoidduplicateliterals" priority="3">
The String literal "not this time" appears 8 times in this file; the first occurrence is on line 50
</violation>
<violation beginline="56" endline="60" begincolumn="2" endcolumn="2" rule="JUnitTestContainsTooManyAsserts" ruleset="Best Practices" package="org.junit.jupiter.api" class="AssertTimeoutAssertionsTests" method="assertTimeoutForExecutableThatThrowsAnAssertionFailedError" externalInfoUrl="https://pmd.github.io/pmd/pmd_rules_java_bestpractices.html#junittestcontainstoomanyasserts" priority="3">
Unit tests should not contain more than 1 assert(s).
</violation>
<violation beginline="58" endline="58" begincolumn="50" endcolumn="57" rule="AvoidDuplicateLiterals" ruleset="Error Prone" package="org.junit.jupiter.api" class="AssertTimeoutAssertionsTests" method="assertTimeoutForExecutableThatThrowsAnAssertionFailedError" externalInfoUrl="https://pmd.github.io/pmd/pmd_rules_java_errorprone.html#avoidduplicateliterals" priority="3">
The String literal "enigma" appears 8 times in this file; the first occurrence is on line 58
</violation>
<violation beginline="63" endline="67" begincolumn="2" endcolumn="2" rule="JUnitTestContainsTooManyAsserts" ruleset="Best Practices" package="org.junit.jupiter.api" class="AssertTimeoutAssertionsTests" method="assertTimeoutForExecutableThatCompletesAfterTheTimeout" externalInfoUrl="https://pmd.github.io/pmd/pmd_rules_java_bestpractices.html#junittestcontainstoomanyasserts" priority="3">
Unit tests should not contain more than 1 assert(s).
</violation>
<violation beginline="70" endline="74" begincolumn="2" endcolumn="2" rule="JUnitTestContainsTooManyAsserts" ruleset="Best Practices" package="org.junit.jupiter.api" class="AssertTimeoutAssertionsTests" method="assertTimeoutWithMessageForExecutableThatCompletesAfterTheTimeout" externalInfoUrl="https://pmd.github.io/pmd/pmd_rules_java_bestpractices.html#junittestcontainstoomanyasserts" priority="3">
Unit tests should not contain more than 1 assert(s).
</violation>
<violation beginline="72" endline="72" begincolumn="63" endcolumn="76" rule="AvoidDuplicateLiterals" ruleset="Error Prone" package="org.junit.jupiter.api" class="AssertTimeoutAssertionsTests" method="assertTimeoutWithMessageForExecutableThatCompletesAfterTheTimeout" externalInfoUrl="https://pmd.github.io/pmd/pmd_rules_java_errorprone.html#avoidduplicateliterals" priority="3">
The String literal "Tempus Fugit" appears 18 times in this file; the first occurrence is on line 72
</violation>
<violation beginline="73" endline="73" begincolumn="34" endcolumn="90" rule="AvoidDuplicateLiterals" ruleset="Error Prone" package="org.junit.jupiter.api" class="AssertTimeoutAssertionsTests" method="assertTimeoutWithMessageForExecutableThatCompletesAfterTheTimeout" externalInfoUrl="https://pmd.github.io/pmd/pmd_rules_java_errorprone.html#avoidduplicateliterals" priority="3">
The String literal "Tempus Fugit ==&gt; execution exceeded timeout of 50 ms by" appears 4 times in this file; the first occurrence is on line 73
</violation>
<violation beginline="77" endline="81" begincolumn="2" endcolumn="2" rule="JUnitTestContainsTooManyAsserts" ruleset="Best Practices" package="org.junit.jupiter.api" class="AssertTimeoutAssertionsTests" method="assertTimeoutWithMessageSupplierForExecutableThatCompletesAfterTheTimeout" externalInfoUrl="https://pmd.github.io/pmd/pmd_rules_java_bestpractices.html#junittestcontainstoomanyasserts" priority="3">
Unit tests should not contain more than 1 assert(s).
</violation>
<violation beginline="79" endline="79" begincolumn="86" endcolumn="92" rule="AvoidDuplicateLiterals" ruleset="Error Prone" package="org.junit.jupiter.api" class="AssertTimeoutAssertionsTests" method="assertTimeoutWithMessageSupplierForExecutableThatCompletesAfterTheTimeout" externalInfoUrl="https://pmd.github.io/pmd/pmd_rules_java_errorprone.html#avoidduplicateliterals" priority="3">
The String literal "Fugit" appears 4 times in this file; the first occurrence is on line 79
</violation>
<violation beginline="79" endline="79" begincolumn="69" endcolumn="76" rule="AvoidDuplicateLiterals" ruleset="Error Prone" package="org.junit.jupiter.api" class="AssertTimeoutAssertionsTests" method="assertTimeoutWithMessageSupplierForExecutableThatCompletesAfterTheTimeout" externalInfoUrl="https://pmd.github.io/pmd/pmd_rules_java_errorprone.html#avoidduplicateliterals" priority="3">
The String literal "Tempus" appears 4 times in this file; the first occurrence is on line 79
</violation>
<violation beginline="86" endline="94" begincolumn="2" endcolumn="2" rule="JUnitTestContainsTooManyAsserts" ruleset="Best Practices" package="org.junit.jupiter.api" class="AssertTimeoutAssertionsTests" method="assertTimeoutForSupplierThatCompletesBeforeTheTimeout" externalInfoUrl="https://pmd.github.io/pmd/pmd_rules_java_bestpractices.html#junittestcontainstoomanyasserts" priority="3">
Unit tests should not contain more than 1 assert(s).
</violation>
<violation beginline="97" endline="106" begincolumn="2" endcolumn="2" rule="JUnitTestContainsTooManyAsserts" ruleset="Best Practices" package="org.junit.jupiter.api" class="AssertTimeoutAssertionsTests" method="assertTimeoutForSupplierThatThrowsAnException" externalInfoUrl="https://pmd.github.io/pmd/pmd_rules_java_bestpractices.html#junittestcontainstoomanyasserts" priority="3">
Unit tests should not contain more than 1 assert(s).
</violation>
<violation beginline="109" endline="118" begincolumn="2" endcolumn="2" rule="JUnitTestContainsTooManyAsserts" ruleset="Best Practices" package="org.junit.jupiter.api" class="AssertTimeoutAssertionsTests" method="assertTimeoutForSupplierThatThrowsAnAssertionFailedError" externalInfoUrl="https://pmd.github.io/pmd/pmd_rules_java_bestpractices.html#junittestcontainstoomanyasserts" priority="3">
Unit tests should not contain more than 1 assert(s).
</violation>
<violation beginline="121" endline="130" begincolumn="2" endcolumn="2" rule="JUnitTestContainsTooManyAsserts" ruleset="Best Practices" package="org.junit.jupiter.api" class="AssertTimeoutAssertionsTests" method="assertTimeoutForSupplierThatCompletesAfterTheTimeout" externalInfoUrl="https://pmd.github.io/pmd/pmd_rules_java_bestpractices.html#junittestcontainstoomanyasserts" priority="3">
Unit tests should not contain more than 1 assert(s).
</violation>
<violation beginline="133" endline="142" begincolumn="2" endcolumn="2" rule="JUnitTestContainsTooManyAsserts" ruleset="Best Practices" package="org.junit.jupiter.api" class="AssertTimeoutAssertionsTests" method="assertTimeoutWithMessageForSupplierThatCompletesAfterTheTimeout" externalInfoUrl="https://pmd.github.io/pmd/pmd_rules_java_bestpractices.html#junittestcontainstoomanyasserts" priority="3">
Unit tests should not contain more than 1 assert(s).
</violation>
<violation beginline="145" endline="154" begincolumn="2" endcolumn="2" rule="JUnitTestContainsTooManyAsserts" ruleset="Best Practices" package="org.junit.jupiter.api" class="AssertTimeoutAssertionsTests" method="assertTimeoutWithMessageSupplierForSupplierThatCompletesAfterTheTimeout" externalInfoUrl="https://pmd.github.io/pmd/pmd_rules_java_bestpractices.html#junittestcontainstoomanyasserts" priority="3">
Unit tests should not contain more than 1 assert(s).
</violation>
<violation beginline="159" endline="163" begincolumn="2" endcolumn="2" rule="JUnitTestContainsTooManyAsserts" ruleset="Best Practices" package="org.junit.jupiter.api" class="AssertTimeoutAssertionsTests" method="assertTimeoutPreemptivelyForExecutableThatCompletesBeforeTheTimeout" externalInfoUrl="https://pmd.github.io/pmd/pmd_rules_java_bestpractices.html#junittestcontainstoomanyasserts" priority="3">
Unit tests should not contain more than 1 assert(s).
</violation>
<violation beginline="166" endline="172" begincolumn="2" endcolumn="2" rule="JUnitTestContainsTooManyAsserts" ruleset="Best Practices" package="org.junit.jupiter.api" class="AssertTimeoutAssertionsTests" method="assertTimeoutPreemptivelyForExecutableThatThrowsAnException" externalInfoUrl="https://pmd.github.io/pmd/pmd_rules_java_bestpractices.html#junittestcontainstoomanyasserts" priority="3">
Unit tests should not contain more than 1 assert(s).
</violation>
<violation beginline="169" endline="169" begincolumn="15" endcolumn="30" rule="AvoidThrowingRawExceptionTypes" ruleset="Design" package="org.junit.jupiter.api" class="AssertTimeoutAssertionsTests" method="assertTimeoutPreemptivelyForExecutableThatThrowsAnException" externalInfoUrl="https://pmd.github.io/pmd/pmd_rules_java_design.html#avoidthrowingrawexceptiontypes" priority="1">
Avoid throwing raw exception types.
</violation>
<violation beginline="175" endline="179" begincolumn="2" endcolumn="2" rule="JUnitTestContainsTooManyAsserts" ruleset="Best Practices" package="org.junit.jupiter.api" class="AssertTimeoutAssertionsTests" method="assertTimeoutPreemptivelyForExecutableThatThrowsAnAssertionFailedError" externalInfoUrl="https://pmd.github.io/pmd/pmd_rules_java_bestpractices.html#junittestcontainstoomanyasserts" priority="3">
Unit tests should not contain more than 1 assert(s).
</violation>
<violation beginline="182" endline="186" begincolumn="2" endcolumn="2" rule="JUnitTestContainsTooManyAsserts" ruleset="Best Practices" package="org.junit.jupiter.api" class="AssertTimeoutAssertionsTests" method="assertTimeoutPreemptivelyForExecutableThatCompletesAfterTheTimeout" externalInfoUrl="https://pmd.github.io/pmd/pmd_rules_java_bestpractices.html#junittestcontainstoomanyasserts" priority="3">
Unit tests should not contain more than 1 assert(s).
</violation>
<violation beginline="189" endline="193" begincolumn="2" endcolumn="2" rule="JUnitTestContainsTooManyAsserts" ruleset="Best Practices" package="org.junit.jupiter.api" class="AssertTimeoutAssertionsTests" method="assertTimeoutPreemptivelyWithMessageForExecutableThatCompletesAfterTheTimeout" externalInfoUrl="https://pmd.github.io/pmd/pmd_rules_java_bestpractices.html#junittestcontainstoomanyasserts" priority="3">
Unit tests should not contain more than 1 assert(s).
</violation>
<violation beginline="192" endline="192" begincolumn="30" endcolumn="79" rule="AvoidDuplicateLiterals" ruleset="Error Prone" package="org.junit.jupiter.api" class="AssertTimeoutAssertionsTests" method="assertTimeoutPreemptivelyWithMessageForExecutableThatCompletesAfterTheTimeout" externalInfoUrl="https://pmd.github.io/pmd/pmd_rules_java_errorprone.html#avoidduplicateliterals" priority="3">
The String literal "Tempus Fugit ==&gt; execution timed out after 50 ms" appears 4 times in this file; the first occurrence is on line 192
</violation>
<violation beginline="196" endline="200" begincolumn="2" endcolumn="2" rule="JUnitTestContainsTooManyAsserts" ruleset="Best Practices" package="org.junit.jupiter.api" class="AssertTimeoutAssertionsTests" method="assertTimeoutPreemptivelyWithMessageSupplierForExecutableThatCompletesAfterTheTimeout" externalInfoUrl="https://pmd.github.io/pmd/pmd_rules_java_bestpractices.html#junittestcontainstoomanyasserts" priority="3">
Unit tests should not contain more than 1 assert(s).
</violation>
<violation beginline="205" endline="213" begincolumn="2" endcolumn="2" rule="JUnitTestContainsTooManyAsserts" ruleset="Best Practices" package="org.junit.jupiter.api" class="AssertTimeoutAssertionsTests" method="assertTimeoutPreemptivelyForSupplierThatCompletesBeforeTheTimeout" externalInfoUrl="https://pmd.github.io/pmd/pmd_rules_java_bestpractices.html#junittestcontainstoomanyasserts" priority="3">
Unit tests should not contain more than 1 assert(s).
</violation>
<violation beginline="216" endline="225" begincolumn="2" endcolumn="2" rule="JUnitTestContainsTooManyAsserts" ruleset="Best Practices" package="org.junit.jupiter.api" class="AssertTimeoutAssertionsTests" method="assertTimeoutPreemptivelyForSupplierThatThrowsAnException" externalInfoUrl="https://pmd.github.io/pmd/pmd_rules_java_bestpractices.html#junittestcontainstoomanyasserts" priority="3">
Unit tests should not contain more than 1 assert(s).
</violation>
<violation beginline="228" endline="237" begincolumn="2" endcolumn="2" rule="JUnitTestContainsTooManyAsserts" ruleset="Best Practices" package="org.junit.jupiter.api" class="AssertTimeoutAssertionsTests" method="assertTimeoutPreemptivelyForSupplierThatThrowsAnAssertionFailedError" externalInfoUrl="https://pmd.github.io/pmd/pmd_rules_java_bestpractices.html#junittestcontainstoomanyasserts" priority="3">
Unit tests should not contain more than 1 assert(s).
</violation>
<violation beginline="240" endline="249" begincolumn="2" endcolumn="2" rule="JUnitTestContainsTooManyAsserts" ruleset="Best Practices" package="org.junit.jupiter.api" class="AssertTimeoutAssertionsTests" method="assertTimeoutPreemptivelyForSupplierThatCompletesAfterTheTimeout" externalInfoUrl="https://pmd.github.io/pmd/pmd_rules_java_bestpractices.html#junittestcontainstoomanyasserts" priority="3">
Unit tests should not contain more than 1 assert(s).
</violation>
<violation beginline="252" endline="261" begincolumn="2" endcolumn="2" rule="JUnitTestContainsTooManyAsserts" ruleset="Best Practices" package="org.junit.jupiter.api" class="AssertTimeoutAssertionsTests" method="assertTimeoutPreemptivelyWithMessageForSupplierThatCompletesAfterTheTimeout" externalInfoUrl="https://pmd.github.io/pmd/pmd_rules_java_bestpractices.html#junittestcontainstoomanyasserts" priority="3">
Unit tests should not contain more than 1 assert(s).
</violation>
<violation beginline="264" endline="273" begincolumn="2" endcolumn="2" rule="JUnitTestContainsTooManyAsserts" ruleset="Best Practices" package="org.junit.jupiter.api" class="AssertTimeoutAssertionsTests" method="assertTimeoutPreemptivelyWithMessageSupplierForSupplierThatCompletesAfterTheTimeout" externalInfoUrl="https://pmd.github.io/pmd/pmd_rules_java_bestpractices.html#junittestcontainstoomanyasserts" priority="3">
Unit tests should not contain more than 1 assert(s).
</violation>
</file>
<file name="C:\Users\Sokaina\Downloads\Versiones-Junit5\junit5-r5.0.2\junit-jupiter-engine\src\test\java\org\junit\jupiter\api\AssertTrueAssertionsTests.java">
<violation beginline="28" endline="28" begincolumn="3" endcolumn="18" rule="UnnecessaryBooleanAssertion" ruleset="Error Prone" package="org.junit.jupiter.api" class="AssertTrueAssertionsTests" method="assertTrueWithBooleanTrue" externalInfoUrl="https://pmd.github.io/pmd/pmd_rules_java_errorprone.html#unnecessarybooleanassertion" priority="3">
assertTrue(true) or similar statements are unnecessary
</violation>
<violation beginline="38" endline="38" begincolumn="20" endcolumn="25" rule="AvoidDuplicateLiterals" ruleset="Error Prone" package="org.junit.jupiter.api" class="AssertTrueAssertionsTests" method="assertTrueWithBooleanTrueAndString" externalInfoUrl="https://pmd.github.io/pmd/pmd_rules_java_errorprone.html#avoidduplicateliterals" priority="3">
The String literal "test" appears 4 times in this file; the first occurrence is on line 38
</violation>
<violation beginline="38" endline="38" begincolumn="3" endcolumn="26" rule="UnnecessaryBooleanAssertion" ruleset="Error Prone" package="org.junit.jupiter.api" class="AssertTrueAssertionsTests" method="assertTrueWithBooleanTrueAndString" externalInfoUrl="https://pmd.github.io/pmd/pmd_rules_java_errorprone.html#unnecessarybooleanassertion" priority="3">
assertTrue(true) or similar statements are unnecessary
</violation>
<violation beginline="42" endline="50" begincolumn="2" endcolumn="2" rule="JUnitTestContainsTooManyAsserts" ruleset="Best Practices" package="org.junit.jupiter.api" class="AssertTrueAssertionsTests" method="assertTrueWithBooleanFalseAndDefaultMessage" externalInfoUrl="https://pmd.github.io/pmd/pmd_rules_java_bestpractices.html#junittestcontainstoomanyasserts" priority="3">
Unit tests should not contain more than 1 assert(s).
</violation>
<violation beginline="44" endline="44" begincolumn="4" endcolumn="20" rule="UnnecessaryBooleanAssertion" ruleset="Error Prone" package="org.junit.jupiter.api" class="AssertTrueAssertionsTests" method="assertTrueWithBooleanFalseAndDefaultMessage" externalInfoUrl="https://pmd.github.io/pmd/pmd_rules_java_errorprone.html#unnecessarybooleanassertion" priority="3">
assertTrue(true) or similar statements are unnecessary
</violation>
<violation beginline="53" endline="61" begincolumn="2" endcolumn="2" rule="JUnitTestContainsTooManyAsserts" ruleset="Best Practices" package="org.junit.jupiter.api" class="AssertTrueAssertionsTests" method="assertTrueWithBooleanFalseAndString" externalInfoUrl="https://pmd.github.io/pmd/pmd_rules_java_bestpractices.html#junittestcontainstoomanyasserts" priority="3">
Unit tests should not contain more than 1 assert(s).
</violation>
<violation beginline="55" endline="55" begincolumn="4" endcolumn="28" rule="UnnecessaryBooleanAssertion" ruleset="Error Prone" package="org.junit.jupiter.api" class="AssertTrueAssertionsTests" method="assertTrueWithBooleanFalseAndString" externalInfoUrl="https://pmd.github.io/pmd/pmd_rules_java_errorprone.html#unnecessarybooleanassertion" priority="3">
assertTrue(true) or similar statements are unnecessary
</violation>
<violation beginline="64" endline="72" begincolumn="2" endcolumn="2" rule="JUnitTestContainsTooManyAsserts" ruleset="Best Practices" package="org.junit.jupiter.api" class="AssertTrueAssertionsTests" method="assertTrueWithBooleanSupplierFalseAndString" externalInfoUrl="https://pmd.github.io/pmd/pmd_rules_java_bestpractices.html#junittestcontainstoomanyasserts" priority="3">
Unit tests should not contain more than 1 assert(s).
</violation>
<violation beginline="75" endline="83" begincolumn="2" endcolumn="2" rule="JUnitTestContainsTooManyAsserts" ruleset="Best Practices" package="org.junit.jupiter.api" class="AssertTrueAssertionsTests" method="assertTrueWithBooleanSupplierFalseAndMessageSupplier" externalInfoUrl="https://pmd.github.io/pmd/pmd_rules_java_bestpractices.html#junittestcontainstoomanyasserts" priority="3">
Unit tests should not contain more than 1 assert(s).
</violation>
</file>
<file name="C:\Users\Sokaina\Downloads\Versiones-Junit5\junit5-r5.0.2\junit-jupiter-engine\src\test\java\org\junit\jupiter\api\AssertionTestUtils.java">
<violation beginline="19" endline="89" begincolumn="1" endcolumn="1" rule="ClassWithOnlyPrivateConstructorsShouldBeFinal" ruleset="Design" package="org.junit.jupiter.api" class="AssertionTestUtils" externalInfoUrl="https://pmd.github.io/pmd/pmd_rules_java_design.html#classwithonlyprivateconstructorsshouldbefinal" priority="1">
A class which only has private constructors should be final
</violation>
<violation beginline="27" endline="29" begincolumn="2" endcolumn="2" rule="DefaultPackage" ruleset="Code Style" package="org.junit.jupiter.api" class="AssertionTestUtils" externalInfoUrl="https://pmd.github.io/pmd/pmd_rules_java_codestyle.html#defaultpackage" priority="3">
Use explicit scoping instead of the default package private level
</violation>
<violation beginline="31" endline="35" begincolumn="2" endcolumn="2" rule="DefaultPackage" ruleset="Code Style" package="org.junit.jupiter.api" class="AssertionTestUtils" externalInfoUrl="https://pmd.github.io/pmd/pmd_rules_java_codestyle.html#defaultpackage" priority="3">
Use explicit scoping instead of the default package private level
</violation>
<violation beginline="33" endline="33" begincolumn="69" endcolumn="82" rule="AvoidDuplicateLiterals" ruleset="Error Prone" package="org.junit.jupiter.api" class="AssertionTestUtils" method="assertMessageEquals" externalInfoUrl="https://pmd.github.io/pmd/pmd_rules_java_errorprone.html#avoidduplicateliterals" priority="3">
The String literal "], but was [" appears 6 times in this file; the first occurrence is on line 33
</violation>
<violation beginline="37" endline="42" begincolumn="2" endcolumn="2" rule="DefaultPackage" ruleset="Code Style" package="org.junit.jupiter.api" class="AssertionTestUtils" externalInfoUrl="https://pmd.github.io/pmd/pmd_rules_java_codestyle.html#defaultpackage" priority="3">
Use explicit scoping instead of the default package private level
</violation>
<violation beginline="44" endline="49" begincolumn="2" endcolumn="2" rule="DefaultPackage" ruleset="Code Style" package="org.junit.jupiter.api" class="AssertionTestUtils" externalInfoUrl="https://pmd.github.io/pmd/pmd_rules_java_codestyle.html#defaultpackage" priority="3">
Use explicit scoping instead of the default package private level
</violation>
<violation beginline="51" endline="56" begincolumn="2" endcolumn="2" rule="DefaultPackage" ruleset="Code Style" package="org.junit.jupiter.api" class="AssertionTestUtils" externalInfoUrl="https://pmd.github.io/pmd/pmd_rules_java_codestyle.html#defaultpackage" priority="3">
Use explicit scoping instead of the default package private level
</violation>
<violation beginline="58" endline="68" begincolumn="2" endcolumn="2" rule="DefaultPackage" ruleset="Code Style" package="org.junit.jupiter.api" class="AssertionTestUtils" externalInfoUrl="https://pmd.github.io/pmd/pmd_rules_java_codestyle.html#defaultpackage" priority="3">
Use explicit scoping instead of the default package private level
</violation>
<violation beginline="70" endline="77" begincolumn="2" endcolumn="2" rule="DefaultPackage" ruleset="Code Style" package="org.junit.jupiter.api" class="AssertionTestUtils" externalInfoUrl="https://pmd.github.io/pmd/pmd_rules_java_codestyle.html#defaultpackage" priority="3">
Use explicit scoping instead of the default package private level
</violation>
<violation beginline="79" endline="82" begincolumn="2" endcolumn="2" rule="DefaultPackage" ruleset="Code Style" package="org.junit.jupiter.api" class="AssertionTestUtils" externalInfoUrl="https://pmd.github.io/pmd/pmd_rules_java_codestyle.html#defaultpackage" priority="3">
Use explicit scoping instead of the default package private level
</violation>
<violation beginline="84" endline="87" begincolumn="2" endcolumn="2" rule="DefaultPackage" ruleset="Code Style" package="org.junit.jupiter.api" class="AssertionTestUtils" externalInfoUrl="https://pmd.github.io/pmd/pmd_rules_java_codestyle.html#defaultpackage" priority="3">
Use explicit scoping instead of the default package private level
</violation>
</file>
<file name="C:\Users\Sokaina\Downloads\Versiones-Junit5\junit5-r5.0.2\junit-jupiter-engine\src\test\java\org\junit\jupiter\api\AssumptionsTests.java">
<violation beginline="11" endline="249" begincolumn="1" endcolumn="2" rule="TooManyStaticImports" ruleset="Code Style" package="org.junit.jupiter.api" class="AssumptionsTests" externalInfoUrl="https://pmd.github.io/pmd/pmd_rules_java_codestyle.html#toomanystaticimports" priority="3">
Too many static imports may lead to messy code
</violation>
<violation beginline="40" endline="40" begincolumn="10" endcolumn="14" rule="AvoidDuplicateLiterals" ruleset="Error Prone" package="org.junit.jupiter.api" class="AssumptionsTests" method="assumeTrueWithBooleanTrue" externalInfoUrl="https://pmd.github.io/pmd/pmd_rules_java_errorprone.html#avoidduplicateliterals" priority="3">
The String literal "foo" appears 8 times in this file; the first occurrence is on line 40
</violation>
<violation beginline="95" endline="95" begincolumn="27" endcolumn="32" rule="AvoidDuplicateLiterals" ruleset="Error Prone" package="org.junit.jupiter.api" class="AssumptionsTests" method="assumeTrueWithBooleanFalseAndStringMessage" externalInfoUrl="https://pmd.github.io/pmd/pmd_rules_java_errorprone.html#avoidduplicateliterals" priority="3">
The String literal "test" appears 22 times in this file; the first occurrence is on line 95
</violation>
<violation beginline="196" endline="201" begincolumn="2" endcolumn="2" rule="JUnitTestContainsTooManyAsserts" ruleset="Best Practices" package="org.junit.jupiter.api" class="AssumptionsTests" method="assumingThatWithBooleanTrue" externalInfoUrl="https://pmd.github.io/pmd/pmd_rules_java_bestpractices.html#junittestcontainstoomanyasserts" priority="3">
Unit tests should not contain more than 1 assert(s).
</violation>
<violation beginline="204" endline="209" begincolumn="2" endcolumn="2" rule="JUnitTestContainsTooManyAsserts" ruleset="Best Practices" package="org.junit.jupiter.api" class="AssumptionsTests" method="assumingThatWithBooleanSupplierTrue" externalInfoUrl="https://pmd.github.io/pmd/pmd_rules_java_bestpractices.html#junittestcontainstoomanyasserts" priority="3">
Unit tests should not contain more than 1 assert(s).
</violation>
<violation beginline="232" endline="235" begincolumn="3" endcolumn="3" rule="AvoidCatchingThrowable" ruleset="Error Prone" package="org.junit.jupiter.api" class="AssumptionsTests" method="assertAssumptionFailure" externalInfoUrl="https://pmd.github.io/pmd/pmd_rules_java_errorprone.html#avoidcatchingthrowable" priority="3">
A catch statement should never catch throwable since it includes errors.
</violation>
<violation beginline="233" endline="233" begincolumn="15" endcolumn="16" rule="AvoidInstanceofChecksInCatchClause" ruleset="Error Prone" package="org.junit.jupiter.api" class="AssumptionsTests" method="assertAssumptionFailure" externalInfoUrl="https://pmd.github.io/pmd/pmd_rules_java_errorprone.html#avoidinstanceofchecksincatchclause" priority="3">
An instanceof check is being performed on the caught exception.  Create a separate catch clause for this exception type.
</violation>
</file>
<file name="C:\Users\Sokaina\Downloads\Versiones-Junit5\junit5-r5.0.2\junit-jupiter-engine\src\test\java\org\junit\jupiter\api\DynamicTestTests.java">
<violation beginline="27" endline="46" begincolumn="2" endcolumn="2" rule="JUnitTestContainsTooManyAsserts" ruleset="Best Practices" package="org.junit.jupiter.api" class="DynamicTestTests" method="streamFromIterator" externalInfoUrl="https://pmd.github.io/pmd/pmd_rules_java_bestpractices.html#junittestcontainstoomanyasserts" priority="3">
Unit tests should not contain more than 1 assert(s).
</violation>
<violation beginline="28" endline="28" begincolumn="65" endcolumn="69" rule="AvoidDuplicateLiterals" ruleset="Error Prone" package="org.junit.jupiter.api" class="DynamicTestTests" method="streamFromIterator" externalInfoUrl="https://pmd.github.io/pmd/pmd_rules_java_errorprone.html#avoidduplicateliterals" priority="3">
The String literal "foo" appears 4 times in this file; the first occurrence is on line 28
</violation>
<violation beginline="50" endline="50" begincolumn="14" endcolumn="22" rule="AvoidThrowingRawExceptionTypes" ruleset="Design" package="org.junit.jupiter.api" class="DynamicTestTests" method="throwingConsumer" externalInfoUrl="https://pmd.github.io/pmd/pmd_rules_java_design.html#avoidthrowingrawexceptiontypes" priority="1">
Avoid throwing raw exception types.
</violation>
</file>
<file name="C:\Users\Sokaina\Downloads\Versiones-Junit5\junit5-r5.0.2\junit-jupiter-engine\src\test\java\org\junit\jupiter\api\EnigmaThrowable.java">
<violation beginline="21" endline="21" begincolumn="31" endcolumn="39" rule="DoNotExtendJavaLangThrowable" ruleset="Error Prone" package="org.junit.jupiter.api" class="EnigmaThrowable" externalInfoUrl="https://pmd.github.io/pmd/pmd_rules_java_errorprone.html#donotextendjavalangthrowable" priority="3">
Exceptions should not extend java.lang.Throwable
</violation>
</file>
<file name="C:\Users\Sokaina\Downloads\Versiones-Junit5\junit5-r5.0.2\junit-jupiter-engine\src\test\java\org\junit\jupiter\api\FailAssertionsTests.java">
<violation beginline="11" endline="141" begincolumn="1" endcolumn="2" rule="TooManyStaticImports" ruleset="Code Style" package="org.junit.jupiter.api" class="FailAssertionsTests" externalInfoUrl="https://pmd.github.io/pmd/pmd_rules_java_codestyle.html#toomanystaticimports" priority="3">
Too many static imports may lead to messy code
</violation>
<violation beginline="34" endline="34" begincolumn="9" endcolumn="14" rule="AvoidDuplicateLiterals" ruleset="Error Prone" package="org.junit.jupiter.api" class="FailAssertionsTests" method="failWithString" externalInfoUrl="https://pmd.github.io/pmd/pmd_rules_java_errorprone.html#avoidduplicateliterals" priority="3">
The String literal "test" appears 4 times in this file; the first occurrence is on line 34
</violation>
<violation beginline="76" endline="86" begincolumn="2" endcolumn="2" rule="JUnitTestContainsTooManyAsserts" ruleset="Best Practices" package="org.junit.jupiter.api" class="FailAssertionsTests" method="failWithStringAndThrowable" externalInfoUrl="https://pmd.github.io/pmd/pmd_rules_java_bestpractices.html#junittestcontainstoomanyasserts" priority="3">
Unit tests should not contain more than 1 assert(s).
</violation>
<violation beginline="78" endline="78" begincolumn="34" endcolumn="40" rule="AvoidDuplicateLiterals" ruleset="Error Prone" package="org.junit.jupiter.api" class="FailAssertionsTests" method="failWithStringAndThrowable" externalInfoUrl="https://pmd.github.io/pmd/pmd_rules_java_errorprone.html#avoidduplicateliterals" priority="3">
The String literal "cause" appears 7 times in this file; the first occurrence is on line 78
</violation>
<violation beginline="78" endline="78" begincolumn="9" endcolumn="17" rule="AvoidDuplicateLiterals" ruleset="Error Prone" package="org.junit.jupiter.api" class="FailAssertionsTests" method="failWithStringAndThrowable" externalInfoUrl="https://pmd.github.io/pmd/pmd_rules_java_errorprone.html#avoidduplicateliterals" priority="3">
The String literal "message" appears 4 times in this file; the first occurrence is on line 78
</violation>
<violation beginline="89" endline="99" begincolumn="2" endcolumn="2" rule="JUnitTestContainsTooManyAsserts" ruleset="Best Practices" package="org.junit.jupiter.api" class="FailAssertionsTests" method="failWithThrowable" externalInfoUrl="https://pmd.github.io/pmd/pmd_rules_java_bestpractices.html#junittestcontainstoomanyasserts" priority="3">
Unit tests should not contain more than 1 assert(s).
</violation>
<violation beginline="110" endline="110" begincolumn="5" endcolumn="60" rule="PreserveStackTrace" ruleset="Best Practices" package="org.junit.jupiter.api" class="FailAssertionsTests" method="failWithStringAndNullThrowable" externalInfoUrl="https://pmd.github.io/pmd/pmd_rules_java_bestpractices.html#preservestacktrace" priority="3">
New exception is thrown in catch block, original stack trace may be lost
</violation>
<violation beginline="116" endline="126" begincolumn="2" endcolumn="2" rule="JUnitTestContainsTooManyAsserts" ruleset="Best Practices" package="org.junit.jupiter.api" class="FailAssertionsTests" method="failWithNullStringAndThrowable" externalInfoUrl="https://pmd.github.io/pmd/pmd_rules_java_bestpractices.html#junittestcontainstoomanyasserts" priority="3">
Unit tests should not contain more than 1 assert(s).
</violation>
</file>
<file name="C:\Users\Sokaina\Downloads\Versiones-Junit5\junit5-r5.0.2\junit-jupiter-engine\src\test\java\org\junit\jupiter\api\IterableFactory.java">
<violation beginline="20" endline="22" begincolumn="2" endcolumn="2" rule="DefaultPackage" ruleset="Code Style" package="org.junit.jupiter.api" class="IterableFactory" externalInfoUrl="https://pmd.github.io/pmd/pmd_rules_java_codestyle.html#defaultpackage" priority="3">
Use explicit scoping instead of the default package private level
</violation>
<violation beginline="24" endline="26" begincolumn="2" endcolumn="2" rule="DefaultPackage" ruleset="Code Style" package="org.junit.jupiter.api" class="IterableFactory" externalInfoUrl="https://pmd.github.io/pmd/pmd_rules_java_codestyle.html#defaultpackage" priority="3">
Use explicit scoping instead of the default package private level
</violation>
</file>
<file name="C:\Users\Sokaina\Downloads\Versiones-Junit5\junit5-r5.0.2\junit-jupiter-engine\src\test\java\org\junit\jupiter\api\extension\ExtensionComposabilityTests.java">
<violation beginline="40" endline="104" begincolumn="2" endcolumn="2" rule="JUnitTestContainsTooManyAsserts" ruleset="Best Practices" package="org.junit.jupiter.api.extension" class="ExtensionComposabilityTests" method="ensureJupiterExtensionApisAreComposable" externalInfoUrl="https://pmd.github.io/pmd/pmd_rules_java_bestpractices.html#junittestcontainstoomanyasserts" priority="3">
Unit tests should not contain more than 1 assert(s).
</violation>
<violation beginline="67" endline="67" begincolumn="4" endcolumn="60" rule="OptimizableToArrayCall" ruleset="Performance" package="org.junit.jupiter.api.extension" class="ExtensionComposabilityTests" method="ensureJupiterExtensionApisAreComposable" externalInfoUrl="https://pmd.github.io/pmd/pmd_rules_java_performance.html#optimizabletoarraycall" priority="3">
This call to Collection.toArray() may be optimizable
</violation>
</file>
<file name="C:\Users\Sokaina\Downloads\Versiones-Junit5\junit5-r5.0.2\junit-jupiter-engine\src\test\java\org\junit\jupiter\api\extension\KitchenSinkExtension.java">
<violation beginline="58" endline="59" begincolumn="67" endcolumn="2" rule="UncommentedEmptyMethodBody" ruleset="Documentation" package="org.junit.jupiter.api.extension" class="KitchenSinkExtension" method="beforeAll" externalInfoUrl="https://pmd.github.io/pmd/pmd_rules_java_documentation.html#uncommentedemptymethodbody" priority="3">
Document empty method body
</violation>
<violation beginline="62" endline="63" begincolumn="68" endcolumn="2" rule="UncommentedEmptyMethodBody" ruleset="Documentation" package="org.junit.jupiter.api.extension" class="KitchenSinkExtension" method="beforeEach" externalInfoUrl="https://pmd.github.io/pmd/pmd_rules_java_documentation.html#uncommentedemptymethodbody" priority="3">
Document empty method body
</violation>
<violation beginline="66" endline="67" begincolumn="77" endcolumn="2" rule="UncommentedEmptyMethodBody" ruleset="Documentation" package="org.junit.jupiter.api.extension" class="KitchenSinkExtension" method="beforeTestExecution" externalInfoUrl="https://pmd.github.io/pmd/pmd_rules_java_documentation.html#uncommentedemptymethodbody" priority="3">
Document empty method body
</violation>
<violation beginline="70" endline="71" begincolumn="107" endcolumn="2" rule="UncommentedEmptyMethodBody" ruleset="Documentation" package="org.junit.jupiter.api.extension" class="KitchenSinkExtension" method="handleTestExecutionException" externalInfoUrl="https://pmd.github.io/pmd/pmd_rules_java_documentation.html#uncommentedemptymethodbody" priority="3">
Document empty method body
</violation>
<violation beginline="74" endline="75" begincolumn="76" endcolumn="2" rule="UncommentedEmptyMethodBody" ruleset="Documentation" package="org.junit.jupiter.api.extension" class="KitchenSinkExtension" method="afterTestExecution" externalInfoUrl="https://pmd.github.io/pmd/pmd_rules_java_documentation.html#uncommentedemptymethodbody" priority="3">
Document empty method body
</violation>
<violation beginline="78" endline="79" begincolumn="67" endcolumn="2" rule="UncommentedEmptyMethodBody" ruleset="Documentation" package="org.junit.jupiter.api.extension" class="KitchenSinkExtension" method="afterEach" externalInfoUrl="https://pmd.github.io/pmd/pmd_rules_java_documentation.html#uncommentedemptymethodbody" priority="3">
Document empty method body
</violation>
<violation beginline="82" endline="83" begincolumn="66" endcolumn="2" rule="UncommentedEmptyMethodBody" ruleset="Documentation" package="org.junit.jupiter.api.extension" class="KitchenSinkExtension" method="afterAll" externalInfoUrl="https://pmd.github.io/pmd/pmd_rules_java_documentation.html#uncommentedemptymethodbody" priority="3">
Document empty method body
</violation>
<violation beginline="88" endline="89" begincolumn="102" endcolumn="2" rule="UncommentedEmptyMethodBody" ruleset="Documentation" package="org.junit.jupiter.api.extension" class="KitchenSinkExtension" method="postProcessTestInstance" externalInfoUrl="https://pmd.github.io/pmd/pmd_rules_java_documentation.html#uncommentedemptymethodbody" priority="3">
Document empty method body
</violation>
</file>
<file name="C:\Users\Sokaina\Downloads\Versiones-Junit5\junit5-r5.0.2\junit-jupiter-engine\src\test\java\org\junit\jupiter\engine\AbstractJupiterTestEngineTests.java">
<violation beginline="27" endline="46" begincolumn="17" endcolumn="1" rule="AbstractClassWithoutAbstractMethod" ruleset="Best Practices" package="org.junit.jupiter.engine" class="AbstractJupiterTestEngineTests" externalInfoUrl="https://pmd.github.io/pmd/pmd_rules_java_bestpractices.html#abstractclasswithoutabstractmethod" priority="3">
This abstract class does not have any abstract methods
</violation>
</file>
<file name="C:\Users\Sokaina\Downloads\Versiones-Junit5\junit5-r5.0.2\junit-jupiter-engine\src\test\java\org\junit\jupiter\engine\BeforeAllAndAfterAllComposedAnnotationTests.java">
<violation beginline="38" endline="44" begincolumn="2" endcolumn="2" rule="JUnitTestContainsTooManyAsserts" ruleset="Best Practices" package="org.junit.jupiter.engine" class="BeforeAllAndAfterAllComposedAnnotationTests" method="beforeAllAndAfterAllAsMetaAnnotations" externalInfoUrl="https://pmd.github.io/pmd/pmd_rules_java_bestpractices.html#junittestcontainstoomanyasserts" priority="3">
Unit tests should not contain more than 1 assert(s).
</violation>
<violation beginline="43" endline="43" begincolumn="3" endcolumn="14" rule="JUnitAssertionsShouldIncludeMessage" ruleset="Best Practices" package="org.junit.jupiter.engine" class="BeforeAllAndAfterAllComposedAnnotationTests" method="beforeAllAndAfterAllAsMetaAnnotations" externalInfoUrl="https://pmd.github.io/pmd/pmd_rules_java_bestpractices.html#junitassertionsshouldincludemessage" priority="3">
JUnit assertions should include a message
</violation>
<violation beginline="48" endline="51" begincolumn="3" endcolumn="3" rule="DefaultPackage" ruleset="Code Style" package="org.junit.jupiter.engine" class="BeforeAllAndAfterAllComposedAnnotationTests$TestCase" externalInfoUrl="https://pmd.github.io/pmd/pmd_rules_java_codestyle.html#defaultpackage" priority="3">
Use explicit scoping instead of the default package private level
</violation>
<violation beginline="54" endline="56" begincolumn="3" endcolumn="3" rule="JUnitTestsShouldIncludeAssert" ruleset="Best Practices" package="org.junit.jupiter.engine" class="BeforeAllAndAfterAllComposedAnnotationTests$TestCase" method="test" externalInfoUrl="https://pmd.github.io/pmd/pmd_rules_java_bestpractices.html#junittestsshouldincludeassert" priority="3">
JUnit tests should include assert() or fail()
</violation>
<violation beginline="58" endline="61" begincolumn="3" endcolumn="3" rule="DefaultPackage" ruleset="Code Style" package="org.junit.jupiter.engine" class="BeforeAllAndAfterAllComposedAnnotationTests$TestCase" externalInfoUrl="https://pmd.github.io/pmd/pmd_rules_java_codestyle.html#defaultpackage" priority="3">
Use explicit scoping instead of the default package private level
</violation>
</file>
<file name="C:\Users\Sokaina\Downloads\Versiones-Junit5\junit5-r5.0.2\junit-jupiter-engine\src\test\java\org\junit\jupiter\engine\BeforeEachAndAfterEachComposedAnnotationTests.java">
<violation beginline="38" endline="44" begincolumn="2" endcolumn="2" rule="JUnitTestContainsTooManyAsserts" ruleset="Best Practices" package="org.junit.jupiter.engine" class="BeforeEachAndAfterEachComposedAnnotationTests" method="beforeEachAndAfterEachAsMetaAnnotations" externalInfoUrl="https://pmd.github.io/pmd/pmd_rules_java_bestpractices.html#junittestcontainstoomanyasserts" priority="3">
Unit tests should not contain more than 1 assert(s).
</violation>
<violation beginline="43" endline="43" begincolumn="3" endcolumn="14" rule="JUnitAssertionsShouldIncludeMessage" ruleset="Best Practices" package="org.junit.jupiter.engine" class="BeforeEachAndAfterEachComposedAnnotationTests" method="beforeEachAndAfterEachAsMetaAnnotations" externalInfoUrl="https://pmd.github.io/pmd/pmd_rules_java_bestpractices.html#junitassertionsshouldincludemessage" priority="3">
JUnit assertions should include a message
</violation>
<violation beginline="48" endline="51" begincolumn="3" endcolumn="3" rule="DefaultPackage" ruleset="Code Style" package="org.junit.jupiter.engine" class="BeforeEachAndAfterEachComposedAnnotationTests$TestCase" externalInfoUrl="https://pmd.github.io/pmd/pmd_rules_java_codestyle.html#defaultpackage" priority="3">
Use explicit scoping instead of the default package private level
</violation>
<violation beginline="54" endline="56" begincolumn="3" endcolumn="3" rule="JUnitTestsShouldIncludeAssert" ruleset="Best Practices" package="org.junit.jupiter.engine" class="BeforeEachAndAfterEachComposedAnnotationTests$TestCase" method="test" externalInfoUrl="https://pmd.github.io/pmd/pmd_rules_java_bestpractices.html#junittestsshouldincludeassert" priority="3">
JUnit tests should include assert() or fail()
</violation>
<violation beginline="58" endline="61" begincolumn="3" endcolumn="3" rule="DefaultPackage" ruleset="Code Style" package="org.junit.jupiter.engine" class="BeforeEachAndAfterEachComposedAnnotationTests$TestCase" externalInfoUrl="https://pmd.github.io/pmd/pmd_rules_java_codestyle.html#defaultpackage" priority="3">
Use explicit scoping instead of the default package private level
</violation>
</file>
<file name="C:\Users\Sokaina\Downloads\Versiones-Junit5\junit5-r5.0.2\junit-jupiter-engine\src\test\java\org\junit\jupiter\engine\DefaultMethodTests.java">
<violation beginline="11" endline="231" begincolumn="1" endcolumn="2" rule="TooManyStaticImports" ruleset="Code Style" package="org.junit.jupiter.engine" class="DefaultMethodTests" externalInfoUrl="https://pmd.github.io/pmd/pmd_rules_java_codestyle.html#toomanystaticimports" priority="3">
Too many static imports may lead to messy code
</violation>
<violation beginline="58" endline="73" begincolumn="2" endcolumn="2" rule="JUnitTestContainsTooManyAsserts" ruleset="Best Practices" package="org.junit.jupiter.engine" class="DefaultMethodTests" method="executeTestCaseWithDefaultMethodFromInterfaceSelectedByFullyQualifedMethodName" externalInfoUrl="https://pmd.github.io/pmd/pmd_rules_java_bestpractices.html#junittestcontainstoomanyasserts" priority="3">
Unit tests should not contain more than 1 assert(s).
</violation>
<violation beginline="68" endline="68" begincolumn="64" endcolumn="80" rule="AvoidDuplicateLiterals" ruleset="Error Prone" package="org.junit.jupiter.engine" class="DefaultMethodTests" method="executeTestCaseWithDefaultMethodFromInterfaceSelectedByFullyQualifedMethodName" externalInfoUrl="https://pmd.github.io/pmd/pmd_rules_java_errorprone.html#avoidduplicateliterals" priority="3">
The String literal "# tests started" appears 5 times in this file; the first occurrence is on line 68
</violation>
<violation beginline="69" endline="69" begincolumn="67" endcolumn="85" rule="AvoidDuplicateLiterals" ruleset="Error Prone" package="org.junit.jupiter.engine" class="DefaultMethodTests" method="executeTestCaseWithDefaultMethodFromInterfaceSelectedByFullyQualifedMethodName" externalInfoUrl="https://pmd.github.io/pmd/pmd_rules_java_errorprone.html#avoidduplicateliterals" priority="3">
The String literal "# tests succeeded" appears 5 times in this file; the first occurrence is on line 69
</violation>
<violation beginline="70" endline="70" begincolumn="63" endcolumn="78" rule="AvoidDuplicateLiterals" ruleset="Error Prone" package="org.junit.jupiter.engine" class="DefaultMethodTests" method="executeTestCaseWithDefaultMethodFromInterfaceSelectedByFullyQualifedMethodName" externalInfoUrl="https://pmd.github.io/pmd/pmd_rules_java_errorprone.html#avoidduplicateliterals" priority="3">
The String literal "# tests failed" appears 5 times in this file; the first occurrence is on line 70
</violation>
<violation beginline="76" endline="76" begincolumn="102" endcolumn="110" rule="SignatureDeclareThrowsException" ruleset="Design" package="org.junit.jupiter.engine" class="DefaultMethodTests" method="executeTestCaseWithDefaultMethodFromGenericInterfaceSelectedByFullyQualifedMethodName" externalInfoUrl="https://pmd.github.io/pmd/pmd_rules_java_design.html#signaturedeclarethrowsexception" priority="3">
A method/constructor should not explicitly throw java.lang.Exception
</violation>
<violation beginline="76" endline="92" begincolumn="2" endcolumn="2" rule="JUnitTestContainsTooManyAsserts" ruleset="Best Practices" package="org.junit.jupiter.engine" class="DefaultMethodTests" method="executeTestCaseWithDefaultMethodFromGenericInterfaceSelectedByFullyQualifedMethodName" externalInfoUrl="https://pmd.github.io/pmd/pmd_rules_java_bestpractices.html#junittestcontainstoomanyasserts" priority="3">
Unit tests should not contain more than 1 assert(s).
</violation>
<violation beginline="83" endline="83" begincolumn="40" endcolumn="89" rule="AvoidDuplicateLiterals" ruleset="Error Prone" package="org.junit.jupiter.engine" class="DefaultMethodTests" method="executeTestCaseWithDefaultMethodFromGenericInterfaceSelectedByFullyQualifedMethodName" externalInfoUrl="https://pmd.github.io/pmd/pmd_rules_java_errorprone.html#avoidduplicateliterals" priority="3">
The String literal "@BeforeAll default method invoked from interface" appears 4 times in this file; the first occurrence is on line 83
</violation>
<violation beginline="84" endline="84" begincolumn="39" endcolumn="87" rule="AvoidDuplicateLiterals" ruleset="Error Prone" package="org.junit.jupiter.engine" class="DefaultMethodTests" method="executeTestCaseWithDefaultMethodFromGenericInterfaceSelectedByFullyQualifedMethodName" externalInfoUrl="https://pmd.github.io/pmd/pmd_rules_java_errorprone.html#avoidduplicateliterals" priority="3">
The String literal "@AfterAll default method invoked from interface" appears 4 times in this file; the first occurrence is on line 84
</violation>
<violation beginline="95" endline="113" begincolumn="2" endcolumn="2" rule="JUnitTestContainsTooManyAsserts" ruleset="Best Practices" package="org.junit.jupiter.engine" class="DefaultMethodTests" method="executeTestCaseWithOverloadedMethodNextToGenericDefaultMethodSelectedByFullyQualifedMethodName" externalInfoUrl="https://pmd.github.io/pmd/pmd_rules_java_bestpractices.html#junittestcontainstoomanyasserts" priority="3">
Unit tests should not contain more than 1 assert(s).
</violation>
<violation beginline="96" endline="96" begincolumn="11" endcolumn="19" rule="SignatureDeclareThrowsException" ruleset="Design" package="org.junit.jupiter.engine" class="DefaultMethodTests" method="executeTestCaseWithOverloadedMethodNextToGenericDefaultMethodSelectedByFullyQualifedMethodName" externalInfoUrl="https://pmd.github.io/pmd/pmd_rules_java_design.html#signaturedeclarethrowsexception" priority="3">
A method/constructor should not explicitly throw java.lang.Exception
</violation>
<violation beginline="116" endline="116" begincolumn="93" endcolumn="101" rule="SignatureDeclareThrowsException" ruleset="Design" package="org.junit.jupiter.engine" class="DefaultMethodTests" method="executeTestCaseWithOverloadedMethodNextToGenericDefaultMethodSelectedByClass" externalInfoUrl="https://pmd.github.io/pmd/pmd_rules_java_design.html#signaturedeclarethrowsexception" priority="3">
A method/constructor should not explicitly throw java.lang.Exception
</violation>
<violation beginline="116" endline="132" begincolumn="2" endcolumn="2" rule="JUnitTestContainsTooManyAsserts" ruleset="Best Practices" package="org.junit.jupiter.engine" class="DefaultMethodTests" method="executeTestCaseWithOverloadedMethodNextToGenericDefaultMethodSelectedByClass" externalInfoUrl="https://pmd.github.io/pmd/pmd_rules_java_bestpractices.html#junittestcontainstoomanyasserts" priority="3">
Unit tests should not contain more than 1 assert(s).
</violation>
<violation beginline="135" endline="135" begincolumn="81" endcolumn="89" rule="SignatureDeclareThrowsException" ruleset="Design" package="org.junit.jupiter.engine" class="DefaultMethodTests" method="executeTestCaseWithOverriddenGenericDefaultMethodSelectedByClass" externalInfoUrl="https://pmd.github.io/pmd/pmd_rules_java_design.html#signaturedeclarethrowsexception" priority="3">
A method/constructor should not explicitly throw java.lang.Exception
</violation>
<violation beginline="135" endline="156" begincolumn="2" endcolumn="2" rule="JUnitTestContainsTooManyAsserts" ruleset="Best Practices" package="org.junit.jupiter.engine" class="DefaultMethodTests" method="executeTestCaseWithOverriddenGenericDefaultMethodSelectedByClass" externalInfoUrl="https://pmd.github.io/pmd/pmd_rules_java_bestpractices.html#junittestcontainstoomanyasserts" priority="3">
Unit tests should not contain more than 1 assert(s).
</violation>
</file>
<file name="C:\Users\Sokaina\Downloads\Versiones-Junit5\junit5-r5.0.2\junit-jupiter-engine\src\test\java\org\junit\jupiter\engine\DisabledTests.java">
<violation beginline="31" endline="37" begincolumn="2" endcolumn="2" rule="JUnitTestContainsTooManyAsserts" ruleset="Best Practices" package="org.junit.jupiter.engine" class="DisabledTests" method="executeTestsWithDisabledTestClass" externalInfoUrl="https://pmd.github.io/pmd/pmd_rules_java_bestpractices.html#junittestcontainstoomanyasserts" priority="3">
Unit tests should not contain more than 1 assert(s).
</violation>
<violation beginline="40" endline="40" begincolumn="52" endcolumn="60" rule="SignatureDeclareThrowsException" ruleset="Design" package="org.junit.jupiter.engine" class="DisabledTests" method="executeTestsWithDisabledTestMethods" externalInfoUrl="https://pmd.github.io/pmd/pmd_rules_java_design.html#signaturedeclarethrowsexception" priority="3">
A method/constructor should not explicitly throw java.lang.Exception
</violation>
<violation beginline="40" endline="51" begincolumn="2" endcolumn="2" rule="JUnitTestContainsTooManyAsserts" ruleset="Best Practices" package="org.junit.jupiter.engine" class="DisabledTests" method="executeTestsWithDisabledTestMethods" externalInfoUrl="https://pmd.github.io/pmd/pmd_rules_java_bestpractices.html#junittestcontainstoomanyasserts" priority="3">
Unit tests should not contain more than 1 assert(s).
</violation>
<violation beginline="50" endline="50" begincolumn="3" endcolumn="14" rule="JUnitAssertionsShouldIncludeMessage" ruleset="Best Practices" package="org.junit.jupiter.engine" class="DisabledTests" method="executeTestsWithDisabledTestMethods" externalInfoUrl="https://pmd.github.io/pmd/pmd_rules_java_bestpractices.html#junitassertionsshouldincludemessage" priority="3">
JUnit assertions should include a message
</violation>
<violation beginline="67" endline="68" begincolumn="22" endcolumn="3" rule="UncommentedEmptyMethodBody" ruleset="Documentation" package="org.junit.jupiter.engine" class="DisabledTests$DisabledTestMethodsTestCase" method="enabledTest" externalInfoUrl="https://pmd.github.io/pmd/pmd_rules_java_documentation.html#uncommentedemptymethodbody" priority="3">
Document empty method body
</violation>
<violation beginline="67" endline="68" begincolumn="3" endcolumn="3" rule="JUnitTestsShouldIncludeAssert" ruleset="Best Practices" package="org.junit.jupiter.engine" class="DisabledTests$DisabledTestMethodsTestCase" method="enabledTest" externalInfoUrl="https://pmd.github.io/pmd/pmd_rules_java_bestpractices.html#junittestsshouldincludeassert" priority="3">
JUnit tests should include assert() or fail()
</violation>
</file>
<file name="C:\Users\Sokaina\Downloads\Versiones-Junit5\junit5-r5.0.2\junit-jupiter-engine\src\test\java\org\junit\jupiter\engine\DiscoveryFilterApplierTests.java">
<violation beginline="37" endline="37" begincolumn="2" endcolumn="63" rule="DefaultPackage" ruleset="Code Style" package="org.junit.jupiter.engine" class="DiscoveryFilterApplierTests" externalInfoUrl="https://pmd.github.io/pmd/pmd_rules_java_codestyle.html#defaultpackage" priority="3">
Use explicit scoping instead of the default package private level
</violation>
<violation beginline="40" endline="58" begincolumn="2" endcolumn="2" rule="JUnitTestsShouldIncludeAssert" ruleset="Best Practices" package="org.junit.jupiter.engine" class="DiscoveryFilterApplierTests" method="packageNameFilterInclude_nonMatchingPackagesAreExcluded" externalInfoUrl="https://pmd.github.io/pmd/pmd_rules_java_bestpractices.html#junittestsshouldincludeassert" priority="3">
JUnit tests should include assert() or fail()
</violation>
<violation beginline="48" endline="48" begincolumn="27" endcolumn="36" rule="AvoidDuplicateLiterals" ruleset="Error Prone" package="org.junit.jupiter.engine" class="DiscoveryFilterApplierTests" method="packageNameFilterInclude_nonMatchingPackagesAreExcluded" externalInfoUrl="https://pmd.github.io/pmd/pmd_rules_java_errorprone.html#avoidduplicateliterals" priority="3">
The String literal "matching" appears 10 times in this file; the first occurrence is on line 48
</violation>
<violation beginline="61" endline="80" begincolumn="2" endcolumn="2" rule="JUnitTestsShouldIncludeAssert" ruleset="Best Practices" package="org.junit.jupiter.engine" class="DiscoveryFilterApplierTests" method="packageNameFilterInclude_matchingPackagesAreIncluded" externalInfoUrl="https://pmd.github.io/pmd/pmd_rules_java_bestpractices.html#junittestsshouldincludeassert" priority="3">
JUnit tests should include assert() or fail()
</violation>
<violation beginline="79" endline="79" begincolumn="68" endcolumn="74" rule="AvoidDuplicateLiterals" ruleset="Error Prone" package="org.junit.jupiter.engine" class="DiscoveryFilterApplierTests" method="packageNameFilterInclude_matchingPackagesAreIncluded" externalInfoUrl="https://pmd.github.io/pmd/pmd_rules_java_errorprone.html#avoidduplicateliterals" priority="3">
The String literal "class" appears 4 times in this file; the first occurrence is on line 79
</violation>
<violation beginline="83" endline="101" begincolumn="2" endcolumn="2" rule="JUnitTestsShouldIncludeAssert" ruleset="Best Practices" package="org.junit.jupiter.engine" class="DiscoveryFilterApplierTests" method="packageNameFilterExclude_matchingPackagesAreExcluded" externalInfoUrl="https://pmd.github.io/pmd/pmd_rules_java_bestpractices.html#junittestsshouldincludeassert" priority="3">
JUnit tests should include assert() or fail()
</violation>
<violation beginline="104" endline="123" begincolumn="2" endcolumn="2" rule="JUnitTestsShouldIncludeAssert" ruleset="Best Practices" package="org.junit.jupiter.engine" class="DiscoveryFilterApplierTests" method="packageNameFilterExclude_nonMatchingPackagesAreIncluded" externalInfoUrl="https://pmd.github.io/pmd/pmd_rules_java_bestpractices.html#junittestsshouldincludeassert" priority="3">
JUnit tests should include assert() or fail()
</violation>
<violation beginline="126" endline="146" begincolumn="2" endcolumn="2" rule="JUnitTestsShouldIncludeAssert" ruleset="Best Practices" package="org.junit.jupiter.engine" class="DiscoveryFilterApplierTests" method="nonMatchingClassesAreExcluded" externalInfoUrl="https://pmd.github.io/pmd/pmd_rules_java_bestpractices.html#junittestsshouldincludeassert" priority="3">
JUnit tests should include assert() or fail()
</violation>
<violation beginline="149" endline="169" begincolumn="2" endcolumn="2" rule="JUnitTestsShouldIncludeAssert" ruleset="Best Practices" package="org.junit.jupiter.engine" class="DiscoveryFilterApplierTests" method="nestedTestClassesAreAlwaysIncludedWhenTheirParentIs" externalInfoUrl="https://pmd.github.io/pmd/pmd_rules_java_bestpractices.html#junittestsshouldincludeassert" priority="3">
JUnit tests should include assert() or fail()
</violation>
</file>
<file name="C:\Users\Sokaina\Downloads\Versiones-Junit5\junit5-r5.0.2\junit-jupiter-engine\src\test\java\org\junit\jupiter\engine\DynamicNodeGenerationTests.java">
<violation beginline="11" endline="326" begincolumn="1" endcolumn="2" rule="TooManyStaticImports" ruleset="Code Style" package="org.junit.jupiter.engine" class="DynamicNodeGenerationTests" externalInfoUrl="https://pmd.github.io/pmd/pmd_rules_java_codestyle.html#toomanystaticimports" priority="3">
Too many static imports may lead to messy code
</violation>
<violation beginline="71" endline="71" begincolumn="42" endcolumn="56" rule="AvoidDuplicateLiterals" ruleset="Error Prone" package="org.junit.jupiter.engine" class="DynamicNodeGenerationTests" method="testFactoryMethodIsCorrectlyDiscoveredForMethodSelector" externalInfoUrl="https://pmd.github.io/pmd/pmd_rules_java_errorprone.html#avoidduplicateliterals" priority="3">
The String literal "dynamicStream" appears 4 times in this file; the first occurrence is on line 71
</violation>
<violation beginline="87" endline="87" begincolumn="32" endcolumn="48" rule="AvoidDuplicateLiterals" ruleset="Error Prone" package="org.junit.jupiter.engine" class="DynamicNodeGenerationTests" method="dynamicTestsAreExecutedFromStream" externalInfoUrl="https://pmd.github.io/pmd/pmd_rules_java_errorprone.html#avoidduplicateliterals" priority="3">
The String literal "dynamic-test:#1" appears 12 times in this file; the first occurrence is on line 87
</violation>
<violation beginline="88" endline="88" begincolumn="34" endcolumn="49" rule="AvoidDuplicateLiterals" ruleset="Error Prone" package="org.junit.jupiter.engine" class="DynamicNodeGenerationTests" method="dynamicTestsAreExecutedFromStream" externalInfoUrl="https://pmd.github.io/pmd/pmd_rules_java_errorprone.html#avoidduplicateliterals" priority="3">
The String literal "succeedingTest" appears 9 times in this file; the first occurrence is on line 88
</violation>
<violation beginline="90" endline="90" begincolumn="32" endcolumn="48" rule="AvoidDuplicateLiterals" ruleset="Error Prone" package="org.junit.jupiter.engine" class="DynamicNodeGenerationTests" method="dynamicTestsAreExecutedFromStream" externalInfoUrl="https://pmd.github.io/pmd/pmd_rules_java_errorprone.html#avoidduplicateliterals" priority="3">
The String literal "dynamic-test:#2" appears 12 times in this file; the first occurrence is on line 90
</violation>
<violation beginline="91" endline="91" begincolumn="34" endcolumn="46" rule="AvoidDuplicateLiterals" ruleset="Error Prone" package="org.junit.jupiter.engine" class="DynamicNodeGenerationTests" method="dynamicTestsAreExecutedFromStream" externalInfoUrl="https://pmd.github.io/pmd/pmd_rules_java_errorprone.html#avoidduplicateliterals" priority="3">
The String literal "failingTest" appears 9 times in this file; the first occurrence is on line 91
</violation>
<violation beginline="92" endline="92" begincolumn="78" endcolumn="86" rule="AvoidDuplicateLiterals" ruleset="Error Prone" package="org.junit.jupiter.engine" class="DynamicNodeGenerationTests" method="dynamicTestsAreExecutedFromStream" externalInfoUrl="https://pmd.github.io/pmd/pmd_rules_java_errorprone.html#avoidduplicateliterals" priority="3">
The String literal "failing" appears 5 times in this file; the first occurrence is on line 92
</violation>
<violation beginline="99" endline="112" begincolumn="2" endcolumn="2" rule="JUnitTestContainsTooManyAsserts" ruleset="Best Practices" package="org.junit.jupiter.engine" class="DynamicNodeGenerationTests" method="dynamicTestsAreExecutedFromCollection" externalInfoUrl="https://pmd.github.io/pmd/pmd_rules_java_bestpractices.html#junittestcontainstoomanyasserts" priority="3">
Unit tests should not contain more than 1 assert(s).
</violation>
<violation beginline="106" endline="106" begincolumn="68" endcolumn="88" rule="AvoidDuplicateLiterals" ruleset="Error Prone" package="org.junit.jupiter.engine" class="DynamicNodeGenerationTests" method="dynamicTestsAreExecutedFromCollection" externalInfoUrl="https://pmd.github.io/pmd/pmd_rules_java_errorprone.html#avoidduplicateliterals" priority="3">
The String literal "# container started" appears 6 times in this file; the first occurrence is on line 106
</violation>
<violation beginline="108" endline="108" begincolumn="63" endcolumn="79" rule="AvoidDuplicateLiterals" ruleset="Error Prone" package="org.junit.jupiter.engine" class="DynamicNodeGenerationTests" method="dynamicTestsAreExecutedFromCollection" externalInfoUrl="https://pmd.github.io/pmd/pmd_rules_java_errorprone.html#avoidduplicateliterals" priority="3">
The String literal "# tests started" appears 6 times in this file; the first occurrence is on line 108
</violation>
<violation beginline="109" endline="109" begincolumn="66" endcolumn="84" rule="AvoidDuplicateLiterals" ruleset="Error Prone" package="org.junit.jupiter.engine" class="DynamicNodeGenerationTests" method="dynamicTestsAreExecutedFromCollection" externalInfoUrl="https://pmd.github.io/pmd/pmd_rules_java_errorprone.html#avoidduplicateliterals" priority="3">
The String literal "# tests succeeded" appears 6 times in this file; the first occurrence is on line 109
</violation>
<violation beginline="110" endline="110" begincolumn="62" endcolumn="77" rule="AvoidDuplicateLiterals" ruleset="Error Prone" package="org.junit.jupiter.engine" class="DynamicNodeGenerationTests" method="dynamicTestsAreExecutedFromCollection" externalInfoUrl="https://pmd.github.io/pmd/pmd_rules_java_errorprone.html#avoidduplicateliterals" priority="3">
The String literal "# tests failed" appears 6 times in this file; the first occurrence is on line 110
</violation>
<violation beginline="111" endline="111" begincolumn="69" endcolumn="90" rule="AvoidDuplicateLiterals" ruleset="Error Prone" package="org.junit.jupiter.engine" class="DynamicNodeGenerationTests" method="dynamicTestsAreExecutedFromCollection" externalInfoUrl="https://pmd.github.io/pmd/pmd_rules_java_errorprone.html#avoidduplicateliterals" priority="3">
The String literal "# container finished" appears 6 times in this file; the first occurrence is on line 111
</violation>
<violation beginline="115" endline="128" begincolumn="2" endcolumn="2" rule="JUnitTestContainsTooManyAsserts" ruleset="Best Practices" package="org.junit.jupiter.engine" class="DynamicNodeGenerationTests" method="dynamicTestsAreExecutedFromIterator" externalInfoUrl="https://pmd.github.io/pmd/pmd_rules_java_bestpractices.html#junittestcontainstoomanyasserts" priority="3">
Unit tests should not contain more than 1 assert(s).
</violation>
<violation beginline="131" endline="145" begincolumn="2" endcolumn="2" rule="JUnitTestContainsTooManyAsserts" ruleset="Best Practices" package="org.junit.jupiter.engine" class="DynamicNodeGenerationTests" method="dynamicTestsAreExecutedFromIterable" externalInfoUrl="https://pmd.github.io/pmd/pmd_rules_java_bestpractices.html#junittestcontainstoomanyasserts" priority="3">
Unit tests should not contain more than 1 assert(s).
</violation>
<violation beginline="148" endline="178" begincolumn="2" endcolumn="2" rule="JUnitTestContainsTooManyAsserts" ruleset="Best Practices" package="org.junit.jupiter.engine" class="DynamicNodeGenerationTests" method="dynamicContainersAreExecutedFromIterable" externalInfoUrl="https://pmd.github.io/pmd/pmd_rules_java_bestpractices.html#junittestcontainstoomanyasserts" priority="3">
Unit tests should not contain more than 1 assert(s).
</violation>
<violation beginline="158" endline="158" begincolumn="32" endcolumn="53" rule="AvoidDuplicateLiterals" ruleset="Error Prone" package="org.junit.jupiter.engine" class="DynamicNodeGenerationTests" method="dynamicContainersAreExecutedFromIterable" externalInfoUrl="https://pmd.github.io/pmd/pmd_rules_java_errorprone.html#avoidduplicateliterals" priority="3">
The String literal "dynamic-container:#1" appears 9 times in this file; the first occurrence is on line 158
</violation>
<violation beginline="181" endline="214" begincolumn="2" endcolumn="2" rule="JUnitTestContainsTooManyAsserts" ruleset="Best Practices" package="org.junit.jupiter.engine" class="DynamicNodeGenerationTests" method="nestedDynamicContainersAreExecuted" externalInfoUrl="https://pmd.github.io/pmd/pmd_rules_java_bestpractices.html#junittestcontainstoomanyasserts" priority="3">
Unit tests should not contain more than 1 assert(s).
</violation>
<violation beginline="191" endline="191" begincolumn="44" endcolumn="54" rule="AvoidDuplicateLiterals" ruleset="Error Prone" package="org.junit.jupiter.engine" class="DynamicNodeGenerationTests" method="nestedDynamicContainersAreExecuted" externalInfoUrl="https://pmd.github.io/pmd/pmd_rules_java_errorprone.html#avoidduplicateliterals" priority="3">
The String literal "gift wrap" appears 4 times in this file; the first occurrence is on line 191
</violation>
<violation beginline="193" endline="193" begincolumn="44" endcolumn="48" rule="AvoidDuplicateLiterals" ruleset="Error Prone" package="org.junit.jupiter.engine" class="DynamicNodeGenerationTests" method="nestedDynamicContainersAreExecuted" externalInfoUrl="https://pmd.github.io/pmd/pmd_rules_java_errorprone.html#avoidduplicateliterals" priority="3">
The String literal "box" appears 7 times in this file; the first occurrence is on line 193
</violation>
<violation beginline="217" endline="249" begincolumn="2" endcolumn="2" rule="JUnitTestContainsTooManyAsserts" ruleset="Best Practices" package="org.junit.jupiter.engine" class="DynamicNodeGenerationTests" method="dynamicContainersAreExecutedFromExceptionThrowingStream" externalInfoUrl="https://pmd.github.io/pmd/pmd_rules_java_bestpractices.html#junittestcontainstoomanyasserts" priority="3">
Unit tests should not contain more than 1 assert(s).
</violation>
</file>
<file name="C:\Users\Sokaina\Downloads\Versiones-Junit5\junit5-r5.0.2\junit-jupiter-engine\src\test\java\org\junit\jupiter\engine\ExceptionHandlingTests.java">
<violation beginline="11" endline="245" begincolumn="1" endcolumn="2" rule="TooManyStaticImports" ruleset="Code Style" package="org.junit.jupiter.engine" class="ExceptionHandlingTests" externalInfoUrl="https://pmd.github.io/pmd/pmd_rules_java_codestyle.html#toomanystaticimports" priority="3">
Too many static imports may lead to messy code
</violation>
<violation beginline="51" endline="63" begincolumn="2" endcolumn="2" rule="JUnitTestContainsTooManyAsserts" ruleset="Best Practices" package="org.junit.jupiter.engine" class="ExceptionHandlingTests" method="failureInTestMethodIsRegistered" externalInfoUrl="https://pmd.github.io/pmd/pmd_rules_java_bestpractices.html#junittestcontainstoomanyasserts" priority="3">
Unit tests should not contain more than 1 assert(s).
</violation>
<violation beginline="57" endline="57" begincolumn="56" endcolumn="72" rule="AvoidDuplicateLiterals" ruleset="Error Prone" package="org.junit.jupiter.engine" class="ExceptionHandlingTests" method="failureInTestMethodIsRegistered" externalInfoUrl="https://pmd.github.io/pmd/pmd_rules_java_errorprone.html#avoidduplicateliterals" priority="3">
The String literal "# tests started" appears 5 times in this file; the first occurrence is on line 57
</violation>
<violation beginline="58" endline="58" begincolumn="55" endcolumn="70" rule="AvoidDuplicateLiterals" ruleset="Error Prone" package="org.junit.jupiter.engine" class="ExceptionHandlingTests" method="failureInTestMethodIsRegistered" externalInfoUrl="https://pmd.github.io/pmd/pmd_rules_java_errorprone.html#avoidduplicateliterals" priority="3">
The String literal "# tests failed" appears 5 times in this file; the first occurrence is on line 58
</violation>
<violation beginline="66" endline="78" begincolumn="2" endcolumn="2" rule="JUnitTestContainsTooManyAsserts" ruleset="Best Practices" package="org.junit.jupiter.engine" class="ExceptionHandlingTests" method="uncheckedExceptionInTestMethodIsRegistered" externalInfoUrl="https://pmd.github.io/pmd/pmd_rules_java_bestpractices.html#junittestcontainstoomanyasserts" priority="3">
Unit tests should not contain more than 1 assert(s).
</violation>
<violation beginline="67" endline="67" begincolumn="59" endcolumn="86" rule="AvoidDuplicateLiterals" ruleset="Error Prone" package="org.junit.jupiter.engine" class="ExceptionHandlingTests" method="uncheckedExceptionInTestMethodIsRegistered" externalInfoUrl="https://pmd.github.io/pmd/pmd_rules_java_errorprone.html#avoidduplicateliterals" priority="3">
The String literal "testWithUncheckedException" appears 5 times in this file; the first occurrence is on line 67
</violation>
<violation beginline="81" endline="93" begincolumn="2" endcolumn="2" rule="JUnitTestContainsTooManyAsserts" ruleset="Best Practices" package="org.junit.jupiter.engine" class="ExceptionHandlingTests" method="checkedExceptionInTestMethodIsRegistered" externalInfoUrl="https://pmd.github.io/pmd/pmd_rules_java_bestpractices.html#junittestcontainstoomanyasserts" priority="3">
Unit tests should not contain more than 1 assert(s).
</violation>
<violation beginline="92" endline="92" begincolumn="63" endcolumn="71" rule="AvoidDuplicateLiterals" ruleset="Error Prone" package="org.junit.jupiter.engine" class="ExceptionHandlingTests" method="checkedExceptionInTestMethodIsRegistered" externalInfoUrl="https://pmd.github.io/pmd/pmd_rules_java_errorprone.html#avoidduplicateliterals" priority="3">
The String literal "checked" appears 12 times in this file; the first occurrence is on line 92
</violation>
<violation beginline="96" endline="109" begincolumn="2" endcolumn="2" rule="JUnitTestContainsTooManyAsserts" ruleset="Best Practices" package="org.junit.jupiter.engine" class="ExceptionHandlingTests" method="checkedExceptionInBeforeEachIsRegistered" externalInfoUrl="https://pmd.github.io/pmd/pmd_rules_java_bestpractices.html#junittestcontainstoomanyasserts" priority="3">
Unit tests should not contain more than 1 assert(s).
</violation>
<violation beginline="97" endline="97" begincolumn="59" endcolumn="74" rule="AvoidDuplicateLiterals" ruleset="Error Prone" package="org.junit.jupiter.engine" class="ExceptionHandlingTests" method="checkedExceptionInBeforeEachIsRegistered" externalInfoUrl="https://pmd.github.io/pmd/pmd_rules_java_errorprone.html#avoidduplicateliterals" priority="3">
The String literal "succeedingTest" appears 8 times in this file; the first occurrence is on line 97
</violation>
<violation beginline="112" endline="125" begincolumn="2" endcolumn="2" rule="JUnitTestContainsTooManyAsserts" ruleset="Best Practices" package="org.junit.jupiter.engine" class="ExceptionHandlingTests" method="checkedExceptionInAfterEachIsRegistered" externalInfoUrl="https://pmd.github.io/pmd/pmd_rules_java_bestpractices.html#junittestcontainstoomanyasserts" priority="3">
Unit tests should not contain more than 1 assert(s).
</violation>
<violation beginline="195" endline="195" begincolumn="3" endcolumn="76" rule="DefaultPackage" ruleset="Code Style" package="org.junit.jupiter.engine" class="ExceptionHandlingTests$FailureTestCase" externalInfoUrl="https://pmd.github.io/pmd/pmd_rules_java_codestyle.html#defaultpackage" priority="3">
Use explicit scoping instead of the default package private level
</violation>
<violation beginline="196" endline="196" begincolumn="3" endcolumn="75" rule="DefaultPackage" ruleset="Code Style" package="org.junit.jupiter.engine" class="ExceptionHandlingTests$FailureTestCase" externalInfoUrl="https://pmd.github.io/pmd/pmd_rules_java_codestyle.html#defaultpackage" priority="3">
Use explicit scoping instead of the default package private level
</violation>
<violation beginline="197" endline="197" begincolumn="3" endcolumn="77" rule="DefaultPackage" ruleset="Code Style" package="org.junit.jupiter.engine" class="ExceptionHandlingTests$FailureTestCase" externalInfoUrl="https://pmd.github.io/pmd/pmd_rules_java_codestyle.html#defaultpackage" priority="3">
Use explicit scoping instead of the default package private level
</violation>
<violation beginline="198" endline="198" begincolumn="3" endcolumn="76" rule="DefaultPackage" ruleset="Code Style" package="org.junit.jupiter.engine" class="ExceptionHandlingTests$FailureTestCase" externalInfoUrl="https://pmd.github.io/pmd/pmd_rules_java_codestyle.html#defaultpackage" priority="3">
Use explicit scoping instead of the default package private level
</violation>
<violation beginline="203" endline="203" begincolumn="5" endcolumn="44" rule="ControlStatementBraces" ruleset="Code Style" package="org.junit.jupiter.engine" class="ExceptionHandlingTests$FailureTestCase" method="beforeAll" externalInfoUrl="https://pmd.github.io/pmd/pmd_rules_java_codestyle.html#controlstatementbraces" priority="3">
This statement should have braces
</violation>
<violation beginline="209" endline="209" begincolumn="5" endcolumn="43" rule="ControlStatementBraces" ruleset="Code Style" package="org.junit.jupiter.engine" class="ExceptionHandlingTests$FailureTestCase" method="afterAll" externalInfoUrl="https://pmd.github.io/pmd/pmd_rules_java_codestyle.html#controlstatementbraces" priority="3">
This statement should have braces
</violation>
<violation beginline="215" endline="215" begincolumn="5" endcolumn="45" rule="ControlStatementBraces" ruleset="Code Style" package="org.junit.jupiter.engine" class="ExceptionHandlingTests$FailureTestCase" method="beforeEach" externalInfoUrl="https://pmd.github.io/pmd/pmd_rules_java_codestyle.html#controlstatementbraces" priority="3">
This statement should have braces
</violation>
<violation beginline="221" endline="221" begincolumn="5" endcolumn="44" rule="ControlStatementBraces" ruleset="Code Style" package="org.junit.jupiter.engine" class="ExceptionHandlingTests$FailureTestCase" method="afterEach" externalInfoUrl="https://pmd.github.io/pmd/pmd_rules_java_codestyle.html#controlstatementbraces" priority="3">
This statement should have braces
</violation>
<violation beginline="225" endline="226" begincolumn="25" endcolumn="3" rule="UncommentedEmptyMethodBody" ruleset="Documentation" package="org.junit.jupiter.engine" class="ExceptionHandlingTests$FailureTestCase" method="succeedingTest" externalInfoUrl="https://pmd.github.io/pmd/pmd_rules_java_documentation.html#uncommentedemptymethodbody" priority="3">
Document empty method body
</violation>
<violation beginline="225" endline="226" begincolumn="3" endcolumn="3" rule="JUnitTestsShouldIncludeAssert" ruleset="Best Practices" package="org.junit.jupiter.engine" class="ExceptionHandlingTests$FailureTestCase" method="succeedingTest" externalInfoUrl="https://pmd.github.io/pmd/pmd_rules_java_bestpractices.html#junittestsshouldincludeassert" priority="3">
JUnit tests should include assert() or fail()
</violation>
<violation beginline="229" endline="231" begincolumn="3" endcolumn="3" rule="JUnitTestsShouldIncludeAssert" ruleset="Best Practices" package="org.junit.jupiter.engine" class="ExceptionHandlingTests$FailureTestCase" method="failingTest" externalInfoUrl="https://pmd.github.io/pmd/pmd_rules_java_bestpractices.html#junittestsshouldincludeassert" priority="3">
JUnit tests should include assert() or fail()
</violation>
<violation beginline="234" endline="236" begincolumn="3" endcolumn="3" rule="JUnitTestsShouldIncludeAssert" ruleset="Best Practices" package="org.junit.jupiter.engine" class="ExceptionHandlingTests$FailureTestCase" method="testWithUncheckedException" externalInfoUrl="https://pmd.github.io/pmd/pmd_rules_java_bestpractices.html#junittestsshouldincludeassert" priority="3">
JUnit tests should include assert() or fail()
</violation>
<violation beginline="235" endline="235" begincolumn="14" endcolumn="29" rule="AvoidThrowingRawExceptionTypes" ruleset="Design" package="org.junit.jupiter.engine" class="ExceptionHandlingTests$FailureTestCase" method="testWithUncheckedException" externalInfoUrl="https://pmd.github.io/pmd/pmd_rules_java_design.html#avoidthrowingrawexceptiontypes" priority="1">
Avoid throwing raw exception types.
</violation>
<violation beginline="239" endline="241" begincolumn="3" endcolumn="3" rule="JUnitTestsShouldIncludeAssert" ruleset="Best Practices" package="org.junit.jupiter.engine" class="ExceptionHandlingTests$FailureTestCase" method="testWithCheckedException" externalInfoUrl="https://pmd.github.io/pmd/pmd_rules_java_bestpractices.html#junittestsshouldincludeassert" priority="3">
JUnit tests should include assert() or fail()
</violation>
</file>
<file name="C:\Users\Sokaina\Downloads\Versiones-Junit5\junit5-r5.0.2\junit-jupiter-engine\src\test\java\org\junit\jupiter\engine\FullLogging.java">
<violation beginline="77" endline="77" begincolumn="34" endcolumn="57" rule="LiteralsFirstInComparisons" ruleset="Best Practices" package="org.junit.jupiter.engine" class="FullLogging$Extension" method="beforeAll" externalInfoUrl="https://pmd.github.io/pmd/pmd_rules_java_bestpractices.html#literalsfirstincomparisons" priority="3">
Position literals first in String comparisons
</violation>
</file>
<file name="C:\Users\Sokaina\Downloads\Versiones-Junit5\junit5-r5.0.2\junit-jupiter-engine\src\test\java\org\junit\jupiter\engine\InvalidLifecycleMethodConfigurationTests.java">
<violation beginline="80" endline="81" begincolumn="15" endcolumn="3" rule="UncommentedEmptyMethodBody" ruleset="Documentation" package="org.junit.jupiter.engine" class="InvalidLifecycleMethodConfigurationTests$TestCase" method="test" externalInfoUrl="https://pmd.github.io/pmd/pmd_rules_java_documentation.html#uncommentedemptymethodbody" priority="3">
Document empty method body
</violation>
<violation beginline="80" endline="81" begincolumn="3" endcolumn="3" rule="JUnitTestsShouldIncludeAssert" ruleset="Best Practices" package="org.junit.jupiter.engine" class="InvalidLifecycleMethodConfigurationTests$TestCase" method="test" externalInfoUrl="https://pmd.github.io/pmd/pmd_rules_java_bestpractices.html#junittestsshouldincludeassert" priority="3">
JUnit tests should include assert() or fail()
</violation>
<violation beginline="88" endline="89" begincolumn="20" endcolumn="3" rule="UncommentedEmptyMethodBody" ruleset="Documentation" package="org.junit.jupiter.engine" class="InvalidLifecycleMethodConfigurationTests$TestCaseWithInvalidBeforeAllMethod" method="beforeAll" externalInfoUrl="https://pmd.github.io/pmd/pmd_rules_java_documentation.html#uncommentedemptymethodbody" priority="3">
Document empty method body
</violation>
<violation beginline="92" endline="93" begincolumn="15" endcolumn="3" rule="UncommentedEmptyMethodBody" ruleset="Documentation" package="org.junit.jupiter.engine" class="InvalidLifecycleMethodConfigurationTests$TestCaseWithInvalidBeforeAllMethod" method="test" externalInfoUrl="https://pmd.github.io/pmd/pmd_rules_java_documentation.html#uncommentedemptymethodbody" priority="3">
Document empty method body
</violation>
<violation beginline="92" endline="93" begincolumn="3" endcolumn="3" rule="JUnitTestsShouldIncludeAssert" ruleset="Best Practices" package="org.junit.jupiter.engine" class="InvalidLifecycleMethodConfigurationTests$TestCaseWithInvalidBeforeAllMethod" method="test" externalInfoUrl="https://pmd.github.io/pmd/pmd_rules_java_bestpractices.html#junittestsshouldincludeassert" priority="3">
JUnit tests should include assert() or fail()
</violation>
<violation beginline="100" endline="101" begincolumn="19" endcolumn="3" rule="UncommentedEmptyMethodBody" ruleset="Documentation" package="org.junit.jupiter.engine" class="InvalidLifecycleMethodConfigurationTests$TestCaseWithInvalidAfterAllMethod" method="afterAll" externalInfoUrl="https://pmd.github.io/pmd/pmd_rules_java_documentation.html#uncommentedemptymethodbody" priority="3">
Document empty method body
</violation>
<violation beginline="104" endline="105" begincolumn="15" endcolumn="3" rule="UncommentedEmptyMethodBody" ruleset="Documentation" package="org.junit.jupiter.engine" class="InvalidLifecycleMethodConfigurationTests$TestCaseWithInvalidAfterAllMethod" method="test" externalInfoUrl="https://pmd.github.io/pmd/pmd_rules_java_documentation.html#uncommentedemptymethodbody" priority="3">
Document empty method body
</violation>
<violation beginline="104" endline="105" begincolumn="3" endcolumn="3" rule="JUnitTestsShouldIncludeAssert" ruleset="Best Practices" package="org.junit.jupiter.engine" class="InvalidLifecycleMethodConfigurationTests$TestCaseWithInvalidAfterAllMethod" method="test" externalInfoUrl="https://pmd.github.io/pmd/pmd_rules_java_bestpractices.html#junittestsshouldincludeassert" priority="3">
JUnit tests should include assert() or fail()
</violation>
<violation beginline="112" endline="113" begincolumn="28" endcolumn="3" rule="UncommentedEmptyMethodBody" ruleset="Documentation" package="org.junit.jupiter.engine" class="InvalidLifecycleMethodConfigurationTests$TestCaseWithInvalidBeforeEachMethod" method="beforeEach" externalInfoUrl="https://pmd.github.io/pmd/pmd_rules_java_documentation.html#uncommentedemptymethodbody" priority="3">
Document empty method body
</violation>
<violation beginline="116" endline="117" begincolumn="15" endcolumn="3" rule="UncommentedEmptyMethodBody" ruleset="Documentation" package="org.junit.jupiter.engine" class="InvalidLifecycleMethodConfigurationTests$TestCaseWithInvalidBeforeEachMethod" method="test" externalInfoUrl="https://pmd.github.io/pmd/pmd_rules_java_documentation.html#uncommentedemptymethodbody" priority="3">
Document empty method body
</violation>
<violation beginline="116" endline="117" begincolumn="3" endcolumn="3" rule="JUnitTestsShouldIncludeAssert" ruleset="Best Practices" package="org.junit.jupiter.engine" class="InvalidLifecycleMethodConfigurationTests$TestCaseWithInvalidBeforeEachMethod" method="test" externalInfoUrl="https://pmd.github.io/pmd/pmd_rules_java_bestpractices.html#junittestsshouldincludeassert" priority="3">
JUnit tests should include assert() or fail()
</violation>
<violation beginline="124" endline="125" begincolumn="27" endcolumn="3" rule="UncommentedEmptyMethodBody" ruleset="Documentation" package="org.junit.jupiter.engine" class="InvalidLifecycleMethodConfigurationTests$TestCaseWithInvalidAfterEachMethod" method="afterEach" externalInfoUrl="https://pmd.github.io/pmd/pmd_rules_java_documentation.html#uncommentedemptymethodbody" priority="3">
Document empty method body
</violation>
<violation beginline="128" endline="129" begincolumn="15" endcolumn="3" rule="UncommentedEmptyMethodBody" ruleset="Documentation" package="org.junit.jupiter.engine" class="InvalidLifecycleMethodConfigurationTests$TestCaseWithInvalidAfterEachMethod" method="test" externalInfoUrl="https://pmd.github.io/pmd/pmd_rules_java_documentation.html#uncommentedemptymethodbody" priority="3">
Document empty method body
</violation>
<violation beginline="128" endline="129" begincolumn="3" endcolumn="3" rule="JUnitTestsShouldIncludeAssert" ruleset="Best Practices" package="org.junit.jupiter.engine" class="InvalidLifecycleMethodConfigurationTests$TestCaseWithInvalidAfterEachMethod" method="test" externalInfoUrl="https://pmd.github.io/pmd/pmd_rules_java_bestpractices.html#junittestsshouldincludeassert" priority="3">
JUnit tests should include assert() or fail()
</violation>
</file>
<file name="C:\Users\Sokaina\Downloads\Versiones-Junit5\junit5-r5.0.2\junit-jupiter-engine\src\test\java\org\junit\jupiter\engine\JupiterTestEngineBasicTests.java">
<violation beginline="28" endline="30" begincolumn="2" endcolumn="2" rule="ShortMethodName" ruleset="Code Style" package="org.junit.jupiter.engine" class="JupiterTestEngineBasicTests" method="id" externalInfoUrl="https://pmd.github.io/pmd/pmd_rules_java_codestyle.html#shortmethodname" priority="3">
Avoid using short method names
</violation>
<violation beginline="29" endline="29" begincolumn="3" endcolumn="14" rule="JUnitAssertionsShouldIncludeMessage" ruleset="Best Practices" package="org.junit.jupiter.engine" class="JupiterTestEngineBasicTests" method="id" externalInfoUrl="https://pmd.github.io/pmd/pmd_rules_java_bestpractices.html#junitassertionsshouldincludemessage" priority="3">
JUnit assertions should include a message
</violation>
<violation beginline="34" endline="34" begincolumn="3" endcolumn="14" rule="JUnitAssertionsShouldIncludeMessage" ruleset="Best Practices" package="org.junit.jupiter.engine" class="JupiterTestEngineBasicTests" method="groupId" externalInfoUrl="https://pmd.github.io/pmd/pmd_rules_java_bestpractices.html#junitassertionsshouldincludemessage" priority="3">
JUnit assertions should include a message
</violation>
<violation beginline="39" endline="39" begincolumn="3" endcolumn="14" rule="JUnitAssertionsShouldIncludeMessage" ruleset="Best Practices" package="org.junit.jupiter.engine" class="JupiterTestEngineBasicTests" method="artifactId" externalInfoUrl="https://pmd.github.io/pmd/pmd_rules_java_bestpractices.html#junitassertionsshouldincludemessage" priority="3">
JUnit assertions should include a message
</violation>
<violation beginline="44" endline="44" begincolumn="3" endcolumn="14" rule="JUnitAssertionsShouldIncludeMessage" ruleset="Best Practices" package="org.junit.jupiter.engine" class="JupiterTestEngineBasicTests" method="version" externalInfoUrl="https://pmd.github.io/pmd/pmd_rules_java_bestpractices.html#junitassertionsshouldincludemessage" priority="3">
JUnit assertions should include a message
</violation>
</file>
<file name="C:\Users\Sokaina\Downloads\Versiones-Junit5\junit5-r5.0.2\junit-jupiter-engine\src\test\java\org\junit\jupiter\engine\MultipleTestableAnnotationsTests.java">
<violation beginline="48" endline="48" begincolumn="2" endcolumn="90" rule="DefaultPackage" ruleset="Code Style" package="org.junit.jupiter.engine" class="MultipleTestableAnnotationsTests" externalInfoUrl="https://pmd.github.io/pmd/pmd_rules_java_codestyle.html#defaultpackage" priority="3">
Use explicit scoping instead of the default package private level
</violation>
<violation beginline="51" endline="61" begincolumn="2" endcolumn="2" rule="JUnitTestContainsTooManyAsserts" ruleset="Best Practices" package="org.junit.jupiter.engine" class="MultipleTestableAnnotationsTests" method="testAndRepeatedTest" externalInfoUrl="https://pmd.github.io/pmd/pmd_rules_java_bestpractices.html#junittestcontainstoomanyasserts" priority="3">
Unit tests should not contain more than 1 assert(s).
</violation>
<violation beginline="77" endline="77" begincolumn="3" endcolumn="14" rule="JUnitAssertionsShouldIncludeMessage" ruleset="Best Practices" package="org.junit.jupiter.engine" class="MultipleTestableAnnotationsTests" method="assertionsForJavaUtilLogging" externalInfoUrl="https://pmd.github.io/pmd/pmd_rules_java_bestpractices.html#junitassertionsshouldincludemessage" priority="3">
JUnit assertions should include a message
</violation>
<violation beginline="86" endline="87" begincolumn="59" endcolumn="3" rule="UncommentedEmptyMethodBody" ruleset="Documentation" package="org.junit.jupiter.engine" class="MultipleTestableAnnotationsTests$TestCase" method="testAndRepeatedTest" externalInfoUrl="https://pmd.github.io/pmd/pmd_rules_java_documentation.html#uncommentedemptymethodbody" priority="3">
Document empty method body
</violation>
<violation beginline="86" endline="87" begincolumn="3" endcolumn="3" rule="JUnitTestsShouldIncludeAssert" ruleset="Best Practices" package="org.junit.jupiter.engine" class="MultipleTestableAnnotationsTests$TestCase" method="testAndRepeatedTest" externalInfoUrl="https://pmd.github.io/pmd/pmd_rules_java_bestpractices.html#junittestsshouldincludeassert" priority="3">
JUnit tests should include assert() or fail()
</violation>
<violation beginline="105" endline="106" begincolumn="23" endcolumn="3" rule="UncommentedEmptyMethodBody" ruleset="Documentation" package="org.junit.jupiter.engine" class="MultipleTestableAnnotationsTests$RecordCollectingHandler" method="flush" externalInfoUrl="https://pmd.github.io/pmd/pmd_rules_java_documentation.html#uncommentedemptymethodbody" priority="3">
Document empty method body
</violation>
<violation beginline="109" endline="109" begincolumn="30" endcolumn="46" rule="AvoidUncheckedExceptionsInSignatures" ruleset="Design" package="org.junit.jupiter.engine" class="MultipleTestableAnnotationsTests$RecordCollectingHandler" method="close" externalInfoUrl="https://pmd.github.io/pmd/pmd_rules_java_design.html#avoiduncheckedexceptionsinsignatures" priority="3">
A method or constructor should not explicitly declare unchecked exceptions in its 'throws' clause
</violation>
<violation beginline="109" endline="110" begincolumn="48" endcolumn="3" rule="UncommentedEmptyMethodBody" ruleset="Documentation" package="org.junit.jupiter.engine" class="MultipleTestableAnnotationsTests$RecordCollectingHandler" method="close" externalInfoUrl="https://pmd.github.io/pmd/pmd_rules_java_documentation.html#uncommentedemptymethodbody" priority="3">
Document empty method body
</violation>
</file>
<file name="C:\Users\Sokaina\Downloads\Versiones-Junit5\junit5-r5.0.2\junit-jupiter-engine\src\test\java\org\junit\jupiter\engine\NestedTestClassesTests.java">
<violation beginline="43" endline="52" begincolumn="2" endcolumn="2" rule="JUnitTestContainsTooManyAsserts" ruleset="Best Practices" package="org.junit.jupiter.engine" class="NestedTestClassesTests" method="nestedTestsAreExecuted" externalInfoUrl="https://pmd.github.io/pmd/pmd_rules_java_bestpractices.html#junittestcontainstoomanyasserts" priority="3">
Unit tests should not contain more than 1 assert(s).
</violation>
<violation beginline="62" endline="82" begincolumn="2" endcolumn="2" rule="JUnitTestContainsTooManyAsserts" ruleset="Best Practices" package="org.junit.jupiter.engine" class="NestedTestClassesTests" method="doublyNestedTestsAreExecuted" externalInfoUrl="https://pmd.github.io/pmd/pmd_rules_java_bestpractices.html#junittestcontainstoomanyasserts" priority="3">
Unit tests should not contain more than 1 assert(s).
</violation>
<violation beginline="73" endline="73" begincolumn="10" endcolumn="21" rule="JUnitAssertionsShouldIncludeMessage" ruleset="Best Practices" package="org.junit.jupiter.engine" class="NestedTestClassesTests" method="doublyNestedTestsAreExecuted" externalInfoUrl="https://pmd.github.io/pmd/pmd_rules_java_bestpractices.html#junitassertionsshouldincludemessage" priority="3">
JUnit assertions should include a message
</violation>
<violation beginline="74" endline="74" begincolumn="10" endcolumn="21" rule="JUnitAssertionsShouldIncludeMessage" ruleset="Best Practices" package="org.junit.jupiter.engine" class="NestedTestClassesTests" method="doublyNestedTestsAreExecuted" externalInfoUrl="https://pmd.github.io/pmd/pmd_rules_java_bestpractices.html#junitassertionsshouldincludemessage" priority="3">
JUnit assertions should include a message
</violation>
<violation beginline="75" endline="75" begincolumn="10" endcolumn="21" rule="JUnitAssertionsShouldIncludeMessage" ruleset="Best Practices" package="org.junit.jupiter.engine" class="NestedTestClassesTests" method="doublyNestedTestsAreExecuted" externalInfoUrl="https://pmd.github.io/pmd/pmd_rules_java_bestpractices.html#junitassertionsshouldincludemessage" priority="3">
JUnit assertions should include a message
</violation>
<violation beginline="78" endline="78" begincolumn="10" endcolumn="21" rule="JUnitAssertionsShouldIncludeMessage" ruleset="Best Practices" package="org.junit.jupiter.engine" class="NestedTestClassesTests" method="doublyNestedTestsAreExecuted" externalInfoUrl="https://pmd.github.io/pmd/pmd_rules_java_bestpractices.html#junitassertionsshouldincludemessage" priority="3">
JUnit assertions should include a message
</violation>
<violation beginline="79" endline="79" begincolumn="10" endcolumn="21" rule="JUnitAssertionsShouldIncludeMessage" ruleset="Best Practices" package="org.junit.jupiter.engine" class="NestedTestClassesTests" method="doublyNestedTestsAreExecuted" externalInfoUrl="https://pmd.github.io/pmd/pmd_rules_java_bestpractices.html#junitassertionsshouldincludemessage" priority="3">
JUnit assertions should include a message
</violation>
<violation beginline="80" endline="80" begincolumn="10" endcolumn="21" rule="JUnitAssertionsShouldIncludeMessage" ruleset="Best Practices" package="org.junit.jupiter.engine" class="NestedTestClassesTests" method="doublyNestedTestsAreExecuted" externalInfoUrl="https://pmd.github.io/pmd/pmd_rules_java_bestpractices.html#junitassertionsshouldincludemessage" priority="3">
JUnit assertions should include a message
</violation>
<violation beginline="85" endline="94" begincolumn="2" endcolumn="2" rule="JUnitTestContainsTooManyAsserts" ruleset="Best Practices" package="org.junit.jupiter.engine" class="NestedTestClassesTests" method="inheritedNestedTestsAreExecuted" externalInfoUrl="https://pmd.github.io/pmd/pmd_rules_java_bestpractices.html#junittestcontainstoomanyasserts" priority="3">
Unit tests should not contain more than 1 assert(s).
</violation>
<violation beginline="101" endline="102" begincolumn="19" endcolumn="3" rule="UncommentedEmptyMethodBody" ruleset="Documentation" package="org.junit.jupiter.engine" class="NestedTestClassesTests$TestCaseWithNesting" method="someTest" externalInfoUrl="https://pmd.github.io/pmd/pmd_rules_java_documentation.html#uncommentedemptymethodbody" priority="3">
Document empty method body
</violation>
<violation beginline="101" endline="102" begincolumn="3" endcolumn="3" rule="JUnitTestsShouldIncludeAssert" ruleset="Best Practices" package="org.junit.jupiter.engine" class="NestedTestClassesTests$TestCaseWithNesting" method="someTest" externalInfoUrl="https://pmd.github.io/pmd/pmd_rules_java_bestpractices.html#junittestsshouldincludeassert" priority="3">
JUnit tests should include assert() or fail()
</violation>
<violation beginline="108" endline="109" begincolumn="22" endcolumn="4" rule="UncommentedEmptyMethodBody" ruleset="Documentation" package="org.junit.jupiter.engine" class="NestedTestClassesTests$TestCaseWithNesting$NestedTestCase" method="successful" externalInfoUrl="https://pmd.github.io/pmd/pmd_rules_java_documentation.html#uncommentedemptymethodbody" priority="3">
Document empty method body
</violation>
<violation beginline="108" endline="109" begincolumn="4" endcolumn="4" rule="JUnitTestsShouldIncludeAssert" ruleset="Best Practices" package="org.junit.jupiter.engine" class="NestedTestClassesTests$TestCaseWithNesting$NestedTestCase" method="successful" externalInfoUrl="https://pmd.github.io/pmd/pmd_rules_java_bestpractices.html#junittestsshouldincludeassert" priority="3">
JUnit tests should include assert() or fail()
</violation>
<violation beginline="112" endline="114" begincolumn="4" endcolumn="4" rule="JUnitTestsShouldIncludeAssert" ruleset="Best Practices" package="org.junit.jupiter.engine" class="NestedTestClassesTests$TestCaseWithNesting$NestedTestCase" method="failing" externalInfoUrl="https://pmd.github.io/pmd/pmd_rules_java_bestpractices.html#junittestsshouldincludeassert" priority="3">
JUnit tests should include assert() or fail()
</violation>
<violation beginline="120" endline="120" begincolumn="14" endcolumn="31" rule="RedundantFieldInitializer" ruleset="Performance" package="org.junit.jupiter.engine" class="NestedTestClassesTests$TestCaseWithDoubleNesting" variable="beforeTopCount" externalInfoUrl="https://pmd.github.io/pmd/pmd_rules_java_performance.html#redundantfieldinitializer" priority="3">
Avoid using redundant field initializer for 'beforeTopCount'
</violation>
<violation beginline="120" endline="120" begincolumn="3" endcolumn="32" rule="DefaultPackage" ruleset="Code Style" package="org.junit.jupiter.engine" class="NestedTestClassesTests$TestCaseWithDoubleNesting" externalInfoUrl="https://pmd.github.io/pmd/pmd_rules_java_codestyle.html#defaultpackage" priority="3">
Use explicit scoping instead of the default package private level
</violation>
<violation beginline="121" endline="121" begincolumn="14" endcolumn="34" rule="RedundantFieldInitializer" ruleset="Performance" package="org.junit.jupiter.engine" class="NestedTestClassesTests$TestCaseWithDoubleNesting" variable="beforeNestedCount" externalInfoUrl="https://pmd.github.io/pmd/pmd_rules_java_performance.html#redundantfieldinitializer" priority="3">
Avoid using redundant field initializer for 'beforeNestedCount'
</violation>
<violation beginline="121" endline="121" begincolumn="3" endcolumn="35" rule="DefaultPackage" ruleset="Code Style" package="org.junit.jupiter.engine" class="NestedTestClassesTests$TestCaseWithDoubleNesting" externalInfoUrl="https://pmd.github.io/pmd/pmd_rules_java_codestyle.html#defaultpackage" priority="3">
Use explicit scoping instead of the default package private level
</violation>
<violation beginline="122" endline="122" begincolumn="14" endcolumn="40" rule="RedundantFieldInitializer" ruleset="Performance" package="org.junit.jupiter.engine" class="NestedTestClassesTests$TestCaseWithDoubleNesting" variable="beforeDoublyNestedCount" externalInfoUrl="https://pmd.github.io/pmd/pmd_rules_java_performance.html#redundantfieldinitializer" priority="3">
Avoid using redundant field initializer for 'beforeDoublyNestedCount'
</violation>
<violation beginline="122" endline="122" begincolumn="3" endcolumn="41" rule="DefaultPackage" ruleset="Code Style" package="org.junit.jupiter.engine" class="NestedTestClassesTests$TestCaseWithDoubleNesting" externalInfoUrl="https://pmd.github.io/pmd/pmd_rules_java_codestyle.html#defaultpackage" priority="3">
Use explicit scoping instead of the default package private level
</violation>
<violation beginline="124" endline="124" begincolumn="14" endcolumn="30" rule="RedundantFieldInitializer" ruleset="Performance" package="org.junit.jupiter.engine" class="NestedTestClassesTests$TestCaseWithDoubleNesting" variable="afterTopCount" externalInfoUrl="https://pmd.github.io/pmd/pmd_rules_java_performance.html#redundantfieldinitializer" priority="3">
Avoid using redundant field initializer for 'afterTopCount'
</violation>
<violation beginline="124" endline="124" begincolumn="3" endcolumn="31" rule="DefaultPackage" ruleset="Code Style" package="org.junit.jupiter.engine" class="NestedTestClassesTests$TestCaseWithDoubleNesting" externalInfoUrl="https://pmd.github.io/pmd/pmd_rules_java_codestyle.html#defaultpackage" priority="3">
Use explicit scoping instead of the default package private level
</violation>
<violation beginline="125" endline="125" begincolumn="14" endcolumn="33" rule="RedundantFieldInitializer" ruleset="Performance" package="org.junit.jupiter.engine" class="NestedTestClassesTests$TestCaseWithDoubleNesting" variable="afterNestedCount" externalInfoUrl="https://pmd.github.io/pmd/pmd_rules_java_performance.html#redundantfieldinitializer" priority="3">
Avoid using redundant field initializer for 'afterNestedCount'
</violation>
<violation beginline="125" endline="125" begincolumn="3" endcolumn="34" rule="DefaultPackage" ruleset="Code Style" package="org.junit.jupiter.engine" class="NestedTestClassesTests$TestCaseWithDoubleNesting" externalInfoUrl="https://pmd.github.io/pmd/pmd_rules_java_codestyle.html#defaultpackage" priority="3">
Use explicit scoping instead of the default package private level
</violation>
<violation beginline="126" endline="126" begincolumn="14" endcolumn="39" rule="RedundantFieldInitializer" ruleset="Performance" package="org.junit.jupiter.engine" class="NestedTestClassesTests$TestCaseWithDoubleNesting" variable="afterDoublyNestedCount" externalInfoUrl="https://pmd.github.io/pmd/pmd_rules_java_performance.html#redundantfieldinitializer" priority="3">
Avoid using redundant field initializer for 'afterDoublyNestedCount'
</violation>
<violation beginline="126" endline="126" begincolumn="3" endcolumn="40" rule="DefaultPackage" ruleset="Code Style" package="org.junit.jupiter.engine" class="NestedTestClassesTests$TestCaseWithDoubleNesting" externalInfoUrl="https://pmd.github.io/pmd/pmd_rules_java_codestyle.html#defaultpackage" priority="3">
Use explicit scoping instead of the default package private level
</violation>
<violation beginline="139" endline="140" begincolumn="19" endcolumn="3" rule="UncommentedEmptyMethodBody" ruleset="Documentation" package="org.junit.jupiter.engine" class="NestedTestClassesTests$TestCaseWithDoubleNesting" method="someTest" externalInfoUrl="https://pmd.github.io/pmd/pmd_rules_java_documentation.html#uncommentedemptymethodbody" priority="3">
Document empty method body
</violation>
<violation beginline="139" endline="140" begincolumn="3" endcolumn="3" rule="JUnitTestsShouldIncludeAssert" ruleset="Best Practices" package="org.junit.jupiter.engine" class="NestedTestClassesTests$TestCaseWithDoubleNesting" method="someTest" externalInfoUrl="https://pmd.github.io/pmd/pmd_rules_java_bestpractices.html#junittestsshouldincludeassert" priority="3">
JUnit tests should include assert() or fail()
</violation>
<violation beginline="156" endline="157" begincolumn="22" endcolumn="4" rule="UncommentedEmptyMethodBody" ruleset="Documentation" package="org.junit.jupiter.engine" class="NestedTestClassesTests$TestCaseWithDoubleNesting$NestedTestCase" method="successful" externalInfoUrl="https://pmd.github.io/pmd/pmd_rules_java_documentation.html#uncommentedemptymethodbody" priority="3">
Document empty method body
</violation>
<violation beginline="156" endline="157" begincolumn="4" endcolumn="4" rule="JUnitTestsShouldIncludeAssert" ruleset="Best Practices" package="org.junit.jupiter.engine" class="NestedTestClassesTests$TestCaseWithDoubleNesting$NestedTestCase" method="successful" externalInfoUrl="https://pmd.github.io/pmd/pmd_rules_java_bestpractices.html#junittestsshouldincludeassert" priority="3">
JUnit tests should include assert() or fail()
</violation>
<violation beginline="160" endline="162" begincolumn="4" endcolumn="4" rule="JUnitTestsShouldIncludeAssert" ruleset="Best Practices" package="org.junit.jupiter.engine" class="NestedTestClassesTests$TestCaseWithDoubleNesting$NestedTestCase" method="failing" externalInfoUrl="https://pmd.github.io/pmd/pmd_rules_java_bestpractices.html#junittestsshouldincludeassert" priority="3">
JUnit tests should include assert() or fail()
</violation>
<violation beginline="178" endline="179" begincolumn="23" endcolumn="5" rule="UncommentedEmptyMethodBody" ruleset="Documentation" package="org.junit.jupiter.engine" class="NestedTestClassesTests$TestCaseWithDoubleNesting$NestedTestCase$DoublyNestedTestCase" method="successful" externalInfoUrl="https://pmd.github.io/pmd/pmd_rules_java_documentation.html#uncommentedemptymethodbody" priority="3">
Document empty method body
</violation>
<violation beginline="178" endline="179" begincolumn="5" endcolumn="5" rule="JUnitTestsShouldIncludeAssert" ruleset="Best Practices" package="org.junit.jupiter.engine" class="NestedTestClassesTests$TestCaseWithDoubleNesting$NestedTestCase$DoublyNestedTestCase" method="successful" externalInfoUrl="https://pmd.github.io/pmd/pmd_rules_java_bestpractices.html#junittestsshouldincludeassert" priority="3">
JUnit tests should include assert() or fail()
</violation>
<violation beginline="182" endline="184" begincolumn="5" endcolumn="5" rule="JUnitTestsShouldIncludeAssert" ruleset="Best Practices" package="org.junit.jupiter.engine" class="NestedTestClassesTests$TestCaseWithDoubleNesting$NestedTestCase$DoublyNestedTestCase" method="failing" externalInfoUrl="https://pmd.github.io/pmd/pmd_rules_java_bestpractices.html#junittestsshouldincludeassert" priority="3">
JUnit tests should include assert() or fail()
</violation>
<violation beginline="202" endline="216" begincolumn="18" endcolumn="2" rule="AbstractClassWithoutAnyMethod" ruleset="Design" package="org.junit.jupiter.engine" class="NestedTestClassesTests$AbstractSuperClass" externalInfoUrl="https://pmd.github.io/pmd/pmd_rules_java_design.html#abstractclasswithoutanymethod" priority="1">
No abstract method which means that the keyword is most likely used to prevent instantiation. Use a private or protected constructor instead.
</violation>
<violation beginline="208" endline="209" begincolumn="22" endcolumn="4" rule="UncommentedEmptyMethodBody" ruleset="Documentation" package="org.junit.jupiter.engine" class="NestedTestClassesTests$AbstractSuperClass$NestedInAbstractClass" method="successful" externalInfoUrl="https://pmd.github.io/pmd/pmd_rules_java_documentation.html#uncommentedemptymethodbody" priority="3">
Document empty method body
</violation>
<violation beginline="208" endline="209" begincolumn="4" endcolumn="4" rule="JUnitTestsShouldIncludeAssert" ruleset="Best Practices" package="org.junit.jupiter.engine" class="NestedTestClassesTests$AbstractSuperClass$NestedInAbstractClass" method="successful" externalInfoUrl="https://pmd.github.io/pmd/pmd_rules_java_bestpractices.html#junittestsshouldincludeassert" priority="3">
JUnit tests should include assert() or fail()
</violation>
<violation beginline="212" endline="214" begincolumn="4" endcolumn="4" rule="JUnitTestsShouldIncludeAssert" ruleset="Best Practices" package="org.junit.jupiter.engine" class="NestedTestClassesTests$AbstractSuperClass$NestedInAbstractClass" method="failing" externalInfoUrl="https://pmd.github.io/pmd/pmd_rules_java_bestpractices.html#junittestsshouldincludeassert" priority="3">
JUnit tests should include assert() or fail()
</violation>
</file>
<file name="C:\Users\Sokaina\Downloads\Versiones-Junit5\junit5-r5.0.2\junit-jupiter-engine\src\test\java\org\junit\jupiter\engine\NonVoidTestableMethodIntegrationTests.java">
<violation beginline="21" endline="22" begincolumn="15" endcolumn="2" rule="UncommentedEmptyMethodBody" ruleset="Documentation" package="org.junit.jupiter.engine" class="NonVoidTestableMethodIntegrationTests" method="valid" externalInfoUrl="https://pmd.github.io/pmd/pmd_rules_java_documentation.html#uncommentedemptymethodbody" priority="3">
Document empty method body
</violation>
<violation beginline="21" endline="22" begincolumn="2" endcolumn="2" rule="JUnitTestsShouldIncludeAssert" ruleset="Best Practices" package="org.junit.jupiter.engine" class="NonVoidTestableMethodIntegrationTests" method="valid" externalInfoUrl="https://pmd.github.io/pmd/pmd_rules_java_bestpractices.html#junittestsshouldincludeassert" priority="3">
JUnit tests should include assert() or fail()
</violation>
</file>
<file name="C:\Users\Sokaina\Downloads\Versiones-Junit5\junit5-r5.0.2\junit-jupiter-engine\src\test\java\org\junit\jupiter\engine\OverloadedTestMethodTests.java">
<violation beginline="11" endline="101" begincolumn="1" endcolumn="2" rule="TooManyStaticImports" ruleset="Code Style" package="org.junit.jupiter.engine" class="OverloadedTestMethodTests" externalInfoUrl="https://pmd.github.io/pmd/pmd_rules_java_codestyle.html#toomanystaticimports" priority="3">
Too many static imports may lead to messy code
</violation>
<violation beginline="39" endline="69" begincolumn="2" endcolumn="2" rule="JUnitTestContainsTooManyAsserts" ruleset="Best Practices" package="org.junit.jupiter.engine" class="OverloadedTestMethodTests" method="executeTestCaseWithOverloadedMethodsAndThenRerunOnlyOneOfTheMethodsSelectedByUniqueId" externalInfoUrl="https://pmd.github.io/pmd/pmd_rules_java_bestpractices.html#junittestcontainstoomanyasserts" priority="3">
Unit tests should not contain more than 1 assert(s).
</violation>
<violation beginline="52" endline="52" begincolumn="3" endcolumn="12" rule="JUnitAssertionsShouldIncludeMessage" ruleset="Best Practices" package="org.junit.jupiter.engine" class="OverloadedTestMethodTests" method="executeTestCaseWithOverloadedMethodsAndThenRerunOnlyOneOfTheMethodsSelectedByUniqueId" externalInfoUrl="https://pmd.github.io/pmd/pmd_rules_java_bestpractices.html#junitassertionsshouldincludemessage" priority="3">
JUnit assertions should include a message
</violation>
<violation beginline="68" endline="68" begincolumn="3" endcolumn="12" rule="JUnitAssertionsShouldIncludeMessage" ruleset="Best Practices" package="org.junit.jupiter.engine" class="OverloadedTestMethodTests" method="executeTestCaseWithOverloadedMethodsAndThenRerunOnlyOneOfTheMethodsSelectedByUniqueId" externalInfoUrl="https://pmd.github.io/pmd/pmd_rules_java_bestpractices.html#junitassertionsshouldincludemessage" priority="3">
JUnit assertions should include a message
</violation>
<violation beginline="72" endline="87" begincolumn="2" endcolumn="2" rule="JUnitTestContainsTooManyAsserts" ruleset="Best Practices" package="org.junit.jupiter.engine" class="OverloadedTestMethodTests" method="executeTestCaseWithOverloadedMethodsWithSingleMethodThatAcceptsArgumentsSelectedByFullyQualifedMethodName" externalInfoUrl="https://pmd.github.io/pmd/pmd_rules_java_bestpractices.html#junittestcontainstoomanyasserts" priority="3">
Unit tests should not contain more than 1 assert(s).
</violation>
<violation beginline="86" endline="86" begincolumn="3" endcolumn="12" rule="JUnitAssertionsShouldIncludeMessage" ruleset="Best Practices" package="org.junit.jupiter.engine" class="OverloadedTestMethodTests" method="executeTestCaseWithOverloadedMethodsWithSingleMethodThatAcceptsArgumentsSelectedByFullyQualifedMethodName" externalInfoUrl="https://pmd.github.io/pmd/pmd_rules_java_bestpractices.html#junitassertionsshouldincludemessage" priority="3">
JUnit assertions should include a message
</violation>
<violation beginline="92" endline="93" begincolumn="15" endcolumn="3" rule="UncommentedEmptyMethodBody" ruleset="Documentation" package="org.junit.jupiter.engine" class="OverloadedTestMethodTests$TestCase" method="test" externalInfoUrl="https://pmd.github.io/pmd/pmd_rules_java_documentation.html#uncommentedemptymethodbody" priority="3">
Document empty method body
</violation>
<violation beginline="92" endline="93" begincolumn="3" endcolumn="3" rule="JUnitTestsShouldIncludeAssert" ruleset="Best Practices" package="org.junit.jupiter.engine" class="OverloadedTestMethodTests$TestCase" method="test" externalInfoUrl="https://pmd.github.io/pmd/pmd_rules_java_bestpractices.html#junittestsshouldincludeassert" priority="3">
JUnit tests should include assert() or fail()
</violation>
<violation beginline="96" endline="97" begincolumn="32" endcolumn="3" rule="UncommentedEmptyMethodBody" ruleset="Documentation" package="org.junit.jupiter.engine" class="OverloadedTestMethodTests$TestCase" method="test" externalInfoUrl="https://pmd.github.io/pmd/pmd_rules_java_documentation.html#uncommentedemptymethodbody" priority="3">
Document empty method body
</violation>
<violation beginline="96" endline="97" begincolumn="3" endcolumn="3" rule="JUnitTestsShouldIncludeAssert" ruleset="Best Practices" package="org.junit.jupiter.engine" class="OverloadedTestMethodTests$TestCase" method="test" externalInfoUrl="https://pmd.github.io/pmd/pmd_rules_java_bestpractices.html#junittestsshouldincludeassert" priority="3">
JUnit tests should include assert() or fail()
</violation>
</file>
<file name="C:\Users\Sokaina\Downloads\Versiones-Junit5\junit5-r5.0.2\junit-jupiter-engine\src\test\java\org\junit\jupiter\engine\ReportingTests.java">
<violation beginline="34" endline="44" begincolumn="2" endcolumn="2" rule="JUnitTestContainsTooManyAsserts" ruleset="Best Practices" package="org.junit.jupiter.engine" class="ReportingTests" method="threeReportEntriesArePublished" externalInfoUrl="https://pmd.github.io/pmd/pmd_rules_java_bestpractices.html#junittestcontainstoomanyasserts" priority="3">
Unit tests should not contain more than 1 assert(s).
</violation>
<violation beginline="59" endline="62" begincolumn="3" endcolumn="3" rule="JUnitTestsShouldIncludeAssert" ruleset="Best Practices" package="org.junit.jupiter.engine" class="ReportingTests$MyReportingTestCase" method="succeedingTest" externalInfoUrl="https://pmd.github.io/pmd/pmd_rules_java_bestpractices.html#junittestsshouldincludeassert" priority="3">
JUnit tests should include assert() or fail()
</violation>
</file>
<file name="C:\Users\Sokaina\Downloads\Versiones-Junit5\junit5-r5.0.2\junit-jupiter-engine\src\test\java\org\junit\jupiter\engine\StandardTestClassTests.java">
<violation beginline="11" endline="242" begincolumn="1" endcolumn="2" rule="TooManyStaticImports" ruleset="Code Style" package="org.junit.jupiter.engine" class="StandardTestClassTests" externalInfoUrl="https://pmd.github.io/pmd/pmd_rules_java_codestyle.html#toomanystaticimports" priority="3">
Too many static imports may lead to messy code
</violation>
<violation beginline="56" endline="68" begincolumn="2" endcolumn="2" rule="JUnitTestContainsTooManyAsserts" ruleset="Best Practices" package="org.junit.jupiter.engine" class="StandardTestClassTests" method="moreThanOneTestClassIsExecuted" externalInfoUrl="https://pmd.github.io/pmd/pmd_rules_java_bestpractices.html#junittestcontainstoomanyasserts" priority="3">
Unit tests should not contain more than 1 assert(s).
</violation>
<violation beginline="62" endline="62" begincolumn="56" endcolumn="72" rule="AvoidDuplicateLiterals" ruleset="Error Prone" package="org.junit.jupiter.engine" class="StandardTestClassTests" method="moreThanOneTestClassIsExecuted" externalInfoUrl="https://pmd.github.io/pmd/pmd_rules_java_errorprone.html#avoidduplicateliterals" priority="3">
The String literal "# tests started" appears 5 times in this file; the first occurrence is on line 62
</violation>
<violation beginline="63" endline="63" begincolumn="59" endcolumn="77" rule="AvoidDuplicateLiterals" ruleset="Error Prone" package="org.junit.jupiter.engine" class="StandardTestClassTests" method="moreThanOneTestClassIsExecuted" externalInfoUrl="https://pmd.github.io/pmd/pmd_rules_java_errorprone.html#avoidduplicateliterals" priority="3">
The String literal "# tests succeeded" appears 4 times in this file; the first occurrence is on line 63
</violation>
<violation beginline="64" endline="64" begincolumn="55" endcolumn="70" rule="AvoidDuplicateLiterals" ruleset="Error Prone" package="org.junit.jupiter.engine" class="StandardTestClassTests" method="moreThanOneTestClassIsExecuted" externalInfoUrl="https://pmd.github.io/pmd/pmd_rules_java_errorprone.html#avoidduplicateliterals" priority="3">
The String literal "# tests failed" appears 4 times in this file; the first occurrence is on line 64
</violation>
<violation beginline="66" endline="66" begincolumn="61" endcolumn="82" rule="AvoidDuplicateLiterals" ruleset="Error Prone" package="org.junit.jupiter.engine" class="StandardTestClassTests" method="moreThanOneTestClassIsExecuted" externalInfoUrl="https://pmd.github.io/pmd/pmd_rules_java_errorprone.html#avoidduplicateliterals" priority="3">
The String literal "# containers started" appears 5 times in this file; the first occurrence is on line 66
</violation>
<violation beginline="67" endline="67" begincolumn="62" endcolumn="84" rule="AvoidDuplicateLiterals" ruleset="Error Prone" package="org.junit.jupiter.engine" class="StandardTestClassTests" method="moreThanOneTestClassIsExecuted" externalInfoUrl="https://pmd.github.io/pmd/pmd_rules_java_errorprone.html#avoidduplicateliterals" priority="3">
The String literal "# containers finished" appears 5 times in this file; the first occurrence is on line 67
</violation>
<violation beginline="71" endline="84" begincolumn="2" endcolumn="2" rule="JUnitTestContainsTooManyAsserts" ruleset="Best Practices" package="org.junit.jupiter.engine" class="StandardTestClassTests" method="allTestsInClassAreRunWithBeforeEach" externalInfoUrl="https://pmd.github.io/pmd/pmd_rules_java_bestpractices.html#junittestcontainstoomanyasserts" priority="3">
Unit tests should not contain more than 1 assert(s).
</violation>
<violation beginline="87" endline="95" begincolumn="2" endcolumn="2" rule="JUnitTestContainsTooManyAsserts" ruleset="Best Practices" package="org.junit.jupiter.engine" class="StandardTestClassTests" method="allTestsInClassAreRunWithAfterEach" externalInfoUrl="https://pmd.github.io/pmd/pmd_rules_java_bestpractices.html#junittestcontainstoomanyasserts" priority="3">
Unit tests should not contain more than 1 assert(s).
</violation>
<violation beginline="98" endline="109" begincolumn="2" endcolumn="2" rule="JUnitTestContainsTooManyAsserts" ruleset="Best Practices" package="org.junit.jupiter.engine" class="StandardTestClassTests" method="testsFailWhenBeforeEachFails" externalInfoUrl="https://pmd.github.io/pmd/pmd_rules_java_bestpractices.html#junittestcontainstoomanyasserts" priority="3">
Unit tests should not contain more than 1 assert(s).
</violation>
<violation beginline="112" endline="123" begincolumn="2" endcolumn="2" rule="JUnitTestContainsTooManyAsserts" ruleset="Best Practices" package="org.junit.jupiter.engine" class="StandardTestClassTests" method="testsFailWhenAfterEachFails" externalInfoUrl="https://pmd.github.io/pmd/pmd_rules_java_bestpractices.html#junittestcontainstoomanyasserts" priority="3">
Unit tests should not contain more than 1 assert(s).
</violation>
<violation beginline="127" endline="127" begincolumn="14" endcolumn="29" rule="RedundantFieldInitializer" ruleset="Performance" package="org.junit.jupiter.engine" class="StandardTestClassTests$MyStandardTestCase" variable="countBefore1" externalInfoUrl="https://pmd.github.io/pmd/pmd_rules_java_performance.html#redundantfieldinitializer" priority="3">
Avoid using redundant field initializer for 'countBefore1'
</violation>
<violation beginline="127" endline="127" begincolumn="3" endcolumn="30" rule="DefaultPackage" ruleset="Code Style" package="org.junit.jupiter.engine" class="StandardTestClassTests$MyStandardTestCase" externalInfoUrl="https://pmd.github.io/pmd/pmd_rules_java_codestyle.html#defaultpackage" priority="3">
Use explicit scoping instead of the default package private level
</violation>
<violation beginline="128" endline="128" begincolumn="14" endcolumn="29" rule="RedundantFieldInitializer" ruleset="Performance" package="org.junit.jupiter.engine" class="StandardTestClassTests$MyStandardTestCase" variable="countBefore2" externalInfoUrl="https://pmd.github.io/pmd/pmd_rules_java_performance.html#redundantfieldinitializer" priority="3">
Avoid using redundant field initializer for 'countBefore2'
</violation>
<violation beginline="128" endline="128" begincolumn="3" endcolumn="30" rule="DefaultPackage" ruleset="Code Style" package="org.junit.jupiter.engine" class="StandardTestClassTests$MyStandardTestCase" externalInfoUrl="https://pmd.github.io/pmd/pmd_rules_java_codestyle.html#defaultpackage" priority="3">
Use explicit scoping instead of the default package private level
</violation>
<violation beginline="129" endline="129" begincolumn="14" endcolumn="27" rule="RedundantFieldInitializer" ruleset="Performance" package="org.junit.jupiter.engine" class="StandardTestClassTests$MyStandardTestCase" variable="countAfter" externalInfoUrl="https://pmd.github.io/pmd/pmd_rules_java_performance.html#redundantfieldinitializer" priority="3">
Avoid using redundant field initializer for 'countAfter'
</violation>
<violation beginline="129" endline="129" begincolumn="3" endcolumn="28" rule="DefaultPackage" ruleset="Code Style" package="org.junit.jupiter.engine" class="StandardTestClassTests$MyStandardTestCase" externalInfoUrl="https://pmd.github.io/pmd/pmd_rules_java_codestyle.html#defaultpackage" priority="3">
Use explicit scoping instead of the default package private level
</violation>
<violation beginline="148" endline="148" begincolumn="4" endcolumn="13" rule="JUnitAssertionsShouldIncludeMessage" ruleset="Best Practices" package="org.junit.jupiter.engine" class="StandardTestClassTests$MyStandardTestCase" method="succeedingTest1" externalInfoUrl="https://pmd.github.io/pmd/pmd_rules_java_bestpractices.html#junitassertionsshouldincludemessage" priority="3">
JUnit assertions should include a message
</violation>
<violation beginline="148" endline="148" begincolumn="4" endcolumn="19" rule="UnnecessaryBooleanAssertion" ruleset="Error Prone" package="org.junit.jupiter.engine" class="StandardTestClassTests$MyStandardTestCase" method="succeedingTest1" externalInfoUrl="https://pmd.github.io/pmd/pmd_rules_java_errorprone.html#unnecessarybooleanassertion" priority="3">
assertTrue(true) or similar statements are unnecessary
</violation>
<violation beginline="148" endline="148" begincolumn="4" endcolumn="19" rule="UnnecessaryBooleanAssertion" ruleset="Error Prone" package="org.junit.jupiter.engine" class="StandardTestClassTests$MyStandardTestCase" method="succeedingTest1" externalInfoUrl="https://pmd.github.io/pmd/pmd_rules_java_errorprone.html#unnecessarybooleanassertion" priority="3">
assertTrue(true) or similar statements are unnecessary
</violation>
<violation beginline="153" endline="153" begincolumn="4" endcolumn="13" rule="JUnitAssertionsShouldIncludeMessage" ruleset="Best Practices" package="org.junit.jupiter.engine" class="StandardTestClassTests$MyStandardTestCase" method="succeedingTest2" externalInfoUrl="https://pmd.github.io/pmd/pmd_rules_java_bestpractices.html#junitassertionsshouldincludemessage" priority="3">
JUnit assertions should include a message
</violation>
<violation beginline="153" endline="153" begincolumn="4" endcolumn="19" rule="UnnecessaryBooleanAssertion" ruleset="Error Prone" package="org.junit.jupiter.engine" class="StandardTestClassTests$MyStandardTestCase" method="succeedingTest2" externalInfoUrl="https://pmd.github.io/pmd/pmd_rules_java_errorprone.html#unnecessarybooleanassertion" priority="3">
assertTrue(true) or similar statements are unnecessary
</violation>
<violation beginline="153" endline="153" begincolumn="4" endcolumn="19" rule="UnnecessaryBooleanAssertion" ruleset="Error Prone" package="org.junit.jupiter.engine" class="StandardTestClassTests$MyStandardTestCase" method="succeedingTest2" externalInfoUrl="https://pmd.github.io/pmd/pmd_rules_java_errorprone.html#unnecessarybooleanassertion" priority="3">
assertTrue(true) or similar statements are unnecessary
</violation>
<violation beginline="162" endline="164" begincolumn="3" endcolumn="3" rule="JUnitTestsShouldIncludeAssert" ruleset="Best Practices" package="org.junit.jupiter.engine" class="StandardTestClassTests$MyStandardTestCase" method="abortedTest" externalInfoUrl="https://pmd.github.io/pmd/pmd_rules_java_bestpractices.html#junittestsshouldincludeassert" priority="3">
JUnit tests should include assert() or fail()
</violation>
<violation beginline="172" endline="172" begincolumn="4" endcolumn="13" rule="JUnitAssertionsShouldIncludeMessage" ruleset="Best Practices" package="org.junit.jupiter.engine" class="StandardTestClassTests$FirstOfTwoTestCases" method="succeedingTest1" externalInfoUrl="https://pmd.github.io/pmd/pmd_rules_java_bestpractices.html#junitassertionsshouldincludemessage" priority="3">
JUnit assertions should include a message
</violation>
<violation beginline="172" endline="172" begincolumn="4" endcolumn="19" rule="UnnecessaryBooleanAssertion" ruleset="Error Prone" package="org.junit.jupiter.engine" class="StandardTestClassTests$FirstOfTwoTestCases" method="succeedingTest1" externalInfoUrl="https://pmd.github.io/pmd/pmd_rules_java_errorprone.html#unnecessarybooleanassertion" priority="3">
assertTrue(true) or similar statements are unnecessary
</violation>
<violation beginline="172" endline="172" begincolumn="4" endcolumn="19" rule="UnnecessaryBooleanAssertion" ruleset="Error Prone" package="org.junit.jupiter.engine" class="StandardTestClassTests$FirstOfTwoTestCases" method="succeedingTest1" externalInfoUrl="https://pmd.github.io/pmd/pmd_rules_java_errorprone.html#unnecessarybooleanassertion" priority="3">
assertTrue(true) or similar statements are unnecessary
</violation>
<violation beginline="177" endline="177" begincolumn="4" endcolumn="13" rule="JUnitAssertionsShouldIncludeMessage" ruleset="Best Practices" package="org.junit.jupiter.engine" class="StandardTestClassTests$FirstOfTwoTestCases" method="succeedingTest2" externalInfoUrl="https://pmd.github.io/pmd/pmd_rules_java_bestpractices.html#junitassertionsshouldincludemessage" priority="3">
JUnit assertions should include a message
</violation>
<violation beginline="177" endline="177" begincolumn="4" endcolumn="19" rule="UnnecessaryBooleanAssertion" ruleset="Error Prone" package="org.junit.jupiter.engine" class="StandardTestClassTests$FirstOfTwoTestCases" method="succeedingTest2" externalInfoUrl="https://pmd.github.io/pmd/pmd_rules_java_errorprone.html#unnecessarybooleanassertion" priority="3">
assertTrue(true) or similar statements are unnecessary
</violation>
<violation beginline="177" endline="177" begincolumn="4" endcolumn="19" rule="UnnecessaryBooleanAssertion" ruleset="Error Prone" package="org.junit.jupiter.engine" class="StandardTestClassTests$FirstOfTwoTestCases" method="succeedingTest2" externalInfoUrl="https://pmd.github.io/pmd/pmd_rules_java_errorprone.html#unnecessarybooleanassertion" priority="3">
assertTrue(true) or similar statements are unnecessary
</violation>
<violation beginline="191" endline="191" begincolumn="4" endcolumn="13" rule="JUnitAssertionsShouldIncludeMessage" ruleset="Best Practices" package="org.junit.jupiter.engine" class="StandardTestClassTests$SecondOfTwoTestCases" method="succeedingTest1" externalInfoUrl="https://pmd.github.io/pmd/pmd_rules_java_bestpractices.html#junitassertionsshouldincludemessage" priority="3">
JUnit assertions should include a message
</violation>
<violation beginline="191" endline="191" begincolumn="4" endcolumn="19" rule="UnnecessaryBooleanAssertion" ruleset="Error Prone" package="org.junit.jupiter.engine" class="StandardTestClassTests$SecondOfTwoTestCases" method="succeedingTest1" externalInfoUrl="https://pmd.github.io/pmd/pmd_rules_java_errorprone.html#unnecessarybooleanassertion" priority="3">
assertTrue(true) or similar statements are unnecessary
</violation>
<violation beginline="191" endline="191" begincolumn="4" endcolumn="19" rule="UnnecessaryBooleanAssertion" ruleset="Error Prone" package="org.junit.jupiter.engine" class="StandardTestClassTests$SecondOfTwoTestCases" method="succeedingTest1" externalInfoUrl="https://pmd.github.io/pmd/pmd_rules_java_errorprone.html#unnecessarybooleanassertion" priority="3">
assertTrue(true) or similar statements are unnecessary
</violation>
<violation beginline="196" endline="196" begincolumn="4" endcolumn="13" rule="JUnitAssertionsShouldIncludeMessage" ruleset="Best Practices" package="org.junit.jupiter.engine" class="StandardTestClassTests$SecondOfTwoTestCases" method="succeedingTest2" externalInfoUrl="https://pmd.github.io/pmd/pmd_rules_java_bestpractices.html#junitassertionsshouldincludemessage" priority="3">
JUnit assertions should include a message
</violation>
<violation beginline="196" endline="196" begincolumn="4" endcolumn="19" rule="UnnecessaryBooleanAssertion" ruleset="Error Prone" package="org.junit.jupiter.engine" class="StandardTestClassTests$SecondOfTwoTestCases" method="succeedingTest2" externalInfoUrl="https://pmd.github.io/pmd/pmd_rules_java_errorprone.html#unnecessarybooleanassertion" priority="3">
assertTrue(true) or similar statements are unnecessary
</violation>
<violation beginline="196" endline="196" begincolumn="4" endcolumn="19" rule="UnnecessaryBooleanAssertion" ruleset="Error Prone" package="org.junit.jupiter.engine" class="StandardTestClassTests$SecondOfTwoTestCases" method="succeedingTest2" externalInfoUrl="https://pmd.github.io/pmd/pmd_rules_java_errorprone.html#unnecessarybooleanassertion" priority="3">
assertTrue(true) or similar statements are unnecessary
</violation>
<violation beginline="201" endline="201" begincolumn="4" endcolumn="13" rule="JUnitAssertionsShouldIncludeMessage" ruleset="Best Practices" package="org.junit.jupiter.engine" class="StandardTestClassTests$SecondOfTwoTestCases" method="succeedingTest3" externalInfoUrl="https://pmd.github.io/pmd/pmd_rules_java_bestpractices.html#junitassertionsshouldincludemessage" priority="3">
JUnit assertions should include a message
</violation>
<violation beginline="201" endline="201" begincolumn="4" endcolumn="19" rule="UnnecessaryBooleanAssertion" ruleset="Error Prone" package="org.junit.jupiter.engine" class="StandardTestClassTests$SecondOfTwoTestCases" method="succeedingTest3" externalInfoUrl="https://pmd.github.io/pmd/pmd_rules_java_errorprone.html#unnecessarybooleanassertion" priority="3">
assertTrue(true) or similar statements are unnecessary
</violation>
<violation beginline="201" endline="201" begincolumn="4" endcolumn="19" rule="UnnecessaryBooleanAssertion" ruleset="Error Prone" package="org.junit.jupiter.engine" class="StandardTestClassTests$SecondOfTwoTestCases" method="succeedingTest3" externalInfoUrl="https://pmd.github.io/pmd/pmd_rules_java_errorprone.html#unnecessarybooleanassertion" priority="3">
assertTrue(true) or similar statements are unnecessary
</violation>
<violation beginline="208" endline="208" begincolumn="14" endcolumn="28" rule="RedundantFieldInitializer" ruleset="Performance" package="org.junit.jupiter.engine" class="StandardTestClassTests$TestCaseWithFailingBefore" variable="countBefore" externalInfoUrl="https://pmd.github.io/pmd/pmd_rules_java_performance.html#redundantfieldinitializer" priority="3">
Avoid using redundant field initializer for 'countBefore'
</violation>
<violation beginline="208" endline="208" begincolumn="3" endcolumn="29" rule="DefaultPackage" ruleset="Code Style" package="org.junit.jupiter.engine" class="StandardTestClassTests$TestCaseWithFailingBefore" externalInfoUrl="https://pmd.github.io/pmd/pmd_rules_java_codestyle.html#defaultpackage" priority="3">
Use explicit scoping instead of the default package private level
</violation>
<violation beginline="213" endline="213" begincolumn="14" endcolumn="29" rule="AvoidThrowingRawExceptionTypes" ruleset="Design" package="org.junit.jupiter.engine" class="StandardTestClassTests$TestCaseWithFailingBefore" method="before" externalInfoUrl="https://pmd.github.io/pmd/pmd_rules_java_design.html#avoidthrowingrawexceptiontypes" priority="1">
Avoid throwing raw exception types.
</violation>
<violation beginline="217" endline="218" begincolumn="16" endcolumn="3" rule="UncommentedEmptyMethodBody" ruleset="Documentation" package="org.junit.jupiter.engine" class="StandardTestClassTests$TestCaseWithFailingBefore" method="test1" externalInfoUrl="https://pmd.github.io/pmd/pmd_rules_java_documentation.html#uncommentedemptymethodbody" priority="3">
Document empty method body
</violation>
<violation beginline="217" endline="218" begincolumn="3" endcolumn="3" rule="JUnitTestsShouldIncludeAssert" ruleset="Best Practices" package="org.junit.jupiter.engine" class="StandardTestClassTests$TestCaseWithFailingBefore" method="test1" externalInfoUrl="https://pmd.github.io/pmd/pmd_rules_java_bestpractices.html#junittestsshouldincludeassert" priority="3">
JUnit tests should include assert() or fail()
</violation>
<violation beginline="221" endline="222" begincolumn="16" endcolumn="3" rule="UncommentedEmptyMethodBody" ruleset="Documentation" package="org.junit.jupiter.engine" class="StandardTestClassTests$TestCaseWithFailingBefore" method="test2" externalInfoUrl="https://pmd.github.io/pmd/pmd_rules_java_documentation.html#uncommentedemptymethodbody" priority="3">
Document empty method body
</violation>
<violation beginline="221" endline="222" begincolumn="3" endcolumn="3" rule="JUnitTestsShouldIncludeAssert" ruleset="Best Practices" package="org.junit.jupiter.engine" class="StandardTestClassTests$TestCaseWithFailingBefore" method="test2" externalInfoUrl="https://pmd.github.io/pmd/pmd_rules_java_bestpractices.html#junittestsshouldincludeassert" priority="3">
JUnit tests should include assert() or fail()
</violation>
<violation beginline="228" endline="228" begincolumn="18" endcolumn="37" rule="RedundantFieldInitializer" ruleset="Performance" package="org.junit.jupiter.engine" class="StandardTestClassTests$TestCaseWithFailingAfter" variable="testExecuted" externalInfoUrl="https://pmd.github.io/pmd/pmd_rules_java_performance.html#redundantfieldinitializer" priority="3">
Avoid using redundant field initializer for 'testExecuted'
</violation>
<violation beginline="228" endline="228" begincolumn="3" endcolumn="38" rule="DefaultPackage" ruleset="Code Style" package="org.junit.jupiter.engine" class="StandardTestClassTests$TestCaseWithFailingAfter" externalInfoUrl="https://pmd.github.io/pmd/pmd_rules_java_codestyle.html#defaultpackage" priority="3">
Use explicit scoping instead of the default package private level
</violation>
<violation beginline="232" endline="232" begincolumn="14" endcolumn="29" rule="AvoidThrowingRawExceptionTypes" ruleset="Design" package="org.junit.jupiter.engine" class="StandardTestClassTests$TestCaseWithFailingAfter" method="after" externalInfoUrl="https://pmd.github.io/pmd/pmd_rules_java_design.html#avoidthrowingrawexceptiontypes" priority="1">
Avoid throwing raw exception types.
</violation>
<violation beginline="236" endline="238" begincolumn="3" endcolumn="3" rule="JUnitTestsShouldIncludeAssert" ruleset="Best Practices" package="org.junit.jupiter.engine" class="StandardTestClassTests$TestCaseWithFailingAfter" method="test1" externalInfoUrl="https://pmd.github.io/pmd/pmd_rules_java_bestpractices.html#junittestsshouldincludeassert" priority="3">
JUnit tests should include assert() or fail()
</violation>
</file>
<file name="C:\Users\Sokaina\Downloads\Versiones-Junit5\junit5-r5.0.2\junit-jupiter-engine\src\test\java\org\junit\jupiter\engine\TestCaseWithInheritanceTests.java">
<violation beginline="11" endline="292" begincolumn="1" endcolumn="2" rule="TooManyStaticImports" ruleset="Code Style" package="org.junit.jupiter.engine" class="TestCaseWithInheritanceTests" externalInfoUrl="https://pmd.github.io/pmd/pmd_rules_java_codestyle.html#toomanystaticimports" priority="3">
Too many static imports may lead to messy code
</violation>
<violation beginline="51" endline="64" begincolumn="2" endcolumn="2" rule="JUnitTestContainsTooManyAsserts" ruleset="Best Practices" package="org.junit.jupiter.engine" class="TestCaseWithInheritanceTests" method="executeAllTestsInClass" externalInfoUrl="https://pmd.github.io/pmd/pmd_rules_java_bestpractices.html#junittestcontainstoomanyasserts" priority="3">
Unit tests should not contain more than 1 assert(s).
</violation>
<violation beginline="54" endline="54" begincolumn="56" endcolumn="72" rule="AvoidDuplicateLiterals" ruleset="Error Prone" package="org.junit.jupiter.engine" class="TestCaseWithInheritanceTests" method="executeAllTestsInClass" externalInfoUrl="https://pmd.github.io/pmd/pmd_rules_java_errorprone.html#avoidduplicateliterals" priority="3">
The String literal "# tests started" appears 5 times in this file; the first occurrence is on line 54
</violation>
<violation beginline="55" endline="55" begincolumn="59" endcolumn="77" rule="AvoidDuplicateLiterals" ruleset="Error Prone" package="org.junit.jupiter.engine" class="TestCaseWithInheritanceTests" method="executeAllTestsInClass" externalInfoUrl="https://pmd.github.io/pmd/pmd_rules_java_errorprone.html#avoidduplicateliterals" priority="3">
The String literal "# tests succeeded" appears 5 times in this file; the first occurrence is on line 55
</violation>
<violation beginline="56" endline="56" begincolumn="56" endcolumn="72" rule="AvoidDuplicateLiterals" ruleset="Error Prone" package="org.junit.jupiter.engine" class="TestCaseWithInheritanceTests" method="executeAllTestsInClass" externalInfoUrl="https://pmd.github.io/pmd/pmd_rules_java_errorprone.html#avoidduplicateliterals" priority="3">
The String literal "# tests skipped" appears 5 times in this file; the first occurrence is on line 56
</violation>
<violation beginline="57" endline="57" begincolumn="56" endcolumn="72" rule="AvoidDuplicateLiterals" ruleset="Error Prone" package="org.junit.jupiter.engine" class="TestCaseWithInheritanceTests" method="executeAllTestsInClass" externalInfoUrl="https://pmd.github.io/pmd/pmd_rules_java_errorprone.html#avoidduplicateliterals" priority="3">
The String literal "# tests aborted" appears 5 times in this file; the first occurrence is on line 57
</violation>
<violation beginline="58" endline="58" begincolumn="55" endcolumn="70" rule="AvoidDuplicateLiterals" ruleset="Error Prone" package="org.junit.jupiter.engine" class="TestCaseWithInheritanceTests" method="executeAllTestsInClass" externalInfoUrl="https://pmd.github.io/pmd/pmd_rules_java_errorprone.html#avoidduplicateliterals" priority="3">
The String literal "# tests failed" appears 5 times in this file; the first occurrence is on line 58
</violation>
<violation beginline="67" endline="78" begincolumn="2" endcolumn="2" rule="JUnitTestContainsTooManyAsserts" ruleset="Best Practices" package="org.junit.jupiter.engine" class="TestCaseWithInheritanceTests" method="executeSingleTest" externalInfoUrl="https://pmd.github.io/pmd/pmd_rules_java_bestpractices.html#junittestcontainstoomanyasserts" priority="3">
Unit tests should not contain more than 1 assert(s).
</violation>
<violation beginline="81" endline="97" begincolumn="2" endcolumn="2" rule="JUnitTestContainsTooManyAsserts" ruleset="Best Practices" package="org.junit.jupiter.engine" class="TestCaseWithInheritanceTests" method="executeTestDeclaredInSuperClass" externalInfoUrl="https://pmd.github.io/pmd/pmd_rules_java_bestpractices.html#junittestcontainstoomanyasserts" priority="3">
Unit tests should not contain more than 1 assert(s).
</violation>
<violation beginline="100" endline="111" begincolumn="2" endcolumn="2" rule="JUnitTestContainsTooManyAsserts" ruleset="Best Practices" package="org.junit.jupiter.engine" class="TestCaseWithInheritanceTests" method="executeTestWithExceptionThrownInAfterMethod" externalInfoUrl="https://pmd.github.io/pmd/pmd_rules_java_bestpractices.html#junittestcontainstoomanyasserts" priority="3">
Unit tests should not contain more than 1 assert(s).
</violation>
<violation beginline="114" endline="144" begincolumn="2" endcolumn="2" rule="JUnitTestContainsTooManyAsserts" ruleset="Best Practices" package="org.junit.jupiter.engine" class="TestCaseWithInheritanceTests" method="beforeAndAfterMethodsInTestClassHierarchy" externalInfoUrl="https://pmd.github.io/pmd/pmd_rules_java_bestpractices.html#junittestcontainstoomanyasserts" priority="3">
Unit tests should not contain more than 1 assert(s).
</violation>
<violation beginline="148" endline="167" begincolumn="26" endcolumn="2" rule="AbstractClassWithoutAbstractMethod" ruleset="Best Practices" package="org.junit.jupiter.engine" class="TestCaseWithInheritanceTests$AbstractTestCase" externalInfoUrl="https://pmd.github.io/pmd/pmd_rules_java_bestpractices.html#abstractclasswithoutabstractmethod" priority="3">
This abstract class does not have any abstract methods
</violation>
<violation beginline="150" endline="150" begincolumn="14" endcolumn="40" rule="RedundantFieldInitializer" ruleset="Performance" package="org.junit.jupiter.engine" class="TestCaseWithInheritanceTests$AbstractTestCase" variable="countSuperBeforeInvoked" externalInfoUrl="https://pmd.github.io/pmd/pmd_rules_java_performance.html#redundantfieldinitializer" priority="3">
Avoid using redundant field initializer for 'countSuperBeforeInvoked'
</violation>
<violation beginline="150" endline="150" begincolumn="3" endcolumn="41" rule="DefaultPackage" ruleset="Code Style" package="org.junit.jupiter.engine" class="TestCaseWithInheritanceTests$AbstractTestCase" externalInfoUrl="https://pmd.github.io/pmd/pmd_rules_java_codestyle.html#defaultpackage" priority="3">
Use explicit scoping instead of the default package private level
</violation>
<violation beginline="151" endline="151" begincolumn="14" endcolumn="39" rule="RedundantFieldInitializer" ruleset="Performance" package="org.junit.jupiter.engine" class="TestCaseWithInheritanceTests$AbstractTestCase" variable="countSuperAfterInvoked" externalInfoUrl="https://pmd.github.io/pmd/pmd_rules_java_performance.html#redundantfieldinitializer" priority="3">
Avoid using redundant field initializer for 'countSuperAfterInvoked'
</violation>
<violation beginline="151" endline="151" begincolumn="3" endcolumn="40" rule="DefaultPackage" ruleset="Code Style" package="org.junit.jupiter.engine" class="TestCaseWithInheritanceTests$AbstractTestCase" externalInfoUrl="https://pmd.github.io/pmd/pmd_rules_java_codestyle.html#defaultpackage" priority="3">
Use explicit scoping instead of the default package private level
</violation>
<violation beginline="164" endline="166" begincolumn="3" endcolumn="3" rule="EmptyMethodInAbstractClassShouldBeAbstract" ruleset="Code Style" package="org.junit.jupiter.engine" class="TestCaseWithInheritanceTests$AbstractTestCase" method="superTest" externalInfoUrl="https://pmd.github.io/pmd/pmd_rules_java_codestyle.html#emptymethodinabstractclassshouldbeabstract" priority="1">
An empty method in an abstract class should be abstract instead
</violation>
<violation beginline="164" endline="166" begincolumn="3" endcolumn="3" rule="JUnitTestsShouldIncludeAssert" ruleset="Best Practices" package="org.junit.jupiter.engine" class="TestCaseWithInheritanceTests$AbstractTestCase" method="superTest" externalInfoUrl="https://pmd.github.io/pmd/pmd_rules_java_bestpractices.html#junittestsshouldincludeassert" priority="3">
JUnit tests should include assert() or fail()
</violation>
<violation beginline="171" endline="171" begincolumn="11" endcolumn="45" rule="RedundantFieldInitializer" ruleset="Performance" package="org.junit.jupiter.engine" class="TestCaseWithInheritanceTests$LocalTestCase" variable="throwExceptionInAfterMethod" externalInfoUrl="https://pmd.github.io/pmd/pmd_rules_java_performance.html#redundantfieldinitializer" priority="3">
Avoid using redundant field initializer for 'throwExceptionInAfterMethod'
</violation>
<violation beginline="171" endline="171" begincolumn="3" endcolumn="46" rule="AvoidFieldNameMatchingMethodName" ruleset="Error Prone" package="org.junit.jupiter.engine" class="TestCaseWithInheritanceTests$LocalTestCase" variable="VariableDeclaratorId" externalInfoUrl="https://pmd.github.io/pmd/pmd_rules_java_errorprone.html#avoidfieldnamematchingmethodname" priority="3">
Field throwExceptionInAfterMethod has the same name as a method
</violation>
<violation beginline="171" endline="171" begincolumn="3" endcolumn="46" rule="DefaultPackage" ruleset="Code Style" package="org.junit.jupiter.engine" class="TestCaseWithInheritanceTests$LocalTestCase" externalInfoUrl="https://pmd.github.io/pmd/pmd_rules_java_codestyle.html#defaultpackage" priority="3">
Use explicit scoping instead of the default package private level
</violation>
<violation beginline="173" endline="173" begincolumn="14" endcolumn="35" rule="RedundantFieldInitializer" ruleset="Performance" package="org.junit.jupiter.engine" class="TestCaseWithInheritanceTests$LocalTestCase" variable="countBeforeInvoked" externalInfoUrl="https://pmd.github.io/pmd/pmd_rules_java_performance.html#redundantfieldinitializer" priority="3">
Avoid using redundant field initializer for 'countBeforeInvoked'
</violation>
<violation beginline="173" endline="173" begincolumn="3" endcolumn="36" rule="DefaultPackage" ruleset="Code Style" package="org.junit.jupiter.engine" class="TestCaseWithInheritanceTests$LocalTestCase" externalInfoUrl="https://pmd.github.io/pmd/pmd_rules_java_codestyle.html#defaultpackage" priority="3">
Use explicit scoping instead of the default package private level
</violation>
<violation beginline="174" endline="174" begincolumn="14" endcolumn="34" rule="RedundantFieldInitializer" ruleset="Performance" package="org.junit.jupiter.engine" class="TestCaseWithInheritanceTests$LocalTestCase" variable="countAfterInvoked" externalInfoUrl="https://pmd.github.io/pmd/pmd_rules_java_performance.html#redundantfieldinitializer" priority="3">
Avoid using redundant field initializer for 'countAfterInvoked'
</violation>
<violation beginline="174" endline="174" begincolumn="3" endcolumn="35" rule="DefaultPackage" ruleset="Code Style" package="org.junit.jupiter.engine" class="TestCaseWithInheritanceTests$LocalTestCase" externalInfoUrl="https://pmd.github.io/pmd/pmd_rules_java_codestyle.html#defaultpackage" priority="3">
Use explicit scoping instead of the default package private level
</violation>
<violation beginline="188" endline="188" begincolumn="15" endcolumn="30" rule="AvoidThrowingRawExceptionTypes" ruleset="Design" package="org.junit.jupiter.engine" class="TestCaseWithInheritanceTests$LocalTestCase" method="after" externalInfoUrl="https://pmd.github.io/pmd/pmd_rules_java_design.html#avoidthrowingrawexceptiontypes" priority="1">
Avoid throwing raw exception types.
</violation>
<violation beginline="193" endline="195" begincolumn="3" endcolumn="3" rule="JUnitTestsShouldIncludeAssert" ruleset="Best Practices" package="org.junit.jupiter.engine" class="TestCaseWithInheritanceTests$LocalTestCase" method="otherTest" externalInfoUrl="https://pmd.github.io/pmd/pmd_rules_java_bestpractices.html#junittestsshouldincludeassert" priority="3">
JUnit tests should include assert() or fail()
</violation>
<violation beginline="198" endline="200" begincolumn="3" endcolumn="3" rule="JUnitTestsShouldIncludeAssert" ruleset="Best Practices" package="org.junit.jupiter.engine" class="TestCaseWithInheritanceTests$LocalTestCase" method="throwExceptionInAfterMethod" externalInfoUrl="https://pmd.github.io/pmd/pmd_rules_java_bestpractices.html#junittestsshouldincludeassert" priority="3">
JUnit tests should include assert() or fail()
</violation>
<violation beginline="203" endline="205" begincolumn="3" endcolumn="3" rule="JUnitTestsShouldIncludeAssert" ruleset="Best Practices" package="org.junit.jupiter.engine" class="TestCaseWithInheritanceTests$LocalTestCase" method="alwaysPasses" externalInfoUrl="https://pmd.github.io/pmd/pmd_rules_java_bestpractices.html#junittestsshouldincludeassert" priority="3">
JUnit tests should include assert() or fail()
</violation>
<violation beginline="208" endline="210" begincolumn="3" endcolumn="3" rule="JUnitTestsShouldIncludeAssert" ruleset="Best Practices" package="org.junit.jupiter.engine" class="TestCaseWithInheritanceTests$LocalTestCase" method="aborted" externalInfoUrl="https://pmd.github.io/pmd/pmd_rules_java_bestpractices.html#junittestsshouldincludeassert" priority="3">
JUnit tests should include assert() or fail()
</violation>
<violation beginline="277" endline="279" begincolumn="3" endcolumn="3" rule="JUnitTestsShouldIncludeAssert" ruleset="Best Practices" package="org.junit.jupiter.engine" class="TestCaseWithInheritanceTests$TestCase3" method="test3" externalInfoUrl="https://pmd.github.io/pmd/pmd_rules_java_bestpractices.html#junittestsshouldincludeassert" priority="3">
JUnit tests should include assert() or fail()
</violation>
</file>
<file name="C:\Users\Sokaina\Downloads\Versiones-Junit5\junit5-r5.0.2\junit-jupiter-engine\src\test\java\org\junit\jupiter\engine\TestInstanceLifecycleConfigurationTests.java">
<violation beginline="11" endline="237" begincolumn="1" endcolumn="2" rule="TooManyStaticImports" ruleset="Code Style" package="org.junit.jupiter.engine" class="TestInstanceLifecycleConfigurationTests" externalInfoUrl="https://pmd.github.io/pmd/pmd_rules_java_codestyle.html#toomanystaticimports" priority="3">
Too many static imports may lead to messy code
</violation>
<violation beginline="63" endline="65" begincolumn="2" endcolumn="2" rule="JUnitTestsShouldIncludeAssert" ruleset="Best Practices" package="org.junit.jupiter.engine" class="TestInstanceLifecycleConfigurationTests" method="instancePerMethodUsingStandardDefaultConfiguration" externalInfoUrl="https://pmd.github.io/pmd/pmd_rules_java_bestpractices.html#junittestsshouldincludeassert" priority="3">
JUnit tests should include assert() or fail()
</violation>
<violation beginline="64" endline="64" begincolumn="95" endcolumn="104" rule="AvoidDuplicateLiterals" ruleset="Error Prone" package="org.junit.jupiter.engine" class="TestInstanceLifecycleConfigurationTests" method="instancePerMethodUsingStandardDefaultConfiguration" externalInfoUrl="https://pmd.github.io/pmd/pmd_rules_java_errorprone.html#avoidduplicateliterals" priority="3">
The String literal "afterAll" appears 11 times in this file; the first occurrence is on line 64
</violation>
<violation beginline="64" endline="64" begincolumn="74" endcolumn="84" rule="AvoidDuplicateLiterals" ruleset="Error Prone" package="org.junit.jupiter.engine" class="TestInstanceLifecycleConfigurationTests" method="instancePerMethodUsingStandardDefaultConfiguration" externalInfoUrl="https://pmd.github.io/pmd/pmd_rules_java_errorprone.html#avoidduplicateliterals" priority="3">
The String literal "beforeAll" appears 11 times in this file; the first occurrence is on line 64
</violation>
<violation beginline="64" endline="64" begincolumn="87" endcolumn="92" rule="AvoidDuplicateLiterals" ruleset="Error Prone" package="org.junit.jupiter.engine" class="TestInstanceLifecycleConfigurationTests" method="instancePerMethodUsingStandardDefaultConfiguration" externalInfoUrl="https://pmd.github.io/pmd/pmd_rules_java_errorprone.html#avoidduplicateliterals" priority="3">
The String literal "test" appears 11 times in this file; the first occurrence is on line 64
</violation>
<violation beginline="68" endline="70" begincolumn="2" endcolumn="2" rule="JUnitTestsShouldIncludeAssert" ruleset="Best Practices" package="org.junit.jupiter.engine" class="TestInstanceLifecycleConfigurationTests" method="instancePerClassConfiguredViaExplicitAnnotationDeclaration" externalInfoUrl="https://pmd.github.io/pmd/pmd_rules_java_bestpractices.html#junittestsshouldincludeassert" priority="3">
JUnit tests should include assert() or fail()
</violation>
<violation beginline="73" endline="82" begincolumn="2" endcolumn="2" rule="JUnitTestsShouldIncludeAssert" ruleset="Best Practices" package="org.junit.jupiter.engine" class="TestInstanceLifecycleConfigurationTests" method="instancePerClassConfiguredViaSystemProperty" externalInfoUrl="https://pmd.github.io/pmd/pmd_rules_java_bestpractices.html#junittestsshouldincludeassert" priority="3">
JUnit tests should include assert() or fail()
</violation>
<violation beginline="85" endline="93" begincolumn="2" endcolumn="2" rule="JUnitTestsShouldIncludeAssert" ruleset="Best Practices" package="org.junit.jupiter.engine" class="TestInstanceLifecycleConfigurationTests" method="instancePerClassConfiguredViaConfigParam" externalInfoUrl="https://pmd.github.io/pmd/pmd_rules_java_bestpractices.html#junittestsshouldincludeassert" priority="3">
JUnit tests should include assert() or fail()
</violation>
<violation beginline="96" endline="105" begincolumn="2" endcolumn="2" rule="JUnitTestsShouldIncludeAssert" ruleset="Best Practices" package="org.junit.jupiter.engine" class="TestInstanceLifecycleConfigurationTests" method="instancePerClassConfiguredViaConfigParamThatOverridesSystemProperty" externalInfoUrl="https://pmd.github.io/pmd/pmd_rules_java_bestpractices.html#junittestsshouldincludeassert" priority="3">
JUnit tests should include assert() or fail()
</violation>
<violation beginline="108" endline="111" begincolumn="2" endcolumn="2" rule="JUnitTestsShouldIncludeAssert" ruleset="Best Practices" package="org.junit.jupiter.engine" class="TestInstanceLifecycleConfigurationTests" method="instancePerMethodConfiguredViaExplicitAnnotationDeclarationThatOverridesSystemProperty" externalInfoUrl="https://pmd.github.io/pmd/pmd_rules_java_bestpractices.html#junittestsshouldincludeassert" priority="3">
JUnit tests should include assert() or fail()
</violation>
<violation beginline="114" endline="117" begincolumn="2" endcolumn="2" rule="JUnitTestsShouldIncludeAssert" ruleset="Best Practices" package="org.junit.jupiter.engine" class="TestInstanceLifecycleConfigurationTests" method="instancePerMethodConfiguredViaExplicitAnnotationDeclarationThatOverridesConfigParam" externalInfoUrl="https://pmd.github.io/pmd/pmd_rules_java_bestpractices.html#junittestsshouldincludeassert" priority="3">
JUnit tests should include assert() or fail()
</violation>
<violation beginline="142" endline="142" begincolumn="10" endcolumn="21" rule="JUnitAssertionsShouldIncludeMessage" ruleset="Best Practices" package="org.junit.jupiter.engine" class="TestInstanceLifecycleConfigurationTests" method="performAssertions" externalInfoUrl="https://pmd.github.io/pmd/pmd_rules_java_bestpractices.html#junitassertionsshouldincludemessage" priority="3">
JUnit assertions should include a message
</violation>
<violation beginline="158" endline="160" begincolumn="3" endcolumn="3" rule="JUnitTestsShouldIncludeAssert" ruleset="Best Practices" package="org.junit.jupiter.engine" class="TestInstanceLifecycleConfigurationTests$ExplicitInstancePerTestMethodTestCase" method="test" externalInfoUrl="https://pmd.github.io/pmd/pmd_rules_java_bestpractices.html#junittestsshouldincludeassert" priority="3">
JUnit tests should include assert() or fail()
</violation>
<violation beginline="182" endline="184" begincolumn="3" endcolumn="3" rule="JUnitTestsShouldIncludeAssert" ruleset="Best Practices" package="org.junit.jupiter.engine" class="TestInstanceLifecycleConfigurationTests$AssumedInstancePerTestMethodTestCase" method="test" externalInfoUrl="https://pmd.github.io/pmd/pmd_rules_java_bestpractices.html#junittestsshouldincludeassert" priority="3">
JUnit tests should include assert() or fail()
</violation>
<violation beginline="202" endline="204" begincolumn="3" endcolumn="3" rule="JUnitTestsShouldIncludeAssert" ruleset="Best Practices" package="org.junit.jupiter.engine" class="TestInstanceLifecycleConfigurationTests$ExplicitInstancePerClassTestCase" method="test" externalInfoUrl="https://pmd.github.io/pmd/pmd_rules_java_bestpractices.html#junittestsshouldincludeassert" priority="3">
JUnit tests should include assert() or fail()
</violation>
<violation beginline="226" endline="228" begincolumn="3" endcolumn="3" rule="JUnitTestsShouldIncludeAssert" ruleset="Best Practices" package="org.junit.jupiter.engine" class="TestInstanceLifecycleConfigurationTests$AssumedInstancePerClassTestCase" method="test" externalInfoUrl="https://pmd.github.io/pmd/pmd_rules_java_bestpractices.html#junittestsshouldincludeassert" priority="3">
JUnit tests should include assert() or fail()
</violation>
</file>
<file name="C:\Users\Sokaina\Downloads\Versiones-Junit5\junit5-r5.0.2\junit-jupiter-engine\src\test\java\org\junit\jupiter\engine\TestInstanceLifecycleTests.java">
<violation beginline="11" endline="997" begincolumn="1" endcolumn="2" rule="TooManyStaticImports" ruleset="Code Style" package="org.junit.jupiter.engine" class="TestInstanceLifecycleTests" externalInfoUrl="https://pmd.github.io/pmd/pmd_rules_java_codestyle.html#toomanystaticimports" priority="3">
Too many static imports may lead to messy code
</violation>
<violation beginline="91" endline="154" begincolumn="2" endcolumn="2" rule="JUnitTestContainsTooManyAsserts" ruleset="Best Practices" package="org.junit.jupiter.engine" class="TestInstanceLifecycleTests" method="instancePerMethod" externalInfoUrl="https://pmd.github.io/pmd/pmd_rules_java_bestpractices.html#junittestcontainstoomanyasserts" priority="3">
Unit tests should not contain more than 1 assert(s).
</violation>
<violation beginline="105" endline="105" begincolumn="55" endcolumn="69" rule="AvoidDuplicateLiterals" ruleset="Error Prone" package="org.junit.jupiter.engine" class="TestInstanceLifecycleTests" method="instancePerMethod" externalInfoUrl="https://pmd.github.io/pmd/pmd_rules_java_errorprone.html#avoidduplicateliterals" priority="3">
The String literal "singletonTest" appears 5 times in this file; the first occurrence is on line 105
</violation>
<violation beginline="135" endline="135" begincolumn="3" endcolumn="12" rule="JUnitAssertionsShouldIncludeMessage" ruleset="Best Practices" package="org.junit.jupiter.engine" class="TestInstanceLifecycleTests" method="instancePerMethod" externalInfoUrl="https://pmd.github.io/pmd/pmd_rules_java_bestpractices.html#junitassertionsshouldincludemessage" priority="3">
JUnit assertions should include a message
</violation>
<violation beginline="136" endline="136" begincolumn="3" endcolumn="12" rule="JUnitAssertionsShouldIncludeMessage" ruleset="Best Practices" package="org.junit.jupiter.engine" class="TestInstanceLifecycleTests" method="instancePerMethod" externalInfoUrl="https://pmd.github.io/pmd/pmd_rules_java_bestpractices.html#junitassertionsshouldincludemessage" priority="3">
JUnit assertions should include a message
</violation>
<violation beginline="137" endline="137" begincolumn="3" endcolumn="12" rule="JUnitAssertionsShouldIncludeMessage" ruleset="Best Practices" package="org.junit.jupiter.engine" class="TestInstanceLifecycleTests" method="instancePerMethod" externalInfoUrl="https://pmd.github.io/pmd/pmd_rules_java_bestpractices.html#junitassertionsshouldincludemessage" priority="3">
JUnit assertions should include a message
</violation>
<violation beginline="140" endline="140" begincolumn="3" endcolumn="15" rule="JUnitAssertionsShouldIncludeMessage" ruleset="Best Practices" package="org.junit.jupiter.engine" class="TestInstanceLifecycleTests" method="instancePerMethod" externalInfoUrl="https://pmd.github.io/pmd/pmd_rules_java_bestpractices.html#junitassertionsshouldincludemessage" priority="3">
JUnit assertions should include a message
</violation>
<violation beginline="141" endline="141" begincolumn="3" endcolumn="12" rule="JUnitAssertionsShouldIncludeMessage" ruleset="Best Practices" package="org.junit.jupiter.engine" class="TestInstanceLifecycleTests" method="instancePerMethod" externalInfoUrl="https://pmd.github.io/pmd/pmd_rules_java_bestpractices.html#junitassertionsshouldincludemessage" priority="3">
JUnit assertions should include a message
</violation>
<violation beginline="142" endline="142" begincolumn="3" endcolumn="12" rule="JUnitAssertionsShouldIncludeMessage" ruleset="Best Practices" package="org.junit.jupiter.engine" class="TestInstanceLifecycleTests" method="instancePerMethod" externalInfoUrl="https://pmd.github.io/pmd/pmd_rules_java_bestpractices.html#junitassertionsshouldincludemessage" priority="3">
JUnit assertions should include a message
</violation>
<violation beginline="145" endline="145" begincolumn="3" endcolumn="15" rule="JUnitAssertionsShouldIncludeMessage" ruleset="Best Practices" package="org.junit.jupiter.engine" class="TestInstanceLifecycleTests" method="instancePerMethod" externalInfoUrl="https://pmd.github.io/pmd/pmd_rules_java_bestpractices.html#junitassertionsshouldincludemessage" priority="3">
JUnit assertions should include a message
</violation>
<violation beginline="146" endline="146" begincolumn="3" endcolumn="12" rule="JUnitAssertionsShouldIncludeMessage" ruleset="Best Practices" package="org.junit.jupiter.engine" class="TestInstanceLifecycleTests" method="instancePerMethod" externalInfoUrl="https://pmd.github.io/pmd/pmd_rules_java_bestpractices.html#junitassertionsshouldincludemessage" priority="3">
JUnit assertions should include a message
</violation>
<violation beginline="147" endline="147" begincolumn="3" endcolumn="12" rule="JUnitAssertionsShouldIncludeMessage" ruleset="Best Practices" package="org.junit.jupiter.engine" class="TestInstanceLifecycleTests" method="instancePerMethod" externalInfoUrl="https://pmd.github.io/pmd/pmd_rules_java_bestpractices.html#junitassertionsshouldincludemessage" priority="3">
JUnit assertions should include a message
</violation>
<violation beginline="150" endline="150" begincolumn="3" endcolumn="15" rule="JUnitAssertionsShouldIncludeMessage" ruleset="Best Practices" package="org.junit.jupiter.engine" class="TestInstanceLifecycleTests" method="instancePerMethod" externalInfoUrl="https://pmd.github.io/pmd/pmd_rules_java_bestpractices.html#junitassertionsshouldincludemessage" priority="3">
JUnit assertions should include a message
</violation>
<violation beginline="151" endline="151" begincolumn="3" endcolumn="12" rule="JUnitAssertionsShouldIncludeMessage" ruleset="Best Practices" package="org.junit.jupiter.engine" class="TestInstanceLifecycleTests" method="instancePerMethod" externalInfoUrl="https://pmd.github.io/pmd/pmd_rules_java_bestpractices.html#junitassertionsshouldincludemessage" priority="3">
JUnit assertions should include a message
</violation>
<violation beginline="152" endline="152" begincolumn="3" endcolumn="12" rule="JUnitAssertionsShouldIncludeMessage" ruleset="Best Practices" package="org.junit.jupiter.engine" class="TestInstanceLifecycleTests" method="instancePerMethod" externalInfoUrl="https://pmd.github.io/pmd/pmd_rules_java_bestpractices.html#junitassertionsshouldincludemessage" priority="3">
JUnit assertions should include a message
</violation>
<violation beginline="153" endline="153" begincolumn="3" endcolumn="12" rule="JUnitAssertionsShouldIncludeMessage" ruleset="Best Practices" package="org.junit.jupiter.engine" class="TestInstanceLifecycleTests" method="instancePerMethod" externalInfoUrl="https://pmd.github.io/pmd/pmd_rules_java_bestpractices.html#junitassertionsshouldincludemessage" priority="3">
JUnit assertions should include a message
</violation>
<violation beginline="157" endline="159" begincolumn="2" endcolumn="2" rule="JUnitTestsShouldIncludeAssert" ruleset="Best Practices" package="org.junit.jupiter.engine" class="TestInstanceLifecycleTests" method="instancePerClass" externalInfoUrl="https://pmd.github.io/pmd/pmd_rules_java_bestpractices.html#junittestsshouldincludeassert" priority="3">
JUnit tests should include assert() or fail()
</violation>
<violation beginline="162" endline="165" begincolumn="2" endcolumn="2" rule="JUnitTestsShouldIncludeAssert" ruleset="Best Practices" package="org.junit.jupiter.engine" class="TestInstanceLifecycleTests" method="instancePerClassWithInheritedLifecycleMode" externalInfoUrl="https://pmd.github.io/pmd/pmd_rules_java_bestpractices.html#junittestsshouldincludeassert" priority="3">
JUnit tests should include assert() or fail()
</violation>
<violation beginline="167" endline="167" begincolumn="52" endcolumn="91" rule="UseVarargs" ruleset="Best Practices" package="org.junit.jupiter.engine" class="TestInstanceLifecycleTests" method="instancePerClass" variable="instances" externalInfoUrl="https://pmd.github.io/pmd/pmd_rules_java_bestpractices.html#usevarargs" priority="4">
Consider using varargs for methods or constructors which take an array the last parameter.
</violation>
<violation beginline="210" endline="210" begincolumn="3" endcolumn="15" rule="JUnitAssertionsShouldIncludeMessage" ruleset="Best Practices" package="org.junit.jupiter.engine" class="TestInstanceLifecycleTests" method="instancePerClass" externalInfoUrl="https://pmd.github.io/pmd/pmd_rules_java_bestpractices.html#junitassertionsshouldincludemessage" priority="3">
JUnit assertions should include a message
</violation>
<violation beginline="211" endline="211" begincolumn="3" endcolumn="12" rule="JUnitAssertionsShouldIncludeMessage" ruleset="Best Practices" package="org.junit.jupiter.engine" class="TestInstanceLifecycleTests" method="instancePerClass" externalInfoUrl="https://pmd.github.io/pmd/pmd_rules_java_bestpractices.html#junitassertionsshouldincludemessage" priority="3">
JUnit assertions should include a message
</violation>
<violation beginline="212" endline="212" begincolumn="3" endcolumn="12" rule="JUnitAssertionsShouldIncludeMessage" ruleset="Best Practices" package="org.junit.jupiter.engine" class="TestInstanceLifecycleTests" method="instancePerClass" externalInfoUrl="https://pmd.github.io/pmd/pmd_rules_java_bestpractices.html#junitassertionsshouldincludemessage" priority="3">
JUnit assertions should include a message
</violation>
<violation beginline="213" endline="213" begincolumn="3" endcolumn="12" rule="JUnitAssertionsShouldIncludeMessage" ruleset="Best Practices" package="org.junit.jupiter.engine" class="TestInstanceLifecycleTests" method="instancePerClass" externalInfoUrl="https://pmd.github.io/pmd/pmd_rules_java_bestpractices.html#junitassertionsshouldincludemessage" priority="3">
JUnit assertions should include a message
</violation>
<violation beginline="214" endline="214" begincolumn="3" endcolumn="12" rule="JUnitAssertionsShouldIncludeMessage" ruleset="Best Practices" package="org.junit.jupiter.engine" class="TestInstanceLifecycleTests" method="instancePerClass" externalInfoUrl="https://pmd.github.io/pmd/pmd_rules_java_bestpractices.html#junitassertionsshouldincludemessage" priority="3">
JUnit assertions should include a message
</violation>
<violation beginline="215" endline="215" begincolumn="3" endcolumn="12" rule="JUnitAssertionsShouldIncludeMessage" ruleset="Best Practices" package="org.junit.jupiter.engine" class="TestInstanceLifecycleTests" method="instancePerClass" externalInfoUrl="https://pmd.github.io/pmd/pmd_rules_java_bestpractices.html#junitassertionsshouldincludemessage" priority="3">
JUnit assertions should include a message
</violation>
<violation beginline="216" endline="216" begincolumn="3" endcolumn="12" rule="JUnitAssertionsShouldIncludeMessage" ruleset="Best Practices" package="org.junit.jupiter.engine" class="TestInstanceLifecycleTests" method="instancePerClass" externalInfoUrl="https://pmd.github.io/pmd/pmd_rules_java_bestpractices.html#junitassertionsshouldincludemessage" priority="3">
JUnit assertions should include a message
</violation>
<violation beginline="217" endline="217" begincolumn="3" endcolumn="12" rule="JUnitAssertionsShouldIncludeMessage" ruleset="Best Practices" package="org.junit.jupiter.engine" class="TestInstanceLifecycleTests" method="instancePerClass" externalInfoUrl="https://pmd.github.io/pmd/pmd_rules_java_bestpractices.html#junitassertionsshouldincludemessage" priority="3">
JUnit assertions should include a message
</violation>
<violation beginline="218" endline="218" begincolumn="3" endcolumn="12" rule="JUnitAssertionsShouldIncludeMessage" ruleset="Best Practices" package="org.junit.jupiter.engine" class="TestInstanceLifecycleTests" method="instancePerClass" externalInfoUrl="https://pmd.github.io/pmd/pmd_rules_java_bestpractices.html#junitassertionsshouldincludemessage" priority="3">
JUnit assertions should include a message
</violation>
<violation beginline="219" endline="219" begincolumn="3" endcolumn="12" rule="JUnitAssertionsShouldIncludeMessage" ruleset="Best Practices" package="org.junit.jupiter.engine" class="TestInstanceLifecycleTests" method="instancePerClass" externalInfoUrl="https://pmd.github.io/pmd/pmd_rules_java_bestpractices.html#junitassertionsshouldincludemessage" priority="3">
JUnit assertions should include a message
</violation>
<violation beginline="220" endline="220" begincolumn="3" endcolumn="12" rule="JUnitAssertionsShouldIncludeMessage" ruleset="Best Practices" package="org.junit.jupiter.engine" class="TestInstanceLifecycleTests" method="instancePerClass" externalInfoUrl="https://pmd.github.io/pmd/pmd_rules_java_bestpractices.html#junitassertionsshouldincludemessage" priority="3">
JUnit assertions should include a message
</violation>
<violation beginline="221" endline="221" begincolumn="3" endcolumn="12" rule="JUnitAssertionsShouldIncludeMessage" ruleset="Best Practices" package="org.junit.jupiter.engine" class="TestInstanceLifecycleTests" method="instancePerClass" externalInfoUrl="https://pmd.github.io/pmd/pmd_rules_java_bestpractices.html#junitassertionsshouldincludemessage" priority="3">
JUnit assertions should include a message
</violation>
<violation beginline="222" endline="222" begincolumn="3" endcolumn="12" rule="JUnitAssertionsShouldIncludeMessage" ruleset="Best Practices" package="org.junit.jupiter.engine" class="TestInstanceLifecycleTests" method="instancePerClass" externalInfoUrl="https://pmd.github.io/pmd/pmd_rules_java_bestpractices.html#junitassertionsshouldincludemessage" priority="3">
JUnit assertions should include a message
</violation>
<violation beginline="226" endline="327" begincolumn="2" endcolumn="2" rule="JUnitTestContainsTooManyAsserts" ruleset="Best Practices" package="org.junit.jupiter.engine" class="TestInstanceLifecycleTests" method="instancePerMethodWithNestedTestClass" externalInfoUrl="https://pmd.github.io/pmd/pmd_rules_java_bestpractices.html#junittestcontainstoomanyasserts" priority="3">
Unit tests should not contain more than 1 assert(s).
</violation>
<violation beginline="244" endline="244" begincolumn="76" endcolumn="86" rule="AvoidDuplicateLiterals" ruleset="Error Prone" package="org.junit.jupiter.engine" class="TestInstanceLifecycleTests" method="instancePerMethodWithNestedTestClass" externalInfoUrl="https://pmd.github.io/pmd/pmd_rules_java_errorprone.html#avoidduplicateliterals" priority="3">
The String literal "outerTest" appears 9 times in this file; the first occurrence is on line 244
</violation>
<violation beginline="285" endline="285" begincolumn="3" endcolumn="12" rule="JUnitAssertionsShouldIncludeMessage" ruleset="Best Practices" package="org.junit.jupiter.engine" class="TestInstanceLifecycleTests" method="instancePerMethodWithNestedTestClass" externalInfoUrl="https://pmd.github.io/pmd/pmd_rules_java_bestpractices.html#junitassertionsshouldincludemessage" priority="3">
JUnit assertions should include a message
</violation>
<violation beginline="286" endline="286" begincolumn="3" endcolumn="12" rule="JUnitAssertionsShouldIncludeMessage" ruleset="Best Practices" package="org.junit.jupiter.engine" class="TestInstanceLifecycleTests" method="instancePerMethodWithNestedTestClass" externalInfoUrl="https://pmd.github.io/pmd/pmd_rules_java_bestpractices.html#junitassertionsshouldincludemessage" priority="3">
JUnit assertions should include a message
</violation>
<violation beginline="287" endline="287" begincolumn="3" endcolumn="12" rule="JUnitAssertionsShouldIncludeMessage" ruleset="Best Practices" package="org.junit.jupiter.engine" class="TestInstanceLifecycleTests" method="instancePerMethodWithNestedTestClass" externalInfoUrl="https://pmd.github.io/pmd/pmd_rules_java_bestpractices.html#junitassertionsshouldincludemessage" priority="3">
JUnit assertions should include a message
</violation>
<violation beginline="288" endline="288" begincolumn="3" endcolumn="12" rule="JUnitAssertionsShouldIncludeMessage" ruleset="Best Practices" package="org.junit.jupiter.engine" class="TestInstanceLifecycleTests" method="instancePerMethodWithNestedTestClass" externalInfoUrl="https://pmd.github.io/pmd/pmd_rules_java_bestpractices.html#junitassertionsshouldincludemessage" priority="3">
JUnit assertions should include a message
</violation>
<violation beginline="289" endline="289" begincolumn="3" endcolumn="12" rule="JUnitAssertionsShouldIncludeMessage" ruleset="Best Practices" package="org.junit.jupiter.engine" class="TestInstanceLifecycleTests" method="instancePerMethodWithNestedTestClass" externalInfoUrl="https://pmd.github.io/pmd/pmd_rules_java_bestpractices.html#junitassertionsshouldincludemessage" priority="3">
JUnit assertions should include a message
</violation>
<violation beginline="290" endline="290" begincolumn="3" endcolumn="12" rule="JUnitAssertionsShouldIncludeMessage" ruleset="Best Practices" package="org.junit.jupiter.engine" class="TestInstanceLifecycleTests" method="instancePerMethodWithNestedTestClass" externalInfoUrl="https://pmd.github.io/pmd/pmd_rules_java_bestpractices.html#junitassertionsshouldincludemessage" priority="3">
JUnit assertions should include a message
</violation>
<violation beginline="293" endline="293" begincolumn="3" endcolumn="15" rule="JUnitAssertionsShouldIncludeMessage" ruleset="Best Practices" package="org.junit.jupiter.engine" class="TestInstanceLifecycleTests" method="instancePerMethodWithNestedTestClass" externalInfoUrl="https://pmd.github.io/pmd/pmd_rules_java_bestpractices.html#junitassertionsshouldincludemessage" priority="3">
JUnit assertions should include a message
</violation>
<violation beginline="294" endline="294" begincolumn="3" endcolumn="12" rule="JUnitAssertionsShouldIncludeMessage" ruleset="Best Practices" package="org.junit.jupiter.engine" class="TestInstanceLifecycleTests" method="instancePerMethodWithNestedTestClass" externalInfoUrl="https://pmd.github.io/pmd/pmd_rules_java_bestpractices.html#junitassertionsshouldincludemessage" priority="3">
JUnit assertions should include a message
</violation>
<violation beginline="295" endline="295" begincolumn="3" endcolumn="12" rule="JUnitAssertionsShouldIncludeMessage" ruleset="Best Practices" package="org.junit.jupiter.engine" class="TestInstanceLifecycleTests" method="instancePerMethodWithNestedTestClass" externalInfoUrl="https://pmd.github.io/pmd/pmd_rules_java_bestpractices.html#junitassertionsshouldincludemessage" priority="3">
JUnit assertions should include a message
</violation>
<violation beginline="298" endline="298" begincolumn="3" endcolumn="15" rule="JUnitAssertionsShouldIncludeMessage" ruleset="Best Practices" package="org.junit.jupiter.engine" class="TestInstanceLifecycleTests" method="instancePerMethodWithNestedTestClass" externalInfoUrl="https://pmd.github.io/pmd/pmd_rules_java_bestpractices.html#junitassertionsshouldincludemessage" priority="3">
JUnit assertions should include a message
</violation>
<violation beginline="299" endline="299" begincolumn="3" endcolumn="15" rule="JUnitAssertionsShouldIncludeMessage" ruleset="Best Practices" package="org.junit.jupiter.engine" class="TestInstanceLifecycleTests" method="instancePerMethodWithNestedTestClass" externalInfoUrl="https://pmd.github.io/pmd/pmd_rules_java_bestpractices.html#junitassertionsshouldincludemessage" priority="3">
JUnit assertions should include a message
</violation>
<violation beginline="300" endline="300" begincolumn="3" endcolumn="12" rule="JUnitAssertionsShouldIncludeMessage" ruleset="Best Practices" package="org.junit.jupiter.engine" class="TestInstanceLifecycleTests" method="instancePerMethodWithNestedTestClass" externalInfoUrl="https://pmd.github.io/pmd/pmd_rules_java_bestpractices.html#junitassertionsshouldincludemessage" priority="3">
JUnit assertions should include a message
</violation>
<violation beginline="301" endline="301" begincolumn="3" endcolumn="12" rule="JUnitAssertionsShouldIncludeMessage" ruleset="Best Practices" package="org.junit.jupiter.engine" class="TestInstanceLifecycleTests" method="instancePerMethodWithNestedTestClass" externalInfoUrl="https://pmd.github.io/pmd/pmd_rules_java_bestpractices.html#junitassertionsshouldincludemessage" priority="3">
JUnit assertions should include a message
</violation>
<violation beginline="304" endline="304" begincolumn="3" endcolumn="15" rule="JUnitAssertionsShouldIncludeMessage" ruleset="Best Practices" package="org.junit.jupiter.engine" class="TestInstanceLifecycleTests" method="instancePerMethodWithNestedTestClass" externalInfoUrl="https://pmd.github.io/pmd/pmd_rules_java_bestpractices.html#junitassertionsshouldincludemessage" priority="3">
JUnit assertions should include a message
</violation>
<violation beginline="305" endline="305" begincolumn="3" endcolumn="15" rule="JUnitAssertionsShouldIncludeMessage" ruleset="Best Practices" package="org.junit.jupiter.engine" class="TestInstanceLifecycleTests" method="instancePerMethodWithNestedTestClass" externalInfoUrl="https://pmd.github.io/pmd/pmd_rules_java_bestpractices.html#junitassertionsshouldincludemessage" priority="3">
JUnit assertions should include a message
</violation>
<violation beginline="306" endline="306" begincolumn="3" endcolumn="15" rule="JUnitAssertionsShouldIncludeMessage" ruleset="Best Practices" package="org.junit.jupiter.engine" class="TestInstanceLifecycleTests" method="instancePerMethodWithNestedTestClass" externalInfoUrl="https://pmd.github.io/pmd/pmd_rules_java_bestpractices.html#junitassertionsshouldincludemessage" priority="3">
JUnit assertions should include a message
</violation>
<violation beginline="307" endline="307" begincolumn="3" endcolumn="12" rule="JUnitAssertionsShouldIncludeMessage" ruleset="Best Practices" package="org.junit.jupiter.engine" class="TestInstanceLifecycleTests" method="instancePerMethodWithNestedTestClass" externalInfoUrl="https://pmd.github.io/pmd/pmd_rules_java_bestpractices.html#junitassertionsshouldincludemessage" priority="3">
JUnit assertions should include a message
</violation>
<violation beginline="308" endline="308" begincolumn="3" endcolumn="12" rule="JUnitAssertionsShouldIncludeMessage" ruleset="Best Practices" package="org.junit.jupiter.engine" class="TestInstanceLifecycleTests" method="instancePerMethodWithNestedTestClass" externalInfoUrl="https://pmd.github.io/pmd/pmd_rules_java_bestpractices.html#junitassertionsshouldincludemessage" priority="3">
JUnit assertions should include a message
</violation>
<violation beginline="311" endline="311" begincolumn="3" endcolumn="15" rule="JUnitAssertionsShouldIncludeMessage" ruleset="Best Practices" package="org.junit.jupiter.engine" class="TestInstanceLifecycleTests" method="instancePerMethodWithNestedTestClass" externalInfoUrl="https://pmd.github.io/pmd/pmd_rules_java_bestpractices.html#junitassertionsshouldincludemessage" priority="3">
JUnit assertions should include a message
</violation>
<violation beginline="312" endline="312" begincolumn="3" endcolumn="15" rule="JUnitAssertionsShouldIncludeMessage" ruleset="Best Practices" package="org.junit.jupiter.engine" class="TestInstanceLifecycleTests" method="instancePerMethodWithNestedTestClass" externalInfoUrl="https://pmd.github.io/pmd/pmd_rules_java_bestpractices.html#junitassertionsshouldincludemessage" priority="3">
JUnit assertions should include a message
</violation>
<violation beginline="313" endline="313" begincolumn="3" endcolumn="15" rule="JUnitAssertionsShouldIncludeMessage" ruleset="Best Practices" package="org.junit.jupiter.engine" class="TestInstanceLifecycleTests" method="instancePerMethodWithNestedTestClass" externalInfoUrl="https://pmd.github.io/pmd/pmd_rules_java_bestpractices.html#junitassertionsshouldincludemessage" priority="3">
JUnit assertions should include a message
</violation>
<violation beginline="314" endline="314" begincolumn="3" endcolumn="12" rule="JUnitAssertionsShouldIncludeMessage" ruleset="Best Practices" package="org.junit.jupiter.engine" class="TestInstanceLifecycleTests" method="instancePerMethodWithNestedTestClass" externalInfoUrl="https://pmd.github.io/pmd/pmd_rules_java_bestpractices.html#junitassertionsshouldincludemessage" priority="3">
JUnit assertions should include a message
</violation>
<violation beginline="315" endline="315" begincolumn="3" endcolumn="12" rule="JUnitAssertionsShouldIncludeMessage" ruleset="Best Practices" package="org.junit.jupiter.engine" class="TestInstanceLifecycleTests" method="instancePerMethodWithNestedTestClass" externalInfoUrl="https://pmd.github.io/pmd/pmd_rules_java_bestpractices.html#junitassertionsshouldincludemessage" priority="3">
JUnit assertions should include a message
</violation>
<violation beginline="320" endline="320" begincolumn="3" endcolumn="15" rule="JUnitAssertionsShouldIncludeMessage" ruleset="Best Practices" package="org.junit.jupiter.engine" class="TestInstanceLifecycleTests" method="instancePerMethodWithNestedTestClass" externalInfoUrl="https://pmd.github.io/pmd/pmd_rules_java_bestpractices.html#junitassertionsshouldincludemessage" priority="3">
JUnit assertions should include a message
</violation>
<violation beginline="321" endline="321" begincolumn="3" endcolumn="15" rule="JUnitAssertionsShouldIncludeMessage" ruleset="Best Practices" package="org.junit.jupiter.engine" class="TestInstanceLifecycleTests" method="instancePerMethodWithNestedTestClass" externalInfoUrl="https://pmd.github.io/pmd/pmd_rules_java_bestpractices.html#junitassertionsshouldincludemessage" priority="3">
JUnit assertions should include a message
</violation>
<violation beginline="326" endline="326" begincolumn="3" endcolumn="12" rule="JUnitAssertionsShouldIncludeMessage" ruleset="Best Practices" package="org.junit.jupiter.engine" class="TestInstanceLifecycleTests" method="instancePerMethodWithNestedTestClass" externalInfoUrl="https://pmd.github.io/pmd/pmd_rules_java_bestpractices.html#junitassertionsshouldincludemessage" priority="3">
JUnit assertions should include a message
</violation>
<violation beginline="330" endline="416" begincolumn="2" endcolumn="2" rule="JUnitTestContainsTooManyAsserts" ruleset="Best Practices" package="org.junit.jupiter.engine" class="TestInstanceLifecycleTests" method="instancePerClassWithNestedTestClass" externalInfoUrl="https://pmd.github.io/pmd/pmd_rules_java_bestpractices.html#junittestcontainstoomanyasserts" priority="3">
Unit tests should not contain more than 1 assert(s).
</violation>
<violation beginline="390" endline="390" begincolumn="3" endcolumn="15" rule="JUnitAssertionsShouldIncludeMessage" ruleset="Best Practices" package="org.junit.jupiter.engine" class="TestInstanceLifecycleTests" method="instancePerClassWithNestedTestClass" externalInfoUrl="https://pmd.github.io/pmd/pmd_rules_java_bestpractices.html#junitassertionsshouldincludemessage" priority="3">
JUnit assertions should include a message
</violation>
<violation beginline="391" endline="391" begincolumn="3" endcolumn="12" rule="JUnitAssertionsShouldIncludeMessage" ruleset="Best Practices" package="org.junit.jupiter.engine" class="TestInstanceLifecycleTests" method="instancePerClassWithNestedTestClass" externalInfoUrl="https://pmd.github.io/pmd/pmd_rules_java_bestpractices.html#junitassertionsshouldincludemessage" priority="3">
JUnit assertions should include a message
</violation>
<violation beginline="392" endline="392" begincolumn="3" endcolumn="12" rule="JUnitAssertionsShouldIncludeMessage" ruleset="Best Practices" package="org.junit.jupiter.engine" class="TestInstanceLifecycleTests" method="instancePerClassWithNestedTestClass" externalInfoUrl="https://pmd.github.io/pmd/pmd_rules_java_bestpractices.html#junitassertionsshouldincludemessage" priority="3">
JUnit assertions should include a message
</violation>
<violation beginline="393" endline="393" begincolumn="3" endcolumn="12" rule="JUnitAssertionsShouldIncludeMessage" ruleset="Best Practices" package="org.junit.jupiter.engine" class="TestInstanceLifecycleTests" method="instancePerClassWithNestedTestClass" externalInfoUrl="https://pmd.github.io/pmd/pmd_rules_java_bestpractices.html#junitassertionsshouldincludemessage" priority="3">
JUnit assertions should include a message
</violation>
<violation beginline="394" endline="394" begincolumn="3" endcolumn="12" rule="JUnitAssertionsShouldIncludeMessage" ruleset="Best Practices" package="org.junit.jupiter.engine" class="TestInstanceLifecycleTests" method="instancePerClassWithNestedTestClass" externalInfoUrl="https://pmd.github.io/pmd/pmd_rules_java_bestpractices.html#junitassertionsshouldincludemessage" priority="3">
JUnit assertions should include a message
</violation>
<violation beginline="395" endline="395" begincolumn="3" endcolumn="12" rule="JUnitAssertionsShouldIncludeMessage" ruleset="Best Practices" package="org.junit.jupiter.engine" class="TestInstanceLifecycleTests" method="instancePerClassWithNestedTestClass" externalInfoUrl="https://pmd.github.io/pmd/pmd_rules_java_bestpractices.html#junitassertionsshouldincludemessage" priority="3">
JUnit assertions should include a message
</violation>
<violation beginline="396" endline="396" begincolumn="3" endcolumn="12" rule="JUnitAssertionsShouldIncludeMessage" ruleset="Best Practices" package="org.junit.jupiter.engine" class="TestInstanceLifecycleTests" method="instancePerClassWithNestedTestClass" externalInfoUrl="https://pmd.github.io/pmd/pmd_rules_java_bestpractices.html#junitassertionsshouldincludemessage" priority="3">
JUnit assertions should include a message
</violation>
<violation beginline="399" endline="399" begincolumn="3" endcolumn="15" rule="JUnitAssertionsShouldIncludeMessage" ruleset="Best Practices" package="org.junit.jupiter.engine" class="TestInstanceLifecycleTests" method="instancePerClassWithNestedTestClass" externalInfoUrl="https://pmd.github.io/pmd/pmd_rules_java_bestpractices.html#junitassertionsshouldincludemessage" priority="3">
JUnit assertions should include a message
</violation>
<violation beginline="400" endline="400" begincolumn="3" endcolumn="15" rule="JUnitAssertionsShouldIncludeMessage" ruleset="Best Practices" package="org.junit.jupiter.engine" class="TestInstanceLifecycleTests" method="instancePerClassWithNestedTestClass" externalInfoUrl="https://pmd.github.io/pmd/pmd_rules_java_bestpractices.html#junitassertionsshouldincludemessage" priority="3">
JUnit assertions should include a message
</violation>
<violation beginline="401" endline="401" begincolumn="3" endcolumn="12" rule="JUnitAssertionsShouldIncludeMessage" ruleset="Best Practices" package="org.junit.jupiter.engine" class="TestInstanceLifecycleTests" method="instancePerClassWithNestedTestClass" externalInfoUrl="https://pmd.github.io/pmd/pmd_rules_java_bestpractices.html#junitassertionsshouldincludemessage" priority="3">
JUnit assertions should include a message
</violation>
<violation beginline="402" endline="402" begincolumn="3" endcolumn="12" rule="JUnitAssertionsShouldIncludeMessage" ruleset="Best Practices" package="org.junit.jupiter.engine" class="TestInstanceLifecycleTests" method="instancePerClassWithNestedTestClass" externalInfoUrl="https://pmd.github.io/pmd/pmd_rules_java_bestpractices.html#junitassertionsshouldincludemessage" priority="3">
JUnit assertions should include a message
</violation>
<violation beginline="403" endline="403" begincolumn="3" endcolumn="12" rule="JUnitAssertionsShouldIncludeMessage" ruleset="Best Practices" package="org.junit.jupiter.engine" class="TestInstanceLifecycleTests" method="instancePerClassWithNestedTestClass" externalInfoUrl="https://pmd.github.io/pmd/pmd_rules_java_bestpractices.html#junitassertionsshouldincludemessage" priority="3">
JUnit assertions should include a message
</violation>
<violation beginline="404" endline="404" begincolumn="3" endcolumn="12" rule="JUnitAssertionsShouldIncludeMessage" ruleset="Best Practices" package="org.junit.jupiter.engine" class="TestInstanceLifecycleTests" method="instancePerClassWithNestedTestClass" externalInfoUrl="https://pmd.github.io/pmd/pmd_rules_java_bestpractices.html#junitassertionsshouldincludemessage" priority="3">
JUnit assertions should include a message
</violation>
<violation beginline="405" endline="405" begincolumn="3" endcolumn="12" rule="JUnitAssertionsShouldIncludeMessage" ruleset="Best Practices" package="org.junit.jupiter.engine" class="TestInstanceLifecycleTests" method="instancePerClassWithNestedTestClass" externalInfoUrl="https://pmd.github.io/pmd/pmd_rules_java_bestpractices.html#junitassertionsshouldincludemessage" priority="3">
JUnit assertions should include a message
</violation>
<violation beginline="406" endline="406" begincolumn="3" endcolumn="12" rule="JUnitAssertionsShouldIncludeMessage" ruleset="Best Practices" package="org.junit.jupiter.engine" class="TestInstanceLifecycleTests" method="instancePerClassWithNestedTestClass" externalInfoUrl="https://pmd.github.io/pmd/pmd_rules_java_bestpractices.html#junitassertionsshouldincludemessage" priority="3">
JUnit assertions should include a message
</violation>
<violation beginline="407" endline="407" begincolumn="3" endcolumn="12" rule="JUnitAssertionsShouldIncludeMessage" ruleset="Best Practices" package="org.junit.jupiter.engine" class="TestInstanceLifecycleTests" method="instancePerClassWithNestedTestClass" externalInfoUrl="https://pmd.github.io/pmd/pmd_rules_java_bestpractices.html#junitassertionsshouldincludemessage" priority="3">
JUnit assertions should include a message
</violation>
<violation beginline="408" endline="408" begincolumn="3" endcolumn="12" rule="JUnitAssertionsShouldIncludeMessage" ruleset="Best Practices" package="org.junit.jupiter.engine" class="TestInstanceLifecycleTests" method="instancePerClassWithNestedTestClass" externalInfoUrl="https://pmd.github.io/pmd/pmd_rules_java_bestpractices.html#junitassertionsshouldincludemessage" priority="3">
JUnit assertions should include a message
</violation>
<violation beginline="409" endline="409" begincolumn="3" endcolumn="12" rule="JUnitAssertionsShouldIncludeMessage" ruleset="Best Practices" package="org.junit.jupiter.engine" class="TestInstanceLifecycleTests" method="instancePerClassWithNestedTestClass" externalInfoUrl="https://pmd.github.io/pmd/pmd_rules_java_bestpractices.html#junitassertionsshouldincludemessage" priority="3">
JUnit assertions should include a message
</violation>
<violation beginline="410" endline="410" begincolumn="3" endcolumn="12" rule="JUnitAssertionsShouldIncludeMessage" ruleset="Best Practices" package="org.junit.jupiter.engine" class="TestInstanceLifecycleTests" method="instancePerClassWithNestedTestClass" externalInfoUrl="https://pmd.github.io/pmd/pmd_rules_java_bestpractices.html#junitassertionsshouldincludemessage" priority="3">
JUnit assertions should include a message
</violation>
<violation beginline="411" endline="411" begincolumn="3" endcolumn="12" rule="JUnitAssertionsShouldIncludeMessage" ruleset="Best Practices" package="org.junit.jupiter.engine" class="TestInstanceLifecycleTests" method="instancePerClassWithNestedTestClass" externalInfoUrl="https://pmd.github.io/pmd/pmd_rules_java_bestpractices.html#junitassertionsshouldincludemessage" priority="3">
JUnit assertions should include a message
</violation>
<violation beginline="412" endline="412" begincolumn="3" endcolumn="12" rule="JUnitAssertionsShouldIncludeMessage" ruleset="Best Practices" package="org.junit.jupiter.engine" class="TestInstanceLifecycleTests" method="instancePerClassWithNestedTestClass" externalInfoUrl="https://pmd.github.io/pmd/pmd_rules_java_bestpractices.html#junitassertionsshouldincludemessage" priority="3">
JUnit assertions should include a message
</violation>
<violation beginline="415" endline="415" begincolumn="3" endcolumn="12" rule="JUnitAssertionsShouldIncludeMessage" ruleset="Best Practices" package="org.junit.jupiter.engine" class="TestInstanceLifecycleTests" method="instancePerClassWithNestedTestClass" externalInfoUrl="https://pmd.github.io/pmd/pmd_rules_java_bestpractices.html#junitassertionsshouldincludemessage" priority="3">
JUnit assertions should include a message
</violation>
<violation beginline="419" endline="508" begincolumn="2" endcolumn="2" rule="JUnitTestContainsTooManyAsserts" ruleset="Best Practices" package="org.junit.jupiter.engine" class="TestInstanceLifecycleTests" method="instancePerMethodOnOuterTestClassWithInstancePerClassOnNestedTestClass" externalInfoUrl="https://pmd.github.io/pmd/pmd_rules_java_bestpractices.html#junittestcontainstoomanyasserts" priority="3">
Unit tests should not contain more than 1 assert(s).
</violation>
<violation beginline="478" endline="478" begincolumn="3" endcolumn="12" rule="JUnitAssertionsShouldIncludeMessage" ruleset="Best Practices" package="org.junit.jupiter.engine" class="TestInstanceLifecycleTests" method="instancePerMethodOnOuterTestClassWithInstancePerClassOnNestedTestClass" externalInfoUrl="https://pmd.github.io/pmd/pmd_rules_java_bestpractices.html#junitassertionsshouldincludemessage" priority="3">
JUnit assertions should include a message
</violation>
<violation beginline="479" endline="479" begincolumn="3" endcolumn="12" rule="JUnitAssertionsShouldIncludeMessage" ruleset="Best Practices" package="org.junit.jupiter.engine" class="TestInstanceLifecycleTests" method="instancePerMethodOnOuterTestClassWithInstancePerClassOnNestedTestClass" externalInfoUrl="https://pmd.github.io/pmd/pmd_rules_java_bestpractices.html#junitassertionsshouldincludemessage" priority="3">
JUnit assertions should include a message
</violation>
<violation beginline="480" endline="480" begincolumn="3" endcolumn="12" rule="JUnitAssertionsShouldIncludeMessage" ruleset="Best Practices" package="org.junit.jupiter.engine" class="TestInstanceLifecycleTests" method="instancePerMethodOnOuterTestClassWithInstancePerClassOnNestedTestClass" externalInfoUrl="https://pmd.github.io/pmd/pmd_rules_java_bestpractices.html#junitassertionsshouldincludemessage" priority="3">
JUnit assertions should include a message
</violation>
<violation beginline="483" endline="483" begincolumn="3" endcolumn="12" rule="JUnitAssertionsShouldIncludeMessage" ruleset="Best Practices" package="org.junit.jupiter.engine" class="TestInstanceLifecycleTests" method="instancePerMethodOnOuterTestClassWithInstancePerClassOnNestedTestClass" externalInfoUrl="https://pmd.github.io/pmd/pmd_rules_java_bestpractices.html#junitassertionsshouldincludemessage" priority="3">
JUnit assertions should include a message
</violation>
<violation beginline="484" endline="484" begincolumn="3" endcolumn="12" rule="JUnitAssertionsShouldIncludeMessage" ruleset="Best Practices" package="org.junit.jupiter.engine" class="TestInstanceLifecycleTests" method="instancePerMethodOnOuterTestClassWithInstancePerClassOnNestedTestClass" externalInfoUrl="https://pmd.github.io/pmd/pmd_rules_java_bestpractices.html#junitassertionsshouldincludemessage" priority="3">
JUnit assertions should include a message
</violation>
<violation beginline="487" endline="487" begincolumn="3" endcolumn="15" rule="JUnitAssertionsShouldIncludeMessage" ruleset="Best Practices" package="org.junit.jupiter.engine" class="TestInstanceLifecycleTests" method="instancePerMethodOnOuterTestClassWithInstancePerClassOnNestedTestClass" externalInfoUrl="https://pmd.github.io/pmd/pmd_rules_java_bestpractices.html#junitassertionsshouldincludemessage" priority="3">
JUnit assertions should include a message
</violation>
<violation beginline="488" endline="488" begincolumn="3" endcolumn="15" rule="JUnitAssertionsShouldIncludeMessage" ruleset="Best Practices" package="org.junit.jupiter.engine" class="TestInstanceLifecycleTests" method="instancePerMethodOnOuterTestClassWithInstancePerClassOnNestedTestClass" externalInfoUrl="https://pmd.github.io/pmd/pmd_rules_java_bestpractices.html#junitassertionsshouldincludemessage" priority="3">
JUnit assertions should include a message
</violation>
<violation beginline="489" endline="489" begincolumn="3" endcolumn="12" rule="JUnitAssertionsShouldIncludeMessage" ruleset="Best Practices" package="org.junit.jupiter.engine" class="TestInstanceLifecycleTests" method="instancePerMethodOnOuterTestClassWithInstancePerClassOnNestedTestClass" externalInfoUrl="https://pmd.github.io/pmd/pmd_rules_java_bestpractices.html#junitassertionsshouldincludemessage" priority="3">
JUnit assertions should include a message
</violation>
<violation beginline="490" endline="490" begincolumn="3" endcolumn="12" rule="JUnitAssertionsShouldIncludeMessage" ruleset="Best Practices" package="org.junit.jupiter.engine" class="TestInstanceLifecycleTests" method="instancePerMethodOnOuterTestClassWithInstancePerClassOnNestedTestClass" externalInfoUrl="https://pmd.github.io/pmd/pmd_rules_java_bestpractices.html#junitassertionsshouldincludemessage" priority="3">
JUnit assertions should include a message
</violation>
<violation beginline="491" endline="491" begincolumn="3" endcolumn="12" rule="JUnitAssertionsShouldIncludeMessage" ruleset="Best Practices" package="org.junit.jupiter.engine" class="TestInstanceLifecycleTests" method="instancePerMethodOnOuterTestClassWithInstancePerClassOnNestedTestClass" externalInfoUrl="https://pmd.github.io/pmd/pmd_rules_java_bestpractices.html#junitassertionsshouldincludemessage" priority="3">
JUnit assertions should include a message
</violation>
<violation beginline="492" endline="492" begincolumn="3" endcolumn="12" rule="JUnitAssertionsShouldIncludeMessage" ruleset="Best Practices" package="org.junit.jupiter.engine" class="TestInstanceLifecycleTests" method="instancePerMethodOnOuterTestClassWithInstancePerClassOnNestedTestClass" externalInfoUrl="https://pmd.github.io/pmd/pmd_rules_java_bestpractices.html#junitassertionsshouldincludemessage" priority="3">
JUnit assertions should include a message
</violation>
<violation beginline="493" endline="493" begincolumn="3" endcolumn="12" rule="JUnitAssertionsShouldIncludeMessage" ruleset="Best Practices" package="org.junit.jupiter.engine" class="TestInstanceLifecycleTests" method="instancePerMethodOnOuterTestClassWithInstancePerClassOnNestedTestClass" externalInfoUrl="https://pmd.github.io/pmd/pmd_rules_java_bestpractices.html#junitassertionsshouldincludemessage" priority="3">
JUnit assertions should include a message
</violation>
<violation beginline="494" endline="494" begincolumn="3" endcolumn="12" rule="JUnitAssertionsShouldIncludeMessage" ruleset="Best Practices" package="org.junit.jupiter.engine" class="TestInstanceLifecycleTests" method="instancePerMethodOnOuterTestClassWithInstancePerClassOnNestedTestClass" externalInfoUrl="https://pmd.github.io/pmd/pmd_rules_java_bestpractices.html#junitassertionsshouldincludemessage" priority="3">
JUnit assertions should include a message
</violation>
<violation beginline="495" endline="495" begincolumn="3" endcolumn="12" rule="JUnitAssertionsShouldIncludeMessage" ruleset="Best Practices" package="org.junit.jupiter.engine" class="TestInstanceLifecycleTests" method="instancePerMethodOnOuterTestClassWithInstancePerClassOnNestedTestClass" externalInfoUrl="https://pmd.github.io/pmd/pmd_rules_java_bestpractices.html#junitassertionsshouldincludemessage" priority="3">
JUnit assertions should include a message
</violation>
<violation beginline="496" endline="496" begincolumn="3" endcolumn="12" rule="JUnitAssertionsShouldIncludeMessage" ruleset="Best Practices" package="org.junit.jupiter.engine" class="TestInstanceLifecycleTests" method="instancePerMethodOnOuterTestClassWithInstancePerClassOnNestedTestClass" externalInfoUrl="https://pmd.github.io/pmd/pmd_rules_java_bestpractices.html#junitassertionsshouldincludemessage" priority="3">
JUnit assertions should include a message
</violation>
<violation beginline="497" endline="497" begincolumn="3" endcolumn="12" rule="JUnitAssertionsShouldIncludeMessage" ruleset="Best Practices" package="org.junit.jupiter.engine" class="TestInstanceLifecycleTests" method="instancePerMethodOnOuterTestClassWithInstancePerClassOnNestedTestClass" externalInfoUrl="https://pmd.github.io/pmd/pmd_rules_java_bestpractices.html#junitassertionsshouldincludemessage" priority="3">
JUnit assertions should include a message
</violation>
<violation beginline="498" endline="498" begincolumn="3" endcolumn="12" rule="JUnitAssertionsShouldIncludeMessage" ruleset="Best Practices" package="org.junit.jupiter.engine" class="TestInstanceLifecycleTests" method="instancePerMethodOnOuterTestClassWithInstancePerClassOnNestedTestClass" externalInfoUrl="https://pmd.github.io/pmd/pmd_rules_java_bestpractices.html#junitassertionsshouldincludemessage" priority="3">
JUnit assertions should include a message
</violation>
<violation beginline="499" endline="499" begincolumn="3" endcolumn="12" rule="JUnitAssertionsShouldIncludeMessage" ruleset="Best Practices" package="org.junit.jupiter.engine" class="TestInstanceLifecycleTests" method="instancePerMethodOnOuterTestClassWithInstancePerClassOnNestedTestClass" externalInfoUrl="https://pmd.github.io/pmd/pmd_rules_java_bestpractices.html#junitassertionsshouldincludemessage" priority="3">
JUnit assertions should include a message
</violation>
<violation beginline="500" endline="500" begincolumn="3" endcolumn="12" rule="JUnitAssertionsShouldIncludeMessage" ruleset="Best Practices" package="org.junit.jupiter.engine" class="TestInstanceLifecycleTests" method="instancePerMethodOnOuterTestClassWithInstancePerClassOnNestedTestClass" externalInfoUrl="https://pmd.github.io/pmd/pmd_rules_java_bestpractices.html#junitassertionsshouldincludemessage" priority="3">
JUnit assertions should include a message
</violation>
<violation beginline="505" endline="505" begincolumn="3" endcolumn="14" rule="JUnitAssertionsShouldIncludeMessage" ruleset="Best Practices" package="org.junit.jupiter.engine" class="TestInstanceLifecycleTests" method="instancePerMethodOnOuterTestClassWithInstancePerClassOnNestedTestClass" externalInfoUrl="https://pmd.github.io/pmd/pmd_rules_java_bestpractices.html#junitassertionsshouldincludemessage" priority="3">
JUnit assertions should include a message
</violation>
<violation beginline="506" endline="506" begincolumn="3" endcolumn="15" rule="JUnitAssertionsShouldIncludeMessage" ruleset="Best Practices" package="org.junit.jupiter.engine" class="TestInstanceLifecycleTests" method="instancePerMethodOnOuterTestClassWithInstancePerClassOnNestedTestClass" externalInfoUrl="https://pmd.github.io/pmd/pmd_rules_java_bestpractices.html#junitassertionsshouldincludemessage" priority="3">
JUnit assertions should include a message
</violation>
<violation beginline="507" endline="507" begincolumn="3" endcolumn="12" rule="JUnitAssertionsShouldIncludeMessage" ruleset="Best Practices" package="org.junit.jupiter.engine" class="TestInstanceLifecycleTests" method="instancePerMethodOnOuterTestClassWithInstancePerClassOnNestedTestClass" externalInfoUrl="https://pmd.github.io/pmd/pmd_rules_java_bestpractices.html#junitassertionsshouldincludemessage" priority="3">
JUnit assertions should include a message
</violation>
<violation beginline="511" endline="525" begincolumn="2" endcolumn="2" rule="JUnitTestContainsTooManyAsserts" ruleset="Best Practices" package="org.junit.jupiter.engine" class="TestInstanceLifecycleTests" method="instancePerClassCanBeUsedForKotlinTestClasses" externalInfoUrl="https://pmd.github.io/pmd/pmd_rules_java_bestpractices.html#junittestcontainstoomanyasserts" priority="3">
Unit tests should not contain more than 1 assert(s).
</violation>
<violation beginline="519" endline="519" begincolumn="3" endcolumn="12" rule="JUnitAssertionsShouldIncludeMessage" ruleset="Best Practices" package="org.junit.jupiter.engine" class="TestInstanceLifecycleTests" method="instancePerClassCanBeUsedForKotlinTestClasses" externalInfoUrl="https://pmd.github.io/pmd/pmd_rules_java_bestpractices.html#junitassertionsshouldincludemessage" priority="3">
JUnit assertions should include a message
</violation>
<violation beginline="519" endline="519" begincolumn="3" endcolumn="12" rule="JUnitAssertionsShouldIncludeMessage" ruleset="Best Practices" package="org.junit.jupiter.engine" class="TestInstanceLifecycleTests" method="instancePerClassCanBeUsedForKotlinTestClasses" externalInfoUrl="https://pmd.github.io/pmd/pmd_rules_java_bestpractices.html#junitassertionsshouldincludemessage" priority="3">
JUnit assertions should include a message
</violation>
<violation beginline="519" endline="519" begincolumn="3" endcolumn="12" rule="JUnitAssertionsShouldIncludeMessage" ruleset="Best Practices" package="org.junit.jupiter.engine" class="TestInstanceLifecycleTests" method="instancePerClassCanBeUsedForKotlinTestClasses" externalInfoUrl="https://pmd.github.io/pmd/pmd_rules_java_bestpractices.html#junitassertionsshouldincludemessage" priority="3">
JUnit assertions should include a message
</violation>
<violation beginline="519" endline="519" begincolumn="3" endcolumn="12" rule="JUnitAssertionsShouldIncludeMessage" ruleset="Best Practices" package="org.junit.jupiter.engine" class="TestInstanceLifecycleTests" method="instancePerClassCanBeUsedForKotlinTestClasses" externalInfoUrl="https://pmd.github.io/pmd/pmd_rules_java_bestpractices.html#junitassertionsshouldincludemessage" priority="3">
JUnit assertions should include a message
</violation>
<violation beginline="519" endline="519" begincolumn="3" endcolumn="12" rule="JUnitAssertionsShouldIncludeMessage" ruleset="Best Practices" package="org.junit.jupiter.engine" class="TestInstanceLifecycleTests" method="instancePerClassCanBeUsedForKotlinTestClasses" externalInfoUrl="https://pmd.github.io/pmd/pmd_rules_java_bestpractices.html#junitassertionsshouldincludemessage" priority="3">
JUnit assertions should include a message
</violation>
<violation beginline="528" endline="553" begincolumn="2" endcolumn="2" rule="JUnitTestContainsTooManyAsserts" ruleset="Best Practices" package="org.junit.jupiter.engine" class="TestInstanceLifecycleTests" method="instancePerMethodIsDefaultForKotlinTestClasses" externalInfoUrl="https://pmd.github.io/pmd/pmd_rules_java_bestpractices.html#junittestcontainstoomanyasserts" priority="3">
Unit tests should not contain more than 1 assert(s).
</violation>
<violation beginline="542" endline="542" begincolumn="3" endcolumn="12" rule="JUnitAssertionsShouldIncludeMessage" ruleset="Best Practices" package="org.junit.jupiter.engine" class="TestInstanceLifecycleTests" method="instancePerMethodIsDefaultForKotlinTestClasses" externalInfoUrl="https://pmd.github.io/pmd/pmd_rules_java_bestpractices.html#junitassertionsshouldincludemessage" priority="3">
JUnit assertions should include a message
</violation>
<violation beginline="542" endline="542" begincolumn="3" endcolumn="12" rule="JUnitAssertionsShouldIncludeMessage" ruleset="Best Practices" package="org.junit.jupiter.engine" class="TestInstanceLifecycleTests" method="instancePerMethodIsDefaultForKotlinTestClasses" externalInfoUrl="https://pmd.github.io/pmd/pmd_rules_java_bestpractices.html#junitassertionsshouldincludemessage" priority="3">
JUnit assertions should include a message
</violation>
<violation beginline="545" endline="545" begincolumn="3" endcolumn="12" rule="JUnitAssertionsShouldIncludeMessage" ruleset="Best Practices" package="org.junit.jupiter.engine" class="TestInstanceLifecycleTests" method="instancePerMethodIsDefaultForKotlinTestClasses" externalInfoUrl="https://pmd.github.io/pmd/pmd_rules_java_bestpractices.html#junitassertionsshouldincludemessage" priority="3">
JUnit assertions should include a message
</violation>
<violation beginline="545" endline="545" begincolumn="3" endcolumn="12" rule="JUnitAssertionsShouldIncludeMessage" ruleset="Best Practices" package="org.junit.jupiter.engine" class="TestInstanceLifecycleTests" method="instancePerMethodIsDefaultForKotlinTestClasses" externalInfoUrl="https://pmd.github.io/pmd/pmd_rules_java_bestpractices.html#junitassertionsshouldincludemessage" priority="3">
JUnit assertions should include a message
</violation>
<violation beginline="545" endline="545" begincolumn="3" endcolumn="12" rule="JUnitAssertionsShouldIncludeMessage" ruleset="Best Practices" package="org.junit.jupiter.engine" class="TestInstanceLifecycleTests" method="instancePerMethodIsDefaultForKotlinTestClasses" externalInfoUrl="https://pmd.github.io/pmd/pmd_rules_java_bestpractices.html#junitassertionsshouldincludemessage" priority="3">
JUnit assertions should include a message
</violation>
<violation beginline="549" endline="549" begincolumn="3" endcolumn="12" rule="JUnitAssertionsShouldIncludeMessage" ruleset="Best Practices" package="org.junit.jupiter.engine" class="TestInstanceLifecycleTests" method="instancePerMethodIsDefaultForKotlinTestClasses" externalInfoUrl="https://pmd.github.io/pmd/pmd_rules_java_bestpractices.html#junitassertionsshouldincludemessage" priority="3">
JUnit assertions should include a message
</violation>
<violation beginline="549" endline="549" begincolumn="3" endcolumn="12" rule="JUnitAssertionsShouldIncludeMessage" ruleset="Best Practices" package="org.junit.jupiter.engine" class="TestInstanceLifecycleTests" method="instancePerMethodIsDefaultForKotlinTestClasses" externalInfoUrl="https://pmd.github.io/pmd/pmd_rules_java_bestpractices.html#junitassertionsshouldincludemessage" priority="3">
JUnit assertions should include a message
</violation>
<violation beginline="549" endline="549" begincolumn="3" endcolumn="12" rule="JUnitAssertionsShouldIncludeMessage" ruleset="Best Practices" package="org.junit.jupiter.engine" class="TestInstanceLifecycleTests" method="instancePerMethodIsDefaultForKotlinTestClasses" externalInfoUrl="https://pmd.github.io/pmd/pmd_rules_java_bestpractices.html#junitassertionsshouldincludemessage" priority="3">
JUnit assertions should include a message
</violation>
<violation beginline="638" endline="638" begincolumn="4" endcolumn="16" rule="JUnitAssertionsShouldIncludeMessage" ruleset="Best Practices" package="org.junit.jupiter.engine" class="TestInstanceLifecycleTests$InstancePerMethodTestCase" method="beforeAllStatic" externalInfoUrl="https://pmd.github.io/pmd/pmd_rules_java_bestpractices.html#junitassertionsshouldincludemessage" priority="3">
JUnit assertions should include a message
</violation>
<violation beginline="648" endline="650" begincolumn="3" endcolumn="3" rule="JUnitTestsShouldIncludeAssert" ruleset="Best Practices" package="org.junit.jupiter.engine" class="TestInstanceLifecycleTests$InstancePerMethodTestCase" method="test1" externalInfoUrl="https://pmd.github.io/pmd/pmd_rules_java_bestpractices.html#junittestsshouldincludeassert" priority="3">
JUnit tests should include assert() or fail()
</violation>
<violation beginline="653" endline="655" begincolumn="3" endcolumn="3" rule="JUnitTestsShouldIncludeAssert" ruleset="Best Practices" package="org.junit.jupiter.engine" class="TestInstanceLifecycleTests$InstancePerMethodTestCase" method="test2" externalInfoUrl="https://pmd.github.io/pmd/pmd_rules_java_bestpractices.html#junittestsshouldincludeassert" priority="3">
JUnit tests should include assert() or fail()
</violation>
<violation beginline="657" endline="660" begincolumn="3" endcolumn="3" rule="DefaultPackage" ruleset="Code Style" package="org.junit.jupiter.engine" class="TestInstanceLifecycleTests$InstancePerMethodTestCase" externalInfoUrl="https://pmd.github.io/pmd/pmd_rules_java_codestyle.html#defaultpackage" priority="3">
Use explicit scoping instead of the default package private level
</violation>
<violation beginline="669" endline="669" begincolumn="4" endcolumn="16" rule="JUnitAssertionsShouldIncludeMessage" ruleset="Best Practices" package="org.junit.jupiter.engine" class="TestInstanceLifecycleTests$InstancePerMethodTestCase" method="afterAllStatic" externalInfoUrl="https://pmd.github.io/pmd/pmd_rules_java_bestpractices.html#junitassertionsshouldincludemessage" priority="3">
JUnit assertions should include a message
</violation>
<violation beginline="684" endline="684" begincolumn="4" endcolumn="16" rule="JUnitAssertionsShouldIncludeMessage" ruleset="Best Practices" package="org.junit.jupiter.engine" class="TestInstanceLifecycleTests$InstancePerClassTestCase" method="beforeAll" externalInfoUrl="https://pmd.github.io/pmd/pmd_rules_java_bestpractices.html#junitassertionsshouldincludemessage" priority="3">
JUnit assertions should include a message
</violation>
<violation beginline="690" endline="690" begincolumn="4" endcolumn="16" rule="JUnitAssertionsShouldIncludeMessage" ruleset="Best Practices" package="org.junit.jupiter.engine" class="TestInstanceLifecycleTests$InstancePerClassTestCase" method="afterAll" externalInfoUrl="https://pmd.github.io/pmd/pmd_rules_java_bestpractices.html#junitassertionsshouldincludemessage" priority="3">
JUnit assertions should include a message
</violation>
<violation beginline="707" endline="707" begincolumn="21" endcolumn="28" rule="AvoidDuplicateLiterals" ruleset="Error Prone" package="org.junit.jupiter.engine" class="TestInstanceLifecycleTests$InstancePerMethodOuterTestCase" externalInfoUrl="https://pmd.github.io/pmd/pmd_rules_java_errorprone.html#avoidduplicateliterals" priority="3">
The String literal "unused" appears 6 times in this file; the first occurrence is on line 707
</violation>
<violation beginline="714" endline="714" begincolumn="4" endcolumn="16" rule="JUnitAssertionsShouldIncludeMessage" ruleset="Best Practices" package="org.junit.jupiter.engine" class="TestInstanceLifecycleTests$InstancePerMethodOuterTestCase" method="beforeAll" externalInfoUrl="https://pmd.github.io/pmd/pmd_rules_java_bestpractices.html#junitassertionsshouldincludemessage" priority="3">
JUnit assertions should include a message
</violation>
<violation beginline="720" endline="720" begincolumn="4" endcolumn="13" rule="JUnitAssertionsShouldIncludeMessage" ruleset="Best Practices" package="org.junit.jupiter.engine" class="TestInstanceLifecycleTests$InstancePerMethodOuterTestCase" method="outerTest" externalInfoUrl="https://pmd.github.io/pmd/pmd_rules_java_bestpractices.html#junitassertionsshouldincludemessage" priority="3">
JUnit assertions should include a message
</violation>
<violation beginline="725" endline="725" begincolumn="4" endcolumn="16" rule="JUnitAssertionsShouldIncludeMessage" ruleset="Best Practices" package="org.junit.jupiter.engine" class="TestInstanceLifecycleTests$InstancePerMethodOuterTestCase" method="afterAll" externalInfoUrl="https://pmd.github.io/pmd/pmd_rules_java_bestpractices.html#junitassertionsshouldincludemessage" priority="3">
JUnit assertions should include a message
</violation>
<violation beginline="746" endline="746" begincolumn="5" endcolumn="14" rule="JUnitAssertionsShouldIncludeMessage" ruleset="Best Practices" package="org.junit.jupiter.engine" class="TestInstanceLifecycleTests$InstancePerMethodOuterTestCase$NestedInstancePerMethodTestCase" method="test1" externalInfoUrl="https://pmd.github.io/pmd/pmd_rules_java_bestpractices.html#junitassertionsshouldincludemessage" priority="3">
JUnit assertions should include a message
</violation>
<violation beginline="752" endline="752" begincolumn="5" endcolumn="14" rule="JUnitAssertionsShouldIncludeMessage" ruleset="Best Practices" package="org.junit.jupiter.engine" class="TestInstanceLifecycleTests$InstancePerMethodOuterTestCase$NestedInstancePerMethodTestCase" method="test2" externalInfoUrl="https://pmd.github.io/pmd/pmd_rules_java_bestpractices.html#junitassertionsshouldincludemessage" priority="3">
JUnit assertions should include a message
</violation>
<violation beginline="756" endline="760" begincolumn="4" endcolumn="4" rule="DefaultPackage" ruleset="Code Style" package="org.junit.jupiter.engine" class="TestInstanceLifecycleTests$InstancePerMethodOuterTestCase$NestedInstancePerMethodTestCase" externalInfoUrl="https://pmd.github.io/pmd/pmd_rules_java_codestyle.html#defaultpackage" priority="3">
Use explicit scoping instead of the default package private level
</violation>
<violation beginline="758" endline="758" begincolumn="5" endcolumn="14" rule="JUnitAssertionsShouldIncludeMessage" ruleset="Best Practices" package="org.junit.jupiter.engine" class="TestInstanceLifecycleTests$InstancePerMethodOuterTestCase$NestedInstancePerMethodTestCase" method="singletonTest" externalInfoUrl="https://pmd.github.io/pmd/pmd_rules_java_bestpractices.html#junitassertionsshouldincludemessage" priority="3">
JUnit assertions should include a message
</violation>
<violation beginline="780" endline="780" begincolumn="4" endcolumn="16" rule="JUnitAssertionsShouldIncludeMessage" ruleset="Best Practices" package="org.junit.jupiter.engine" class="TestInstanceLifecycleTests$InstancePerClassOuterTestCase" method="beforeAll" externalInfoUrl="https://pmd.github.io/pmd/pmd_rules_java_bestpractices.html#junitassertionsshouldincludemessage" priority="3">
JUnit assertions should include a message
</violation>
<violation beginline="786" endline="786" begincolumn="4" endcolumn="13" rule="JUnitAssertionsShouldIncludeMessage" ruleset="Best Practices" package="org.junit.jupiter.engine" class="TestInstanceLifecycleTests$InstancePerClassOuterTestCase" method="outerTest" externalInfoUrl="https://pmd.github.io/pmd/pmd_rules_java_bestpractices.html#junitassertionsshouldincludemessage" priority="3">
JUnit assertions should include a message
</violation>
<violation beginline="791" endline="791" begincolumn="4" endcolumn="16" rule="JUnitAssertionsShouldIncludeMessage" ruleset="Best Practices" package="org.junit.jupiter.engine" class="TestInstanceLifecycleTests$InstancePerClassOuterTestCase" method="afterAll" externalInfoUrl="https://pmd.github.io/pmd/pmd_rules_java_bestpractices.html#junitassertionsshouldincludemessage" priority="3">
JUnit assertions should include a message
</violation>
<violation beginline="806" endline="806" begincolumn="5" endcolumn="17" rule="JUnitAssertionsShouldIncludeMessage" ruleset="Best Practices" package="org.junit.jupiter.engine" class="TestInstanceLifecycleTests$InstancePerClassOuterTestCase$NestedInstancePerClassTestCase" method="beforeAll" externalInfoUrl="https://pmd.github.io/pmd/pmd_rules_java_bestpractices.html#junitassertionsshouldincludemessage" priority="3">
JUnit assertions should include a message
</violation>
<violation beginline="817" endline="817" begincolumn="5" endcolumn="14" rule="JUnitAssertionsShouldIncludeMessage" ruleset="Best Practices" package="org.junit.jupiter.engine" class="TestInstanceLifecycleTests$InstancePerClassOuterTestCase$NestedInstancePerClassTestCase" method="test1" externalInfoUrl="https://pmd.github.io/pmd/pmd_rules_java_bestpractices.html#junitassertionsshouldincludemessage" priority="3">
JUnit assertions should include a message
</violation>
<violation beginline="823" endline="823" begincolumn="5" endcolumn="14" rule="JUnitAssertionsShouldIncludeMessage" ruleset="Best Practices" package="org.junit.jupiter.engine" class="TestInstanceLifecycleTests$InstancePerClassOuterTestCase$NestedInstancePerClassTestCase" method="test2" externalInfoUrl="https://pmd.github.io/pmd/pmd_rules_java_bestpractices.html#junitassertionsshouldincludemessage" priority="3">
JUnit assertions should include a message
</violation>
<violation beginline="827" endline="831" begincolumn="4" endcolumn="4" rule="DefaultPackage" ruleset="Code Style" package="org.junit.jupiter.engine" class="TestInstanceLifecycleTests$InstancePerClassOuterTestCase$NestedInstancePerClassTestCase" externalInfoUrl="https://pmd.github.io/pmd/pmd_rules_java_codestyle.html#defaultpackage" priority="3">
Use explicit scoping instead of the default package private level
</violation>
<violation beginline="829" endline="829" begincolumn="5" endcolumn="14" rule="JUnitAssertionsShouldIncludeMessage" ruleset="Best Practices" package="org.junit.jupiter.engine" class="TestInstanceLifecycleTests$InstancePerClassOuterTestCase$NestedInstancePerClassTestCase" method="singletonTest" externalInfoUrl="https://pmd.github.io/pmd/pmd_rules_java_bestpractices.html#junitassertionsshouldincludemessage" priority="3">
JUnit assertions should include a message
</violation>
<violation beginline="840" endline="840" begincolumn="5" endcolumn="17" rule="JUnitAssertionsShouldIncludeMessage" ruleset="Best Practices" package="org.junit.jupiter.engine" class="TestInstanceLifecycleTests$InstancePerClassOuterTestCase$NestedInstancePerClassTestCase" method="afterAll" externalInfoUrl="https://pmd.github.io/pmd/pmd_rules_java_bestpractices.html#junitassertionsshouldincludemessage" priority="3">
JUnit assertions should include a message
</violation>
<violation beginline="863" endline="863" begincolumn="4" endcolumn="13" rule="JUnitAssertionsShouldIncludeMessage" ruleset="Best Practices" package="org.junit.jupiter.engine" class="TestInstanceLifecycleTests$MixedLifecyclesOuterTestCase" method="outerTest" externalInfoUrl="https://pmd.github.io/pmd/pmd_rules_java_bestpractices.html#junitassertionsshouldincludemessage" priority="3">
JUnit assertions should include a message
</violation>
<violation beginline="882" endline="882" begincolumn="5" endcolumn="17" rule="JUnitAssertionsShouldIncludeMessage" ruleset="Best Practices" package="org.junit.jupiter.engine" class="TestInstanceLifecycleTests$MixedLifecyclesOuterTestCase$NestedInstancePerClassTestCase" method="beforeAll" externalInfoUrl="https://pmd.github.io/pmd/pmd_rules_java_bestpractices.html#junitassertionsshouldincludemessage" priority="3">
JUnit assertions should include a message
</violation>
<violation beginline="893" endline="893" begincolumn="5" endcolumn="14" rule="JUnitAssertionsShouldIncludeMessage" ruleset="Best Practices" package="org.junit.jupiter.engine" class="TestInstanceLifecycleTests$MixedLifecyclesOuterTestCase$NestedInstancePerClassTestCase" method="test1" externalInfoUrl="https://pmd.github.io/pmd/pmd_rules_java_bestpractices.html#junitassertionsshouldincludemessage" priority="3">
JUnit assertions should include a message
</violation>
<violation beginline="899" endline="899" begincolumn="5" endcolumn="14" rule="JUnitAssertionsShouldIncludeMessage" ruleset="Best Practices" package="org.junit.jupiter.engine" class="TestInstanceLifecycleTests$MixedLifecyclesOuterTestCase$NestedInstancePerClassTestCase" method="test2" externalInfoUrl="https://pmd.github.io/pmd/pmd_rules_java_bestpractices.html#junitassertionsshouldincludemessage" priority="3">
JUnit assertions should include a message
</violation>
<violation beginline="903" endline="907" begincolumn="4" endcolumn="4" rule="DefaultPackage" ruleset="Code Style" package="org.junit.jupiter.engine" class="TestInstanceLifecycleTests$MixedLifecyclesOuterTestCase$NestedInstancePerClassTestCase" externalInfoUrl="https://pmd.github.io/pmd/pmd_rules_java_codestyle.html#defaultpackage" priority="3">
Use explicit scoping instead of the default package private level
</violation>
<violation beginline="905" endline="905" begincolumn="5" endcolumn="14" rule="JUnitAssertionsShouldIncludeMessage" ruleset="Best Practices" package="org.junit.jupiter.engine" class="TestInstanceLifecycleTests$MixedLifecyclesOuterTestCase$NestedInstancePerClassTestCase" method="singletonTest" externalInfoUrl="https://pmd.github.io/pmd/pmd_rules_java_bestpractices.html#junitassertionsshouldincludemessage" priority="3">
JUnit assertions should include a message
</violation>
<violation beginline="916" endline="916" begincolumn="5" endcolumn="17" rule="JUnitAssertionsShouldIncludeMessage" ruleset="Best Practices" package="org.junit.jupiter.engine" class="TestInstanceLifecycleTests$MixedLifecyclesOuterTestCase$NestedInstancePerClassTestCase" method="afterAll" externalInfoUrl="https://pmd.github.io/pmd/pmd_rules_java_bestpractices.html#junitassertionsshouldincludemessage" priority="3">
JUnit assertions should include a message
</violation>
<violation beginline="945" endline="945" begincolumn="4" endcolumn="16" rule="JUnitAssertionsShouldIncludeMessage" ruleset="Best Practices" package="org.junit.jupiter.engine" class="TestInstanceLifecycleTests$InstanceTrackingExtension" method="postProcessTestInstance" externalInfoUrl="https://pmd.github.io/pmd/pmd_rules_java_bestpractices.html#junitassertionsshouldincludemessage" priority="3">
JUnit assertions should include a message
</violation>
</file>
<file name="C:\Users\Sokaina\Downloads\Versiones-Junit5\junit5-r5.0.2\junit-jupiter-engine\src\test\java\org\junit\jupiter\engine\TestTemplateInvocationTests.java">
<violation beginline="11" endline="749" begincolumn="1" endcolumn="2" rule="TooManyStaticImports" ruleset="Code Style" package="org.junit.jupiter.engine" class="TestTemplateInvocationTests" externalInfoUrl="https://pmd.github.io/pmd/pmd_rules_java_codestyle.html#toomanystaticimports" priority="3">
Too many static imports may lead to messy code
</violation>
<violation beginline="82" endline="82" begincolumn="47" endcolumn="85" rule="AvoidDuplicateLiterals" ruleset="Error Prone" package="org.junit.jupiter.engine" class="TestTemplateInvocationTests" method="templateWithSingleRegisteredExtensionIsInvoked" externalInfoUrl="https://pmd.github.io/pmd/pmd_rules_java_errorprone.html#avoidduplicateliterals" priority="3">
The String literal "templateWithSingleRegisteredExtension" appears 5 times in this file; the first occurrence is on line 82
</violation>
<violation beginline="89" endline="89" begincolumn="33" endcolumn="61" rule="AvoidDuplicateLiterals" ruleset="Error Prone" package="org.junit.jupiter.engine" class="TestTemplateInvocationTests" method="templateWithSingleRegisteredExtensionIsInvoked" externalInfoUrl="https://pmd.github.io/pmd/pmd_rules_java_errorprone.html#avoidduplicateliterals" priority="3">
The String literal "test-template-invocation:#1" appears 27 times in this file; the first occurrence is on line 89
</violation>
<violation beginline="92" endline="92" begincolumn="34" endcolumn="65" rule="AvoidDuplicateLiterals" ruleset="Error Prone" package="org.junit.jupiter.engine" class="TestTemplateInvocationTests" method="templateWithSingleRegisteredExtensionIsInvoked" externalInfoUrl="https://pmd.github.io/pmd/pmd_rules_java_errorprone.html#avoidduplicateliterals" priority="3">
The String literal "invocation is expected to fail" appears 11 times in this file; the first occurrence is on line 92
</violation>
<violation beginline="97" endline="108" begincolumn="2" endcolumn="2" rule="JUnitTestContainsTooManyAsserts" ruleset="Best Practices" package="org.junit.jupiter.engine" class="TestTemplateInvocationTests" method="parentChildRelationshipIsEstablished" externalInfoUrl="https://pmd.github.io/pmd/pmd_rules_java_bestpractices.html#junittestcontainstoomanyasserts" priority="3">
Unit tests should not contain more than 1 assert(s).
</violation>
<violation beginline="137" endline="137" begincolumn="33" endcolumn="61" rule="AvoidDuplicateLiterals" ruleset="Error Prone" package="org.junit.jupiter.engine" class="TestTemplateInvocationTests" method="templateWithTwoRegisteredExtensionsIsInvoked" externalInfoUrl="https://pmd.github.io/pmd/pmd_rules_java_errorprone.html#avoidduplicateliterals" priority="3">
The String literal "test-template-invocation:#2" appears 15 times in this file; the first occurrence is on line 137
</violation>
<violation beginline="222" endline="222" begincolumn="76" endcolumn="80" rule="AvoidDuplicateLiterals" ruleset="Error Prone" package="org.junit.jupiter.engine" class="TestTemplateInvocationTests" method="templateWithDynamicParameterResolverIsInvoked" externalInfoUrl="https://pmd.github.io/pmd/pmd_rules_java_errorprone.html#avoidduplicateliterals" priority="3">
The String literal "foo" appears 5 times in this file; the first occurrence is on line 222
</violation>
<violation beginline="225" endline="225" begincolumn="76" endcolumn="80" rule="AvoidDuplicateLiterals" ruleset="Error Prone" package="org.junit.jupiter.engine" class="TestTemplateInvocationTests" method="templateWithDynamicParameterResolverIsInvoked" externalInfoUrl="https://pmd.github.io/pmd/pmd_rules_java_errorprone.html#avoidduplicateliterals" priority="3">
The String literal "bar" appears 6 times in this file; the first occurrence is on line 225
</violation>
<violation beginline="319" endline="335" begincolumn="2" endcolumn="2" rule="JUnitTestContainsTooManyAsserts" ruleset="Best Practices" package="org.junit.jupiter.engine" class="TestTemplateInvocationTests" method="templateWithCloseableStream" externalInfoUrl="https://pmd.github.io/pmd/pmd_rules_java_bestpractices.html#junittestcontainstoomanyasserts" priority="3">
Unit tests should not contain more than 1 assert(s).
</violation>
<violation beginline="365" endline="366" begincolumn="45" endcolumn="3" rule="UncommentedEmptyMethodBody" ruleset="Documentation" package="org.junit.jupiter.engine" class="TestTemplateInvocationTests$MyTestTemplateTestCase" method="templateWithoutRegisteredExtension" externalInfoUrl="https://pmd.github.io/pmd/pmd_rules_java_documentation.html#uncommentedemptymethodbody" priority="3">
Document empty method body
</violation>
<violation beginline="417" endline="417" begincolumn="3" endcolumn="35" rule="FieldDeclarationsShouldBeAtStartOfClass" ruleset="Code Style" package="org.junit.jupiter.engine" class="TestTemplateInvocationTests$MyTestTemplateTestCase" variable="VariableDeclaratorId" externalInfoUrl="https://pmd.github.io/pmd/pmd_rules_java_codestyle.html#fielddeclarationsshouldbeatstartofclass" priority="3">
Fields should be declared at the top of the class, before any method declarations, constructors, initializers or inner classes.
</violation>
<violation beginline="417" endline="417" begincolumn="3" endcolumn="35" rule="DefaultPackage" ruleset="Code Style" package="org.junit.jupiter.engine" class="TestTemplateInvocationTests$MyTestTemplateTestCase" externalInfoUrl="https://pmd.github.io/pmd/pmd_rules_java_codestyle.html#defaultpackage" priority="3">
Use explicit scoping instead of the default package private level
</violation>
<violation beginline="433" endline="434" begincolumn="38" endcolumn="3" rule="UncommentedEmptyMethodBody" ruleset="Documentation" package="org.junit.jupiter.engine" class="TestTemplateInvocationTests$MyTestTemplateTestCase" method="templateWithCloseableStream" externalInfoUrl="https://pmd.github.io/pmd/pmd_rules_java_documentation.html#uncommentedemptymethodbody" priority="3">
Document empty method body
</violation>
<violation beginline="448" endline="448" begincolumn="4" endcolumn="15" rule="JUnitAssertionsShouldIncludeMessage" ruleset="Best Practices" package="org.junit.jupiter.engine" class="TestTemplateInvocationTests$MyTestTemplateTestCaseWithConstructor" method="template" externalInfoUrl="https://pmd.github.io/pmd/pmd_rules_java_bestpractices.html#junitassertionsshouldincludemessage" priority="3">
JUnit assertions should include a message
</violation>
<violation beginline="491" endline="491" begincolumn="4" endcolumn="15" rule="JUnitAssertionsShouldIncludeMessage" ruleset="Best Practices" package="org.junit.jupiter.engine" class="TestTemplateInvocationTests$TestTemplateTestClassWithDynamicLifecycleCallbacks" method="testTemplate" externalInfoUrl="https://pmd.github.io/pmd/pmd_rules_java_bestpractices.html#junitassertionsshouldincludemessage" priority="3">
JUnit assertions should include a message
</violation>
</file>
<file name="C:\Users\Sokaina\Downloads\Versiones-Junit5\junit5-r5.0.2\junit-jupiter-engine\src\test\java\org\junit\jupiter\engine\bridge\AbstractNonGenericTests.java">
<violation beginline="21" endline="65" begincolumn="10" endcolumn="1" rule="AbstractClassWithoutAbstractMethod" ruleset="Best Practices" package="org.junit.jupiter.engine.bridge" class="AbstractNonGenericTests" externalInfoUrl="https://pmd.github.io/pmd/pmd_rules_java_bestpractices.html#abstractclasswithoutabstractmethod" priority="3">
This abstract class does not have any abstract methods
</violation>
<violation beginline="24" endline="26" begincolumn="2" endcolumn="2" rule="ShortMethodName" ruleset="Code Style" package="org.junit.jupiter.engine.bridge" class="AbstractNonGenericTests" method="mA" externalInfoUrl="https://pmd.github.io/pmd/pmd_rules_java_codestyle.html#shortmethodname" priority="3">
Avoid using short method names
</violation>
<violation beginline="24" endline="26" begincolumn="2" endcolumn="2" rule="JUnitTestsShouldIncludeAssert" ruleset="Best Practices" package="org.junit.jupiter.engine.bridge" class="AbstractNonGenericTests" method="mA" externalInfoUrl="https://pmd.github.io/pmd/pmd_rules_java_bestpractices.html#junittestsshouldincludeassert" priority="3">
JUnit tests should include assert() or fail()
</violation>
<violation beginline="29" endline="32" begincolumn="2" endcolumn="2" rule="JUnitTestsShouldIncludeAssert" ruleset="Best Practices" package="org.junit.jupiter.engine.bridge" class="AbstractNonGenericTests" method="test" externalInfoUrl="https://pmd.github.io/pmd/pmd_rules_java_bestpractices.html#junittestsshouldincludeassert" priority="3">
JUnit tests should include assert() or fail()
</violation>
<violation beginline="34" endline="47" begincolumn="9" endcolumn="2" rule="ShortClassName" ruleset="Code Style" package="org.junit.jupiter.engine.bridge" class="AbstractNonGenericTests$B" externalInfoUrl="https://pmd.github.io/pmd/pmd_rules_java_codestyle.html#shortclassname" priority="4">
Avoid short class names like B
</violation>
<violation beginline="37" endline="39" begincolumn="3" endcolumn="3" rule="ShortMethodName" ruleset="Code Style" package="org.junit.jupiter.engine.bridge" class="AbstractNonGenericTests$B" method="mB" externalInfoUrl="https://pmd.github.io/pmd/pmd_rules_java_codestyle.html#shortmethodname" priority="3">
Avoid using short method names
</violation>
<violation beginline="37" endline="39" begincolumn="3" endcolumn="3" rule="JUnitTestsShouldIncludeAssert" ruleset="Best Practices" package="org.junit.jupiter.engine.bridge" class="AbstractNonGenericTests$B" method="mB" externalInfoUrl="https://pmd.github.io/pmd/pmd_rules_java_bestpractices.html#junittestsshouldincludeassert" priority="3">
JUnit tests should include assert() or fail()
</violation>
<violation beginline="42" endline="45" begincolumn="3" endcolumn="3" rule="JUnitTestsShouldIncludeAssert" ruleset="Best Practices" package="org.junit.jupiter.engine.bridge" class="AbstractNonGenericTests$B" method="test" externalInfoUrl="https://pmd.github.io/pmd/pmd_rules_java_bestpractices.html#junittestsshouldincludeassert" priority="3">
JUnit tests should include assert() or fail()
</violation>
<violation beginline="49" endline="63" begincolumn="9" endcolumn="2" rule="ShortClassName" ruleset="Code Style" package="org.junit.jupiter.engine.bridge" class="AbstractNonGenericTests$C" externalInfoUrl="https://pmd.github.io/pmd/pmd_rules_java_codestyle.html#shortclassname" priority="4">
Avoid short class names like C
</violation>
<violation beginline="52" endline="54" begincolumn="3" endcolumn="3" rule="ShortMethodName" ruleset="Code Style" package="org.junit.jupiter.engine.bridge" class="AbstractNonGenericTests$C" method="mC" externalInfoUrl="https://pmd.github.io/pmd/pmd_rules_java_codestyle.html#shortmethodname" priority="3">
Avoid using short method names
</violation>
<violation beginline="52" endline="54" begincolumn="3" endcolumn="3" rule="JUnitTestsShouldIncludeAssert" ruleset="Best Practices" package="org.junit.jupiter.engine.bridge" class="AbstractNonGenericTests$C" method="mC" externalInfoUrl="https://pmd.github.io/pmd/pmd_rules_java_bestpractices.html#junittestsshouldincludeassert" priority="3">
JUnit tests should include assert() or fail()
</violation>
<violation beginline="58" endline="61" begincolumn="3" endcolumn="3" rule="JUnitTestsShouldIncludeAssert" ruleset="Best Practices" package="org.junit.jupiter.engine.bridge" class="AbstractNonGenericTests$C" method="test" externalInfoUrl="https://pmd.github.io/pmd/pmd_rules_java_bestpractices.html#junittestsshouldincludeassert" priority="3">
JUnit tests should include assert() or fail()
</violation>
</file>
<file name="C:\Users\Sokaina\Downloads\Versiones-Junit5\junit5-r5.0.2\junit-jupiter-engine\src\test\java\org\junit\jupiter\engine\bridge\AbstractNumberTests.java">
<violation beginline="23" endline="32" begincolumn="10" endcolumn="1" rule="AbstractClassWithoutAbstractMethod" ruleset="Best Practices" package="org.junit.jupiter.engine.bridge" class="AbstractNumberTests" externalInfoUrl="https://pmd.github.io/pmd/pmd_rules_java_bestpractices.html#abstractclasswithoutabstractmethod" priority="3">
This abstract class does not have any abstract methods
</violation>
<violation beginline="26" endline="30" begincolumn="2" endcolumn="2" rule="JUnitTestContainsTooManyAsserts" ruleset="Best Practices" package="org.junit.jupiter.engine.bridge" class="AbstractNumberTests" method="test" externalInfoUrl="https://pmd.github.io/pmd/pmd_rules_java_bestpractices.html#junittestcontainstoomanyasserts" priority="3">
Unit tests should not contain more than 1 assert(s).
</violation>
<violation beginline="28" endline="28" begincolumn="3" endcolumn="15" rule="JUnitAssertionsShouldIncludeMessage" ruleset="Best Practices" package="org.junit.jupiter.engine.bridge" class="AbstractNumberTests" method="test" externalInfoUrl="https://pmd.github.io/pmd/pmd_rules_java_bestpractices.html#junitassertionsshouldincludemessage" priority="3">
JUnit assertions should include a message
</violation>
<violation beginline="29" endline="29" begincolumn="3" endcolumn="14" rule="JUnitAssertionsShouldIncludeMessage" ruleset="Best Practices" package="org.junit.jupiter.engine.bridge" class="AbstractNumberTests" method="test" externalInfoUrl="https://pmd.github.io/pmd/pmd_rules_java_bestpractices.html#junitassertionsshouldincludemessage" priority="3">
JUnit assertions should include a message
</violation>
</file>
<file name="C:\Users\Sokaina\Downloads\Versiones-Junit5\junit5-r5.0.2\junit-jupiter-engine\src\test\java\org\junit\jupiter\engine\bridge\BridgeMethodTests.java">
<violation beginline="11" endline="104" begincolumn="1" endcolumn="2" rule="TooManyStaticImports" ruleset="Code Style" package="org.junit.jupiter.engine.bridge" class="BridgeMethodTests" externalInfoUrl="https://pmd.github.io/pmd/pmd_rules_java_codestyle.html#toomanystaticimports" priority="3">
Too many static imports may lead to messy code
</violation>
<violation beginline="36" endline="36" begincolumn="2" endcolumn="50" rule="DefaultPackage" ruleset="Code Style" package="org.junit.jupiter.engine.bridge" class="BridgeMethodTests" externalInfoUrl="https://pmd.github.io/pmd/pmd_rules_java_codestyle.html#defaultpackage" priority="3">
Use explicit scoping instead of the default package private level
</violation>
<violation beginline="39" endline="39" begincolumn="42" endcolumn="50" rule="SignatureDeclareThrowsException" ruleset="Design" package="org.junit.jupiter.engine.bridge" class="BridgeMethodTests" method="childrenHaveBridgeMethods" externalInfoUrl="https://pmd.github.io/pmd/pmd_rules_java_design.html#signaturedeclarethrowsexception" priority="3">
A method/constructor should not explicitly throw java.lang.Exception
</violation>
<violation beginline="39" endline="50" begincolumn="2" endcolumn="2" rule="JUnitTestContainsTooManyAsserts" ruleset="Best Practices" package="org.junit.jupiter.engine.bridge" class="BridgeMethodTests" method="childrenHaveBridgeMethods" externalInfoUrl="https://pmd.github.io/pmd/pmd_rules_java_bestpractices.html#junittestcontainstoomanyasserts" priority="3">
Unit tests should not contain more than 1 assert(s).
</violation>
<violation beginline="40" endline="40" begincolumn="3" endcolumn="13" rule="JUnitAssertionsShouldIncludeMessage" ruleset="Best Practices" package="org.junit.jupiter.engine.bridge" class="BridgeMethodTests" method="childrenHaveBridgeMethods" externalInfoUrl="https://pmd.github.io/pmd/pmd_rules_java_bestpractices.html#junitassertionsshouldincludemessage" priority="3">
JUnit assertions should include a message
</violation>
<violation beginline="41" endline="41" begincolumn="3" endcolumn="13" rule="JUnitAssertionsShouldIncludeMessage" ruleset="Best Practices" package="org.junit.jupiter.engine.bridge" class="BridgeMethodTests" method="childrenHaveBridgeMethods" externalInfoUrl="https://pmd.github.io/pmd/pmd_rules_java_bestpractices.html#junitassertionsshouldincludemessage" priority="3">
JUnit assertions should include a message
</violation>
<violation beginline="42" endline="42" begincolumn="3" endcolumn="12" rule="JUnitAssertionsShouldIncludeMessage" ruleset="Best Practices" package="org.junit.jupiter.engine.bridge" class="BridgeMethodTests" method="childrenHaveBridgeMethods" externalInfoUrl="https://pmd.github.io/pmd/pmd_rules_java_bestpractices.html#junitassertionsshouldincludemessage" priority="3">
JUnit assertions should include a message
</violation>
<violation beginline="43" endline="43" begincolumn="3" endcolumn="12" rule="JUnitAssertionsShouldIncludeMessage" ruleset="Best Practices" package="org.junit.jupiter.engine.bridge" class="BridgeMethodTests" method="childrenHaveBridgeMethods" externalInfoUrl="https://pmd.github.io/pmd/pmd_rules_java_bestpractices.html#junitassertionsshouldincludemessage" priority="3">
JUnit assertions should include a message
</violation>
<violation beginline="45" endline="45" begincolumn="3" endcolumn="12" rule="JUnitAssertionsShouldIncludeMessage" ruleset="Best Practices" package="org.junit.jupiter.engine.bridge" class="BridgeMethodTests" method="childrenHaveBridgeMethods" externalInfoUrl="https://pmd.github.io/pmd/pmd_rules_java_bestpractices.html#junitassertionsshouldincludemessage" priority="3">
JUnit assertions should include a message
</violation>
<violation beginline="45" endline="45" begincolumn="51" endcolumn="56" rule="AvoidDuplicateLiterals" ruleset="Error Prone" package="org.junit.jupiter.engine.bridge" class="BridgeMethodTests" method="childrenHaveBridgeMethods" externalInfoUrl="https://pmd.github.io/pmd/pmd_rules_java_errorprone.html#avoidduplicateliterals" priority="3">
The String literal "test" appears 4 times in this file; the first occurrence is on line 45
</violation>
<violation beginline="46" endline="46" begincolumn="3" endcolumn="13" rule="JUnitAssertionsShouldIncludeMessage" ruleset="Best Practices" package="org.junit.jupiter.engine.bridge" class="BridgeMethodTests" method="childrenHaveBridgeMethods" externalInfoUrl="https://pmd.github.io/pmd/pmd_rules_java_bestpractices.html#junitassertionsshouldincludemessage" priority="3">
JUnit assertions should include a message
</violation>
<violation beginline="48" endline="48" begincolumn="3" endcolumn="12" rule="JUnitAssertionsShouldIncludeMessage" ruleset="Best Practices" package="org.junit.jupiter.engine.bridge" class="BridgeMethodTests" method="childrenHaveBridgeMethods" externalInfoUrl="https://pmd.github.io/pmd/pmd_rules_java_bestpractices.html#junitassertionsshouldincludemessage" priority="3">
JUnit assertions should include a message
</violation>
<violation beginline="49" endline="49" begincolumn="3" endcolumn="13" rule="JUnitAssertionsShouldIncludeMessage" ruleset="Best Practices" package="org.junit.jupiter.engine.bridge" class="BridgeMethodTests" method="childrenHaveBridgeMethods" externalInfoUrl="https://pmd.github.io/pmd/pmd_rules_java_bestpractices.html#junitassertionsshouldincludemessage" priority="3">
JUnit assertions should include a message
</violation>
<violation beginline="53" endline="53" begincolumn="40" endcolumn="48" rule="SignatureDeclareThrowsException" ruleset="Design" package="org.junit.jupiter.engine.bridge" class="BridgeMethodTests" method="childHasNoBridgeMethods" externalInfoUrl="https://pmd.github.io/pmd/pmd_rules_java_design.html#signaturedeclarethrowsexception" priority="3">
A method/constructor should not explicitly throw java.lang.Exception
</violation>
<violation beginline="53" endline="58" begincolumn="2" endcolumn="2" rule="JUnitTestContainsTooManyAsserts" ruleset="Best Practices" package="org.junit.jupiter.engine.bridge" class="BridgeMethodTests" method="childHasNoBridgeMethods" externalInfoUrl="https://pmd.github.io/pmd/pmd_rules_java_bestpractices.html#junittestcontainstoomanyasserts" priority="3">
Unit tests should not contain more than 1 assert(s).
</violation>
<violation beginline="54" endline="54" begincolumn="3" endcolumn="13" rule="JUnitAssertionsShouldIncludeMessage" ruleset="Best Practices" package="org.junit.jupiter.engine.bridge" class="BridgeMethodTests" method="childHasNoBridgeMethods" externalInfoUrl="https://pmd.github.io/pmd/pmd_rules_java_bestpractices.html#junitassertionsshouldincludemessage" priority="3">
JUnit assertions should include a message
</violation>
<violation beginline="55" endline="55" begincolumn="3" endcolumn="13" rule="JUnitAssertionsShouldIncludeMessage" ruleset="Best Practices" package="org.junit.jupiter.engine.bridge" class="BridgeMethodTests" method="childHasNoBridgeMethods" externalInfoUrl="https://pmd.github.io/pmd/pmd_rules_java_bestpractices.html#junitassertionsshouldincludemessage" priority="3">
JUnit assertions should include a message
</violation>
<violation beginline="56" endline="56" begincolumn="3" endcolumn="13" rule="JUnitAssertionsShouldIncludeMessage" ruleset="Best Practices" package="org.junit.jupiter.engine.bridge" class="BridgeMethodTests" method="childHasNoBridgeMethods" externalInfoUrl="https://pmd.github.io/pmd/pmd_rules_java_bestpractices.html#junitassertionsshouldincludemessage" priority="3">
JUnit assertions should include a message
</violation>
<violation beginline="57" endline="57" begincolumn="3" endcolumn="13" rule="JUnitAssertionsShouldIncludeMessage" ruleset="Best Practices" package="org.junit.jupiter.engine.bridge" class="BridgeMethodTests" method="childHasNoBridgeMethods" externalInfoUrl="https://pmd.github.io/pmd/pmd_rules_java_bestpractices.html#junitassertionsshouldincludemessage" priority="3">
JUnit assertions should include a message
</violation>
<violation beginline="64" endline="64" begincolumn="3" endcolumn="14" rule="JUnitAssertionsShouldIncludeMessage" ruleset="Best Practices" package="org.junit.jupiter.engine.bridge" class="BridgeMethodTests" method="compareMethodExecutionSequenceOrder" externalInfoUrl="https://pmd.github.io/pmd/pmd_rules_java_bestpractices.html#junitassertionsshouldincludemessage" priority="3">
JUnit assertions should include a message
</violation>
<violation beginline="68" endline="76" begincolumn="2" endcolumn="2" rule="JUnitTestContainsTooManyAsserts" ruleset="Best Practices" package="org.junit.jupiter.engine.bridge" class="BridgeMethodTests" method="ensureSingleTestMethodsExecute" externalInfoUrl="https://pmd.github.io/pmd/pmd_rules_java_bestpractices.html#junittestcontainstoomanyasserts" priority="3">
Unit tests should not contain more than 1 assert(s).
</violation>
<violation beginline="71" endline="71" begincolumn="11" endcolumn="22" rule="JUnitAssertionsShouldIncludeMessage" ruleset="Best Practices" package="org.junit.jupiter.engine.bridge" class="BridgeMethodTests" method="ensureSingleTestMethodsExecute" externalInfoUrl="https://pmd.github.io/pmd/pmd_rules_java_bestpractices.html#junitassertionsshouldincludemessage" priority="3">
JUnit assertions should include a message
</violation>
<violation beginline="74" endline="74" begincolumn="11" endcolumn="22" rule="JUnitAssertionsShouldIncludeMessage" ruleset="Best Practices" package="org.junit.jupiter.engine.bridge" class="BridgeMethodTests" method="ensureSingleTestMethodsExecute" externalInfoUrl="https://pmd.github.io/pmd/pmd_rules_java_bestpractices.html#junitassertionsshouldincludemessage" priority="3">
JUnit assertions should include a message
</violation>
<violation beginline="79" endline="95" begincolumn="2" endcolumn="2" rule="JUnitTestContainsTooManyAsserts" ruleset="Best Practices" package="org.junit.jupiter.engine.bridge" class="BridgeMethodTests" method="inheritedNonGenericMethodsAreExecuted" externalInfoUrl="https://pmd.github.io/pmd/pmd_rules_java_bestpractices.html#junittestcontainstoomanyasserts" priority="3">
Unit tests should not contain more than 1 assert(s).
</violation>
<violation beginline="82" endline="82" begincolumn="10" endcolumn="19" rule="JUnitAssertionsShouldIncludeMessage" ruleset="Best Practices" package="org.junit.jupiter.engine.bridge" class="BridgeMethodTests" method="inheritedNonGenericMethodsAreExecuted" externalInfoUrl="https://pmd.github.io/pmd/pmd_rules_java_bestpractices.html#junitassertionsshouldincludemessage" priority="3">
JUnit assertions should include a message
</violation>
<violation beginline="83" endline="83" begincolumn="10" endcolumn="19" rule="JUnitAssertionsShouldIncludeMessage" ruleset="Best Practices" package="org.junit.jupiter.engine.bridge" class="BridgeMethodTests" method="inheritedNonGenericMethodsAreExecuted" externalInfoUrl="https://pmd.github.io/pmd/pmd_rules_java_bestpractices.html#junitassertionsshouldincludemessage" priority="3">
JUnit assertions should include a message
</violation>
<violation beginline="84" endline="84" begincolumn="10" endcolumn="19" rule="JUnitAssertionsShouldIncludeMessage" ruleset="Best Practices" package="org.junit.jupiter.engine.bridge" class="BridgeMethodTests" method="inheritedNonGenericMethodsAreExecuted" externalInfoUrl="https://pmd.github.io/pmd/pmd_rules_java_bestpractices.html#junitassertionsshouldincludemessage" priority="3">
JUnit assertions should include a message
</violation>
<violation beginline="85" endline="85" begincolumn="10" endcolumn="19" rule="JUnitAssertionsShouldIncludeMessage" ruleset="Best Practices" package="org.junit.jupiter.engine.bridge" class="BridgeMethodTests" method="inheritedNonGenericMethodsAreExecuted" externalInfoUrl="https://pmd.github.io/pmd/pmd_rules_java_bestpractices.html#junitassertionsshouldincludemessage" priority="3">
JUnit assertions should include a message
</violation>
<violation beginline="89" endline="89" begincolumn="10" endcolumn="19" rule="JUnitAssertionsShouldIncludeMessage" ruleset="Best Practices" package="org.junit.jupiter.engine.bridge" class="BridgeMethodTests" method="inheritedNonGenericMethodsAreExecuted" externalInfoUrl="https://pmd.github.io/pmd/pmd_rules_java_bestpractices.html#junitassertionsshouldincludemessage" priority="3">
JUnit assertions should include a message
</violation>
<violation beginline="90" endline="90" begincolumn="10" endcolumn="19" rule="JUnitAssertionsShouldIncludeMessage" ruleset="Best Practices" package="org.junit.jupiter.engine.bridge" class="BridgeMethodTests" method="inheritedNonGenericMethodsAreExecuted" externalInfoUrl="https://pmd.github.io/pmd/pmd_rules_java_bestpractices.html#junitassertionsshouldincludemessage" priority="3">
JUnit assertions should include a message
</violation>
<violation beginline="91" endline="91" begincolumn="10" endcolumn="19" rule="JUnitAssertionsShouldIncludeMessage" ruleset="Best Practices" package="org.junit.jupiter.engine.bridge" class="BridgeMethodTests" method="inheritedNonGenericMethodsAreExecuted" externalInfoUrl="https://pmd.github.io/pmd/pmd_rules_java_bestpractices.html#junitassertionsshouldincludemessage" priority="3">
JUnit assertions should include a message
</violation>
<violation beginline="92" endline="92" begincolumn="10" endcolumn="19" rule="JUnitAssertionsShouldIncludeMessage" ruleset="Best Practices" package="org.junit.jupiter.engine.bridge" class="BridgeMethodTests" method="inheritedNonGenericMethodsAreExecuted" externalInfoUrl="https://pmd.github.io/pmd/pmd_rules_java_bestpractices.html#junitassertionsshouldincludemessage" priority="3">
JUnit assertions should include a message
</violation>
<violation beginline="93" endline="93" begincolumn="10" endcolumn="19" rule="JUnitAssertionsShouldIncludeMessage" ruleset="Best Practices" package="org.junit.jupiter.engine.bridge" class="BridgeMethodTests" method="inheritedNonGenericMethodsAreExecuted" externalInfoUrl="https://pmd.github.io/pmd/pmd_rules_java_bestpractices.html#junitassertionsshouldincludemessage" priority="3">
JUnit assertions should include a message
</violation>
<violation beginline="100" endline="100" begincolumn="3" endcolumn="14" rule="JUnitAssertionsShouldIncludeMessage" ruleset="Best Practices" package="org.junit.jupiter.engine.bridge" class="BridgeMethodTests" method="execute" externalInfoUrl="https://pmd.github.io/pmd/pmd_rules_java_bestpractices.html#junitassertionsshouldincludemessage" priority="3">
JUnit assertions should include a message
</violation>
</file>
<file name="C:\Users\Sokaina\Downloads\Versiones-Junit5\junit5-r5.0.2\junit-jupiter-engine\src\test\java\org\junit\jupiter\engine\bridge\ChildWithBridgeMethods.java">
<violation beginline="29" endline="31" begincolumn="2" endcolumn="2" rule="JUnitTestsShouldIncludeAssert" ruleset="Best Practices" package="org.junit.jupiter.engine.bridge" class="ChildWithBridgeMethods" method="test" externalInfoUrl="https://pmd.github.io/pmd/pmd_rules_java_bestpractices.html#junittestsshouldincludeassert" priority="3">
JUnit tests should include assert() or fail()
</violation>
</file>
<file name="C:\Users\Sokaina\Downloads\Versiones-Junit5\junit5-r5.0.2\junit-jupiter-engine\src\test\java\org\junit\jupiter\engine\bridge\ChildWithoutBridgeMethods.java">
<violation beginline="29" endline="31" begincolumn="2" endcolumn="2" rule="JUnitTestsShouldIncludeAssert" ruleset="Best Practices" package="org.junit.jupiter.engine.bridge" class="ChildWithoutBridgeMethods" method="test" externalInfoUrl="https://pmd.github.io/pmd/pmd_rules_java_bestpractices.html#junittestsshouldincludeassert" priority="3">
JUnit tests should include assert() or fail()
</violation>
</file>
<file name="C:\Users\Sokaina\Downloads\Versiones-Junit5\junit5-r5.0.2\junit-jupiter-engine\src\test\java\org\junit\jupiter\engine\bridge\NumberResolver.java">
<violation beginline="41" endline="41" begincolumn="10" endcolumn="18" rule="AvoidCatchingGenericException" ruleset="Design" package="org.junit.jupiter.engine.bridge" class="NumberResolver" method="resolveParameter" externalInfoUrl="https://pmd.github.io/pmd/pmd_rules_java_design.html#avoidcatchinggenericexception" priority="3">
Avoid catching generic exceptions such as NullPointerException, RuntimeException, Exception in try-catch block
</violation>
</file>
<file name="C:\Users\Sokaina\Downloads\Versiones-Junit5\junit5-r5.0.2\junit-jupiter-engine\src\test\java\org\junit\jupiter\engine\bridge\NumberTestGroup.java">
<violation beginline="34" endline="39" begincolumn="3" endcolumn="3" rule="JUnitTestContainsTooManyAsserts" ruleset="Best Practices" package="org.junit.jupiter.engine.bridge" class="NumberTestGroup$ByteTestCase" method="test" externalInfoUrl="https://pmd.github.io/pmd/pmd_rules_java_bestpractices.html#junittestcontainstoomanyasserts" priority="3">
Unit tests should not contain more than 1 assert(s).
</violation>
<violation beginline="53" endline="58" begincolumn="3" endcolumn="3" rule="JUnitTestContainsTooManyAsserts" ruleset="Best Practices" package="org.junit.jupiter.engine.bridge" class="NumberTestGroup$ShortTestCase" method="test" externalInfoUrl="https://pmd.github.io/pmd/pmd_rules_java_bestpractices.html#junittestcontainstoomanyasserts" priority="3">
Unit tests should not contain more than 1 assert(s).
</violation>
</file>
<file name="C:\Users\Sokaina\Downloads\Versiones-Junit5\junit5-r5.0.2\junit-jupiter-engine\src\test\java\org\junit\jupiter\engine\descriptor\JupiterTestDescriptorTests.java">
<violation beginline="51" endline="51" begincolumn="35" endcolumn="43" rule="SignatureDeclareThrowsException" ruleset="Design" package="org.junit.jupiter.engine.descriptor" class="JupiterTestDescriptorTests" method="constructFromClass" externalInfoUrl="https://pmd.github.io/pmd/pmd_rules_java_design.html#signaturedeclarethrowsexception" priority="3">
A method/constructor should not explicitly throw java.lang.Exception
</violation>
<violation beginline="51" endline="56" begincolumn="2" endcolumn="2" rule="JUnitTestContainsTooManyAsserts" ruleset="Best Practices" package="org.junit.jupiter.engine.descriptor" class="JupiterTestDescriptorTests" method="constructFromClass" externalInfoUrl="https://pmd.github.io/pmd/pmd_rules_java_bestpractices.html#junittestcontainstoomanyasserts" priority="3">
Unit tests should not contain more than 1 assert(s).
</violation>
<violation beginline="54" endline="54" begincolumn="3" endcolumn="14" rule="JUnitAssertionsShouldIncludeMessage" ruleset="Best Practices" package="org.junit.jupiter.engine.descriptor" class="JupiterTestDescriptorTests" method="constructFromClass" externalInfoUrl="https://pmd.github.io/pmd/pmd_rules_java_bestpractices.html#junitassertionsshouldincludemessage" priority="3">
JUnit assertions should include a message
</violation>
<violation beginline="55" endline="55" begincolumn="3" endcolumn="12" rule="JUnitAssertionsShouldIncludeMessage" ruleset="Best Practices" package="org.junit.jupiter.engine.descriptor" class="JupiterTestDescriptorTests" method="constructFromClass" externalInfoUrl="https://pmd.github.io/pmd/pmd_rules_java_bestpractices.html#junitassertionsshouldincludemessage" priority="3">
JUnit assertions should include a message
</violation>
<violation beginline="59" endline="59" begincolumn="66" endcolumn="74" rule="SignatureDeclareThrowsException" ruleset="Design" package="org.junit.jupiter.engine.descriptor" class="JupiterTestDescriptorTests" method="constructFromClassWithInvalidBeforeAllDeclaration" externalInfoUrl="https://pmd.github.io/pmd/pmd_rules_java_design.html#signaturedeclarethrowsexception" priority="3">
A method/constructor should not explicitly throw java.lang.Exception
</violation>
<violation beginline="64" endline="64" begincolumn="3" endcolumn="14" rule="JUnitAssertionsShouldIncludeMessage" ruleset="Best Practices" package="org.junit.jupiter.engine.descriptor" class="JupiterTestDescriptorTests" method="constructFromClassWithInvalidBeforeAllDeclaration" externalInfoUrl="https://pmd.github.io/pmd/pmd_rules_java_bestpractices.html#junitassertionsshouldincludemessage" priority="3">
JUnit assertions should include a message
</violation>
<violation beginline="68" endline="68" begincolumn="65" endcolumn="73" rule="SignatureDeclareThrowsException" ruleset="Design" package="org.junit.jupiter.engine.descriptor" class="JupiterTestDescriptorTests" method="constructFromClassWithInvalidAfterAllDeclaration" externalInfoUrl="https://pmd.github.io/pmd/pmd_rules_java_design.html#signaturedeclarethrowsexception" priority="3">
A method/constructor should not explicitly throw java.lang.Exception
</violation>
<violation beginline="73" endline="73" begincolumn="3" endcolumn="14" rule="JUnitAssertionsShouldIncludeMessage" ruleset="Best Practices" package="org.junit.jupiter.engine.descriptor" class="JupiterTestDescriptorTests" method="constructFromClassWithInvalidAfterAllDeclaration" externalInfoUrl="https://pmd.github.io/pmd/pmd_rules_java_bestpractices.html#junitassertionsshouldincludemessage" priority="3">
JUnit assertions should include a message
</violation>
<violation beginline="77" endline="77" begincolumn="67" endcolumn="75" rule="SignatureDeclareThrowsException" ruleset="Design" package="org.junit.jupiter.engine.descriptor" class="JupiterTestDescriptorTests" method="constructFromClassWithInvalidBeforeEachDeclaration" externalInfoUrl="https://pmd.github.io/pmd/pmd_rules_java_design.html#signaturedeclarethrowsexception" priority="3">
A method/constructor should not explicitly throw java.lang.Exception
</violation>
<violation beginline="82" endline="82" begincolumn="3" endcolumn="14" rule="JUnitAssertionsShouldIncludeMessage" ruleset="Best Practices" package="org.junit.jupiter.engine.descriptor" class="JupiterTestDescriptorTests" method="constructFromClassWithInvalidBeforeEachDeclaration" externalInfoUrl="https://pmd.github.io/pmd/pmd_rules_java_bestpractices.html#junitassertionsshouldincludemessage" priority="3">
JUnit assertions should include a message
</violation>
<violation beginline="86" endline="86" begincolumn="66" endcolumn="74" rule="SignatureDeclareThrowsException" ruleset="Design" package="org.junit.jupiter.engine.descriptor" class="JupiterTestDescriptorTests" method="constructFromClassWithInvalidAfterEachDeclaration" externalInfoUrl="https://pmd.github.io/pmd/pmd_rules_java_design.html#signaturedeclarethrowsexception" priority="3">
A method/constructor should not explicitly throw java.lang.Exception
</violation>
<violation beginline="91" endline="91" begincolumn="3" endcolumn="14" rule="JUnitAssertionsShouldIncludeMessage" ruleset="Best Practices" package="org.junit.jupiter.engine.descriptor" class="JupiterTestDescriptorTests" method="constructFromClassWithInvalidAfterEachDeclaration" externalInfoUrl="https://pmd.github.io/pmd/pmd_rules_java_bestpractices.html#junitassertionsshouldincludemessage" priority="3">
JUnit assertions should include a message
</violation>
<violation beginline="95" endline="95" begincolumn="36" endcolumn="44" rule="SignatureDeclareThrowsException" ruleset="Design" package="org.junit.jupiter.engine.descriptor" class="JupiterTestDescriptorTests" method="constructFromMethod" externalInfoUrl="https://pmd.github.io/pmd/pmd_rules_java_design.html#signaturedeclarethrowsexception" priority="3">
A method/constructor should not explicitly throw java.lang.Exception
</violation>
<violation beginline="95" endline="103" begincolumn="2" endcolumn="2" rule="JUnitTestContainsTooManyAsserts" ruleset="Best Practices" package="org.junit.jupiter.engine.descriptor" class="JupiterTestDescriptorTests" method="constructFromMethod" externalInfoUrl="https://pmd.github.io/pmd/pmd_rules_java_bestpractices.html#junittestcontainstoomanyasserts" priority="3">
Unit tests should not contain more than 1 assert(s).
</violation>
<violation beginline="97" endline="97" begincolumn="51" endcolumn="56" rule="AvoidDuplicateLiterals" ruleset="Error Prone" package="org.junit.jupiter.engine.descriptor" class="JupiterTestDescriptorTests" method="constructFromMethod" externalInfoUrl="https://pmd.github.io/pmd/pmd_rules_java_errorprone.html#avoidduplicateliterals" priority="3">
The String literal "test" appears 6 times in this file; the first occurrence is on line 97
</violation>
<violation beginline="100" endline="100" begincolumn="3" endcolumn="14" rule="JUnitAssertionsShouldIncludeMessage" ruleset="Best Practices" package="org.junit.jupiter.engine.descriptor" class="JupiterTestDescriptorTests" method="constructFromMethod" externalInfoUrl="https://pmd.github.io/pmd/pmd_rules_java_bestpractices.html#junitassertionsshouldincludemessage" priority="3">
JUnit assertions should include a message
</violation>
<violation beginline="101" endline="101" begincolumn="3" endcolumn="14" rule="JUnitAssertionsShouldIncludeMessage" ruleset="Best Practices" package="org.junit.jupiter.engine.descriptor" class="JupiterTestDescriptorTests" method="constructFromMethod" externalInfoUrl="https://pmd.github.io/pmd/pmd_rules_java_bestpractices.html#junitassertionsshouldincludemessage" priority="3">
JUnit assertions should include a message
</violation>
<violation beginline="106" endline="106" begincolumn="51" endcolumn="59" rule="SignatureDeclareThrowsException" ruleset="Design" package="org.junit.jupiter.engine.descriptor" class="JupiterTestDescriptorTests" method="constructFromMethodWithAnnotations" externalInfoUrl="https://pmd.github.io/pmd/pmd_rules_java_design.html#signaturedeclarethrowsexception" priority="3">
A method/constructor should not explicitly throw java.lang.Exception
</violation>
<violation beginline="106" endline="123" begincolumn="2" endcolumn="2" rule="JUnitTestContainsTooManyAsserts" ruleset="Best Practices" package="org.junit.jupiter.engine.descriptor" class="JupiterTestDescriptorTests" method="constructFromMethodWithAnnotations" externalInfoUrl="https://pmd.github.io/pmd/pmd_rules_java_bestpractices.html#junittestcontainstoomanyasserts" priority="3">
Unit tests should not contain more than 1 assert(s).
</violation>
<violation beginline="112" endline="112" begincolumn="3" endcolumn="14" rule="JUnitAssertionsShouldIncludeMessage" ruleset="Best Practices" package="org.junit.jupiter.engine.descriptor" class="JupiterTestDescriptorTests" method="constructFromMethodWithAnnotations" externalInfoUrl="https://pmd.github.io/pmd/pmd_rules_java_bestpractices.html#junitassertionsshouldincludemessage" priority="3">
JUnit assertions should include a message
</violation>
<violation beginline="116" endline="116" begincolumn="3" endcolumn="14" rule="JUnitAssertionsShouldIncludeMessage" ruleset="Best Practices" package="org.junit.jupiter.engine.descriptor" class="JupiterTestDescriptorTests" method="constructFromMethodWithAnnotations" externalInfoUrl="https://pmd.github.io/pmd/pmd_rules_java_bestpractices.html#junitassertionsshouldincludemessage" priority="3">
JUnit assertions should include a message
</violation>
<violation beginline="117" endline="117" begincolumn="3" endcolumn="12" rule="JUnitAssertionsShouldIncludeMessage" ruleset="Best Practices" package="org.junit.jupiter.engine.descriptor" class="JupiterTestDescriptorTests" method="constructFromMethodWithAnnotations" externalInfoUrl="https://pmd.github.io/pmd/pmd_rules_java_bestpractices.html#junitassertionsshouldincludemessage" priority="3">
JUnit assertions should include a message
</violation>
<violation beginline="118" endline="118" begincolumn="3" endcolumn="12" rule="JUnitAssertionsShouldIncludeMessage" ruleset="Best Practices" package="org.junit.jupiter.engine.descriptor" class="JupiterTestDescriptorTests" method="constructFromMethodWithAnnotations" externalInfoUrl="https://pmd.github.io/pmd/pmd_rules_java_bestpractices.html#junitassertionsshouldincludemessage" priority="3">
JUnit assertions should include a message
</violation>
<violation beginline="121" endline="121" begincolumn="3" endcolumn="12" rule="JUnitAssertionsShouldIncludeMessage" ruleset="Best Practices" package="org.junit.jupiter.engine.descriptor" class="JupiterTestDescriptorTests" method="constructFromMethodWithAnnotations" externalInfoUrl="https://pmd.github.io/pmd/pmd_rules_java_bestpractices.html#junitassertionsshouldincludemessage" priority="3">
JUnit assertions should include a message
</violation>
<violation beginline="122" endline="122" begincolumn="3" endcolumn="12" rule="JUnitAssertionsShouldIncludeMessage" ruleset="Best Practices" package="org.junit.jupiter.engine.descriptor" class="JupiterTestDescriptorTests" method="constructFromMethodWithAnnotations" externalInfoUrl="https://pmd.github.io/pmd/pmd_rules_java_bestpractices.html#junitassertionsshouldincludemessage" priority="3">
JUnit assertions should include a message
</violation>
<violation beginline="126" endline="126" begincolumn="60" endcolumn="68" rule="SignatureDeclareThrowsException" ruleset="Design" package="org.junit.jupiter.engine.descriptor" class="JupiterTestDescriptorTests" method="constructFromMethodWithCustomTestAnnotation" externalInfoUrl="https://pmd.github.io/pmd/pmd_rules_java_design.html#signaturedeclarethrowsexception" priority="3">
A method/constructor should not explicitly throw java.lang.Exception
</violation>
<violation beginline="126" endline="133" begincolumn="2" endcolumn="2" rule="JUnitTestContainsTooManyAsserts" ruleset="Best Practices" package="org.junit.jupiter.engine.descriptor" class="JupiterTestDescriptorTests" method="constructFromMethodWithCustomTestAnnotation" externalInfoUrl="https://pmd.github.io/pmd/pmd_rules_java_bestpractices.html#junittestcontainstoomanyasserts" priority="3">
Unit tests should not contain more than 1 assert(s).
</violation>
<violation beginline="130" endline="130" begincolumn="3" endcolumn="14" rule="JUnitAssertionsShouldIncludeMessage" ruleset="Best Practices" package="org.junit.jupiter.engine.descriptor" class="JupiterTestDescriptorTests" method="constructFromMethodWithCustomTestAnnotation" externalInfoUrl="https://pmd.github.io/pmd/pmd_rules_java_bestpractices.html#junitassertionsshouldincludemessage" priority="3">
JUnit assertions should include a message
</violation>
<violation beginline="136" endline="136" begincolumn="50" endcolumn="58" rule="SignatureDeclareThrowsException" ruleset="Design" package="org.junit.jupiter.engine.descriptor" class="JupiterTestDescriptorTests" method="constructFromMethodWithParameters" externalInfoUrl="https://pmd.github.io/pmd/pmd_rules_java_design.html#signaturedeclarethrowsexception" priority="3">
A method/constructor should not explicitly throw java.lang.Exception
</violation>
<violation beginline="136" endline="142" begincolumn="2" endcolumn="2" rule="JUnitTestContainsTooManyAsserts" ruleset="Best Practices" package="org.junit.jupiter.engine.descriptor" class="JupiterTestDescriptorTests" method="constructFromMethodWithParameters" externalInfoUrl="https://pmd.github.io/pmd/pmd_rules_java_bestpractices.html#junittestcontainstoomanyasserts" priority="3">
Unit tests should not contain more than 1 assert(s).
</violation>
<violation beginline="140" endline="140" begincolumn="3" endcolumn="14" rule="JUnitAssertionsShouldIncludeMessage" ruleset="Best Practices" package="org.junit.jupiter.engine.descriptor" class="JupiterTestDescriptorTests" method="constructFromMethodWithParameters" externalInfoUrl="https://pmd.github.io/pmd/pmd_rules_java_bestpractices.html#junitassertionsshouldincludemessage" priority="3">
JUnit assertions should include a message
</violation>
<violation beginline="141" endline="141" begincolumn="73" endcolumn="86" rule="AvoidDuplicateLiterals" ruleset="Error Prone" package="org.junit.jupiter.engine.descriptor" class="JupiterTestDescriptorTests" method="constructFromMethodWithParameters" externalInfoUrl="https://pmd.github.io/pmd/pmd_rules_java_errorprone.html#avoidduplicateliterals" priority="3">
The String literal "display name" appears 5 times in this file; the first occurrence is on line 141
</violation>
<violation beginline="145" endline="145" begincolumn="63" endcolumn="71" rule="SignatureDeclareThrowsException" ruleset="Design" package="org.junit.jupiter.engine.descriptor" class="JupiterTestDescriptorTests" method="constructFromMethodWithPrimitiveArrayParameter" externalInfoUrl="https://pmd.github.io/pmd/pmd_rules_java_design.html#signaturedeclarethrowsexception" priority="3">
A method/constructor should not explicitly throw java.lang.Exception
</violation>
<violation beginline="145" endline="151" begincolumn="2" endcolumn="2" rule="JUnitTestContainsTooManyAsserts" ruleset="Best Practices" package="org.junit.jupiter.engine.descriptor" class="JupiterTestDescriptorTests" method="constructFromMethodWithPrimitiveArrayParameter" externalInfoUrl="https://pmd.github.io/pmd/pmd_rules_java_bestpractices.html#junittestcontainstoomanyasserts" priority="3">
Unit tests should not contain more than 1 assert(s).
</violation>
<violation beginline="149" endline="149" begincolumn="3" endcolumn="14" rule="JUnitAssertionsShouldIncludeMessage" ruleset="Best Practices" package="org.junit.jupiter.engine.descriptor" class="JupiterTestDescriptorTests" method="constructFromMethodWithPrimitiveArrayParameter" externalInfoUrl="https://pmd.github.io/pmd/pmd_rules_java_bestpractices.html#junitassertionsshouldincludemessage" priority="3">
JUnit assertions should include a message
</violation>
<violation beginline="154" endline="154" begincolumn="60" endcolumn="68" rule="SignatureDeclareThrowsException" ruleset="Design" package="org.junit.jupiter.engine.descriptor" class="JupiterTestDescriptorTests" method="constructFromMethodWithObjectArrayParameter" externalInfoUrl="https://pmd.github.io/pmd/pmd_rules_java_design.html#signaturedeclarethrowsexception" priority="3">
A method/constructor should not explicitly throw java.lang.Exception
</violation>
<violation beginline="154" endline="160" begincolumn="2" endcolumn="2" rule="JUnitTestContainsTooManyAsserts" ruleset="Best Practices" package="org.junit.jupiter.engine.descriptor" class="JupiterTestDescriptorTests" method="constructFromMethodWithObjectArrayParameter" externalInfoUrl="https://pmd.github.io/pmd/pmd_rules_java_bestpractices.html#junittestcontainstoomanyasserts" priority="3">
Unit tests should not contain more than 1 assert(s).
</violation>
<violation beginline="158" endline="158" begincolumn="3" endcolumn="14" rule="JUnitAssertionsShouldIncludeMessage" ruleset="Best Practices" package="org.junit.jupiter.engine.descriptor" class="JupiterTestDescriptorTests" method="constructFromMethodWithObjectArrayParameter" externalInfoUrl="https://pmd.github.io/pmd/pmd_rules_java_bestpractices.html#junitassertionsshouldincludemessage" priority="3">
JUnit assertions should include a message
</violation>
<violation beginline="163" endline="163" begincolumn="79" endcolumn="87" rule="SignatureDeclareThrowsException" ruleset="Design" package="org.junit.jupiter.engine.descriptor" class="JupiterTestDescriptorTests" method="constructFromMethodWithMultidimensionalPrimitiveArrayParameter" externalInfoUrl="https://pmd.github.io/pmd/pmd_rules_java_design.html#signaturedeclarethrowsexception" priority="3">
A method/constructor should not explicitly throw java.lang.Exception
</violation>
<violation beginline="163" endline="169" begincolumn="2" endcolumn="2" rule="JUnitTestContainsTooManyAsserts" ruleset="Best Practices" package="org.junit.jupiter.engine.descriptor" class="JupiterTestDescriptorTests" method="constructFromMethodWithMultidimensionalPrimitiveArrayParameter" externalInfoUrl="https://pmd.github.io/pmd/pmd_rules_java_bestpractices.html#junittestcontainstoomanyasserts" priority="3">
Unit tests should not contain more than 1 assert(s).
</violation>
<violation beginline="167" endline="167" begincolumn="3" endcolumn="14" rule="JUnitAssertionsShouldIncludeMessage" ruleset="Best Practices" package="org.junit.jupiter.engine.descriptor" class="JupiterTestDescriptorTests" method="constructFromMethodWithMultidimensionalPrimitiveArrayParameter" externalInfoUrl="https://pmd.github.io/pmd/pmd_rules_java_bestpractices.html#junitassertionsshouldincludemessage" priority="3">
JUnit assertions should include a message
</violation>
<violation beginline="172" endline="172" begincolumn="76" endcolumn="84" rule="SignatureDeclareThrowsException" ruleset="Design" package="org.junit.jupiter.engine.descriptor" class="JupiterTestDescriptorTests" method="constructFromMethodWithMultidimensionalObjectArrayParameter" externalInfoUrl="https://pmd.github.io/pmd/pmd_rules_java_design.html#signaturedeclarethrowsexception" priority="3">
A method/constructor should not explicitly throw java.lang.Exception
</violation>
<violation beginline="172" endline="178" begincolumn="2" endcolumn="2" rule="JUnitTestContainsTooManyAsserts" ruleset="Best Practices" package="org.junit.jupiter.engine.descriptor" class="JupiterTestDescriptorTests" method="constructFromMethodWithMultidimensionalObjectArrayParameter" externalInfoUrl="https://pmd.github.io/pmd/pmd_rules_java_bestpractices.html#junittestcontainstoomanyasserts" priority="3">
Unit tests should not contain more than 1 assert(s).
</violation>
<violation beginline="176" endline="176" begincolumn="3" endcolumn="14" rule="JUnitAssertionsShouldIncludeMessage" ruleset="Best Practices" package="org.junit.jupiter.engine.descriptor" class="JupiterTestDescriptorTests" method="constructFromMethodWithMultidimensionalObjectArrayParameter" externalInfoUrl="https://pmd.github.io/pmd/pmd_rules_java_bestpractices.html#junitassertionsshouldincludemessage" priority="3">
JUnit assertions should include a message
</violation>
<violation beginline="181" endline="195" begincolumn="2" endcolumn="2" rule="JUnitTestContainsTooManyAsserts" ruleset="Best Practices" package="org.junit.jupiter.engine.descriptor" class="JupiterTestDescriptorTests" method="defaultDisplayNamesForTestClasses" externalInfoUrl="https://pmd.github.io/pmd/pmd_rules_java_bestpractices.html#junittestcontainstoomanyasserts" priority="3">
Unit tests should not contain more than 1 assert(s).
</violation>
<violation beginline="183" endline="183" begincolumn="3" endcolumn="14" rule="JUnitAssertionsShouldIncludeMessage" ruleset="Best Practices" package="org.junit.jupiter.engine.descriptor" class="JupiterTestDescriptorTests" method="defaultDisplayNamesForTestClasses" externalInfoUrl="https://pmd.github.io/pmd/pmd_rules_java_bestpractices.html#junitassertionsshouldincludemessage" priority="3">
JUnit assertions should include a message
</violation>
<violation beginline="186" endline="186" begincolumn="3" endcolumn="14" rule="JUnitAssertionsShouldIncludeMessage" ruleset="Best Practices" package="org.junit.jupiter.engine.descriptor" class="JupiterTestDescriptorTests" method="defaultDisplayNamesForTestClasses" externalInfoUrl="https://pmd.github.io/pmd/pmd_rules_java_bestpractices.html#junitassertionsshouldincludemessage" priority="3">
JUnit assertions should include a message
</violation>
<violation beginline="190" endline="190" begincolumn="3" endcolumn="14" rule="JUnitAssertionsShouldIncludeMessage" ruleset="Best Practices" package="org.junit.jupiter.engine.descriptor" class="JupiterTestDescriptorTests" method="defaultDisplayNamesForTestClasses" externalInfoUrl="https://pmd.github.io/pmd/pmd_rules_java_bestpractices.html#junitassertionsshouldincludemessage" priority="3">
JUnit assertions should include a message
</violation>
<violation beginline="194" endline="194" begincolumn="3" endcolumn="14" rule="JUnitAssertionsShouldIncludeMessage" ruleset="Best Practices" package="org.junit.jupiter.engine.descriptor" class="JupiterTestDescriptorTests" method="defaultDisplayNamesForTestClasses" externalInfoUrl="https://pmd.github.io/pmd/pmd_rules_java_bestpractices.html#junitassertionsshouldincludemessage" priority="3">
JUnit assertions should include a message
</violation>
<violation beginline="213" endline="214" begincolumn="15" endcolumn="3" rule="UncommentedEmptyMethodBody" ruleset="Documentation" package="org.junit.jupiter.engine.descriptor" class="JupiterTestDescriptorTests$TestCase" method="test" externalInfoUrl="https://pmd.github.io/pmd/pmd_rules_java_documentation.html#uncommentedemptymethodbody" priority="3">
Document empty method body
</violation>
<violation beginline="213" endline="214" begincolumn="3" endcolumn="3" rule="DetachedTestCase" ruleset="Error Prone" package="org.junit.jupiter.engine.descriptor" class="JupiterTestDescriptorTests$TestCase" externalInfoUrl="https://pmd.github.io/pmd/pmd_rules_java_errorprone.html#detachedtestcase" priority="3">
Probable detached JUnit test case.
</violation>
<violation beginline="213" endline="214" begincolumn="3" endcolumn="3" rule="DefaultPackage" ruleset="Code Style" package="org.junit.jupiter.engine.descriptor" class="JupiterTestDescriptorTests$TestCase" externalInfoUrl="https://pmd.github.io/pmd/pmd_rules_java_codestyle.html#defaultpackage" priority="3">
Use explicit scoping instead of the default package private level
</violation>
<violation beginline="216" endline="217" begincolumn="41" endcolumn="3" rule="UncommentedEmptyMethodBody" ruleset="Documentation" package="org.junit.jupiter.engine.descriptor" class="JupiterTestDescriptorTests$TestCase" method="test" externalInfoUrl="https://pmd.github.io/pmd/pmd_rules_java_documentation.html#uncommentedemptymethodbody" priority="3">
Document empty method body
</violation>
<violation beginline="216" endline="217" begincolumn="3" endcolumn="3" rule="DefaultPackage" ruleset="Code Style" package="org.junit.jupiter.engine.descriptor" class="JupiterTestDescriptorTests$TestCase" externalInfoUrl="https://pmd.github.io/pmd/pmd_rules_java_codestyle.html#defaultpackage" priority="3">
Use explicit scoping instead of the default package private level
</violation>
<violation beginline="219" endline="219" begincolumn="13" endcolumn="22" rule="UseVarargs" ruleset="Best Practices" package="org.junit.jupiter.engine.descriptor" class="JupiterTestDescriptorTests$TestCase" method="test" variable="nums" externalInfoUrl="https://pmd.github.io/pmd/pmd_rules_java_bestpractices.html#usevarargs" priority="4">
Consider using varargs for methods or constructors which take an array the last parameter.
</violation>
<violation beginline="219" endline="220" begincolumn="25" endcolumn="3" rule="UncommentedEmptyMethodBody" ruleset="Documentation" package="org.junit.jupiter.engine.descriptor" class="JupiterTestDescriptorTests$TestCase" method="test" externalInfoUrl="https://pmd.github.io/pmd/pmd_rules_java_documentation.html#uncommentedemptymethodbody" priority="3">
Document empty method body
</violation>
<violation beginline="219" endline="220" begincolumn="3" endcolumn="3" rule="DefaultPackage" ruleset="Code Style" package="org.junit.jupiter.engine.descriptor" class="JupiterTestDescriptorTests$TestCase" externalInfoUrl="https://pmd.github.io/pmd/pmd_rules_java_codestyle.html#defaultpackage" priority="3">
Use explicit scoping instead of the default package private level
</violation>
<violation beginline="222" endline="222" begincolumn="13" endcolumn="30" rule="UseVarargs" ruleset="Best Practices" package="org.junit.jupiter.engine.descriptor" class="JupiterTestDescriptorTests$TestCase" method="test" variable="nums" externalInfoUrl="https://pmd.github.io/pmd/pmd_rules_java_bestpractices.html#usevarargs" priority="4">
Consider using varargs for methods or constructors which take an array the last parameter.
</violation>
<violation beginline="222" endline="223" begincolumn="33" endcolumn="3" rule="UncommentedEmptyMethodBody" ruleset="Documentation" package="org.junit.jupiter.engine.descriptor" class="JupiterTestDescriptorTests$TestCase" method="test" externalInfoUrl="https://pmd.github.io/pmd/pmd_rules_java_documentation.html#uncommentedemptymethodbody" priority="3">
Document empty method body
</violation>
<violation beginline="222" endline="223" begincolumn="3" endcolumn="3" rule="DefaultPackage" ruleset="Code Style" package="org.junit.jupiter.engine.descriptor" class="JupiterTestDescriptorTests$TestCase" externalInfoUrl="https://pmd.github.io/pmd/pmd_rules_java_codestyle.html#defaultpackage" priority="3">
Use explicit scoping instead of the default package private level
</violation>
<violation beginline="225" endline="225" begincolumn="13" endcolumn="25" rule="UseVarargs" ruleset="Best Practices" package="org.junit.jupiter.engine.descriptor" class="JupiterTestDescriptorTests$TestCase" method="test" variable="info" externalInfoUrl="https://pmd.github.io/pmd/pmd_rules_java_bestpractices.html#usevarargs" priority="4">
Consider using varargs for methods or constructors which take an array the last parameter.
</violation>
<violation beginline="225" endline="226" begincolumn="28" endcolumn="3" rule="UncommentedEmptyMethodBody" ruleset="Documentation" package="org.junit.jupiter.engine.descriptor" class="JupiterTestDescriptorTests$TestCase" method="test" externalInfoUrl="https://pmd.github.io/pmd/pmd_rules_java_documentation.html#uncommentedemptymethodbody" priority="3">
Document empty method body
</violation>
<violation beginline="225" endline="226" begincolumn="3" endcolumn="3" rule="DefaultPackage" ruleset="Code Style" package="org.junit.jupiter.engine.descriptor" class="JupiterTestDescriptorTests$TestCase" externalInfoUrl="https://pmd.github.io/pmd/pmd_rules_java_codestyle.html#defaultpackage" priority="3">
Use explicit scoping instead of the default package private level
</violation>
<violation beginline="228" endline="228" begincolumn="13" endcolumn="33" rule="UseVarargs" ruleset="Best Practices" package="org.junit.jupiter.engine.descriptor" class="JupiterTestDescriptorTests$TestCase" method="test" variable="info" externalInfoUrl="https://pmd.github.io/pmd/pmd_rules_java_bestpractices.html#usevarargs" priority="4">
Consider using varargs for methods or constructors which take an array the last parameter.
</violation>
<violation beginline="228" endline="229" begincolumn="36" endcolumn="3" rule="UncommentedEmptyMethodBody" ruleset="Documentation" package="org.junit.jupiter.engine.descriptor" class="JupiterTestDescriptorTests$TestCase" method="test" externalInfoUrl="https://pmd.github.io/pmd/pmd_rules_java_documentation.html#uncommentedemptymethodbody" priority="3">
Document empty method body
</violation>
<violation beginline="228" endline="229" begincolumn="3" endcolumn="3" rule="DefaultPackage" ruleset="Code Style" package="org.junit.jupiter.engine.descriptor" class="JupiterTestDescriptorTests$TestCase" externalInfoUrl="https://pmd.github.io/pmd/pmd_rules_java_codestyle.html#defaultpackage" priority="3">
Use explicit scoping instead of the default package private level
</violation>
<violation beginline="236" endline="237" begincolumn="14" endcolumn="3" rule="UncommentedEmptyMethodBody" ruleset="Documentation" package="org.junit.jupiter.engine.descriptor" class="JupiterTestDescriptorTests$TestCase" method="foo" externalInfoUrl="https://pmd.github.io/pmd/pmd_rules_java_documentation.html#uncommentedemptymethodbody" priority="3">
Document empty method body
</violation>
<violation beginline="236" endline="237" begincolumn="3" endcolumn="3" rule="JUnitTestsShouldIncludeAssert" ruleset="Best Practices" package="org.junit.jupiter.engine.descriptor" class="JupiterTestDescriptorTests$TestCase" method="foo" externalInfoUrl="https://pmd.github.io/pmd/pmd_rules_java_bestpractices.html#junittestsshouldincludeassert" priority="3">
JUnit tests should include assert() or fail()
</violation>
<violation beginline="239" endline="241" begincolumn="3" endcolumn="3" rule="DefaultPackage" ruleset="Code Style" package="org.junit.jupiter.engine.descriptor" class="JupiterTestDescriptorTests$TestCase" externalInfoUrl="https://pmd.github.io/pmd/pmd_rules_java_codestyle.html#defaultpackage" priority="3">
Use explicit scoping instead of the default package private level
</violation>
<violation beginline="240" endline="241" begincolumn="31" endcolumn="3" rule="UncommentedEmptyMethodBody" ruleset="Documentation" package="org.junit.jupiter.engine.descriptor" class="JupiterTestDescriptorTests$TestCase" method="customTestAnnotation" externalInfoUrl="https://pmd.github.io/pmd/pmd_rules_java_documentation.html#uncommentedemptymethodbody" priority="3">
Document empty method body
</violation>
<violation beginline="249" endline="250" begincolumn="20" endcolumn="3" rule="UncommentedEmptyMethodBody" ruleset="Documentation" package="org.junit.jupiter.engine.descriptor" class="JupiterTestDescriptorTests$TestCaseWithInvalidBeforeAllMethod" method="beforeAll" externalInfoUrl="https://pmd.github.io/pmd/pmd_rules_java_documentation.html#uncommentedemptymethodbody" priority="3">
Document empty method body
</violation>
<violation beginline="253" endline="254" begincolumn="15" endcolumn="3" rule="UncommentedEmptyMethodBody" ruleset="Documentation" package="org.junit.jupiter.engine.descriptor" class="JupiterTestDescriptorTests$TestCaseWithInvalidBeforeAllMethod" method="test" externalInfoUrl="https://pmd.github.io/pmd/pmd_rules_java_documentation.html#uncommentedemptymethodbody" priority="3">
Document empty method body
</violation>
<violation beginline="253" endline="254" begincolumn="3" endcolumn="3" rule="JUnitTestsShouldIncludeAssert" ruleset="Best Practices" package="org.junit.jupiter.engine.descriptor" class="JupiterTestDescriptorTests$TestCaseWithInvalidBeforeAllMethod" method="test" externalInfoUrl="https://pmd.github.io/pmd/pmd_rules_java_bestpractices.html#junittestsshouldincludeassert" priority="3">
JUnit tests should include assert() or fail()
</violation>
<violation beginline="262" endline="263" begincolumn="19" endcolumn="3" rule="UncommentedEmptyMethodBody" ruleset="Documentation" package="org.junit.jupiter.engine.descriptor" class="JupiterTestDescriptorTests$TestCaseWithInvalidAfterAllMethod" method="afterAll" externalInfoUrl="https://pmd.github.io/pmd/pmd_rules_java_documentation.html#uncommentedemptymethodbody" priority="3">
Document empty method body
</violation>
<violation beginline="266" endline="267" begincolumn="15" endcolumn="3" rule="UncommentedEmptyMethodBody" ruleset="Documentation" package="org.junit.jupiter.engine.descriptor" class="JupiterTestDescriptorTests$TestCaseWithInvalidAfterAllMethod" method="test" externalInfoUrl="https://pmd.github.io/pmd/pmd_rules_java_documentation.html#uncommentedemptymethodbody" priority="3">
Document empty method body
</violation>
<violation beginline="266" endline="267" begincolumn="3" endcolumn="3" rule="JUnitTestsShouldIncludeAssert" ruleset="Best Practices" package="org.junit.jupiter.engine.descriptor" class="JupiterTestDescriptorTests$TestCaseWithInvalidAfterAllMethod" method="test" externalInfoUrl="https://pmd.github.io/pmd/pmd_rules_java_bestpractices.html#junittestsshouldincludeassert" priority="3">
JUnit tests should include assert() or fail()
</violation>
<violation beginline="275" endline="276" begincolumn="28" endcolumn="3" rule="UncommentedEmptyMethodBody" ruleset="Documentation" package="org.junit.jupiter.engine.descriptor" class="JupiterTestDescriptorTests$TestCaseWithInvalidBeforeEachMethod" method="beforeEach" externalInfoUrl="https://pmd.github.io/pmd/pmd_rules_java_documentation.html#uncommentedemptymethodbody" priority="3">
Document empty method body
</violation>
<violation beginline="279" endline="280" begincolumn="15" endcolumn="3" rule="UncommentedEmptyMethodBody" ruleset="Documentation" package="org.junit.jupiter.engine.descriptor" class="JupiterTestDescriptorTests$TestCaseWithInvalidBeforeEachMethod" method="test" externalInfoUrl="https://pmd.github.io/pmd/pmd_rules_java_documentation.html#uncommentedemptymethodbody" priority="3">
Document empty method body
</violation>
<violation beginline="279" endline="280" begincolumn="3" endcolumn="3" rule="JUnitTestsShouldIncludeAssert" ruleset="Best Practices" package="org.junit.jupiter.engine.descriptor" class="JupiterTestDescriptorTests$TestCaseWithInvalidBeforeEachMethod" method="test" externalInfoUrl="https://pmd.github.io/pmd/pmd_rules_java_bestpractices.html#junittestsshouldincludeassert" priority="3">
JUnit tests should include assert() or fail()
</violation>
<violation beginline="288" endline="289" begincolumn="27" endcolumn="3" rule="UncommentedEmptyMethodBody" ruleset="Documentation" package="org.junit.jupiter.engine.descriptor" class="JupiterTestDescriptorTests$TestCaseWithInvalidAfterEachMethod" method="afterEach" externalInfoUrl="https://pmd.github.io/pmd/pmd_rules_java_documentation.html#uncommentedemptymethodbody" priority="3">
Document empty method body
</violation>
<violation beginline="292" endline="293" begincolumn="15" endcolumn="3" rule="UncommentedEmptyMethodBody" ruleset="Documentation" package="org.junit.jupiter.engine.descriptor" class="JupiterTestDescriptorTests$TestCaseWithInvalidAfterEachMethod" method="test" externalInfoUrl="https://pmd.github.io/pmd/pmd_rules_java_documentation.html#uncommentedemptymethodbody" priority="3">
Document empty method body
</violation>
<violation beginline="292" endline="293" begincolumn="3" endcolumn="3" rule="JUnitTestsShouldIncludeAssert" ruleset="Best Practices" package="org.junit.jupiter.engine.descriptor" class="JupiterTestDescriptorTests$TestCaseWithInvalidAfterEachMethod" method="test" externalInfoUrl="https://pmd.github.io/pmd/pmd_rules_java_bestpractices.html#junittestsshouldincludeassert" priority="3">
JUnit tests should include assert() or fail()
</violation>
</file>
<file name="C:\Users\Sokaina\Downloads\Versiones-Junit5\junit5-r5.0.2\junit-jupiter-engine\src\test\java\org\junit\jupiter\engine\descriptor\LifecycleMethodUtilsTests.java">
<violation beginline="11" endline="214" begincolumn="1" endcolumn="2" rule="TooManyStaticImports" ruleset="Code Style" package="org.junit.jupiter.engine.descriptor" class="LifecycleMethodUtilsTests" externalInfoUrl="https://pmd.github.io/pmd/pmd_rules_java_codestyle.html#toomanystaticimports" priority="3">
Too many static imports may lead to messy code
</violation>
<violation beginline="42" endline="48" begincolumn="2" endcolumn="2" rule="JUnitTestContainsTooManyAsserts" ruleset="Best Practices" package="org.junit.jupiter.engine.descriptor" class="LifecycleMethodUtilsTests" method="findNonVoidBeforeAllMethodsWithStandardLifecycle" externalInfoUrl="https://pmd.github.io/pmd/pmd_rules_java_bestpractices.html#junittestcontainstoomanyasserts" priority="3">
Unit tests should not contain more than 1 assert(s).
</violation>
<violation beginline="45" endline="45" begincolumn="3" endcolumn="14" rule="JUnitAssertionsShouldIncludeMessage" ruleset="Best Practices" package="org.junit.jupiter.engine.descriptor" class="LifecycleMethodUtilsTests" method="findNonVoidBeforeAllMethodsWithStandardLifecycle" externalInfoUrl="https://pmd.github.io/pmd/pmd_rules_java_bestpractices.html#junitassertionsshouldincludemessage" priority="3">
JUnit assertions should include a message
</violation>
<violation beginline="51" endline="57" begincolumn="2" endcolumn="2" rule="JUnitTestContainsTooManyAsserts" ruleset="Best Practices" package="org.junit.jupiter.engine.descriptor" class="LifecycleMethodUtilsTests" method="findNonVoidAfterAllMethodsWithStandardLifecycle" externalInfoUrl="https://pmd.github.io/pmd/pmd_rules_java_bestpractices.html#junittestcontainstoomanyasserts" priority="3">
Unit tests should not contain more than 1 assert(s).
</violation>
<violation beginline="54" endline="54" begincolumn="3" endcolumn="14" rule="JUnitAssertionsShouldIncludeMessage" ruleset="Best Practices" package="org.junit.jupiter.engine.descriptor" class="LifecycleMethodUtilsTests" method="findNonVoidAfterAllMethodsWithStandardLifecycle" externalInfoUrl="https://pmd.github.io/pmd/pmd_rules_java_bestpractices.html#junitassertionsshouldincludemessage" priority="3">
JUnit assertions should include a message
</violation>
<violation beginline="60" endline="66" begincolumn="2" endcolumn="2" rule="JUnitTestContainsTooManyAsserts" ruleset="Best Practices" package="org.junit.jupiter.engine.descriptor" class="LifecycleMethodUtilsTests" method="findNonVoidBeforeEachMethodsWithStandardLifecycle" externalInfoUrl="https://pmd.github.io/pmd/pmd_rules_java_bestpractices.html#junittestcontainstoomanyasserts" priority="3">
Unit tests should not contain more than 1 assert(s).
</violation>
<violation beginline="63" endline="63" begincolumn="3" endcolumn="14" rule="JUnitAssertionsShouldIncludeMessage" ruleset="Best Practices" package="org.junit.jupiter.engine.descriptor" class="LifecycleMethodUtilsTests" method="findNonVoidBeforeEachMethodsWithStandardLifecycle" externalInfoUrl="https://pmd.github.io/pmd/pmd_rules_java_bestpractices.html#junitassertionsshouldincludemessage" priority="3">
JUnit assertions should include a message
</violation>
<violation beginline="69" endline="75" begincolumn="2" endcolumn="2" rule="JUnitTestContainsTooManyAsserts" ruleset="Best Practices" package="org.junit.jupiter.engine.descriptor" class="LifecycleMethodUtilsTests" method="findNonVoidAfterEachMethodsWithStandardLifecycle" externalInfoUrl="https://pmd.github.io/pmd/pmd_rules_java_bestpractices.html#junittestcontainstoomanyasserts" priority="3">
Unit tests should not contain more than 1 assert(s).
</violation>
<violation beginline="72" endline="72" begincolumn="3" endcolumn="14" rule="JUnitAssertionsShouldIncludeMessage" ruleset="Best Practices" package="org.junit.jupiter.engine.descriptor" class="LifecycleMethodUtilsTests" method="findNonVoidAfterEachMethodsWithStandardLifecycle" externalInfoUrl="https://pmd.github.io/pmd/pmd_rules_java_bestpractices.html#junitassertionsshouldincludemessage" priority="3">
JUnit assertions should include a message
</violation>
<violation beginline="81" endline="81" begincolumn="3" endcolumn="12" rule="JUnitAssertionsShouldIncludeMessage" ruleset="Best Practices" package="org.junit.jupiter.engine.descriptor" class="LifecycleMethodUtilsTests" method="findBeforeEachMethodsWithStandardLifecycle" externalInfoUrl="https://pmd.github.io/pmd/pmd_rules_java_bestpractices.html#junitassertionsshouldincludemessage" priority="3">
JUnit assertions should include a message
</violation>
<violation beginline="88" endline="88" begincolumn="3" endcolumn="12" rule="JUnitAssertionsShouldIncludeMessage" ruleset="Best Practices" package="org.junit.jupiter.engine.descriptor" class="LifecycleMethodUtilsTests" method="findAfterEachMethodsWithStandardLifecycle" externalInfoUrl="https://pmd.github.io/pmd/pmd_rules_java_bestpractices.html#junitassertionsshouldincludemessage" priority="3">
JUnit assertions should include a message
</violation>
<violation beginline="99" endline="105" begincolumn="2" endcolumn="2" rule="JUnitTestContainsTooManyAsserts" ruleset="Best Practices" package="org.junit.jupiter.engine.descriptor" class="LifecycleMethodUtilsTests" method="findBeforeAllMethodsWithStandardLifecycleAndRequiringStatic" externalInfoUrl="https://pmd.github.io/pmd/pmd_rules_java_bestpractices.html#junittestcontainstoomanyasserts" priority="3">
Unit tests should not contain more than 1 assert(s).
</violation>
<violation beginline="102" endline="102" begincolumn="3" endcolumn="14" rule="JUnitAssertionsShouldIncludeMessage" ruleset="Best Practices" package="org.junit.jupiter.engine.descriptor" class="LifecycleMethodUtilsTests" method="findBeforeAllMethodsWithStandardLifecycleAndRequiringStatic" externalInfoUrl="https://pmd.github.io/pmd/pmd_rules_java_bestpractices.html#junitassertionsshouldincludemessage" priority="3">
JUnit assertions should include a message
</violation>
<violation beginline="111" endline="111" begincolumn="3" endcolumn="12" rule="JUnitAssertionsShouldIncludeMessage" ruleset="Best Practices" package="org.junit.jupiter.engine.descriptor" class="LifecycleMethodUtilsTests" method="findBeforeAllMethodsWithLifeCyclePerClassAndRequiringStatic" externalInfoUrl="https://pmd.github.io/pmd/pmd_rules_java_bestpractices.html#junitassertionsshouldincludemessage" priority="3">
JUnit assertions should include a message
</violation>
<violation beginline="118" endline="118" begincolumn="3" endcolumn="12" rule="JUnitAssertionsShouldIncludeMessage" ruleset="Best Practices" package="org.junit.jupiter.engine.descriptor" class="LifecycleMethodUtilsTests" method="findAfterAllMethodsWithStandardLifecycleAndWithoutRequiringStatic" externalInfoUrl="https://pmd.github.io/pmd/pmd_rules_java_bestpractices.html#junitassertionsshouldincludemessage" priority="3">
JUnit assertions should include a message
</violation>
<violation beginline="130" endline="130" begincolumn="3" endcolumn="12" rule="JUnitAssertionsShouldIncludeMessage" ruleset="Best Practices" package="org.junit.jupiter.engine.descriptor" class="LifecycleMethodUtilsTests" method="findAfterAllMethodsWithLifeCyclePerClassAndRequiringStatic" externalInfoUrl="https://pmd.github.io/pmd/pmd_rules_java_bestpractices.html#junitassertionsshouldincludemessage" priority="3">
JUnit assertions should include a message
</violation>
<violation beginline="139" endline="169" begincolumn="1" endcolumn="1" rule="TestClassWithoutTestCases" ruleset="Error Prone" package="org.junit.jupiter.engine.descriptor" class="TestCaseWithStandardLifecycle" externalInfoUrl="https://pmd.github.io/pmd/pmd_rules_java_errorprone.html#testclasswithouttestcases" priority="3">
This class name ends with Test but contains no test cases
</violation>
<violation beginline="142" endline="143" begincolumn="13" endcolumn="2" rule="UncommentedEmptyMethodBody" ruleset="Documentation" package="org.junit.jupiter.engine.descriptor" class="TestCaseWithStandardLifecycle" method="one" externalInfoUrl="https://pmd.github.io/pmd/pmd_rules_java_documentation.html#uncommentedemptymethodbody" priority="3">
Document empty method body
</violation>
<violation beginline="146" endline="147" begincolumn="14" endcolumn="2" rule="UncommentedEmptyMethodBody" ruleset="Documentation" package="org.junit.jupiter.engine.descriptor" class="TestCaseWithStandardLifecycle" method="nine" externalInfoUrl="https://pmd.github.io/pmd/pmd_rules_java_documentation.html#uncommentedemptymethodbody" priority="3">
Document empty method body
</violation>
<violation beginline="150" endline="151" begincolumn="13" endcolumn="2" rule="UncommentedEmptyMethodBody" ruleset="Documentation" package="org.junit.jupiter.engine.descriptor" class="TestCaseWithStandardLifecycle" method="ten" externalInfoUrl="https://pmd.github.io/pmd/pmd_rules_java_documentation.html#uncommentedemptymethodbody" priority="3">
Document empty method body
</violation>
<violation beginline="154" endline="155" begincolumn="16" endcolumn="2" rule="UncommentedEmptyMethodBody" ruleset="Documentation" package="org.junit.jupiter.engine.descriptor" class="TestCaseWithStandardLifecycle" method="eleven" externalInfoUrl="https://pmd.github.io/pmd/pmd_rules_java_documentation.html#uncommentedemptymethodbody" priority="3">
Document empty method body
</violation>
<violation beginline="158" endline="159" begincolumn="16" endcolumn="2" rule="UncommentedEmptyMethodBody" ruleset="Documentation" package="org.junit.jupiter.engine.descriptor" class="TestCaseWithStandardLifecycle" method="twelve" externalInfoUrl="https://pmd.github.io/pmd/pmd_rules_java_documentation.html#uncommentedemptymethodbody" priority="3">
Document empty method body
</violation>
<violation beginline="162" endline="163" begincolumn="14" endcolumn="2" rule="UncommentedEmptyMethodBody" ruleset="Documentation" package="org.junit.jupiter.engine.descriptor" class="TestCaseWithStandardLifecycle" method="five" externalInfoUrl="https://pmd.github.io/pmd/pmd_rules_java_documentation.html#uncommentedemptymethodbody" priority="3">
Document empty method body
</violation>
<violation beginline="166" endline="167" begincolumn="13" endcolumn="2" rule="UncommentedEmptyMethodBody" ruleset="Documentation" package="org.junit.jupiter.engine.descriptor" class="TestCaseWithStandardLifecycle" method="six" externalInfoUrl="https://pmd.github.io/pmd/pmd_rules_java_documentation.html#uncommentedemptymethodbody" priority="3">
Document empty method body
</violation>
<violation beginline="172" endline="190" begincolumn="1" endcolumn="1" rule="TestClassWithoutTestCases" ruleset="Error Prone" package="org.junit.jupiter.engine.descriptor" class="TestCaseWithLifecyclePerClass" externalInfoUrl="https://pmd.github.io/pmd/pmd_rules_java_errorprone.html#testclasswithouttestcases" priority="3">
This class name ends with Test but contains no test cases
</violation>
<violation beginline="175" endline="176" begincolumn="15" endcolumn="2" rule="UncommentedEmptyMethodBody" ruleset="Documentation" package="org.junit.jupiter.engine.descriptor" class="TestCaseWithLifecyclePerClass" method="three" externalInfoUrl="https://pmd.github.io/pmd/pmd_rules_java_documentation.html#uncommentedemptymethodbody" priority="3">
Document empty method body
</violation>
<violation beginline="179" endline="180" begincolumn="14" endcolumn="2" rule="UncommentedEmptyMethodBody" ruleset="Documentation" package="org.junit.jupiter.engine.descriptor" class="TestCaseWithLifecyclePerClass" method="four" externalInfoUrl="https://pmd.github.io/pmd/pmd_rules_java_documentation.html#uncommentedemptymethodbody" priority="3">
Document empty method body
</violation>
<violation beginline="183" endline="184" begincolumn="15" endcolumn="2" rule="UncommentedEmptyMethodBody" ruleset="Documentation" package="org.junit.jupiter.engine.descriptor" class="TestCaseWithLifecyclePerClass" method="seven" externalInfoUrl="https://pmd.github.io/pmd/pmd_rules_java_documentation.html#uncommentedemptymethodbody" priority="3">
Document empty method body
</violation>
<violation beginline="187" endline="188" begincolumn="15" endcolumn="2" rule="UncommentedEmptyMethodBody" ruleset="Documentation" package="org.junit.jupiter.engine.descriptor" class="TestCaseWithLifecyclePerClass" method="eight" externalInfoUrl="https://pmd.github.io/pmd/pmd_rules_java_documentation.html#uncommentedemptymethodbody" priority="3">
Document empty method body
</violation>
<violation beginline="192" endline="214" begincolumn="1" endcolumn="1" rule="TestClassWithoutTestCases" ruleset="Error Prone" package="org.junit.jupiter.engine.descriptor" class="TestCaseWithNonVoidLifecyleMethods" externalInfoUrl="https://pmd.github.io/pmd/pmd_rules_java_errorprone.html#testclasswithouttestcases" priority="3">
This class name ends with Test but contains no test cases
</violation>
<violation beginline="195" endline="197" begincolumn="2" endcolumn="2" rule="ShortMethodName" ruleset="Code Style" package="org.junit.jupiter.engine.descriptor" class="TestCaseWithNonVoidLifecyleMethods" method="aa" externalInfoUrl="https://pmd.github.io/pmd/pmd_rules_java_codestyle.html#shortmethodname" priority="3">
Avoid using short method names
</violation>
<violation beginline="200" endline="202" begincolumn="2" endcolumn="2" rule="ShortMethodName" ruleset="Code Style" package="org.junit.jupiter.engine.descriptor" class="TestCaseWithNonVoidLifecyleMethods" method="bb" externalInfoUrl="https://pmd.github.io/pmd/pmd_rules_java_codestyle.html#shortmethodname" priority="3">
Avoid using short method names
</violation>
<violation beginline="205" endline="207" begincolumn="2" endcolumn="2" rule="ShortMethodName" ruleset="Code Style" package="org.junit.jupiter.engine.descriptor" class="TestCaseWithNonVoidLifecyleMethods" method="cc" externalInfoUrl="https://pmd.github.io/pmd/pmd_rules_java_codestyle.html#shortmethodname" priority="3">
Avoid using short method names
</violation>
<violation beginline="210" endline="212" begincolumn="2" endcolumn="2" rule="ShortMethodName" ruleset="Code Style" package="org.junit.jupiter.engine.descriptor" class="TestCaseWithNonVoidLifecyleMethods" method="dd" externalInfoUrl="https://pmd.github.io/pmd/pmd_rules_java_codestyle.html#shortmethodname" priority="3">
Avoid using short method names
</violation>
</file>
<file name="C:\Users\Sokaina\Downloads\Versiones-Junit5\junit5-r5.0.2\junit-jupiter-engine\src\test\java\org\junit\jupiter\engine\descriptor\TestDescriptorBuilder.java">
<violation beginline="25" endline="25" begincolumn="2" endcolumn="67" rule="DefaultPackage" ruleset="Code Style" package="org.junit.jupiter.engine.descriptor" class="TestDescriptorBuilder" externalInfoUrl="https://pmd.github.io/pmd/pmd_rules_java_codestyle.html#defaultpackage" priority="3">
Use explicit scoping instead of the default package private level
</violation>
<violation beginline="50" endline="50" begincolumn="2" endcolumn="30" rule="DefaultPackage" ruleset="Code Style" package="org.junit.jupiter.engine.descriptor" class="TestDescriptorBuilder" externalInfoUrl="https://pmd.github.io/pmd/pmd_rules_java_codestyle.html#defaultpackage" priority="3">
Use explicit scoping instead of the default package private level
</violation>
<violation beginline="54" endline="57" begincolumn="3" endcolumn="3" rule="DefaultPackage" ruleset="Code Style" package="org.junit.jupiter.engine.descriptor" class="TestDescriptorBuilder$JupiterEngineDescriptorBuilder" externalInfoUrl="https://pmd.github.io/pmd/pmd_rules_java_codestyle.html#defaultpackage" priority="3">
Use explicit scoping instead of the default package private level
</violation>
<violation beginline="70" endline="73" begincolumn="3" endcolumn="3" rule="DefaultPackage" ruleset="Code Style" package="org.junit.jupiter.engine.descriptor" class="TestDescriptorBuilder$ClassTestDescriptorBuilder" externalInfoUrl="https://pmd.github.io/pmd/pmd_rules_java_codestyle.html#defaultpackage" priority="3">
Use explicit scoping instead of the default package private level
</violation>
<violation beginline="82" endline="85" begincolumn="3" endcolumn="3" rule="DefaultPackage" ruleset="Code Style" package="org.junit.jupiter.engine.descriptor" class="TestDescriptorBuilder$NestedClassTestDescriptorBuilder" externalInfoUrl="https://pmd.github.io/pmd/pmd_rules_java_codestyle.html#defaultpackage" priority="3">
Use explicit scoping instead of the default package private level
</violation>
</file>
<file name="C:\Users\Sokaina\Downloads\Versiones-Junit5\junit5-r5.0.2\junit-jupiter-engine\src\test\java\org\junit\jupiter\engine\descriptor\TestFactoryTestDescriptorTests.java">
<violation beginline="44" endline="44" begincolumn="23" endcolumn="31" rule="SignatureDeclareThrowsException" ruleset="Design" package="org.junit.jupiter.engine.descriptor" class="TestFactoryTestDescriptorTests" method="before" externalInfoUrl="https://pmd.github.io/pmd/pmd_rules_java_design.html#signaturedeclarethrowsexception" priority="3">
A method/constructor should not explicitly throw java.lang.Exception
</violation>
<violation beginline="64" endline="64" begincolumn="3" endcolumn="12" rule="JUnitAssertionsShouldIncludeMessage" ruleset="Best Practices" package="org.junit.jupiter.engine.descriptor" class="TestFactoryTestDescriptorTests" method="streamsFromTestFactoriesShouldBeClosed" externalInfoUrl="https://pmd.github.io/pmd/pmd_rules_java_bestpractices.html#junitassertionsshouldincludemessage" priority="3">
JUnit assertions should include a message
</violation>
<violation beginline="74" endline="74" begincolumn="3" endcolumn="12" rule="JUnitAssertionsShouldIncludeMessage" ruleset="Best Practices" package="org.junit.jupiter.engine.descriptor" class="TestFactoryTestDescriptorTests" method="streamsFromTestFactoriesShouldBeClosedWhenTheyThrow" externalInfoUrl="https://pmd.github.io/pmd/pmd_rules_java_bestpractices.html#junitassertionsshouldincludemessage" priority="3">
JUnit assertions should include a message
</violation>
</file>
<file name="C:\Users\Sokaina\Downloads\Versiones-Junit5\junit5-r5.0.2\junit-jupiter-engine\src\test\java\org\junit\jupiter\engine\descriptor\TestInstanceLifecycleUtilsTests.java">
<violation beginline="11" endline="151" begincolumn="1" endcolumn="2" rule="TooManyStaticImports" ruleset="Code Style" package="org.junit.jupiter.engine.descriptor" class="TestInstanceLifecycleUtilsTests" externalInfoUrl="https://pmd.github.io/pmd/pmd_rules_java_codestyle.html#toomanystaticimports" priority="3">
Too many static imports may lead to messy code
</violation>
<violation beginline="52" endline="56" begincolumn="2" endcolumn="2" rule="JUnitTestContainsTooManyAsserts" ruleset="Best Practices" package="org.junit.jupiter.engine.descriptor" class="TestInstanceLifecycleUtilsTests" method="getDefaultTestInstanceLifecyclePreconditions" externalInfoUrl="https://pmd.github.io/pmd/pmd_rules_java_bestpractices.html#junittestcontainstoomanyasserts" priority="3">
Unit tests should not contain more than 1 assert(s).
</violation>
<violation beginline="65" endline="77" begincolumn="2" endcolumn="2" rule="JUnitTestContainsTooManyAsserts" ruleset="Best Practices" package="org.junit.jupiter.engine.descriptor" class="TestInstanceLifecycleUtilsTests" method="getDefaultTestInstanceLifecycleWithConfigParamSet" externalInfoUrl="https://pmd.github.io/pmd/pmd_rules_java_bestpractices.html#junittestcontainstoomanyasserts" priority="3">
Unit tests should not contain more than 1 assert(s).
</violation>
<violation beginline="71" endline="71" begincolumn="35" endcolumn="65" rule="UseLocaleWithCaseConversions" ruleset="Error Prone" package="org.junit.jupiter.engine.descriptor" class="TestInstanceLifecycleUtilsTests" method="getDefaultTestInstanceLifecycleWithConfigParamSet" externalInfoUrl="https://pmd.github.io/pmd/pmd_rules_java_errorprone.html#uselocalewithcaseconversions" priority="3">
When doing a String.toLowerCase()/toUpperCase() call, use a Locale
</violation>
<violation beginline="74" endline="74" begincolumn="35" endcolumn="64" rule="UseLocaleWithCaseConversions" ruleset="Error Prone" package="org.junit.jupiter.engine.descriptor" class="TestInstanceLifecycleUtilsTests" method="getDefaultTestInstanceLifecycleWithConfigParamSet" externalInfoUrl="https://pmd.github.io/pmd/pmd_rules_java_errorprone.html#uselocalewithcaseconversions" priority="3">
When doing a String.toLowerCase()/toUpperCase() call, use a Locale
</violation>
<violation beginline="75" endline="75" begincolumn="67" endcolumn="85" rule="UnnecessaryFullyQualifiedName" ruleset="Code Style" package="org.junit.jupiter.engine.descriptor" class="TestInstanceLifecycleUtilsTests" method="getDefaultTestInstanceLifecycleWithConfigParamSet" externalInfoUrl="https://pmd.github.io/pmd/pmd_rules_java_codestyle.html#unnecessaryfullyqualifiedname" priority="4">
Unnecessary use of fully qualified name 'Lifecycle.PER_CLASS' due to existing static import 'org.junit.jupiter.api.TestInstance.Lifecycle.PER_CLASS'
</violation>
<violation beginline="87" endline="95" begincolumn="2" endcolumn="2" rule="JUnitTestContainsTooManyAsserts" ruleset="Best Practices" package="org.junit.jupiter.engine.descriptor" class="TestInstanceLifecycleUtilsTests" method="getTestInstanceLifecyclePreconditions" externalInfoUrl="https://pmd.github.io/pmd/pmd_rules_java_bestpractices.html#junittestcontainstoomanyasserts" priority="3">
Unit tests should not contain more than 1 assert(s).
</violation>
<violation beginline="106" endline="106" begincolumn="54" endcolumn="83" rule="UseLocaleWithCaseConversions" ruleset="Error Prone" package="org.junit.jupiter.engine.descriptor" class="TestInstanceLifecycleUtilsTests" method="getTestInstanceLifecycleWithConfigParamSet" externalInfoUrl="https://pmd.github.io/pmd/pmd_rules_java_errorprone.html#uselocalewithcaseconversions" priority="3">
When doing a String.toLowerCase()/toUpperCase() call, use a Locale
</violation>
<violation beginline="114" endline="114" begincolumn="54" endcolumn="83" rule="UseLocaleWithCaseConversions" ruleset="Error Prone" package="org.junit.jupiter.engine.descriptor" class="TestInstanceLifecycleUtilsTests" method="getTestInstanceLifecycleWithLocalConfigThatOverridesCustomDefaultSetViaConfigParam" externalInfoUrl="https://pmd.github.io/pmd/pmd_rules_java_errorprone.html#uselocalewithcaseconversions" priority="3">
When doing a String.toLowerCase()/toUpperCase() call, use a Locale
</violation>
<violation beginline="133" endline="133" begincolumn="16" endcolumn="35" rule="UnnecessaryFullyQualifiedName" ruleset="Code Style" package="org.junit.jupiter.engine.descriptor" class="TestInstanceLifecycleUtilsTests" externalInfoUrl="https://pmd.github.io/pmd/pmd_rules_java_codestyle.html#unnecessaryfullyqualifiedname" priority="4">
Unnecessary use of fully qualified name 'Lifecycle.PER_METHOD' due to existing static import 'org.junit.jupiter.api.TestInstance.Lifecycle.PER_METHOD'
</violation>
<violation beginline="140" endline="140" begincolumn="16" endcolumn="34" rule="UnnecessaryFullyQualifiedName" ruleset="Code Style" package="org.junit.jupiter.engine.descriptor" class="TestInstanceLifecycleUtilsTests" externalInfoUrl="https://pmd.github.io/pmd/pmd_rules_java_codestyle.html#unnecessaryfullyqualifiedname" priority="4">
Unnecessary use of fully qualified name 'Lifecycle.PER_CLASS' due to existing static import 'org.junit.jupiter.api.TestInstance.Lifecycle.PER_CLASS'
</violation>
</file>
<file name="C:\Users\Sokaina\Downloads\Versiones-Junit5\junit5-r5.0.2\junit-jupiter-engine\src\test\java\org\junit\jupiter\engine\descriptor\TestTemplateTestDescriptorTests.java">
<violation beginline="33" endline="33" begincolumn="39" endcolumn="47" rule="SignatureDeclareThrowsException" ruleset="Design" package="org.junit.jupiter.engine.descriptor" class="TestTemplateTestDescriptorTests" method="inheritsTagsFromParent" externalInfoUrl="https://pmd.github.io/pmd/pmd_rules_java_design.html#signaturedeclarethrowsexception" priority="3">
A method/constructor should not explicitly throw java.lang.Exception
</violation>
<violation beginline="68" endline="69" begincolumn="23" endcolumn="3" rule="UncommentedEmptyMethodBody" ruleset="Documentation" package="org.junit.jupiter.engine.descriptor" class="TestTemplateTestDescriptorTests$MyTestCase" method="testTemplate" externalInfoUrl="https://pmd.github.io/pmd/pmd_rules_java_documentation.html#uncommentedemptymethodbody" priority="3">
Document empty method body
</violation>
</file>
<file name="C:\Users\Sokaina\Downloads\Versiones-Junit5\junit5-r5.0.2\junit-jupiter-engine\src\test\java\org\junit\jupiter\engine\descriptor\subpackage\Class1WithTestCases.java">
<violation beginline="21" endline="23" begincolumn="15" endcolumn="2" rule="UncommentedEmptyMethodBody" ruleset="Documentation" package="org.junit.jupiter.engine.descriptor.subpackage" class="Class1WithTestCases" method="test1" externalInfoUrl="https://pmd.github.io/pmd/pmd_rules_java_documentation.html#uncommentedemptymethodbody" priority="3">
Document empty method body
</violation>
<violation beginline="21" endline="23" begincolumn="2" endcolumn="2" rule="JUnitTestsShouldIncludeAssert" ruleset="Best Practices" package="org.junit.jupiter.engine.descriptor.subpackage" class="Class1WithTestCases" method="test1" externalInfoUrl="https://pmd.github.io/pmd/pmd_rules_java_bestpractices.html#junittestsshouldincludeassert" priority="3">
JUnit tests should include assert() or fail()
</violation>
</file>
<file name="C:\Users\Sokaina\Downloads\Versiones-Junit5\junit5-r5.0.2\junit-jupiter-engine\src\test\java\org\junit\jupiter\engine\descriptor\subpackage\Class2WithTestCases.java">
<violation beginline="21" endline="23" begincolumn="15" endcolumn="2" rule="UncommentedEmptyMethodBody" ruleset="Documentation" package="org.junit.jupiter.engine.descriptor.subpackage" class="Class2WithTestCases" method="test2" externalInfoUrl="https://pmd.github.io/pmd/pmd_rules_java_documentation.html#uncommentedemptymethodbody" priority="3">
Document empty method body
</violation>
<violation beginline="21" endline="23" begincolumn="2" endcolumn="2" rule="JUnitTestsShouldIncludeAssert" ruleset="Best Practices" package="org.junit.jupiter.engine.descriptor.subpackage" class="Class2WithTestCases" method="test2" externalInfoUrl="https://pmd.github.io/pmd/pmd_rules_java_bestpractices.html#junittestsshouldincludeassert" priority="3">
JUnit tests should include assert() or fail()
</violation>
</file>
<file name="C:\Users\Sokaina\Downloads\Versiones-Junit5\junit5-r5.0.2\junit-jupiter-engine\src\test\java\org\junit\jupiter\engine\descriptor\subpackage\ClassWithStaticInnerTestCases.java">
<violation beginline="23" endline="24" begincolumn="16" endcolumn="3" rule="UncommentedEmptyMethodBody" ruleset="Documentation" package="org.junit.jupiter.engine.descriptor.subpackage" class="ClassWithStaticInnerTestCases$ShouldBeDiscovered" method="test1" externalInfoUrl="https://pmd.github.io/pmd/pmd_rules_java_documentation.html#uncommentedemptymethodbody" priority="3">
Document empty method body
</violation>
<violation beginline="31" endline="32" begincolumn="16" endcolumn="3" rule="UncommentedEmptyMethodBody" ruleset="Documentation" package="org.junit.jupiter.engine.descriptor.subpackage" class="ClassWithStaticInnerTestCases$ShouldNotBeDiscovered" method="test2" externalInfoUrl="https://pmd.github.io/pmd/pmd_rules_java_documentation.html#uncommentedemptymethodbody" priority="3">
Document empty method body
</violation>
</file>
<file name="C:\Users\Sokaina\Downloads\Versiones-Junit5\junit5-r5.0.2\junit-jupiter-engine\src\test\java\org\junit\jupiter\engine\discovery\DiscoverySelectorResolverTests.java">
<violation beginline="11" endline="641" begincolumn="1" endcolumn="2" rule="TooManyStaticImports" ruleset="Code Style" package="org.junit.jupiter.engine.discovery" class="DiscoverySelectorResolverTests" externalInfoUrl="https://pmd.github.io/pmd/pmd_rules_java_codestyle.html#toomanystaticimports" priority="3">
Too many static imports may lead to messy code
</violation>
<violation beginline="74" endline="85" begincolumn="2" endcolumn="2" rule="JUnitTestContainsTooManyAsserts" ruleset="Best Practices" package="org.junit.jupiter.engine.discovery" class="DiscoverySelectorResolverTests" method="singleClassResolution" externalInfoUrl="https://pmd.github.io/pmd/pmd_rules_java_bestpractices.html#junittestcontainstoomanyasserts" priority="3">
Unit tests should not contain more than 1 assert(s).
</violation>
<violation beginline="79" endline="79" begincolumn="3" endcolumn="14" rule="JUnitAssertionsShouldIncludeMessage" ruleset="Best Practices" package="org.junit.jupiter.engine.discovery" class="DiscoverySelectorResolverTests" method="singleClassResolution" externalInfoUrl="https://pmd.github.io/pmd/pmd_rules_java_bestpractices.html#junitassertionsshouldincludemessage" priority="3">
JUnit assertions should include a message
</violation>
<violation beginline="82" endline="82" begincolumn="71" endcolumn="79" rule="AvoidDuplicateLiterals" ruleset="Error Prone" package="org.junit.jupiter.engine.discovery" class="DiscoverySelectorResolverTests" method="singleClassResolution" externalInfoUrl="https://pmd.github.io/pmd/pmd_rules_java_errorprone.html#avoidduplicateliterals" priority="3">
The String literal "test1()" appears 18 times in this file; the first occurrence is on line 82
</violation>
<violation beginline="83" endline="83" begincolumn="71" endcolumn="79" rule="AvoidDuplicateLiterals" ruleset="Error Prone" package="org.junit.jupiter.engine.discovery" class="DiscoverySelectorResolverTests" method="singleClassResolution" externalInfoUrl="https://pmd.github.io/pmd/pmd_rules_java_errorprone.html#avoidduplicateliterals" priority="3">
The String literal "test2()" appears 10 times in this file; the first occurrence is on line 83
</violation>
<violation beginline="84" endline="84" begincolumn="82" endcolumn="96" rule="AvoidDuplicateLiterals" ruleset="Error Prone" package="org.junit.jupiter.engine.discovery" class="DiscoverySelectorResolverTests" method="singleClassResolution" externalInfoUrl="https://pmd.github.io/pmd/pmd_rules_java_errorprone.html#avoidduplicateliterals" priority="3">
The String literal "dynamicTest()" appears 6 times in this file; the first occurrence is on line 84
</violation>
<violation beginline="88" endline="100" begincolumn="2" endcolumn="2" rule="JUnitTestContainsTooManyAsserts" ruleset="Best Practices" package="org.junit.jupiter.engine.discovery" class="DiscoverySelectorResolverTests" method="duplicateClassSelectorOnlyResolvesOnce" externalInfoUrl="https://pmd.github.io/pmd/pmd_rules_java_bestpractices.html#junittestcontainstoomanyasserts" priority="3">
Unit tests should not contain more than 1 assert(s).
</violation>
<violation beginline="94" endline="94" begincolumn="3" endcolumn="14" rule="JUnitAssertionsShouldIncludeMessage" ruleset="Best Practices" package="org.junit.jupiter.engine.discovery" class="DiscoverySelectorResolverTests" method="duplicateClassSelectorOnlyResolvesOnce" externalInfoUrl="https://pmd.github.io/pmd/pmd_rules_java_bestpractices.html#junitassertionsshouldincludemessage" priority="3">
JUnit assertions should include a message
</violation>
<violation beginline="103" endline="118" begincolumn="2" endcolumn="2" rule="JUnitTestContainsTooManyAsserts" ruleset="Best Practices" package="org.junit.jupiter.engine.discovery" class="DiscoverySelectorResolverTests" method="twoClassesResolution" externalInfoUrl="https://pmd.github.io/pmd/pmd_rules_java_bestpractices.html#junittestcontainstoomanyasserts" priority="3">
Unit tests should not contain more than 1 assert(s).
</violation>
<violation beginline="109" endline="109" begincolumn="3" endcolumn="14" rule="JUnitAssertionsShouldIncludeMessage" ruleset="Best Practices" package="org.junit.jupiter.engine.discovery" class="DiscoverySelectorResolverTests" method="twoClassesResolution" externalInfoUrl="https://pmd.github.io/pmd/pmd_rules_java_bestpractices.html#junitassertionsshouldincludemessage" priority="3">
JUnit assertions should include a message
</violation>
<violation beginline="121" endline="131" begincolumn="2" endcolumn="2" rule="JUnitTestContainsTooManyAsserts" ruleset="Best Practices" package="org.junit.jupiter.engine.discovery" class="DiscoverySelectorResolverTests" method="classResolutionOfStaticNestedClass" externalInfoUrl="https://pmd.github.io/pmd/pmd_rules_java_bestpractices.html#junittestcontainstoomanyasserts" priority="3">
Unit tests should not contain more than 1 assert(s).
</violation>
<violation beginline="126" endline="126" begincolumn="3" endcolumn="14" rule="JUnitAssertionsShouldIncludeMessage" ruleset="Best Practices" package="org.junit.jupiter.engine.discovery" class="DiscoverySelectorResolverTests" method="classResolutionOfStaticNestedClass" externalInfoUrl="https://pmd.github.io/pmd/pmd_rules_java_bestpractices.html#junitassertionsshouldincludemessage" priority="3">
JUnit assertions should include a message
</violation>
<violation beginline="129" endline="129" begincolumn="90" endcolumn="98" rule="AvoidDuplicateLiterals" ruleset="Error Prone" package="org.junit.jupiter.engine.discovery" class="DiscoverySelectorResolverTests" method="classResolutionOfStaticNestedClass" externalInfoUrl="https://pmd.github.io/pmd/pmd_rules_java_errorprone.html#avoidduplicateliterals" priority="3">
The String literal "test5()" appears 4 times in this file; the first occurrence is on line 129
</violation>
<violation beginline="134" endline="144" begincolumn="2" endcolumn="2" rule="JUnitTestContainsTooManyAsserts" ruleset="Best Practices" package="org.junit.jupiter.engine.discovery" class="DiscoverySelectorResolverTests" method="methodResolution" externalInfoUrl="https://pmd.github.io/pmd/pmd_rules_java_bestpractices.html#junittestcontainstoomanyasserts" priority="3">
Unit tests should not contain more than 1 assert(s).
</violation>
<violation beginline="140" endline="140" begincolumn="3" endcolumn="14" rule="JUnitAssertionsShouldIncludeMessage" ruleset="Best Practices" package="org.junit.jupiter.engine.discovery" class="DiscoverySelectorResolverTests" method="methodResolution" externalInfoUrl="https://pmd.github.io/pmd/pmd_rules_java_bestpractices.html#junitassertionsshouldincludemessage" priority="3">
JUnit assertions should include a message
</violation>
<violation beginline="147" endline="156" begincolumn="2" endcolumn="2" rule="JUnitTestContainsTooManyAsserts" ruleset="Best Practices" package="org.junit.jupiter.engine.discovery" class="DiscoverySelectorResolverTests" method="methodResolutionFromInheritedMethod" externalInfoUrl="https://pmd.github.io/pmd/pmd_rules_java_bestpractices.html#junittestcontainstoomanyasserts" priority="3">
Unit tests should not contain more than 1 assert(s).
</violation>
<violation beginline="152" endline="152" begincolumn="3" endcolumn="14" rule="JUnitAssertionsShouldIncludeMessage" ruleset="Best Practices" package="org.junit.jupiter.engine.discovery" class="DiscoverySelectorResolverTests" method="methodResolutionFromInheritedMethod" externalInfoUrl="https://pmd.github.io/pmd/pmd_rules_java_bestpractices.html#junitassertionsshouldincludemessage" priority="3">
JUnit assertions should include a message
</violation>
<violation beginline="164" endline="164" begincolumn="3" endcolumn="12" rule="JUnitAssertionsShouldIncludeMessage" ruleset="Best Practices" package="org.junit.jupiter.engine.discovery" class="DiscoverySelectorResolverTests" method="resolvingSelectorOfNonTestMethodResolvesNothing" externalInfoUrl="https://pmd.github.io/pmd/pmd_rules_java_bestpractices.html#junitassertionsshouldincludemessage" priority="3">
JUnit assertions should include a message
</violation>
<violation beginline="168" endline="179" begincolumn="2" endcolumn="2" rule="JUnitTestContainsTooManyAsserts" ruleset="Best Practices" package="org.junit.jupiter.engine.discovery" class="DiscoverySelectorResolverTests" method="classResolutionByUniqueId" externalInfoUrl="https://pmd.github.io/pmd/pmd_rules_java_bestpractices.html#junittestcontainstoomanyasserts" priority="3">
Unit tests should not contain more than 1 assert(s).
</violation>
<violation beginline="173" endline="173" begincolumn="3" endcolumn="14" rule="JUnitAssertionsShouldIncludeMessage" ruleset="Best Practices" package="org.junit.jupiter.engine.discovery" class="DiscoverySelectorResolverTests" method="classResolutionByUniqueId" externalInfoUrl="https://pmd.github.io/pmd/pmd_rules_java_bestpractices.html#junitassertionsshouldincludemessage" priority="3">
JUnit assertions should include a message
</violation>
<violation beginline="182" endline="192" begincolumn="2" endcolumn="2" rule="JUnitTestContainsTooManyAsserts" ruleset="Best Practices" package="org.junit.jupiter.engine.discovery" class="DiscoverySelectorResolverTests" method="staticNestedClassResolutionByUniqueId" externalInfoUrl="https://pmd.github.io/pmd/pmd_rules_java_bestpractices.html#junittestcontainstoomanyasserts" priority="3">
Unit tests should not contain more than 1 assert(s).
</violation>
<violation beginline="187" endline="187" begincolumn="3" endcolumn="14" rule="JUnitAssertionsShouldIncludeMessage" ruleset="Best Practices" package="org.junit.jupiter.engine.discovery" class="DiscoverySelectorResolverTests" method="staticNestedClassResolutionByUniqueId" externalInfoUrl="https://pmd.github.io/pmd/pmd_rules_java_bestpractices.html#junitassertionsshouldincludemessage" priority="3">
JUnit assertions should include a message
</violation>
<violation beginline="195" endline="205" begincolumn="2" endcolumn="2" rule="JUnitTestContainsTooManyAsserts" ruleset="Best Practices" package="org.junit.jupiter.engine.discovery" class="DiscoverySelectorResolverTests" method="methodOfInnerClassByUniqueId" externalInfoUrl="https://pmd.github.io/pmd/pmd_rules_java_bestpractices.html#junittestcontainstoomanyasserts" priority="3">
Unit tests should not contain more than 1 assert(s).
</violation>
<violation beginline="201" endline="201" begincolumn="3" endcolumn="14" rule="JUnitAssertionsShouldIncludeMessage" ruleset="Best Practices" package="org.junit.jupiter.engine.discovery" class="DiscoverySelectorResolverTests" method="methodOfInnerClassByUniqueId" externalInfoUrl="https://pmd.github.io/pmd/pmd_rules_java_bestpractices.html#junitassertionsshouldincludemessage" priority="3">
JUnit assertions should include a message
</violation>
<violation beginline="213" endline="213" begincolumn="3" endcolumn="12" rule="JUnitAssertionsShouldIncludeMessage" ruleset="Best Practices" package="org.junit.jupiter.engine.discovery" class="DiscoverySelectorResolverTests" method="resolvingUniqueIdWithUnknownSegmentTypeResolvesNothing" externalInfoUrl="https://pmd.github.io/pmd/pmd_rules_java_bestpractices.html#junitassertionsshouldincludemessage" priority="3">
JUnit assertions should include a message
</violation>
<violation beginline="222" endline="222" begincolumn="3" endcolumn="12" rule="JUnitAssertionsShouldIncludeMessage" ruleset="Best Practices" package="org.junit.jupiter.engine.discovery" class="DiscoverySelectorResolverTests" method="resolvingUniqueIdOfNonTestMethodResolvesNothing" externalInfoUrl="https://pmd.github.io/pmd/pmd_rules_java_bestpractices.html#junitassertionsshouldincludemessage" priority="3">
JUnit assertions should include a message
</violation>
<violation beginline="238" endline="245" begincolumn="2" endcolumn="2" rule="JUnitTestContainsTooManyAsserts" ruleset="Best Practices" package="org.junit.jupiter.engine.discovery" class="DiscoverySelectorResolverTests" method="methodResolutionByUniqueIdWithBogusParameters" externalInfoUrl="https://pmd.github.io/pmd/pmd_rules_java_bestpractices.html#junittestcontainstoomanyasserts" priority="3">
Unit tests should not contain more than 1 assert(s).
</violation>
<violation beginline="255" endline="264" begincolumn="2" endcolumn="2" rule="JUnitTestContainsTooManyAsserts" ruleset="Best Practices" package="org.junit.jupiter.engine.discovery" class="DiscoverySelectorResolverTests" method="methodResolutionByUniqueId" externalInfoUrl="https://pmd.github.io/pmd/pmd_rules_java_bestpractices.html#junittestcontainstoomanyasserts" priority="3">
Unit tests should not contain more than 1 assert(s).
</violation>
<violation beginline="260" endline="260" begincolumn="3" endcolumn="14" rule="JUnitAssertionsShouldIncludeMessage" ruleset="Best Practices" package="org.junit.jupiter.engine.discovery" class="DiscoverySelectorResolverTests" method="methodResolutionByUniqueId" externalInfoUrl="https://pmd.github.io/pmd/pmd_rules_java_bestpractices.html#junitassertionsshouldincludemessage" priority="3">
JUnit assertions should include a message
</violation>
<violation beginline="267" endline="277" begincolumn="2" endcolumn="2" rule="JUnitTestContainsTooManyAsserts" ruleset="Best Practices" package="org.junit.jupiter.engine.discovery" class="DiscoverySelectorResolverTests" method="methodResolutionByUniqueIdFromInheritedClass" externalInfoUrl="https://pmd.github.io/pmd/pmd_rules_java_bestpractices.html#junittestcontainstoomanyasserts" priority="3">
Unit tests should not contain more than 1 assert(s).
</violation>
<violation beginline="272" endline="272" begincolumn="3" endcolumn="14" rule="JUnitAssertionsShouldIncludeMessage" ruleset="Best Practices" package="org.junit.jupiter.engine.discovery" class="DiscoverySelectorResolverTests" method="methodResolutionByUniqueIdFromInheritedClass" externalInfoUrl="https://pmd.github.io/pmd/pmd_rules_java_bestpractices.html#junitassertionsshouldincludemessage" priority="3">
JUnit assertions should include a message
</violation>
<violation beginline="280" endline="290" begincolumn="2" endcolumn="2" rule="JUnitTestContainsTooManyAsserts" ruleset="Best Practices" package="org.junit.jupiter.engine.discovery" class="DiscoverySelectorResolverTests" method="methodResolutionByUniqueIdWithParams" externalInfoUrl="https://pmd.github.io/pmd/pmd_rules_java_bestpractices.html#junittestcontainstoomanyasserts" priority="3">
Unit tests should not contain more than 1 assert(s).
</violation>
<violation beginline="286" endline="286" begincolumn="3" endcolumn="14" rule="JUnitAssertionsShouldIncludeMessage" ruleset="Best Practices" package="org.junit.jupiter.engine.discovery" class="DiscoverySelectorResolverTests" method="methodResolutionByUniqueIdWithParams" externalInfoUrl="https://pmd.github.io/pmd/pmd_rules_java_bestpractices.html#junitassertionsshouldincludemessage" priority="3">
JUnit assertions should include a message
</violation>
<violation beginline="299" endline="299" begincolumn="3" endcolumn="12" rule="JUnitAssertionsShouldIncludeMessage" ruleset="Best Practices" package="org.junit.jupiter.engine.discovery" class="DiscoverySelectorResolverTests" method="resolvingUniqueIdWithWrongParamsResolvesNothing" externalInfoUrl="https://pmd.github.io/pmd/pmd_rules_java_bestpractices.html#junitassertionsshouldincludemessage" priority="3">
JUnit assertions should include a message
</violation>
<violation beginline="303" endline="323" begincolumn="2" endcolumn="2" rule="JUnitTestContainsTooManyAsserts" ruleset="Best Practices" package="org.junit.jupiter.engine.discovery" class="DiscoverySelectorResolverTests" method="twoMethodResolutionsByUniqueId" externalInfoUrl="https://pmd.github.io/pmd/pmd_rules_java_bestpractices.html#junittestcontainstoomanyasserts" priority="3">
Unit tests should not contain more than 1 assert(s).
</violation>
<violation beginline="310" endline="310" begincolumn="3" endcolumn="14" rule="JUnitAssertionsShouldIncludeMessage" ruleset="Best Practices" package="org.junit.jupiter.engine.discovery" class="DiscoverySelectorResolverTests" method="twoMethodResolutionsByUniqueId" externalInfoUrl="https://pmd.github.io/pmd/pmd_rules_java_bestpractices.html#junitassertionsshouldincludemessage" priority="3">
JUnit assertions should include a message
</violation>
<violation beginline="321" endline="321" begincolumn="3" endcolumn="14" rule="JUnitAssertionsShouldIncludeMessage" ruleset="Best Practices" package="org.junit.jupiter.engine.discovery" class="DiscoverySelectorResolverTests" method="twoMethodResolutionsByUniqueId" externalInfoUrl="https://pmd.github.io/pmd/pmd_rules_java_bestpractices.html#junitassertionsshouldincludemessage" priority="3">
JUnit assertions should include a message
</violation>
<violation beginline="322" endline="322" begincolumn="3" endcolumn="12" rule="JUnitAssertionsShouldIncludeMessage" ruleset="Best Practices" package="org.junit.jupiter.engine.discovery" class="DiscoverySelectorResolverTests" method="twoMethodResolutionsByUniqueId" externalInfoUrl="https://pmd.github.io/pmd/pmd_rules_java_bestpractices.html#junitassertionsshouldincludemessage" priority="3">
JUnit assertions should include a message
</violation>
<violation beginline="326" endline="339" begincolumn="2" endcolumn="2" rule="JUnitTestContainsTooManyAsserts" ruleset="Best Practices" package="org.junit.jupiter.engine.discovery" class="DiscoverySelectorResolverTests" method="packageResolutionUsingExplicitBasePackage" externalInfoUrl="https://pmd.github.io/pmd/pmd_rules_java_bestpractices.html#junittestcontainstoomanyasserts" priority="3">
Unit tests should not contain more than 1 assert(s).
</violation>
<violation beginline="331" endline="331" begincolumn="3" endcolumn="14" rule="JUnitAssertionsShouldIncludeMessage" ruleset="Best Practices" package="org.junit.jupiter.engine.discovery" class="DiscoverySelectorResolverTests" method="packageResolutionUsingExplicitBasePackage" externalInfoUrl="https://pmd.github.io/pmd/pmd_rules_java_bestpractices.html#junitassertionsshouldincludemessage" priority="3">
JUnit assertions should include a message
</violation>
<violation beginline="342" endline="358" begincolumn="2" endcolumn="2" rule="JUnitTestContainsTooManyAsserts" ruleset="Best Practices" package="org.junit.jupiter.engine.discovery" class="DiscoverySelectorResolverTests" method="packageResolutionUsingDefaultPackage" externalInfoUrl="https://pmd.github.io/pmd/pmd_rules_java_bestpractices.html#junittestcontainstoomanyasserts" priority="3">
Unit tests should not contain more than 1 assert(s).
</violation>
<violation beginline="361" endline="361" begincolumn="36" endcolumn="44" rule="SignatureDeclareThrowsException" ruleset="Design" package="org.junit.jupiter.engine.discovery" class="DiscoverySelectorResolverTests" method="classpathResolution" externalInfoUrl="https://pmd.github.io/pmd/pmd_rules_java_design.html#signaturedeclarethrowsexception" priority="3">
A method/constructor should not explicitly throw java.lang.Exception
</violation>
<violation beginline="361" endline="384" begincolumn="2" endcolumn="2" rule="JUnitTestContainsTooManyAsserts" ruleset="Best Practices" package="org.junit.jupiter.engine.discovery" class="DiscoverySelectorResolverTests" method="classpathResolution" externalInfoUrl="https://pmd.github.io/pmd/pmd_rules_java_bestpractices.html#junittestcontainstoomanyasserts" priority="3">
Unit tests should not contain more than 1 assert(s).
</violation>
<violation beginline="387" endline="387" begincolumn="47" endcolumn="55" rule="SignatureDeclareThrowsException" ruleset="Design" package="org.junit.jupiter.engine.discovery" class="DiscoverySelectorResolverTests" method="classpathResolutionForJarFiles" externalInfoUrl="https://pmd.github.io/pmd/pmd_rules_java_design.html#signaturedeclarethrowsexception" priority="3">
A method/constructor should not explicitly throw java.lang.Exception
</violation>
<violation beginline="408" endline="423" begincolumn="2" endcolumn="2" rule="JUnitTestContainsTooManyAsserts" ruleset="Best Practices" package="org.junit.jupiter.engine.discovery" class="DiscoverySelectorResolverTests" method="nestedTestResolutionFromBaseClass" externalInfoUrl="https://pmd.github.io/pmd/pmd_rules_java_bestpractices.html#junittestcontainstoomanyasserts" priority="3">
Unit tests should not contain more than 1 assert(s).
</violation>
<violation beginline="414" endline="414" begincolumn="3" endcolumn="14" rule="JUnitAssertionsShouldIncludeMessage" ruleset="Best Practices" package="org.junit.jupiter.engine.discovery" class="DiscoverySelectorResolverTests" method="nestedTestResolutionFromBaseClass" externalInfoUrl="https://pmd.github.io/pmd/pmd_rules_java_bestpractices.html#junitassertionsshouldincludemessage" priority="3">
JUnit assertions should include a message
</violation>
<violation beginline="419" endline="419" begincolumn="94" endcolumn="102" rule="AvoidDuplicateLiterals" ruleset="Error Prone" package="org.junit.jupiter.engine.discovery" class="DiscoverySelectorResolverTests" method="nestedTestResolutionFromBaseClass" externalInfoUrl="https://pmd.github.io/pmd/pmd_rules_java_errorprone.html#avoidduplicateliterals" priority="3">
The String literal "testB()" appears 4 times in this file; the first occurrence is on line 419
</violation>
<violation beginline="422" endline="422" begincolumn="85" endcolumn="93" rule="AvoidDuplicateLiterals" ruleset="Error Prone" package="org.junit.jupiter.engine.discovery" class="DiscoverySelectorResolverTests" method="nestedTestResolutionFromBaseClass" externalInfoUrl="https://pmd.github.io/pmd/pmd_rules_java_errorprone.html#avoidduplicateliterals" priority="3">
The String literal "testC()" appears 5 times in this file; the first occurrence is on line 422
</violation>
<violation beginline="426" endline="440" begincolumn="2" endcolumn="2" rule="JUnitTestContainsTooManyAsserts" ruleset="Best Practices" package="org.junit.jupiter.engine.discovery" class="DiscoverySelectorResolverTests" method="nestedTestResolutionFromNestedTestClass" externalInfoUrl="https://pmd.github.io/pmd/pmd_rules_java_bestpractices.html#junittestcontainstoomanyasserts" priority="3">
Unit tests should not contain more than 1 assert(s).
</violation>
<violation beginline="432" endline="432" begincolumn="3" endcolumn="14" rule="JUnitAssertionsShouldIncludeMessage" ruleset="Best Practices" package="org.junit.jupiter.engine.discovery" class="DiscoverySelectorResolverTests" method="nestedTestResolutionFromNestedTestClass" externalInfoUrl="https://pmd.github.io/pmd/pmd_rules_java_bestpractices.html#junitassertionsshouldincludemessage" priority="3">
JUnit assertions should include a message
</violation>
<violation beginline="443" endline="457" begincolumn="2" endcolumn="2" rule="JUnitTestContainsTooManyAsserts" ruleset="Best Practices" package="org.junit.jupiter.engine.discovery" class="DiscoverySelectorResolverTests" method="nestedTestResolutionFromUniqueId" externalInfoUrl="https://pmd.github.io/pmd/pmd_rules_java_bestpractices.html#junittestcontainstoomanyasserts" priority="3">
Unit tests should not contain more than 1 assert(s).
</violation>
<violation beginline="450" endline="450" begincolumn="3" endcolumn="14" rule="JUnitAssertionsShouldIncludeMessage" ruleset="Best Practices" package="org.junit.jupiter.engine.discovery" class="DiscoverySelectorResolverTests" method="nestedTestResolutionFromUniqueId" externalInfoUrl="https://pmd.github.io/pmd/pmd_rules_java_bestpractices.html#junitassertionsshouldincludemessage" priority="3">
JUnit assertions should include a message
</violation>
<violation beginline="460" endline="473" begincolumn="2" endcolumn="2" rule="JUnitTestContainsTooManyAsserts" ruleset="Best Practices" package="org.junit.jupiter.engine.discovery" class="DiscoverySelectorResolverTests" method="doubleNestedTestResolutionFromClass" externalInfoUrl="https://pmd.github.io/pmd/pmd_rules_java_bestpractices.html#junittestcontainstoomanyasserts" priority="3">
Unit tests should not contain more than 1 assert(s).
</violation>
<violation beginline="466" endline="466" begincolumn="3" endcolumn="14" rule="JUnitAssertionsShouldIncludeMessage" ruleset="Best Practices" package="org.junit.jupiter.engine.discovery" class="DiscoverySelectorResolverTests" method="doubleNestedTestResolutionFromClass" externalInfoUrl="https://pmd.github.io/pmd/pmd_rules_java_bestpractices.html#junitassertionsshouldincludemessage" priority="3">
JUnit assertions should include a message
</violation>
<violation beginline="476" endline="489" begincolumn="2" endcolumn="2" rule="JUnitTestContainsTooManyAsserts" ruleset="Best Practices" package="org.junit.jupiter.engine.discovery" class="DiscoverySelectorResolverTests" method="methodResolutionInDoubleNestedTestClass" externalInfoUrl="https://pmd.github.io/pmd/pmd_rules_java_bestpractices.html#junittestcontainstoomanyasserts" priority="3">
Unit tests should not contain more than 1 assert(s).
</violation>
<violation beginline="482" endline="482" begincolumn="3" endcolumn="14" rule="JUnitAssertionsShouldIncludeMessage" ruleset="Best Practices" package="org.junit.jupiter.engine.discovery" class="DiscoverySelectorResolverTests" method="methodResolutionInDoubleNestedTestClass" externalInfoUrl="https://pmd.github.io/pmd/pmd_rules_java_bestpractices.html#junitassertionsshouldincludemessage" priority="3">
JUnit assertions should include a message
</violation>
<violation beginline="492" endline="503" begincolumn="2" endcolumn="2" rule="JUnitTestContainsTooManyAsserts" ruleset="Best Practices" package="org.junit.jupiter.engine.discovery" class="DiscoverySelectorResolverTests" method="nestedTestResolutionFromUniqueIdToMethod" externalInfoUrl="https://pmd.github.io/pmd/pmd_rules_java_bestpractices.html#junittestcontainstoomanyasserts" priority="3">
Unit tests should not contain more than 1 assert(s).
</violation>
<violation beginline="499" endline="499" begincolumn="3" endcolumn="14" rule="JUnitAssertionsShouldIncludeMessage" ruleset="Best Practices" package="org.junit.jupiter.engine.discovery" class="DiscoverySelectorResolverTests" method="nestedTestResolutionFromUniqueIdToMethod" externalInfoUrl="https://pmd.github.io/pmd/pmd_rules_java_bestpractices.html#junitassertionsshouldincludemessage" priority="3">
JUnit assertions should include a message
</violation>
<violation beginline="506" endline="514" begincolumn="2" endcolumn="2" rule="JUnitTestContainsTooManyAsserts" ruleset="Best Practices" package="org.junit.jupiter.engine.discovery" class="DiscoverySelectorResolverTests" method="testFactoryMethodResolutionByUniqueId" externalInfoUrl="https://pmd.github.io/pmd/pmd_rules_java_bestpractices.html#junittestcontainstoomanyasserts" priority="3">
Unit tests should not contain more than 1 assert(s).
</violation>
<violation beginline="513" endline="513" begincolumn="3" endcolumn="12" rule="JUnitAssertionsShouldIncludeMessage" ruleset="Best Practices" package="org.junit.jupiter.engine.discovery" class="DiscoverySelectorResolverTests" method="testFactoryMethodResolutionByUniqueId" externalInfoUrl="https://pmd.github.io/pmd/pmd_rules_java_bestpractices.html#junitassertionsshouldincludemessage" priority="3">
JUnit assertions should include a message
</violation>
<violation beginline="517" endline="525" begincolumn="2" endcolumn="2" rule="JUnitTestContainsTooManyAsserts" ruleset="Best Practices" package="org.junit.jupiter.engine.discovery" class="DiscoverySelectorResolverTests" method="testTemplateMethodResolutionByUniqueId" externalInfoUrl="https://pmd.github.io/pmd/pmd_rules_java_bestpractices.html#junittestcontainstoomanyasserts" priority="3">
Unit tests should not contain more than 1 assert(s).
</violation>
<violation beginline="524" endline="524" begincolumn="3" endcolumn="12" rule="JUnitAssertionsShouldIncludeMessage" ruleset="Best Practices" package="org.junit.jupiter.engine.discovery" class="DiscoverySelectorResolverTests" method="testTemplateMethodResolutionByUniqueId" externalInfoUrl="https://pmd.github.io/pmd/pmd_rules_java_bestpractices.html#junitassertionsshouldincludemessage" priority="3">
JUnit assertions should include a message
</violation>
<violation beginline="528" endline="537" begincolumn="2" endcolumn="2" rule="JUnitTestContainsTooManyAsserts" ruleset="Best Practices" package="org.junit.jupiter.engine.discovery" class="DiscoverySelectorResolverTests" method="resolvingDynamicTestByUniqueIdResolvesOnlyUpToParentTestFactory" externalInfoUrl="https://pmd.github.io/pmd/pmd_rules_java_bestpractices.html#junittestcontainstoomanyasserts" priority="3">
Unit tests should not contain more than 1 assert(s).
</violation>
<violation beginline="536" endline="536" begincolumn="3" endcolumn="12" rule="JUnitAssertionsShouldIncludeMessage" ruleset="Best Practices" package="org.junit.jupiter.engine.discovery" class="DiscoverySelectorResolverTests" method="resolvingDynamicTestByUniqueIdResolvesOnlyUpToParentTestFactory" externalInfoUrl="https://pmd.github.io/pmd/pmd_rules_java_bestpractices.html#junitassertionsshouldincludemessage" priority="3">
JUnit assertions should include a message
</violation>
<violation beginline="540" endline="549" begincolumn="2" endcolumn="2" rule="JUnitTestContainsTooManyAsserts" ruleset="Best Practices" package="org.junit.jupiter.engine.discovery" class="DiscoverySelectorResolverTests" method="resolvingTestTemplateInvocationByUniqueIdResolvesOnlyUpToParentTestTemplate" externalInfoUrl="https://pmd.github.io/pmd/pmd_rules_java_bestpractices.html#junittestcontainstoomanyasserts" priority="3">
Unit tests should not contain more than 1 assert(s).
</violation>
<violation beginline="548" endline="548" begincolumn="3" endcolumn="12" rule="JUnitAssertionsShouldIncludeMessage" ruleset="Best Practices" package="org.junit.jupiter.engine.discovery" class="DiscoverySelectorResolverTests" method="resolvingTestTemplateInvocationByUniqueIdResolvesOnlyUpToParentTestTemplate" externalInfoUrl="https://pmd.github.io/pmd/pmd_rules_java_bestpractices.html#junitassertionsshouldincludemessage" priority="3">
JUnit assertions should include a message
</violation>
<violation beginline="565" endline="566" begincolumn="15" endcolumn="2" rule="UncommentedEmptyMethodBody" ruleset="Documentation" package="org.junit.jupiter.engine.discovery" class="MyTestClass" method="test1" externalInfoUrl="https://pmd.github.io/pmd/pmd_rules_java_documentation.html#uncommentedemptymethodbody" priority="3">
Document empty method body
</violation>
<violation beginline="565" endline="566" begincolumn="2" endcolumn="2" rule="JUnitTestsShouldIncludeAssert" ruleset="Best Practices" package="org.junit.jupiter.engine.discovery" class="MyTestClass" method="test1" externalInfoUrl="https://pmd.github.io/pmd/pmd_rules_java_bestpractices.html#junittestsshouldincludeassert" priority="3">
JUnit tests should include assert() or fail()
</violation>
<violation beginline="569" endline="570" begincolumn="15" endcolumn="2" rule="UncommentedEmptyMethodBody" ruleset="Documentation" package="org.junit.jupiter.engine.discovery" class="MyTestClass" method="test2" externalInfoUrl="https://pmd.github.io/pmd/pmd_rules_java_documentation.html#uncommentedemptymethodbody" priority="3">
Document empty method body
</violation>
<violation beginline="569" endline="570" begincolumn="2" endcolumn="2" rule="JUnitTestsShouldIncludeAssert" ruleset="Best Practices" package="org.junit.jupiter.engine.discovery" class="MyTestClass" method="test2" externalInfoUrl="https://pmd.github.io/pmd/pmd_rules_java_bestpractices.html#junittestsshouldincludeassert" priority="3">
JUnit tests should include assert() or fail()
</violation>
<violation beginline="572" endline="573" begincolumn="18" endcolumn="2" rule="UncommentedEmptyMethodBody" ruleset="Documentation" package="org.junit.jupiter.engine.discovery" class="MyTestClass" method="notATest" externalInfoUrl="https://pmd.github.io/pmd/pmd_rules_java_documentation.html#uncommentedemptymethodbody" priority="3">
Document empty method body
</violation>
<violation beginline="572" endline="573" begincolumn="2" endcolumn="2" rule="DetachedTestCase" ruleset="Error Prone" package="org.junit.jupiter.engine.discovery" class="MyTestClass" externalInfoUrl="https://pmd.github.io/pmd/pmd_rules_java_errorprone.html#detachedtestcase" priority="3">
Probable detached JUnit test case.
</violation>
<violation beginline="572" endline="573" begincolumn="2" endcolumn="2" rule="DefaultPackage" ruleset="Code Style" package="org.junit.jupiter.engine.discovery" class="MyTestClass" externalInfoUrl="https://pmd.github.io/pmd/pmd_rules_java_codestyle.html#defaultpackage" priority="3">
Use explicit scoping instead of the default package private level
</violation>
<violation beginline="584" endline="585" begincolumn="15" endcolumn="2" rule="UncommentedEmptyMethodBody" ruleset="Documentation" package="org.junit.jupiter.engine.discovery" class="YourTestClass" method="test3" externalInfoUrl="https://pmd.github.io/pmd/pmd_rules_java_documentation.html#uncommentedemptymethodbody" priority="3">
Document empty method body
</violation>
<violation beginline="584" endline="585" begincolumn="2" endcolumn="2" rule="JUnitTestsShouldIncludeAssert" ruleset="Best Practices" package="org.junit.jupiter.engine.discovery" class="YourTestClass" method="test3" externalInfoUrl="https://pmd.github.io/pmd/pmd_rules_java_bestpractices.html#junittestsshouldincludeassert" priority="3">
JUnit tests should include assert() or fail()
</violation>
<violation beginline="588" endline="589" begincolumn="15" endcolumn="2" rule="UncommentedEmptyMethodBody" ruleset="Documentation" package="org.junit.jupiter.engine.discovery" class="YourTestClass" method="test4" externalInfoUrl="https://pmd.github.io/pmd/pmd_rules_java_documentation.html#uncommentedemptymethodbody" priority="3">
Document empty method body
</violation>
<violation beginline="588" endline="589" begincolumn="2" endcolumn="2" rule="JUnitTestsShouldIncludeAssert" ruleset="Best Practices" package="org.junit.jupiter.engine.discovery" class="YourTestClass" method="test4" externalInfoUrl="https://pmd.github.io/pmd/pmd_rules_java_bestpractices.html#junittestsshouldincludeassert" priority="3">
JUnit tests should include assert() or fail()
</violation>
<violation beginline="595" endline="596" begincolumn="27" endcolumn="2" rule="UncommentedEmptyMethodBody" ruleset="Documentation" package="org.junit.jupiter.engine.discovery" class="HerTestClass" method="test7" externalInfoUrl="https://pmd.github.io/pmd/pmd_rules_java_documentation.html#uncommentedemptymethodbody" priority="3">
Document empty method body
</violation>
<violation beginline="595" endline="596" begincolumn="2" endcolumn="2" rule="JUnitTestsShouldIncludeAssert" ruleset="Best Practices" package="org.junit.jupiter.engine.discovery" class="HerTestClass" method="test7" externalInfoUrl="https://pmd.github.io/pmd/pmd_rules_java_bestpractices.html#junittestsshouldincludeassert" priority="3">
JUnit tests should include assert() or fail()
</violation>
<violation beginline="599" endline="611" begincolumn="1" endcolumn="1" rule="TestClassWithoutTestCases" ruleset="Error Prone" package="org.junit.jupiter.engine.discovery" class="OtherTestClass" externalInfoUrl="https://pmd.github.io/pmd/pmd_rules_java_errorprone.html#testclasswithouttestcases" priority="3">
This class name ends with Test but contains no test cases
</violation>
<violation beginline="604" endline="605" begincolumn="16" endcolumn="3" rule="UncommentedEmptyMethodBody" ruleset="Documentation" package="org.junit.jupiter.engine.discovery" class="OtherTestClass$NestedTestClass" method="test5" externalInfoUrl="https://pmd.github.io/pmd/pmd_rules_java_documentation.html#uncommentedemptymethodbody" priority="3">
Document empty method body
</violation>
<violation beginline="604" endline="605" begincolumn="3" endcolumn="3" rule="JUnitTestsShouldIncludeAssert" ruleset="Best Practices" package="org.junit.jupiter.engine.discovery" class="OtherTestClass$NestedTestClass" method="test5" externalInfoUrl="https://pmd.github.io/pmd/pmd_rules_java_bestpractices.html#junittestsshouldincludeassert" priority="3">
JUnit tests should include assert() or fail()
</violation>
<violation beginline="608" endline="609" begincolumn="16" endcolumn="3" rule="UncommentedEmptyMethodBody" ruleset="Documentation" package="org.junit.jupiter.engine.discovery" class="OtherTestClass$NestedTestClass" method="test6" externalInfoUrl="https://pmd.github.io/pmd/pmd_rules_java_documentation.html#uncommentedemptymethodbody" priority="3">
Document empty method body
</violation>
<violation beginline="608" endline="609" begincolumn="3" endcolumn="3" rule="JUnitTestsShouldIncludeAssert" ruleset="Best Practices" package="org.junit.jupiter.engine.discovery" class="OtherTestClass$NestedTestClass" method="test6" externalInfoUrl="https://pmd.github.io/pmd/pmd_rules_java_bestpractices.html#junittestsshouldincludeassert" priority="3">
JUnit tests should include assert() or fail()
</violation>
<violation beginline="616" endline="617" begincolumn="15" endcolumn="2" rule="UncommentedEmptyMethodBody" ruleset="Documentation" package="org.junit.jupiter.engine.discovery" class="TestCaseWithNesting" method="testA" externalInfoUrl="https://pmd.github.io/pmd/pmd_rules_java_documentation.html#uncommentedemptymethodbody" priority="3">
Document empty method body
</violation>
<violation beginline="616" endline="617" begincolumn="2" endcolumn="2" rule="JUnitTestsShouldIncludeAssert" ruleset="Best Practices" package="org.junit.jupiter.engine.discovery" class="TestCaseWithNesting" method="testA" externalInfoUrl="https://pmd.github.io/pmd/pmd_rules_java_bestpractices.html#junittestsshouldincludeassert" priority="3">
JUnit tests should include assert() or fail()
</violation>
<violation beginline="623" endline="624" begincolumn="16" endcolumn="3" rule="UncommentedEmptyMethodBody" ruleset="Documentation" package="org.junit.jupiter.engine.discovery" class="TestCaseWithNesting$NestedTestCase" method="testB" externalInfoUrl="https://pmd.github.io/pmd/pmd_rules_java_documentation.html#uncommentedemptymethodbody" priority="3">
Document empty method body
</violation>
<violation beginline="623" endline="624" begincolumn="3" endcolumn="3" rule="JUnitTestsShouldIncludeAssert" ruleset="Best Practices" package="org.junit.jupiter.engine.discovery" class="TestCaseWithNesting$NestedTestCase" method="testB" externalInfoUrl="https://pmd.github.io/pmd/pmd_rules_java_bestpractices.html#junittestsshouldincludeassert" priority="3">
JUnit tests should include assert() or fail()
</violation>
<violation beginline="630" endline="631" begincolumn="17" endcolumn="4" rule="UncommentedEmptyMethodBody" ruleset="Documentation" package="org.junit.jupiter.engine.discovery" class="TestCaseWithNesting$NestedTestCase$DoubleNestedTestCase" method="testC" externalInfoUrl="https://pmd.github.io/pmd/pmd_rules_java_documentation.html#uncommentedemptymethodbody" priority="3">
Document empty method body
</violation>
<violation beginline="630" endline="631" begincolumn="4" endcolumn="4" rule="JUnitTestsShouldIncludeAssert" ruleset="Best Practices" package="org.junit.jupiter.engine.discovery" class="TestCaseWithNesting$NestedTestCase$DoubleNestedTestCase" method="testC" externalInfoUrl="https://pmd.github.io/pmd/pmd_rules_java_bestpractices.html#junittestsshouldincludeassert" priority="3">
JUnit tests should include assert() or fail()
</violation>
<violation beginline="636" endline="641" begincolumn="1" endcolumn="1" rule="TestClassWithoutTestCases" ruleset="Error Prone" package="org.junit.jupiter.engine.discovery" class="TestClassWithTemplate" externalInfoUrl="https://pmd.github.io/pmd/pmd_rules_java_errorprone.html#testclasswithouttestcases" priority="3">
This class name ends with Test but contains no test cases
</violation>
<violation beginline="639" endline="640" begincolumn="22" endcolumn="2" rule="UncommentedEmptyMethodBody" ruleset="Documentation" package="org.junit.jupiter.engine.discovery" class="TestClassWithTemplate" method="testTemplate" externalInfoUrl="https://pmd.github.io/pmd/pmd_rules_java_documentation.html#uncommentedemptymethodbody" priority="3">
Document empty method body
</violation>
</file>
<file name="C:\Users\Sokaina\Downloads\Versiones-Junit5\junit5-r5.0.2\junit-jupiter-engine\src\test\java\org\junit\jupiter\engine\discovery\DiscoveryTests.java">
<violation beginline="11" endline="179" begincolumn="1" endcolumn="2" rule="TooManyStaticImports" ruleset="Code Style" package="org.junit.jupiter.engine.discovery" class="DiscoveryTests" externalInfoUrl="https://pmd.github.io/pmd/pmd_rules_java_codestyle.html#toomanystaticimports" priority="3">
Too many static imports may lead to messy code
</violation>
<violation beginline="45" endline="45" begincolumn="61" endcolumn="89" rule="AvoidDuplicateLiterals" ruleset="Error Prone" package="org.junit.jupiter.engine.discovery" class="DiscoveryTests" method="discoverTestClass" externalInfoUrl="https://pmd.github.io/pmd/pmd_rules_java_errorprone.html#avoidduplicateliterals" priority="3">
The String literal "# resolved test descriptors" appears 9 times in this file; the first occurrence is on line 45
</violation>
<violation beginline="89" endline="98" begincolumn="2" endcolumn="2" rule="JUnitTestContainsTooManyAsserts" ruleset="Best Practices" package="org.junit.jupiter.engine.discovery" class="DiscoveryTests" method="discoverMultipleMethodsOfSameClass" externalInfoUrl="https://pmd.github.io/pmd/pmd_rules_java_bestpractices.html#junittestcontainstoomanyasserts" priority="3">
Unit tests should not contain more than 1 assert(s).
</violation>
<violation beginline="130" endline="136" begincolumn="26" endcolumn="2" rule="AbstractClassWithoutAbstractMethod" ruleset="Best Practices" package="org.junit.jupiter.engine.discovery" class="DiscoveryTests$AbstractTestCase" externalInfoUrl="https://pmd.github.io/pmd/pmd_rules_java_bestpractices.html#abstractclasswithoutabstractmethod" priority="3">
This abstract class does not have any abstract methods
</violation>
<violation beginline="133" endline="135" begincolumn="3" endcolumn="3" rule="EmptyMethodInAbstractClassShouldBeAbstract" ruleset="Code Style" package="org.junit.jupiter.engine.discovery" class="DiscoveryTests$AbstractTestCase" method="abstractTest" externalInfoUrl="https://pmd.github.io/pmd/pmd_rules_java_codestyle.html#emptymethodinabstractclassshouldbeabstract" priority="1">
An empty method in an abstract class should be abstract instead
</violation>
<violation beginline="133" endline="135" begincolumn="23" endcolumn="3" rule="UncommentedEmptyMethodBody" ruleset="Documentation" package="org.junit.jupiter.engine.discovery" class="DiscoveryTests$AbstractTestCase" method="abstractTest" externalInfoUrl="https://pmd.github.io/pmd/pmd_rules_java_documentation.html#uncommentedemptymethodbody" priority="3">
Document empty method body
</violation>
<violation beginline="133" endline="135" begincolumn="3" endcolumn="3" rule="JUnitTestsShouldIncludeAssert" ruleset="Best Practices" package="org.junit.jupiter.engine.discovery" class="DiscoveryTests$AbstractTestCase" method="abstractTest" externalInfoUrl="https://pmd.github.io/pmd/pmd_rules_java_bestpractices.html#junittestsshouldincludeassert" priority="3">
JUnit tests should include assert() or fail()
</violation>
<violation beginline="141" endline="142" begincolumn="16" endcolumn="3" rule="UncommentedEmptyMethodBody" ruleset="Documentation" package="org.junit.jupiter.engine.discovery" class="DiscoveryTests$LocalTestCase" method="test1" externalInfoUrl="https://pmd.github.io/pmd/pmd_rules_java_documentation.html#uncommentedemptymethodbody" priority="3">
Document empty method body
</violation>
<violation beginline="141" endline="142" begincolumn="3" endcolumn="3" rule="JUnitTestsShouldIncludeAssert" ruleset="Best Practices" package="org.junit.jupiter.engine.discovery" class="DiscoveryTests$LocalTestCase" method="test1" externalInfoUrl="https://pmd.github.io/pmd/pmd_rules_java_bestpractices.html#junittestsshouldincludeassert" priority="3">
JUnit tests should include assert() or fail()
</violation>
<violation beginline="145" endline="146" begincolumn="16" endcolumn="3" rule="UncommentedEmptyMethodBody" ruleset="Documentation" package="org.junit.jupiter.engine.discovery" class="DiscoveryTests$LocalTestCase" method="test2" externalInfoUrl="https://pmd.github.io/pmd/pmd_rules_java_documentation.html#uncommentedemptymethodbody" priority="3">
Document empty method body
</violation>
<violation beginline="145" endline="146" begincolumn="3" endcolumn="3" rule="JUnitTestsShouldIncludeAssert" ruleset="Best Practices" package="org.junit.jupiter.engine.discovery" class="DiscoveryTests$LocalTestCase" method="test2" externalInfoUrl="https://pmd.github.io/pmd/pmd_rules_java_bestpractices.html#junittestsshouldincludeassert" priority="3">
JUnit tests should include assert() or fail()
</violation>
<violation beginline="149" endline="150" begincolumn="16" endcolumn="3" rule="UncommentedEmptyMethodBody" ruleset="Documentation" package="org.junit.jupiter.engine.discovery" class="DiscoveryTests$LocalTestCase" method="test3" externalInfoUrl="https://pmd.github.io/pmd/pmd_rules_java_documentation.html#uncommentedemptymethodbody" priority="3">
Document empty method body
</violation>
<violation beginline="149" endline="150" begincolumn="3" endcolumn="3" rule="JUnitTestsShouldIncludeAssert" ruleset="Best Practices" package="org.junit.jupiter.engine.discovery" class="DiscoveryTests$LocalTestCase" method="test3" externalInfoUrl="https://pmd.github.io/pmd/pmd_rules_java_bestpractices.html#junittestsshouldincludeassert" priority="3">
JUnit tests should include assert() or fail()
</violation>
<violation beginline="153" endline="154" begincolumn="16" endcolumn="3" rule="UncommentedEmptyMethodBody" ruleset="Documentation" package="org.junit.jupiter.engine.discovery" class="DiscoveryTests$LocalTestCase" method="test4" externalInfoUrl="https://pmd.github.io/pmd/pmd_rules_java_documentation.html#uncommentedemptymethodbody" priority="3">
Document empty method body
</violation>
<violation beginline="153" endline="154" begincolumn="3" endcolumn="3" rule="JUnitTestsShouldIncludeAssert" ruleset="Best Practices" package="org.junit.jupiter.engine.discovery" class="DiscoveryTests$LocalTestCase" method="test4" externalInfoUrl="https://pmd.github.io/pmd/pmd_rules_java_bestpractices.html#junittestsshouldincludeassert" priority="3">
JUnit tests should include assert() or fail()
</violation>
<violation beginline="157" endline="158" begincolumn="33" endcolumn="3" rule="UncommentedEmptyMethodBody" ruleset="Documentation" package="org.junit.jupiter.engine.discovery" class="DiscoveryTests$LocalTestCase" method="test4" externalInfoUrl="https://pmd.github.io/pmd/pmd_rules_java_documentation.html#uncommentedemptymethodbody" priority="3">
Document empty method body
</violation>
<violation beginline="157" endline="158" begincolumn="3" endcolumn="3" rule="JUnitTestsShouldIncludeAssert" ruleset="Best Practices" package="org.junit.jupiter.engine.discovery" class="DiscoveryTests$LocalTestCase" method="test4" externalInfoUrl="https://pmd.github.io/pmd/pmd_rules_java_bestpractices.html#junittestsshouldincludeassert" priority="3">
JUnit tests should include assert() or fail()
</violation>
<violation beginline="160" endline="163" begincolumn="3" endcolumn="3" rule="DefaultPackage" ruleset="Code Style" package="org.junit.jupiter.engine.discovery" class="DiscoveryTests$LocalTestCase" externalInfoUrl="https://pmd.github.io/pmd/pmd_rules_java_codestyle.html#defaultpackage" priority="3">
Use explicit scoping instead of the default package private level
</violation>
<violation beginline="175" endline="176" begincolumn="23" endcolumn="3" rule="UncommentedEmptyMethodBody" ruleset="Documentation" package="org.junit.jupiter.engine.discovery" class="DiscoveryTests$TestTemplateClass" method="testTemplate" externalInfoUrl="https://pmd.github.io/pmd/pmd_rules_java_documentation.html#uncommentedemptymethodbody" priority="3">
Document empty method body
</violation>
</file>
<file name="C:\Users\Sokaina\Downloads\Versiones-Junit5\junit5-r5.0.2\junit-jupiter-engine\src\test\java\org\junit\jupiter\engine\discovery\predicates\IsPotentialTestContainerTests.java">
<violation beginline="29" endline="29" begincolumn="3" endcolumn="13" rule="JUnitAssertionsShouldIncludeMessage" ruleset="Best Practices" package="org.junit.jupiter.engine.discovery.predicates" class="IsPotentialTestContainerTests" method="abstractClassEvaluatesToFalse" externalInfoUrl="https://pmd.github.io/pmd/pmd_rules_java_bestpractices.html#junitassertionsshouldincludemessage" priority="3">
JUnit assertions should include a message
</violation>
<violation beginline="38" endline="38" begincolumn="3" endcolumn="13" rule="JUnitAssertionsShouldIncludeMessage" ruleset="Best Practices" package="org.junit.jupiter.engine.discovery.predicates" class="IsPotentialTestContainerTests" method="localClassEvaluatesToFalse" externalInfoUrl="https://pmd.github.io/pmd/pmd_rules_java_bestpractices.html#junitassertionsshouldincludemessage" priority="3">
JUnit assertions should include a message
</violation>
<violation beginline="51" endline="51" begincolumn="3" endcolumn="13" rule="JUnitAssertionsShouldIncludeMessage" ruleset="Best Practices" package="org.junit.jupiter.engine.discovery.predicates" class="IsPotentialTestContainerTests" method="anonymousClassEvaluatesToFalse" externalInfoUrl="https://pmd.github.io/pmd/pmd_rules_java_bestpractices.html#junitassertionsshouldincludemessage" priority="3">
JUnit assertions should include a message
</violation>
<violation beginline="56" endline="56" begincolumn="3" endcolumn="12" rule="JUnitAssertionsShouldIncludeMessage" ruleset="Best Practices" package="org.junit.jupiter.engine.discovery.predicates" class="IsPotentialTestContainerTests" method="staticClassEvaluatesToTrue" externalInfoUrl="https://pmd.github.io/pmd/pmd_rules_java_bestpractices.html#junitassertionsshouldincludemessage" priority="3">
JUnit assertions should include a message
</violation>
<violation beginline="64" endline="65" begincolumn="10" endcolumn="1" rule="AbstractClassWithoutAnyMethod" ruleset="Design" package="org.junit.jupiter.engine.discovery.predicates" class="AbstractClass" externalInfoUrl="https://pmd.github.io/pmd/pmd_rules_java_design.html#abstractclasswithoutanymethod" priority="1">
No abstract method which means that the keyword is most likely used to prevent instantiation. Use a private or protected constructor instead.
</violation>
<violation beginline="64" endline="65" begincolumn="10" endcolumn="1" rule="AbstractClassWithoutAbstractMethod" ruleset="Best Practices" package="org.junit.jupiter.engine.discovery.predicates" class="AbstractClass" externalInfoUrl="https://pmd.github.io/pmd/pmd_rules_java_bestpractices.html#abstractclasswithoutabstractmethod" priority="3">
This abstract class does not have any abstract methods
</violation>
</file>
<file name="C:\Users\Sokaina\Downloads\Versiones-Junit5\junit5-r5.0.2\junit-jupiter-engine\src\test\java\org\junit\jupiter\engine\discovery\predicates\IsScannableTestClassTests.java">
<violation beginline="34" endline="34" begincolumn="3" endcolumn="13" rule="JUnitAssertionsShouldIncludeMessage" ruleset="Best Practices" package="org.junit.jupiter.engine.discovery.predicates" class="IsScannableTestClassTests" method="privateStandardTestClassEvaluatesToFalse" externalInfoUrl="https://pmd.github.io/pmd/pmd_rules_java_bestpractices.html#junitassertionsshouldincludemessage" priority="3">
JUnit assertions should include a message
</violation>
<violation beginline="39" endline="39" begincolumn="3" endcolumn="13" rule="JUnitAssertionsShouldIncludeMessage" ruleset="Best Practices" package="org.junit.jupiter.engine.discovery.predicates" class="IsScannableTestClassTests" method="privateClassWithTestFactoryEvaluatesToFalse" externalInfoUrl="https://pmd.github.io/pmd/pmd_rules_java_bestpractices.html#junitassertionsshouldincludemessage" priority="3">
JUnit assertions should include a message
</violation>
<violation beginline="44" endline="44" begincolumn="3" endcolumn="13" rule="JUnitAssertionsShouldIncludeMessage" ruleset="Best Practices" package="org.junit.jupiter.engine.discovery.predicates" class="IsScannableTestClassTests" method="privateClassWithNestedTestCasesEvaluatesToFalse" externalInfoUrl="https://pmd.github.io/pmd/pmd_rules_java_bestpractices.html#junitassertionsshouldincludemessage" priority="3">
JUnit assertions should include a message
</violation>
<violation beginline="49" endline="49" begincolumn="3" endcolumn="12" rule="JUnitAssertionsShouldIncludeMessage" ruleset="Best Practices" package="org.junit.jupiter.engine.discovery.predicates" class="IsScannableTestClassTests" method="standardTestClassEvaluatesToTrue" externalInfoUrl="https://pmd.github.io/pmd/pmd_rules_java_bestpractices.html#junitassertionsshouldincludemessage" priority="3">
JUnit assertions should include a message
</violation>
<violation beginline="54" endline="54" begincolumn="3" endcolumn="12" rule="JUnitAssertionsShouldIncludeMessage" ruleset="Best Practices" package="org.junit.jupiter.engine.discovery.predicates" class="IsScannableTestClassTests" method="classWithTestFactoryEvaluatesToTrue" externalInfoUrl="https://pmd.github.io/pmd/pmd_rules_java_bestpractices.html#junitassertionsshouldincludemessage" priority="3">
JUnit assertions should include a message
</violation>
<violation beginline="59" endline="59" begincolumn="3" endcolumn="12" rule="JUnitAssertionsShouldIncludeMessage" ruleset="Best Practices" package="org.junit.jupiter.engine.discovery.predicates" class="IsScannableTestClassTests" method="classWithNestedTestCasesEvaluatesToTrue" externalInfoUrl="https://pmd.github.io/pmd/pmd_rules_java_bestpractices.html#junitassertionsshouldincludemessage" priority="3">
JUnit assertions should include a message
</violation>
<violation beginline="74" endline="75" begincolumn="16" endcolumn="3" rule="UncommentedEmptyMethodBody" ruleset="Documentation" package="org.junit.jupiter.engine.discovery.predicates" class="IsScannableTestClassTests$PrivateClassWithTestCases" method="first" externalInfoUrl="https://pmd.github.io/pmd/pmd_rules_java_documentation.html#uncommentedemptymethodbody" priority="3">
Document empty method body
</violation>
<violation beginline="74" endline="75" begincolumn="3" endcolumn="3" rule="JUnitTestsShouldIncludeAssert" ruleset="Best Practices" package="org.junit.jupiter.engine.discovery.predicates" class="IsScannableTestClassTests$PrivateClassWithTestCases" method="first" externalInfoUrl="https://pmd.github.io/pmd/pmd_rules_java_bestpractices.html#junittestsshouldincludeassert" priority="3">
JUnit tests should include assert() or fail()
</violation>
<violation beginline="78" endline="79" begincolumn="17" endcolumn="3" rule="UncommentedEmptyMethodBody" ruleset="Documentation" package="org.junit.jupiter.engine.discovery.predicates" class="IsScannableTestClassTests$PrivateClassWithTestCases" method="second" externalInfoUrl="https://pmd.github.io/pmd/pmd_rules_java_documentation.html#uncommentedemptymethodbody" priority="3">
Document empty method body
</violation>
<violation beginline="78" endline="79" begincolumn="3" endcolumn="3" rule="JUnitTestsShouldIncludeAssert" ruleset="Best Practices" package="org.junit.jupiter.engine.discovery.predicates" class="IsScannableTestClassTests$PrivateClassWithTestCases" method="second" externalInfoUrl="https://pmd.github.io/pmd/pmd_rules_java_bestpractices.html#junittestsshouldincludeassert" priority="3">
JUnit tests should include assert() or fail()
</violation>
<violation beginline="89" endline="90" begincolumn="17" endcolumn="4" rule="UncommentedEmptyMethodBody" ruleset="Documentation" package="org.junit.jupiter.engine.discovery.predicates" class="IsScannableTestClassTests$PrivateClassWithNestedTestCases$InnerClass" method="first" externalInfoUrl="https://pmd.github.io/pmd/pmd_rules_java_documentation.html#uncommentedemptymethodbody" priority="3">
Document empty method body
</violation>
<violation beginline="89" endline="90" begincolumn="4" endcolumn="4" rule="JUnitTestsShouldIncludeAssert" ruleset="Best Practices" package="org.junit.jupiter.engine.discovery.predicates" class="IsScannableTestClassTests$PrivateClassWithNestedTestCases$InnerClass" method="first" externalInfoUrl="https://pmd.github.io/pmd/pmd_rules_java_bestpractices.html#junittestsshouldincludeassert" priority="3">
JUnit tests should include assert() or fail()
</violation>
<violation beginline="93" endline="94" begincolumn="18" endcolumn="4" rule="UncommentedEmptyMethodBody" ruleset="Documentation" package="org.junit.jupiter.engine.discovery.predicates" class="IsScannableTestClassTests$PrivateClassWithNestedTestCases$InnerClass" method="second" externalInfoUrl="https://pmd.github.io/pmd/pmd_rules_java_documentation.html#uncommentedemptymethodbody" priority="3">
Document empty method body
</violation>
<violation beginline="93" endline="94" begincolumn="4" endcolumn="4" rule="JUnitTestsShouldIncludeAssert" ruleset="Best Practices" package="org.junit.jupiter.engine.discovery.predicates" class="IsScannableTestClassTests$PrivateClassWithNestedTestCases$InnerClass" method="second" externalInfoUrl="https://pmd.github.io/pmd/pmd_rules_java_bestpractices.html#junittestsshouldincludeassert" priority="3">
JUnit tests should include assert() or fail()
</violation>
</file>
<file name="C:\Users\Sokaina\Downloads\Versiones-Junit5\junit5-r5.0.2\junit-jupiter-engine\src\test\java\org\junit\jupiter\engine\discovery\predicates\IsTestClassWithTestsTests.java">
<violation beginline="31" endline="31" begincolumn="3" endcolumn="12" rule="JUnitAssertionsShouldIncludeMessage" ruleset="Best Practices" package="org.junit.jupiter.engine.discovery.predicates" class="IsTestClassWithTestsTests" method="standardTestClassEvaluatesToTrue" externalInfoUrl="https://pmd.github.io/pmd/pmd_rules_java_bestpractices.html#junitassertionsshouldincludemessage" priority="3">
JUnit assertions should include a message
</violation>
<violation beginline="36" endline="36" begincolumn="3" endcolumn="12" rule="JUnitAssertionsShouldIncludeMessage" ruleset="Best Practices" package="org.junit.jupiter.engine.discovery.predicates" class="IsTestClassWithTestsTests" method="classWithTestFactoryEvaluatesToTrue" externalInfoUrl="https://pmd.github.io/pmd/pmd_rules_java_bestpractices.html#junitassertionsshouldincludemessage" priority="3">
JUnit assertions should include a message
</violation>
<violation beginline="41" endline="41" begincolumn="3" endcolumn="12" rule="JUnitAssertionsShouldIncludeMessage" ruleset="Best Practices" package="org.junit.jupiter.engine.discovery.predicates" class="IsTestClassWithTestsTests" method="classWithNestedTestCasesEvaluatesToTrue" externalInfoUrl="https://pmd.github.io/pmd/pmd_rules_java_bestpractices.html#junitassertionsshouldincludemessage" priority="3">
JUnit assertions should include a message
</violation>
<violation beginline="46" endline="46" begincolumn="3" endcolumn="12" rule="JUnitAssertionsShouldIncludeMessage" ruleset="Best Practices" package="org.junit.jupiter.engine.discovery.predicates" class="IsTestClassWithTestsTests" method="classWithTestTemplateEvaluatesToTrue" externalInfoUrl="https://pmd.github.io/pmd/pmd_rules_java_bestpractices.html#junitassertionsshouldincludemessage" priority="3">
JUnit assertions should include a message
</violation>
<violation beginline="51" endline="58" begincolumn="1" endcolumn="1" rule="TestClassWithoutTestCases" ruleset="Error Prone" package="org.junit.jupiter.engine.discovery.predicates" class="ClassWithTestFactory" externalInfoUrl="https://pmd.github.io/pmd/pmd_rules_java_errorprone.html#testclasswithouttestcases" priority="3">
This class name ends with Test but contains no test cases
</violation>
<violation beginline="64" endline="65" begincolumn="15" endcolumn="2" rule="UncommentedEmptyMethodBody" ruleset="Documentation" package="org.junit.jupiter.engine.discovery.predicates" class="ClassWithTestCases" method="first" externalInfoUrl="https://pmd.github.io/pmd/pmd_rules_java_documentation.html#uncommentedemptymethodbody" priority="3">
Document empty method body
</violation>
<violation beginline="64" endline="65" begincolumn="2" endcolumn="2" rule="JUnitTestsShouldIncludeAssert" ruleset="Best Practices" package="org.junit.jupiter.engine.discovery.predicates" class="ClassWithTestCases" method="first" externalInfoUrl="https://pmd.github.io/pmd/pmd_rules_java_bestpractices.html#junittestsshouldincludeassert" priority="3">
JUnit tests should include assert() or fail()
</violation>
<violation beginline="68" endline="69" begincolumn="16" endcolumn="2" rule="UncommentedEmptyMethodBody" ruleset="Documentation" package="org.junit.jupiter.engine.discovery.predicates" class="ClassWithTestCases" method="second" externalInfoUrl="https://pmd.github.io/pmd/pmd_rules_java_documentation.html#uncommentedemptymethodbody" priority="3">
Document empty method body
</violation>
<violation beginline="68" endline="69" begincolumn="2" endcolumn="2" rule="JUnitTestsShouldIncludeAssert" ruleset="Best Practices" package="org.junit.jupiter.engine.discovery.predicates" class="ClassWithTestCases" method="second" externalInfoUrl="https://pmd.github.io/pmd/pmd_rules_java_bestpractices.html#junittestsshouldincludeassert" priority="3">
JUnit tests should include assert() or fail()
</violation>
<violation beginline="74" endline="88" begincolumn="1" endcolumn="1" rule="TestClassWithoutTestCases" ruleset="Error Prone" package="org.junit.jupiter.engine.discovery.predicates" class="ClassWithNestedTestCases" externalInfoUrl="https://pmd.github.io/pmd/pmd_rules_java_errorprone.html#testclasswithouttestcases" priority="3">
This class name ends with Test but contains no test cases
</violation>
<violation beginline="80" endline="81" begincolumn="16" endcolumn="3" rule="UncommentedEmptyMethodBody" ruleset="Documentation" package="org.junit.jupiter.engine.discovery.predicates" class="ClassWithNestedTestCases$InnerClass" method="first" externalInfoUrl="https://pmd.github.io/pmd/pmd_rules_java_documentation.html#uncommentedemptymethodbody" priority="3">
Document empty method body
</violation>
<violation beginline="80" endline="81" begincolumn="3" endcolumn="3" rule="JUnitTestsShouldIncludeAssert" ruleset="Best Practices" package="org.junit.jupiter.engine.discovery.predicates" class="ClassWithNestedTestCases$InnerClass" method="first" externalInfoUrl="https://pmd.github.io/pmd/pmd_rules_java_bestpractices.html#junittestsshouldincludeassert" priority="3">
JUnit tests should include assert() or fail()
</violation>
<violation beginline="84" endline="85" begincolumn="17" endcolumn="3" rule="UncommentedEmptyMethodBody" ruleset="Documentation" package="org.junit.jupiter.engine.discovery.predicates" class="ClassWithNestedTestCases$InnerClass" method="second" externalInfoUrl="https://pmd.github.io/pmd/pmd_rules_java_documentation.html#uncommentedemptymethodbody" priority="3">
Document empty method body
</violation>
<violation beginline="84" endline="85" begincolumn="3" endcolumn="3" rule="JUnitTestsShouldIncludeAssert" ruleset="Best Practices" package="org.junit.jupiter.engine.discovery.predicates" class="ClassWithNestedTestCases$InnerClass" method="second" externalInfoUrl="https://pmd.github.io/pmd/pmd_rules_java_bestpractices.html#junittestsshouldincludeassert" priority="3">
JUnit tests should include assert() or fail()
</violation>
<violation beginline="91" endline="97" begincolumn="1" endcolumn="1" rule="TestClassWithoutTestCases" ruleset="Error Prone" package="org.junit.jupiter.engine.discovery.predicates" class="ClassWithTestTemplate" externalInfoUrl="https://pmd.github.io/pmd/pmd_rules_java_errorprone.html#testclasswithouttestcases" priority="3">
This class name ends with Test but contains no test cases
</violation>
<violation beginline="94" endline="95" begincolumn="20" endcolumn="2" rule="UncommentedEmptyMethodBody" ruleset="Documentation" package="org.junit.jupiter.engine.discovery.predicates" class="ClassWithTestTemplate" method="first" externalInfoUrl="https://pmd.github.io/pmd/pmd_rules_java_documentation.html#uncommentedemptymethodbody" priority="3">
Document empty method body
</violation>
</file>
<file name="C:\Users\Sokaina\Downloads\Versiones-Junit5\junit5-r5.0.2\junit-jupiter-engine\src\test\java\org\junit\jupiter\engine\discovery\predicates\IsTestFactoryMethodTests.java">
<violation beginline="71" endline="72" begincolumn="27" endcolumn="3" rule="UncommentedEmptyMethodBody" ruleset="Documentation" package="org.junit.jupiter.engine.discovery.predicates" class="IsTestFactoryMethodTests$ClassWithTestFactoryMethods" method="bogusVoidFactory" externalInfoUrl="https://pmd.github.io/pmd/pmd_rules_java_documentation.html#uncommentedemptymethodbody" priority="3">
Document empty method body
</violation>
</file>
<file name="C:\Users\Sokaina\Downloads\Versiones-Junit5\junit5-r5.0.2\junit-jupiter-engine\src\test\java\org\junit\jupiter\engine\discovery\predicates\IsTestMethodTests.java">
<violation beginline="33" endline="38" begincolumn="2" endcolumn="2" rule="JUnitTestContainsTooManyAsserts" ruleset="Best Practices" package="org.junit.jupiter.engine.discovery.predicates" class="IsTestMethodTests" method="publicTestMethod" externalInfoUrl="https://pmd.github.io/pmd/pmd_rules_java_bestpractices.html#junittestcontainstoomanyasserts" priority="3">
Unit tests should not contain more than 1 assert(s).
</violation>
<violation beginline="36" endline="36" begincolumn="3" endcolumn="12" rule="JUnitAssertionsShouldIncludeMessage" ruleset="Best Practices" package="org.junit.jupiter.engine.discovery.predicates" class="IsTestMethodTests" method="publicTestMethod" externalInfoUrl="https://pmd.github.io/pmd/pmd_rules_java_bestpractices.html#junitassertionsshouldincludemessage" priority="3">
JUnit assertions should include a message
</violation>
<violation beginline="41" endline="46" begincolumn="2" endcolumn="2" rule="JUnitTestContainsTooManyAsserts" ruleset="Best Practices" package="org.junit.jupiter.engine.discovery.predicates" class="IsTestMethodTests" method="publicTestMethodWithArgument" externalInfoUrl="https://pmd.github.io/pmd/pmd_rules_java_bestpractices.html#junittestcontainstoomanyasserts" priority="3">
Unit tests should not contain more than 1 assert(s).
</violation>
<violation beginline="44" endline="44" begincolumn="3" endcolumn="12" rule="JUnitAssertionsShouldIncludeMessage" ruleset="Best Practices" package="org.junit.jupiter.engine.discovery.predicates" class="IsTestMethodTests" method="publicTestMethodWithArgument" externalInfoUrl="https://pmd.github.io/pmd/pmd_rules_java_bestpractices.html#junitassertionsshouldincludemessage" priority="3">
JUnit assertions should include a message
</violation>
<violation beginline="106" endline="107" begincolumn="39" endcolumn="3" rule="UncommentedEmptyMethodBody" ruleset="Documentation" package="org.junit.jupiter.engine.discovery.predicates" class="IsTestMethodTests$ClassWithTestMethods" method="bogusStaticTestMethod" externalInfoUrl="https://pmd.github.io/pmd/pmd_rules_java_documentation.html#uncommentedemptymethodbody" priority="3">
Document empty method body
</violation>
<violation beginline="110" endline="111" begincolumn="41" endcolumn="3" rule="UncommentedEmptyMethodBody" ruleset="Documentation" package="org.junit.jupiter.engine.discovery.predicates" class="IsTestMethodTests$ClassWithTestMethods" method="bogusPrivateTestMethod" externalInfoUrl="https://pmd.github.io/pmd/pmd_rules_java_documentation.html#uncommentedemptymethodbody" priority="3">
Document empty method body
</violation>
<violation beginline="110" endline="111" begincolumn="11" endcolumn="3" rule="JUnitTestsShouldIncludeAssert" ruleset="Best Practices" package="org.junit.jupiter.engine.discovery.predicates" class="IsTestMethodTests$ClassWithTestMethods" method="bogusPrivateTestMethod" externalInfoUrl="https://pmd.github.io/pmd/pmd_rules_java_bestpractices.html#junittestsshouldincludeassert" priority="3">
JUnit tests should include assert() or fail()
</violation>
<violation beginline="114" endline="116" begincolumn="3" endcolumn="3" rule="JUnitTestsShouldIncludeAssert" ruleset="Best Practices" package="org.junit.jupiter.engine.discovery.predicates" class="IsTestMethodTests$ClassWithTestMethods" method="bogusTestMethodReturningObject" externalInfoUrl="https://pmd.github.io/pmd/pmd_rules_java_bestpractices.html#junittestsshouldincludeassert" priority="3">
JUnit tests should include assert() or fail()
</violation>
<violation beginline="119" endline="121" begincolumn="3" endcolumn="3" rule="JUnitTestsShouldIncludeAssert" ruleset="Best Practices" package="org.junit.jupiter.engine.discovery.predicates" class="IsTestMethodTests$ClassWithTestMethods" method="bogusTestMethodReturningVoidReference" externalInfoUrl="https://pmd.github.io/pmd/pmd_rules_java_bestpractices.html#junittestsshouldincludeassert" priority="3">
JUnit tests should include assert() or fail()
</violation>
<violation beginline="124" endline="126" begincolumn="3" endcolumn="3" rule="JUnitTestsShouldIncludeAssert" ruleset="Best Practices" package="org.junit.jupiter.engine.discovery.predicates" class="IsTestMethodTests$ClassWithTestMethods" method="bogusTestMethodReturningPrimitive" externalInfoUrl="https://pmd.github.io/pmd/pmd_rules_java_bestpractices.html#junittestsshouldincludeassert" priority="3">
JUnit tests should include assert() or fail()
</violation>
<violation beginline="129" endline="130" begincolumn="34" endcolumn="3" rule="UncommentedEmptyMethodBody" ruleset="Documentation" package="org.junit.jupiter.engine.discovery.predicates" class="IsTestMethodTests$ClassWithTestMethods" method="publicTestMethod" externalInfoUrl="https://pmd.github.io/pmd/pmd_rules_java_documentation.html#uncommentedemptymethodbody" priority="3">
Document empty method body
</violation>
<violation beginline="129" endline="130" begincolumn="10" endcolumn="3" rule="JUnitTestsShouldIncludeAssert" ruleset="Best Practices" package="org.junit.jupiter.engine.discovery.predicates" class="IsTestMethodTests$ClassWithTestMethods" method="publicTestMethod" externalInfoUrl="https://pmd.github.io/pmd/pmd_rules_java_bestpractices.html#junittestsshouldincludeassert" priority="3">
JUnit tests should include assert() or fail()
</violation>
<violation beginline="133" endline="134" begincolumn="59" endcolumn="3" rule="UncommentedEmptyMethodBody" ruleset="Documentation" package="org.junit.jupiter.engine.discovery.predicates" class="IsTestMethodTests$ClassWithTestMethods" method="publicTestMethodWithArgument" externalInfoUrl="https://pmd.github.io/pmd/pmd_rules_java_documentation.html#uncommentedemptymethodbody" priority="3">
Document empty method body
</violation>
<violation beginline="133" endline="134" begincolumn="10" endcolumn="3" rule="JUnitTestsShouldIncludeAssert" ruleset="Best Practices" package="org.junit.jupiter.engine.discovery.predicates" class="IsTestMethodTests$ClassWithTestMethods" method="publicTestMethodWithArgument" externalInfoUrl="https://pmd.github.io/pmd/pmd_rules_java_bestpractices.html#junittestsshouldincludeassert" priority="3">
JUnit tests should include assert() or fail()
</violation>
<violation beginline="137" endline="138" begincolumn="40" endcolumn="3" rule="UncommentedEmptyMethodBody" ruleset="Documentation" package="org.junit.jupiter.engine.discovery.predicates" class="IsTestMethodTests$ClassWithTestMethods" method="protectedTestMethod" externalInfoUrl="https://pmd.github.io/pmd/pmd_rules_java_documentation.html#uncommentedemptymethodbody" priority="3">
Document empty method body
</violation>
<violation beginline="137" endline="138" begincolumn="13" endcolumn="3" rule="JUnitTestsShouldIncludeAssert" ruleset="Best Practices" package="org.junit.jupiter.engine.discovery.predicates" class="IsTestMethodTests$ClassWithTestMethods" method="protectedTestMethod" externalInfoUrl="https://pmd.github.io/pmd/pmd_rules_java_bestpractices.html#junittestsshouldincludeassert" priority="3">
JUnit tests should include assert() or fail()
</violation>
<violation beginline="141" endline="142" begincolumn="35" endcolumn="3" rule="UncommentedEmptyMethodBody" ruleset="Documentation" package="org.junit.jupiter.engine.discovery.predicates" class="IsTestMethodTests$ClassWithTestMethods" method="packageVisibleTestMethod" externalInfoUrl="https://pmd.github.io/pmd/pmd_rules_java_documentation.html#uncommentedemptymethodbody" priority="3">
Document empty method body
</violation>
<violation beginline="141" endline="142" begincolumn="3" endcolumn="3" rule="JUnitTestsShouldIncludeAssert" ruleset="Best Practices" package="org.junit.jupiter.engine.discovery.predicates" class="IsTestMethodTests$ClassWithTestMethods" method="packageVisibleTestMethod" externalInfoUrl="https://pmd.github.io/pmd/pmd_rules_java_bestpractices.html#junittestsshouldincludeassert" priority="3">
JUnit tests should include assert() or fail()
</violation>
</file>
<file name="C:\Users\Sokaina\Downloads\Versiones-Junit5\junit5-r5.0.2\junit-jupiter-engine\src\test\java\org\junit\jupiter\engine\discovery\predicates\IsTestTemplateMethodTests.java">
<violation beginline="47" endline="48" begincolumn="32" endcolumn="3" rule="UncommentedEmptyMethodBody" ruleset="Documentation" package="org.junit.jupiter.engine.discovery.predicates" class="IsTestTemplateMethodTests$ClassWithTestTemplateMethods" method="templateReturningVoid" externalInfoUrl="https://pmd.github.io/pmd/pmd_rules_java_documentation.html#uncommentedemptymethodbody" priority="3">
Document empty method body
</violation>
</file>
<file name="C:\Users\Sokaina\Downloads\Versiones-Junit5\junit5-r5.0.2\junit-jupiter-engine\src\test\java\org\junit\jupiter\engine\execution\ExecutableInvokerTests.java">
<violation beginline="11" endline="415" begincolumn="1" endcolumn="2" rule="TooManyStaticImports" ruleset="Code Style" package="org.junit.jupiter.engine.execution" class="ExecutableInvokerTests" externalInfoUrl="https://pmd.github.io/pmd/pmd_rules_java_codestyle.html#toomanystaticimports" priority="3">
Too many static imports may lead to messy code
</violation>
<violation beginline="56" endline="56" begincolumn="37" endcolumn="45" rule="SignatureDeclareThrowsException" ruleset="Design" package="org.junit.jupiter.engine.execution" class="ExecutableInvokerTests" method="constructorInjection" externalInfoUrl="https://pmd.github.io/pmd/pmd_rules_java_design.html#signaturedeclarethrowsexception" priority="3">
A method/constructor should not explicitly throw java.lang.Exception
</violation>
<violation beginline="56" endline="74" begincolumn="2" endcolumn="2" rule="JUnitTestContainsTooManyAsserts" ruleset="Best Practices" package="org.junit.jupiter.engine.execution" class="ExecutableInvokerTests" method="constructorInjection" externalInfoUrl="https://pmd.github.io/pmd/pmd_rules_java_bestpractices.html#junittestcontainstoomanyasserts" priority="3">
Unit tests should not contain more than 1 assert(s).
</violation>
<violation beginline="63" endline="63" begincolumn="3" endcolumn="15" rule="JUnitAssertionsShouldIncludeMessage" ruleset="Best Practices" package="org.junit.jupiter.engine.execution" class="ExecutableInvokerTests" method="constructorInjection" externalInfoUrl="https://pmd.github.io/pmd/pmd_rules_java_bestpractices.html#junitassertionsshouldincludemessage" priority="3">
JUnit assertions should include a message
</violation>
<violation beginline="64" endline="64" begincolumn="3" endcolumn="14" rule="JUnitAssertionsShouldIncludeMessage" ruleset="Best Practices" package="org.junit.jupiter.engine.execution" class="ExecutableInvokerTests" method="constructorInjection" externalInfoUrl="https://pmd.github.io/pmd/pmd_rules_java_bestpractices.html#junitassertionsshouldincludemessage" priority="3">
JUnit assertions should include a message
</violation>
<violation beginline="72" endline="72" begincolumn="3" endcolumn="15" rule="JUnitAssertionsShouldIncludeMessage" ruleset="Best Practices" package="org.junit.jupiter.engine.execution" class="ExecutableInvokerTests" method="constructorInjection" externalInfoUrl="https://pmd.github.io/pmd/pmd_rules_java_bestpractices.html#junitassertionsshouldincludemessage" priority="3">
JUnit assertions should include a message
</violation>
<violation beginline="73" endline="73" begincolumn="3" endcolumn="14" rule="JUnitAssertionsShouldIncludeMessage" ruleset="Best Practices" package="org.junit.jupiter.engine.execution" class="ExecutableInvokerTests" method="constructorInjection" externalInfoUrl="https://pmd.github.io/pmd/pmd_rules_java_bestpractices.html#junitassertionsshouldincludemessage" priority="3">
JUnit assertions should include a message
</violation>
<violation beginline="77" endline="77" begincolumn="73" endcolumn="81" rule="SignatureDeclareThrowsException" ruleset="Design" package="org.junit.jupiter.engine.execution" class="ExecutableInvokerTests" method="invokingMethodsWithoutParameterDoesNotDependOnExtensions" externalInfoUrl="https://pmd.github.io/pmd/pmd_rules_java_design.html#signaturedeclarethrowsexception" priority="3">
A method/constructor should not explicitly throw java.lang.Exception
</violation>
<violation beginline="127" endline="140" begincolumn="2" endcolumn="2" rule="JUnitTestContainsTooManyAsserts" ruleset="Best Practices" package="org.junit.jupiter.engine.execution" class="ExecutableInvokerTests" method="passContextInformationToParameterResolverMethods" externalInfoUrl="https://pmd.github.io/pmd/pmd_rules_java_bestpractices.html#junittestcontainstoomanyasserts" priority="3">
Unit tests should not contain more than 1 assert(s).
</violation>
<violation beginline="134" endline="134" begincolumn="3" endcolumn="12" rule="JUnitAssertionsShouldIncludeMessage" ruleset="Best Practices" package="org.junit.jupiter.engine.execution" class="ExecutableInvokerTests" method="passContextInformationToParameterResolverMethods" externalInfoUrl="https://pmd.github.io/pmd/pmd_rules_java_bestpractices.html#junitassertionsshouldincludemessage" priority="3">
JUnit assertions should include a message
</violation>
<violation beginline="135" endline="135" begincolumn="3" endcolumn="14" rule="JUnitAssertionsShouldIncludeMessage" ruleset="Best Practices" package="org.junit.jupiter.engine.execution" class="ExecutableInvokerTests" method="passContextInformationToParameterResolverMethods" externalInfoUrl="https://pmd.github.io/pmd/pmd_rules_java_bestpractices.html#junitassertionsshouldincludemessage" priority="3">
JUnit assertions should include a message
</violation>
<violation beginline="136" endline="136" begincolumn="3" endcolumn="12" rule="JUnitAssertionsShouldIncludeMessage" ruleset="Best Practices" package="org.junit.jupiter.engine.execution" class="ExecutableInvokerTests" method="passContextInformationToParameterResolverMethods" externalInfoUrl="https://pmd.github.io/pmd/pmd_rules_java_bestpractices.html#junitassertionsshouldincludemessage" priority="3">
JUnit assertions should include a message
</violation>
<violation beginline="137" endline="137" begincolumn="3" endcolumn="12" rule="JUnitAssertionsShouldIncludeMessage" ruleset="Best Practices" package="org.junit.jupiter.engine.execution" class="ExecutableInvokerTests" method="passContextInformationToParameterResolverMethods" externalInfoUrl="https://pmd.github.io/pmd/pmd_rules_java_bestpractices.html#junitassertionsshouldincludemessage" priority="3">
JUnit assertions should include a message
</violation>
<violation beginline="138" endline="138" begincolumn="3" endcolumn="14" rule="JUnitAssertionsShouldIncludeMessage" ruleset="Best Practices" package="org.junit.jupiter.engine.execution" class="ExecutableInvokerTests" method="passContextInformationToParameterResolverMethods" externalInfoUrl="https://pmd.github.io/pmd/pmd_rules_java_bestpractices.html#junitassertionsshouldincludemessage" priority="3">
JUnit assertions should include a message
</violation>
<violation beginline="139" endline="139" begincolumn="3" endcolumn="12" rule="JUnitAssertionsShouldIncludeMessage" ruleset="Best Practices" package="org.junit.jupiter.engine.execution" class="ExecutableInvokerTests" method="passContextInformationToParameterResolverMethods" externalInfoUrl="https://pmd.github.io/pmd/pmd_rules_java_bestpractices.html#junitassertionsshouldincludemessage" priority="3">
JUnit assertions should include a message
</violation>
<violation beginline="163" endline="174" begincolumn="2" endcolumn="2" rule="JUnitTestContainsTooManyAsserts" ruleset="Best Practices" package="org.junit.jupiter.engine.execution" class="ExecutableInvokerTests" method="reportThatNullIsNotAViableArgumentIfAPrimitiveTypeIsExpected" externalInfoUrl="https://pmd.github.io/pmd/pmd_rules_java_bestpractices.html#junittestcontainstoomanyasserts" priority="3">
Unit tests should not contain more than 1 assert(s).
</violation>
<violation beginline="177" endline="183" begincolumn="2" endcolumn="2" rule="JUnitTestContainsTooManyAsserts" ruleset="Best Practices" package="org.junit.jupiter.engine.execution" class="ExecutableInvokerTests" method="reportIfThereIsNoParameterResolverThatSupportsTheParameter" externalInfoUrl="https://pmd.github.io/pmd/pmd_rules_java_bestpractices.html#junittestcontainstoomanyasserts" priority="3">
Unit tests should not contain more than 1 assert(s).
</violation>
<violation beginline="186" endline="198" begincolumn="2" endcolumn="2" rule="JUnitTestContainsTooManyAsserts" ruleset="Best Practices" package="org.junit.jupiter.engine.execution" class="ExecutableInvokerTests" method="reportIfThereAreMultipleParameterResolversThatSupportTheParameter" externalInfoUrl="https://pmd.github.io/pmd/pmd_rules_java_bestpractices.html#junittestcontainstoomanyasserts" priority="3">
Unit tests should not contain more than 1 assert(s).
</violation>
<violation beginline="201" endline="212" begincolumn="2" endcolumn="2" rule="JUnitTestContainsTooManyAsserts" ruleset="Best Practices" package="org.junit.jupiter.engine.execution" class="ExecutableInvokerTests" method="reportTypeMismatchBetweenParameterAndResolvedParameter" externalInfoUrl="https://pmd.github.io/pmd/pmd_rules_java_bestpractices.html#junittestcontainstoomanyasserts" priority="3">
Unit tests should not contain more than 1 assert(s).
</violation>
<violation beginline="215" endline="224" begincolumn="2" endcolumn="2" rule="JUnitTestContainsTooManyAsserts" ruleset="Best Practices" package="org.junit.jupiter.engine.execution" class="ExecutableInvokerTests" method="wrapAllExceptionsThrownDuringParameterResolutionIntoAParameterResolutionException" externalInfoUrl="https://pmd.github.io/pmd/pmd_rules_java_bestpractices.html#junittestcontainstoomanyasserts" priority="3">
Unit tests should not contain more than 1 assert(s).
</violation>
<violation beginline="227" endline="235" begincolumn="2" endcolumn="2" rule="JUnitTestContainsTooManyAsserts" ruleset="Best Practices" package="org.junit.jupiter.engine.execution" class="ExecutableInvokerTests" method="doNotWrapThrownExceptionIfItIsAlreadyAParameterResolutionException" externalInfoUrl="https://pmd.github.io/pmd/pmd_rules_java_bestpractices.html#junittestcontainstoomanyasserts" priority="3">
Unit tests should not contain more than 1 assert(s).
</violation>
<violation beginline="234" endline="234" begincolumn="3" endcolumn="12" rule="JUnitAssertionsShouldIncludeMessage" ruleset="Best Practices" package="org.junit.jupiter.engine.execution" class="ExecutableInvokerTests" method="doNotWrapThrownExceptionIfItIsAlreadyAParameterResolutionException" externalInfoUrl="https://pmd.github.io/pmd/pmd_rules_java_bestpractices.html#junitassertionsshouldincludemessage" priority="3">
JUnit assertions should include a message
</violation>
<violation beginline="291" endline="291" begincolumn="3" endcolumn="30" rule="DefaultPackage" ruleset="Code Style" package="org.junit.jupiter.engine.execution" class="ExecutableInvokerTests$ArgumentRecordingParameterResolver" externalInfoUrl="https://pmd.github.io/pmd/pmd_rules_java_codestyle.html#defaultpackage" priority="3">
Use explicit scoping instead of the default package private level
</violation>
<violation beginline="292" endline="292" begincolumn="3" endcolumn="29" rule="DefaultPackage" ruleset="Code Style" package="org.junit.jupiter.engine.execution" class="ExecutableInvokerTests$ArgumentRecordingParameterResolver" externalInfoUrl="https://pmd.github.io/pmd/pmd_rules_java_codestyle.html#defaultpackage" priority="3">
Use explicit scoping instead of the default package private level
</violation>
<violation beginline="296" endline="296" begincolumn="4" endcolumn="43" rule="DefaultPackage" ruleset="Code Style" package="org.junit.jupiter.engine.execution" class="ExecutableInvokerTests$ArgumentRecordingParameterResolver$Arguments" externalInfoUrl="https://pmd.github.io/pmd/pmd_rules_java_codestyle.html#defaultpackage" priority="3">
Use explicit scoping instead of the default package private level
</violation>
<violation beginline="297" endline="297" begincolumn="4" endcolumn="43" rule="DefaultPackage" ruleset="Code Style" package="org.junit.jupiter.engine.execution" class="ExecutableInvokerTests$ArgumentRecordingParameterResolver$Arguments" externalInfoUrl="https://pmd.github.io/pmd/pmd_rules_java_codestyle.html#defaultpackage" priority="3">
Use explicit scoping instead of the default package private level
</violation>
<violation beginline="320" endline="326" begincolumn="3" endcolumn="3" rule="DefaultPackage" ruleset="Code Style" package="org.junit.jupiter.engine.execution" class="ExecutableInvokerTests$ConfigurableParameterResolver" externalInfoUrl="https://pmd.github.io/pmd/pmd_rules_java_codestyle.html#defaultpackage" priority="3">
Use explicit scoping instead of the default package private level
</violation>
<violation beginline="328" endline="330" begincolumn="3" endcolumn="3" rule="DefaultPackage" ruleset="Code Style" package="org.junit.jupiter.engine.execution" class="ExecutableInvokerTests$ConfigurableParameterResolver" externalInfoUrl="https://pmd.github.io/pmd/pmd_rules_java_codestyle.html#defaultpackage" priority="3">
Use explicit scoping instead of the default package private level
</violation>
<violation beginline="332" endline="336" begincolumn="3" endcolumn="3" rule="DefaultPackage" ruleset="Code Style" package="org.junit.jupiter.engine.execution" class="ExecutableInvokerTests$ConfigurableParameterResolver" externalInfoUrl="https://pmd.github.io/pmd/pmd_rules_java_codestyle.html#defaultpackage" priority="3">
Use explicit scoping instead of the default package private level
</violation>
<violation beginline="338" endline="338" begincolumn="17" endcolumn="53" rule="FieldDeclarationsShouldBeAtStartOfClass" ruleset="Code Style" package="org.junit.jupiter.engine.execution" class="ExecutableInvokerTests$ConfigurableParameterResolver" variable="VariableDeclaratorId" externalInfoUrl="https://pmd.github.io/pmd/pmd_rules_java_codestyle.html#fielddeclarationsshouldbeatstartofclass" priority="3">
Fields should be declared at the top of the class, before any method declarations, constructors, initializers or inner classes.
</violation>
<violation beginline="339" endline="339" begincolumn="17" endcolumn="59" rule="FieldDeclarationsShouldBeAtStartOfClass" ruleset="Code Style" package="org.junit.jupiter.engine.execution" class="ExecutableInvokerTests$ConfigurableParameterResolver" variable="VariableDeclaratorId" externalInfoUrl="https://pmd.github.io/pmd/pmd_rules_java_codestyle.html#fielddeclarationsshouldbeatstartofclass" priority="3">
Fields should be declared at the top of the class, before any method declarations, constructors, initializers or inner classes.
</violation>
<violation beginline="397" endline="397" begincolumn="3" endcolumn="19" rule="DefaultPackage" ruleset="Code Style" package="org.junit.jupiter.engine.execution" class="ExecutableInvokerTests$ConstructorInjectionTestCase" externalInfoUrl="https://pmd.github.io/pmd/pmd_rules_java_codestyle.html#defaultpackage" priority="3">
Use explicit scoping instead of the default package private level
</violation>
<violation beginline="406" endline="406" begincolumn="4" endcolumn="20" rule="DefaultPackage" ruleset="Code Style" package="org.junit.jupiter.engine.execution" class="ExecutableInvokerTests$ConstructorInjectionTestCase$NestedTestCase" externalInfoUrl="https://pmd.github.io/pmd/pmd_rules_java_codestyle.html#defaultpackage" priority="3">
Use explicit scoping instead of the default package private level
</violation>
</file>
<file name="C:\Users\Sokaina\Downloads\Versiones-Junit5\junit5-r5.0.2\junit-jupiter-engine\src\test\java\org\junit\jupiter\engine\execution\ExtensionContextTests.java">
<violation beginline="11" endline="257" begincolumn="1" endcolumn="2" rule="TooManyStaticImports" ruleset="Code Style" package="org.junit.jupiter.engine.execution" class="ExtensionContextTests" externalInfoUrl="https://pmd.github.io/pmd/pmd_rules_java_codestyle.html#toomanystaticimports" priority="3">
Too many static imports may lead to messy code
</violation>
<violation beginline="53" endline="73" begincolumn="2" endcolumn="2" rule="JUnitTestContainsTooManyAsserts" ruleset="Best Practices" package="org.junit.jupiter.engine.execution" class="ExtensionContextTests" method="fromJupiterEngineDescriptor" externalInfoUrl="https://pmd.github.io/pmd/pmd_rules_java_bestpractices.html#junittestcontainstoomanyasserts" priority="3">
Unit tests should not contain more than 1 assert(s).
</violation>
<violation beginline="76" endline="99" begincolumn="2" endcolumn="2" rule="JUnitTestContainsTooManyAsserts" ruleset="Best Practices" package="org.junit.jupiter.engine.execution" class="ExtensionContextTests" method="fromClassTestDescriptor" externalInfoUrl="https://pmd.github.io/pmd/pmd_rules_java_bestpractices.html#junittestcontainstoomanyasserts" priority="3">
Unit tests should not contain more than 1 assert(s).
</violation>
<violation beginline="102" endline="122" begincolumn="2" endcolumn="2" rule="JUnitTestContainsTooManyAsserts" ruleset="Best Practices" package="org.junit.jupiter.engine.execution" class="ExtensionContextTests" method="tagsCanBeRetrievedInExtensionContext" externalInfoUrl="https://pmd.github.io/pmd/pmd_rules_java_bestpractices.html#junittestcontainstoomanyasserts" priority="3">
Unit tests should not contain more than 1 assert(s).
</violation>
<violation beginline="110" endline="110" begincolumn="63" endcolumn="73" rule="AvoidDuplicateLiterals" ruleset="Error Prone" package="org.junit.jupiter.engine.execution" class="ExtensionContextTests" method="tagsCanBeRetrievedInExtensionContext" externalInfoUrl="https://pmd.github.io/pmd/pmd_rules_java_errorprone.html#avoidduplicateliterals" priority="3">
The String literal "outer-tag" appears 4 times in this file; the first occurrence is on line 110
</violation>
<violation beginline="115" endline="115" begincolumn="3" endcolumn="12" rule="JUnitAssertionsShouldIncludeMessage" ruleset="Best Practices" package="org.junit.jupiter.engine.execution" class="ExtensionContextTests" method="tagsCanBeRetrievedInExtensionContext" externalInfoUrl="https://pmd.github.io/pmd/pmd_rules_java_bestpractices.html#junitassertionsshouldincludemessage" priority="3">
JUnit assertions should include a message
</violation>
<violation beginline="120" endline="120" begincolumn="3" endcolumn="12" rule="JUnitAssertionsShouldIncludeMessage" ruleset="Best Practices" package="org.junit.jupiter.engine.execution" class="ExtensionContextTests" method="tagsCanBeRetrievedInExtensionContext" externalInfoUrl="https://pmd.github.io/pmd/pmd_rules_java_bestpractices.html#junitassertionsshouldincludemessage" priority="3">
JUnit assertions should include a message
</violation>
<violation beginline="125" endline="155" begincolumn="2" endcolumn="2" rule="JUnitTestContainsTooManyAsserts" ruleset="Best Practices" package="org.junit.jupiter.engine.execution" class="ExtensionContextTests" method="fromMethodTestDescriptor" externalInfoUrl="https://pmd.github.io/pmd/pmd_rules_java_bestpractices.html#junittestcontainstoomanyasserts" priority="3">
Unit tests should not contain more than 1 assert(s).
</violation>
<violation beginline="158" endline="182" begincolumn="2" endcolumn="2" rule="JUnitTestContainsTooManyAsserts" ruleset="Best Practices" package="org.junit.jupiter.engine.execution" class="ExtensionContextTests" method="reportEntriesArePublishedToExecutionContext" externalInfoUrl="https://pmd.github.io/pmd/pmd_rules_java_bestpractices.html#junittestcontainstoomanyasserts" priority="3">
Unit tests should not contain more than 1 assert(s).
</violation>
<violation beginline="179" endline="179" begincolumn="3" endcolumn="14" rule="JUnitAssertionsShouldIncludeMessage" ruleset="Best Practices" package="org.junit.jupiter.engine.execution" class="ExtensionContextTests" method="reportEntriesArePublishedToExecutionContext" externalInfoUrl="https://pmd.github.io/pmd/pmd_rules_java_bestpractices.html#junitassertionsshouldincludemessage" priority="3">
JUnit assertions should include a message
</violation>
<violation beginline="180" endline="180" begincolumn="3" endcolumn="14" rule="JUnitAssertionsShouldIncludeMessage" ruleset="Best Practices" package="org.junit.jupiter.engine.execution" class="ExtensionContextTests" method="reportEntriesArePublishedToExecutionContext" externalInfoUrl="https://pmd.github.io/pmd/pmd_rules_java_bestpractices.html#junitassertionsshouldincludemessage" priority="3">
JUnit assertions should include a message
</violation>
<violation beginline="181" endline="181" begincolumn="3" endcolumn="14" rule="JUnitAssertionsShouldIncludeMessage" ruleset="Best Practices" package="org.junit.jupiter.engine.execution" class="ExtensionContextTests" method="reportEntriesArePublishedToExecutionContext" externalInfoUrl="https://pmd.github.io/pmd/pmd_rules_java_bestpractices.html#junitassertionsshouldincludemessage" priority="3">
JUnit assertions should include a message
</violation>
<violation beginline="185" endline="219" begincolumn="2" endcolumn="2" rule="JUnitTestContainsTooManyAsserts" ruleset="Best Practices" package="org.junit.jupiter.engine.execution" class="ExtensionContextTests" method="usingStore" externalInfoUrl="https://pmd.github.io/pmd/pmd_rules_java_bestpractices.html#junittestcontainstoomanyasserts" priority="3">
Unit tests should not contain more than 1 assert(s).
</violation>
<violation beginline="198" endline="198" begincolumn="3" endcolumn="14" rule="JUnitAssertionsShouldIncludeMessage" ruleset="Best Practices" package="org.junit.jupiter.engine.execution" class="ExtensionContextTests" method="usingStore" externalInfoUrl="https://pmd.github.io/pmd/pmd_rules_java_bestpractices.html#junitassertionsshouldincludemessage" priority="3">
JUnit assertions should include a message
</violation>
<violation beginline="199" endline="199" begincolumn="3" endcolumn="14" rule="JUnitAssertionsShouldIncludeMessage" ruleset="Best Practices" package="org.junit.jupiter.engine.execution" class="ExtensionContextTests" method="usingStore" externalInfoUrl="https://pmd.github.io/pmd/pmd_rules_java_bestpractices.html#junitassertionsshouldincludemessage" priority="3">
JUnit assertions should include a message
</violation>
<violation beginline="200" endline="200" begincolumn="3" endcolumn="12" rule="JUnitAssertionsShouldIncludeMessage" ruleset="Best Practices" package="org.junit.jupiter.engine.execution" class="ExtensionContextTests" method="usingStore" externalInfoUrl="https://pmd.github.io/pmd/pmd_rules_java_bestpractices.html#junitassertionsshouldincludemessage" priority="3">
JUnit assertions should include a message
</violation>
<violation beginline="203" endline="203" begincolumn="3" endcolumn="14" rule="JUnitAssertionsShouldIncludeMessage" ruleset="Best Practices" package="org.junit.jupiter.engine.execution" class="ExtensionContextTests" method="usingStore" externalInfoUrl="https://pmd.github.io/pmd/pmd_rules_java_bestpractices.html#junitassertionsshouldincludemessage" priority="3">
JUnit assertions should include a message
</violation>
<violation beginline="204" endline="204" begincolumn="3" endcolumn="14" rule="JUnitAssertionsShouldIncludeMessage" ruleset="Best Practices" package="org.junit.jupiter.engine.execution" class="ExtensionContextTests" method="usingStore" externalInfoUrl="https://pmd.github.io/pmd/pmd_rules_java_bestpractices.html#junitassertionsshouldincludemessage" priority="3">
JUnit assertions should include a message
</violation>
<violation beginline="205" endline="205" begincolumn="3" endcolumn="12" rule="JUnitAssertionsShouldIncludeMessage" ruleset="Best Practices" package="org.junit.jupiter.engine.execution" class="ExtensionContextTests" method="usingStore" externalInfoUrl="https://pmd.github.io/pmd/pmd_rules_java_bestpractices.html#junitassertionsshouldincludemessage" priority="3">
JUnit assertions should include a message
</violation>
<violation beginline="209" endline="209" begincolumn="3" endcolumn="14" rule="JUnitAssertionsShouldIncludeMessage" ruleset="Best Practices" package="org.junit.jupiter.engine.execution" class="ExtensionContextTests" method="usingStore" externalInfoUrl="https://pmd.github.io/pmd/pmd_rules_java_bestpractices.html#junitassertionsshouldincludemessage" priority="3">
JUnit assertions should include a message
</violation>
<violation beginline="210" endline="210" begincolumn="3" endcolumn="14" rule="JUnitAssertionsShouldIncludeMessage" ruleset="Best Practices" package="org.junit.jupiter.engine.execution" class="ExtensionContextTests" method="usingStore" externalInfoUrl="https://pmd.github.io/pmd/pmd_rules_java_bestpractices.html#junitassertionsshouldincludemessage" priority="3">
JUnit assertions should include a message
</violation>
<violation beginline="211" endline="211" begincolumn="3" endcolumn="14" rule="JUnitAssertionsShouldIncludeMessage" ruleset="Best Practices" package="org.junit.jupiter.engine.execution" class="ExtensionContextTests" method="usingStore" externalInfoUrl="https://pmd.github.io/pmd/pmd_rules_java_bestpractices.html#junitassertionsshouldincludemessage" priority="3">
JUnit assertions should include a message
</violation>
<violation beginline="212" endline="212" begincolumn="3" endcolumn="14" rule="JUnitAssertionsShouldIncludeMessage" ruleset="Best Practices" package="org.junit.jupiter.engine.execution" class="ExtensionContextTests" method="usingStore" externalInfoUrl="https://pmd.github.io/pmd/pmd_rules_java_bestpractices.html#junitassertionsshouldincludemessage" priority="3">
JUnit assertions should include a message
</violation>
<violation beginline="217" endline="217" begincolumn="3" endcolumn="14" rule="JUnitAssertionsShouldIncludeMessage" ruleset="Best Practices" package="org.junit.jupiter.engine.execution" class="ExtensionContextTests" method="usingStore" externalInfoUrl="https://pmd.github.io/pmd/pmd_rules_java_bestpractices.html#junitassertionsshouldincludemessage" priority="3">
JUnit assertions should include a message
</violation>
<violation beginline="218" endline="218" begincolumn="3" endcolumn="14" rule="JUnitAssertionsShouldIncludeMessage" ruleset="Best Practices" package="org.junit.jupiter.engine.execution" class="ExtensionContextTests" method="usingStore" externalInfoUrl="https://pmd.github.io/pmd/pmd_rules_java_bestpractices.html#junitassertionsshouldincludemessage" priority="3">
JUnit assertions should include a message
</violation>
<violation beginline="241" endline="241" begincolumn="14" endcolumn="29" rule="AvoidThrowingRawExceptionTypes" ruleset="Design" package="org.junit.jupiter.engine.execution" class="ExtensionContextTests" method="methodDescriptor" externalInfoUrl="https://pmd.github.io/pmd/pmd_rules_java_design.html#avoidthrowingrawexceptiontypes" priority="1">
Avoid throwing raw exception types.
</violation>
<violation beginline="252" endline="254" begincolumn="3" endcolumn="3" rule="DefaultPackage" ruleset="Code Style" package="org.junit.jupiter.engine.execution" class="ExtensionContextTests$OuterClass" externalInfoUrl="https://pmd.github.io/pmd/pmd_rules_java_codestyle.html#defaultpackage" priority="3">
Use explicit scoping instead of the default package private level
</violation>
<violation beginline="253" endline="254" begincolumn="18" endcolumn="3" rule="UncommentedEmptyMethodBody" ruleset="Documentation" package="org.junit.jupiter.engine.execution" class="ExtensionContextTests$OuterClass" method="aMethod" externalInfoUrl="https://pmd.github.io/pmd/pmd_rules_java_documentation.html#uncommentedemptymethodbody" priority="3">
Document empty method body
</violation>
</file>
<file name="C:\Users\Sokaina\Downloads\Versiones-Junit5\junit5-r5.0.2\junit-jupiter-engine\src\test\java\org\junit\jupiter\engine\execution\ExtensionStoreConcurrencyTests.java">
<violation beginline="32" endline="40" begincolumn="2" endcolumn="2" rule="JUnitTestsShouldIncludeAssert" ruleset="Best Practices" package="org.junit.jupiter.engine.execution" class="ExtensionStoreConcurrencyTests" method="concurrentAccessToDefaultStoreWithoutParentStore" externalInfoUrl="https://pmd.github.io/pmd/pmd_rules_java_bestpractices.html#junittestsshouldincludeassert" priority="3">
JUnit tests should include assert() or fail()
</violation>
</file>
<file name="C:\Users\Sokaina\Downloads\Versiones-Junit5\junit5-r5.0.2\junit-jupiter-engine\src\test\java\org\junit\jupiter\engine\execution\ExtensionValuesStoreTests.java">
<violation beginline="33" endline="33" begincolumn="23" endcolumn="25" rule="FinalFieldCouldBeStatic" ruleset="Design" package="org.junit.jupiter.engine.execution" class="ExtensionValuesStoreTests" variable="key" externalInfoUrl="https://pmd.github.io/pmd/pmd_rules_java_design.html#finalfieldcouldbestatic" priority="3">
This final field could be made static
</violation>
<violation beginline="34" endline="34" begincolumn="23" endcolumn="27" rule="FinalFieldCouldBeStatic" ruleset="Design" package="org.junit.jupiter.engine.execution" class="ExtensionValuesStoreTests" variable="value" externalInfoUrl="https://pmd.github.io/pmd/pmd_rules_java_design.html#finalfieldcouldbestatic" priority="3">
This final field could be made static
</violation>
<violation beginline="67" endline="71" begincolumn="3" endcolumn="3" rule="JUnitTestContainsTooManyAsserts" ruleset="Best Practices" package="org.junit.jupiter.engine.execution" class="ExtensionValuesStoreTests$StoringValuesTests" method="valueIsComputedIfAbsent" externalInfoUrl="https://pmd.github.io/pmd/pmd_rules_java_bestpractices.html#junittestcontainstoomanyasserts" priority="3">
Unit tests should not contain more than 1 assert(s).
</violation>
<violation beginline="74" endline="79" begincolumn="3" endcolumn="3" rule="JUnitTestContainsTooManyAsserts" ruleset="Best Practices" package="org.junit.jupiter.engine.execution" class="ExtensionValuesStoreTests$StoringValuesTests" method="valueIsNotComputedIfPresentLocally" externalInfoUrl="https://pmd.github.io/pmd/pmd_rules_java_bestpractices.html#junittestcontainstoomanyasserts" priority="3">
Unit tests should not contain more than 1 assert(s).
</violation>
<violation beginline="77" endline="77" begincolumn="79" endcolumn="97" rule="AvoidDuplicateLiterals" ruleset="Error Prone" package="org.junit.jupiter.engine.execution" class="ExtensionValuesStoreTests$StoringValuesTests" method="valueIsNotComputedIfPresentLocally" externalInfoUrl="https://pmd.github.io/pmd/pmd_rules_java_errorprone.html#avoidduplicateliterals" priority="3">
The String literal "a different value" appears 6 times in this file; the first occurrence is on line 77
</violation>
<violation beginline="82" endline="87" begincolumn="3" endcolumn="3" rule="JUnitTestContainsTooManyAsserts" ruleset="Best Practices" package="org.junit.jupiter.engine.execution" class="ExtensionValuesStoreTests$StoringValuesTests" method="valueIsNotComputedIfPresentInParent" externalInfoUrl="https://pmd.github.io/pmd/pmd_rules_java_bestpractices.html#junittestcontainstoomanyasserts" priority="3">
Unit tests should not contain more than 1 assert(s).
</violation>
<violation beginline="90" endline="95" begincolumn="3" endcolumn="3" rule="JUnitTestContainsTooManyAsserts" ruleset="Best Practices" package="org.junit.jupiter.engine.execution" class="ExtensionValuesStoreTests$StoringValuesTests" method="valueIsNotComputedIfPresentInGrandParent" externalInfoUrl="https://pmd.github.io/pmd/pmd_rules_java_bestpractices.html#junittestcontainstoomanyasserts" priority="3">
Unit tests should not contain more than 1 assert(s).
</violation>
<violation beginline="98" endline="103" begincolumn="3" endcolumn="3" rule="JUnitTestContainsTooManyAsserts" ruleset="Best Practices" package="org.junit.jupiter.engine.execution" class="ExtensionValuesStoreTests$StoringValuesTests" method="nullIsAValidValueToPut" externalInfoUrl="https://pmd.github.io/pmd/pmd_rules_java_bestpractices.html#junittestcontainstoomanyasserts" priority="3">
Unit tests should not contain more than 1 assert(s).
</violation>
<violation beginline="106" endline="113" begincolumn="3" endcolumn="3" rule="JUnitTestContainsTooManyAsserts" ruleset="Best Practices" package="org.junit.jupiter.engine.execution" class="ExtensionValuesStoreTests$StoringValuesTests" method="keysCanBeRemoved" externalInfoUrl="https://pmd.github.io/pmd/pmd_rules_java_bestpractices.html#junittestcontainstoomanyasserts" priority="3">
Unit tests should not contain more than 1 assert(s).
</violation>
<violation beginline="116" endline="128" begincolumn="3" endcolumn="3" rule="JUnitTestContainsTooManyAsserts" ruleset="Best Practices" package="org.junit.jupiter.engine.execution" class="ExtensionValuesStoreTests$StoringValuesTests" method="sameKeyWithDifferentNamespaces" externalInfoUrl="https://pmd.github.io/pmd/pmd_rules_java_bestpractices.html#junittestcontainstoomanyasserts" priority="3">
Unit tests should not contain more than 1 assert(s).
</violation>
<violation beginline="131" endline="139" begincolumn="3" endcolumn="3" rule="JUnitTestContainsTooManyAsserts" ruleset="Best Practices" package="org.junit.jupiter.engine.execution" class="ExtensionValuesStoreTests$StoringValuesTests" method="valueIsComputedIfAbsentInDifferentNamespace" externalInfoUrl="https://pmd.github.io/pmd/pmd_rules_java_bestpractices.html#junittestcontainstoomanyasserts" priority="3">
Unit tests should not contain more than 1 assert(s).
</violation>
<violation beginline="142" endline="155" begincolumn="3" endcolumn="3" rule="JUnitTestContainsTooManyAsserts" ruleset="Best Practices" package="org.junit.jupiter.engine.execution" class="ExtensionValuesStoreTests$StoringValuesTests" method="keyIsOnlyRemovedInGivenNamespace" externalInfoUrl="https://pmd.github.io/pmd/pmd_rules_java_bestpractices.html#junittestcontainstoomanyasserts" priority="3">
Unit tests should not contain more than 1 assert(s).
</violation>
<violation beginline="158" endline="167" begincolumn="3" endcolumn="3" rule="JUnitTestContainsTooManyAsserts" ruleset="Best Practices" package="org.junit.jupiter.engine.execution" class="ExtensionValuesStoreTests$StoringValuesTests" method="getWithTypeSafetyAndInvalidRequiredTypeThrowsException" externalInfoUrl="https://pmd.github.io/pmd/pmd_rules_java_bestpractices.html#junittestcontainstoomanyasserts" priority="3">
Unit tests should not contain more than 1 assert(s).
</violation>
<violation beginline="160" endline="160" begincolumn="19" endcolumn="26" rule="AvoidDuplicateLiterals" ruleset="Error Prone" package="org.junit.jupiter.engine.execution" class="ExtensionValuesStoreTests$StoringValuesTests" method="getWithTypeSafetyAndInvalidRequiredTypeThrowsException" externalInfoUrl="https://pmd.github.io/pmd/pmd_rules_java_errorprone.html#avoidduplicateliterals" priority="3">
The String literal "enigma" appears 9 times in this file; the first occurrence is on line 160
</violation>
<violation beginline="181" endline="191" begincolumn="3" endcolumn="3" rule="JUnitTestContainsTooManyAsserts" ruleset="Best Practices" package="org.junit.jupiter.engine.execution" class="ExtensionValuesStoreTests$StoringValuesTests" method="getWithTypeSafetyAndPrimitiveValueType" externalInfoUrl="https://pmd.github.io/pmd/pmd_rules_java_bestpractices.html#junittestcontainstoomanyasserts" priority="3">
Unit tests should not contain more than 1 assert(s).
</violation>
<violation beginline="203" endline="217" begincolumn="3" endcolumn="3" rule="JUnitTestContainsTooManyAsserts" ruleset="Best Practices" package="org.junit.jupiter.engine.execution" class="ExtensionValuesStoreTests$StoringValuesTests" method="getOrComputeIfAbsentWithTypeSafetyAndInvalidRequiredTypeThrowsException" externalInfoUrl="https://pmd.github.io/pmd/pmd_rules_java_bestpractices.html#junittestcontainstoomanyasserts" priority="3">
Unit tests should not contain more than 1 assert(s).
</violation>
<violation beginline="230" endline="239" begincolumn="3" endcolumn="3" rule="JUnitTestContainsTooManyAsserts" ruleset="Best Practices" package="org.junit.jupiter.engine.execution" class="ExtensionValuesStoreTests$StoringValuesTests" method="getOrComputeIfAbsentWithTypeSafetyAndPrimitiveValueType" externalInfoUrl="https://pmd.github.io/pmd/pmd_rules_java_bestpractices.html#junittestcontainstoomanyasserts" priority="3">
Unit tests should not contain more than 1 assert(s).
</violation>
<violation beginline="242" endline="251" begincolumn="3" endcolumn="3" rule="JUnitTestContainsTooManyAsserts" ruleset="Best Practices" package="org.junit.jupiter.engine.execution" class="ExtensionValuesStoreTests$StoringValuesTests" method="removeWithTypeSafetyAndInvalidRequiredTypeThrowsException" externalInfoUrl="https://pmd.github.io/pmd/pmd_rules_java_bestpractices.html#junittestcontainstoomanyasserts" priority="3">
Unit tests should not contain more than 1 assert(s).
</violation>
<violation beginline="254" endline="263" begincolumn="3" endcolumn="3" rule="JUnitTestContainsTooManyAsserts" ruleset="Best Practices" package="org.junit.jupiter.engine.execution" class="ExtensionValuesStoreTests$StoringValuesTests" method="removeWithTypeSafety" externalInfoUrl="https://pmd.github.io/pmd/pmd_rules_java_bestpractices.html#junittestcontainstoomanyasserts" priority="3">
Unit tests should not contain more than 1 assert(s).
</violation>
<violation beginline="266" endline="279" begincolumn="3" endcolumn="3" rule="JUnitTestContainsTooManyAsserts" ruleset="Best Practices" package="org.junit.jupiter.engine.execution" class="ExtensionValuesStoreTests$StoringValuesTests" method="removeWithTypeSafetyAndPrimitiveValueType" externalInfoUrl="https://pmd.github.io/pmd/pmd_rules_java_bestpractices.html#junittestcontainstoomanyasserts" priority="3">
Unit tests should not contain more than 1 assert(s).
</violation>
<violation beginline="282" endline="290" begincolumn="3" endcolumn="3" rule="JUnitTestContainsTooManyAsserts" ruleset="Best Practices" package="org.junit.jupiter.engine.execution" class="ExtensionValuesStoreTests$StoringValuesTests" method="removeNullValueWithTypeSafety" externalInfoUrl="https://pmd.github.io/pmd/pmd_rules_java_bestpractices.html#junittestcontainstoomanyasserts" priority="3">
Unit tests should not contain more than 1 assert(s).
</violation>
<violation beginline="304" endline="312" begincolumn="3" endcolumn="3" rule="JUnitTestContainsTooManyAsserts" ruleset="Best Practices" package="org.junit.jupiter.engine.execution" class="ExtensionValuesStoreTests$InheritedValuesTests" method="valueFromParentCanBeOverriddenInChild" externalInfoUrl="https://pmd.github.io/pmd/pmd_rules_java_bestpractices.html#junittestcontainstoomanyasserts" priority="3">
Unit tests should not contain more than 1 assert(s).
</violation>
<violation beginline="320" endline="320" begincolumn="37" endcolumn="43" rule="AvoidDuplicateLiterals" ruleset="Error Prone" package="org.junit.jupiter.engine.execution" class="ExtensionValuesStoreTests$CompositeNamespaceTests" method="namespacesEqualForSamePartsSequence" externalInfoUrl="https://pmd.github.io/pmd/pmd_rules_java_errorprone.html#avoidduplicateliterals" priority="3">
The String literal "part1" appears 7 times in this file; the first occurrence is on line 320
</violation>
<violation beginline="320" endline="320" begincolumn="46" endcolumn="52" rule="AvoidDuplicateLiterals" ruleset="Error Prone" package="org.junit.jupiter.engine.execution" class="ExtensionValuesStoreTests$CompositeNamespaceTests" method="namespacesEqualForSamePartsSequence" externalInfoUrl="https://pmd.github.io/pmd/pmd_rules_java_errorprone.html#avoidduplicateliterals" priority="3">
The String literal "part2" appears 6 times in this file; the first occurrence is on line 320
</violation>
<violation beginline="335" endline="349" begincolumn="3" endcolumn="3" rule="JUnitTestContainsTooManyAsserts" ruleset="Best Practices" package="org.junit.jupiter.engine.execution" class="ExtensionValuesStoreTests$CompositeNamespaceTests" method="additionNamespacePartMakesADifferenc" externalInfoUrl="https://pmd.github.io/pmd/pmd_rules_java_bestpractices.html#junittestcontainstoomanyasserts" priority="3">
Unit tests should not contain more than 1 assert(s).
</violation>
</file>
<file name="C:\Users\Sokaina\Downloads\Versiones-Junit5\junit5-r5.0.2\junit-jupiter-engine\src\test\java\org\junit\jupiter\engine\execution\JUnit5EngineExecutionContextTests.java">
<violation beginline="42" endline="46" begincolumn="2" endcolumn="2" rule="JUnitTestContainsTooManyAsserts" ruleset="Best Practices" package="org.junit.jupiter.engine.execution" class="JupiterEngineExecutionContextTests" method="executionListenerIsHandedOnWhenContextIsExtended" externalInfoUrl="https://pmd.github.io/pmd/pmd_rules_java_bestpractices.html#junittestcontainstoomanyasserts" priority="3">
Unit tests should not contain more than 1 assert(s).
</violation>
<violation beginline="43" endline="43" begincolumn="3" endcolumn="12" rule="JUnitAssertionsShouldIncludeMessage" ruleset="Best Practices" package="org.junit.jupiter.engine.execution" class="JupiterEngineExecutionContextTests" method="executionListenerIsHandedOnWhenContextIsExtended" externalInfoUrl="https://pmd.github.io/pmd/pmd_rules_java_bestpractices.html#junitassertionsshouldincludemessage" priority="3">
JUnit assertions should include a message
</violation>
<violation beginline="45" endline="45" begincolumn="3" endcolumn="12" rule="JUnitAssertionsShouldIncludeMessage" ruleset="Best Practices" package="org.junit.jupiter.engine.execution" class="JupiterEngineExecutionContextTests" method="executionListenerIsHandedOnWhenContextIsExtended" externalInfoUrl="https://pmd.github.io/pmd/pmd_rules_java_bestpractices.html#junitassertionsshouldincludemessage" priority="3">
JUnit assertions should include a message
</violation>
<violation beginline="49" endline="62" begincolumn="2" endcolumn="2" rule="JUnitTestContainsTooManyAsserts" ruleset="Best Practices" package="org.junit.jupiter.engine.execution" class="JupiterEngineExecutionContextTests" method="extendWithAllAttributes" externalInfoUrl="https://pmd.github.io/pmd/pmd_rules_java_bestpractices.html#junittestcontainstoomanyasserts" priority="3">
Unit tests should not contain more than 1 assert(s).
</violation>
<violation beginline="59" endline="59" begincolumn="3" endcolumn="12" rule="JUnitAssertionsShouldIncludeMessage" ruleset="Best Practices" package="org.junit.jupiter.engine.execution" class="JupiterEngineExecutionContextTests" method="extendWithAllAttributes" externalInfoUrl="https://pmd.github.io/pmd/pmd_rules_java_bestpractices.html#junitassertionsshouldincludemessage" priority="3">
JUnit assertions should include a message
</violation>
<violation beginline="60" endline="60" begincolumn="3" endcolumn="12" rule="JUnitAssertionsShouldIncludeMessage" ruleset="Best Practices" package="org.junit.jupiter.engine.execution" class="JupiterEngineExecutionContextTests" method="extendWithAllAttributes" externalInfoUrl="https://pmd.github.io/pmd/pmd_rules_java_bestpractices.html#junitassertionsshouldincludemessage" priority="3">
JUnit assertions should include a message
</violation>
<violation beginline="61" endline="61" begincolumn="3" endcolumn="12" rule="JUnitAssertionsShouldIncludeMessage" ruleset="Best Practices" package="org.junit.jupiter.engine.execution" class="JupiterEngineExecutionContextTests" method="extendWithAllAttributes" externalInfoUrl="https://pmd.github.io/pmd/pmd_rules_java_bestpractices.html#junitassertionsshouldincludemessage" priority="3">
JUnit assertions should include a message
</violation>
<violation beginline="65" endline="83" begincolumn="2" endcolumn="2" rule="JUnitTestContainsTooManyAsserts" ruleset="Best Practices" package="org.junit.jupiter.engine.execution" class="JupiterEngineExecutionContextTests" method="canOverrideAttributeWhenContextIsExtended" externalInfoUrl="https://pmd.github.io/pmd/pmd_rules_java_bestpractices.html#junittestcontainstoomanyasserts" priority="3">
Unit tests should not contain more than 1 assert(s).
</violation>
<violation beginline="80" endline="80" begincolumn="3" endcolumn="12" rule="JUnitAssertionsShouldIncludeMessage" ruleset="Best Practices" package="org.junit.jupiter.engine.execution" class="JupiterEngineExecutionContextTests" method="canOverrideAttributeWhenContextIsExtended" externalInfoUrl="https://pmd.github.io/pmd/pmd_rules_java_bestpractices.html#junitassertionsshouldincludemessage" priority="3">
JUnit assertions should include a message
</violation>
<violation beginline="81" endline="81" begincolumn="3" endcolumn="12" rule="JUnitAssertionsShouldIncludeMessage" ruleset="Best Practices" package="org.junit.jupiter.engine.execution" class="JupiterEngineExecutionContextTests" method="canOverrideAttributeWhenContextIsExtended" externalInfoUrl="https://pmd.github.io/pmd/pmd_rules_java_bestpractices.html#junitassertionsshouldincludemessage" priority="3">
JUnit assertions should include a message
</violation>
<violation beginline="82" endline="82" begincolumn="3" endcolumn="12" rule="JUnitAssertionsShouldIncludeMessage" ruleset="Best Practices" package="org.junit.jupiter.engine.execution" class="JupiterEngineExecutionContextTests" method="canOverrideAttributeWhenContextIsExtended" externalInfoUrl="https://pmd.github.io/pmd/pmd_rules_java_bestpractices.html#junitassertionsshouldincludemessage" priority="3">
JUnit assertions should include a message
</violation>
</file>
<file name="C:\Users\Sokaina\Downloads\Versiones-Junit5\junit5-r5.0.2\junit-jupiter-engine\src\test\java\org\junit\jupiter\engine\execution\UniqueIdParsingForArrayParameterIntegrationTests.java">
<violation beginline="38" endline="56" begincolumn="2" endcolumn="2" rule="JUnitTestContainsTooManyAsserts" ruleset="Best Practices" package="org.junit.jupiter.engine.execution" class="UniqueIdParsingForArrayParameterIntegrationTests" method="executeTestsForPrimitiveArrayMethodInjectionCases" externalInfoUrl="https://pmd.github.io/pmd/pmd_rules_java_bestpractices.html#junittestcontainstoomanyasserts" priority="3">
Unit tests should not contain more than 1 assert(s).
</violation>
<violation beginline="63" endline="63" begincolumn="4" endcolumn="20" rule="JUnitAssertionsShouldIncludeMessage" ruleset="Best Practices" package="org.junit.jupiter.engine.execution" class="UniqueIdParsingForArrayParameterIntegrationTests$PrimitiveArrayMethodInjectionTestCase" method="primitiveArray" externalInfoUrl="https://pmd.github.io/pmd/pmd_rules_java_bestpractices.html#junitassertionsshouldincludemessage" priority="3">
JUnit assertions should include a message
</violation>
</file>
<file name="C:\Users\Sokaina\Downloads\Versiones-Junit5\junit5-r5.0.2\junit-jupiter-engine\src\test\java\org\junit\jupiter\engine\extension\BeforeAndAfterAllTests.java">
<violation beginline="11" endline="391" begincolumn="1" endcolumn="2" rule="TooManyStaticImports" ruleset="Code Style" package="org.junit.jupiter.engine.extension" class="BeforeAndAfterAllTests" externalInfoUrl="https://pmd.github.io/pmd/pmd_rules_java_codestyle.html#toomanystaticimports" priority="3">
Too many static imports may lead to messy code
</violation>
<violation beginline="48" endline="62" begincolumn="2" endcolumn="2" rule="JUnitTestContainsTooManyAsserts" ruleset="Best Practices" package="org.junit.jupiter.engine.extension" class="BeforeAndAfterAllTests" method="beforeAllAndAfterAllCallbacks" externalInfoUrl="https://pmd.github.io/pmd/pmd_rules_java_bestpractices.html#junittestcontainstoomanyasserts" priority="3">
Unit tests should not contain more than 1 assert(s).
</violation>
<violation beginline="51" endline="51" begincolumn="4" endcolumn="25" rule="AvoidDuplicateLiterals" ruleset="Error Prone" package="org.junit.jupiter.engine.extension" class="BeforeAndAfterAllTests" method="beforeAllAndAfterAllCallbacks" externalInfoUrl="https://pmd.github.io/pmd/pmd_rules_java_errorprone.html#avoidduplicateliterals" priority="3">
The String literal "fooBeforeAllCallback" appears 7 times in this file; the first occurrence is on line 51
</violation>
<violation beginline="52" endline="52" begincolumn="4" endcolumn="25" rule="AvoidDuplicateLiterals" ruleset="Error Prone" package="org.junit.jupiter.engine.extension" class="BeforeAndAfterAllTests" method="beforeAllAndAfterAllCallbacks" externalInfoUrl="https://pmd.github.io/pmd/pmd_rules_java_errorprone.html#avoidduplicateliterals" priority="3">
The String literal "barBeforeAllCallback" appears 5 times in this file; the first occurrence is on line 52
</violation>
<violation beginline="53" endline="53" begincolumn="5" endcolumn="23" rule="AvoidDuplicateLiterals" ruleset="Error Prone" package="org.junit.jupiter.engine.extension" class="BeforeAndAfterAllTests" method="beforeAllAndAfterAllCallbacks" externalInfoUrl="https://pmd.github.io/pmd/pmd_rules_java_errorprone.html#avoidduplicateliterals" priority="3">
The String literal "beforeAllMethod-1" appears 4 times in this file; the first occurrence is on line 53
</violation>
<violation beginline="55" endline="55" begincolumn="5" endcolumn="22" rule="AvoidDuplicateLiterals" ruleset="Error Prone" package="org.junit.jupiter.engine.extension" class="BeforeAndAfterAllTests" method="beforeAllAndAfterAllCallbacks" externalInfoUrl="https://pmd.github.io/pmd/pmd_rules_java_errorprone.html#avoidduplicateliterals" priority="3">
The String literal "afterAllMethod-1" appears 4 times in this file; the first occurrence is on line 55
</violation>
<violation beginline="56" endline="56" begincolumn="4" endcolumn="24" rule="AvoidDuplicateLiterals" ruleset="Error Prone" package="org.junit.jupiter.engine.extension" class="BeforeAndAfterAllTests" method="beforeAllAndAfterAllCallbacks" externalInfoUrl="https://pmd.github.io/pmd/pmd_rules_java_errorprone.html#avoidduplicateliterals" priority="3">
The String literal "barAfterAllCallback" appears 5 times in this file; the first occurrence is on line 56
</violation>
<violation beginline="57" endline="57" begincolumn="4" endcolumn="24" rule="AvoidDuplicateLiterals" ruleset="Error Prone" package="org.junit.jupiter.engine.extension" class="BeforeAndAfterAllTests" method="beforeAllAndAfterAllCallbacks" externalInfoUrl="https://pmd.github.io/pmd/pmd_rules_java_errorprone.html#avoidduplicateliterals" priority="3">
The String literal "fooAfterAllCallback" appears 7 times in this file; the first occurrence is on line 57
</violation>
<violation beginline="65" endline="83" begincolumn="2" endcolumn="2" rule="JUnitTestContainsTooManyAsserts" ruleset="Best Practices" package="org.junit.jupiter.engine.extension" class="BeforeAndAfterAllTests" method="beforeAllAndAfterAllCallbacksInSubclass" externalInfoUrl="https://pmd.github.io/pmd/pmd_rules_java_bestpractices.html#junittestcontainstoomanyasserts" priority="3">
Unit tests should not contain more than 1 assert(s).
</violation>
<violation beginline="70" endline="70" begincolumn="5" endcolumn="26" rule="AvoidDuplicateLiterals" ruleset="Error Prone" package="org.junit.jupiter.engine.extension" class="BeforeAndAfterAllTests" method="beforeAllAndAfterAllCallbacksInSubclass" externalInfoUrl="https://pmd.github.io/pmd/pmd_rules_java_errorprone.html#avoidduplicateliterals" priority="3">
The String literal "bazBeforeAllCallback" appears 4 times in this file; the first occurrence is on line 70
</violation>
<violation beginline="76" endline="76" begincolumn="5" endcolumn="25" rule="AvoidDuplicateLiterals" ruleset="Error Prone" package="org.junit.jupiter.engine.extension" class="BeforeAndAfterAllTests" method="beforeAllAndAfterAllCallbacksInSubclass" externalInfoUrl="https://pmd.github.io/pmd/pmd_rules_java_errorprone.html#avoidduplicateliterals" priority="3">
The String literal "bazAfterAllCallback" appears 4 times in this file; the first occurrence is on line 76
</violation>
<violation beginline="86" endline="108" begincolumn="2" endcolumn="2" rule="JUnitTestContainsTooManyAsserts" ruleset="Best Practices" package="org.junit.jupiter.engine.extension" class="BeforeAndAfterAllTests" method="beforeAllAndAfterAllCallbacksInSubSubclass" externalInfoUrl="https://pmd.github.io/pmd/pmd_rules_java_bestpractices.html#junittestcontainstoomanyasserts" priority="3">
Unit tests should not contain more than 1 assert(s).
</violation>
<violation beginline="95" endline="95" begincolumn="9" endcolumn="27" rule="AvoidDuplicateLiterals" ruleset="Error Prone" package="org.junit.jupiter.engine.extension" class="BeforeAndAfterAllTests" method="beforeAllAndAfterAllCallbacksInSubSubclass" externalInfoUrl="https://pmd.github.io/pmd/pmd_rules_java_errorprone.html#avoidduplicateliterals" priority="3">
The String literal "beforeAllMethod-3" appears 4 times in this file; the first occurrence is on line 95
</violation>
<violation beginline="96" endline="96" begincolumn="10" endcolumn="17" rule="AvoidDuplicateLiterals" ruleset="Error Prone" package="org.junit.jupiter.engine.extension" class="BeforeAndAfterAllTests" method="beforeAllAndAfterAllCallbacksInSubSubclass" externalInfoUrl="https://pmd.github.io/pmd/pmd_rules_java_errorprone.html#avoidduplicateliterals" priority="3">
The String literal "test-3" appears 4 times in this file; the first occurrence is on line 96
</violation>
<violation beginline="97" endline="97" begincolumn="9" endcolumn="26" rule="AvoidDuplicateLiterals" ruleset="Error Prone" package="org.junit.jupiter.engine.extension" class="BeforeAndAfterAllTests" method="beforeAllAndAfterAllCallbacksInSubSubclass" externalInfoUrl="https://pmd.github.io/pmd/pmd_rules_java_errorprone.html#avoidduplicateliterals" priority="3">
The String literal "afterAllMethod-3" appears 4 times in this file; the first occurrence is on line 97
</violation>
<violation beginline="111" endline="135" begincolumn="2" endcolumn="2" rule="JUnitTestContainsTooManyAsserts" ruleset="Best Practices" package="org.junit.jupiter.engine.extension" class="BeforeAndAfterAllTests" method="beforeAllAndAfterAllCallbacksInSubSubclassWithStaticMethodHiding" externalInfoUrl="https://pmd.github.io/pmd/pmd_rules_java_bestpractices.html#junittestcontainstoomanyasserts" priority="3">
Unit tests should not contain more than 1 assert(s).
</violation>
<violation beginline="138" endline="150" begincolumn="2" endcolumn="2" rule="JUnitTestContainsTooManyAsserts" ruleset="Best Practices" package="org.junit.jupiter.engine.extension" class="BeforeAndAfterAllTests" method="beforeAllMethodThrowsAnException" externalInfoUrl="https://pmd.github.io/pmd/pmd_rules_java_bestpractices.html#junittestcontainstoomanyasserts" priority="3">
Unit tests should not contain more than 1 assert(s).
</violation>
<violation beginline="153" endline="166" begincolumn="2" endcolumn="2" rule="JUnitTestContainsTooManyAsserts" ruleset="Best Practices" package="org.junit.jupiter.engine.extension" class="BeforeAndAfterAllTests" method="beforeAllCallbackThrowsAnException" externalInfoUrl="https://pmd.github.io/pmd/pmd_rules_java_bestpractices.html#junittestcontainstoomanyasserts" priority="3">
Unit tests should not contain more than 1 assert(s).
</violation>
<violation beginline="202" endline="204" begincolumn="3" endcolumn="3" rule="JUnitTestsShouldIncludeAssert" ruleset="Best Practices" package="org.junit.jupiter.engine.extension" class="BeforeAndAfterAllTests$TopLevelTestCase" method="test" externalInfoUrl="https://pmd.github.io/pmd/pmd_rules_java_bestpractices.html#junittestsshouldincludeassert" priority="3">
JUnit tests should include assert() or fail()
</violation>
<violation beginline="223" endline="225" begincolumn="3" endcolumn="3" rule="JUnitTestsShouldIncludeAssert" ruleset="Best Practices" package="org.junit.jupiter.engine.extension" class="BeforeAndAfterAllTests$SecondLevelTestCase" method="test" externalInfoUrl="https://pmd.github.io/pmd/pmd_rules_java_bestpractices.html#junittestsshouldincludeassert" priority="3">
JUnit tests should include assert() or fail()
</violation>
<violation beginline="243" endline="245" begincolumn="3" endcolumn="3" rule="JUnitTestsShouldIncludeAssert" ruleset="Best Practices" package="org.junit.jupiter.engine.extension" class="BeforeAndAfterAllTests$ThirdLevelTestCase" method="test" externalInfoUrl="https://pmd.github.io/pmd/pmd_rules_java_bestpractices.html#junittestsshouldincludeassert" priority="3">
JUnit tests should include assert() or fail()
</violation>
<violation beginline="283" endline="285" begincolumn="3" endcolumn="3" rule="JUnitTestsShouldIncludeAssert" ruleset="Best Practices" package="org.junit.jupiter.engine.extension" class="BeforeAndAfterAllTests$ThirdLevelStaticHidingTestCase" method="test" externalInfoUrl="https://pmd.github.io/pmd/pmd_rules_java_bestpractices.html#junittestsshouldincludeassert" priority="3">
JUnit tests should include assert() or fail()
</violation>
<violation beginline="298" endline="300" begincolumn="3" endcolumn="3" rule="JUnitTestsShouldIncludeAssert" ruleset="Best Practices" package="org.junit.jupiter.engine.extension" class="BeforeAndAfterAllTests$ExceptionInBeforeAllMethodTestCase" method="test" externalInfoUrl="https://pmd.github.io/pmd/pmd_rules_java_bestpractices.html#junittestsshouldincludeassert" priority="3">
JUnit tests should include assert() or fail()
</violation>
<violation beginline="317" endline="319" begincolumn="3" endcolumn="3" rule="JUnitTestsShouldIncludeAssert" ruleset="Best Practices" package="org.junit.jupiter.engine.extension" class="BeforeAndAfterAllTests$ExceptionInBeforeAllCallbackTestCase" method="test" externalInfoUrl="https://pmd.github.io/pmd/pmd_rules_java_bestpractices.html#junittestsshouldincludeassert" priority="3">
JUnit tests should include assert() or fail()
</violation>
</file>
<file name="C:\Users\Sokaina\Downloads\Versiones-Junit5\junit5-r5.0.2\junit-jupiter-engine\src\test\java\org\junit\jupiter\engine\extension\BeforeAndAfterEachTests.java">
<violation beginline="11" endline="548" begincolumn="1" endcolumn="2" rule="TooManyStaticImports" ruleset="Code Style" package="org.junit.jupiter.engine.extension" class="BeforeAndAfterEachTests" externalInfoUrl="https://pmd.github.io/pmd/pmd_rules_java_codestyle.html#toomanystaticimports" priority="3">
Too many static imports may lead to messy code
</violation>
<violation beginline="58" endline="96" begincolumn="2" endcolumn="2" rule="JUnitTestContainsTooManyAsserts" ruleset="Best Practices" package="org.junit.jupiter.engine.extension" class="BeforeAndAfterEachTests" method="beforeEachAndAfterEachCallbacks" externalInfoUrl="https://pmd.github.io/pmd/pmd_rules_java_bestpractices.html#junittestcontainstoomanyasserts" priority="3">
Unit tests should not contain more than 1 assert(s).
</violation>
<violation beginline="63" endline="63" begincolumn="56" endcolumn="72" rule="AvoidDuplicateLiterals" ruleset="Error Prone" package="org.junit.jupiter.engine.extension" class="BeforeAndAfterEachTests" method="beforeEachAndAfterEachCallbacks" externalInfoUrl="https://pmd.github.io/pmd/pmd_rules_java_errorprone.html#avoidduplicateliterals" priority="3">
The String literal "# tests started" appears 8 times in this file; the first occurrence is on line 63
</violation>
<violation beginline="64" endline="64" begincolumn="59" endcolumn="77" rule="AvoidDuplicateLiterals" ruleset="Error Prone" package="org.junit.jupiter.engine.extension" class="BeforeAndAfterEachTests" method="beforeEachAndAfterEachCallbacks" externalInfoUrl="https://pmd.github.io/pmd/pmd_rules_java_errorprone.html#avoidduplicateliterals" priority="3">
The String literal "# tests succeeded" appears 8 times in this file; the first occurrence is on line 64
</violation>
<violation beginline="65" endline="65" begincolumn="56" endcolumn="72" rule="AvoidDuplicateLiterals" ruleset="Error Prone" package="org.junit.jupiter.engine.extension" class="BeforeAndAfterEachTests" method="beforeEachAndAfterEachCallbacks" externalInfoUrl="https://pmd.github.io/pmd/pmd_rules_java_errorprone.html#avoidduplicateliterals" priority="3">
The String literal "# tests skipped" appears 8 times in this file; the first occurrence is on line 65
</violation>
<violation beginline="66" endline="66" begincolumn="56" endcolumn="72" rule="AvoidDuplicateLiterals" ruleset="Error Prone" package="org.junit.jupiter.engine.extension" class="BeforeAndAfterEachTests" method="beforeEachAndAfterEachCallbacks" externalInfoUrl="https://pmd.github.io/pmd/pmd_rules_java_errorprone.html#avoidduplicateliterals" priority="3">
The String literal "# tests aborted" appears 8 times in this file; the first occurrence is on line 66
</violation>
<violation beginline="67" endline="67" begincolumn="55" endcolumn="70" rule="AvoidDuplicateLiterals" ruleset="Error Prone" package="org.junit.jupiter.engine.extension" class="BeforeAndAfterEachTests" method="beforeEachAndAfterEachCallbacks" externalInfoUrl="https://pmd.github.io/pmd/pmd_rules_java_errorprone.html#avoidduplicateliterals" priority="3">
The String literal "# tests failed" appears 8 times in this file; the first occurrence is on line 67
</violation>
<violation beginline="73" endline="73" begincolumn="4" endcolumn="26" rule="AvoidDuplicateLiterals" ruleset="Error Prone" package="org.junit.jupiter.engine.extension" class="BeforeAndAfterEachTests" method="beforeEachAndAfterEachCallbacks" externalInfoUrl="https://pmd.github.io/pmd/pmd_rules_java_errorprone.html#avoidduplicateliterals" priority="3">
The String literal "fooBeforeEachCallback" appears 12 times in this file; the first occurrence is on line 73
</violation>
<violation beginline="74" endline="74" begincolumn="4" endcolumn="26" rule="AvoidDuplicateLiterals" ruleset="Error Prone" package="org.junit.jupiter.engine.extension" class="BeforeAndAfterEachTests" method="beforeEachAndAfterEachCallbacks" externalInfoUrl="https://pmd.github.io/pmd/pmd_rules_java_errorprone.html#avoidduplicateliterals" priority="3">
The String literal "barBeforeEachCallback" appears 7 times in this file; the first occurrence is on line 74
</violation>
<violation beginline="75" endline="75" begincolumn="5" endcolumn="22" rule="AvoidDuplicateLiterals" ruleset="Error Prone" package="org.junit.jupiter.engine.extension" class="BeforeAndAfterEachTests" method="beforeEachAndAfterEachCallbacks" externalInfoUrl="https://pmd.github.io/pmd/pmd_rules_java_errorprone.html#avoidduplicateliterals" priority="3">
The String literal "beforeEachMethod" appears 10 times in this file; the first occurrence is on line 75
</violation>
<violation beginline="77" endline="77" begincolumn="5" endcolumn="21" rule="AvoidDuplicateLiterals" ruleset="Error Prone" package="org.junit.jupiter.engine.extension" class="BeforeAndAfterEachTests" method="beforeEachAndAfterEachCallbacks" externalInfoUrl="https://pmd.github.io/pmd/pmd_rules_java_errorprone.html#avoidduplicateliterals" priority="3">
The String literal "afterEachMethod" appears 13 times in this file; the first occurrence is on line 77
</violation>
<violation beginline="78" endline="78" begincolumn="4" endcolumn="25" rule="AvoidDuplicateLiterals" ruleset="Error Prone" package="org.junit.jupiter.engine.extension" class="BeforeAndAfterEachTests" method="beforeEachAndAfterEachCallbacks" externalInfoUrl="https://pmd.github.io/pmd/pmd_rules_java_errorprone.html#avoidduplicateliterals" priority="3">
The String literal "barAfterEachCallback" appears 8 times in this file; the first occurrence is on line 78
</violation>
<violation beginline="79" endline="79" begincolumn="4" endcolumn="25" rule="AvoidDuplicateLiterals" ruleset="Error Prone" package="org.junit.jupiter.engine.extension" class="BeforeAndAfterEachTests" method="beforeEachAndAfterEachCallbacks" externalInfoUrl="https://pmd.github.io/pmd/pmd_rules_java_errorprone.html#avoidduplicateliterals" priority="3">
The String literal "fooAfterEachCallback" appears 12 times in this file; the first occurrence is on line 79
</violation>
<violation beginline="94" endline="94" begincolumn="21" endcolumn="41" rule="AvoidDuplicateLiterals" ruleset="Error Prone" package="org.junit.jupiter.engine.extension" class="BeforeAndAfterEachTests" method="beforeEachAndAfterEachCallbacks" externalInfoUrl="https://pmd.github.io/pmd/pmd_rules_java_errorprone.html#avoidduplicateliterals" priority="3">
The String literal "wrong call sequence" appears 8 times in this file; the first occurrence is on line 94
</violation>
<violation beginline="99" endline="119" begincolumn="2" endcolumn="2" rule="JUnitTestContainsTooManyAsserts" ruleset="Best Practices" package="org.junit.jupiter.engine.extension" class="BeforeAndAfterEachTests" method="beforeEachAndAfterEachCallbacksDeclaredOnSuperclassAndSubclass" externalInfoUrl="https://pmd.github.io/pmd/pmd_rules_java_bestpractices.html#junittestcontainstoomanyasserts" priority="3">
Unit tests should not contain more than 1 assert(s).
</violation>
<violation beginline="122" endline="152" begincolumn="2" endcolumn="2" rule="JUnitTestContainsTooManyAsserts" ruleset="Best Practices" package="org.junit.jupiter.engine.extension" class="BeforeAndAfterEachTests" method="beforeEachAndAfterEachCallbacksDeclaredOnInterfaceAndClass" externalInfoUrl="https://pmd.github.io/pmd/pmd_rules_java_bestpractices.html#junittestcontainstoomanyasserts" priority="3">
Unit tests should not contain more than 1 assert(s).
</violation>
<violation beginline="155" endline="181" begincolumn="2" endcolumn="2" rule="JUnitTestContainsTooManyAsserts" ruleset="Best Practices" package="org.junit.jupiter.engine.extension" class="BeforeAndAfterEachTests" method="beforeEachCallbackThrowsAnException" externalInfoUrl="https://pmd.github.io/pmd/pmd_rules_java_bestpractices.html#junittestcontainstoomanyasserts" priority="3">
Unit tests should not contain more than 1 assert(s).
</violation>
<violation beginline="184" endline="210" begincolumn="2" endcolumn="2" rule="JUnitTestContainsTooManyAsserts" ruleset="Best Practices" package="org.junit.jupiter.engine.extension" class="BeforeAndAfterEachTests" method="afterEachCallbackThrowsAnException" externalInfoUrl="https://pmd.github.io/pmd/pmd_rules_java_bestpractices.html#junittestcontainstoomanyasserts" priority="3">
Unit tests should not contain more than 1 assert(s).
</violation>
<violation beginline="201" endline="201" begincolumn="6" endcolumn="11" rule="AvoidDuplicateLiterals" ruleset="Error Prone" package="org.junit.jupiter.engine.extension" class="BeforeAndAfterEachTests" method="afterEachCallbackThrowsAnException" externalInfoUrl="https://pmd.github.io/pmd/pmd_rules_java_errorprone.html#avoidduplicateliterals" priority="3">
The String literal "test" appears 8 times in this file; the first occurrence is on line 201
</violation>
<violation beginline="213" endline="255" begincolumn="2" endcolumn="2" rule="JUnitTestContainsTooManyAsserts" ruleset="Best Practices" package="org.junit.jupiter.engine.extension" class="BeforeAndAfterEachTests" method="beforeEachMethodThrowsAnException" externalInfoUrl="https://pmd.github.io/pmd/pmd_rules_java_bestpractices.html#junittestcontainstoomanyasserts" priority="3">
Unit tests should not contain more than 1 assert(s).
</violation>
<violation beginline="234" endline="234" begincolumn="5" endcolumn="23" rule="AvoidDuplicateLiterals" ruleset="Error Prone" package="org.junit.jupiter.engine.extension" class="BeforeAndAfterEachTests" method="beforeEachMethodThrowsAnException" externalInfoUrl="https://pmd.github.io/pmd/pmd_rules_java_errorprone.html#avoidduplicateliterals" priority="3">
The String literal "beforeEachMethod1" appears 5 times in this file; the first occurrence is on line 234
</violation>
<violation beginline="250" endline="250" begincolumn="27" endcolumn="89" rule="LiteralsFirstInComparisons" ruleset="Best Practices" package="org.junit.jupiter.engine.extension" class="BeforeAndAfterEachTests" method="beforeEachMethodThrowsAnException" externalInfoUrl="https://pmd.github.io/pmd/pmd_rules_java_bestpractices.html#literalsfirstincomparisons" priority="3">
Position literals first in String comparisons
</violation>
<violation beginline="258" endline="281" begincolumn="2" endcolumn="2" rule="JUnitTestContainsTooManyAsserts" ruleset="Best Practices" package="org.junit.jupiter.engine.extension" class="BeforeAndAfterEachTests" method="afterEachMethodThrowsAnException" externalInfoUrl="https://pmd.github.io/pmd/pmd_rules_java_bestpractices.html#junittestcontainstoomanyasserts" priority="3">
Unit tests should not contain more than 1 assert(s).
</violation>
<violation beginline="284" endline="307" begincolumn="2" endcolumn="2" rule="JUnitTestContainsTooManyAsserts" ruleset="Best Practices" package="org.junit.jupiter.engine.extension" class="BeforeAndAfterEachTests" method="testMethodThrowsAnException" externalInfoUrl="https://pmd.github.io/pmd/pmd_rules_java_bestpractices.html#junittestcontainstoomanyasserts" priority="3">
Unit tests should not contain more than 1 assert(s).
</violation>
<violation beginline="319" endline="321" begincolumn="3" endcolumn="3" rule="JUnitTestsShouldIncludeAssert" ruleset="Best Practices" package="org.junit.jupiter.engine.extension" class="BeforeAndAfterEachTests$ChildTestCase" method="test" externalInfoUrl="https://pmd.github.io/pmd/pmd_rules_java_bestpractices.html#junittestsshouldincludeassert" priority="3">
JUnit tests should include assert() or fail()
</violation>
<violation beginline="337" endline="339" begincolumn="3" endcolumn="3" rule="JUnitTestsShouldIncludeAssert" ruleset="Best Practices" package="org.junit.jupiter.engine.extension" class="BeforeAndAfterEachTests$TestInterfaceTestCase" method="localTest" externalInfoUrl="https://pmd.github.io/pmd/pmd_rules_java_bestpractices.html#junittestsshouldincludeassert" priority="3">
JUnit tests should include assert() or fail()
</violation>
<violation beginline="351" endline="353" begincolumn="3" endcolumn="3" rule="JUnitTestsShouldIncludeAssert" ruleset="Best Practices" package="org.junit.jupiter.engine.extension" class="BeforeAndAfterEachTests$OuterTestCase" method="testOuter" externalInfoUrl="https://pmd.github.io/pmd/pmd_rules_java_bestpractices.html#junittestsshouldincludeassert" priority="3">
JUnit tests should include assert() or fail()
</violation>
<violation beginline="370" endline="372" begincolumn="4" endcolumn="4" rule="JUnitTestsShouldIncludeAssert" ruleset="Best Practices" package="org.junit.jupiter.engine.extension" class="BeforeAndAfterEachTests$OuterTestCase$InnerTestCase" method="testInner" externalInfoUrl="https://pmd.github.io/pmd/pmd_rules_java_bestpractices.html#junittestsshouldincludeassert" priority="3">
JUnit tests should include assert() or fail()
</violation>
<violation beginline="391" endline="393" begincolumn="3" endcolumn="3" rule="JUnitTestsShouldIncludeAssert" ruleset="Best Practices" package="org.junit.jupiter.engine.extension" class="BeforeAndAfterEachTests$ExceptionInBeforeEachCallbackTestCase" method="test" externalInfoUrl="https://pmd.github.io/pmd/pmd_rules_java_bestpractices.html#junittestsshouldincludeassert" priority="3">
JUnit tests should include assert() or fail()
</violation>
<violation beginline="411" endline="413" begincolumn="3" endcolumn="3" rule="JUnitTestsShouldIncludeAssert" ruleset="Best Practices" package="org.junit.jupiter.engine.extension" class="BeforeAndAfterEachTests$ExceptionInAfterEachCallbackTestCase" method="test" externalInfoUrl="https://pmd.github.io/pmd/pmd_rules_java_bestpractices.html#junittestsshouldincludeassert" priority="3">
JUnit tests should include assert() or fail()
</violation>
<violation beginline="438" endline="440" begincolumn="3" endcolumn="3" rule="JUnitTestsShouldIncludeAssert" ruleset="Best Practices" package="org.junit.jupiter.engine.extension" class="BeforeAndAfterEachTests$ExceptionInBeforeEachMethodTestCase" method="test" externalInfoUrl="https://pmd.github.io/pmd/pmd_rules_java_bestpractices.html#junittestsshouldincludeassert" priority="3">
JUnit tests should include assert() or fail()
</violation>
<violation beginline="457" endline="459" begincolumn="3" endcolumn="3" rule="JUnitTestsShouldIncludeAssert" ruleset="Best Practices" package="org.junit.jupiter.engine.extension" class="BeforeAndAfterEachTests$ExceptionInAfterEachMethodTestCase" method="test" externalInfoUrl="https://pmd.github.io/pmd/pmd_rules_java_bestpractices.html#junittestsshouldincludeassert" priority="3">
JUnit tests should include assert() or fail()
</violation>
<violation beginline="477" endline="480" begincolumn="3" endcolumn="3" rule="JUnitTestsShouldIncludeAssert" ruleset="Best Practices" package="org.junit.jupiter.engine.extension" class="BeforeAndAfterEachTests$ExceptionInTestMethodTestCase" method="test" externalInfoUrl="https://pmd.github.io/pmd/pmd_rules_java_bestpractices.html#junittestsshouldincludeassert" priority="3">
JUnit tests should include assert() or fail()
</violation>
</file>
<file name="C:\Users\Sokaina\Downloads\Versiones-Junit5\junit5-r5.0.2\junit-jupiter-engine\src\test\java\org\junit\jupiter\engine\extension\BeforeAndAfterTestExecutionCallbackTests.java">
<violation beginline="11" endline="484" begincolumn="1" endcolumn="2" rule="TooManyStaticImports" ruleset="Code Style" package="org.junit.jupiter.engine.extension" class="BeforeAndAfterTestExecutionCallbackTests" externalInfoUrl="https://pmd.github.io/pmd/pmd_rules_java_codestyle.html#toomanystaticimports" priority="3">
Too many static imports may lead to messy code
</violation>
<violation beginline="59" endline="97" begincolumn="2" endcolumn="2" rule="JUnitTestContainsTooManyAsserts" ruleset="Best Practices" package="org.junit.jupiter.engine.extension" class="BeforeAndAfterTestExecutionCallbackTests" method="beforeAndAfterTestExecutionCallbacks" externalInfoUrl="https://pmd.github.io/pmd/pmd_rules_java_bestpractices.html#junittestcontainstoomanyasserts" priority="3">
Unit tests should not contain more than 1 assert(s).
</violation>
<violation beginline="64" endline="64" begincolumn="56" endcolumn="72" rule="AvoidDuplicateLiterals" ruleset="Error Prone" package="org.junit.jupiter.engine.extension" class="BeforeAndAfterTestExecutionCallbackTests" method="beforeAndAfterTestExecutionCallbacks" externalInfoUrl="https://pmd.github.io/pmd/pmd_rules_java_errorprone.html#avoidduplicateliterals" priority="3">
The String literal "# tests started" appears 7 times in this file; the first occurrence is on line 64
</violation>
<violation beginline="65" endline="65" begincolumn="59" endcolumn="77" rule="AvoidDuplicateLiterals" ruleset="Error Prone" package="org.junit.jupiter.engine.extension" class="BeforeAndAfterTestExecutionCallbackTests" method="beforeAndAfterTestExecutionCallbacks" externalInfoUrl="https://pmd.github.io/pmd/pmd_rules_java_errorprone.html#avoidduplicateliterals" priority="3">
The String literal "# tests succeeded" appears 7 times in this file; the first occurrence is on line 65
</violation>
<violation beginline="66" endline="66" begincolumn="56" endcolumn="72" rule="AvoidDuplicateLiterals" ruleset="Error Prone" package="org.junit.jupiter.engine.extension" class="BeforeAndAfterTestExecutionCallbackTests" method="beforeAndAfterTestExecutionCallbacks" externalInfoUrl="https://pmd.github.io/pmd/pmd_rules_java_errorprone.html#avoidduplicateliterals" priority="3">
The String literal "# tests skipped" appears 7 times in this file; the first occurrence is on line 66
</violation>
<violation beginline="67" endline="67" begincolumn="56" endcolumn="72" rule="AvoidDuplicateLiterals" ruleset="Error Prone" package="org.junit.jupiter.engine.extension" class="BeforeAndAfterTestExecutionCallbackTests" method="beforeAndAfterTestExecutionCallbacks" externalInfoUrl="https://pmd.github.io/pmd/pmd_rules_java_errorprone.html#avoidduplicateliterals" priority="3">
The String literal "# tests aborted" appears 7 times in this file; the first occurrence is on line 67
</violation>
<violation beginline="68" endline="68" begincolumn="55" endcolumn="70" rule="AvoidDuplicateLiterals" ruleset="Error Prone" package="org.junit.jupiter.engine.extension" class="BeforeAndAfterTestExecutionCallbackTests" method="beforeAndAfterTestExecutionCallbacks" externalInfoUrl="https://pmd.github.io/pmd/pmd_rules_java_errorprone.html#avoidduplicateliterals" priority="3">
The String literal "# tests failed" appears 7 times in this file; the first occurrence is on line 68
</violation>
<violation beginline="75" endline="75" begincolumn="5" endcolumn="36" rule="AvoidDuplicateLiterals" ruleset="Error Prone" package="org.junit.jupiter.engine.extension" class="BeforeAndAfterTestExecutionCallbackTests" method="beforeAndAfterTestExecutionCallbacks" externalInfoUrl="https://pmd.github.io/pmd/pmd_rules_java_errorprone.html#avoidduplicateliterals" priority="3">
The String literal "fooBeforeTestExecutionCallback" appears 9 times in this file; the first occurrence is on line 75
</violation>
<violation beginline="76" endline="76" begincolumn="5" endcolumn="36" rule="AvoidDuplicateLiterals" ruleset="Error Prone" package="org.junit.jupiter.engine.extension" class="BeforeAndAfterTestExecutionCallbackTests" method="beforeAndAfterTestExecutionCallbacks" externalInfoUrl="https://pmd.github.io/pmd/pmd_rules_java_errorprone.html#avoidduplicateliterals" priority="3">
The String literal "barBeforeTestExecutionCallback" appears 7 times in this file; the first occurrence is on line 76
</violation>
<violation beginline="78" endline="78" begincolumn="5" endcolumn="35" rule="AvoidDuplicateLiterals" ruleset="Error Prone" package="org.junit.jupiter.engine.extension" class="BeforeAndAfterTestExecutionCallbackTests" method="beforeAndAfterTestExecutionCallbacks" externalInfoUrl="https://pmd.github.io/pmd/pmd_rules_java_errorprone.html#avoidduplicateliterals" priority="3">
The String literal "barAfterTestExecutionCallback" appears 8 times in this file; the first occurrence is on line 78
</violation>
<violation beginline="79" endline="79" begincolumn="5" endcolumn="35" rule="AvoidDuplicateLiterals" ruleset="Error Prone" package="org.junit.jupiter.engine.extension" class="BeforeAndAfterTestExecutionCallbackTests" method="beforeAndAfterTestExecutionCallbacks" externalInfoUrl="https://pmd.github.io/pmd/pmd_rules_java_errorprone.html#avoidduplicateliterals" priority="3">
The String literal "fooAfterTestExecutionCallback" appears 9 times in this file; the first occurrence is on line 79
</violation>
<violation beginline="95" endline="95" begincolumn="20" endcolumn="40" rule="AvoidDuplicateLiterals" ruleset="Error Prone" package="org.junit.jupiter.engine.extension" class="BeforeAndAfterTestExecutionCallbackTests" method="beforeAndAfterTestExecutionCallbacks" externalInfoUrl="https://pmd.github.io/pmd/pmd_rules_java_errorprone.html#avoidduplicateliterals" priority="3">
The String literal "wrong call sequence" appears 7 times in this file; the first occurrence is on line 95
</violation>
<violation beginline="100" endline="120" begincolumn="2" endcolumn="2" rule="JUnitTestContainsTooManyAsserts" ruleset="Best Practices" package="org.junit.jupiter.engine.extension" class="BeforeAndAfterTestExecutionCallbackTests" method="beforeAndAfterTestExecutionCallbacksDeclaredOnSuperclassAndSubclass" externalInfoUrl="https://pmd.github.io/pmd/pmd_rules_java_bestpractices.html#junittestcontainstoomanyasserts" priority="3">
Unit tests should not contain more than 1 assert(s).
</violation>
<violation beginline="123" endline="153" begincolumn="2" endcolumn="2" rule="JUnitTestContainsTooManyAsserts" ruleset="Best Practices" package="org.junit.jupiter.engine.extension" class="BeforeAndAfterTestExecutionCallbackTests" method="beforeAndAfterTestExecutionCallbacksDeclaredOnInterfaceAndClass" externalInfoUrl="https://pmd.github.io/pmd/pmd_rules_java_bestpractices.html#junittestcontainstoomanyasserts" priority="3">
Unit tests should not contain more than 1 assert(s).
</violation>
<violation beginline="156" endline="180" begincolumn="2" endcolumn="2" rule="JUnitTestContainsTooManyAsserts" ruleset="Best Practices" package="org.junit.jupiter.engine.extension" class="BeforeAndAfterTestExecutionCallbackTests" method="beforeEachMethodThrowsAnException" externalInfoUrl="https://pmd.github.io/pmd/pmd_rules_java_bestpractices.html#junittestcontainstoomanyasserts" priority="3">
Unit tests should not contain more than 1 assert(s).
</violation>
<violation beginline="170" endline="170" begincolumn="4" endcolumn="21" rule="AvoidDuplicateLiterals" ruleset="Error Prone" package="org.junit.jupiter.engine.extension" class="BeforeAndAfterTestExecutionCallbackTests" method="beforeEachMethodThrowsAnException" externalInfoUrl="https://pmd.github.io/pmd/pmd_rules_java_errorprone.html#avoidduplicateliterals" priority="3">
The String literal "beforeEachMethod" appears 8 times in this file; the first occurrence is on line 170
</violation>
<violation beginline="174" endline="174" begincolumn="4" endcolumn="20" rule="AvoidDuplicateLiterals" ruleset="Error Prone" package="org.junit.jupiter.engine.extension" class="BeforeAndAfterTestExecutionCallbackTests" method="beforeEachMethodThrowsAnException" externalInfoUrl="https://pmd.github.io/pmd/pmd_rules_java_errorprone.html#avoidduplicateliterals" priority="3">
The String literal "afterEachMethod" appears 8 times in this file; the first occurrence is on line 174
</violation>
<violation beginline="183" endline="211" begincolumn="2" endcolumn="2" rule="JUnitTestContainsTooManyAsserts" ruleset="Best Practices" package="org.junit.jupiter.engine.extension" class="BeforeAndAfterTestExecutionCallbackTests" method="beforeTestExecutionCallbackThrowsAnException" externalInfoUrl="https://pmd.github.io/pmd/pmd_rules_java_bestpractices.html#junittestcontainstoomanyasserts" priority="3">
Unit tests should not contain more than 1 assert(s).
</violation>
<violation beginline="210" endline="210" begincolumn="3" endcolumn="14" rule="JUnitAssertionsShouldIncludeMessage" ruleset="Best Practices" package="org.junit.jupiter.engine.extension" class="BeforeAndAfterTestExecutionCallbackTests" method="beforeTestExecutionCallbackThrowsAnException" externalInfoUrl="https://pmd.github.io/pmd/pmd_rules_java_bestpractices.html#junitassertionsshouldincludemessage" priority="3">
JUnit assertions should include a message
</violation>
<violation beginline="214" endline="242" begincolumn="2" endcolumn="2" rule="JUnitTestContainsTooManyAsserts" ruleset="Best Practices" package="org.junit.jupiter.engine.extension" class="BeforeAndAfterTestExecutionCallbackTests" method="afterTestExecutionCallbackThrowsAnException" externalInfoUrl="https://pmd.github.io/pmd/pmd_rules_java_bestpractices.html#junittestcontainstoomanyasserts" priority="3">
Unit tests should not contain more than 1 assert(s).
</violation>
<violation beginline="231" endline="231" begincolumn="6" endcolumn="11" rule="AvoidDuplicateLiterals" ruleset="Error Prone" package="org.junit.jupiter.engine.extension" class="BeforeAndAfterTestExecutionCallbackTests" method="afterTestExecutionCallbackThrowsAnException" externalInfoUrl="https://pmd.github.io/pmd/pmd_rules_java_errorprone.html#avoidduplicateliterals" priority="3">
The String literal "test" appears 6 times in this file; the first occurrence is on line 231
</violation>
<violation beginline="241" endline="241" begincolumn="3" endcolumn="14" rule="JUnitAssertionsShouldIncludeMessage" ruleset="Best Practices" package="org.junit.jupiter.engine.extension" class="BeforeAndAfterTestExecutionCallbackTests" method="afterTestExecutionCallbackThrowsAnException" externalInfoUrl="https://pmd.github.io/pmd/pmd_rules_java_bestpractices.html#junitassertionsshouldincludemessage" priority="3">
JUnit assertions should include a message
</violation>
<violation beginline="245" endline="270" begincolumn="2" endcolumn="2" rule="JUnitTestContainsTooManyAsserts" ruleset="Best Practices" package="org.junit.jupiter.engine.extension" class="BeforeAndAfterTestExecutionCallbackTests" method="testMethodThrowsAnException" externalInfoUrl="https://pmd.github.io/pmd/pmd_rules_java_bestpractices.html#junittestcontainstoomanyasserts" priority="3">
Unit tests should not contain more than 1 assert(s).
</violation>
<violation beginline="269" endline="269" begincolumn="3" endcolumn="14" rule="JUnitAssertionsShouldIncludeMessage" ruleset="Best Practices" package="org.junit.jupiter.engine.extension" class="BeforeAndAfterTestExecutionCallbackTests" method="testMethodThrowsAnException" externalInfoUrl="https://pmd.github.io/pmd/pmd_rules_java_bestpractices.html#junitassertionsshouldincludemessage" priority="3">
JUnit assertions should include a message
</violation>
<violation beginline="282" endline="284" begincolumn="3" endcolumn="3" rule="JUnitTestsShouldIncludeAssert" ruleset="Best Practices" package="org.junit.jupiter.engine.extension" class="BeforeAndAfterTestExecutionCallbackTests$ChildTestCase" method="test" externalInfoUrl="https://pmd.github.io/pmd/pmd_rules_java_bestpractices.html#junittestsshouldincludeassert" priority="3">
JUnit tests should include assert() or fail()
</violation>
<violation beginline="300" endline="302" begincolumn="3" endcolumn="3" rule="JUnitTestsShouldIncludeAssert" ruleset="Best Practices" package="org.junit.jupiter.engine.extension" class="BeforeAndAfterTestExecutionCallbackTests$TestInterfaceTestCase" method="localTest" externalInfoUrl="https://pmd.github.io/pmd/pmd_rules_java_bestpractices.html#junittestsshouldincludeassert" priority="3">
JUnit tests should include assert() or fail()
</violation>
<violation beginline="314" endline="316" begincolumn="3" endcolumn="3" rule="JUnitTestsShouldIncludeAssert" ruleset="Best Practices" package="org.junit.jupiter.engine.extension" class="BeforeAndAfterTestExecutionCallbackTests$OuterTestCase" method="testOuter" externalInfoUrl="https://pmd.github.io/pmd/pmd_rules_java_bestpractices.html#junittestsshouldincludeassert" priority="3">
JUnit tests should include assert() or fail()
</violation>
<violation beginline="333" endline="335" begincolumn="4" endcolumn="4" rule="JUnitTestsShouldIncludeAssert" ruleset="Best Practices" package="org.junit.jupiter.engine.extension" class="BeforeAndAfterTestExecutionCallbackTests$OuterTestCase$InnerTestCase" method="testInner" externalInfoUrl="https://pmd.github.io/pmd/pmd_rules_java_bestpractices.html#junittestsshouldincludeassert" priority="3">
JUnit tests should include assert() or fail()
</violation>
<violation beginline="354" endline="356" begincolumn="3" endcolumn="3" rule="JUnitTestsShouldIncludeAssert" ruleset="Best Practices" package="org.junit.jupiter.engine.extension" class="BeforeAndAfterTestExecutionCallbackTests$ExceptionInBeforeTestExecutionCallbackTestCase" method="test" externalInfoUrl="https://pmd.github.io/pmd/pmd_rules_java_bestpractices.html#junittestsshouldincludeassert" priority="3">
JUnit tests should include assert() or fail()
</violation>
<violation beginline="374" endline="376" begincolumn="3" endcolumn="3" rule="JUnitTestsShouldIncludeAssert" ruleset="Best Practices" package="org.junit.jupiter.engine.extension" class="BeforeAndAfterTestExecutionCallbackTests$ExceptionInAfterTestExecutionCallbackTestCase" method="test" externalInfoUrl="https://pmd.github.io/pmd/pmd_rules_java_bestpractices.html#junittestsshouldincludeassert" priority="3">
JUnit tests should include assert() or fail()
</violation>
<violation beginline="394" endline="396" begincolumn="3" endcolumn="3" rule="JUnitTestsShouldIncludeAssert" ruleset="Best Practices" package="org.junit.jupiter.engine.extension" class="BeforeAndAfterTestExecutionCallbackTests$ExceptionInBeforeEachMethodTestCase" method="test" externalInfoUrl="https://pmd.github.io/pmd/pmd_rules_java_bestpractices.html#junittestsshouldincludeassert" priority="3">
JUnit tests should include assert() or fail()
</violation>
<violation beginline="413" endline="416" begincolumn="3" endcolumn="3" rule="JUnitTestsShouldIncludeAssert" ruleset="Best Practices" package="org.junit.jupiter.engine.extension" class="BeforeAndAfterTestExecutionCallbackTests$ExceptionInTestMethodTestCase" method="test" externalInfoUrl="https://pmd.github.io/pmd/pmd_rules_java_bestpractices.html#junittestsshouldincludeassert" priority="3">
JUnit tests should include assert() or fail()
</violation>
</file>
<file name="C:\Users\Sokaina\Downloads\Versiones-Junit5\junit5-r5.0.2\junit-jupiter-engine\src\test\java\org\junit\jupiter\engine\extension\ExecutionConditionTests.java">
<violation beginline="11" endline="192" begincolumn="1" endcolumn="2" rule="TooManyStaticImports" ruleset="Code Style" package="org.junit.jupiter.engine.extension" class="ExecutionConditionTests" externalInfoUrl="https://pmd.github.io/pmd/pmd_rules_java_codestyle.html#toomanystaticimports" priority="3">
Too many static imports may lead to messy code
</violation>
<violation beginline="54" endline="61" begincolumn="2" endcolumn="2" rule="JUnitTestContainsTooManyAsserts" ruleset="Best Practices" package="org.junit.jupiter.engine.extension" class="ExecutionConditionTests" method="conditionWorksOnContainer" externalInfoUrl="https://pmd.github.io/pmd/pmd_rules_java_bestpractices.html#junittestcontainstoomanyasserts" priority="3">
Unit tests should not contain more than 1 assert(s).
</violation>
<violation beginline="60" endline="60" begincolumn="56" endcolumn="72" rule="AvoidDuplicateLiterals" ruleset="Error Prone" package="org.junit.jupiter.engine.extension" class="ExecutionConditionTests" method="conditionWorksOnContainer" externalInfoUrl="https://pmd.github.io/pmd/pmd_rules_java_errorprone.html#avoidduplicateliterals" priority="3">
The String literal "# tests started" appears 4 times in this file; the first occurrence is on line 60
</violation>
<violation beginline="64" endline="72" begincolumn="2" endcolumn="2" rule="JUnitTestContainsTooManyAsserts" ruleset="Best Practices" package="org.junit.jupiter.engine.extension" class="ExecutionConditionTests" method="conditionWorksOnTest" externalInfoUrl="https://pmd.github.io/pmd/pmd_rules_java_bestpractices.html#junittestcontainstoomanyasserts" priority="3">
Unit tests should not contain more than 1 assert(s).
</violation>
<violation beginline="75" endline="79" begincolumn="2" endcolumn="2" rule="JUnitTestContainsTooManyAsserts" ruleset="Best Practices" package="org.junit.jupiter.engine.extension" class="ExecutionConditionTests" method="overrideConditionsUsingFullyQualifiedClassName" externalInfoUrl="https://pmd.github.io/pmd/pmd_rules_java_bestpractices.html#junittestcontainstoomanyasserts" priority="3">
Unit tests should not contain more than 1 assert(s).
</violation>
<violation beginline="82" endline="87" begincolumn="2" endcolumn="2" rule="JUnitTestContainsTooManyAsserts" ruleset="Best Practices" package="org.junit.jupiter.engine.extension" class="ExecutionConditionTests" method="overrideConditionsUsingStar" externalInfoUrl="https://pmd.github.io/pmd/pmd_rules_java_bestpractices.html#junittestcontainstoomanyasserts" priority="3">
Unit tests should not contain more than 1 assert(s).
</violation>
<violation beginline="90" endline="95" begincolumn="2" endcolumn="2" rule="JUnitTestContainsTooManyAsserts" ruleset="Best Practices" package="org.junit.jupiter.engine.extension" class="ExecutionConditionTests" method="overrideConditionsUsingStarPlusSimpleClassName" externalInfoUrl="https://pmd.github.io/pmd/pmd_rules_java_bestpractices.html#junittestcontainstoomanyasserts" priority="3">
Unit tests should not contain more than 1 assert(s).
</violation>
<violation beginline="98" endline="103" begincolumn="2" endcolumn="2" rule="JUnitTestContainsTooManyAsserts" ruleset="Best Practices" package="org.junit.jupiter.engine.extension" class="ExecutionConditionTests" method="overrideConditionsUsingPackageNamePlusDotStar" externalInfoUrl="https://pmd.github.io/pmd/pmd_rules_java_bestpractices.html#junittestcontainstoomanyasserts" priority="3">
Unit tests should not contain more than 1 assert(s).
</violation>
<violation beginline="106" endline="111" begincolumn="2" endcolumn="2" rule="JUnitTestContainsTooManyAsserts" ruleset="Best Practices" package="org.junit.jupiter.engine.extension" class="ExecutionConditionTests" method="overrideConditionsUsingMultipleWildcards" externalInfoUrl="https://pmd.github.io/pmd/pmd_rules_java_bestpractices.html#junittestcontainstoomanyasserts" priority="3">
Unit tests should not contain more than 1 assert(s).
</violation>
<violation beginline="164" endline="165" begincolumn="22" endcolumn="3" rule="UncommentedEmptyMethodBody" ruleset="Documentation" package="org.junit.jupiter.engine.extension" class="ExecutionConditionTests$TestCaseWithExecutionConditionOnMethods" method="enabledTest" externalInfoUrl="https://pmd.github.io/pmd/pmd_rules_java_documentation.html#uncommentedemptymethodbody" priority="3">
Document empty method body
</violation>
<violation beginline="164" endline="165" begincolumn="3" endcolumn="3" rule="JUnitTestsShouldIncludeAssert" ruleset="Best Practices" package="org.junit.jupiter.engine.extension" class="ExecutionConditionTests$TestCaseWithExecutionConditionOnMethods" method="enabledTest" externalInfoUrl="https://pmd.github.io/pmd/pmd_rules_java_bestpractices.html#junittestsshouldincludeassert" priority="3">
JUnit tests should include assert() or fail()
</violation>
<violation beginline="175" endline="176" begincolumn="36" endcolumn="3" rule="UncommentedEmptyMethodBody" ruleset="Documentation" package="org.junit.jupiter.engine.extension" class="ExecutionConditionTests$TestCaseWithExecutionConditionOnMethods" method="systemPropertyEnabledTest" externalInfoUrl="https://pmd.github.io/pmd/pmd_rules_java_documentation.html#uncommentedemptymethodbody" priority="3">
Document empty method body
</violation>
<violation beginline="175" endline="176" begincolumn="3" endcolumn="3" rule="JUnitTestsShouldIncludeAssert" ruleset="Best Practices" package="org.junit.jupiter.engine.extension" class="ExecutionConditionTests$TestCaseWithExecutionConditionOnMethods" method="systemPropertyEnabledTest" externalInfoUrl="https://pmd.github.io/pmd/pmd_rules_java_bestpractices.html#junittestsshouldincludeassert" priority="3">
JUnit tests should include assert() or fail()
</violation>
</file>
<file name="C:\Users\Sokaina\Downloads\Versiones-Junit5\junit5-r5.0.2\junit-jupiter-engine\src\test\java\org\junit\jupiter\engine\extension\ExtensionContextExecutionTests.java">
<violation beginline="35" endline="48" begincolumn="2" endcolumn="2" rule="JUnitTestContainsTooManyAsserts" ruleset="Best Practices" package="org.junit.jupiter.engine.extension" class="ExtensionContextExecutionTests" method="extensionContextHierarchy" externalInfoUrl="https://pmd.github.io/pmd/pmd_rules_java_bestpractices.html#junittestcontainstoomanyasserts" priority="3">
Unit tests should not contain more than 1 assert(s).
</violation>
<violation beginline="65" endline="73" begincolumn="2" endcolumn="2" rule="JUnitTestContainsTooManyAsserts" ruleset="Best Practices" package="org.junit.jupiter.engine.extension" class="ExtensionContextExecutionTests" method="twoTestClassesCanShareStateViaEngineExtensionContext" externalInfoUrl="https://pmd.github.io/pmd/pmd_rules_java_bestpractices.html#junittestcontainstoomanyasserts" priority="3">
Unit tests should not contain more than 1 assert(s).
</violation>
<violation beginline="77" endline="77" begincolumn="3" endcolumn="60" rule="DefaultPackage" ruleset="Code Style" package="org.junit.jupiter.engine.extension" class="ExtensionContextExecutionTests$Parent" externalInfoUrl="https://pmd.github.io/pmd/pmd_rules_java_codestyle.html#defaultpackage" priority="3">
Use explicit scoping instead of the default package private level
</violation>
<violation beginline="80" endline="81" begincolumn="15" endcolumn="3" rule="UncommentedEmptyMethodBody" ruleset="Documentation" package="org.junit.jupiter.engine.extension" class="ExtensionContextExecutionTests$Parent" method="test" externalInfoUrl="https://pmd.github.io/pmd/pmd_rules_java_documentation.html#uncommentedemptymethodbody" priority="3">
Document empty method body
</violation>
<violation beginline="80" endline="81" begincolumn="3" endcolumn="3" rule="JUnitTestsShouldIncludeAssert" ruleset="Best Practices" package="org.junit.jupiter.engine.extension" class="ExtensionContextExecutionTests$Parent" method="test" externalInfoUrl="https://pmd.github.io/pmd/pmd_rules_java_bestpractices.html#junittestsshouldincludeassert" priority="3">
JUnit tests should include assert() or fail()
</violation>
<violation beginline="84" endline="85" begincolumn="9" endcolumn="2" rule="ShortClassName" ruleset="Code Style" package="org.junit.jupiter.engine.extension" class="ExtensionContextExecutionTests$A" externalInfoUrl="https://pmd.github.io/pmd/pmd_rules_java_codestyle.html#shortclassname" priority="4">
Avoid short class names like A
</violation>
<violation beginline="87" endline="88" begincolumn="9" endcolumn="2" rule="ShortClassName" ruleset="Code Style" package="org.junit.jupiter.engine.extension" class="ExtensionContextExecutionTests$B" externalInfoUrl="https://pmd.github.io/pmd/pmd_rules_java_codestyle.html#shortclassname" priority="4">
Avoid short class names like B
</violation>
</file>
<file name="C:\Users\Sokaina\Downloads\Versiones-Junit5\junit5-r5.0.2\junit-jupiter-engine\src\test\java\org\junit\jupiter\engine\extension\ExtensionRegistryTests.java">
<violation beginline="11" endline="205" begincolumn="1" endcolumn="2" rule="TooManyStaticImports" ruleset="Code Style" package="org.junit.jupiter.engine.extension" class="ExtensionRegistryTests" externalInfoUrl="https://pmd.github.io/pmd/pmd_rules_java_codestyle.html#toomanystaticimports" priority="3">
Too many static imports may lead to messy code
</violation>
<violation beginline="49" endline="54" begincolumn="2" endcolumn="2" rule="JUnitTestContainsTooManyAsserts" ruleset="Best Practices" package="org.junit.jupiter.engine.extension" class="ExtensionRegistryTests" method="newRegistryWithoutParentHasDefaultExtensions" externalInfoUrl="https://pmd.github.io/pmd/pmd_rules_java_bestpractices.html#junittestcontainstoomanyasserts" priority="3">
Unit tests should not contain more than 1 assert(s).
</violation>
<violation beginline="52" endline="52" begincolumn="3" endcolumn="14" rule="JUnitAssertionsShouldIncludeMessage" ruleset="Best Practices" package="org.junit.jupiter.engine.extension" class="ExtensionRegistryTests" method="newRegistryWithoutParentHasDefaultExtensions" externalInfoUrl="https://pmd.github.io/pmd/pmd_rules_java_bestpractices.html#junitassertionsshouldincludemessage" priority="3">
JUnit assertions should include a message
</violation>
<violation beginline="57" endline="70" begincolumn="2" endcolumn="2" rule="JUnitTestContainsTooManyAsserts" ruleset="Best Practices" package="org.junit.jupiter.engine.extension" class="ExtensionRegistryTests" method="newRegistryWithoutParentHasDefaultExtensionsPlusAutodetectedExtensionsLoadedViaServiceLoader" externalInfoUrl="https://pmd.github.io/pmd/pmd_rules_java_bestpractices.html#junittestcontainstoomanyasserts" priority="3">
Unit tests should not contain more than 1 assert(s).
</violation>
<violation beginline="65" endline="65" begincolumn="3" endcolumn="14" rule="JUnitAssertionsShouldIncludeMessage" ruleset="Best Practices" package="org.junit.jupiter.engine.extension" class="ExtensionRegistryTests" method="newRegistryWithoutParentHasDefaultExtensionsPlusAutodetectedExtensionsLoadedViaServiceLoader" externalInfoUrl="https://pmd.github.io/pmd/pmd_rules_java_bestpractices.html#junitassertionsshouldincludemessage" priority="3">
JUnit assertions should include a message
</violation>
<violation beginline="69" endline="69" begincolumn="3" endcolumn="14" rule="JUnitAssertionsShouldIncludeMessage" ruleset="Best Practices" package="org.junit.jupiter.engine.extension" class="ExtensionRegistryTests" method="newRegistryWithoutParentHasDefaultExtensionsPlusAutodetectedExtensionsLoadedViaServiceLoader" externalInfoUrl="https://pmd.github.io/pmd/pmd_rules_java_bestpractices.html#junitassertionsshouldincludemessage" priority="3">
JUnit assertions should include a message
</violation>
<violation beginline="73" endline="89" begincolumn="2" endcolumn="2" rule="JUnitTestContainsTooManyAsserts" ruleset="Best Practices" package="org.junit.jupiter.engine.extension" class="ExtensionRegistryTests" method="registerExtensionByImplementingClass" externalInfoUrl="https://pmd.github.io/pmd/pmd_rules_java_bestpractices.html#junittestcontainstoomanyasserts" priority="3">
Unit tests should not contain more than 1 assert(s).
</violation>
<violation beginline="82" endline="82" begincolumn="3" endcolumn="14" rule="JUnitAssertionsShouldIncludeMessage" ruleset="Best Practices" package="org.junit.jupiter.engine.extension" class="ExtensionRegistryTests" method="registerExtensionByImplementingClass" externalInfoUrl="https://pmd.github.io/pmd/pmd_rules_java_bestpractices.html#junitassertionsshouldincludemessage" priority="3">
JUnit assertions should include a message
</violation>
<violation beginline="84" endline="84" begincolumn="3" endcolumn="14" rule="JUnitAssertionsShouldIncludeMessage" ruleset="Best Practices" package="org.junit.jupiter.engine.extension" class="ExtensionRegistryTests" method="registerExtensionByImplementingClass" externalInfoUrl="https://pmd.github.io/pmd/pmd_rules_java_bestpractices.html#junitassertionsshouldincludemessage" priority="3">
JUnit assertions should include a message
</violation>
<violation beginline="88" endline="88" begincolumn="3" endcolumn="14" rule="JUnitAssertionsShouldIncludeMessage" ruleset="Best Practices" package="org.junit.jupiter.engine.extension" class="ExtensionRegistryTests" method="registerExtensionByImplementingClass" externalInfoUrl="https://pmd.github.io/pmd/pmd_rules_java_bestpractices.html#junitassertionsshouldincludemessage" priority="3">
JUnit assertions should include a message
</violation>
<violation beginline="92" endline="99" begincolumn="2" endcolumn="2" rule="JUnitTestContainsTooManyAsserts" ruleset="Best Practices" package="org.junit.jupiter.engine.extension" class="ExtensionRegistryTests" method="registerExtensionThatImplementsMultipleExtensionApis" externalInfoUrl="https://pmd.github.io/pmd/pmd_rules_java_bestpractices.html#junittestcontainstoomanyasserts" priority="3">
Unit tests should not contain more than 1 assert(s).
</violation>
<violation beginline="97" endline="97" begincolumn="3" endcolumn="14" rule="JUnitAssertionsShouldIncludeMessage" ruleset="Best Practices" package="org.junit.jupiter.engine.extension" class="ExtensionRegistryTests" method="registerExtensionThatImplementsMultipleExtensionApis" externalInfoUrl="https://pmd.github.io/pmd/pmd_rules_java_bestpractices.html#junitassertionsshouldincludemessage" priority="3">
JUnit assertions should include a message
</violation>
<violation beginline="98" endline="98" begincolumn="3" endcolumn="14" rule="JUnitAssertionsShouldIncludeMessage" ruleset="Best Practices" package="org.junit.jupiter.engine.extension" class="ExtensionRegistryTests" method="registerExtensionThatImplementsMultipleExtensionApis" externalInfoUrl="https://pmd.github.io/pmd/pmd_rules_java_bestpractices.html#junitassertionsshouldincludemessage" priority="3">
JUnit assertions should include a message
</violation>
<violation beginline="102" endline="115" begincolumn="2" endcolumn="2" rule="JUnitTestContainsTooManyAsserts" ruleset="Best Practices" package="org.junit.jupiter.engine.extension" class="ExtensionRegistryTests" method="extensionsAreInheritedFromParent" externalInfoUrl="https://pmd.github.io/pmd/pmd_rules_java_bestpractices.html#junittestcontainstoomanyasserts" priority="3">
Unit tests should not contain more than 1 assert(s).
</violation>
<violation beginline="109" endline="109" begincolumn="3" endcolumn="14" rule="JUnitAssertionsShouldIncludeMessage" ruleset="Best Practices" package="org.junit.jupiter.engine.extension" class="ExtensionRegistryTests" method="extensionsAreInheritedFromParent" externalInfoUrl="https://pmd.github.io/pmd/pmd_rules_java_bestpractices.html#junitassertionsshouldincludemessage" priority="3">
JUnit assertions should include a message
</violation>
<violation beginline="114" endline="114" begincolumn="3" endcolumn="14" rule="JUnitAssertionsShouldIncludeMessage" ruleset="Best Practices" package="org.junit.jupiter.engine.extension" class="ExtensionRegistryTests" method="extensionsAreInheritedFromParent" externalInfoUrl="https://pmd.github.io/pmd/pmd_rules_java_bestpractices.html#junitassertionsshouldincludemessage" priority="3">
JUnit assertions should include a message
</violation>
<violation beginline="118" endline="132" begincolumn="2" endcolumn="2" rule="JUnitTestContainsTooManyAsserts" ruleset="Best Practices" package="org.junit.jupiter.engine.extension" class="ExtensionRegistryTests" method="registeringSameExtensionImplementationInParentAndChildDoesNotResultInDuplicate" externalInfoUrl="https://pmd.github.io/pmd/pmd_rules_java_bestpractices.html#junittestcontainstoomanyasserts" priority="3">
Unit tests should not contain more than 1 assert(s).
</violation>
<violation beginline="121" endline="121" begincolumn="3" endcolumn="14" rule="JUnitAssertionsShouldIncludeMessage" ruleset="Best Practices" package="org.junit.jupiter.engine.extension" class="ExtensionRegistryTests" method="registeringSameExtensionImplementationInParentAndChildDoesNotResultInDuplicate" externalInfoUrl="https://pmd.github.io/pmd/pmd_rules_java_bestpractices.html#junitassertionsshouldincludemessage" priority="3">
JUnit assertions should include a message
</violation>
<violation beginline="126" endline="126" begincolumn="3" endcolumn="14" rule="JUnitAssertionsShouldIncludeMessage" ruleset="Best Practices" package="org.junit.jupiter.engine.extension" class="ExtensionRegistryTests" method="registeringSameExtensionImplementationInParentAndChildDoesNotResultInDuplicate" externalInfoUrl="https://pmd.github.io/pmd/pmd_rules_java_bestpractices.html#junitassertionsshouldincludemessage" priority="3">
JUnit assertions should include a message
</violation>
<violation beginline="131" endline="131" begincolumn="3" endcolumn="14" rule="JUnitAssertionsShouldIncludeMessage" ruleset="Best Practices" package="org.junit.jupiter.engine.extension" class="ExtensionRegistryTests" method="registeringSameExtensionImplementationInParentAndChildDoesNotResultInDuplicate" externalInfoUrl="https://pmd.github.io/pmd/pmd_rules_java_bestpractices.html#junitassertionsshouldincludemessage" priority="3">
JUnit assertions should include a message
</violation>
<violation beginline="135" endline="146" begincolumn="2" endcolumn="2" rule="JUnitTestContainsTooManyAsserts" ruleset="Best Practices" package="org.junit.jupiter.engine.extension" class="ExtensionRegistryTests" method="canStreamOverRegisteredExtension" externalInfoUrl="https://pmd.github.io/pmd/pmd_rules_java_bestpractices.html#junittestcontainstoomanyasserts" priority="3">
Unit tests should not contain more than 1 assert(s).
</violation>
<violation beginline="141" endline="141" begincolumn="4" endcolumn="15" rule="JUnitAssertionsShouldIncludeMessage" ruleset="Best Practices" package="org.junit.jupiter.engine.extension" class="ExtensionRegistryTests" method="canStreamOverRegisteredExtension" externalInfoUrl="https://pmd.github.io/pmd/pmd_rules_java_bestpractices.html#junitassertionsshouldincludemessage" priority="3">
JUnit assertions should include a message
</violation>
<violation beginline="145" endline="145" begincolumn="3" endcolumn="12" rule="JUnitAssertionsShouldIncludeMessage" ruleset="Best Practices" package="org.junit.jupiter.engine.extension" class="ExtensionRegistryTests" method="canStreamOverRegisteredExtension" externalInfoUrl="https://pmd.github.io/pmd/pmd_rules_java_bestpractices.html#junitassertionsshouldincludemessage" priority="3">
JUnit assertions should include a message
</violation>
<violation beginline="163" endline="163" begincolumn="3" endcolumn="14" rule="JUnitAssertionsShouldIncludeMessage" ruleset="Best Practices" package="org.junit.jupiter.engine.extension" class="ExtensionRegistryTests" method="assertDefaultGlobalExtensionsAreRegistered" externalInfoUrl="https://pmd.github.io/pmd/pmd_rules_java_bestpractices.html#junitassertionsshouldincludemessage" priority="3">
JUnit assertions should include a message
</violation>
<violation beginline="164" endline="164" begincolumn="3" endcolumn="14" rule="JUnitAssertionsShouldIncludeMessage" ruleset="Best Practices" package="org.junit.jupiter.engine.extension" class="ExtensionRegistryTests" method="assertDefaultGlobalExtensionsAreRegistered" externalInfoUrl="https://pmd.github.io/pmd/pmd_rules_java_bestpractices.html#junitassertionsshouldincludemessage" priority="3">
JUnit assertions should include a message
</violation>
<violation beginline="165" endline="165" begincolumn="3" endcolumn="14" rule="JUnitAssertionsShouldIncludeMessage" ruleset="Best Practices" package="org.junit.jupiter.engine.extension" class="ExtensionRegistryTests" method="assertDefaultGlobalExtensionsAreRegistered" externalInfoUrl="https://pmd.github.io/pmd/pmd_rules_java_bestpractices.html#junitassertionsshouldincludemessage" priority="3">
JUnit assertions should include a message
</violation>
<violation beginline="183" endline="184" begincolumn="38" endcolumn="3" rule="UncommentedEmptyMethodBody" ruleset="Documentation" package="org.junit.jupiter.engine.extension" class="ExtensionRegistryTests$MyExtension" method="doNothing" externalInfoUrl="https://pmd.github.io/pmd/pmd_rules_java_documentation.html#uncommentedemptymethodbody" priority="3">
Document empty method body
</violation>
<violation beginline="190" endline="191" begincolumn="38" endcolumn="3" rule="UncommentedEmptyMethodBody" ruleset="Documentation" package="org.junit.jupiter.engine.extension" class="ExtensionRegistryTests$YourExtension" method="doNothing" externalInfoUrl="https://pmd.github.io/pmd/pmd_rules_java_documentation.html#uncommentedemptymethodbody" priority="3">
Document empty method body
</violation>
<violation beginline="197" endline="198" begincolumn="38" endcolumn="3" rule="UncommentedEmptyMethodBody" ruleset="Documentation" package="org.junit.jupiter.engine.extension" class="ExtensionRegistryTests$MultipleExtension" method="doNothing" externalInfoUrl="https://pmd.github.io/pmd/pmd_rules_java_documentation.html#uncommentedemptymethodbody" priority="3">
Document empty method body
</violation>
<violation beginline="201" endline="202" begincolumn="24" endcolumn="3" rule="UncommentedEmptyMethodBody" ruleset="Documentation" package="org.junit.jupiter.engine.extension" class="ExtensionRegistryTests$MultipleExtension" method="doMore" externalInfoUrl="https://pmd.github.io/pmd/pmd_rules_java_documentation.html#uncommentedemptymethodbody" priority="3">
Document empty method body
</violation>
</file>
<file name="C:\Users\Sokaina\Downloads\Versiones-Junit5\junit5-r5.0.2\junit-jupiter-engine\src\test\java\org\junit\jupiter\engine\extension\ParameterResolverTests.java">
<violation beginline="11" endline="427" begincolumn="1" endcolumn="2" rule="TooManyStaticImports" ruleset="Code Style" package="org.junit.jupiter.engine.extension" class="ParameterResolverTests" externalInfoUrl="https://pmd.github.io/pmd/pmd_rules_java_codestyle.html#toomanystaticimports" priority="3">
Too many static imports may lead to messy code
</violation>
<violation beginline="67" endline="75" begincolumn="2" endcolumn="2" rule="JUnitTestContainsTooManyAsserts" ruleset="Best Practices" package="org.junit.jupiter.engine.extension" class="ParameterResolverTests" method="constructorInjection" externalInfoUrl="https://pmd.github.io/pmd/pmd_rules_java_bestpractices.html#junittestcontainstoomanyasserts" priority="3">
Unit tests should not contain more than 1 assert(s).
</violation>
<violation beginline="70" endline="70" begincolumn="56" endcolumn="72" rule="AvoidDuplicateLiterals" ruleset="Error Prone" package="org.junit.jupiter.engine.extension" class="ParameterResolverTests" method="constructorInjection" externalInfoUrl="https://pmd.github.io/pmd/pmd_rules_java_errorprone.html#avoidduplicateliterals" priority="3">
The String literal "# tests started" appears 10 times in this file; the first occurrence is on line 70
</violation>
<violation beginline="71" endline="71" begincolumn="59" endcolumn="77" rule="AvoidDuplicateLiterals" ruleset="Error Prone" package="org.junit.jupiter.engine.extension" class="ParameterResolverTests" method="constructorInjection" externalInfoUrl="https://pmd.github.io/pmd/pmd_rules_java_errorprone.html#avoidduplicateliterals" priority="3">
The String literal "# tests succeeded" appears 10 times in this file; the first occurrence is on line 71
</violation>
<violation beginline="72" endline="72" begincolumn="56" endcolumn="72" rule="AvoidDuplicateLiterals" ruleset="Error Prone" package="org.junit.jupiter.engine.extension" class="ParameterResolverTests" method="constructorInjection" externalInfoUrl="https://pmd.github.io/pmd/pmd_rules_java_errorprone.html#avoidduplicateliterals" priority="3">
The String literal "# tests skipped" appears 6 times in this file; the first occurrence is on line 72
</violation>
<violation beginline="73" endline="73" begincolumn="56" endcolumn="72" rule="AvoidDuplicateLiterals" ruleset="Error Prone" package="org.junit.jupiter.engine.extension" class="ParameterResolverTests" method="constructorInjection" externalInfoUrl="https://pmd.github.io/pmd/pmd_rules_java_errorprone.html#avoidduplicateliterals" priority="3">
The String literal "# tests aborted" appears 6 times in this file; the first occurrence is on line 73
</violation>
<violation beginline="74" endline="74" begincolumn="55" endcolumn="70" rule="AvoidDuplicateLiterals" ruleset="Error Prone" package="org.junit.jupiter.engine.extension" class="ParameterResolverTests" method="constructorInjection" externalInfoUrl="https://pmd.github.io/pmd/pmd_rules_java_errorprone.html#avoidduplicateliterals" priority="3">
The String literal "# tests failed" appears 10 times in this file; the first occurrence is on line 74
</violation>
<violation beginline="78" endline="86" begincolumn="2" endcolumn="2" rule="JUnitTestContainsTooManyAsserts" ruleset="Best Practices" package="org.junit.jupiter.engine.extension" class="ParameterResolverTests" method="executeTestsForMethodInjectionCases" externalInfoUrl="https://pmd.github.io/pmd/pmd_rules_java_bestpractices.html#junittestcontainstoomanyasserts" priority="3">
Unit tests should not contain more than 1 assert(s).
</violation>
<violation beginline="89" endline="108" begincolumn="2" endcolumn="2" rule="JUnitTestContainsTooManyAsserts" ruleset="Best Practices" package="org.junit.jupiter.engine.extension" class="ParameterResolverTests" method="executeTestsForNullValuedMethodInjectionCases" externalInfoUrl="https://pmd.github.io/pmd/pmd_rules_java_bestpractices.html#junittestcontainstoomanyasserts" priority="3">
Unit tests should not contain more than 1 assert(s).
</violation>
<violation beginline="111" endline="117" begincolumn="2" endcolumn="2" rule="JUnitTestContainsTooManyAsserts" ruleset="Best Practices" package="org.junit.jupiter.engine.extension" class="ParameterResolverTests" method="executeTestsForPrimitiveIntegerMethodInjectionCases" externalInfoUrl="https://pmd.github.io/pmd/pmd_rules_java_bestpractices.html#junittestcontainstoomanyasserts" priority="3">
Unit tests should not contain more than 1 assert(s).
</violation>
<violation beginline="120" endline="126" begincolumn="2" endcolumn="2" rule="JUnitTestContainsTooManyAsserts" ruleset="Best Practices" package="org.junit.jupiter.engine.extension" class="ParameterResolverTests" method="executeTestsForPrimitiveArrayMethodInjectionCases" externalInfoUrl="https://pmd.github.io/pmd/pmd_rules_java_bestpractices.html#junittestcontainstoomanyasserts" priority="3">
Unit tests should not contain more than 1 assert(s).
</violation>
<violation beginline="129" endline="149" begincolumn="2" endcolumn="2" rule="JUnitTestContainsTooManyAsserts" ruleset="Best Practices" package="org.junit.jupiter.engine.extension" class="ParameterResolverTests" method="executeTestsForPotentiallyIncompatibleTypeMethodInjectionCases" externalInfoUrl="https://pmd.github.io/pmd/pmd_rules_java_bestpractices.html#junittestcontainstoomanyasserts" priority="3">
Unit tests should not contain more than 1 assert(s).
</violation>
<violation beginline="152" endline="160" begincolumn="2" endcolumn="2" rule="JUnitTestContainsTooManyAsserts" ruleset="Best Practices" package="org.junit.jupiter.engine.extension" class="ParameterResolverTests" method="executeTestsForMethodInjectionInBeforeAndAfterEachMethods" externalInfoUrl="https://pmd.github.io/pmd/pmd_rules_java_bestpractices.html#junittestcontainstoomanyasserts" priority="3">
Unit tests should not contain more than 1 assert(s).
</violation>
<violation beginline="163" endline="171" begincolumn="2" endcolumn="2" rule="JUnitTestContainsTooManyAsserts" ruleset="Best Practices" package="org.junit.jupiter.engine.extension" class="ParameterResolverTests" method="executeTestsForMethodInjectionInBeforeAndAfterAllMethods" externalInfoUrl="https://pmd.github.io/pmd/pmd_rules_java_bestpractices.html#junittestcontainstoomanyasserts" priority="3">
Unit tests should not contain more than 1 assert(s).
</violation>
<violation beginline="174" endline="182" begincolumn="2" endcolumn="2" rule="JUnitTestContainsTooManyAsserts" ruleset="Best Practices" package="org.junit.jupiter.engine.extension" class="ParameterResolverTests" method="executeTestsForMethodWithExtendWithAnnotation" externalInfoUrl="https://pmd.github.io/pmd/pmd_rules_java_bestpractices.html#junittestcontainstoomanyasserts" priority="3">
Unit tests should not contain more than 1 assert(s).
</violation>
<violation beginline="199" endline="199" begincolumn="106" endcolumn="114" rule="SignatureDeclareThrowsException" ruleset="Design" package="org.junit.jupiter.engine.extension" class="ParameterResolverTests" method="executeTestsForParameterizedTypesSelectingByFullyQualifiedMethodNameContainingGenericInfo" externalInfoUrl="https://pmd.github.io/pmd/pmd_rules_java_design.html#signaturedeclarethrowsexception" priority="3">
A method/constructor should not explicitly throw java.lang.Exception
</violation>
<violation beginline="231" endline="234" begincolumn="3" endcolumn="3" rule="JUnitTestContainsTooManyAsserts" ruleset="Best Practices" package="org.junit.jupiter.engine.extension" class="ParameterResolverTests$ConstructorInjectionTestCase" method="test" externalInfoUrl="https://pmd.github.io/pmd/pmd_rules_java_bestpractices.html#junittestcontainstoomanyasserts" priority="3">
Unit tests should not contain more than 1 assert(s).
</violation>
<violation beginline="232" endline="232" begincolumn="4" endcolumn="16" rule="JUnitAssertionsShouldIncludeMessage" ruleset="Best Practices" package="org.junit.jupiter.engine.extension" class="ParameterResolverTests$ConstructorInjectionTestCase" method="test" externalInfoUrl="https://pmd.github.io/pmd/pmd_rules_java_bestpractices.html#junitassertionsshouldincludemessage" priority="3">
JUnit assertions should include a message
</violation>
<violation beginline="233" endline="233" begincolumn="4" endcolumn="16" rule="JUnitAssertionsShouldIncludeMessage" ruleset="Best Practices" package="org.junit.jupiter.engine.extension" class="ParameterResolverTests$ConstructorInjectionTestCase" method="test" externalInfoUrl="https://pmd.github.io/pmd/pmd_rules_java_bestpractices.html#junitassertionsshouldincludemessage" priority="3">
JUnit assertions should include a message
</violation>
<violation beginline="249" endline="254" begincolumn="4" endcolumn="4" rule="JUnitTestContainsTooManyAsserts" ruleset="Best Practices" package="org.junit.jupiter.engine.extension" class="ParameterResolverTests$ConstructorInjectionTestCase$NestedTestCase" method="test" externalInfoUrl="https://pmd.github.io/pmd/pmd_rules_java_bestpractices.html#junittestcontainstoomanyasserts" priority="3">
Unit tests should not contain more than 1 assert(s).
</violation>
<violation beginline="250" endline="250" begincolumn="5" endcolumn="17" rule="JUnitAssertionsShouldIncludeMessage" ruleset="Best Practices" package="org.junit.jupiter.engine.extension" class="ParameterResolverTests$ConstructorInjectionTestCase$NestedTestCase" method="test" externalInfoUrl="https://pmd.github.io/pmd/pmd_rules_java_bestpractices.html#junitassertionsshouldincludemessage" priority="3">
JUnit assertions should include a message
</violation>
<violation beginline="251" endline="251" begincolumn="5" endcolumn="17" rule="JUnitAssertionsShouldIncludeMessage" ruleset="Best Practices" package="org.junit.jupiter.engine.extension" class="ParameterResolverTests$ConstructorInjectionTestCase$NestedTestCase" method="test" externalInfoUrl="https://pmd.github.io/pmd/pmd_rules_java_bestpractices.html#junitassertionsshouldincludemessage" priority="3">
JUnit assertions should include a message
</violation>
<violation beginline="252" endline="252" begincolumn="5" endcolumn="17" rule="JUnitAssertionsShouldIncludeMessage" ruleset="Best Practices" package="org.junit.jupiter.engine.extension" class="ParameterResolverTests$ConstructorInjectionTestCase$NestedTestCase" method="test" externalInfoUrl="https://pmd.github.io/pmd/pmd_rules_java_bestpractices.html#junitassertionsshouldincludemessage" priority="3">
JUnit assertions should include a message
</violation>
<violation beginline="253" endline="253" begincolumn="5" endcolumn="17" rule="JUnitAssertionsShouldIncludeMessage" ruleset="Best Practices" package="org.junit.jupiter.engine.extension" class="ParameterResolverTests$ConstructorInjectionTestCase$NestedTestCase" method="test" externalInfoUrl="https://pmd.github.io/pmd/pmd_rules_java_bestpractices.html#junitassertionsshouldincludemessage" priority="3">
JUnit assertions should include a message
</violation>
<violation beginline="263" endline="263" begincolumn="4" endcolumn="16" rule="JUnitAssertionsShouldIncludeMessage" ruleset="Best Practices" package="org.junit.jupiter.engine.extension" class="ParameterResolverTests$MethodInjectionTestCase" method="parameterInjectionOfTestInfo" externalInfoUrl="https://pmd.github.io/pmd/pmd_rules_java_bestpractices.html#junitassertionsshouldincludemessage" priority="3">
JUnit assertions should include a message
</violation>
<violation beginline="267" endline="269" begincolumn="3" endcolumn="3" rule="JUnitTestsShouldIncludeAssert" ruleset="Best Practices" package="org.junit.jupiter.engine.extension" class="ParameterResolverTests$MethodInjectionTestCase" method="parameterInjectionWithCompetingResolversFail" externalInfoUrl="https://pmd.github.io/pmd/pmd_rules_java_bestpractices.html#junittestsshouldincludeassert" priority="3">
JUnit tests should include assert() or fail()
</violation>
<violation beginline="273" endline="273" begincolumn="4" endcolumn="16" rule="JUnitAssertionsShouldIncludeMessage" ruleset="Best Practices" package="org.junit.jupiter.engine.extension" class="ParameterResolverTests$MethodInjectionTestCase" method="parameterInjectionByType" externalInfoUrl="https://pmd.github.io/pmd/pmd_rules_java_bestpractices.html#junitassertionsshouldincludemessage" priority="3">
JUnit assertions should include a message
</violation>
<violation beginline="278" endline="278" begincolumn="4" endcolumn="16" rule="JUnitAssertionsShouldIncludeMessage" ruleset="Best Practices" package="org.junit.jupiter.engine.extension" class="ParameterResolverTests$MethodInjectionTestCase" method="parameterInjectionByAnnotation" externalInfoUrl="https://pmd.github.io/pmd/pmd_rules_java_bestpractices.html#junitassertionsshouldincludemessage" priority="3">
JUnit assertions should include a message
</violation>
<violation beginline="285" endline="285" begincolumn="4" endcolumn="13" rule="JUnitAssertionsShouldIncludeMessage" ruleset="Best Practices" package="org.junit.jupiter.engine.extension" class="ParameterResolverTests$MethodInjectionTestCase" method="overloadedName" externalInfoUrl="https://pmd.github.io/pmd/pmd_rules_java_bestpractices.html#junitassertionsshouldincludemessage" priority="3">
JUnit assertions should include a message
</violation>
<violation beginline="285" endline="285" begincolumn="4" endcolumn="19" rule="UnnecessaryBooleanAssertion" ruleset="Error Prone" package="org.junit.jupiter.engine.extension" class="ParameterResolverTests$MethodInjectionTestCase" method="overloadedName" externalInfoUrl="https://pmd.github.io/pmd/pmd_rules_java_errorprone.html#unnecessarybooleanassertion" priority="3">
assertTrue(true) or similar statements are unnecessary
</violation>
<violation beginline="285" endline="285" begincolumn="4" endcolumn="19" rule="UnnecessaryBooleanAssertion" ruleset="Error Prone" package="org.junit.jupiter.engine.extension" class="ParameterResolverTests$MethodInjectionTestCase" method="overloadedName" externalInfoUrl="https://pmd.github.io/pmd/pmd_rules_java_errorprone.html#unnecessarybooleanassertion" priority="3">
assertTrue(true) or similar statements are unnecessary
</violation>
<violation beginline="290" endline="290" begincolumn="4" endcolumn="16" rule="JUnitAssertionsShouldIncludeMessage" ruleset="Best Practices" package="org.junit.jupiter.engine.extension" class="ParameterResolverTests$MethodInjectionTestCase" method="overloadedName" externalInfoUrl="https://pmd.github.io/pmd/pmd_rules_java_bestpractices.html#junitassertionsshouldincludemessage" priority="3">
JUnit assertions should include a message
</violation>
<violation beginline="294" endline="297" begincolumn="3" endcolumn="3" rule="JUnitTestContainsTooManyAsserts" ruleset="Best Practices" package="org.junit.jupiter.engine.extension" class="ParameterResolverTests$MethodInjectionTestCase" method="overloadedName" externalInfoUrl="https://pmd.github.io/pmd/pmd_rules_java_bestpractices.html#junittestcontainstoomanyasserts" priority="3">
Unit tests should not contain more than 1 assert(s).
</violation>
<violation beginline="295" endline="295" begincolumn="4" endcolumn="16" rule="JUnitAssertionsShouldIncludeMessage" ruleset="Best Practices" package="org.junit.jupiter.engine.extension" class="ParameterResolverTests$MethodInjectionTestCase" method="overloadedName" externalInfoUrl="https://pmd.github.io/pmd/pmd_rules_java_bestpractices.html#junitassertionsshouldincludemessage" priority="3">
JUnit assertions should include a message
</violation>
<violation beginline="296" endline="296" begincolumn="4" endcolumn="16" rule="JUnitAssertionsShouldIncludeMessage" ruleset="Best Practices" package="org.junit.jupiter.engine.extension" class="ParameterResolverTests$MethodInjectionTestCase" method="overloadedName" externalInfoUrl="https://pmd.github.io/pmd/pmd_rules_java_bestpractices.html#junitassertionsshouldincludemessage" priority="3">
JUnit assertions should include a message
</violation>
<violation beginline="305" endline="305" begincolumn="4" endcolumn="13" rule="JUnitAssertionsShouldIncludeMessage" ruleset="Best Practices" package="org.junit.jupiter.engine.extension" class="ParameterResolverTests$NullMethodInjectionTestCase" method="injectWrapper" externalInfoUrl="https://pmd.github.io/pmd/pmd_rules_java_bestpractices.html#junitassertionsshouldincludemessage" priority="3">
JUnit assertions should include a message
</violation>
<violation beginline="309" endline="311" begincolumn="3" endcolumn="3" rule="JUnitTestsShouldIncludeAssert" ruleset="Best Practices" package="org.junit.jupiter.engine.extension" class="ParameterResolverTests$NullMethodInjectionTestCase" method="injectPrimitive" externalInfoUrl="https://pmd.github.io/pmd/pmd_rules_java_bestpractices.html#junittestsshouldincludeassert" priority="3">
JUnit tests should include assert() or fail()
</violation>
<violation beginline="319" endline="319" begincolumn="4" endcolumn="15" rule="JUnitAssertionsShouldIncludeMessage" ruleset="Best Practices" package="org.junit.jupiter.engine.extension" class="ParameterResolverTests$PrimitiveIntegerMethodInjectionTestCase" method="intPrimitive" externalInfoUrl="https://pmd.github.io/pmd/pmd_rules_java_bestpractices.html#junitassertionsshouldincludemessage" priority="3">
JUnit assertions should include a message
</violation>
<violation beginline="328" endline="328" begincolumn="4" endcolumn="20" rule="JUnitAssertionsShouldIncludeMessage" ruleset="Best Practices" package="org.junit.jupiter.engine.extension" class="ParameterResolverTests$PrimitiveArrayMethodInjectionTestCase" method="primitiveArray" externalInfoUrl="https://pmd.github.io/pmd/pmd_rules_java_bestpractices.html#junitassertionsshouldincludemessage" priority="3">
JUnit assertions should include a message
</violation>
<violation beginline="337" endline="337" begincolumn="4" endcolumn="15" rule="JUnitAssertionsShouldIncludeMessage" ruleset="Best Practices" package="org.junit.jupiter.engine.extension" class="ParameterResolverTests$PotentiallyIncompatibleTypeMethodInjectionTestCase" method="numberParameterInjection" externalInfoUrl="https://pmd.github.io/pmd/pmd_rules_java_bestpractices.html#junitassertionsshouldincludemessage" priority="3">
JUnit assertions should include a message
</violation>
<violation beginline="342" endline="342" begincolumn="4" endcolumn="15" rule="JUnitAssertionsShouldIncludeMessage" ruleset="Best Practices" package="org.junit.jupiter.engine.extension" class="ParameterResolverTests$PotentiallyIncompatibleTypeMethodInjectionTestCase" method="integerParameterInjection" externalInfoUrl="https://pmd.github.io/pmd/pmd_rules_java_bestpractices.html#junitassertionsshouldincludemessage" priority="3">
JUnit assertions should include a message
</violation>
<violation beginline="350" endline="352" begincolumn="3" endcolumn="3" rule="JUnitTestsShouldIncludeAssert" ruleset="Best Practices" package="org.junit.jupiter.engine.extension" class="ParameterResolverTests$PotentiallyIncompatibleTypeMethodInjectionTestCase" method="doubleParameterInjection" externalInfoUrl="https://pmd.github.io/pmd/pmd_rules_java_bestpractices.html#junittestsshouldincludeassert" priority="3">
JUnit tests should include assert() or fail()
</violation>
<violation beginline="359" endline="359" begincolumn="4" endcolumn="15" rule="JUnitAssertionsShouldIncludeMessage" ruleset="Best Practices" package="org.junit.jupiter.engine.extension" class="ParameterResolverTests$BeforeAndAfterMethodInjectionTestCase" method="before" externalInfoUrl="https://pmd.github.io/pmd/pmd_rules_java_bestpractices.html#junitassertionsshouldincludemessage" priority="3">
JUnit assertions should include a message
</violation>
<violation beginline="364" endline="365" begincolumn="26" endcolumn="3" rule="UncommentedEmptyMethodBody" ruleset="Documentation" package="org.junit.jupiter.engine.extension" class="ParameterResolverTests$BeforeAndAfterMethodInjectionTestCase" method="customNamedTest" externalInfoUrl="https://pmd.github.io/pmd/pmd_rules_java_documentation.html#uncommentedemptymethodbody" priority="3">
Document empty method body
</violation>
<violation beginline="364" endline="365" begincolumn="3" endcolumn="3" rule="JUnitTestsShouldIncludeAssert" ruleset="Best Practices" package="org.junit.jupiter.engine.extension" class="ParameterResolverTests$BeforeAndAfterMethodInjectionTestCase" method="customNamedTest" externalInfoUrl="https://pmd.github.io/pmd/pmd_rules_java_bestpractices.html#junittestsshouldincludeassert" priority="3">
JUnit tests should include assert() or fail()
</violation>
<violation beginline="369" endline="369" begincolumn="4" endcolumn="15" rule="JUnitAssertionsShouldIncludeMessage" ruleset="Best Practices" package="org.junit.jupiter.engine.extension" class="ParameterResolverTests$BeforeAndAfterMethodInjectionTestCase" method="after" externalInfoUrl="https://pmd.github.io/pmd/pmd_rules_java_bestpractices.html#junitassertionsshouldincludemessage" priority="3">
JUnit assertions should include a message
</violation>
<violation beginline="378" endline="378" begincolumn="4" endcolumn="15" rule="JUnitAssertionsShouldIncludeMessage" ruleset="Best Practices" package="org.junit.jupiter.engine.extension" class="ParameterResolverTests$BeforeAndAfterAllMethodInjectionTestCase" method="beforeAll" externalInfoUrl="https://pmd.github.io/pmd/pmd_rules_java_bestpractices.html#junitassertionsshouldincludemessage" priority="3">
JUnit assertions should include a message
</violation>
<violation beginline="382" endline="383" begincolumn="16" endcolumn="3" rule="UncommentedEmptyMethodBody" ruleset="Documentation" package="org.junit.jupiter.engine.extension" class="ParameterResolverTests$BeforeAndAfterAllMethodInjectionTestCase" method="aTest" externalInfoUrl="https://pmd.github.io/pmd/pmd_rules_java_documentation.html#uncommentedemptymethodbody" priority="3">
Document empty method body
</violation>
<violation beginline="382" endline="383" begincolumn="3" endcolumn="3" rule="JUnitTestsShouldIncludeAssert" ruleset="Best Practices" package="org.junit.jupiter.engine.extension" class="ParameterResolverTests$BeforeAndAfterAllMethodInjectionTestCase" method="aTest" externalInfoUrl="https://pmd.github.io/pmd/pmd_rules_java_bestpractices.html#junittestsshouldincludeassert" priority="3">
JUnit tests should include assert() or fail()
</violation>
<violation beginline="387" endline="387" begincolumn="4" endcolumn="15" rule="JUnitAssertionsShouldIncludeMessage" ruleset="Best Practices" package="org.junit.jupiter.engine.extension" class="ParameterResolverTests$BeforeAndAfterAllMethodInjectionTestCase" method="afterAll" externalInfoUrl="https://pmd.github.io/pmd/pmd_rules_java_bestpractices.html#junitassertionsshouldincludemessage" priority="3">
JUnit assertions should include a message
</violation>
<violation beginline="404" endline="404" begincolumn="4" endcolumn="16" rule="JUnitAssertionsShouldIncludeMessage" ruleset="Best Practices" package="org.junit.jupiter.engine.extension" class="ParameterResolverTests$ExtendWithOnMethodTestCase" method="setUpAndTearDown" externalInfoUrl="https://pmd.github.io/pmd/pmd_rules_java_bestpractices.html#junitassertionsshouldincludemessage" priority="3">
JUnit assertions should include a message
</violation>
<violation beginline="405" endline="405" begincolumn="4" endcolumn="16" rule="JUnitAssertionsShouldIncludeMessage" ruleset="Best Practices" package="org.junit.jupiter.engine.extension" class="ParameterResolverTests$ExtendWithOnMethodTestCase" method="setUpAndTearDown" externalInfoUrl="https://pmd.github.io/pmd/pmd_rules_java_bestpractices.html#junitassertionsshouldincludemessage" priority="3">
JUnit assertions should include a message
</violation>
<violation beginline="411" endline="414" begincolumn="3" endcolumn="3" rule="JUnitTestContainsTooManyAsserts" ruleset="Best Practices" package="org.junit.jupiter.engine.extension" class="ParameterResolverTests$ExtendWithOnMethodTestCase" method="testMethodWithExtensionAnnotation" externalInfoUrl="https://pmd.github.io/pmd/pmd_rules_java_bestpractices.html#junittestcontainstoomanyasserts" priority="3">
Unit tests should not contain more than 1 assert(s).
</violation>
<violation beginline="412" endline="412" begincolumn="4" endcolumn="16" rule="JUnitAssertionsShouldIncludeMessage" ruleset="Best Practices" package="org.junit.jupiter.engine.extension" class="ParameterResolverTests$ExtendWithOnMethodTestCase" method="testMethodWithExtensionAnnotation" externalInfoUrl="https://pmd.github.io/pmd/pmd_rules_java_bestpractices.html#junitassertionsshouldincludemessage" priority="3">
JUnit assertions should include a message
</violation>
<violation beginline="413" endline="413" begincolumn="4" endcolumn="16" rule="JUnitAssertionsShouldIncludeMessage" ruleset="Best Practices" package="org.junit.jupiter.engine.extension" class="ParameterResolverTests$ExtendWithOnMethodTestCase" method="testMethodWithExtensionAnnotation" externalInfoUrl="https://pmd.github.io/pmd/pmd_rules_java_bestpractices.html#junitassertionsshouldincludemessage" priority="3">
JUnit assertions should include a message
</violation>
<violation beginline="421" endline="424" begincolumn="3" endcolumn="3" rule="JUnitTestContainsTooManyAsserts" ruleset="Best Practices" package="org.junit.jupiter.engine.extension" class="ParameterResolverTests$ParameterizedTypeTestCase" method="testMapOfStrings" externalInfoUrl="https://pmd.github.io/pmd/pmd_rules_java_bestpractices.html#junittestcontainstoomanyasserts" priority="3">
Unit tests should not contain more than 1 assert(s).
</violation>
<violation beginline="422" endline="422" begincolumn="4" endcolumn="16" rule="JUnitAssertionsShouldIncludeMessage" ruleset="Best Practices" package="org.junit.jupiter.engine.extension" class="ParameterResolverTests$ParameterizedTypeTestCase" method="testMapOfStrings" externalInfoUrl="https://pmd.github.io/pmd/pmd_rules_java_bestpractices.html#junitassertionsshouldincludemessage" priority="3">
JUnit assertions should include a message
</violation>
<violation beginline="423" endline="423" begincolumn="4" endcolumn="15" rule="JUnitAssertionsShouldIncludeMessage" ruleset="Best Practices" package="org.junit.jupiter.engine.extension" class="ParameterResolverTests$ParameterizedTypeTestCase" method="testMapOfStrings" externalInfoUrl="https://pmd.github.io/pmd/pmd_rules_java_bestpractices.html#junitassertionsshouldincludemessage" priority="3">
JUnit assertions should include a message
</violation>
</file>
<file name="C:\Users\Sokaina\Downloads\Versiones-Junit5\junit5-r5.0.2\junit-jupiter-engine\src\test\java\org\junit\jupiter\engine\extension\RepeatedTestTests.java">
<violation beginline="11" endline="185" begincolumn="1" endcolumn="2" rule="TooManyStaticImports" ruleset="Code Style" package="org.junit.jupiter.engine.extension" class="RepeatedTestTests" externalInfoUrl="https://pmd.github.io/pmd/pmd_rules_java_codestyle.html#toomanystaticimports" priority="3">
Too many static imports may lead to messy code
</violation>
<violation beginline="45" endline="45" begincolumn="21" endcolumn="32" rule="RedundantFieldInitializer" ruleset="Performance" package="org.junit.jupiter.engine.extension" class="RepeatedTestTests" variable="fortyTwo" externalInfoUrl="https://pmd.github.io/pmd/pmd_rules_java_performance.html#redundantfieldinitializer" priority="3">
Avoid using redundant field initializer for 'fortyTwo'
</violation>
<violation beginline="50" endline="50" begincolumn="7" endcolumn="69" rule="LiteralsFirstInComparisons" ruleset="Best Practices" package="org.junit.jupiter.engine.extension" class="RepeatedTestTests" method="beforeAndAfterEach" externalInfoUrl="https://pmd.github.io/pmd/pmd_rules_java_bestpractices.html#literalsfirstincomparisons" priority="3">
Position literals first in String comparisons
</violation>
<violation beginline="54" endline="54" begincolumn="12" endcolumn="83" rule="LiteralsFirstInComparisons" ruleset="Best Practices" package="org.junit.jupiter.engine.extension" class="RepeatedTestTests" method="beforeAndAfterEach" externalInfoUrl="https://pmd.github.io/pmd/pmd_rules_java_bestpractices.html#literalsfirstincomparisons" priority="3">
Position literals first in String comparisons
</violation>
<violation beginline="77" endline="77" begincolumn="15" endcolumn="23" rule="AvoidDuplicateLiterals" ruleset="Error Prone" package="org.junit.jupiter.engine.extension" class="RepeatedTestTests" externalInfoUrl="https://pmd.github.io/pmd/pmd_rules_java_errorprone.html#avoidduplicateliterals" priority="3">
The String literal "Repeat!" appears 7 times in this file; the first occurrence is on line 77
</violation>
<violation beginline="170" endline="171" begincolumn="31" endcolumn="3" rule="UncommentedEmptyMethodBody" ruleset="Documentation" package="org.junit.jupiter.engine.extension" class="RepeatedTestTests$TestCase" method="testWithEmptyPattern" externalInfoUrl="https://pmd.github.io/pmd/pmd_rules_java_documentation.html#uncommentedemptymethodbody" priority="3">
Document empty method body
</violation>
<violation beginline="174" endline="175" begincolumn="31" endcolumn="3" rule="UncommentedEmptyMethodBody" ruleset="Documentation" package="org.junit.jupiter.engine.extension" class="RepeatedTestTests$TestCase" method="testWithBlankPattern" externalInfoUrl="https://pmd.github.io/pmd/pmd_rules_java_documentation.html#uncommentedemptymethodbody" priority="3">
Document empty method body
</violation>
<violation beginline="178" endline="179" begincolumn="30" endcolumn="3" rule="UncommentedEmptyMethodBody" ruleset="Documentation" package="org.junit.jupiter.engine.extension" class="RepeatedTestTests$TestCase" method="negativeRepeatCount" externalInfoUrl="https://pmd.github.io/pmd/pmd_rules_java_documentation.html#uncommentedemptymethodbody" priority="3">
Document empty method body
</violation>
<violation beginline="182" endline="183" begincolumn="26" endcolumn="3" rule="UncommentedEmptyMethodBody" ruleset="Documentation" package="org.junit.jupiter.engine.extension" class="RepeatedTestTests$TestCase" method="zeroRepeatCount" externalInfoUrl="https://pmd.github.io/pmd/pmd_rules_java_documentation.html#uncommentedemptymethodbody" priority="3">
Document empty method body
</violation>
</file>
<file name="C:\Users\Sokaina\Downloads\Versiones-Junit5\junit5-r5.0.2\junit-jupiter-engine\src\test\java\org\junit\jupiter\engine\extension\ServiceLoaderExtension.java">
<violation beginline="25" endline="26" begincolumn="67" endcolumn="2" rule="UncommentedEmptyMethodBody" ruleset="Documentation" package="org.junit.jupiter.engine.extension" class="ServiceLoaderExtension" method="beforeAll" externalInfoUrl="https://pmd.github.io/pmd/pmd_rules_java_documentation.html#uncommentedemptymethodbody" priority="3">
Document empty method body
</violation>
</file>
<file name="C:\Users\Sokaina\Downloads\Versiones-Junit5\junit5-r5.0.2\junit-jupiter-engine\src\test\java\org\junit\jupiter\engine\extension\TestExecutionExceptionHandlerTests.java">
<violation beginline="11" endline="216" begincolumn="1" endcolumn="2" rule="TooManyStaticImports" ruleset="Code Style" package="org.junit.jupiter.engine.extension" class="TestExecutionExceptionHandlerTests" externalInfoUrl="https://pmd.github.io/pmd/pmd_rules_java_codestyle.html#toomanystaticimports" priority="3">
Too many static imports may lead to messy code
</violation>
<violation beginline="51" endline="51" begincolumn="2" endcolumn="54" rule="DefaultPackage" ruleset="Code Style" package="org.junit.jupiter.engine.extension" class="TestExecutionExceptionHandlerTests" externalInfoUrl="https://pmd.github.io/pmd/pmd_rules_java_codestyle.html#defaultpackage" priority="3">
Use explicit scoping instead of the default package private level
</violation>
<violation beginline="63" endline="77" begincolumn="2" endcolumn="2" rule="JUnitTestContainsTooManyAsserts" ruleset="Best Practices" package="org.junit.jupiter.engine.extension" class="TestExecutionExceptionHandlerTests" method="exceptionHandlerRethrowsException" externalInfoUrl="https://pmd.github.io/pmd/pmd_rules_java_bestpractices.html#junittestcontainstoomanyasserts" priority="3">
Unit tests should not contain more than 1 assert(s).
</violation>
<violation beginline="74" endline="74" begincolumn="89" endcolumn="97" rule="AvoidDuplicateLiterals" ruleset="Error Prone" package="org.junit.jupiter.engine.extension" class="TestExecutionExceptionHandlerTests" method="exceptionHandlerRethrowsException" externalInfoUrl="https://pmd.github.io/pmd/pmd_rules_java_errorprone.html#avoidduplicateliterals" priority="3">
The String literal "checked" appears 5 times in this file; the first occurrence is on line 74
</violation>
<violation beginline="80" endline="94" begincolumn="2" endcolumn="2" rule="JUnitTestContainsTooManyAsserts" ruleset="Best Practices" package="org.junit.jupiter.engine.extension" class="TestExecutionExceptionHandlerTests" method="exceptionHandlerSwallowsException" externalInfoUrl="https://pmd.github.io/pmd/pmd_rules_java_bestpractices.html#junittestcontainstoomanyasserts" priority="3">
Unit tests should not contain more than 1 assert(s).
</violation>
<violation beginline="97" endline="111" begincolumn="2" endcolumn="2" rule="JUnitTestContainsTooManyAsserts" ruleset="Best Practices" package="org.junit.jupiter.engine.extension" class="TestExecutionExceptionHandlerTests" method="exceptionHandlerConvertsException" externalInfoUrl="https://pmd.github.io/pmd/pmd_rules_java_bestpractices.html#junittestcontainstoomanyasserts" priority="3">
Unit tests should not contain more than 1 assert(s).
</violation>
<violation beginline="114" endline="133" begincolumn="2" endcolumn="2" rule="JUnitTestContainsTooManyAsserts" ruleset="Best Practices" package="org.junit.jupiter.engine.extension" class="TestExecutionExceptionHandlerTests" method="severalHandlersAreCalledInOrder" externalInfoUrl="https://pmd.github.io/pmd/pmd_rules_java_bestpractices.html#junittestcontainstoomanyasserts" priority="3">
Unit tests should not contain more than 1 assert(s).
</violation>
<violation beginline="132" endline="132" begincolumn="3" endcolumn="14" rule="JUnitAssertionsShouldIncludeMessage" ruleset="Best Practices" package="org.junit.jupiter.engine.extension" class="TestExecutionExceptionHandlerTests" method="severalHandlersAreCalledInOrder" externalInfoUrl="https://pmd.github.io/pmd/pmd_rules_java_bestpractices.html#junitassertionsshouldincludemessage" priority="3">
JUnit assertions should include a message
</violation>
<violation beginline="141" endline="143" begincolumn="3" endcolumn="3" rule="JUnitTestsShouldIncludeAssert" ruleset="Best Practices" package="org.junit.jupiter.engine.extension" class="TestExecutionExceptionHandlerTests$ATestCase" method="testRethrow" externalInfoUrl="https://pmd.github.io/pmd/pmd_rules_java_bestpractices.html#junittestsshouldincludeassert" priority="3">
JUnit tests should include assert() or fail()
</violation>
<violation beginline="147" endline="149" begincolumn="3" endcolumn="3" rule="JUnitTestsShouldIncludeAssert" ruleset="Best Practices" package="org.junit.jupiter.engine.extension" class="TestExecutionExceptionHandlerTests$ATestCase" method="testSwallow" externalInfoUrl="https://pmd.github.io/pmd/pmd_rules_java_bestpractices.html#junittestsshouldincludeassert" priority="3">
JUnit tests should include assert() or fail()
</violation>
<violation beginline="153" endline="155" begincolumn="3" endcolumn="3" rule="JUnitTestsShouldIncludeAssert" ruleset="Best Practices" package="org.junit.jupiter.engine.extension" class="TestExecutionExceptionHandlerTests$ATestCase" method="testConvert" externalInfoUrl="https://pmd.github.io/pmd/pmd_rules_java_bestpractices.html#junittestsshouldincludeassert" priority="3">
JUnit tests should include assert() or fail()
</violation>
<violation beginline="154" endline="154" begincolumn="14" endcolumn="29" rule="AvoidThrowingRawExceptionTypes" ruleset="Design" package="org.junit.jupiter.engine.extension" class="TestExecutionExceptionHandlerTests$ATestCase" method="testConvert" externalInfoUrl="https://pmd.github.io/pmd/pmd_rules_java_design.html#avoidthrowingrawexceptiontypes" priority="1">
Avoid throwing raw exception types.
</violation>
<violation beginline="162" endline="164" begincolumn="3" endcolumn="3" rule="JUnitTestsShouldIncludeAssert" ruleset="Best Practices" package="org.junit.jupiter.engine.extension" class="TestExecutionExceptionHandlerTests$ATestCase" method="testSeveral" externalInfoUrl="https://pmd.github.io/pmd/pmd_rules_java_bestpractices.html#junittestsshouldincludeassert" priority="3">
JUnit tests should include assert() or fail()
</violation>
<violation beginline="163" endline="163" begincolumn="14" endcolumn="29" rule="AvoidThrowingRawExceptionTypes" ruleset="Design" package="org.junit.jupiter.engine.extension" class="TestExecutionExceptionHandlerTests$ATestCase" method="testSeveral" externalInfoUrl="https://pmd.github.io/pmd/pmd_rules_java_design.html#avoidthrowingrawexceptiontypes" priority="1">
Avoid throwing raw exception types.
</violation>
<violation beginline="169" endline="169" begincolumn="18" endcolumn="46" rule="RedundantFieldInitializer" ruleset="Performance" package="org.junit.jupiter.engine.extension" class="TestExecutionExceptionHandlerTests$RethrowException" variable="handleExceptionCalled" externalInfoUrl="https://pmd.github.io/pmd/pmd_rules_java_performance.html#redundantfieldinitializer" priority="3">
Avoid using redundant field initializer for 'handleExceptionCalled'
</violation>
<violation beginline="169" endline="169" begincolumn="3" endcolumn="47" rule="DefaultPackage" ruleset="Code Style" package="org.junit.jupiter.engine.extension" class="TestExecutionExceptionHandlerTests$RethrowException" externalInfoUrl="https://pmd.github.io/pmd/pmd_rules_java_codestyle.html#defaultpackage" priority="3">
Use explicit scoping instead of the default package private level
</violation>
<violation beginline="173" endline="173" begincolumn="4" endcolumn="13" rule="JUnitAssertionsShouldIncludeMessage" ruleset="Best Practices" package="org.junit.jupiter.engine.extension" class="TestExecutionExceptionHandlerTests$RethrowException" method="handleTestExecutionException" externalInfoUrl="https://pmd.github.io/pmd/pmd_rules_java_bestpractices.html#junitassertionsshouldincludemessage" priority="3">
JUnit assertions should include a message
</violation>
<violation beginline="183" endline="183" begincolumn="18" endcolumn="46" rule="RedundantFieldInitializer" ruleset="Performance" package="org.junit.jupiter.engine.extension" class="TestExecutionExceptionHandlerTests$SwallowException" variable="handleExceptionCalled" externalInfoUrl="https://pmd.github.io/pmd/pmd_rules_java_performance.html#redundantfieldinitializer" priority="3">
Avoid using redundant field initializer for 'handleExceptionCalled'
</violation>
<violation beginline="183" endline="183" begincolumn="3" endcolumn="47" rule="DefaultPackage" ruleset="Code Style" package="org.junit.jupiter.engine.extension" class="TestExecutionExceptionHandlerTests$SwallowException" externalInfoUrl="https://pmd.github.io/pmd/pmd_rules_java_codestyle.html#defaultpackage" priority="3">
Use explicit scoping instead of the default package private level
</violation>
<violation beginline="187" endline="187" begincolumn="4" endcolumn="13" rule="JUnitAssertionsShouldIncludeMessage" ruleset="Best Practices" package="org.junit.jupiter.engine.extension" class="TestExecutionExceptionHandlerTests$SwallowException" method="handleTestExecutionException" externalInfoUrl="https://pmd.github.io/pmd/pmd_rules_java_bestpractices.html#junitassertionsshouldincludemessage" priority="3">
JUnit assertions should include a message
</violation>
<violation beginline="196" endline="196" begincolumn="18" endcolumn="46" rule="RedundantFieldInitializer" ruleset="Performance" package="org.junit.jupiter.engine.extension" class="TestExecutionExceptionHandlerTests$ConvertException" variable="handleExceptionCalled" externalInfoUrl="https://pmd.github.io/pmd/pmd_rules_java_performance.html#redundantfieldinitializer" priority="3">
Avoid using redundant field initializer for 'handleExceptionCalled'
</violation>
<violation beginline="196" endline="196" begincolumn="3" endcolumn="47" rule="DefaultPackage" ruleset="Code Style" package="org.junit.jupiter.engine.extension" class="TestExecutionExceptionHandlerTests$ConvertException" externalInfoUrl="https://pmd.github.io/pmd/pmd_rules_java_codestyle.html#defaultpackage" priority="3">
Use explicit scoping instead of the default package private level
</violation>
<violation beginline="200" endline="200" begincolumn="4" endcolumn="13" rule="JUnitAssertionsShouldIncludeMessage" ruleset="Best Practices" package="org.junit.jupiter.engine.extension" class="TestExecutionExceptionHandlerTests$ConvertException" method="handleTestExecutionException" externalInfoUrl="https://pmd.github.io/pmd/pmd_rules_java_bestpractices.html#junitassertionsshouldincludemessage" priority="3">
JUnit assertions should include a message
</violation>
<violation beginline="209" endline="209" begincolumn="18" endcolumn="46" rule="RedundantFieldInitializer" ruleset="Performance" package="org.junit.jupiter.engine.extension" class="TestExecutionExceptionHandlerTests$ShouldNotBeCalled" variable="handleExceptionCalled" externalInfoUrl="https://pmd.github.io/pmd/pmd_rules_java_performance.html#redundantfieldinitializer" priority="3">
Avoid using redundant field initializer for 'handleExceptionCalled'
</violation>
<violation beginline="209" endline="209" begincolumn="3" endcolumn="47" rule="DefaultPackage" ruleset="Code Style" package="org.junit.jupiter.engine.extension" class="TestExecutionExceptionHandlerTests$ShouldNotBeCalled" externalInfoUrl="https://pmd.github.io/pmd/pmd_rules_java_codestyle.html#defaultpackage" priority="3">
Use explicit scoping instead of the default package private level
</violation>
</file>
<file name="C:\Users\Sokaina\Downloads\Versiones-Junit5\junit5-r5.0.2\junit-jupiter-engine\src\test\java\org\junit\jupiter\engine\extension\TestInfoParameterResolverTests.java">
<violation beginline="43" endline="43" begincolumn="3" endcolumn="14" rule="JUnitAssertionsShouldIncludeMessage" ruleset="Best Practices" package="org.junit.jupiter.engine.extension" class="TestInfoParameterResolverTests" method="defaultDisplayName" externalInfoUrl="https://pmd.github.io/pmd/pmd_rules_java_bestpractices.html#junitassertionsshouldincludemessage" priority="3">
JUnit assertions should include a message
</violation>
<violation beginline="49" endline="49" begincolumn="3" endcolumn="14" rule="JUnitAssertionsShouldIncludeMessage" ruleset="Best Practices" package="org.junit.jupiter.engine.extension" class="TestInfoParameterResolverTests" method="providedDisplayName" externalInfoUrl="https://pmd.github.io/pmd/pmd_rules_java_bestpractices.html#junitassertionsshouldincludemessage" priority="3">
JUnit assertions should include a message
</violation>
<violation beginline="56" endline="56" begincolumn="3" endcolumn="14" rule="JUnitAssertionsShouldIncludeMessage" ruleset="Best Practices" package="org.junit.jupiter.engine.extension" class="TestInfoParameterResolverTests" method="customDisplayNameThatIsEmpty" externalInfoUrl="https://pmd.github.io/pmd/pmd_rules_java_bestpractices.html#junitassertionsshouldincludemessage" priority="3">
JUnit assertions should include a message
</violation>
<violation beginline="61" endline="65" begincolumn="2" endcolumn="2" rule="JUnitTestContainsTooManyAsserts" ruleset="Best Practices" package="org.junit.jupiter.engine.extension" class="TestInfoParameterResolverTests" method="getTags" externalInfoUrl="https://pmd.github.io/pmd/pmd_rules_java_bestpractices.html#junittestcontainstoomanyasserts" priority="3">
Unit tests should not contain more than 1 assert(s).
</violation>
<violation beginline="62" endline="62" begincolumn="3" endcolumn="14" rule="JUnitAssertionsShouldIncludeMessage" ruleset="Best Practices" package="org.junit.jupiter.engine.extension" class="TestInfoParameterResolverTests" method="getTags" externalInfoUrl="https://pmd.github.io/pmd/pmd_rules_java_bestpractices.html#junitassertionsshouldincludemessage" priority="3">
JUnit assertions should include a message
</violation>
<violation beginline="63" endline="63" begincolumn="3" endcolumn="12" rule="JUnitAssertionsShouldIncludeMessage" ruleset="Best Practices" package="org.junit.jupiter.engine.extension" class="TestInfoParameterResolverTests" method="getTags" externalInfoUrl="https://pmd.github.io/pmd/pmd_rules_java_bestpractices.html#junitassertionsshouldincludemessage" priority="3">
JUnit assertions should include a message
</violation>
<violation beginline="64" endline="64" begincolumn="3" endcolumn="12" rule="JUnitAssertionsShouldIncludeMessage" ruleset="Best Practices" package="org.junit.jupiter.engine.extension" class="TestInfoParameterResolverTests" method="getTags" externalInfoUrl="https://pmd.github.io/pmd/pmd_rules_java_bestpractices.html#junitassertionsshouldincludemessage" priority="3">
JUnit assertions should include a message
</violation>
<violation beginline="76" endline="76" begincolumn="3" endcolumn="14" rule="JUnitAssertionsShouldIncludeMessage" ruleset="Best Practices" package="org.junit.jupiter.engine.extension" class="TestInfoParameterResolverTests" method="beforeAll" externalInfoUrl="https://pmd.github.io/pmd/pmd_rules_java_bestpractices.html#junitassertionsshouldincludemessage" priority="3">
JUnit assertions should include a message
</violation>
<violation beginline="77" endline="77" begincolumn="3" endcolumn="12" rule="JUnitAssertionsShouldIncludeMessage" ruleset="Best Practices" package="org.junit.jupiter.engine.extension" class="TestInfoParameterResolverTests" method="beforeAll" externalInfoUrl="https://pmd.github.io/pmd/pmd_rules_java_bestpractices.html#junitassertionsshouldincludemessage" priority="3">
JUnit assertions should include a message
</violation>
<violation beginline="83" endline="83" begincolumn="3" endcolumn="14" rule="JUnitAssertionsShouldIncludeMessage" ruleset="Best Practices" package="org.junit.jupiter.engine.extension" class="TestInfoParameterResolverTests" method="beforeAndAfterAll" externalInfoUrl="https://pmd.github.io/pmd/pmd_rules_java_bestpractices.html#junitassertionsshouldincludemessage" priority="3">
JUnit assertions should include a message
</violation>
</file>
<file name="C:\Users\Sokaina\Downloads\Versiones-Junit5\junit5-r5.0.2\junit-jupiter-engine\src\test\java\org\junit\jupiter\engine\extension\TestInstancePostProcessorTests.java">
<violation beginline="46" endline="72" begincolumn="2" endcolumn="2" rule="JUnitTestContainsTooManyAsserts" ruleset="Best Practices" package="org.junit.jupiter.engine.extension" class="TestInstancePostProcessorTests" method="instancePostProcessorsInNestedClasses" externalInfoUrl="https://pmd.github.io/pmd/pmd_rules_java_bestpractices.html#junittestcontainstoomanyasserts" priority="3">
Unit tests should not contain more than 1 assert(s).
</violation>
<violation beginline="75" endline="86" begincolumn="2" endcolumn="2" rule="JUnitTestContainsTooManyAsserts" ruleset="Best Practices" package="org.junit.jupiter.engine.extension" class="TestInstancePostProcessorTests" method="testSpecificTestInstancePostProcessorIsCalled" externalInfoUrl="https://pmd.github.io/pmd/pmd_rules_java_bestpractices.html#junittestcontainstoomanyasserts" priority="3">
Unit tests should not contain more than 1 assert(s).
</violation>
<violation beginline="107" endline="107" begincolumn="4" endcolumn="15" rule="JUnitAssertionsShouldIncludeMessage" ruleset="Best Practices" package="org.junit.jupiter.engine.extension" class="TestInstancePostProcessorTests$OuterTestCase" method="testOuter" externalInfoUrl="https://pmd.github.io/pmd/pmd_rules_java_bestpractices.html#junitassertionsshouldincludemessage" priority="3">
JUnit assertions should include a message
</violation>
<violation beginline="107" endline="107" begincolumn="17" endcolumn="22" rule="AvoidDuplicateLiterals" ruleset="Error Prone" package="org.junit.jupiter.engine.extension" class="TestInstancePostProcessorTests$OuterTestCase" method="testOuter" externalInfoUrl="https://pmd.github.io/pmd/pmd_rules_java_errorprone.html#avoidduplicateliterals" priority="3">
The String literal "foo:" appears 4 times in this file; the first occurrence is on line 107
</violation>
<violation beginline="128" endline="132" begincolumn="4" endcolumn="4" rule="JUnitTestContainsTooManyAsserts" ruleset="Best Practices" package="org.junit.jupiter.engine.extension" class="TestInstancePostProcessorTests$OuterTestCase$InnerTestCase" method="testInner" externalInfoUrl="https://pmd.github.io/pmd/pmd_rules_java_bestpractices.html#junittestcontainstoomanyasserts" priority="3">
Unit tests should not contain more than 1 assert(s).
</violation>
<violation beginline="129" endline="129" begincolumn="5" endcolumn="16" rule="JUnitAssertionsShouldIncludeMessage" ruleset="Best Practices" package="org.junit.jupiter.engine.extension" class="TestInstancePostProcessorTests$OuterTestCase$InnerTestCase" method="testInner" externalInfoUrl="https://pmd.github.io/pmd/pmd_rules_java_bestpractices.html#junitassertionsshouldincludemessage" priority="3">
JUnit assertions should include a message
</violation>
<violation beginline="130" endline="130" begincolumn="5" endcolumn="16" rule="JUnitAssertionsShouldIncludeMessage" ruleset="Best Practices" package="org.junit.jupiter.engine.extension" class="TestInstancePostProcessorTests$OuterTestCase$InnerTestCase" method="testInner" externalInfoUrl="https://pmd.github.io/pmd/pmd_rules_java_bestpractices.html#junitassertionsshouldincludemessage" priority="3">
JUnit assertions should include a message
</violation>
<violation beginline="155" endline="155" begincolumn="4" endcolumn="15" rule="JUnitAssertionsShouldIncludeMessage" ruleset="Best Practices" package="org.junit.jupiter.engine.extension" class="TestInstancePostProcessorTests$TestCaseWithTestSpecificTestInstancePostProcessor" method="test" externalInfoUrl="https://pmd.github.io/pmd/pmd_rules_java_bestpractices.html#junitassertionsshouldincludemessage" priority="3">
JUnit assertions should include a message
</violation>
</file>
<file name="C:\Users\Sokaina\Downloads\Versiones-Junit5\junit5-r5.0.2\junit-jupiter-engine\src\test\java\org\junit\jupiter\engine\extension\TestReporterParameterResolverTests.java">
<violation beginline="33" endline="33" begincolumn="2" endcolumn="78" rule="DefaultPackage" ruleset="Code Style" package="org.junit.jupiter.engine.extension" class="TestReporterParameterResolverTests" externalInfoUrl="https://pmd.github.io/pmd/pmd_rules_java_codestyle.html#defaultpackage" priority="3">
Use explicit scoping instead of the default package private level
</violation>
<violation beginline="36" endline="42" begincolumn="2" endcolumn="2" rule="JUnitTestContainsTooManyAsserts" ruleset="Best Practices" package="org.junit.jupiter.engine.extension" class="TestReporterParameterResolverTests" method="supports" externalInfoUrl="https://pmd.github.io/pmd/pmd_rules_java_bestpractices.html#junittestcontainstoomanyasserts" priority="3">
Unit tests should not contain more than 1 assert(s).
</violation>
<violation beginline="38" endline="38" begincolumn="3" endcolumn="12" rule="JUnitAssertionsShouldIncludeMessage" ruleset="Best Practices" package="org.junit.jupiter.engine.extension" class="TestReporterParameterResolverTests" method="supports" externalInfoUrl="https://pmd.github.io/pmd/pmd_rules_java_bestpractices.html#junitassertionsshouldincludemessage" priority="3">
JUnit assertions should include a message
</violation>
<violation beginline="41" endline="41" begincolumn="3" endcolumn="13" rule="JUnitAssertionsShouldIncludeMessage" ruleset="Best Practices" package="org.junit.jupiter.engine.extension" class="TestReporterParameterResolverTests" method="supports" externalInfoUrl="https://pmd.github.io/pmd/pmd_rules_java_bestpractices.html#junitassertionsshouldincludemessage" priority="3">
JUnit assertions should include a message
</violation>
<violation beginline="50" endline="50" begincolumn="3" endcolumn="15" rule="JUnitAssertionsShouldIncludeMessage" ruleset="Best Practices" package="org.junit.jupiter.engine.extension" class="TestReporterParameterResolverTests" method="resolve" externalInfoUrl="https://pmd.github.io/pmd/pmd_rules_java_bestpractices.html#junitassertionsshouldincludemessage" priority="3">
JUnit assertions should include a message
</violation>
<violation beginline="66" endline="67" begincolumn="63" endcolumn="3" rule="UncommentedEmptyMethodBody" ruleset="Documentation" package="org.junit.jupiter.engine.extension" class="TestReporterParameterResolverTests$Sample" method="methodWithTestReporterParameter" externalInfoUrl="https://pmd.github.io/pmd/pmd_rules_java_documentation.html#uncommentedemptymethodbody" priority="3">
Document empty method body
</violation>
<violation beginline="66" endline="67" begincolumn="3" endcolumn="3" rule="DefaultPackage" ruleset="Code Style" package="org.junit.jupiter.engine.extension" class="TestReporterParameterResolverTests$Sample" externalInfoUrl="https://pmd.github.io/pmd/pmd_rules_java_codestyle.html#defaultpackage" priority="3">
Use explicit scoping instead of the default package private level
</violation>
<violation beginline="69" endline="70" begincolumn="59" endcolumn="3" rule="UncommentedEmptyMethodBody" ruleset="Documentation" package="org.junit.jupiter.engine.extension" class="TestReporterParameterResolverTests$Sample" method="methodWithoutTestReporterParameter" externalInfoUrl="https://pmd.github.io/pmd/pmd_rules_java_documentation.html#uncommentedemptymethodbody" priority="3">
Document empty method body
</violation>
<violation beginline="69" endline="70" begincolumn="3" endcolumn="3" rule="DefaultPackage" ruleset="Code Style" package="org.junit.jupiter.engine.extension" class="TestReporterParameterResolverTests$Sample" externalInfoUrl="https://pmd.github.io/pmd/pmd_rules_java_codestyle.html#defaultpackage" priority="3">
Use explicit scoping instead of the default package private level
</violation>
</file>
<file name="C:\Users\Sokaina\Downloads\Versiones-Junit5\junit5-r5.0.2\junit-jupiter-migrationsupport\src\main\java\org\junit\jupiter\migrationsupport\rules\TestRuleSupport.java">
<violation beginline="107" endline="109" begincolumn="5" endcolumn="5" rule="AvoidCatchingThrowable" ruleset="Error Prone" package="org.junit.jupiter.migrationsupport.rules" class="TestRuleSupport" method="handleTestExecutionException" externalInfoUrl="https://pmd.github.io/pmd/pmd_rules_java_errorprone.html#avoidcatchingthrowable" priority="3">
A catch statement should never catch throwable since it includes errors.
</violation>
</file>
<file name="C:\Users\Sokaina\Downloads\Versiones-Junit5\junit5-r5.0.2\junit-jupiter-migrationsupport\src\main\java\org\junit\jupiter\migrationsupport\rules\adapter\GenericBeforeAndAfterAdvice.java">
<violation beginline="23" endline="24" begincolumn="24" endcolumn="2" rule="UncommentedEmptyMethodBody" ruleset="Documentation" package="org.junit.jupiter.migrationsupport.rules.adapter" class="GenericBeforeAndAfterAdvice" method="before" externalInfoUrl="https://pmd.github.io/pmd/pmd_rules_java_documentation.html#uncommentedemptymethodbody" priority="3">
Document empty method body
</violation>
<violation beginline="26" endline="27" begincolumn="78" endcolumn="2" rule="UncommentedEmptyMethodBody" ruleset="Documentation" package="org.junit.jupiter.migrationsupport.rules.adapter" class="GenericBeforeAndAfterAdvice" method="handleTestExecutionException" externalInfoUrl="https://pmd.github.io/pmd/pmd_rules_java_documentation.html#uncommentedemptymethodbody" priority="3">
Document empty method body
</violation>
<violation beginline="29" endline="30" begincolumn="23" endcolumn="2" rule="UncommentedEmptyMethodBody" ruleset="Documentation" package="org.junit.jupiter.migrationsupport.rules.adapter" class="GenericBeforeAndAfterAdvice" method="after" externalInfoUrl="https://pmd.github.io/pmd/pmd_rules_java_documentation.html#uncommentedemptymethodbody" priority="3">
Document empty method body
</violation>
</file>
<file name="C:\Users\Sokaina\Downloads\Versiones-Junit5\junit5-r5.0.2\junit-jupiter-migrationsupport\src\test\java\org\junit\jupiter\migrationsupport\rules\AbstractTestRuleAdapterTests.java">
<violation beginline="32" endline="34" begincolumn="2" endcolumn="2" rule="JUnitTestsShouldIncludeAssert" ruleset="Best Practices" package="org.junit.jupiter.migrationsupport.rules" class="AbstractTestRuleAdapterTests" method="constructionWithAssignableArgumentsIsSuccessful" externalInfoUrl="https://pmd.github.io/pmd/pmd_rules_java_bestpractices.html#junittestsshouldincludeassert" priority="3">
JUnit tests should include assert() or fail()
</violation>
<violation beginline="37" endline="43" begincolumn="2" endcolumn="2" rule="JUnitTestContainsTooManyAsserts" ruleset="Best Practices" package="org.junit.jupiter.migrationsupport.rules" class="AbstractTestRuleAdapterTests" method="constructionWithUnassignableArgumentsFails" externalInfoUrl="https://pmd.github.io/pmd/pmd_rules_java_bestpractices.html#junittestcontainstoomanyasserts" priority="3">
Unit tests should not contain more than 1 assert(s).
</violation>
<violation beginline="41" endline="41" begincolumn="3" endcolumn="14" rule="JUnitAssertionsShouldIncludeMessage" ruleset="Best Practices" package="org.junit.jupiter.migrationsupport.rules" class="AbstractTestRuleAdapterTests" method="constructionWithUnassignableArgumentsFails" externalInfoUrl="https://pmd.github.io/pmd/pmd_rules_java_bestpractices.html#junitassertionsshouldincludemessage" priority="3">
JUnit assertions should include a message
</violation>
<violation beginline="46" endline="59" begincolumn="2" endcolumn="2" rule="JUnitTestContainsTooManyAsserts" ruleset="Best Practices" package="org.junit.jupiter.migrationsupport.rules" class="AbstractTestRuleAdapterTests" method="exceptionsDuringMethodLookupAreWrappedAndThrown" externalInfoUrl="https://pmd.github.io/pmd/pmd_rules_java_bestpractices.html#junittestcontainstoomanyasserts" priority="3">
Unit tests should not contain more than 1 assert(s).
</violation>
<violation beginline="58" endline="58" begincolumn="3" endcolumn="14" rule="JUnitAssertionsShouldIncludeMessage" ruleset="Best Practices" package="org.junit.jupiter.migrationsupport.rules" class="AbstractTestRuleAdapterTests" method="exceptionsDuringMethodLookupAreWrappedAndThrown" externalInfoUrl="https://pmd.github.io/pmd/pmd_rules_java_bestpractices.html#junitassertionsshouldincludemessage" priority="3">
JUnit assertions should include a message
</violation>
</file>
<file name="C:\Users\Sokaina\Downloads\Versiones-Junit5\junit5-r5.0.2\junit-jupiter-migrationsupport\src\test\java\org\junit\jupiter\migrationsupport\rules\EnableRuleMigrationSupportWithBothRuleTypesTests.java">
<violation beginline="11" endline="87" begincolumn="1" endcolumn="2" rule="TooManyStaticImports" ruleset="Code Style" package="org.junit.jupiter.migrationsupport.rules" class="EnableRuleMigrationSupportWithBothRuleTypesTests" externalInfoUrl="https://pmd.github.io/pmd/pmd_rules_java_codestyle.html#toomanystaticimports" priority="3">
Too many static imports may lead to messy code
</violation>
<violation beginline="28" endline="28" begincolumn="25" endcolumn="55" rule="RedundantFieldInitializer" ruleset="Performance" package="org.junit.jupiter.migrationsupport.rules" class="EnableRuleMigrationSupportWithBothRuleTypesTests" variable="afterOfRule1WasExecuted" externalInfoUrl="https://pmd.github.io/pmd/pmd_rules_java_performance.html#redundantfieldinitializer" priority="3">
Avoid using redundant field initializer for 'afterOfRule1WasExecuted'
</violation>
<violation beginline="30" endline="30" begincolumn="25" endcolumn="56" rule="RedundantFieldInitializer" ruleset="Performance" package="org.junit.jupiter.migrationsupport.rules" class="EnableRuleMigrationSupportWithBothRuleTypesTests" variable="beforeOfRule2WasExecuted" externalInfoUrl="https://pmd.github.io/pmd/pmd_rules_java_performance.html#redundantfieldinitializer" priority="3">
Avoid using redundant field initializer for 'beforeOfRule2WasExecuted'
</violation>
<violation beginline="31" endline="31" begincolumn="25" endcolumn="55" rule="RedundantFieldInitializer" ruleset="Performance" package="org.junit.jupiter.migrationsupport.rules" class="EnableRuleMigrationSupportWithBothRuleTypesTests" variable="afterOfRule2WasExecuted" externalInfoUrl="https://pmd.github.io/pmd/pmd_rules_java_performance.html#redundantfieldinitializer" priority="3">
Avoid using redundant field initializer for 'afterOfRule2WasExecuted'
</violation>
<violation beginline="33" endline="33" begincolumn="21" endcolumn="53" rule="RedundantFieldInitializer" ruleset="Performance" package="org.junit.jupiter.migrationsupport.rules" class="EnableRuleMigrationSupportWithBothRuleTypesTests" variable="numberOfRule1InstancesCreated" externalInfoUrl="https://pmd.github.io/pmd/pmd_rules_java_performance.html#redundantfieldinitializer" priority="3">
Avoid using redundant field initializer for 'numberOfRule1InstancesCreated'
</violation>
<violation beginline="34" endline="34" begincolumn="21" endcolumn="53" rule="RedundantFieldInitializer" ruleset="Performance" package="org.junit.jupiter.migrationsupport.rules" class="EnableRuleMigrationSupportWithBothRuleTypesTests" variable="numberOfRule2InstancesCreated" externalInfoUrl="https://pmd.github.io/pmd/pmd_rules_java_performance.html#redundantfieldinitializer" priority="3">
Avoid using redundant field initializer for 'numberOfRule2InstancesCreated'
</violation>
<violation beginline="65" endline="65" begincolumn="5" endcolumn="17" rule="JUnitAssertionsShouldIncludeMessage" ruleset="Best Practices" package="org.junit.jupiter.migrationsupport.rules" class="EnableRuleMigrationSupportWithBothRuleTypesTests" method="after" externalInfoUrl="https://pmd.github.io/pmd/pmd_rules_java_bestpractices.html#junitassertionsshouldincludemessage" priority="3">
JUnit assertions should include a message
</violation>
<violation beginline="66" endline="66" begincolumn="5" endcolumn="14" rule="JUnitAssertionsShouldIncludeMessage" ruleset="Best Practices" package="org.junit.jupiter.migrationsupport.rules" class="EnableRuleMigrationSupportWithBothRuleTypesTests" method="after" externalInfoUrl="https://pmd.github.io/pmd/pmd_rules_java_bestpractices.html#junitassertionsshouldincludemessage" priority="3">
JUnit assertions should include a message
</violation>
<violation beginline="74" endline="74" begincolumn="3" endcolumn="12" rule="JUnitAssertionsShouldIncludeMessage" ruleset="Best Practices" package="org.junit.jupiter.migrationsupport.rules" class="EnableRuleMigrationSupportWithBothRuleTypesTests" method="beforeMethodOfBothRule2WasExecuted" externalInfoUrl="https://pmd.github.io/pmd/pmd_rules_java_bestpractices.html#junitassertionsshouldincludemessage" priority="3">
JUnit assertions should include a message
</violation>
<violation beginline="79" endline="79" begincolumn="3" endcolumn="14" rule="JUnitAssertionsShouldIncludeMessage" ruleset="Best Practices" package="org.junit.jupiter.migrationsupport.rules" class="EnableRuleMigrationSupportWithBothRuleTypesTests" method="afterMethodsOfBothRulesWereExecuted" externalInfoUrl="https://pmd.github.io/pmd/pmd_rules_java_bestpractices.html#junitassertionsshouldincludemessage" priority="3">
JUnit assertions should include a message
</violation>
<violation beginline="80" endline="80" begincolumn="3" endcolumn="14" rule="JUnitAssertionsShouldIncludeMessage" ruleset="Best Practices" package="org.junit.jupiter.migrationsupport.rules" class="EnableRuleMigrationSupportWithBothRuleTypesTests" method="afterMethodsOfBothRulesWereExecuted" externalInfoUrl="https://pmd.github.io/pmd/pmd_rules_java_bestpractices.html#junitassertionsshouldincludemessage" priority="3">
JUnit assertions should include a message
</violation>
<violation beginline="82" endline="82" begincolumn="4" endcolumn="7" rule="JUnitAssertionsShouldIncludeMessage" ruleset="Best Practices" package="org.junit.jupiter.migrationsupport.rules" class="EnableRuleMigrationSupportWithBothRuleTypesTests" method="afterMethodsOfBothRulesWereExecuted" externalInfoUrl="https://pmd.github.io/pmd/pmd_rules_java_bestpractices.html#junitassertionsshouldincludemessage" priority="3">
JUnit assertions should include a message
</violation>
<violation beginline="82" endline="82" begincolumn="4" endcolumn="10" rule="ControlStatementBraces" ruleset="Code Style" package="org.junit.jupiter.migrationsupport.rules" class="EnableRuleMigrationSupportWithBothRuleTypesTests" method="afterMethodsOfBothRulesWereExecuted" externalInfoUrl="https://pmd.github.io/pmd/pmd_rules_java_codestyle.html#controlstatementbraces" priority="3">
This statement should have braces
</violation>
<violation beginline="84" endline="84" begincolumn="4" endcolumn="7" rule="JUnitAssertionsShouldIncludeMessage" ruleset="Best Practices" package="org.junit.jupiter.migrationsupport.rules" class="EnableRuleMigrationSupportWithBothRuleTypesTests" method="afterMethodsOfBothRulesWereExecuted" externalInfoUrl="https://pmd.github.io/pmd/pmd_rules_java_bestpractices.html#junitassertionsshouldincludemessage" priority="3">
JUnit assertions should include a message
</violation>
<violation beginline="84" endline="84" begincolumn="4" endcolumn="10" rule="ControlStatementBraces" ruleset="Code Style" package="org.junit.jupiter.migrationsupport.rules" class="EnableRuleMigrationSupportWithBothRuleTypesTests" method="afterMethodsOfBothRulesWereExecuted" externalInfoUrl="https://pmd.github.io/pmd/pmd_rules_java_codestyle.html#controlstatementbraces" priority="3">
This statement should have braces
</violation>
</file>
<file name="C:\Users\Sokaina\Downloads\Versiones-Junit5\junit5-r5.0.2\junit-jupiter-migrationsupport\src\test\java\org\junit\jupiter\migrationsupport\rules\ExpectedExceptionSupportTests.java">
<violation beginline="11" endline="144" begincolumn="1" endcolumn="2" rule="TooManyStaticImports" ruleset="Code Style" package="org.junit.jupiter.migrationsupport.rules" class="ExpectedExceptionSupportTests" externalInfoUrl="https://pmd.github.io/pmd/pmd_rules_java_codestyle.html#toomanystaticimports" priority="3">
Too many static imports may lead to messy code
</violation>
<violation beginline="47" endline="70" begincolumn="2" endcolumn="2" rule="JUnitTestContainsTooManyAsserts" ruleset="Best Practices" package="org.junit.jupiter.migrationsupport.rules" class="ExpectedExceptionSupportTests" method="expectedExceptionIsProcessedCorrectly" externalInfoUrl="https://pmd.github.io/pmd/pmd_rules_java_bestpractices.html#junittestcontainstoomanyasserts" priority="3">
Unit tests should not contain more than 1 assert(s).
</violation>
<violation beginline="58" endline="58" begincolumn="3" endcolumn="12" rule="JUnitAssertionsShouldIncludeMessage" ruleset="Best Practices" package="org.junit.jupiter.migrationsupport.rules" class="ExpectedExceptionSupportTests" method="expectedExceptionIsProcessedCorrectly" externalInfoUrl="https://pmd.github.io/pmd/pmd_rules_java_bestpractices.html#junitassertionsshouldincludemessage" priority="3">
JUnit assertions should include a message
</violation>
<violation beginline="58" endline="58" begincolumn="3" endcolumn="12" rule="JUnitAssertionsShouldIncludeMessage" ruleset="Best Practices" package="org.junit.jupiter.migrationsupport.rules" class="ExpectedExceptionSupportTests" method="expectedExceptionIsProcessedCorrectly" externalInfoUrl="https://pmd.github.io/pmd/pmd_rules_java_bestpractices.html#junitassertionsshouldincludemessage" priority="3">
JUnit assertions should include a message
</violation>
<violation beginline="58" endline="58" begincolumn="3" endcolumn="12" rule="JUnitAssertionsShouldIncludeMessage" ruleset="Best Practices" package="org.junit.jupiter.migrationsupport.rules" class="ExpectedExceptionSupportTests" method="expectedExceptionIsProcessedCorrectly" externalInfoUrl="https://pmd.github.io/pmd/pmd_rules_java_bestpractices.html#junitassertionsshouldincludemessage" priority="3">
JUnit assertions should include a message
</violation>
<violation beginline="73" endline="88" begincolumn="2" endcolumn="2" rule="JUnitTestContainsTooManyAsserts" ruleset="Best Practices" package="org.junit.jupiter.migrationsupport.rules" class="ExpectedExceptionSupportTests" method="expectedExceptionSupportWithoutExpectedExceptionRule" externalInfoUrl="https://pmd.github.io/pmd/pmd_rules_java_bestpractices.html#junittestcontainstoomanyasserts" priority="3">
Unit tests should not contain more than 1 assert(s).
</violation>
<violation beginline="85" endline="85" begincolumn="3" endcolumn="12" rule="JUnitAssertionsShouldIncludeMessage" ruleset="Best Practices" package="org.junit.jupiter.migrationsupport.rules" class="ExpectedExceptionSupportTests" method="expectedExceptionSupportWithoutExpectedExceptionRule" externalInfoUrl="https://pmd.github.io/pmd/pmd_rules_java_bestpractices.html#junitassertionsshouldincludemessage" priority="3">
JUnit assertions should include a message
</violation>
<violation beginline="106" endline="108" begincolumn="3" endcolumn="3" rule="JUnitTestsShouldIncludeAssert" ruleset="Best Practices" package="org.junit.jupiter.migrationsupport.rules" class="ExpectedExceptionSupportTests$ExpectedExceptionTestCase" method="noExceptionExpectedButThrown" externalInfoUrl="https://pmd.github.io/pmd/pmd_rules_java_bestpractices.html#junittestsshouldincludeassert" priority="3">
JUnit tests should include assert() or fail()
</violation>
<violation beginline="107" endline="107" begincolumn="14" endcolumn="29" rule="AvoidThrowingRawExceptionTypes" ruleset="Design" package="org.junit.jupiter.migrationsupport.rules" class="ExpectedExceptionSupportTests$ExpectedExceptionTestCase" method="noExceptionExpectedButThrown" externalInfoUrl="https://pmd.github.io/pmd/pmd_rules_java_design.html#avoidthrowingrawexceptiontypes" priority="1">
Avoid throwing raw exception types.
</violation>
<violation beginline="118" endline="118" begincolumn="14" endcolumn="29" rule="AvoidThrowingRawExceptionTypes" ruleset="Design" package="org.junit.jupiter.migrationsupport.rules" class="ExpectedExceptionSupportTests$ExpectedExceptionTestCase" method="wrongExceptionExpected" externalInfoUrl="https://pmd.github.io/pmd/pmd_rules_java_design.html#avoidthrowingrawexceptiontypes" priority="1">
Avoid throwing raw exception types.
</violation>
<violation beginline="124" endline="124" begincolumn="14" endcolumn="29" rule="AvoidThrowingRawExceptionTypes" ruleset="Design" package="org.junit.jupiter.migrationsupport.rules" class="ExpectedExceptionSupportTests$ExpectedExceptionTestCase" method="correctExceptionExpectedThrown" externalInfoUrl="https://pmd.github.io/pmd/pmd_rules_java_design.html#avoidthrowingrawexceptiontypes" priority="1">
Avoid throwing raw exception types.
</violation>
<violation beginline="133" endline="135" begincolumn="3" endcolumn="3" rule="JUnitTestsShouldIncludeAssert" ruleset="Best Practices" package="org.junit.jupiter.migrationsupport.rules" class="ExpectedExceptionSupportTests$ExpectedExceptionSupportWithoutExpectedExceptionRuleTestCase" method="success" externalInfoUrl="https://pmd.github.io/pmd/pmd_rules_java_bestpractices.html#junittestsshouldincludeassert" priority="3">
JUnit tests should include assert() or fail()
</violation>
</file>
<file name="C:\Users\Sokaina\Downloads\Versiones-Junit5\junit5-r5.0.2\junit-jupiter-migrationsupport\src\test\java\org\junit\jupiter\migrationsupport\rules\ExternalResourceSupportForDifferentDeclaredReturnTypesRulesTests.java">
<violation beginline="26" endline="26" begincolumn="25" endcolumn="56" rule="RedundantFieldInitializer" ruleset="Performance" package="org.junit.jupiter.migrationsupport.rules" class="ExternalResourceSupportForDifferentDeclaredReturnTypesRulesTests" variable="beforeOfRule1WasExecuted" externalInfoUrl="https://pmd.github.io/pmd/pmd_rules_java_performance.html#redundantfieldinitializer" priority="3">
Avoid using redundant field initializer for 'beforeOfRule1WasExecuted'
</violation>
<violation beginline="27" endline="27" begincolumn="25" endcolumn="56" rule="RedundantFieldInitializer" ruleset="Performance" package="org.junit.jupiter.migrationsupport.rules" class="ExternalResourceSupportForDifferentDeclaredReturnTypesRulesTests" variable="beforeOfRule2WasExecuted" externalInfoUrl="https://pmd.github.io/pmd/pmd_rules_java_performance.html#redundantfieldinitializer" priority="3">
Avoid using redundant field initializer for 'beforeOfRule2WasExecuted'
</violation>
<violation beginline="29" endline="29" begincolumn="25" endcolumn="55" rule="RedundantFieldInitializer" ruleset="Performance" package="org.junit.jupiter.migrationsupport.rules" class="ExternalResourceSupportForDifferentDeclaredReturnTypesRulesTests" variable="afterOfRule1WasExecuted" externalInfoUrl="https://pmd.github.io/pmd/pmd_rules_java_performance.html#redundantfieldinitializer" priority="3">
Avoid using redundant field initializer for 'afterOfRule1WasExecuted'
</violation>
<violation beginline="30" endline="30" begincolumn="25" endcolumn="55" rule="RedundantFieldInitializer" ruleset="Performance" package="org.junit.jupiter.migrationsupport.rules" class="ExternalResourceSupportForDifferentDeclaredReturnTypesRulesTests" variable="afterOfRule2WasExecuted" externalInfoUrl="https://pmd.github.io/pmd/pmd_rules_java_performance.html#redundantfieldinitializer" priority="3">
Avoid using redundant field initializer for 'afterOfRule2WasExecuted'
</violation>
<violation beginline="53" endline="56" begincolumn="2" endcolumn="2" rule="JUnitTestContainsTooManyAsserts" ruleset="Best Practices" package="org.junit.jupiter.migrationsupport.rules" class="ExternalResourceSupportForDifferentDeclaredReturnTypesRulesTests" method="beforeMethodsOfBothRulesWereExecuted" externalInfoUrl="https://pmd.github.io/pmd/pmd_rules_java_bestpractices.html#junittestcontainstoomanyasserts" priority="3">
Unit tests should not contain more than 1 assert(s).
</violation>
<violation beginline="54" endline="54" begincolumn="3" endcolumn="12" rule="JUnitAssertionsShouldIncludeMessage" ruleset="Best Practices" package="org.junit.jupiter.migrationsupport.rules" class="ExternalResourceSupportForDifferentDeclaredReturnTypesRulesTests" method="beforeMethodsOfBothRulesWereExecuted" externalInfoUrl="https://pmd.github.io/pmd/pmd_rules_java_bestpractices.html#junitassertionsshouldincludemessage" priority="3">
JUnit assertions should include a message
</violation>
<violation beginline="55" endline="55" begincolumn="3" endcolumn="12" rule="JUnitAssertionsShouldIncludeMessage" ruleset="Best Practices" package="org.junit.jupiter.migrationsupport.rules" class="ExternalResourceSupportForDifferentDeclaredReturnTypesRulesTests" method="beforeMethodsOfBothRulesWereExecuted" externalInfoUrl="https://pmd.github.io/pmd/pmd_rules_java_bestpractices.html#junitassertionsshouldincludemessage" priority="3">
JUnit assertions should include a message
</violation>
<violation beginline="61" endline="61" begincolumn="4" endcolumn="7" rule="JUnitAssertionsShouldIncludeMessage" ruleset="Best Practices" package="org.junit.jupiter.migrationsupport.rules" class="ExternalResourceSupportForDifferentDeclaredReturnTypesRulesTests" method="afterMethodsOfBothRulesWereExecuted" externalInfoUrl="https://pmd.github.io/pmd/pmd_rules_java_bestpractices.html#junitassertionsshouldincludemessage" priority="3">
JUnit assertions should include a message
</violation>
<violation beginline="61" endline="61" begincolumn="4" endcolumn="10" rule="ControlStatementBraces" ruleset="Code Style" package="org.junit.jupiter.migrationsupport.rules" class="ExternalResourceSupportForDifferentDeclaredReturnTypesRulesTests" method="afterMethodsOfBothRulesWereExecuted" externalInfoUrl="https://pmd.github.io/pmd/pmd_rules_java_codestyle.html#controlstatementbraces" priority="3">
This statement should have braces
</violation>
<violation beginline="63" endline="63" begincolumn="4" endcolumn="7" rule="JUnitAssertionsShouldIncludeMessage" ruleset="Best Practices" package="org.junit.jupiter.migrationsupport.rules" class="ExternalResourceSupportForDifferentDeclaredReturnTypesRulesTests" method="afterMethodsOfBothRulesWereExecuted" externalInfoUrl="https://pmd.github.io/pmd/pmd_rules_java_bestpractices.html#junitassertionsshouldincludemessage" priority="3">
JUnit assertions should include a message
</violation>
<violation beginline="63" endline="63" begincolumn="4" endcolumn="10" rule="ControlStatementBraces" ruleset="Code Style" package="org.junit.jupiter.migrationsupport.rules" class="ExternalResourceSupportForDifferentDeclaredReturnTypesRulesTests" method="afterMethodsOfBothRulesWereExecuted" externalInfoUrl="https://pmd.github.io/pmd/pmd_rules_java_codestyle.html#controlstatementbraces" priority="3">
This statement should have braces
</violation>
</file>
<file name="C:\Users\Sokaina\Downloads\Versiones-Junit5\junit5-r5.0.2\junit-jupiter-migrationsupport\src\test\java\org\junit\jupiter\migrationsupport\rules\ExternalResourceSupportForMixedMethodAndFieldRulesTests.java">
<violation beginline="43" endline="43" begincolumn="9" endcolumn="75" rule="FieldDeclarationsShouldBeAtStartOfClass" ruleset="Code Style" package="org.junit.jupiter.migrationsupport.rules" class="ExternalResourceSupportForMixedMethodAndFieldRulesTests" variable="VariableDeclaratorId" externalInfoUrl="https://pmd.github.io/pmd/pmd_rules_java_codestyle.html#fielddeclarationsshouldbeatstartofclass" priority="3">
Fields should be declared at the top of the class, before any method declarations, constructors, initializers or inner classes.
</violation>
<violation beginline="46" endline="46" begincolumn="9" endcolumn="75" rule="FieldDeclarationsShouldBeAtStartOfClass" ruleset="Code Style" package="org.junit.jupiter.migrationsupport.rules" class="ExternalResourceSupportForMixedMethodAndFieldRulesTests" variable="VariableDeclaratorId" externalInfoUrl="https://pmd.github.io/pmd/pmd_rules_java_codestyle.html#fielddeclarationsshouldbeatstartofclass" priority="3">
Fields should be declared at the top of the class, before any method declarations, constructors, initializers or inner classes.
</violation>
<violation beginline="48" endline="51" begincolumn="2" endcolumn="2" rule="DefaultPackage" ruleset="Code Style" package="org.junit.jupiter.migrationsupport.rules" class="ExternalResourceSupportForMixedMethodAndFieldRulesTests" externalInfoUrl="https://pmd.github.io/pmd/pmd_rules_java_codestyle.html#defaultpackage" priority="3">
Use explicit scoping instead of the default package private level
</violation>
<violation beginline="53" endline="56" begincolumn="2" endcolumn="2" rule="DefaultPackage" ruleset="Code Style" package="org.junit.jupiter.migrationsupport.rules" class="ExternalResourceSupportForMixedMethodAndFieldRulesTests" externalInfoUrl="https://pmd.github.io/pmd/pmd_rules_java_codestyle.html#defaultpackage" priority="3">
Use explicit scoping instead of the default package private level
</violation>
<violation beginline="59" endline="66" begincolumn="2" endcolumn="2" rule="JUnitTestContainsTooManyAsserts" ruleset="Best Practices" package="org.junit.jupiter.migrationsupport.rules" class="ExternalResourceSupportForMixedMethodAndFieldRulesTests" method="constructorsAndBeforeEachMethodsOfAllRulesWereExecuted" externalInfoUrl="https://pmd.github.io/pmd/pmd_rules_java_bestpractices.html#junittestcontainstoomanyasserts" priority="3">
Unit tests should not contain more than 1 assert(s).
</violation>
<violation beginline="65" endline="65" begincolumn="3" endcolumn="14" rule="JUnitAssertionsShouldIncludeMessage" ruleset="Best Practices" package="org.junit.jupiter.migrationsupport.rules" class="ExternalResourceSupportForMixedMethodAndFieldRulesTests" method="constructorsAndBeforeEachMethodsOfAllRulesWereExecuted" externalInfoUrl="https://pmd.github.io/pmd/pmd_rules_java_bestpractices.html#junitassertionsshouldincludemessage" priority="3">
JUnit assertions should include a message
</violation>
<violation beginline="72" endline="72" begincolumn="4" endcolumn="7" rule="JUnitAssertionsShouldIncludeMessage" ruleset="Best Practices" package="org.junit.jupiter.migrationsupport.rules" class="ExternalResourceSupportForMixedMethodAndFieldRulesTests" method="afterMethodsOfAllRulesWereExecuted" externalInfoUrl="https://pmd.github.io/pmd/pmd_rules_java_bestpractices.html#junitassertionsshouldincludemessage" priority="3">
JUnit assertions should include a message
</violation>
<violation beginline="72" endline="72" begincolumn="4" endcolumn="10" rule="ControlStatementBraces" ruleset="Code Style" package="org.junit.jupiter.migrationsupport.rules" class="ExternalResourceSupportForMixedMethodAndFieldRulesTests" method="afterMethodsOfAllRulesWereExecuted" externalInfoUrl="https://pmd.github.io/pmd/pmd_rules_java_codestyle.html#controlstatementbraces" priority="3">
This statement should have braces
</violation>
</file>
<file name="C:\Users\Sokaina\Downloads\Versiones-Junit5\junit5-r5.0.2\junit-jupiter-migrationsupport\src\test\java\org\junit\jupiter\migrationsupport\rules\ExternalResourceSupportForMultipleFieldRulesTests.java">
<violation beginline="25" endline="25" begincolumn="25" endcolumn="56" rule="RedundantFieldInitializer" ruleset="Performance" package="org.junit.jupiter.migrationsupport.rules" class="ExternalResourceSupportForMultipleFieldRulesTests" variable="beforeOfRule1WasExecuted" externalInfoUrl="https://pmd.github.io/pmd/pmd_rules_java_performance.html#redundantfieldinitializer" priority="3">
Avoid using redundant field initializer for 'beforeOfRule1WasExecuted'
</violation>
<violation beginline="26" endline="26" begincolumn="25" endcolumn="56" rule="RedundantFieldInitializer" ruleset="Performance" package="org.junit.jupiter.migrationsupport.rules" class="ExternalResourceSupportForMultipleFieldRulesTests" variable="beforeOfRule2WasExecuted" externalInfoUrl="https://pmd.github.io/pmd/pmd_rules_java_performance.html#redundantfieldinitializer" priority="3">
Avoid using redundant field initializer for 'beforeOfRule2WasExecuted'
</violation>
<violation beginline="28" endline="28" begincolumn="25" endcolumn="55" rule="RedundantFieldInitializer" ruleset="Performance" package="org.junit.jupiter.migrationsupport.rules" class="ExternalResourceSupportForMultipleFieldRulesTests" variable="afterOfRule1WasExecuted" externalInfoUrl="https://pmd.github.io/pmd/pmd_rules_java_performance.html#redundantfieldinitializer" priority="3">
Avoid using redundant field initializer for 'afterOfRule1WasExecuted'
</violation>
<violation beginline="29" endline="29" begincolumn="25" endcolumn="55" rule="RedundantFieldInitializer" ruleset="Performance" package="org.junit.jupiter.migrationsupport.rules" class="ExternalResourceSupportForMultipleFieldRulesTests" variable="afterOfRule2WasExecuted" externalInfoUrl="https://pmd.github.io/pmd/pmd_rules_java_performance.html#redundantfieldinitializer" priority="3">
Avoid using redundant field initializer for 'afterOfRule2WasExecuted'
</violation>
<violation beginline="58" endline="61" begincolumn="2" endcolumn="2" rule="JUnitTestContainsTooManyAsserts" ruleset="Best Practices" package="org.junit.jupiter.migrationsupport.rules" class="ExternalResourceSupportForMultipleFieldRulesTests" method="beforeMethodsOfBothRulesWereExecuted" externalInfoUrl="https://pmd.github.io/pmd/pmd_rules_java_bestpractices.html#junittestcontainstoomanyasserts" priority="3">
Unit tests should not contain more than 1 assert(s).
</violation>
<violation beginline="59" endline="59" begincolumn="3" endcolumn="12" rule="JUnitAssertionsShouldIncludeMessage" ruleset="Best Practices" package="org.junit.jupiter.migrationsupport.rules" class="ExternalResourceSupportForMultipleFieldRulesTests" method="beforeMethodsOfBothRulesWereExecuted" externalInfoUrl="https://pmd.github.io/pmd/pmd_rules_java_bestpractices.html#junitassertionsshouldincludemessage" priority="3">
JUnit assertions should include a message
</violation>
<violation beginline="60" endline="60" begincolumn="3" endcolumn="12" rule="JUnitAssertionsShouldIncludeMessage" ruleset="Best Practices" package="org.junit.jupiter.migrationsupport.rules" class="ExternalResourceSupportForMultipleFieldRulesTests" method="beforeMethodsOfBothRulesWereExecuted" externalInfoUrl="https://pmd.github.io/pmd/pmd_rules_java_bestpractices.html#junitassertionsshouldincludemessage" priority="3">
JUnit assertions should include a message
</violation>
<violation beginline="66" endline="66" begincolumn="4" endcolumn="7" rule="JUnitAssertionsShouldIncludeMessage" ruleset="Best Practices" package="org.junit.jupiter.migrationsupport.rules" class="ExternalResourceSupportForMultipleFieldRulesTests" method="afterMethodsOfBothRulesWereExecuted" externalInfoUrl="https://pmd.github.io/pmd/pmd_rules_java_bestpractices.html#junitassertionsshouldincludemessage" priority="3">
JUnit assertions should include a message
</violation>
<violation beginline="66" endline="66" begincolumn="4" endcolumn="10" rule="ControlStatementBraces" ruleset="Code Style" package="org.junit.jupiter.migrationsupport.rules" class="ExternalResourceSupportForMultipleFieldRulesTests" method="afterMethodsOfBothRulesWereExecuted" externalInfoUrl="https://pmd.github.io/pmd/pmd_rules_java_codestyle.html#controlstatementbraces" priority="3">
This statement should have braces
</violation>
<violation beginline="68" endline="68" begincolumn="4" endcolumn="7" rule="JUnitAssertionsShouldIncludeMessage" ruleset="Best Practices" package="org.junit.jupiter.migrationsupport.rules" class="ExternalResourceSupportForMultipleFieldRulesTests" method="afterMethodsOfBothRulesWereExecuted" externalInfoUrl="https://pmd.github.io/pmd/pmd_rules_java_bestpractices.html#junitassertionsshouldincludemessage" priority="3">
JUnit assertions should include a message
</violation>
<violation beginline="68" endline="68" begincolumn="4" endcolumn="10" rule="ControlStatementBraces" ruleset="Code Style" package="org.junit.jupiter.migrationsupport.rules" class="ExternalResourceSupportForMultipleFieldRulesTests" method="afterMethodsOfBothRulesWereExecuted" externalInfoUrl="https://pmd.github.io/pmd/pmd_rules_java_codestyle.html#controlstatementbraces" priority="3">
This statement should have braces
</violation>
</file>
<file name="C:\Users\Sokaina\Downloads\Versiones-Junit5\junit5-r5.0.2\junit-jupiter-migrationsupport\src\test\java\org\junit\jupiter\migrationsupport\rules\ExternalResourceSupportForMultipleMethodRulesTests.java">
<violation beginline="25" endline="25" begincolumn="25" endcolumn="56" rule="RedundantFieldInitializer" ruleset="Performance" package="org.junit.jupiter.migrationsupport.rules" class="ExternalResourceSupportForMultipleMethodRulesTests" variable="beforeOfRule1WasExecuted" externalInfoUrl="https://pmd.github.io/pmd/pmd_rules_java_performance.html#redundantfieldinitializer" priority="3">
Avoid using redundant field initializer for 'beforeOfRule1WasExecuted'
</violation>
<violation beginline="26" endline="26" begincolumn="25" endcolumn="56" rule="RedundantFieldInitializer" ruleset="Performance" package="org.junit.jupiter.migrationsupport.rules" class="ExternalResourceSupportForMultipleMethodRulesTests" variable="beforeOfRule2WasExecuted" externalInfoUrl="https://pmd.github.io/pmd/pmd_rules_java_performance.html#redundantfieldinitializer" priority="3">
Avoid using redundant field initializer for 'beforeOfRule2WasExecuted'
</violation>
<violation beginline="28" endline="28" begincolumn="25" endcolumn="55" rule="RedundantFieldInitializer" ruleset="Performance" package="org.junit.jupiter.migrationsupport.rules" class="ExternalResourceSupportForMultipleMethodRulesTests" variable="afterOfRule1WasExecuted" externalInfoUrl="https://pmd.github.io/pmd/pmd_rules_java_performance.html#redundantfieldinitializer" priority="3">
Avoid using redundant field initializer for 'afterOfRule1WasExecuted'
</violation>
<violation beginline="29" endline="29" begincolumn="25" endcolumn="55" rule="RedundantFieldInitializer" ruleset="Performance" package="org.junit.jupiter.migrationsupport.rules" class="ExternalResourceSupportForMultipleMethodRulesTests" variable="afterOfRule2WasExecuted" externalInfoUrl="https://pmd.github.io/pmd/pmd_rules_java_performance.html#redundantfieldinitializer" priority="3">
Avoid using redundant field initializer for 'afterOfRule2WasExecuted'
</violation>
<violation beginline="62" endline="65" begincolumn="2" endcolumn="2" rule="JUnitTestContainsTooManyAsserts" ruleset="Best Practices" package="org.junit.jupiter.migrationsupport.rules" class="ExternalResourceSupportForMultipleMethodRulesTests" method="beforeMethodsOfBothRulesWereExecuted" externalInfoUrl="https://pmd.github.io/pmd/pmd_rules_java_bestpractices.html#junittestcontainstoomanyasserts" priority="3">
Unit tests should not contain more than 1 assert(s).
</violation>
<violation beginline="63" endline="63" begincolumn="3" endcolumn="12" rule="JUnitAssertionsShouldIncludeMessage" ruleset="Best Practices" package="org.junit.jupiter.migrationsupport.rules" class="ExternalResourceSupportForMultipleMethodRulesTests" method="beforeMethodsOfBothRulesWereExecuted" externalInfoUrl="https://pmd.github.io/pmd/pmd_rules_java_bestpractices.html#junitassertionsshouldincludemessage" priority="3">
JUnit assertions should include a message
</violation>
<violation beginline="64" endline="64" begincolumn="3" endcolumn="12" rule="JUnitAssertionsShouldIncludeMessage" ruleset="Best Practices" package="org.junit.jupiter.migrationsupport.rules" class="ExternalResourceSupportForMultipleMethodRulesTests" method="beforeMethodsOfBothRulesWereExecuted" externalInfoUrl="https://pmd.github.io/pmd/pmd_rules_java_bestpractices.html#junitassertionsshouldincludemessage" priority="3">
JUnit assertions should include a message
</violation>
<violation beginline="70" endline="70" begincolumn="4" endcolumn="7" rule="JUnitAssertionsShouldIncludeMessage" ruleset="Best Practices" package="org.junit.jupiter.migrationsupport.rules" class="ExternalResourceSupportForMultipleMethodRulesTests" method="afterMethodsOfBothRulesWereExecuted" externalInfoUrl="https://pmd.github.io/pmd/pmd_rules_java_bestpractices.html#junitassertionsshouldincludemessage" priority="3">
JUnit assertions should include a message
</violation>
<violation beginline="70" endline="70" begincolumn="4" endcolumn="10" rule="ControlStatementBraces" ruleset="Code Style" package="org.junit.jupiter.migrationsupport.rules" class="ExternalResourceSupportForMultipleMethodRulesTests" method="afterMethodsOfBothRulesWereExecuted" externalInfoUrl="https://pmd.github.io/pmd/pmd_rules_java_codestyle.html#controlstatementbraces" priority="3">
This statement should have braces
</violation>
<violation beginline="72" endline="72" begincolumn="4" endcolumn="7" rule="JUnitAssertionsShouldIncludeMessage" ruleset="Best Practices" package="org.junit.jupiter.migrationsupport.rules" class="ExternalResourceSupportForMultipleMethodRulesTests" method="afterMethodsOfBothRulesWereExecuted" externalInfoUrl="https://pmd.github.io/pmd/pmd_rules_java_bestpractices.html#junitassertionsshouldincludemessage" priority="3">
JUnit assertions should include a message
</violation>
<violation beginline="72" endline="72" begincolumn="4" endcolumn="10" rule="ControlStatementBraces" ruleset="Code Style" package="org.junit.jupiter.migrationsupport.rules" class="ExternalResourceSupportForMultipleMethodRulesTests" method="afterMethodsOfBothRulesWereExecuted" externalInfoUrl="https://pmd.github.io/pmd/pmd_rules_java_codestyle.html#controlstatementbraces" priority="3">
This statement should have braces
</violation>
</file>
<file name="C:\Users\Sokaina\Downloads\Versiones-Junit5\junit5-r5.0.2\junit-jupiter-migrationsupport\src\test\java\org\junit\jupiter\migrationsupport\rules\ExternalResourceSupportForTemporaryFolderFieldTests.java">
<violation beginline="39" endline="39" begincolumn="3" endcolumn="12" rule="JUnitAssertionsShouldIncludeMessage" ruleset="Best Practices" package="org.junit.jupiter.migrationsupport.rules" class="ExternalResourceSupportForTemporaryFolderFieldTests" method="checkTemporaryFolder" externalInfoUrl="https://pmd.github.io/pmd/pmd_rules_java_bestpractices.html#junitassertionsshouldincludemessage" priority="3">
JUnit assertions should include a message
</violation>
</file>
<file name="C:\Users\Sokaina\Downloads\Versiones-Junit5\junit5-r5.0.2\junit-jupiter-migrationsupport\src\test\java\org\junit\jupiter\migrationsupport\rules\ExternalResourceWithoutAdapterTests.java">
<violation beginline="30" endline="30" begincolumn="10" endcolumn="18" rule="AvoidCatchingGenericException" ruleset="Design" package="org.junit.jupiter.migrationsupport.rules" class="ExternalResourceWithoutAdapterTests" method="setup" externalInfoUrl="https://pmd.github.io/pmd/pmd_rules_java_design.html#avoidcatchinggenericexception" priority="3">
Avoid catching generic exceptions such as NullPointerException, RuntimeException, Exception in try-catch block
</violation>
<violation beginline="31" endline="31" begincolumn="4" endcolumn="13" rule="JUnitAssertionsShouldIncludeMessage" ruleset="Best Practices" package="org.junit.jupiter.migrationsupport.rules" class="ExternalResourceWithoutAdapterTests" method="setup" externalInfoUrl="https://pmd.github.io/pmd/pmd_rules_java_bestpractices.html#junitassertionsshouldincludemessage" priority="3">
JUnit assertions should include a message
</violation>
<violation beginline="31" endline="31" begincolumn="15" endcolumn="92" rule="LiteralsFirstInComparisons" ruleset="Best Practices" package="org.junit.jupiter.migrationsupport.rules" class="ExternalResourceWithoutAdapterTests" method="setup" externalInfoUrl="https://pmd.github.io/pmd/pmd_rules_java_bestpractices.html#literalsfirstincomparisons" priority="3">
Position literals first in String comparisons
</violation>
<violation beginline="36" endline="38" begincolumn="2" endcolumn="2" rule="JUnitTestsShouldIncludeAssert" ruleset="Best Practices" package="org.junit.jupiter.migrationsupport.rules" class="ExternalResourceWithoutAdapterTests" method="checkTemporaryFolder" externalInfoUrl="https://pmd.github.io/pmd/pmd_rules_java_bestpractices.html#junittestsshouldincludeassert" priority="3">
JUnit tests should include assert() or fail()
</violation>
</file>
<file name="C:\Users\Sokaina\Downloads\Versiones-Junit5\junit5-r5.0.2\junit-jupiter-migrationsupport\src\test\java\org\junit\jupiter\migrationsupport\rules\FailAfterAllHelper.java">
<violation beginline="18" endline="21" begincolumn="2" endcolumn="2" rule="DefaultPackage" ruleset="Code Style" package="org.junit.jupiter.migrationsupport.rules" class="FailAfterAllHelper" externalInfoUrl="https://pmd.github.io/pmd/pmd_rules_java_codestyle.html#defaultpackage" priority="3">
Use explicit scoping instead of the default package private level
</violation>
</file>
<file name="C:\Users\Sokaina\Downloads\Versiones-Junit5\junit5-r5.0.2\junit-jupiter-migrationsupport\src\test\java\org\junit\jupiter\migrationsupport\rules\LauncherBasedEnableRuleMigrationSupportTests.java">
<violation beginline="34" endline="49" begincolumn="2" endcolumn="2" rule="JUnitTestContainsTooManyAsserts" ruleset="Best Practices" package="org.junit.jupiter.migrationsupport.rules" class="LauncherBasedEnableRuleMigrationSupportTests" method="enableRuleMigrationSupportAnnotationWorksForBothRuleTypes" externalInfoUrl="https://pmd.github.io/pmd/pmd_rules_java_bestpractices.html#junittestcontainstoomanyasserts" priority="3">
Unit tests should not contain more than 1 assert(s).
</violation>
<violation beginline="43" endline="44" begincolumn="3" endcolumn="31" rule="UseAssertTrueInsteadOfAssertEquals" ruleset="Best Practices" package="org.junit.jupiter.migrationsupport.rules" class="LauncherBasedEnableRuleMigrationSupportTests" method="enableRuleMigrationSupportAnnotationWorksForBothRuleTypes" externalInfoUrl="https://pmd.github.io/pmd/pmd_rules_java_bestpractices.html#useasserttrueinsteadofassertequals" priority="3">
Use assertTrue(x)/assertFalse(x) instead of assertEquals(true, x)/assertEquals(false, x) or assertEquals(Boolean.TRUE, x)/assertEquals(Boolean.FALSE, x).
</violation>
<violation beginline="45" endline="46" begincolumn="3" endcolumn="32" rule="UseAssertTrueInsteadOfAssertEquals" ruleset="Best Practices" package="org.junit.jupiter.migrationsupport.rules" class="LauncherBasedEnableRuleMigrationSupportTests" method="enableRuleMigrationSupportAnnotationWorksForBothRuleTypes" externalInfoUrl="https://pmd.github.io/pmd/pmd_rules_java_bestpractices.html#useasserttrueinsteadofassertequals" priority="3">
Use assertTrue(x)/assertFalse(x) instead of assertEquals(true, x)/assertEquals(false, x) or assertEquals(Boolean.TRUE, x)/assertEquals(Boolean.FALSE, x).
</violation>
<violation beginline="47" endline="48" begincolumn="3" endcolumn="32" rule="UseAssertTrueInsteadOfAssertEquals" ruleset="Best Practices" package="org.junit.jupiter.migrationsupport.rules" class="LauncherBasedEnableRuleMigrationSupportTests" method="enableRuleMigrationSupportAnnotationWorksForBothRuleTypes" externalInfoUrl="https://pmd.github.io/pmd/pmd_rules_java_bestpractices.html#useasserttrueinsteadofassertequals" priority="3">
Use assertTrue(x)/assertFalse(x) instead of assertEquals(true, x)/assertEquals(false, x) or assertEquals(Boolean.TRUE, x)/assertEquals(Boolean.FALSE, x).
</violation>
<violation beginline="52" endline="61" begincolumn="2" endcolumn="2" rule="JUnitTestContainsTooManyAsserts" ruleset="Best Practices" package="org.junit.jupiter.migrationsupport.rules" class="LauncherBasedEnableRuleMigrationSupportTests" method="verifierSupportForErrorCollectorFieldFailsTheTest" externalInfoUrl="https://pmd.github.io/pmd/pmd_rules_java_bestpractices.html#junittestcontainstoomanyasserts" priority="3">
Unit tests should not contain more than 1 assert(s).
</violation>
<violation beginline="60" endline="60" begincolumn="3" endcolumn="110" rule="UseAssertTrueInsteadOfAssertEquals" ruleset="Best Practices" package="org.junit.jupiter.migrationsupport.rules" class="LauncherBasedEnableRuleMigrationSupportTests" method="verifierSupportForErrorCollectorFieldFailsTheTest" externalInfoUrl="https://pmd.github.io/pmd/pmd_rules_java_bestpractices.html#useasserttrueinsteadofassertequals" priority="3">
Use assertTrue(x)/assertFalse(x) instead of assertEquals(true, x)/assertEquals(false, x) or assertEquals(Boolean.TRUE, x)/assertEquals(Boolean.FALSE, x).
</violation>
<violation beginline="63" endline="63" begincolumn="16" endcolumn="66" rule="FieldDeclarationsShouldBeAtStartOfClass" ruleset="Code Style" package="org.junit.jupiter.migrationsupport.rules" class="LauncherBasedEnableRuleMigrationSupportTests" variable="VariableDeclaratorId" externalInfoUrl="https://pmd.github.io/pmd/pmd_rules_java_codestyle.html#fielddeclarationsshouldbeatstartofclass" priority="3">
Fields should be declared at the top of the class, before any method declarations, constructors, initializers or inner classes.
</violation>
<violation beginline="83" endline="83" begincolumn="18" endcolumn="48" rule="RedundantFieldInitializer" ruleset="Performance" package="org.junit.jupiter.migrationsupport.rules" class="LauncherBasedEnableRuleMigrationSupportTests$EnableRuleMigrationSupportWithBothRuleTypesTestCase" variable="afterOfRule1WasExecuted" externalInfoUrl="https://pmd.github.io/pmd/pmd_rules_java_performance.html#redundantfieldinitializer" priority="3">
Avoid using redundant field initializer for 'afterOfRule1WasExecuted'
</violation>
<violation beginline="83" endline="83" begincolumn="3" endcolumn="49" rule="DefaultPackage" ruleset="Code Style" package="org.junit.jupiter.migrationsupport.rules" class="LauncherBasedEnableRuleMigrationSupportTests$EnableRuleMigrationSupportWithBothRuleTypesTestCase" externalInfoUrl="https://pmd.github.io/pmd/pmd_rules_java_codestyle.html#defaultpackage" priority="3">
Use explicit scoping instead of the default package private level
</violation>
<violation beginline="85" endline="85" begincolumn="18" endcolumn="49" rule="RedundantFieldInitializer" ruleset="Performance" package="org.junit.jupiter.migrationsupport.rules" class="LauncherBasedEnableRuleMigrationSupportTests$EnableRuleMigrationSupportWithBothRuleTypesTestCase" variable="beforeOfRule2WasExecuted" externalInfoUrl="https://pmd.github.io/pmd/pmd_rules_java_performance.html#redundantfieldinitializer" priority="3">
Avoid using redundant field initializer for 'beforeOfRule2WasExecuted'
</violation>
<violation beginline="85" endline="85" begincolumn="3" endcolumn="50" rule="DefaultPackage" ruleset="Code Style" package="org.junit.jupiter.migrationsupport.rules" class="LauncherBasedEnableRuleMigrationSupportTests$EnableRuleMigrationSupportWithBothRuleTypesTestCase" externalInfoUrl="https://pmd.github.io/pmd/pmd_rules_java_codestyle.html#defaultpackage" priority="3">
Use explicit scoping instead of the default package private level
</violation>
<violation beginline="86" endline="86" begincolumn="18" endcolumn="48" rule="RedundantFieldInitializer" ruleset="Performance" package="org.junit.jupiter.migrationsupport.rules" class="LauncherBasedEnableRuleMigrationSupportTests$EnableRuleMigrationSupportWithBothRuleTypesTestCase" variable="afterOfRule2WasExecuted" externalInfoUrl="https://pmd.github.io/pmd/pmd_rules_java_performance.html#redundantfieldinitializer" priority="3">
Avoid using redundant field initializer for 'afterOfRule2WasExecuted'
</violation>
<violation beginline="86" endline="86" begincolumn="3" endcolumn="49" rule="DefaultPackage" ruleset="Code Style" package="org.junit.jupiter.migrationsupport.rules" class="LauncherBasedEnableRuleMigrationSupportTests$EnableRuleMigrationSupportWithBothRuleTypesTestCase" externalInfoUrl="https://pmd.github.io/pmd/pmd_rules_java_codestyle.html#defaultpackage" priority="3">
Use explicit scoping instead of the default package private level
</violation>
<violation beginline="97" endline="97" begincolumn="28" endcolumn="36" rule="ImmutableField" ruleset="Design" package="org.junit.jupiter.migrationsupport.rules" class="LauncherBasedEnableRuleMigrationSupportTests$EnableRuleMigrationSupportWithBothRuleTypesTestCase" variable="resource2" externalInfoUrl="https://pmd.github.io/pmd/pmd_rules_java_design.html#immutablefield" priority="3">
Private field 'resource2' could be made final; it is only initialized in the declaration or constructor.
</violation>
<violation beginline="116" endline="116" begincolumn="4" endcolumn="13" rule="JUnitAssertionsShouldIncludeMessage" ruleset="Best Practices" package="org.junit.jupiter.migrationsupport.rules" class="LauncherBasedEnableRuleMigrationSupportTests$EnableRuleMigrationSupportWithBothRuleTypesTestCase" method="beforeMethodOfBothRule2WasExecuted" externalInfoUrl="https://pmd.github.io/pmd/pmd_rules_java_bestpractices.html#junitassertionsshouldincludemessage" priority="3">
JUnit assertions should include a message
</violation>
<violation beginline="124" endline="124" begincolumn="18" endcolumn="43" rule="RedundantFieldInitializer" ruleset="Performance" package="org.junit.jupiter.migrationsupport.rules" class="LauncherBasedEnableRuleMigrationSupportTests$VerifierSupportForErrorCollectorTestCase" variable="survivedBothErrors" externalInfoUrl="https://pmd.github.io/pmd/pmd_rules_java_performance.html#redundantfieldinitializer" priority="3">
Avoid using redundant field initializer for 'survivedBothErrors'
</violation>
<violation beginline="124" endline="124" begincolumn="3" endcolumn="44" rule="DefaultPackage" ruleset="Code Style" package="org.junit.jupiter.migrationsupport.rules" class="LauncherBasedEnableRuleMigrationSupportTests$VerifierSupportForErrorCollectorTestCase" externalInfoUrl="https://pmd.github.io/pmd/pmd_rules_java_codestyle.html#defaultpackage" priority="3">
Use explicit scoping instead of the default package private level
</violation>
<violation beginline="130" endline="135" begincolumn="3" endcolumn="3" rule="JUnitTestsShouldIncludeAssert" ruleset="Best Practices" package="org.junit.jupiter.migrationsupport.rules" class="LauncherBasedEnableRuleMigrationSupportTests$VerifierSupportForErrorCollectorTestCase" method="addingTwoThrowablesToErrorCollectorFailsLate" externalInfoUrl="https://pmd.github.io/pmd/pmd_rules_java_bestpractices.html#junittestsshouldincludeassert" priority="3">
JUnit tests should include assert() or fail()
</violation>
</file>
<file name="C:\Users\Sokaina\Downloads\Versiones-Junit5\junit5-r5.0.2\junit-jupiter-migrationsupport\src\test\java\org\junit\jupiter\migrationsupport\rules\VerifierSupportForMixedMethodAndFieldRulesTests.java">
<violation beginline="24" endline="24" begincolumn="25" endcolumn="55" rule="RedundantFieldInitializer" ruleset="Performance" package="org.junit.jupiter.migrationsupport.rules" class="VerifierSupportForMixedMethodAndFieldRulesTests" variable="afterOfRule1WasExecuted" externalInfoUrl="https://pmd.github.io/pmd/pmd_rules_java_performance.html#redundantfieldinitializer" priority="3">
Avoid using redundant field initializer for 'afterOfRule1WasExecuted'
</violation>
<violation beginline="25" endline="25" begincolumn="25" endcolumn="55" rule="RedundantFieldInitializer" ruleset="Performance" package="org.junit.jupiter.migrationsupport.rules" class="VerifierSupportForMixedMethodAndFieldRulesTests" variable="afterOfRule2WasExecuted" externalInfoUrl="https://pmd.github.io/pmd/pmd_rules_java_performance.html#redundantfieldinitializer" priority="3">
Avoid using redundant field initializer for 'afterOfRule2WasExecuted'
</violation>
<violation beginline="36" endline="36" begincolumn="19" endcolumn="27" rule="ImmutableField" ruleset="Design" package="org.junit.jupiter.migrationsupport.rules" class="VerifierSupportForMixedMethodAndFieldRulesTests" variable="verifier2" externalInfoUrl="https://pmd.github.io/pmd/pmd_rules_java_design.html#immutablefield" priority="3">
Private field 'verifier2' could be made final; it is only initialized in the declaration or constructor.
</violation>
<violation beginline="50" endline="52" begincolumn="2" endcolumn="2" rule="JUnitTestsShouldIncludeAssert" ruleset="Best Practices" package="org.junit.jupiter.migrationsupport.rules" class="VerifierSupportForMixedMethodAndFieldRulesTests" method="testNothing" externalInfoUrl="https://pmd.github.io/pmd/pmd_rules_java_bestpractices.html#junittestsshouldincludeassert" priority="3">
JUnit tests should include assert() or fail()
</violation>
<violation beginline="57" endline="57" begincolumn="4" endcolumn="7" rule="JUnitAssertionsShouldIncludeMessage" ruleset="Best Practices" package="org.junit.jupiter.migrationsupport.rules" class="VerifierSupportForMixedMethodAndFieldRulesTests" method="afterMethodsOfBothRulesWereExecuted" externalInfoUrl="https://pmd.github.io/pmd/pmd_rules_java_bestpractices.html#junitassertionsshouldincludemessage" priority="3">
JUnit assertions should include a message
</violation>
<violation beginline="57" endline="57" begincolumn="4" endcolumn="10" rule="ControlStatementBraces" ruleset="Code Style" package="org.junit.jupiter.migrationsupport.rules" class="VerifierSupportForMixedMethodAndFieldRulesTests" method="afterMethodsOfBothRulesWereExecuted" externalInfoUrl="https://pmd.github.io/pmd/pmd_rules_java_codestyle.html#controlstatementbraces" priority="3">
This statement should have braces
</violation>
<violation beginline="59" endline="59" begincolumn="4" endcolumn="7" rule="JUnitAssertionsShouldIncludeMessage" ruleset="Best Practices" package="org.junit.jupiter.migrationsupport.rules" class="VerifierSupportForMixedMethodAndFieldRulesTests" method="afterMethodsOfBothRulesWereExecuted" externalInfoUrl="https://pmd.github.io/pmd/pmd_rules_java_bestpractices.html#junitassertionsshouldincludemessage" priority="3">
JUnit assertions should include a message
</violation>
<violation beginline="59" endline="59" begincolumn="4" endcolumn="10" rule="ControlStatementBraces" ruleset="Code Style" package="org.junit.jupiter.migrationsupport.rules" class="VerifierSupportForMixedMethodAndFieldRulesTests" method="afterMethodsOfBothRulesWereExecuted" externalInfoUrl="https://pmd.github.io/pmd/pmd_rules_java_codestyle.html#controlstatementbraces" priority="3">
This statement should have braces
</violation>
</file>
<file name="C:\Users\Sokaina\Downloads\Versiones-Junit5\junit5-r5.0.2\junit-jupiter-migrationsupport\src\test\java\org\junit\jupiter\migrationsupport\rules\WrongExtendWithForVerifierFieldTests.java">
<violation beginline="24" endline="24" begincolumn="25" endcolumn="55" rule="RedundantFieldInitializer" ruleset="Performance" package="org.junit.jupiter.migrationsupport.rules" class="WrongExtendWithForVerifierFieldTests" variable="afterOfRule1WasExecuted" externalInfoUrl="https://pmd.github.io/pmd/pmd_rules_java_performance.html#redundantfieldinitializer" priority="3">
Avoid using redundant field initializer for 'afterOfRule1WasExecuted'
</violation>
<violation beginline="36" endline="38" begincolumn="2" endcolumn="2" rule="JUnitTestsShouldIncludeAssert" ruleset="Best Practices" package="org.junit.jupiter.migrationsupport.rules" class="WrongExtendWithForVerifierFieldTests" method="testNothing" externalInfoUrl="https://pmd.github.io/pmd/pmd_rules_java_bestpractices.html#junittestsshouldincludeassert" priority="3">
JUnit tests should include assert() or fail()
</violation>
<violation beginline="43" endline="43" begincolumn="4" endcolumn="7" rule="JUnitAssertionsShouldIncludeMessage" ruleset="Best Practices" package="org.junit.jupiter.migrationsupport.rules" class="WrongExtendWithForVerifierFieldTests" method="afterMethodOfRuleWasNotExecuted" externalInfoUrl="https://pmd.github.io/pmd/pmd_rules_java_bestpractices.html#junitassertionsshouldincludemessage" priority="3">
JUnit assertions should include a message
</violation>
<violation beginline="43" endline="43" begincolumn="4" endcolumn="10" rule="ControlStatementBraces" ruleset="Code Style" package="org.junit.jupiter.migrationsupport.rules" class="WrongExtendWithForVerifierFieldTests" method="afterMethodOfRuleWasNotExecuted" externalInfoUrl="https://pmd.github.io/pmd/pmd_rules_java_codestyle.html#controlstatementbraces" priority="3">
This statement should have braces
</violation>
</file>
<file name="C:\Users\Sokaina\Downloads\Versiones-Junit5\junit5-r5.0.2\junit-jupiter-migrationsupport\src\test\java\org\junit\jupiter\migrationsupport\rules\WrongExtendWithForVerifierMethodTests.java">
<violation beginline="24" endline="24" begincolumn="25" endcolumn="55" rule="RedundantFieldInitializer" ruleset="Performance" package="org.junit.jupiter.migrationsupport.rules" class="WrongExtendWithForVerifierMethodTests" variable="afterOfRule1WasExecuted" externalInfoUrl="https://pmd.github.io/pmd/pmd_rules_java_performance.html#redundantfieldinitializer" priority="3">
Avoid using redundant field initializer for 'afterOfRule1WasExecuted'
</violation>
<violation beginline="26" endline="26" begincolumn="19" endcolumn="27" rule="ImmutableField" ruleset="Design" package="org.junit.jupiter.migrationsupport.rules" class="WrongExtendWithForVerifierMethodTests" variable="verifier1" externalInfoUrl="https://pmd.github.io/pmd/pmd_rules_java_design.html#immutablefield" priority="3">
Private field 'verifier1' could be made final; it is only initialized in the declaration or constructor.
</violation>
<violation beginline="40" endline="42" begincolumn="2" endcolumn="2" rule="JUnitTestsShouldIncludeAssert" ruleset="Best Practices" package="org.junit.jupiter.migrationsupport.rules" class="WrongExtendWithForVerifierMethodTests" method="testNothing" externalInfoUrl="https://pmd.github.io/pmd/pmd_rules_java_bestpractices.html#junittestsshouldincludeassert" priority="3">
JUnit tests should include assert() or fail()
</violation>
<violation beginline="47" endline="47" begincolumn="4" endcolumn="7" rule="JUnitAssertionsShouldIncludeMessage" ruleset="Best Practices" package="org.junit.jupiter.migrationsupport.rules" class="WrongExtendWithForVerifierMethodTests" method="afterMethodsOfBothRulesWereExecuted" externalInfoUrl="https://pmd.github.io/pmd/pmd_rules_java_bestpractices.html#junitassertionsshouldincludemessage" priority="3">
JUnit assertions should include a message
</violation>
<violation beginline="47" endline="47" begincolumn="4" endcolumn="10" rule="ControlStatementBraces" ruleset="Code Style" package="org.junit.jupiter.migrationsupport.rules" class="WrongExtendWithForVerifierMethodTests" method="afterMethodsOfBothRulesWereExecuted" externalInfoUrl="https://pmd.github.io/pmd/pmd_rules_java_codestyle.html#controlstatementbraces" priority="3">
This statement should have braces
</violation>
</file>
<file name="C:\Users\Sokaina\Downloads\Versiones-Junit5\junit5-r5.0.2\junit-jupiter-params\src\main\java\org\junit\jupiter\params\ParameterizedTestExtension.java">
<violation beginline="66" endline="66" begincolumn="4" endcolumn="21" rule="UseVarargs" ruleset="Best Practices" package="org.junit.jupiter.params" class="ParameterizedTestExtension" method="createInvocationContext" variable="arguments" externalInfoUrl="https://pmd.github.io/pmd/pmd_rules_java_bestpractices.html#usevarargs" priority="4">
Consider using varargs for methods or constructors which take an array the last parameter.
</violation>
<violation beginline="83" endline="83" begincolumn="10" endcolumn="18" rule="AvoidCatchingGenericException" ruleset="Design" package="org.junit.jupiter.params" class="ParameterizedTestExtension" method="arguments" externalInfoUrl="https://pmd.github.io/pmd/pmd_rules_java_design.html#avoidcatchinggenericexception" priority="3">
Avoid catching generic exceptions such as NullPointerException, RuntimeException, Exception in try-catch block
</violation>
</file>
<file name="C:\Users\Sokaina\Downloads\Versiones-Junit5\junit5-r5.0.2\junit-jupiter-params\src\main\java\org\junit\jupiter\params\ParameterizedTestInvocationContext.java">
<violation beginline="28" endline="28" begincolumn="79" endcolumn="96" rule="UseVarargs" ruleset="Best Practices" package="org.junit.jupiter.params" class="ParameterizedTestInvocationContext" method="ParameterizedTestInvocationContext" variable="arguments" externalInfoUrl="https://pmd.github.io/pmd/pmd_rules_java_bestpractices.html#usevarargs" priority="4">
Consider using varargs for methods or constructors which take an array the last parameter.
</violation>
<violation beginline="28" endline="28" begincolumn="79" endcolumn="96" rule="ArrayIsStoredDirectly" ruleset="Best Practices" package="org.junit.jupiter.params" class="ParameterizedTestInvocationContext" method="ParameterizedTestInvocationContext" variable="arguments" externalInfoUrl="https://pmd.github.io/pmd/pmd_rules_java_bestpractices.html#arrayisstoreddirectly" priority="3">
The user-supplied array 'arguments' is stored directly.
</violation>
</file>
<file name="C:\Users\Sokaina\Downloads\Versiones-Junit5\junit5-r5.0.2\junit-jupiter-params\src\main\java\org\junit\jupiter\params\ParameterizedTestNameFormatter.java">
<violation beginline="33" endline="37" begincolumn="2" endcolumn="2" rule="DefaultPackage" ruleset="Code Style" package="org.junit.jupiter.params" class="ParameterizedTestNameFormatter" externalInfoUrl="https://pmd.github.io/pmd/pmd_rules_java_codestyle.html#defaultpackage" priority="3">
Use explicit scoping instead of the default package private level
</violation>
<violation beginline="39" endline="39" begincolumn="66" endcolumn="83" rule="UseVarargs" ruleset="Best Practices" package="org.junit.jupiter.params" class="ParameterizedTestNameFormatter" method="prepareMessageFormatPattern" variable="arguments" externalInfoUrl="https://pmd.github.io/pmd/pmd_rules_java_bestpractices.html#usevarargs" priority="4">
Consider using varargs for methods or constructors which take an array the last parameter.
</violation>
<violation beginline="52" endline="52" begincolumn="32" endcolumn="49" rule="UseVarargs" ruleset="Best Practices" package="org.junit.jupiter.params" class="ParameterizedTestNameFormatter" method="makeReadable" variable="arguments" externalInfoUrl="https://pmd.github.io/pmd/pmd_rules_java_bestpractices.html#usevarargs" priority="4">
Consider using varargs for methods or constructors which take an array the last parameter.
</violation>
<violation beginline="57" endline="57" begincolumn="3" endcolumn="32" rule="UnnecessaryLocalBeforeReturn" ruleset="Code Style" package="org.junit.jupiter.params" class="ParameterizedTestNameFormatter" method="makeReadable" externalInfoUrl="https://pmd.github.io/pmd/pmd_rules_java_codestyle.html#unnecessarylocalbeforereturn" priority="3">
Consider simply returning the value vs storing it in local variable 'humanReadableArguments'
</violation>
<violation beginline="60" endline="60" begincolumn="46" endcolumn="63" rule="UseVarargs" ruleset="Best Practices" package="org.junit.jupiter.params" class="ParameterizedTestNameFormatter" method="formatSafely" variable="arguments" externalInfoUrl="https://pmd.github.io/pmd/pmd_rules_java_bestpractices.html#usevarargs" priority="4">
Consider using varargs for methods or constructors which take an array the last parameter.
</violation>
</file>
<file name="C:\Users\Sokaina\Downloads\Versiones-Junit5\junit5-r5.0.2\junit-jupiter-params\src\main\java\org\junit\jupiter\params\ParameterizedTestParameterResolver.java">
<violation beginline="36" endline="36" begincolumn="37" endcolumn="54" rule="UseVarargs" ruleset="Best Practices" package="org.junit.jupiter.params" class="ParameterizedTestParameterResolver" method="ParameterizedTestParameterResolver" variable="arguments" externalInfoUrl="https://pmd.github.io/pmd/pmd_rules_java_bestpractices.html#usevarargs" priority="4">
Consider using varargs for methods or constructors which take an array the last parameter.
</violation>
<violation beginline="36" endline="36" begincolumn="37" endcolumn="54" rule="ArrayIsStoredDirectly" ruleset="Best Practices" package="org.junit.jupiter.params" class="ParameterizedTestParameterResolver" method="ParameterizedTestParameterResolver" variable="arguments" externalInfoUrl="https://pmd.github.io/pmd/pmd_rules_java_bestpractices.html#arrayisstoreddirectly" priority="3">
The user-supplied array 'arguments' is stored directly.
</violation>
<violation beginline="62" endline="62" begincolumn="10" endcolumn="18" rule="AvoidCatchingGenericException" ruleset="Design" package="org.junit.jupiter.params" class="ParameterizedTestParameterResolver" method="resolveParameter" externalInfoUrl="https://pmd.github.io/pmd/pmd_rules_java_design.html#avoidcatchinggenericexception" priority="3">
Avoid catching generic exceptions such as NullPointerException, RuntimeException, Exception in try-catch block
</violation>
</file>
<file name="C:\Users\Sokaina\Downloads\Versiones-Junit5\junit5-r5.0.2\junit-jupiter-params\src\main\java\org\junit\jupiter\params\converter\DefaultArgumentConverter.java">
<violation beginline="93" endline="93" begincolumn="12" endcolumn="20" rule="AvoidCatchingGenericException" ruleset="Design" package="org.junit.jupiter.params.converter" class="DefaultArgumentConverter" method="convertToTargetType" externalInfoUrl="https://pmd.github.io/pmd/pmd_rules_java_design.html#avoidcatchinggenericexception" priority="3">
Avoid catching generic exceptions such as NullPointerException, RuntimeException, Exception in try-catch block
</violation>
<violation beginline="107" endline="107" begincolumn="61" endcolumn="69" rule="SignatureDeclareThrowsException" ruleset="Design" package="org.junit.jupiter.params.converter" class="DefaultArgumentConverter$StringToObjectConverter" method="convert" externalInfoUrl="https://pmd.github.io/pmd/pmd_rules_java_design.html#signaturedeclarethrowsexception" priority="3">
A method/constructor should not explicitly throw java.lang.Exception
</violation>
<violation beginline="173" endline="173" begincolumn="17" endcolumn="43" rule="UnnecessaryFullyQualifiedName" ruleset="Code Style" package="org.junit.jupiter.params.converter" class="DefaultArgumentConverter$StringToJavaTimeConverter" externalInfoUrl="https://pmd.github.io/pmd/pmd_rules_java_codestyle.html#unnecessaryfullyqualifiedname" priority="4">
Unnecessary use of fully qualified name 'Collections.unmodifiableMap' due to existing static import 'java.util.Collections.unmodifiableMap'
</violation>
</file>
<file name="C:\Users\Sokaina\Downloads\Versiones-Junit5\junit5-r5.0.2\junit-jupiter-params\src\main\java\org\junit\jupiter\params\provider\Arguments.java">
<violation beginline="49" endline="52" begincolumn="9" endcolumn="2" rule="ShortMethodName" ruleset="Code Style" package="org.junit.jupiter.params.provider" class="Arguments" method="of" externalInfoUrl="https://pmd.github.io/pmd/pmd_rules_java_codestyle.html#shortmethodname" priority="3">
Avoid using short method names
</violation>
</file>
<file name="C:\Users\Sokaina\Downloads\Versiones-Junit5\junit5-r5.0.2\junit-jupiter-params\src\main\java\org\junit\jupiter\params\provider\ArgumentsProvider.java">
<violation beginline="45" endline="45" begincolumn="80" endcolumn="88" rule="SignatureDeclareThrowsException" ruleset="Design" package="org.junit.jupiter.params.provider" class="ArgumentsProvider" method="provideArguments" externalInfoUrl="https://pmd.github.io/pmd/pmd_rules_java_design.html#signaturedeclarethrowsexception" priority="3">
A method/constructor should not explicitly throw java.lang.Exception
</violation>
</file>
<file name="C:\Users\Sokaina\Downloads\Versiones-Junit5\junit5-r5.0.2\junit-jupiter-params\src\main\java\org\junit\jupiter\params\provider\EnumSource.java">
<violation beginline="120" endline="123" begincolumn="11" endcolumn="3" rule="UnnecessaryModifier" ruleset="Code Style" package="org.junit.jupiter.params.provider" class="EnumSource$Mode" method="Mode" externalInfoUrl="https://pmd.github.io/pmd/pmd_rules_java_codestyle.html#unnecessarymodifier" priority="3">
Unnecessary modifier 'private' on constructor 'Mode(BiConsumer, BiPredicate)': enum constructors are implicitly private
</violation>
</file>
<file name="C:\Users\Sokaina\Downloads\Versiones-Junit5\junit5-r5.0.2\junit-jupiter-params\src\main\java\org\junit\jupiter\params\support\AnnotationConsumerInitializer.java">
<violation beginline="42" endline="45" begincolumn="23" endcolumn="51" rule="FieldDeclarationsShouldBeAtStartOfClass" ruleset="Code Style" package="org.junit.jupiter.params.support" class="AnnotationConsumerInitializer" variable="VariableDeclaratorId" externalInfoUrl="https://pmd.github.io/pmd/pmd_rules_java_codestyle.html#fielddeclarationsshouldbeatstartofclass" priority="3">
Fields should be declared at the top of the class, before any method declarations, constructors, initializers or inner classes.
</violation>
<violation beginline="43" endline="43" begincolumn="4" endcolumn="36" rule="LiteralsFirstInComparisons" ruleset="Best Practices" package="org.junit.jupiter.params.support" class="AnnotationConsumerInitializer" externalInfoUrl="https://pmd.github.io/pmd/pmd_rules_java_bestpractices.html#literalsfirstincomparisons" priority="3">
Position literals first in String comparisons
</violation>
<violation beginline="66" endline="66" begincolumn="10" endcolumn="18" rule="AvoidCatchingGenericException" ruleset="Design" package="org.junit.jupiter.params.support" class="AnnotationConsumerInitializer" externalInfoUrl="https://pmd.github.io/pmd/pmd_rules_java_design.html#avoidcatchinggenericexception" priority="3">
Avoid catching generic exceptions such as NullPointerException, RuntimeException, Exception in try-catch block
</violation>
</file>
<file name="C:\Users\Sokaina\Downloads\Versiones-Junit5\junit5-r5.0.2\junit-jupiter-params\src\test\java\org\junit\jupiter\params\ParameterizedTestExtensionTests.java">
<violation beginline="11" endline="208" begincolumn="1" endcolumn="2" rule="TooManyStaticImports" ruleset="Code Style" package="org.junit.jupiter.params" class="ParameterizedTestExtensionTests" externalInfoUrl="https://pmd.github.io/pmd/pmd_rules_java_codestyle.html#toomanystaticimports" priority="3">
Too many static imports may lead to messy code
</violation>
<violation beginline="39" endline="39" begincolumn="2" endcolumn="90" rule="DefaultPackage" ruleset="Code Style" package="org.junit.jupiter.params" class="ParameterizedTestExtensionTests" externalInfoUrl="https://pmd.github.io/pmd/pmd_rules_java_codestyle.html#defaultpackage" priority="3">
Use explicit scoping instead of the default package private level
</violation>
<violation beginline="41" endline="41" begincolumn="17" endcolumn="39" rule="RedundantFieldInitializer" ruleset="Performance" package="org.junit.jupiter.params" class="ParameterizedTestExtensionTests" variable="streamWasClosed" externalInfoUrl="https://pmd.github.io/pmd/pmd_rules_java_performance.html#redundantfieldinitializer" priority="3">
Avoid using redundant field initializer for 'streamWasClosed'
</violation>
<violation beginline="41" endline="41" begincolumn="2" endcolumn="40" rule="DefaultPackage" ruleset="Code Style" package="org.junit.jupiter.params" class="ParameterizedTestExtensionTests" externalInfoUrl="https://pmd.github.io/pmd/pmd_rules_java_codestyle.html#defaultpackage" priority="3">
Use explicit scoping instead of the default package private level
</violation>
<violation beginline="47" endline="47" begincolumn="3" endcolumn="13" rule="JUnitAssertionsShouldIncludeMessage" ruleset="Best Practices" package="org.junit.jupiter.params" class="ParameterizedTestExtensionTests" method="supportsReturnsFalseForMissingTestMethod" externalInfoUrl="https://pmd.github.io/pmd/pmd_rules_java_bestpractices.html#junitassertionsshouldincludemessage" priority="3">
JUnit assertions should include a message
</violation>
<violation beginline="54" endline="54" begincolumn="3" endcolumn="13" rule="JUnitAssertionsShouldIncludeMessage" ruleset="Best Practices" package="org.junit.jupiter.params" class="ParameterizedTestExtensionTests" method="supportsReturnsFalseForTestMethodWithoutParameterizedTestAnnotation" externalInfoUrl="https://pmd.github.io/pmd/pmd_rules_java_bestpractices.html#junitassertionsshouldincludemessage" priority="3">
JUnit assertions should include a message
</violation>
<violation beginline="61" endline="61" begincolumn="3" endcolumn="12" rule="JUnitAssertionsShouldIncludeMessage" ruleset="Best Practices" package="org.junit.jupiter.params" class="ParameterizedTestExtensionTests" method="supportsReturnsTrueForTestMethodWithParameterizedTestAnnotation" externalInfoUrl="https://pmd.github.io/pmd/pmd_rules_java_bestpractices.html#junitassertionsshouldincludemessage" priority="3">
JUnit assertions should include a message
</violation>
<violation beginline="74" endline="74" begincolumn="3" endcolumn="12" rule="JUnitAssertionsShouldIncludeMessage" ruleset="Best Practices" package="org.junit.jupiter.params" class="ParameterizedTestExtensionTests" method="streamsReturnedByProvidersAreClosedWhenCallingProvide" externalInfoUrl="https://pmd.github.io/pmd/pmd_rules_java_bestpractices.html#junitassertionsshouldincludemessage" priority="3">
JUnit assertions should include a message
</violation>
<violation beginline="78" endline="86" begincolumn="2" endcolumn="2" rule="JUnitTestContainsTooManyAsserts" ruleset="Best Practices" package="org.junit.jupiter.params" class="ParameterizedTestExtensionTests" method="argumentsRethrowsOriginalExceptionFromProviderAsUncheckedException" externalInfoUrl="https://pmd.github.io/pmd/pmd_rules_java_bestpractices.html#junittestcontainstoomanyasserts" priority="3">
Unit tests should not contain more than 1 assert(s).
</violation>
<violation beginline="85" endline="85" begincolumn="3" endcolumn="14" rule="JUnitAssertionsShouldIncludeMessage" ruleset="Best Practices" package="org.junit.jupiter.params" class="ParameterizedTestExtensionTests" method="argumentsRethrowsOriginalExceptionFromProviderAsUncheckedException" externalInfoUrl="https://pmd.github.io/pmd/pmd_rules_java_bestpractices.html#junitassertionsshouldincludemessage" priority="3">
JUnit assertions should include a message
</violation>
<violation beginline="89" endline="101" begincolumn="2" endcolumn="2" rule="JUnitTestContainsTooManyAsserts" ruleset="Best Practices" package="org.junit.jupiter.params" class="ParameterizedTestExtensionTests" method="throwsExceptionWhenParameterizedTestIsNotInvokedAtLeastOnce" externalInfoUrl="https://pmd.github.io/pmd/pmd_rules_java_bestpractices.html#junittestcontainstoomanyasserts" priority="3">
Unit tests should not contain more than 1 assert(s).
</violation>
<violation beginline="107" endline="107" begincolumn="23" endcolumn="55" rule="LiteralsFirstInComparisons" ruleset="Best Practices" package="org.junit.jupiter.params" class="ParameterizedTestExtensionTests" method="getExtensionContextReturningSingleMethod" externalInfoUrl="https://pmd.github.io/pmd/pmd_rules_java_bestpractices.html#literalsfirstincomparisons" priority="3">
Position literals first in String comparisons
</violation>
<violation beginline="154" endline="154" begincolumn="11" endcolumn="36" rule="UnnecessaryFullyQualifiedName" ruleset="Code Style" package="org.junit.jupiter.params" class="ParameterizedTestExtensionTests" method="getTestInstance" externalInfoUrl="https://pmd.github.io/pmd/pmd_rules_java_codestyle.html#unnecessaryfullyqualifiedname" priority="4">
Unnecessary use of fully qualified name 'java.util.Optional' due to existing import 'java.util.Optional'
</violation>
<violation beginline="164" endline="165" begincolumn="60" endcolumn="4" rule="UncommentedEmptyMethodBody" ruleset="Documentation" package="org.junit.jupiter.params" class="ParameterizedTestExtensionTests" method="publishReportEntry" externalInfoUrl="https://pmd.github.io/pmd/pmd_rules_java_documentation.html#uncommentedemptymethodbody" priority="3">
Document empty method body
</violation>
<violation beginline="179" endline="180" begincolumn="17" endcolumn="3" rule="UncommentedEmptyMethodBody" ruleset="Documentation" package="org.junit.jupiter.params" class="ParameterizedTestExtensionTests$TestCaseWithMethod" method="method" externalInfoUrl="https://pmd.github.io/pmd/pmd_rules_java_documentation.html#uncommentedemptymethodbody" priority="3">
Document empty method body
</violation>
<violation beginline="179" endline="180" begincolumn="3" endcolumn="3" rule="DefaultPackage" ruleset="Code Style" package="org.junit.jupiter.params" class="ParameterizedTestExtensionTests$TestCaseWithMethod" externalInfoUrl="https://pmd.github.io/pmd/pmd_rules_java_codestyle.html#defaultpackage" priority="3">
Use explicit scoping instead of the default package private level
</violation>
<violation beginline="186" endline="187" begincolumn="17" endcolumn="3" rule="UncommentedEmptyMethodBody" ruleset="Documentation" package="org.junit.jupiter.params" class="ParameterizedTestExtensionTests$TestCaseWithAnnotatedMethod" method="method" externalInfoUrl="https://pmd.github.io/pmd/pmd_rules_java_documentation.html#uncommentedemptymethodbody" priority="3">
Document empty method body
</violation>
<violation beginline="194" endline="195" begincolumn="33" endcolumn="3" rule="UncommentedEmptyMethodBody" ruleset="Documentation" package="org.junit.jupiter.params" class="ParameterizedTestExtensionTests$TestCaseWithArgumentSourceAnnotatedMethod" method="method" externalInfoUrl="https://pmd.github.io/pmd/pmd_rules_java_documentation.html#uncommentedemptymethodbody" priority="3">
Document empty method body
</violation>
</file>
<file name="C:\Users\Sokaina\Downloads\Versiones-Junit5\junit5-r5.0.2\junit-jupiter-params\src\test\java\org\junit\jupiter\params\ParameterizedTestIntegrationTests.java">
<violation beginline="11" endline="326" begincolumn="1" endcolumn="2" rule="TooManyStaticImports" ruleset="Code Style" package="org.junit.jupiter.params" class="ParameterizedTestIntegrationTests" externalInfoUrl="https://pmd.github.io/pmd/pmd_rules_java_codestyle.html#toomanystaticimports" priority="3">
Too many static imports may lead to messy code
</violation>
<violation beginline="63" endline="63" begincolumn="3" endcolumn="12" rule="JUnitAssertionsShouldIncludeMessage" ruleset="Best Practices" package="org.junit.jupiter.params" class="ParameterizedTestIntegrationTests" method="executesWithSingleArgumentsProviderWithMultipleInvocations" externalInfoUrl="https://pmd.github.io/pmd/pmd_rules_java_bestpractices.html#junitassertionsshouldincludemessage" priority="3">
JUnit assertions should include a message
</violation>
<violation beginline="63" endline="63" begincolumn="3" endcolumn="12" rule="JUnitAssertionsShouldIncludeMessage" ruleset="Best Practices" package="org.junit.jupiter.params" class="ParameterizedTestIntegrationTests" method="executesWithSingleArgumentsProviderWithMultipleInvocations" externalInfoUrl="https://pmd.github.io/pmd/pmd_rules_java_bestpractices.html#junitassertionsshouldincludemessage" priority="3">
JUnit assertions should include a message
</violation>
<violation beginline="64" endline="64" begincolumn="47" endcolumn="55" rule="AvoidDuplicateLiterals" ruleset="Error Prone" package="org.junit.jupiter.params" class="ParameterizedTestIntegrationTests" method="executesWithSingleArgumentsProviderWithMultipleInvocations" externalInfoUrl="https://pmd.github.io/pmd/pmd_rules_java_errorprone.html#avoidduplicateliterals" priority="3">
The String literal "[1] foo" appears 7 times in this file; the first occurrence is on line 64
</violation>
<violation beginline="64" endline="64" begincolumn="87" endcolumn="91" rule="AvoidDuplicateLiterals" ruleset="Error Prone" package="org.junit.jupiter.params" class="ParameterizedTestIntegrationTests" method="executesWithSingleArgumentsProviderWithMultipleInvocations" externalInfoUrl="https://pmd.github.io/pmd/pmd_rules_java_errorprone.html#avoidduplicateliterals" priority="3">
The String literal "foo" appears 12 times in this file; the first occurrence is on line 64
</violation>
<violation beginline="65" endline="65" begincolumn="47" endcolumn="55" rule="AvoidDuplicateLiterals" ruleset="Error Prone" package="org.junit.jupiter.params" class="ParameterizedTestIntegrationTests" method="executesWithSingleArgumentsProviderWithMultipleInvocations" externalInfoUrl="https://pmd.github.io/pmd/pmd_rules_java_errorprone.html#avoidduplicateliterals" priority="3">
The String literal "[2] bar" appears 7 times in this file; the first occurrence is on line 65
</violation>
<violation beginline="65" endline="65" begincolumn="87" endcolumn="91" rule="AvoidDuplicateLiterals" ruleset="Error Prone" package="org.junit.jupiter.params" class="ParameterizedTestIntegrationTests" method="executesWithSingleArgumentsProviderWithMultipleInvocations" externalInfoUrl="https://pmd.github.io/pmd/pmd_rules_java_errorprone.html#avoidduplicateliterals" priority="3">
The String literal "bar" appears 12 times in this file; the first occurrence is on line 65
</violation>
<violation beginline="72" endline="72" begincolumn="3" endcolumn="12" rule="JUnitAssertionsShouldIncludeMessage" ruleset="Best Practices" package="org.junit.jupiter.params" class="ParameterizedTestIntegrationTests" method="executesWithStringSource" externalInfoUrl="https://pmd.github.io/pmd/pmd_rules_java_bestpractices.html#junitassertionsshouldincludemessage" priority="3">
JUnit assertions should include a message
</violation>
<violation beginline="72" endline="72" begincolumn="3" endcolumn="12" rule="JUnitAssertionsShouldIncludeMessage" ruleset="Best Practices" package="org.junit.jupiter.params" class="ParameterizedTestIntegrationTests" method="executesWithStringSource" externalInfoUrl="https://pmd.github.io/pmd/pmd_rules_java_bestpractices.html#junitassertionsshouldincludemessage" priority="3">
JUnit assertions should include a message
</violation>
<violation beginline="81" endline="81" begincolumn="3" endcolumn="12" rule="JUnitAssertionsShouldIncludeMessage" ruleset="Best Practices" package="org.junit.jupiter.params" class="ParameterizedTestIntegrationTests" method="executesWithCustomName" externalInfoUrl="https://pmd.github.io/pmd/pmd_rules_java_bestpractices.html#junitassertionsshouldincludemessage" priority="3">
JUnit assertions should include a message
</violation>
<violation beginline="81" endline="81" begincolumn="3" endcolumn="12" rule="JUnitAssertionsShouldIncludeMessage" ruleset="Best Practices" package="org.junit.jupiter.params" class="ParameterizedTestIntegrationTests" method="executesWithCustomName" externalInfoUrl="https://pmd.github.io/pmd/pmd_rules_java_bestpractices.html#junitassertionsshouldincludemessage" priority="3">
JUnit assertions should include a message
</violation>
<violation beginline="90" endline="90" begincolumn="3" endcolumn="12" rule="JUnitAssertionsShouldIncludeMessage" ruleset="Best Practices" package="org.junit.jupiter.params" class="ParameterizedTestIntegrationTests" method="executesWithExplicitConverter" externalInfoUrl="https://pmd.github.io/pmd/pmd_rules_java_bestpractices.html#junitassertionsshouldincludemessage" priority="3">
JUnit assertions should include a message
</violation>
<violation beginline="90" endline="90" begincolumn="3" endcolumn="12" rule="JUnitAssertionsShouldIncludeMessage" ruleset="Best Practices" package="org.junit.jupiter.params" class="ParameterizedTestIntegrationTests" method="executesWithExplicitConverter" externalInfoUrl="https://pmd.github.io/pmd/pmd_rules_java_bestpractices.html#junitassertionsshouldincludemessage" priority="3">
JUnit assertions should include a message
</violation>
<violation beginline="99" endline="99" begincolumn="3" endcolumn="12" rule="JUnitAssertionsShouldIncludeMessage" ruleset="Best Practices" package="org.junit.jupiter.params" class="ParameterizedTestIntegrationTests" method="executesWithArgumentsSourceProvidingRedundantArguments" externalInfoUrl="https://pmd.github.io/pmd/pmd_rules_java_bestpractices.html#junitassertionsshouldincludemessage" priority="3">
JUnit assertions should include a message
</violation>
<violation beginline="99" endline="99" begincolumn="3" endcolumn="12" rule="JUnitAssertionsShouldIncludeMessage" ruleset="Best Practices" package="org.junit.jupiter.params" class="ParameterizedTestIntegrationTests" method="executesWithArgumentsSourceProvidingRedundantArguments" externalInfoUrl="https://pmd.github.io/pmd/pmd_rules_java_bestpractices.html#junitassertionsshouldincludemessage" priority="3">
JUnit assertions should include a message
</violation>
<violation beginline="108" endline="108" begincolumn="3" endcolumn="12" rule="JUnitAssertionsShouldIncludeMessage" ruleset="Best Practices" package="org.junit.jupiter.params" class="ParameterizedTestIntegrationTests" method="executesWithCsvSourceContainingRedundantArguments" externalInfoUrl="https://pmd.github.io/pmd/pmd_rules_java_bestpractices.html#junitassertionsshouldincludemessage" priority="3">
JUnit assertions should include a message
</violation>
<violation beginline="108" endline="108" begincolumn="3" endcolumn="12" rule="JUnitAssertionsShouldIncludeMessage" ruleset="Best Practices" package="org.junit.jupiter.params" class="ParameterizedTestIntegrationTests" method="executesWithCsvSourceContainingRedundantArguments" externalInfoUrl="https://pmd.github.io/pmd/pmd_rules_java_bestpractices.html#junitassertionsshouldincludemessage" priority="3">
JUnit assertions should include a message
</violation>
<violation beginline="117" endline="117" begincolumn="3" endcolumn="12" rule="JUnitAssertionsShouldIncludeMessage" ruleset="Best Practices" package="org.junit.jupiter.params" class="ParameterizedTestIntegrationTests" method="executesWithCsvFileSourceContainingRedundantArguments" externalInfoUrl="https://pmd.github.io/pmd/pmd_rules_java_bestpractices.html#junitassertionsshouldincludemessage" priority="3">
JUnit assertions should include a message
</violation>
<violation beginline="117" endline="117" begincolumn="3" endcolumn="12" rule="JUnitAssertionsShouldIncludeMessage" ruleset="Best Practices" package="org.junit.jupiter.params" class="ParameterizedTestIntegrationTests" method="executesWithCsvFileSourceContainingRedundantArguments" externalInfoUrl="https://pmd.github.io/pmd/pmd_rules_java_bestpractices.html#junitassertionsshouldincludemessage" priority="3">
JUnit assertions should include a message
</violation>
<violation beginline="126" endline="126" begincolumn="3" endcolumn="12" rule="JUnitAssertionsShouldIncludeMessage" ruleset="Best Practices" package="org.junit.jupiter.params" class="ParameterizedTestIntegrationTests" method="executesWithMethodSourceProvidingRedundantArguments" externalInfoUrl="https://pmd.github.io/pmd/pmd_rules_java_bestpractices.html#junitassertionsshouldincludemessage" priority="3">
JUnit assertions should include a message
</violation>
<violation beginline="126" endline="126" begincolumn="3" endcolumn="12" rule="JUnitAssertionsShouldIncludeMessage" ruleset="Best Practices" package="org.junit.jupiter.params" class="ParameterizedTestIntegrationTests" method="executesWithMethodSourceProvidingRedundantArguments" externalInfoUrl="https://pmd.github.io/pmd/pmd_rules_java_bestpractices.html#junitassertionsshouldincludemessage" priority="3">
JUnit assertions should include a message
</violation>
<violation beginline="132" endline="167" begincolumn="2" endcolumn="2" rule="JUnitTestContainsTooManyAsserts" ruleset="Best Practices" package="org.junit.jupiter.params" class="ParameterizedTestIntegrationTests" method="executesLifecycleMethods" externalInfoUrl="https://pmd.github.io/pmd/pmd_rules_java_bestpractices.html#junittestcontainstoomanyasserts" priority="3">
Unit tests should not contain more than 1 assert(s).
</violation>
<violation beginline="138" endline="138" begincolumn="3" endcolumn="12" rule="JUnitAssertionsShouldIncludeMessage" ruleset="Best Practices" package="org.junit.jupiter.params" class="ParameterizedTestIntegrationTests" method="executesLifecycleMethods" externalInfoUrl="https://pmd.github.io/pmd/pmd_rules_java_bestpractices.html#junitassertionsshouldincludemessage" priority="3">
JUnit assertions should include a message
</violation>
<violation beginline="138" endline="138" begincolumn="3" endcolumn="12" rule="JUnitAssertionsShouldIncludeMessage" ruleset="Best Practices" package="org.junit.jupiter.params" class="ParameterizedTestIntegrationTests" method="executesLifecycleMethods" externalInfoUrl="https://pmd.github.io/pmd/pmd_rules_java_bestpractices.html#junitassertionsshouldincludemessage" priority="3">
JUnit assertions should include a message
</violation>
<violation beginline="147" endline="147" begincolumn="5" endcolumn="20" rule="AvoidDuplicateLiterals" ruleset="Error Prone" package="org.junit.jupiter.params" class="ParameterizedTestIntegrationTests" method="executesLifecycleMethods" externalInfoUrl="https://pmd.github.io/pmd/pmd_rules_java_errorprone.html#avoidduplicateliterals" priority="3">
The String literal "providerMethod" appears 5 times in this file; the first occurrence is on line 147
</violation>
<violation beginline="148" endline="148" begincolumn="6" endcolumn="70" rule="AvoidDuplicateLiterals" ruleset="Error Prone" package="org.junit.jupiter.params" class="ParameterizedTestIntegrationTests" method="executesLifecycleMethods" externalInfoUrl="https://pmd.github.io/pmd/pmd_rules_java_errorprone.html#avoidduplicateliterals" priority="3">
The String literal "constructor:ParameterizedTestIntegrationTests$LifecycleTestCase" appears 4 times in this file; the first occurrence is on line 148
</violation>
<violation beginline="173" endline="173" begincolumn="3" endcolumn="12" rule="JUnitAssertionsShouldIncludeMessage" ruleset="Best Practices" package="org.junit.jupiter.params" class="ParameterizedTestIntegrationTests" method="failsContainerOnEmptyName" externalInfoUrl="https://pmd.github.io/pmd/pmd_rules_java_bestpractices.html#junitassertionsshouldincludemessage" priority="3">
JUnit assertions should include a message
</violation>
<violation beginline="241" endline="243" begincolumn="3" endcolumn="3" rule="DefaultPackage" ruleset="Code Style" package="org.junit.jupiter.params" class="ParameterizedTestIntegrationTests$RedundantParametersTestCase" externalInfoUrl="https://pmd.github.io/pmd/pmd_rules_java_codestyle.html#defaultpackage" priority="3">
Use explicit scoping instead of the default package private level
</violation>
<violation beginline="295" endline="298" begincolumn="3" endcolumn="3" rule="DefaultPackage" ruleset="Code Style" package="org.junit.jupiter.params" class="ParameterizedTestIntegrationTests$LifecycleTestCase" externalInfoUrl="https://pmd.github.io/pmd/pmd_rules_java_codestyle.html#defaultpackage" priority="3">
Use explicit scoping instead of the default package private level
</violation>
</file>
<file name="C:\Users\Sokaina\Downloads\Versiones-Junit5\junit5-r5.0.2\junit-jupiter-params\src\test\java\org\junit\jupiter\params\ParameterizedTestNameFormatterTests.java">
<violation beginline="29" endline="34" begincolumn="2" endcolumn="2" rule="JUnitTestContainsTooManyAsserts" ruleset="Best Practices" package="org.junit.jupiter.params" class="ParameterizedTestNameFormatterTests" method="formatsInvocationIndex" externalInfoUrl="https://pmd.github.io/pmd/pmd_rules_java_bestpractices.html#junittestcontainstoomanyasserts" priority="3">
Unit tests should not contain more than 1 assert(s).
</violation>
<violation beginline="32" endline="32" begincolumn="3" endcolumn="14" rule="JUnitAssertionsShouldIncludeMessage" ruleset="Best Practices" package="org.junit.jupiter.params" class="ParameterizedTestNameFormatterTests" method="formatsInvocationIndex" externalInfoUrl="https://pmd.github.io/pmd/pmd_rules_java_bestpractices.html#junitassertionsshouldincludemessage" priority="3">
JUnit assertions should include a message
</violation>
<violation beginline="33" endline="33" begincolumn="3" endcolumn="14" rule="JUnitAssertionsShouldIncludeMessage" ruleset="Best Practices" package="org.junit.jupiter.params" class="ParameterizedTestNameFormatterTests" method="formatsInvocationIndex" externalInfoUrl="https://pmd.github.io/pmd/pmd_rules_java_bestpractices.html#junitassertionsshouldincludemessage" priority="3">
JUnit assertions should include a message
</violation>
<violation beginline="40" endline="40" begincolumn="3" endcolumn="14" rule="JUnitAssertionsShouldIncludeMessage" ruleset="Best Practices" package="org.junit.jupiter.params" class="ParameterizedTestNameFormatterTests" method="formatsIndividualArguments" externalInfoUrl="https://pmd.github.io/pmd/pmd_rules_java_bestpractices.html#junitassertionsshouldincludemessage" priority="3">
JUnit assertions should include a message
</violation>
<violation beginline="40" endline="40" begincolumn="49" endcolumn="53" rule="AvoidDuplicateLiterals" ruleset="Error Prone" package="org.junit.jupiter.params" class="ParameterizedTestNameFormatterTests" method="formatsIndividualArguments" externalInfoUrl="https://pmd.github.io/pmd/pmd_rules_java_errorprone.html#avoidduplicateliterals" priority="3">
The String literal "foo" appears 4 times in this file; the first occurrence is on line 40
</violation>
<violation beginline="48" endline="48" begincolumn="3" endcolumn="14" rule="JUnitAssertionsShouldIncludeMessage" ruleset="Best Practices" package="org.junit.jupiter.params" class="ParameterizedTestNameFormatterTests" method="formatsCompleteArgumentsList" externalInfoUrl="https://pmd.github.io/pmd/pmd_rules_java_bestpractices.html#junitassertionsshouldincludemessage" priority="3">
JUnit assertions should include a message
</violation>
<violation beginline="62" endline="69" begincolumn="2" endcolumn="2" rule="JUnitTestContainsTooManyAsserts" ruleset="Best Practices" package="org.junit.jupiter.params" class="ParameterizedTestNameFormatterTests" method="formatsInvocationIndexAndCompleteArgumentsListUsingDefaultPattern" externalInfoUrl="https://pmd.github.io/pmd/pmd_rules_java_bestpractices.html#junittestcontainstoomanyasserts" priority="3">
Unit tests should not contain more than 1 assert(s).
</violation>
<violation beginline="66" endline="66" begincolumn="3" endcolumn="14" rule="JUnitAssertionsShouldIncludeMessage" ruleset="Best Practices" package="org.junit.jupiter.params" class="ParameterizedTestNameFormatterTests" method="formatsInvocationIndexAndCompleteArgumentsListUsingDefaultPattern" externalInfoUrl="https://pmd.github.io/pmd/pmd_rules_java_bestpractices.html#junitassertionsshouldincludemessage" priority="3">
JUnit assertions should include a message
</violation>
<violation beginline="68" endline="68" begincolumn="3" endcolumn="14" rule="JUnitAssertionsShouldIncludeMessage" ruleset="Best Practices" package="org.junit.jupiter.params" class="ParameterizedTestNameFormatterTests" method="formatsInvocationIndexAndCompleteArgumentsListUsingDefaultPattern" externalInfoUrl="https://pmd.github.io/pmd/pmd_rules_java_bestpractices.html#junitassertionsshouldincludemessage" priority="3">
JUnit assertions should include a message
</violation>
<violation beginline="72" endline="78" begincolumn="2" endcolumn="2" rule="JUnitTestContainsTooManyAsserts" ruleset="Best Practices" package="org.junit.jupiter.params" class="ParameterizedTestNameFormatterTests" method="formatDoesNotAlterArgumentsArray" externalInfoUrl="https://pmd.github.io/pmd/pmd_rules_java_bestpractices.html#junittestcontainstoomanyasserts" priority="3">
Unit tests should not contain more than 1 assert(s).
</violation>
<violation beginline="76" endline="76" begincolumn="3" endcolumn="14" rule="JUnitAssertionsShouldIncludeMessage" ruleset="Best Practices" package="org.junit.jupiter.params" class="ParameterizedTestNameFormatterTests" method="formatDoesNotAlterArgumentsArray" externalInfoUrl="https://pmd.github.io/pmd/pmd_rules_java_bestpractices.html#junitassertionsshouldincludemessage" priority="3">
JUnit assertions should include a message
</violation>
<violation beginline="77" endline="77" begincolumn="3" endcolumn="19" rule="JUnitAssertionsShouldIncludeMessage" ruleset="Best Practices" package="org.junit.jupiter.params" class="ParameterizedTestNameFormatterTests" method="formatDoesNotAlterArgumentsArray" externalInfoUrl="https://pmd.github.io/pmd/pmd_rules_java_bestpractices.html#junitassertionsshouldincludemessage" priority="3">
JUnit assertions should include a message
</violation>
<violation beginline="81" endline="87" begincolumn="2" endcolumn="2" rule="JUnitTestContainsTooManyAsserts" ruleset="Best Practices" package="org.junit.jupiter.params" class="ParameterizedTestNameFormatterTests" method="throwsReadableExceptionForInvalidPattern" externalInfoUrl="https://pmd.github.io/pmd/pmd_rules_java_bestpractices.html#junittestcontainstoomanyasserts" priority="3">
Unit tests should not contain more than 1 assert(s).
</violation>
<violation beginline="85" endline="85" begincolumn="3" endcolumn="15" rule="JUnitAssertionsShouldIncludeMessage" ruleset="Best Practices" package="org.junit.jupiter.params" class="ParameterizedTestNameFormatterTests" method="throwsReadableExceptionForInvalidPattern" externalInfoUrl="https://pmd.github.io/pmd/pmd_rules_java_bestpractices.html#junitassertionsshouldincludemessage" priority="3">
JUnit assertions should include a message
</violation>
<violation beginline="86" endline="86" begincolumn="3" endcolumn="14" rule="JUnitAssertionsShouldIncludeMessage" ruleset="Best Practices" package="org.junit.jupiter.params" class="ParameterizedTestNameFormatterTests" method="throwsReadableExceptionForInvalidPattern" externalInfoUrl="https://pmd.github.io/pmd/pmd_rules_java_bestpractices.html#junitassertionsshouldincludemessage" priority="3">
JUnit assertions should include a message
</violation>
</file>
<file name="C:\Users\Sokaina\Downloads\Versiones-Junit5\junit5-r5.0.2\junit-jupiter-params\src\test\java\org\junit\jupiter\params\converter\DefaultArgumentConverterTests.java">
<violation beginline="35" endline="44" begincolumn="2" endcolumn="2" rule="JUnitTestContainsTooManyAsserts" ruleset="Best Practices" package="org.junit.jupiter.params.converter" class="DefaultArgumentConverterTests" method="isAwareOfWrapperTypesForPrimitiveTypes" externalInfoUrl="https://pmd.github.io/pmd/pmd_rules_java_bestpractices.html#junittestcontainstoomanyasserts" priority="3">
Unit tests should not contain more than 1 assert(s).
</violation>
<violation beginline="47" endline="50" begincolumn="2" endcolumn="2" rule="JUnitTestContainsTooManyAsserts" ruleset="Best Practices" package="org.junit.jupiter.params.converter" class="DefaultArgumentConverterTests" method="isAwareOfNull" externalInfoUrl="https://pmd.github.io/pmd/pmd_rules_java_bestpractices.html#junittestcontainstoomanyasserts" priority="3">
Unit tests should not contain more than 1 assert(s).
</violation>
<violation beginline="53" endline="62" begincolumn="2" endcolumn="2" rule="JUnitTestContainsTooManyAsserts" ruleset="Best Practices" package="org.junit.jupiter.params.converter" class="DefaultArgumentConverterTests" method="convertsStringsToPrimitiveTypes" externalInfoUrl="https://pmd.github.io/pmd/pmd_rules_java_bestpractices.html#junittestcontainstoomanyasserts" priority="3">
Unit tests should not contain more than 1 assert(s).
</violation>
<violation beginline="70" endline="83" begincolumn="2" endcolumn="2" rule="JUnitTestContainsTooManyAsserts" ruleset="Best Practices" package="org.junit.jupiter.params.converter" class="DefaultArgumentConverterTests" method="convertsStringsToJavaTimeInstances" externalInfoUrl="https://pmd.github.io/pmd/pmd_rules_java_bestpractices.html#junittestcontainstoomanyasserts" priority="3">
Unit tests should not contain more than 1 assert(s).
</violation>
</file>
<file name="C:\Users\Sokaina\Downloads\Versiones-Junit5\junit5-r5.0.2\junit-jupiter-params\src\test\java\org\junit\jupiter\params\converter\JavaTimeArgumentConverterTests.java">
<violation beginline="11" endline="123" begincolumn="1" endcolumn="2" rule="TooManyStaticImports" ruleset="Code Style" package="org.junit.jupiter.params.converter" class="JavaTimeArgumentConverterTests" externalInfoUrl="https://pmd.github.io/pmd/pmd_rules_java_codestyle.html#toomanystaticimports" priority="3">
Too many static imports may lead to messy code
</violation>
<violation beginline="107" endline="112" begincolumn="2" endcolumn="2" rule="JUnitTestContainsTooManyAsserts" ruleset="Best Practices" package="org.junit.jupiter.params.converter" class="JavaTimeArgumentConverterTests" method="throwsExceptionOnInvalidTargetType" externalInfoUrl="https://pmd.github.io/pmd/pmd_rules_java_bestpractices.html#junittestcontainstoomanyasserts" priority="3">
Unit tests should not contain more than 1 assert(s).
</violation>
</file>
<file name="C:\Users\Sokaina\Downloads\Versiones-Junit5\junit5-r5.0.2\junit-jupiter-params\src\test\java\org\junit\jupiter\params\provider\ArgumentsTests.java">
<violation beginline="28" endline="28" begincolumn="3" endcolumn="19" rule="JUnitAssertionsShouldIncludeMessage" ruleset="Best Practices" package="org.junit.jupiter.params.provider" class="ArgumentsTests" method="supportsVarargs" externalInfoUrl="https://pmd.github.io/pmd/pmd_rules_java_bestpractices.html#junitassertionsshouldincludemessage" priority="3">
JUnit assertions should include a message
</violation>
</file>
<file name="C:\Users\Sokaina\Downloads\Versiones-Junit5\junit5-r5.0.2\junit-jupiter-params\src\test\java\org\junit\jupiter\params\provider\CsvArgumentsProviderTests.java">
<violation beginline="30" endline="30" begincolumn="54" endcolumn="58" rule="AvoidDuplicateLiterals" ruleset="Error Prone" package="org.junit.jupiter.params.provider" class="CsvArgumentsProviderTests" method="providesSingleArgument" externalInfoUrl="https://pmd.github.io/pmd/pmd_rules_java_errorprone.html#avoidduplicateliterals" priority="3">
The String literal "foo" appears 6 times in this file; the first occurrence is on line 30
</violation>
<violation beginline="37" endline="37" begincolumn="61" endcolumn="65" rule="AvoidDuplicateLiterals" ruleset="Error Prone" package="org.junit.jupiter.params.provider" class="CsvArgumentsProviderTests" method="providesMultipleArguments" externalInfoUrl="https://pmd.github.io/pmd/pmd_rules_java_errorprone.html#avoidduplicateliterals" priority="3">
The String literal "bar" appears 4 times in this file; the first occurrence is on line 37
</violation>
<violation beginline="39" endline="39" begincolumn="3" endcolumn="12" rule="JUnitAssertionsShouldIncludeMessage" ruleset="Best Practices" package="org.junit.jupiter.params.provider" class="CsvArgumentsProviderTests" method="providesMultipleArguments" externalInfoUrl="https://pmd.github.io/pmd/pmd_rules_java_bestpractices.html#junitassertionsshouldincludemessage" priority="3">
JUnit assertions should include a message
</violation>
<violation beginline="64" endline="69" begincolumn="2" endcolumn="2" rule="JUnitTestContainsTooManyAsserts" ruleset="Best Practices" package="org.junit.jupiter.params.provider" class="CsvArgumentsProviderTests" method="throwsExceptionOnInvalidCsv" externalInfoUrl="https://pmd.github.io/pmd/pmd_rules_java_bestpractices.html#junittestcontainstoomanyasserts" priority="3">
Unit tests should not contain more than 1 assert(s).
</violation>
</file>
<file name="C:\Users\Sokaina\Downloads\Versiones-Junit5\junit5-r5.0.2\junit-jupiter-params\src\test\java\org\junit\jupiter\params\provider\CsvFileArgumentsProviderTests.java">
<violation beginline="11" endline="128" begincolumn="1" endcolumn="2" rule="TooManyStaticImports" ruleset="Code Style" package="org.junit.jupiter.params.provider" class="CsvFileArgumentsProviderTests" externalInfoUrl="https://pmd.github.io/pmd/pmd_rules_java_codestyle.html#toomanystaticimports" priority="3">
Too many static imports may lead to messy code
</violation>
<violation beginline="40" endline="40" begincolumn="3" endcolumn="12" rule="JUnitAssertionsShouldIncludeMessage" ruleset="Best Practices" package="org.junit.jupiter.params.provider" class="CsvFileArgumentsProviderTests" method="providesArgumentsForNewlineAndComma" externalInfoUrl="https://pmd.github.io/pmd/pmd_rules_java_bestpractices.html#junitassertionsshouldincludemessage" priority="3">
JUnit assertions should include a message
</violation>
<violation beginline="40" endline="40" begincolumn="56" endcolumn="60" rule="AvoidDuplicateLiterals" ruleset="Error Prone" package="org.junit.jupiter.params.provider" class="CsvFileArgumentsProviderTests" method="providesArgumentsForNewlineAndComma" externalInfoUrl="https://pmd.github.io/pmd/pmd_rules_java_errorprone.html#avoidduplicateliterals" priority="3">
The String literal "foo" appears 4 times in this file; the first occurrence is on line 40
</violation>
<violation beginline="47" endline="47" begincolumn="3" endcolumn="12" rule="JUnitAssertionsShouldIncludeMessage" ruleset="Best Practices" package="org.junit.jupiter.params.provider" class="CsvFileArgumentsProviderTests" method="providesArgumentsForCarriageReturnAndSemicolon" externalInfoUrl="https://pmd.github.io/pmd/pmd_rules_java_bestpractices.html#junitassertionsshouldincludemessage" priority="3">
JUnit assertions should include a message
</violation>
<violation beginline="51" endline="65" begincolumn="2" endcolumn="2" rule="JUnitTestContainsTooManyAsserts" ruleset="Best Practices" package="org.junit.jupiter.params.provider" class="CsvFileArgumentsProviderTests" method="closesInputStream" externalInfoUrl="https://pmd.github.io/pmd/pmd_rules_java_bestpractices.html#junittestcontainstoomanyasserts" priority="3">
Unit tests should not contain more than 1 assert(s).
</violation>
<violation beginline="87" endline="94" begincolumn="2" endcolumn="2" rule="JUnitTestContainsTooManyAsserts" ruleset="Best Practices" package="org.junit.jupiter.params.provider" class="CsvFileArgumentsProviderTests" method="throwsExceptionForMissingClasspathResource" externalInfoUrl="https://pmd.github.io/pmd/pmd_rules_java_bestpractices.html#junittestcontainstoomanyasserts" priority="3">
Unit tests should not contain more than 1 assert(s).
</violation>
</file>
<file name="C:\Users\Sokaina\Downloads\Versiones-Junit5\junit5-r5.0.2\junit-jupiter-params\src\test\java\org\junit\jupiter\params\provider\EnumArgumentsProviderTests.java">
<violation beginline="11" endline="95" begincolumn="1" endcolumn="2" rule="TooManyStaticImports" ruleset="Code Style" package="org.junit.jupiter.params.provider" class="EnumArgumentsProviderTests" externalInfoUrl="https://pmd.github.io/pmd/pmd_rules_java_codestyle.html#toomanystaticimports" priority="3">
Too many static imports may lead to messy code
</violation>
<violation beginline="36" endline="36" begincolumn="3" endcolumn="12" rule="JUnitAssertionsShouldIncludeMessage" ruleset="Best Practices" package="org.junit.jupiter.params.provider" class="EnumArgumentsProviderTests" method="providesAllEnumConstants" externalInfoUrl="https://pmd.github.io/pmd/pmd_rules_java_bestpractices.html#junitassertionsshouldincludemessage" priority="3">
JUnit assertions should include a message
</violation>
<violation beginline="41" endline="41" begincolumn="77" endcolumn="81" rule="AvoidDuplicateLiterals" ruleset="Error Prone" package="org.junit.jupiter.params.provider" class="EnumArgumentsProviderTests" method="provideSingleEnumConstant" externalInfoUrl="https://pmd.github.io/pmd/pmd_rules_java_errorprone.html#avoidduplicateliterals" priority="3">
The String literal "FOO" appears 4 times in this file; the first occurrence is on line 41
</violation>
<violation beginline="50" endline="50" begincolumn="3" endcolumn="12" rule="JUnitAssertionsShouldIncludeMessage" ruleset="Best Practices" package="org.junit.jupiter.params.provider" class="EnumArgumentsProviderTests" method="provideAllEnumConstantsWithNamingAll" externalInfoUrl="https://pmd.github.io/pmd/pmd_rules_java_bestpractices.html#junitassertionsshouldincludemessage" priority="3">
JUnit assertions should include a message
</violation>
<violation beginline="54" endline="58" begincolumn="2" endcolumn="2" rule="JUnitTestContainsTooManyAsserts" ruleset="Best Practices" package="org.junit.jupiter.params.provider" class="EnumArgumentsProviderTests" method="duplicateConstantNameIsDetected" externalInfoUrl="https://pmd.github.io/pmd/pmd_rules_java_bestpractices.html#junittestcontainstoomanyasserts" priority="3">
Unit tests should not contain more than 1 assert(s).
</violation>
<violation beginline="61" endline="65" begincolumn="2" endcolumn="2" rule="JUnitTestContainsTooManyAsserts" ruleset="Best Practices" package="org.junit.jupiter.params.provider" class="EnumArgumentsProviderTests" method="invalidConstantNameIsDetected" externalInfoUrl="https://pmd.github.io/pmd/pmd_rules_java_bestpractices.html#junittestcontainstoomanyasserts" priority="3">
Unit tests should not contain more than 1 assert(s).
</violation>
<violation beginline="68" endline="72" begincolumn="2" endcolumn="2" rule="JUnitTestContainsTooManyAsserts" ruleset="Best Practices" package="org.junit.jupiter.params.provider" class="EnumArgumentsProviderTests" method="invalidPatternIsDetected" externalInfoUrl="https://pmd.github.io/pmd/pmd_rules_java_bestpractices.html#junittestcontainstoomanyasserts" priority="3">
Unit tests should not contain more than 1 assert(s).
</violation>
</file>
<file name="C:\Users\Sokaina\Downloads\Versiones-Junit5\junit5-r5.0.2\junit-jupiter-params\src\test\java\org\junit\jupiter\params\provider\EnumSourceTests.java">
<violation beginline="11" endline="106" begincolumn="1" endcolumn="2" rule="TooManyStaticImports" ruleset="Code Style" package="org.junit.jupiter.params.provider" class="EnumSourceTests" externalInfoUrl="https://pmd.github.io/pmd/pmd_rules_java_codestyle.html#toomanystaticimports" priority="3">
Too many static imports may lead to messy code
</violation>
<violation beginline="40" endline="45" begincolumn="2" endcolumn="2" rule="JUnitTestContainsTooManyAsserts" ruleset="Best Practices" package="org.junit.jupiter.params.provider" class="EnumSourceTests" method="includeNamesWithAll" externalInfoUrl="https://pmd.github.io/pmd/pmd_rules_java_bestpractices.html#junittestcontainstoomanyasserts" priority="3">
Unit tests should not contain more than 1 assert(s).
</violation>
<violation beginline="42" endline="42" begincolumn="10" endcolumn="19" rule="JUnitAssertionsShouldIncludeMessage" ruleset="Best Practices" package="org.junit.jupiter.params.provider" class="EnumSourceTests" method="includeNamesWithAll" externalInfoUrl="https://pmd.github.io/pmd/pmd_rules_java_bestpractices.html#junitassertionsshouldincludemessage" priority="3">
JUnit assertions should include a message
</violation>
<violation beginline="43" endline="43" begincolumn="10" endcolumn="19" rule="JUnitAssertionsShouldIncludeMessage" ruleset="Best Practices" package="org.junit.jupiter.params.provider" class="EnumSourceTests" method="includeNamesWithAll" externalInfoUrl="https://pmd.github.io/pmd/pmd_rules_java_bestpractices.html#junitassertionsshouldincludemessage" priority="3">
JUnit assertions should include a message
</violation>
<violation beginline="44" endline="44" begincolumn="10" endcolumn="19" rule="JUnitAssertionsShouldIncludeMessage" ruleset="Best Practices" package="org.junit.jupiter.params.provider" class="EnumSourceTests" method="includeNamesWithAll" externalInfoUrl="https://pmd.github.io/pmd/pmd_rules_java_bestpractices.html#junitassertionsshouldincludemessage" priority="3">
JUnit assertions should include a message
</violation>
<violation beginline="48" endline="56" begincolumn="2" endcolumn="2" rule="JUnitTestContainsTooManyAsserts" ruleset="Best Practices" package="org.junit.jupiter.params.provider" class="EnumSourceTests" method="includeNamesWithSingleton" externalInfoUrl="https://pmd.github.io/pmd/pmd_rules_java_bestpractices.html#junittestcontainstoomanyasserts" priority="3">
Unit tests should not contain more than 1 assert(s).
</violation>
<violation beginline="50" endline="50" begincolumn="10" endcolumn="19" rule="JUnitAssertionsShouldIncludeMessage" ruleset="Best Practices" package="org.junit.jupiter.params.provider" class="EnumSourceTests" method="includeNamesWithSingleton" externalInfoUrl="https://pmd.github.io/pmd/pmd_rules_java_bestpractices.html#junitassertionsshouldincludemessage" priority="3">
JUnit assertions should include a message
</violation>
<violation beginline="51" endline="51" begincolumn="10" endcolumn="19" rule="JUnitAssertionsShouldIncludeMessage" ruleset="Best Practices" package="org.junit.jupiter.params.provider" class="EnumSourceTests" method="includeNamesWithSingleton" externalInfoUrl="https://pmd.github.io/pmd/pmd_rules_java_bestpractices.html#junitassertionsshouldincludemessage" priority="3">
JUnit assertions should include a message
</violation>
<violation beginline="52" endline="52" begincolumn="10" endcolumn="19" rule="JUnitAssertionsShouldIncludeMessage" ruleset="Best Practices" package="org.junit.jupiter.params.provider" class="EnumSourceTests" method="includeNamesWithSingleton" externalInfoUrl="https://pmd.github.io/pmd/pmd_rules_java_bestpractices.html#junitassertionsshouldincludemessage" priority="3">
JUnit assertions should include a message
</violation>
<violation beginline="54" endline="54" begincolumn="10" endcolumn="20" rule="JUnitAssertionsShouldIncludeMessage" ruleset="Best Practices" package="org.junit.jupiter.params.provider" class="EnumSourceTests" method="includeNamesWithSingleton" externalInfoUrl="https://pmd.github.io/pmd/pmd_rules_java_bestpractices.html#junitassertionsshouldincludemessage" priority="3">
JUnit assertions should include a message
</violation>
<violation beginline="55" endline="55" begincolumn="10" endcolumn="20" rule="JUnitAssertionsShouldIncludeMessage" ruleset="Best Practices" package="org.junit.jupiter.params.provider" class="EnumSourceTests" method="includeNamesWithSingleton" externalInfoUrl="https://pmd.github.io/pmd/pmd_rules_java_bestpractices.html#junitassertionsshouldincludemessage" priority="3">
JUnit assertions should include a message
</violation>
<violation beginline="59" endline="68" begincolumn="2" endcolumn="2" rule="JUnitTestContainsTooManyAsserts" ruleset="Best Practices" package="org.junit.jupiter.params.provider" class="EnumSourceTests" method="excludeNames" externalInfoUrl="https://pmd.github.io/pmd/pmd_rules_java_bestpractices.html#junittestcontainstoomanyasserts" priority="3">
Unit tests should not contain more than 1 assert(s).
</violation>
<violation beginline="61" endline="61" begincolumn="10" endcolumn="19" rule="JUnitAssertionsShouldIncludeMessage" ruleset="Best Practices" package="org.junit.jupiter.params.provider" class="EnumSourceTests" method="excludeNames" externalInfoUrl="https://pmd.github.io/pmd/pmd_rules_java_bestpractices.html#junitassertionsshouldincludemessage" priority="3">
JUnit assertions should include a message
</violation>
<violation beginline="62" endline="62" begincolumn="10" endcolumn="19" rule="JUnitAssertionsShouldIncludeMessage" ruleset="Best Practices" package="org.junit.jupiter.params.provider" class="EnumSourceTests" method="excludeNames" externalInfoUrl="https://pmd.github.io/pmd/pmd_rules_java_bestpractices.html#junitassertionsshouldincludemessage" priority="3">
JUnit assertions should include a message
</violation>
<violation beginline="63" endline="63" begincolumn="10" endcolumn="19" rule="JUnitAssertionsShouldIncludeMessage" ruleset="Best Practices" package="org.junit.jupiter.params.provider" class="EnumSourceTests" method="excludeNames" externalInfoUrl="https://pmd.github.io/pmd/pmd_rules_java_bestpractices.html#junitassertionsshouldincludemessage" priority="3">
JUnit assertions should include a message
</violation>
<violation beginline="65" endline="65" begincolumn="10" endcolumn="20" rule="JUnitAssertionsShouldIncludeMessage" ruleset="Best Practices" package="org.junit.jupiter.params.provider" class="EnumSourceTests" method="excludeNames" externalInfoUrl="https://pmd.github.io/pmd/pmd_rules_java_bestpractices.html#junitassertionsshouldincludemessage" priority="3">
JUnit assertions should include a message
</violation>
<violation beginline="66" endline="66" begincolumn="10" endcolumn="19" rule="JUnitAssertionsShouldIncludeMessage" ruleset="Best Practices" package="org.junit.jupiter.params.provider" class="EnumSourceTests" method="excludeNames" externalInfoUrl="https://pmd.github.io/pmd/pmd_rules_java_bestpractices.html#junitassertionsshouldincludemessage" priority="3">
JUnit assertions should include a message
</violation>
<violation beginline="67" endline="67" begincolumn="10" endcolumn="19" rule="JUnitAssertionsShouldIncludeMessage" ruleset="Best Practices" package="org.junit.jupiter.params.provider" class="EnumSourceTests" method="excludeNames" externalInfoUrl="https://pmd.github.io/pmd/pmd_rules_java_bestpractices.html#junitassertionsshouldincludemessage" priority="3">
JUnit assertions should include a message
</violation>
<violation beginline="71" endline="80" begincolumn="2" endcolumn="2" rule="JUnitTestContainsTooManyAsserts" ruleset="Best Practices" package="org.junit.jupiter.params.provider" class="EnumSourceTests" method="matchesAll" externalInfoUrl="https://pmd.github.io/pmd/pmd_rules_java_bestpractices.html#junittestcontainstoomanyasserts" priority="3">
Unit tests should not contain more than 1 assert(s).
</violation>
<violation beginline="73" endline="73" begincolumn="10" endcolumn="19" rule="JUnitAssertionsShouldIncludeMessage" ruleset="Best Practices" package="org.junit.jupiter.params.provider" class="EnumSourceTests" method="matchesAll" externalInfoUrl="https://pmd.github.io/pmd/pmd_rules_java_bestpractices.html#junitassertionsshouldincludemessage" priority="3">
JUnit assertions should include a message
</violation>
<violation beginline="74" endline="74" begincolumn="10" endcolumn="19" rule="JUnitAssertionsShouldIncludeMessage" ruleset="Best Practices" package="org.junit.jupiter.params.provider" class="EnumSourceTests" method="matchesAll" externalInfoUrl="https://pmd.github.io/pmd/pmd_rules_java_bestpractices.html#junitassertionsshouldincludemessage" priority="3">
JUnit assertions should include a message
</violation>
<violation beginline="74" endline="74" begincolumn="65" endcolumn="69" rule="AvoidDuplicateLiterals" ruleset="Error Prone" package="org.junit.jupiter.params.provider" class="EnumSourceTests" method="matchesAll" externalInfoUrl="https://pmd.github.io/pmd/pmd_rules_java_errorprone.html#avoidduplicateliterals" priority="3">
The String literal "B.." appears 6 times in this file; the first occurrence is on line 74
</violation>
<violation beginline="75" endline="75" begincolumn="10" endcolumn="19" rule="JUnitAssertionsShouldIncludeMessage" ruleset="Best Practices" package="org.junit.jupiter.params.provider" class="EnumSourceTests" method="matchesAll" externalInfoUrl="https://pmd.github.io/pmd/pmd_rules_java_bestpractices.html#junitassertionsshouldincludemessage" priority="3">
JUnit assertions should include a message
</violation>
<violation beginline="77" endline="77" begincolumn="10" endcolumn="20" rule="JUnitAssertionsShouldIncludeMessage" ruleset="Best Practices" package="org.junit.jupiter.params.provider" class="EnumSourceTests" method="matchesAll" externalInfoUrl="https://pmd.github.io/pmd/pmd_rules_java_bestpractices.html#junitassertionsshouldincludemessage" priority="3">
JUnit assertions should include a message
</violation>
<violation beginline="78" endline="78" begincolumn="10" endcolumn="20" rule="JUnitAssertionsShouldIncludeMessage" ruleset="Best Practices" package="org.junit.jupiter.params.provider" class="EnumSourceTests" method="matchesAll" externalInfoUrl="https://pmd.github.io/pmd/pmd_rules_java_bestpractices.html#junitassertionsshouldincludemessage" priority="3">
JUnit assertions should include a message
</violation>
<violation beginline="79" endline="79" begincolumn="10" endcolumn="20" rule="JUnitAssertionsShouldIncludeMessage" ruleset="Best Practices" package="org.junit.jupiter.params.provider" class="EnumSourceTests" method="matchesAll" externalInfoUrl="https://pmd.github.io/pmd/pmd_rules_java_bestpractices.html#junitassertionsshouldincludemessage" priority="3">
JUnit assertions should include a message
</violation>
<violation beginline="83" endline="88" begincolumn="2" endcolumn="2" rule="JUnitTestContainsTooManyAsserts" ruleset="Best Practices" package="org.junit.jupiter.params.provider" class="EnumSourceTests" method="matchesAny" externalInfoUrl="https://pmd.github.io/pmd/pmd_rules_java_bestpractices.html#junittestcontainstoomanyasserts" priority="3">
Unit tests should not contain more than 1 assert(s).
</violation>
<violation beginline="85" endline="85" begincolumn="10" endcolumn="19" rule="JUnitAssertionsShouldIncludeMessage" ruleset="Best Practices" package="org.junit.jupiter.params.provider" class="EnumSourceTests" method="matchesAny" externalInfoUrl="https://pmd.github.io/pmd/pmd_rules_java_bestpractices.html#junitassertionsshouldincludemessage" priority="3">
JUnit assertions should include a message
</violation>
<violation beginline="86" endline="86" begincolumn="10" endcolumn="19" rule="JUnitAssertionsShouldIncludeMessage" ruleset="Best Practices" package="org.junit.jupiter.params.provider" class="EnumSourceTests" method="matchesAny" externalInfoUrl="https://pmd.github.io/pmd/pmd_rules_java_bestpractices.html#junitassertionsshouldincludemessage" priority="3">
JUnit assertions should include a message
</violation>
<violation beginline="87" endline="87" begincolumn="10" endcolumn="19" rule="JUnitAssertionsShouldIncludeMessage" ruleset="Best Practices" package="org.junit.jupiter.params.provider" class="EnumSourceTests" method="matchesAny" externalInfoUrl="https://pmd.github.io/pmd/pmd_rules_java_bestpractices.html#junitassertionsshouldincludemessage" priority="3">
JUnit assertions should include a message
</violation>
<violation beginline="98" endline="100" begincolumn="2" endcolumn="2" rule="DefaultPackage" ruleset="Code Style" package="org.junit.jupiter.params.provider" class="EnumSourceTests" externalInfoUrl="https://pmd.github.io/pmd/pmd_rules_java_codestyle.html#defaultpackage" priority="3">
Use explicit scoping instead of the default package private level
</violation>
<violation beginline="102" endline="104" begincolumn="2" endcolumn="2" rule="DefaultPackage" ruleset="Code Style" package="org.junit.jupiter.params.provider" class="EnumSourceTests" externalInfoUrl="https://pmd.github.io/pmd/pmd_rules_java_codestyle.html#defaultpackage" priority="3">
Use explicit scoping instead of the default package private level
</violation>
</file>
<file name="C:\Users\Sokaina\Downloads\Versiones-Junit5\junit5-r5.0.2\junit-jupiter-params\src\test\java\org\junit\jupiter\params\provider\MethodArgumentsProviderTests.java">
<violation beginline="11" endline="273" begincolumn="1" endcolumn="2" rule="TooManyStaticImports" ruleset="Code Style" package="org.junit.jupiter.params.provider" class="MethodArgumentsProviderTests" externalInfoUrl="https://pmd.github.io/pmd/pmd_rules_java_codestyle.html#toomanystaticimports" priority="3">
Too many static imports may lead to messy code
</violation>
<violation beginline="41" endline="41" begincolumn="3" endcolumn="12" rule="JUnitAssertionsShouldIncludeMessage" ruleset="Best Practices" package="org.junit.jupiter.params.provider" class="MethodArgumentsProviderTests" method="providesArgumentsUsingStream" externalInfoUrl="https://pmd.github.io/pmd/pmd_rules_java_bestpractices.html#junitassertionsshouldincludemessage" priority="3">
JUnit assertions should include a message
</violation>
<violation beginline="41" endline="41" begincolumn="61" endcolumn="65" rule="AvoidDuplicateLiterals" ruleset="Error Prone" package="org.junit.jupiter.params.provider" class="MethodArgumentsProviderTests" method="providesArgumentsUsingStream" externalInfoUrl="https://pmd.github.io/pmd/pmd_rules_java_errorprone.html#avoidduplicateliterals" priority="3">
The String literal "bar" appears 13 times in this file; the first occurrence is on line 41
</violation>
<violation beginline="41" endline="41" begincolumn="47" endcolumn="51" rule="AvoidDuplicateLiterals" ruleset="Error Prone" package="org.junit.jupiter.params.provider" class="MethodArgumentsProviderTests" method="providesArgumentsUsingStream" externalInfoUrl="https://pmd.github.io/pmd/pmd_rules_java_errorprone.html#avoidduplicateliterals" priority="3">
The String literal "foo" appears 13 times in this file; the first occurrence is on line 41
</violation>
<violation beginline="48" endline="48" begincolumn="3" endcolumn="12" rule="JUnitAssertionsShouldIncludeMessage" ruleset="Best Practices" package="org.junit.jupiter.params.provider" class="MethodArgumentsProviderTests" method="providesArgumentsUsingIterable" externalInfoUrl="https://pmd.github.io/pmd/pmd_rules_java_bestpractices.html#junitassertionsshouldincludemessage" priority="3">
JUnit assertions should include a message
</violation>
<violation beginline="55" endline="55" begincolumn="3" endcolumn="12" rule="JUnitAssertionsShouldIncludeMessage" ruleset="Best Practices" package="org.junit.jupiter.params.provider" class="MethodArgumentsProviderTests" method="providesArgumentsUsingIterator" externalInfoUrl="https://pmd.github.io/pmd/pmd_rules_java_bestpractices.html#junitassertionsshouldincludemessage" priority="3">
JUnit assertions should include a message
</violation>
<violation beginline="66" endline="71" begincolumn="2" endcolumn="2" rule="JUnitTestContainsTooManyAsserts" ruleset="Best Practices" package="org.junit.jupiter.params.provider" class="MethodArgumentsProviderTests" method="throwsExceptionForIllegalReturnType" externalInfoUrl="https://pmd.github.io/pmd/pmd_rules_java_bestpractices.html#junittestcontainstoomanyasserts" priority="3">
Unit tests should not contain more than 1 assert(s).
</violation>
<violation beginline="77" endline="77" begincolumn="3" endcolumn="12" rule="JUnitAssertionsShouldIncludeMessage" ruleset="Best Practices" package="org.junit.jupiter.params.provider" class="MethodArgumentsProviderTests" method="providesArgumentsUsingArgumentsStream" externalInfoUrl="https://pmd.github.io/pmd/pmd_rules_java_bestpractices.html#junitassertionsshouldincludemessage" priority="3">
JUnit assertions should include a message
</violation>
<violation beginline="84" endline="84" begincolumn="3" endcolumn="12" rule="JUnitAssertionsShouldIncludeMessage" ruleset="Best Practices" package="org.junit.jupiter.params.provider" class="MethodArgumentsProviderTests" method="providesArgumentsUsingObjectArrays" externalInfoUrl="https://pmd.github.io/pmd/pmd_rules_java_bestpractices.html#junitassertionsshouldincludemessage" priority="3">
JUnit assertions should include a message
</violation>
<violation beginline="88" endline="93" begincolumn="2" endcolumn="2" rule="JUnitTestContainsTooManyAsserts" ruleset="Best Practices" package="org.junit.jupiter.params.provider" class="MethodArgumentsProviderTests" method="throwsExceptionWhenNonStaticMethodIsReferencedAndStaticIsRequired" externalInfoUrl="https://pmd.github.io/pmd/pmd_rules_java_bestpractices.html#junittestcontainstoomanyasserts" priority="3">
Unit tests should not contain more than 1 assert(s).
</violation>
<violation beginline="99" endline="99" begincolumn="3" endcolumn="12" rule="JUnitAssertionsShouldIncludeMessage" ruleset="Best Practices" package="org.junit.jupiter.params.provider" class="MethodArgumentsProviderTests" method="providesArgumentsFromNonStaticMethodWhenStaticIsNotRequired" externalInfoUrl="https://pmd.github.io/pmd/pmd_rules_java_bestpractices.html#junitassertionsshouldincludemessage" priority="3">
JUnit assertions should include a message
</violation>
<violation beginline="103" endline="108" begincolumn="2" endcolumn="2" rule="JUnitTestContainsTooManyAsserts" ruleset="Best Practices" package="org.junit.jupiter.params.provider" class="MethodArgumentsProviderTests" method="throwsExceptionWhenMethodDoesNotExist" externalInfoUrl="https://pmd.github.io/pmd/pmd_rules_java_bestpractices.html#junittestcontainstoomanyasserts" priority="3">
Unit tests should not contain more than 1 assert(s).
</violation>
<violation beginline="111" endline="116" begincolumn="2" endcolumn="2" rule="JUnitTestContainsTooManyAsserts" ruleset="Best Practices" package="org.junit.jupiter.params.provider" class="MethodArgumentsProviderTests" method="throwsExceptionWhenNoTestClassIsAvailable" externalInfoUrl="https://pmd.github.io/pmd/pmd_rules_java_bestpractices.html#junittestcontainstoomanyasserts" priority="3">
Unit tests should not contain more than 1 assert(s).
</violation>
<violation beginline="125" endline="125" begincolumn="4" endcolumn="13" rule="JUnitAssertionsShouldIncludeMessage" ruleset="Best Practices" package="org.junit.jupiter.params.provider" class="MethodArgumentsProviderTests$PrimitiveArrays" method="providesArgumentsUsingBooleanArray" externalInfoUrl="https://pmd.github.io/pmd/pmd_rules_java_bestpractices.html#junitassertionsshouldincludemessage" priority="3">
JUnit assertions should include a message
</violation>
<violation beginline="132" endline="132" begincolumn="4" endcolumn="13" rule="JUnitAssertionsShouldIncludeMessage" ruleset="Best Practices" package="org.junit.jupiter.params.provider" class="MethodArgumentsProviderTests$PrimitiveArrays" method="providesArgumentsUsingByteArray" externalInfoUrl="https://pmd.github.io/pmd/pmd_rules_java_bestpractices.html#junitassertionsshouldincludemessage" priority="3">
JUnit assertions should include a message
</violation>
<violation beginline="139" endline="139" begincolumn="4" endcolumn="13" rule="JUnitAssertionsShouldIncludeMessage" ruleset="Best Practices" package="org.junit.jupiter.params.provider" class="MethodArgumentsProviderTests$PrimitiveArrays" method="providesArgumentsUsingCharArray" externalInfoUrl="https://pmd.github.io/pmd/pmd_rules_java_bestpractices.html#junitassertionsshouldincludemessage" priority="3">
JUnit assertions should include a message
</violation>
<violation beginline="146" endline="146" begincolumn="4" endcolumn="13" rule="JUnitAssertionsShouldIncludeMessage" ruleset="Best Practices" package="org.junit.jupiter.params.provider" class="MethodArgumentsProviderTests$PrimitiveArrays" method="providesArgumentsUsingDoubleArray" externalInfoUrl="https://pmd.github.io/pmd/pmd_rules_java_bestpractices.html#junitassertionsshouldincludemessage" priority="3">
JUnit assertions should include a message
</violation>
<violation beginline="153" endline="153" begincolumn="4" endcolumn="13" rule="JUnitAssertionsShouldIncludeMessage" ruleset="Best Practices" package="org.junit.jupiter.params.provider" class="MethodArgumentsProviderTests$PrimitiveArrays" method="providesArgumentsUsingFloatArray" externalInfoUrl="https://pmd.github.io/pmd/pmd_rules_java_bestpractices.html#junitassertionsshouldincludemessage" priority="3">
JUnit assertions should include a message
</violation>
<violation beginline="160" endline="160" begincolumn="4" endcolumn="13" rule="JUnitAssertionsShouldIncludeMessage" ruleset="Best Practices" package="org.junit.jupiter.params.provider" class="MethodArgumentsProviderTests$PrimitiveArrays" method="providesArgumentsUsingIntArray" externalInfoUrl="https://pmd.github.io/pmd/pmd_rules_java_bestpractices.html#junitassertionsshouldincludemessage" priority="3">
JUnit assertions should include a message
</violation>
<violation beginline="167" endline="167" begincolumn="4" endcolumn="13" rule="JUnitAssertionsShouldIncludeMessage" ruleset="Best Practices" package="org.junit.jupiter.params.provider" class="MethodArgumentsProviderTests$PrimitiveArrays" method="providesArgumentsUsingLongArray" externalInfoUrl="https://pmd.github.io/pmd/pmd_rules_java_bestpractices.html#junitassertionsshouldincludemessage" priority="3">
JUnit assertions should include a message
</violation>
<violation beginline="174" endline="174" begincolumn="4" endcolumn="13" rule="JUnitAssertionsShouldIncludeMessage" ruleset="Best Practices" package="org.junit.jupiter.params.provider" class="MethodArgumentsProviderTests$PrimitiveArrays" method="providesArgumentsUsingShortArray" externalInfoUrl="https://pmd.github.io/pmd/pmd_rules_java_bestpractices.html#junitassertionsshouldincludemessage" priority="3">
JUnit assertions should include a message
</violation>
<violation beginline="206" endline="206" begincolumn="3" endcolumn="73" rule="DefaultPackage" ruleset="Code Style" package="org.junit.jupiter.params.provider" class="MethodArgumentsProviderTests$TestCase" externalInfoUrl="https://pmd.github.io/pmd/pmd_rules_java_codestyle.html#defaultpackage" priority="3">
Use explicit scoping instead of the default package private level
</violation>
<violation beginline="208" endline="210" begincolumn="3" endcolumn="3" rule="DefaultPackage" ruleset="Code Style" package="org.junit.jupiter.params.provider" class="MethodArgumentsProviderTests$TestCase" externalInfoUrl="https://pmd.github.io/pmd/pmd_rules_java_codestyle.html#defaultpackage" priority="3">
Use explicit scoping instead of the default package private level
</violation>
<violation beginline="212" endline="214" begincolumn="3" endcolumn="3" rule="DefaultPackage" ruleset="Code Style" package="org.junit.jupiter.params.provider" class="MethodArgumentsProviderTests$TestCase" externalInfoUrl="https://pmd.github.io/pmd/pmd_rules_java_codestyle.html#defaultpackage" priority="3">
Use explicit scoping instead of the default package private level
</violation>
<violation beginline="216" endline="218" begincolumn="3" endcolumn="3" rule="DefaultPackage" ruleset="Code Style" package="org.junit.jupiter.params.provider" class="MethodArgumentsProviderTests$TestCase" externalInfoUrl="https://pmd.github.io/pmd/pmd_rules_java_codestyle.html#defaultpackage" priority="3">
Use explicit scoping instead of the default package private level
</violation>
<violation beginline="220" endline="222" begincolumn="3" endcolumn="3" rule="DefaultPackage" ruleset="Code Style" package="org.junit.jupiter.params.provider" class="MethodArgumentsProviderTests$TestCase" externalInfoUrl="https://pmd.github.io/pmd/pmd_rules_java_codestyle.html#defaultpackage" priority="3">
Use explicit scoping instead of the default package private level
</violation>
<violation beginline="224" endline="226" begincolumn="3" endcolumn="3" rule="DefaultPackage" ruleset="Code Style" package="org.junit.jupiter.params.provider" class="MethodArgumentsProviderTests$TestCase" externalInfoUrl="https://pmd.github.io/pmd/pmd_rules_java_codestyle.html#defaultpackage" priority="3">
Use explicit scoping instead of the default package private level
</violation>
<violation beginline="228" endline="230" begincolumn="3" endcolumn="3" rule="DefaultPackage" ruleset="Code Style" package="org.junit.jupiter.params.provider" class="MethodArgumentsProviderTests$TestCase" externalInfoUrl="https://pmd.github.io/pmd/pmd_rules_java_codestyle.html#defaultpackage" priority="3">
Use explicit scoping instead of the default package private level
</violation>
<violation beginline="232" endline="234" begincolumn="3" endcolumn="3" rule="DefaultPackage" ruleset="Code Style" package="org.junit.jupiter.params.provider" class="MethodArgumentsProviderTests$TestCase" externalInfoUrl="https://pmd.github.io/pmd/pmd_rules_java_codestyle.html#defaultpackage" priority="3">
Use explicit scoping instead of the default package private level
</violation>
<violation beginline="236" endline="238" begincolumn="3" endcolumn="3" rule="DefaultPackage" ruleset="Code Style" package="org.junit.jupiter.params.provider" class="MethodArgumentsProviderTests$TestCase" externalInfoUrl="https://pmd.github.io/pmd/pmd_rules_java_codestyle.html#defaultpackage" priority="3">
Use explicit scoping instead of the default package private level
</violation>
<violation beginline="240" endline="242" begincolumn="3" endcolumn="3" rule="DefaultPackage" ruleset="Code Style" package="org.junit.jupiter.params.provider" class="MethodArgumentsProviderTests$TestCase" externalInfoUrl="https://pmd.github.io/pmd/pmd_rules_java_codestyle.html#defaultpackage" priority="3">
Use explicit scoping instead of the default package private level
</violation>
<violation beginline="244" endline="246" begincolumn="3" endcolumn="3" rule="DefaultPackage" ruleset="Code Style" package="org.junit.jupiter.params.provider" class="MethodArgumentsProviderTests$TestCase" externalInfoUrl="https://pmd.github.io/pmd/pmd_rules_java_codestyle.html#defaultpackage" priority="3">
Use explicit scoping instead of the default package private level
</violation>
<violation beginline="248" endline="250" begincolumn="3" endcolumn="3" rule="DefaultPackage" ruleset="Code Style" package="org.junit.jupiter.params.provider" class="MethodArgumentsProviderTests$TestCase" externalInfoUrl="https://pmd.github.io/pmd/pmd_rules_java_codestyle.html#defaultpackage" priority="3">
Use explicit scoping instead of the default package private level
</violation>
<violation beginline="252" endline="254" begincolumn="3" endcolumn="3" rule="DefaultPackage" ruleset="Code Style" package="org.junit.jupiter.params.provider" class="MethodArgumentsProviderTests$TestCase" externalInfoUrl="https://pmd.github.io/pmd/pmd_rules_java_codestyle.html#defaultpackage" priority="3">
Use explicit scoping instead of the default package private level
</violation>
<violation beginline="256" endline="258" begincolumn="3" endcolumn="3" rule="DefaultPackage" ruleset="Code Style" package="org.junit.jupiter.params.provider" class="MethodArgumentsProviderTests$TestCase" externalInfoUrl="https://pmd.github.io/pmd/pmd_rules_java_codestyle.html#defaultpackage" priority="3">
Use explicit scoping instead of the default package private level
</violation>
<violation beginline="260" endline="262" begincolumn="3" endcolumn="3" rule="DefaultPackage" ruleset="Code Style" package="org.junit.jupiter.params.provider" class="MethodArgumentsProviderTests$TestCase" externalInfoUrl="https://pmd.github.io/pmd/pmd_rules_java_codestyle.html#defaultpackage" priority="3">
Use explicit scoping instead of the default package private level
</violation>
<violation beginline="268" endline="270" begincolumn="3" endcolumn="3" rule="DefaultPackage" ruleset="Code Style" package="org.junit.jupiter.params.provider" class="MethodArgumentsProviderTests$NonStaticTestCase" externalInfoUrl="https://pmd.github.io/pmd/pmd_rules_java_codestyle.html#defaultpackage" priority="3">
Use explicit scoping instead of the default package private level
</violation>
</file>
<file name="C:\Users\Sokaina\Downloads\Versiones-Junit5\junit5-r5.0.2\junit-jupiter-params\src\test\java\org\junit\jupiter\params\provider\ValueArgumentsProviderTests.java">
<violation beginline="33" endline="33" begincolumn="3" endcolumn="12" rule="JUnitAssertionsShouldIncludeMessage" ruleset="Best Practices" package="org.junit.jupiter.params.provider" class="ValueArgumentsProviderTests" method="providesStrings" externalInfoUrl="https://pmd.github.io/pmd/pmd_rules_java_bestpractices.html#junitassertionsshouldincludemessage" priority="3">
JUnit assertions should include a message
</violation>
<violation beginline="40" endline="40" begincolumn="3" endcolumn="12" rule="JUnitAssertionsShouldIncludeMessage" ruleset="Best Practices" package="org.junit.jupiter.params.provider" class="ValueArgumentsProviderTests" method="providesInts" externalInfoUrl="https://pmd.github.io/pmd/pmd_rules_java_bestpractices.html#junitassertionsshouldincludemessage" priority="3">
JUnit assertions should include a message
</violation>
<violation beginline="47" endline="47" begincolumn="3" endcolumn="12" rule="JUnitAssertionsShouldIncludeMessage" ruleset="Best Practices" package="org.junit.jupiter.params.provider" class="ValueArgumentsProviderTests" method="providesLongs" externalInfoUrl="https://pmd.github.io/pmd/pmd_rules_java_bestpractices.html#junitassertionsshouldincludemessage" priority="3">
JUnit assertions should include a message
</violation>
<violation beginline="55" endline="55" begincolumn="3" endcolumn="12" rule="JUnitAssertionsShouldIncludeMessage" ruleset="Best Practices" package="org.junit.jupiter.params.provider" class="ValueArgumentsProviderTests" method="providesDoubles" externalInfoUrl="https://pmd.github.io/pmd/pmd_rules_java_bestpractices.html#junitassertionsshouldincludemessage" priority="3">
JUnit assertions should include a message
</violation>
<violation beginline="59" endline="64" begincolumn="2" endcolumn="2" rule="JUnitTestContainsTooManyAsserts" ruleset="Best Practices" package="org.junit.jupiter.params.provider" class="ValueArgumentsProviderTests" method="multipleInputsAreNotAllowed" externalInfoUrl="https://pmd.github.io/pmd/pmd_rules_java_bestpractices.html#junittestcontainstoomanyasserts" priority="3">
Unit tests should not contain more than 1 assert(s).
</violation>
<violation beginline="67" endline="72" begincolumn="2" endcolumn="2" rule="JUnitTestContainsTooManyAsserts" ruleset="Best Practices" package="org.junit.jupiter.params.provider" class="ValueArgumentsProviderTests" method="onlyEmptyInputsAreNotAllowed" externalInfoUrl="https://pmd.github.io/pmd/pmd_rules_java_bestpractices.html#junittestcontainstoomanyasserts" priority="3">
Unit tests should not contain more than 1 assert(s).
</violation>
<violation beginline="74" endline="74" begincolumn="88" endcolumn="103" rule="UseVarargs" ruleset="Best Practices" package="org.junit.jupiter.params.provider" class="ValueArgumentsProviderTests" method="provideArguments" variable="doubles" externalInfoUrl="https://pmd.github.io/pmd/pmd_rules_java_bestpractices.html#usevarargs" priority="4">
Consider using varargs for methods or constructors which take an array the last parameter.
</violation>
</file>
<file name="C:\Users\Sokaina\Downloads\Versiones-Junit5\junit5-r5.0.2\junit-platform-commons\src\main\java\org\junit\platform\commons\util\AnnotationUtils.java">
<violation beginline="66" endline="66" begincolumn="23" endcolumn="105" rule="FieldDeclarationsShouldBeAtStartOfClass" ruleset="Code Style" package="org.junit.platform.commons.util" class="AnnotationUtils" variable="VariableDeclaratorId" externalInfoUrl="https://pmd.github.io/pmd/pmd_rules_java_codestyle.html#fielddeclarationsshouldbeatstartofclass" priority="3">
Fields should be declared at the top of the class, before any method declarations, constructors, initializers or inner classes.
</violation>
<violation beginline="86" endline="86" begincolumn="22" endcolumn="25" rule="UnusedAssignment" ruleset="Best Practices" package="org.junit.platform.commons.util" class="AnnotationUtils" externalInfoUrl="https://pmd.github.io/pmd/pmd_rules_java_bestpractices.html#unusedassignment" priority="3">
The initializer for variable 'attribute' is never used (overwritten on line 88)
</violation>
<violation beginline="90" endline="90" begincolumn="10" endcolumn="18" rule="AvoidCatchingGenericException" ruleset="Design" package="org.junit.platform.commons.util" class="AnnotationUtils" externalInfoUrl="https://pmd.github.io/pmd/pmd_rules_java_design.html#avoidcatchinggenericexception" priority="3">
Avoid catching generic exceptions such as NullPointerException, RuntimeException, Exception in try-catch block
</violation>
<violation beginline="160" endline="160" begincolumn="41" endcolumn="73" rule="AvoidDuplicateLiterals" ruleset="Error Prone" package="org.junit.platform.commons.util" class="AnnotationUtils" externalInfoUrl="https://pmd.github.io/pmd/pmd_rules_java_errorprone.html#avoidduplicateliterals" priority="3">
The String literal "annotationType must not be null" appears 4 times in this file; the first occurrence is on line 160
</violation>
</file>
<file name="C:\Users\Sokaina\Downloads\Versiones-Junit5\junit5-r5.0.2\junit-platform-commons\src\main\java\org\junit\platform\commons\util\ClassFileVisitor.java">
<violation beginline="32" endline="32" begincolumn="2" endcolumn="50" rule="DefaultPackage" ruleset="Code Style" package="org.junit.platform.commons.util" class="ClassFileVisitor" externalInfoUrl="https://pmd.github.io/pmd/pmd_rules_java_codestyle.html#defaultpackage" priority="3">
Use explicit scoping instead of the default package private level
</violation>
</file>
<file name="C:\Users\Sokaina\Downloads\Versiones-Junit5\junit5-r5.0.2\junit-platform-commons\src\main\java\org\junit\platform\commons\util\ClassLoaderUtils.java">
<violation beginline="48" endline="50" begincolumn="3" endcolumn="3" rule="AvoidCatchingThrowable" ruleset="Error Prone" package="org.junit.platform.commons.util" class="ClassLoaderUtils" method="getDefaultClassLoader" externalInfoUrl="https://pmd.github.io/pmd/pmd_rules_java_errorprone.html#avoidcatchingthrowable" priority="3">
A catch statement should never catch throwable since it includes errors.
</violation>
<violation beginline="48" endline="50" begincolumn="3" endcolumn="3" rule="EmptyCatchBlock" ruleset="Error Prone" package="org.junit.platform.commons.util" class="ClassLoaderUtils" method="getDefaultClassLoader" externalInfoUrl="https://pmd.github.io/pmd/pmd_rules_java_errorprone.html#emptycatchblock" priority="3">
Avoid empty catch blocks
</violation>
<violation beginline="78" endline="80" begincolumn="4" endcolumn="4" rule="AvoidCatchingThrowable" ruleset="Error Prone" package="org.junit.platform.commons.util" class="ClassLoaderUtils" method="getLocation" externalInfoUrl="https://pmd.github.io/pmd/pmd_rules_java_errorprone.html#avoidcatchingthrowable" priority="3">
A catch statement should never catch throwable since it includes errors.
</violation>
<violation beginline="78" endline="80" begincolumn="4" endcolumn="4" rule="EmptyCatchBlock" ruleset="Error Prone" package="org.junit.platform.commons.util" class="ClassLoaderUtils" method="getLocation" externalInfoUrl="https://pmd.github.io/pmd/pmd_rules_java_errorprone.html#emptycatchblock" priority="3">
Avoid empty catch blocks
</violation>
<violation beginline="89" endline="91" begincolumn="3" endcolumn="3" rule="EmptyCatchBlock" ruleset="Error Prone" package="org.junit.platform.commons.util" class="ClassLoaderUtils" method="getLocation" externalInfoUrl="https://pmd.github.io/pmd/pmd_rules_java_errorprone.html#emptycatchblock" priority="3">
Avoid empty catch blocks
</violation>
</file>
<file name="C:\Users\Sokaina\Downloads\Versiones-Junit5\junit5-r5.0.2\junit-platform-commons\src\main\java\org\junit\platform\commons\util\ClasspathScanner.java">
<violation beginline="11" endline="236" begincolumn="1" endcolumn="2" rule="TooManyStaticImports" ruleset="Code Style" package="org.junit.platform.commons.util" class="ClasspathScanner" externalInfoUrl="https://pmd.github.io/pmd/pmd_rules_java_codestyle.html#toomanystaticimports" priority="3">
Too many static imports may lead to messy code
</violation>
<violation beginline="70" endline="70" begincolumn="48" endcolumn="62" rule="AvoidReassigningParameters" ruleset="Best Practices" package="org.junit.platform.commons.util" class="ClasspathScanner" method="scanForClassesInPackage" variable="basePackageName" externalInfoUrl="https://pmd.github.io/pmd/pmd_rules_java_bestpractices.html#avoidreassigningparameters" priority="2">
Avoid reassigning parameters such as 'basePackageName'
</violation>
<violation beginline="70" endline="80" begincolumn="2" endcolumn="2" rule="DefaultPackage" ruleset="Code Style" package="org.junit.platform.commons.util" class="ClasspathScanner" externalInfoUrl="https://pmd.github.io/pmd/pmd_rules_java_codestyle.html#defaultpackage" priority="3">
Use explicit scoping instead of the default package private level
</violation>
<violation beginline="82" endline="89" begincolumn="2" endcolumn="2" rule="DefaultPackage" ruleset="Code Style" package="org.junit.platform.commons.util" class="ClasspathScanner" externalInfoUrl="https://pmd.github.io/pmd/pmd_rules_java_codestyle.html#defaultpackage" priority="3">
Use explicit scoping instead of the default package private level
</violation>
<violation beginline="112" endline="114" begincolumn="3" endcolumn="3" rule="AvoidRethrowingException" ruleset="Design" package="org.junit.platform.commons.util" class="ClasspathScanner" method="findClassesForUri" externalInfoUrl="https://pmd.github.io/pmd/pmd_rules_java_design.html#avoidrethrowingexception" priority="3">
A catch statement that catches an exception only to rethrow it should be avoided.
</violation>
<violation beginline="115" endline="115" begincolumn="10" endcolumn="18" rule="AvoidCatchingGenericException" ruleset="Design" package="org.junit.platform.commons.util" class="ClasspathScanner" method="findClassesForUri" externalInfoUrl="https://pmd.github.io/pmd/pmd_rules_java_design.html#avoidcatchinggenericexception" priority="3">
Avoid catching generic exceptions such as NullPointerException, RuntimeException, Exception in try-catch block
</violation>
<violation beginline="149" endline="151" begincolumn="3" endcolumn="3" rule="AvoidCatchingThrowable" ruleset="Error Prone" package="org.junit.platform.commons.util" class="ClasspathScanner" method="processClassFileSafely" externalInfoUrl="https://pmd.github.io/pmd/pmd_rules_java_errorprone.html#avoidcatchingthrowable" priority="3">
A catch statement should never catch throwable since it includes errors.
</violation>
<violation beginline="201" endline="204" begincolumn="3" endcolumn="3" rule="AvoidCatchingThrowable" ruleset="Error Prone" package="org.junit.platform.commons.util" class="ClasspathScanner" method="logMalformedClassName" externalInfoUrl="https://pmd.github.io/pmd/pmd_rules_java_errorprone.html#avoidcatchingthrowable" priority="3">
A catch statement should never catch throwable since it includes errors.
</violation>
<violation beginline="230" endline="230" begincolumn="10" endcolumn="18" rule="AvoidCatchingGenericException" ruleset="Design" package="org.junit.platform.commons.util" class="ClasspathScanner" method="getRootUrisForPackage" externalInfoUrl="https://pmd.github.io/pmd/pmd_rules_java_design.html#avoidcatchinggenericexception" priority="3">
Avoid catching generic exceptions such as NullPointerException, RuntimeException, Exception in try-catch block
</violation>
</file>
<file name="C:\Users\Sokaina\Downloads\Versiones-Junit5\junit5-r5.0.2\junit-platform-commons\src\main\java\org\junit\platform\commons\util\CloseablePath.java">
<violation beginline="41" endline="53" begincolumn="2" endcolumn="2" rule="DefaultPackage" ruleset="Code Style" package="org.junit.platform.commons.util" class="CloseablePath" externalInfoUrl="https://pmd.github.io/pmd/pmd_rules_java_codestyle.html#defaultpackage" priority="3">
Use explicit scoping instead of the default package private level
</violation>
<violation beginline="48" endline="48" begincolumn="7" endcolumn="45" rule="LiteralsFirstInComparisons" ruleset="Best Practices" package="org.junit.platform.commons.util" class="CloseablePath" method="create" externalInfoUrl="https://pmd.github.io/pmd/pmd_rules_java_bestpractices.html#literalsfirstincomparisons" priority="3">
Position literals first in String comparisons
</violation>
<violation beginline="57" endline="57" begincolumn="14" endcolumn="23" rule="CloseResource" ruleset="Error Prone" package="org.junit.platform.commons.util" class="CloseablePath" method="createForJarFileSystem" variable="fileSystem" externalInfoUrl="https://pmd.github.io/pmd/pmd_rules_java_errorprone.html#closeresource" priority="3">
Ensure that resources like this FileSystem object are closed after use
</violation>
</file>
<file name="C:\Users\Sokaina\Downloads\Versiones-Junit5\junit5-r5.0.2\junit-platform-commons\src\main\java\org\junit\platform\commons\util\CollectionUtils.java">
<violation beginline="11" endline="152" begincolumn="1" endcolumn="2" rule="TooManyStaticImports" ruleset="Code Style" package="org.junit.platform.commons.util" class="CollectionUtils" externalInfoUrl="https://pmd.github.io/pmd/pmd_rules_java_codestyle.html#toomanystaticimports" priority="3">
Too many static imports may lead to messy code
</violation>
</file>
<file name="C:\Users\Sokaina\Downloads\Versiones-Junit5\junit5-r5.0.2\junit-platform-commons\src\main\java\org\junit\platform\commons\util\PackageUtils.java">
<violation beginline="50" endline="50" begincolumn="15" endcolumn="47" rule="FieldDeclarationsShouldBeAtStartOfClass" ruleset="Code Style" package="org.junit.platform.commons.util" class="PackageUtils" variable="VariableDeclaratorId" externalInfoUrl="https://pmd.github.io/pmd/pmd_rules_java_codestyle.html#fielddeclarationsshouldbeatstartofclass" priority="3">
Fields should be declared at the top of the class, before any method declarations, constructors, initializers or inner classes.
</violation>
<violation beginline="50" endline="50" begincolumn="2" endcolumn="47" rule="DefaultPackage" ruleset="Code Style" package="org.junit.platform.commons.util" class="PackageUtils" externalInfoUrl="https://pmd.github.io/pmd/pmd_rules_java_codestyle.html#defaultpackage" priority="3">
Use explicit scoping instead of the default package private level
</violation>
<violation beginline="55" endline="55" begincolumn="23" endcolumn="67" rule="FieldDeclarationsShouldBeAtStartOfClass" ruleset="Code Style" package="org.junit.platform.commons.util" class="PackageUtils" variable="VariableDeclaratorId" externalInfoUrl="https://pmd.github.io/pmd/pmd_rules_java_codestyle.html#fielddeclarationsshouldbeatstartofclass" priority="3">
Fields should be declared at the top of the class, before any method declarations, constructors, initializers or inner classes.
</violation>
<violation beginline="140" endline="140" begincolumn="10" endcolumn="18" rule="AvoidCatchingGenericException" ruleset="Design" package="org.junit.platform.commons.util" class="PackageUtils" method="getAttribute" externalInfoUrl="https://pmd.github.io/pmd/pmd_rules_java_design.html#avoidcatchinggenericexception" priority="3">
Avoid catching generic exceptions such as NullPointerException, RuntimeException, Exception in try-catch block
</violation>
</file>
<file name="C:\Users\Sokaina\Downloads\Versiones-Junit5\junit5-r5.0.2\junit-platform-commons\src\main\java\org\junit\platform\commons\util\ReflectionUtils.java">
<violation beginline="11" endline="1098" begincolumn="1" endcolumn="2" rule="TooManyStaticImports" ruleset="Code Style" package="org.junit.platform.commons.util" class="ReflectionUtils" externalInfoUrl="https://pmd.github.io/pmd/pmd_rules_java_codestyle.html#toomanystaticimports" priority="3">
Too many static imports may lead to messy code
</violation>
<violation beginline="95" endline="95" begincolumn="23" endcolumn="115" rule="FieldDeclarationsShouldBeAtStartOfClass" ruleset="Code Style" package="org.junit.platform.commons.util" class="ReflectionUtils" variable="VariableDeclaratorId" externalInfoUrl="https://pmd.github.io/pmd/pmd_rules_java_codestyle.html#fielddeclarationsshouldbeatstartofclass" priority="3">
Fields should be declared at the top of the class, before any method declarations, constructors, initializers or inner classes.
</violation>
<violation beginline="98" endline="98" begincolumn="23" endcolumn="99" rule="FieldDeclarationsShouldBeAtStartOfClass" ruleset="Code Style" package="org.junit.platform.commons.util" class="ReflectionUtils" variable="VariableDeclaratorId" externalInfoUrl="https://pmd.github.io/pmd/pmd_rules_java_codestyle.html#fielddeclarationsshouldbeatstartofclass" priority="3">
Fields should be declared at the top of the class, before any method declarations, constructors, initializers or inner classes.
</violation>
<violation beginline="110" endline="110" begincolumn="23" endcolumn="111" rule="FieldDeclarationsShouldBeAtStartOfClass" ruleset="Code Style" package="org.junit.platform.commons.util" class="ReflectionUtils" variable="VariableDeclaratorId" externalInfoUrl="https://pmd.github.io/pmd/pmd_rules_java_codestyle.html#fielddeclarationsshouldbeatstartofclass" priority="3">
Fields should be declared at the top of the class, before any method declarations, constructors, initializers or inner classes.
</violation>
<violation beginline="113" endline="113" begincolumn="23" endcolumn="111" rule="FieldDeclarationsShouldBeAtStartOfClass" ruleset="Code Style" package="org.junit.platform.commons.util" class="ReflectionUtils" variable="VariableDeclaratorId" externalInfoUrl="https://pmd.github.io/pmd/pmd_rules_java_codestyle.html#fielddeclarationsshouldbeatstartofclass" priority="3">
Fields should be declared at the top of the class, before any method declarations, constructors, initializers or inner classes.
</violation>
<violation beginline="115" endline="115" begincolumn="23" endcolumn="69" rule="FieldDeclarationsShouldBeAtStartOfClass" ruleset="Code Style" package="org.junit.platform.commons.util" class="ReflectionUtils" variable="VariableDeclaratorId" externalInfoUrl="https://pmd.github.io/pmd/pmd_rules_java_codestyle.html#fielddeclarationsshouldbeatstartofclass" priority="3">
Fields should be declared at the top of the class, before any method declarations, constructors, initializers or inner classes.
</violation>
<violation beginline="117" endline="118" begincolumn="23" endcolumn="71" rule="FieldDeclarationsShouldBeAtStartOfClass" ruleset="Code Style" package="org.junit.platform.commons.util" class="ReflectionUtils" variable="VariableDeclaratorId" externalInfoUrl="https://pmd.github.io/pmd/pmd_rules_java_codestyle.html#fielddeclarationsshouldbeatstartofclass" priority="3">
Fields should be declared at the top of the class, before any method declarations, constructors, initializers or inner classes.
</violation>
<violation beginline="123" endline="123" begincolumn="23" endcolumn="63" rule="FieldDeclarationsShouldBeAtStartOfClass" ruleset="Code Style" package="org.junit.platform.commons.util" class="ReflectionUtils" variable="VariableDeclaratorId" externalInfoUrl="https://pmd.github.io/pmd/pmd_rules_java_codestyle.html#fielddeclarationsshouldbeatstartofclass" priority="3">
Fields should be declared at the top of the class, before any method declarations, constructors, initializers or inner classes.
</violation>
<violation beginline="128" endline="128" begincolumn="23" endcolumn="68" rule="FieldDeclarationsShouldBeAtStartOfClass" ruleset="Code Style" package="org.junit.platform.commons.util" class="ReflectionUtils" variable="VariableDeclaratorId" externalInfoUrl="https://pmd.github.io/pmd/pmd_rules_java_codestyle.html#fielddeclarationsshouldbeatstartofclass" priority="3">
Fields should be declared at the top of the class, before any method declarations, constructors, initializers or inner classes.
</violation>
<violation beginline="316" endline="316" begincolumn="32" endcolumn="55" rule="AvoidDuplicateLiterals" ruleset="Error Prone" package="org.junit.platform.commons.util" class="ReflectionUtils" externalInfoUrl="https://pmd.github.io/pmd/pmd_rules_java_errorprone.html#avoidduplicateliterals" priority="3">
The String literal "Class must not be null" appears 12 times in this file; the first occurrence is on line 316
</violation>
<violation beginline="324" endline="326" begincolumn="3" endcolumn="3" rule="AvoidCatchingThrowable" ruleset="Error Prone" package="org.junit.platform.commons.util" class="ReflectionUtils" externalInfoUrl="https://pmd.github.io/pmd/pmd_rules_java_errorprone.html#avoidcatchingthrowable" priority="3">
A catch statement should never catch throwable since it includes errors.
</violation>
<violation beginline="349" endline="351" begincolumn="3" endcolumn="3" rule="AvoidCatchingThrowable" ruleset="Error Prone" package="org.junit.platform.commons.util" class="ReflectionUtils" externalInfoUrl="https://pmd.github.io/pmd/pmd_rules_java_errorprone.html#avoidcatchingthrowable" priority="3">
A catch statement should never catch throwable since it includes errors.
</violation>
<violation beginline="374" endline="377" begincolumn="3" endcolumn="3" rule="AvoidCatchingThrowable" ruleset="Error Prone" package="org.junit.platform.commons.util" class="ReflectionUtils" externalInfoUrl="https://pmd.github.io/pmd/pmd_rules_java_errorprone.html#avoidcatchingthrowable" priority="3">
A catch statement should never catch throwable since it includes errors.
</violation>
<violation beginline="391" endline="393" begincolumn="3" endcolumn="3" rule="AvoidCatchingThrowable" ruleset="Error Prone" package="org.junit.platform.commons.util" class="ReflectionUtils" method="invokeMethod" externalInfoUrl="https://pmd.github.io/pmd/pmd_rules_java_errorprone.html#avoidcatchingthrowable" priority="3">
A catch statement should never catch throwable since it includes errors.
</violation>
<violation beginline="414" endline="414" begincolumn="52" endcolumn="55" rule="AvoidReassigningParameters" ruleset="Best Practices" package="org.junit.platform.commons.util" class="ReflectionUtils" method="loadClass" variable="name" externalInfoUrl="https://pmd.github.io/pmd/pmd_rules_java_bestpractices.html#avoidreassigningparameters" priority="2">
Avoid reassigning parameters such as 'name'
</violation>
<violation beginline="538" endline="538" begincolumn="11" endcolumn="19" rule="AvoidCatchingGenericException" ruleset="Design" package="org.junit.platform.commons.util" class="ReflectionUtils" method="loadMethod" externalInfoUrl="https://pmd.github.io/pmd/pmd_rules_java_design.html#avoidcatchinggenericexception" priority="3">
Avoid catching generic exceptions such as NullPointerException, RuntimeException, Exception in try-catch block
</violation>
<violation beginline="538" endline="540" begincolumn="4" endcolumn="4" rule="EmptyCatchBlock" ruleset="Error Prone" package="org.junit.platform.commons.util" class="ReflectionUtils" method="loadMethod" externalInfoUrl="https://pmd.github.io/pmd/pmd_rules_java_errorprone.html#emptycatchblock" priority="3">
Avoid empty catch blocks
</violation>
<violation beginline="605" endline="607" begincolumn="6" endcolumn="6" rule="AvoidCatchingThrowable" ruleset="Error Prone" package="org.junit.platform.commons.util" class="ReflectionUtils" method="getOuterInstance" externalInfoUrl="https://pmd.github.io/pmd/pmd_rules_java_errorprone.html#avoidcatchingthrowable" priority="3">
A catch statement should never catch throwable since it includes errors.
</violation>
<violation beginline="648" endline="648" begincolumn="36" endcolumn="63" rule="AvoidDuplicateLiterals" ruleset="Error Prone" package="org.junit.platform.commons.util" class="ReflectionUtils" method="findNestedClasses" externalInfoUrl="https://pmd.github.io/pmd/pmd_rules_java_errorprone.html#avoidduplicateliterals" priority="3">
The String literal "Predicate must not be null" appears 4 times in this file; the first occurrence is on line 648
</violation>
<violation beginline="692" endline="694" begincolumn="3" endcolumn="3" rule="AvoidCatchingThrowable" ruleset="Error Prone" package="org.junit.platform.commons.util" class="ReflectionUtils" externalInfoUrl="https://pmd.github.io/pmd/pmd_rules_java_errorprone.html#avoidcatchingthrowable" priority="3">
A catch statement should never catch throwable since it includes errors.
</violation>
<violation beginline="733" endline="746" begincolumn="2" endcolumn="2" rule="DefaultPackage" ruleset="Code Style" package="org.junit.platform.commons.util" class="ReflectionUtils" externalInfoUrl="https://pmd.github.io/pmd/pmd_rules_java_codestyle.html#defaultpackage" priority="3">
Use explicit scoping instead of the default package private level
</violation>
<violation beginline="743" endline="745" begincolumn="3" endcolumn="3" rule="AvoidCatchingThrowable" ruleset="Error Prone" package="org.junit.platform.commons.util" class="ReflectionUtils" method="getMethod" externalInfoUrl="https://pmd.github.io/pmd/pmd_rules_java_errorprone.html#avoidcatchingthrowable" priority="3">
A catch statement should never catch throwable since it includes errors.
</violation>
<violation beginline="938" endline="938" begincolumn="50" endcolumn="65" rule="UseVarargs" ruleset="Best Practices" package="org.junit.platform.commons.util" class="ReflectionUtils" method="toSortedMutableList" variable="methods" externalInfoUrl="https://pmd.github.io/pmd/pmd_rules_java_bestpractices.html#usevarargs" priority="4">
Consider using varargs for methods or constructors which take an array the last parameter.
</violation>
<violation beginline="1011" endline="1011" begincolumn="85" endcolumn="109" rule="UseVarargs" ruleset="Best Practices" package="org.junit.platform.commons.util" class="ReflectionUtils" method="hasCompatibleSignature" variable="parameterTypes" externalInfoUrl="https://pmd.github.io/pmd/pmd_rules_java_bestpractices.html#usevarargs" priority="4">
Consider using varargs for methods or constructors which take an array the last parameter.
</violation>
<violation beginline="1032" endline="1034" begincolumn="3" endcolumn="3" rule="SimplifyBooleanReturns" ruleset="Design" package="org.junit.platform.commons.util" class="ReflectionUtils" method="hasCompatibleSignature" externalInfoUrl="https://pmd.github.io/pmd/pmd_rules_java_design.html#simplifybooleanreturns" priority="3">
Avoid unnecessary if..then..else statements when returning booleans
</violation>
<violation beginline="1038" endline="1041" begincolumn="2" endcolumn="2" rule="DefaultPackage" ruleset="Code Style" package="org.junit.platform.commons.util" class="ReflectionUtils" externalInfoUrl="https://pmd.github.io/pmd/pmd_rules_java_codestyle.html#defaultpackage" priority="3">
Use explicit scoping instead of the default package private level
</violation>
</file>
<file name="C:\Users\Sokaina\Downloads\Versiones-Junit5\junit5-r5.0.2\junit-platform-console-standalone\src\test\java\standalone\JupiterIntegration.java">
<violation beginline="21" endline="22" begincolumn="20" endcolumn="2" rule="UncommentedEmptyMethodBody" ruleset="Documentation" package="standalone" class="JupiterIntegration" method="successful" externalInfoUrl="https://pmd.github.io/pmd/pmd_rules_java_documentation.html#uncommentedemptymethodbody" priority="3">
Document empty method body
</violation>
<violation beginline="21" endline="22" begincolumn="2" endcolumn="2" rule="JUnitTestsShouldIncludeAssert" ruleset="Best Practices" package="standalone" class="JupiterIntegration" method="successful" externalInfoUrl="https://pmd.github.io/pmd/pmd_rules_java_bestpractices.html#junittestsshouldincludeassert" priority="3">
JUnit tests should include assert() or fail()
</violation>
<violation beginline="26" endline="27" begincolumn="18" endcolumn="2" rule="UncommentedEmptyMethodBody" ruleset="Documentation" package="standalone" class="JupiterIntegration" method="disabled" externalInfoUrl="https://pmd.github.io/pmd/pmd_rules_java_documentation.html#uncommentedemptymethodbody" priority="3">
Document empty method body
</violation>
<violation beginline="26" endline="27" begincolumn="2" endcolumn="2" rule="JUnitTestsShouldIncludeAssert" ruleset="Best Practices" package="standalone" class="JupiterIntegration" method="disabled" externalInfoUrl="https://pmd.github.io/pmd/pmd_rules_java_bestpractices.html#junittestsshouldincludeassert" priority="3">
JUnit tests should include assert() or fail()
</violation>
<violation beginline="30" endline="32" begincolumn="2" endcolumn="2" rule="JUnitTestsShouldIncludeAssert" ruleset="Best Practices" package="standalone" class="JupiterIntegration" method="abort" externalInfoUrl="https://pmd.github.io/pmd/pmd_rules_java_bestpractices.html#junittestsshouldincludeassert" priority="3">
JUnit tests should include assert() or fail()
</violation>
<violation beginline="35" endline="37" begincolumn="2" endcolumn="2" rule="JUnitTestsShouldIncludeAssert" ruleset="Best Practices" package="standalone" class="JupiterIntegration" method="fail" externalInfoUrl="https://pmd.github.io/pmd/pmd_rules_java_bestpractices.html#junittestsshouldincludeassert" priority="3">
JUnit tests should include assert() or fail()
</violation>
</file>
<file name="C:\Users\Sokaina\Downloads\Versiones-Junit5\junit5-r5.0.2\junit-platform-console-standalone\src\test\java\standalone\JupiterParamsIntegration.java">
<violation beginline="20" endline="24" begincolumn="2" endcolumn="2" rule="DefaultPackage" ruleset="Code Style" package="standalone" class="JupiterParamsIntegration" externalInfoUrl="https://pmd.github.io/pmd/pmd_rules_java_codestyle.html#defaultpackage" priority="3">
Use explicit scoping instead of the default package private level
</violation>
</file>
<file name="C:\Users\Sokaina\Downloads\Versiones-Junit5\junit5-r5.0.2\junit-platform-console-standalone\src\test\java\standalone\VintageIntegration.java">
<violation beginline="32" endline="32" begincolumn="3" endcolumn="14" rule="JUnitAssertionsShouldIncludeMessage" ruleset="Best Practices" package="standalone" class="VintageIntegration" method="succ3ssful" externalInfoUrl="https://pmd.github.io/pmd/pmd_rules_java_bestpractices.html#junitassertionsshouldincludemessage" priority="3">
JUnit assertions should include a message
</violation>
</file>
<file name="C:\Users\Sokaina\Downloads\Versiones-Junit5\junit5-r5.0.2\junit-platform-console\src\main\java\org\junit\platform\console\ConsoleLauncher.java">
<violation beginline="50" endline="50" begincolumn="16" endcolumn="65" rule="FieldDeclarationsShouldBeAtStartOfClass" ruleset="Code Style" package="org.junit.platform.console" class="ConsoleLauncher" variable="VariableDeclaratorId" externalInfoUrl="https://pmd.github.io/pmd/pmd_rules_java_codestyle.html#fielddeclarationsshouldbeatstartofclass" priority="3">
Fields should be declared at the top of the class, before any method declarations, constructors, initializers or inner classes.
</violation>
<violation beginline="51" endline="51" begincolumn="16" endcolumn="37" rule="FieldDeclarationsShouldBeAtStartOfClass" ruleset="Code Style" package="org.junit.platform.console" class="ConsoleLauncher" variable="VariableDeclaratorId" externalInfoUrl="https://pmd.github.io/pmd/pmd_rules_java_codestyle.html#fielddeclarationsshouldbeatstartofclass" priority="3">
Fields should be declared at the top of the class, before any method declarations, constructors, initializers or inner classes.
</violation>
<violation beginline="52" endline="52" begincolumn="16" endcolumn="37" rule="FieldDeclarationsShouldBeAtStartOfClass" ruleset="Code Style" package="org.junit.platform.console" class="ConsoleLauncher" variable="VariableDeclaratorId" externalInfoUrl="https://pmd.github.io/pmd/pmd_rules_java_codestyle.html#fielddeclarationsshouldbeatstartofclass" priority="3">
Fields should be declared at the top of the class, before any method declarations, constructors, initializers or inner classes.
</violation>
<violation beginline="53" endline="53" begincolumn="16" endcolumn="31" rule="FieldDeclarationsShouldBeAtStartOfClass" ruleset="Code Style" package="org.junit.platform.console" class="ConsoleLauncher" variable="VariableDeclaratorId" externalInfoUrl="https://pmd.github.io/pmd/pmd_rules_java_codestyle.html#fielddeclarationsshouldbeatstartofclass" priority="3">
Fields should be declared at the top of the class, before any method declarations, constructors, initializers or inner classes.
</violation>
<violation beginline="67" endline="80" begincolumn="2" endcolumn="2" rule="DefaultPackage" ruleset="Code Style" package="org.junit.platform.console" class="ConsoleLauncher" externalInfoUrl="https://pmd.github.io/pmd/pmd_rules_java_codestyle.html#defaultpackage" priority="3">
Use explicit scoping instead of the default package private level
</violation>
<violation beginline="87" endline="87" begincolumn="10" endcolumn="18" rule="AvoidCatchingGenericException" ruleset="Design" package="org.junit.platform.console" class="ConsoleLauncher" method="executeTests" externalInfoUrl="https://pmd.github.io/pmd/pmd_rules_java_design.html#avoidcatchinggenericexception" priority="3">
Avoid catching generic exceptions such as NullPointerException, RuntimeException, Exception in try-catch block
</violation>
</file>
<file name="C:\Users\Sokaina\Downloads\Versiones-Junit5\junit5-r5.0.2\junit-platform-console\src\main\java\org\junit\platform\console\ConsoleLauncherExecutionResult.java">
<violation beginline="24" endline="77" begincolumn="8" endcolumn="1" rule="ClassWithOnlyPrivateConstructorsShouldBeFinal" ruleset="Design" package="org.junit.platform.console" class="ConsoleLauncherExecutionResult" externalInfoUrl="https://pmd.github.io/pmd/pmd_rules_java_design.html#classwithonlyprivateconstructorsshouldbefinal" priority="1">
A class which only has private constructors should be final
</violation>
<violation beginline="29" endline="29" begincolumn="23" endcolumn="38" rule="AvoidFieldNameMatchingMethodName" ruleset="Error Prone" package="org.junit.platform.console" class="ConsoleLauncherExecutionResult" variable="VariableDeclaratorId" externalInfoUrl="https://pmd.github.io/pmd/pmd_rules_java_errorprone.html#avoidfieldnamematchingmethodname" priority="3">
Field SUCCESS has the same name as a method
</violation>
<violation beginline="39" endline="39" begincolumn="23" endcolumn="38" rule="AvoidFieldNameMatchingMethodName" ruleset="Error Prone" package="org.junit.platform.console" class="ConsoleLauncherExecutionResult" variable="VariableDeclaratorId" externalInfoUrl="https://pmd.github.io/pmd/pmd_rules_java_errorprone.html#avoidfieldnamematchingmethodname" priority="3">
Field FAILED has the same name as a method
</violation>
<violation beginline="45" endline="47" begincolumn="2" endcolumn="2" rule="DefaultPackage" ruleset="Code Style" package="org.junit.platform.console" class="ConsoleLauncherExecutionResult" externalInfoUrl="https://pmd.github.io/pmd/pmd_rules_java_codestyle.html#defaultpackage" priority="3">
Use explicit scoping instead of the default package private level
</violation>
<violation beginline="49" endline="51" begincolumn="2" endcolumn="2" rule="DefaultPackage" ruleset="Code Style" package="org.junit.platform.console" class="ConsoleLauncherExecutionResult" externalInfoUrl="https://pmd.github.io/pmd/pmd_rules_java_codestyle.html#defaultpackage" priority="3">
Use explicit scoping instead of the default package private level
</violation>
<violation beginline="53" endline="55" begincolumn="2" endcolumn="2" rule="DefaultPackage" ruleset="Code Style" package="org.junit.platform.console" class="ConsoleLauncherExecutionResult" externalInfoUrl="https://pmd.github.io/pmd/pmd_rules_java_codestyle.html#defaultpackage" priority="3">
Use explicit scoping instead of the default package private level
</violation>
<violation beginline="57" endline="57" begincolumn="16" endcolumn="28" rule="FieldDeclarationsShouldBeAtStartOfClass" ruleset="Code Style" package="org.junit.platform.console" class="ConsoleLauncherExecutionResult" variable="VariableDeclaratorId" externalInfoUrl="https://pmd.github.io/pmd/pmd_rules_java_codestyle.html#fielddeclarationsshouldbeatstartofclass" priority="3">
Fields should be declared at the top of the class, before any method declarations, constructors, initializers or inner classes.
</violation>
<violation beginline="58" endline="58" begincolumn="16" endcolumn="57" rule="FieldDeclarationsShouldBeAtStartOfClass" ruleset="Code Style" package="org.junit.platform.console" class="ConsoleLauncherExecutionResult" variable="VariableDeclaratorId" externalInfoUrl="https://pmd.github.io/pmd/pmd_rules_java_codestyle.html#fielddeclarationsshouldbeatstartofclass" priority="3">
Fields should be declared at the top of the class, before any method declarations, constructors, initializers or inner classes.
</violation>
</file>
<file name="C:\Users\Sokaina\Downloads\Versiones-Junit5\junit5-r5.0.2\junit-platform-console\src\main\java\org\junit\platform\console\options\AvailableOptions.java">
<violation beginline="196" endline="198" begincolumn="2" endcolumn="2" rule="DefaultPackage" ruleset="Code Style" package="org.junit.platform.console.options" class="AvailableOptions" externalInfoUrl="https://pmd.github.io/pmd/pmd_rules_java_codestyle.html#defaultpackage" priority="3">
Use explicit scoping instead of the default package private level
</violation>
<violation beginline="200" endline="241" begincolumn="2" endcolumn="2" rule="DefaultPackage" ruleset="Code Style" package="org.junit.platform.console.options" class="AvailableOptions" externalInfoUrl="https://pmd.github.io/pmd/pmd_rules_java_codestyle.html#defaultpackage" priority="3">
Use explicit scoping instead of the default package private level
</violation>
</file>
<file name="C:\Users\Sokaina\Downloads\Versiones-Junit5\junit5-r5.0.2\junit-platform-console\src\main\java\org\junit\platform\console\options\CommandLineOptions.java">
<violation beginline="11" endline="269" begincolumn="1" endcolumn="2" rule="TooManyStaticImports" ruleset="Code Style" package="org.junit.platform.console.options" class="CommandLineOptions" externalInfoUrl="https://pmd.github.io/pmd/pmd_rules_java_codestyle.html#toomanystaticimports" priority="3">
Too many static imports may lead to messy code
</violation>
<violation beginline="37" endline="37" begincolumn="2" endcolumn="53" rule="DefaultPackage" ruleset="Code Style" package="org.junit.platform.console.options" class="CommandLineOptions" externalInfoUrl="https://pmd.github.io/pmd/pmd_rules_java_codestyle.html#defaultpackage" priority="3">
Use explicit scoping instead of the default package private level
</violation>
<violation beginline="38" endline="38" begincolumn="2" endcolumn="76" rule="DefaultPackage" ruleset="Code Style" package="org.junit.platform.console.options" class="CommandLineOptions" externalInfoUrl="https://pmd.github.io/pmd/pmd_rules_java_codestyle.html#defaultpackage" priority="3">
Use explicit scoping instead of the default package private level
</violation>
</file>
<file name="C:\Users\Sokaina\Downloads\Versiones-Junit5\junit5-r5.0.2\junit-platform-console\src\main\java\org\junit\platform\console\options\Details.java">
<violation beginline="49" endline="49" begincolumn="10" endcolumn="29" rule="UseLocaleWithCaseConversions" ruleset="Error Prone" package="org.junit.platform.console.options" class="Details" method="toString" externalInfoUrl="https://pmd.github.io/pmd/pmd_rules_java_errorprone.html#uselocalewithcaseconversions" priority="3">
When doing a String.toLowerCase()/toUpperCase() call, use a Locale
</violation>
</file>
<file name="C:\Users\Sokaina\Downloads\Versiones-Junit5\junit5-r5.0.2\junit-platform-console\src\main\java\org\junit\platform\console\options\Theme.java">
<violation beginline="74" endline="74" begincolumn="16" endcolumn="30" rule="FieldDeclarationsShouldBeAtStartOfClass" ruleset="Code Style" package="org.junit.platform.console.options" class="Theme" variable="VariableDeclaratorId" externalInfoUrl="https://pmd.github.io/pmd/pmd_rules_java_codestyle.html#fielddeclarationsshouldbeatstartofclass" priority="3">
Fields should be declared at the top of the class, before any method declarations, constructors, initializers or inner classes.
</violation>
<violation beginline="75" endline="75" begincolumn="16" endcolumn="28" rule="FieldDeclarationsShouldBeAtStartOfClass" ruleset="Code Style" package="org.junit.platform.console.options" class="Theme" variable="VariableDeclaratorId" externalInfoUrl="https://pmd.github.io/pmd/pmd_rules_java_codestyle.html#fielddeclarationsshouldbeatstartofclass" priority="3">
Fields should be declared at the top of the class, before any method declarations, constructors, initializers or inner classes.
</violation>
<violation beginline="77" endline="77" begincolumn="8" endcolumn="22" rule="ArrayIsStoredDirectly" ruleset="Best Practices" package="org.junit.platform.console.options" class="Theme" method="Theme" variable="tiles" externalInfoUrl="https://pmd.github.io/pmd/pmd_rules_java_bestpractices.html#arrayisstoreddirectly" priority="3">
The user-supplied array 'tiles' is stored directly.
</violation>
<violation beginline="137" endline="137" begincolumn="10" endcolumn="29" rule="UseLocaleWithCaseConversions" ruleset="Error Prone" package="org.junit.platform.console.options" class="Theme" method="toString" externalInfoUrl="https://pmd.github.io/pmd/pmd_rules_java_errorprone.html#uselocalewithcaseconversions" priority="3">
When doing a String.toLowerCase()/toUpperCase() call, use a Locale
</violation>
</file>
<file name="C:\Users\Sokaina\Downloads\Versiones-Junit5\junit5-r5.0.2\junit-platform-console\src\main\java\org\junit\platform\console\tasks\Color.java">
<violation beginline="56" endline="56" begincolumn="15" endcolumn="39" rule="FieldDeclarationsShouldBeAtStartOfClass" ruleset="Code Style" package="org.junit.platform.console.tasks" class="Color" variable="VariableDeclaratorId" externalInfoUrl="https://pmd.github.io/pmd/pmd_rules_java_codestyle.html#fielddeclarationsshouldbeatstartofclass" priority="3">
Fields should be declared at the top of the class, before any method declarations, constructors, initializers or inner classes.
</violation>
<violation beginline="58" endline="58" begincolumn="15" endcolumn="37" rule="FieldDeclarationsShouldBeAtStartOfClass" ruleset="Code Style" package="org.junit.platform.console.tasks" class="Color" variable="VariableDeclaratorId" externalInfoUrl="https://pmd.github.io/pmd/pmd_rules_java_codestyle.html#fielddeclarationsshouldbeatstartofclass" priority="3">
Fields should be declared at the top of the class, before any method declarations, constructors, initializers or inner classes.
</violation>
<violation beginline="60" endline="60" begincolumn="15" endcolumn="33" rule="FieldDeclarationsShouldBeAtStartOfClass" ruleset="Code Style" package="org.junit.platform.console.tasks" class="Color" variable="VariableDeclaratorId" externalInfoUrl="https://pmd.github.io/pmd/pmd_rules_java_codestyle.html#fielddeclarationsshouldbeatstartofclass" priority="3">
Fields should be declared at the top of the class, before any method declarations, constructors, initializers or inner classes.
</violation>
<violation beginline="62" endline="62" begincolumn="15" endcolumn="37" rule="FieldDeclarationsShouldBeAtStartOfClass" ruleset="Code Style" package="org.junit.platform.console.tasks" class="Color" variable="VariableDeclaratorId" externalInfoUrl="https://pmd.github.io/pmd/pmd_rules_java_codestyle.html#fielddeclarationsshouldbeatstartofclass" priority="3">
Fields should be declared at the top of the class, before any method declarations, constructors, initializers or inner classes.
</violation>
<violation beginline="64" endline="64" begincolumn="15" endcolumn="37" rule="FieldDeclarationsShouldBeAtStartOfClass" ruleset="Code Style" package="org.junit.platform.console.tasks" class="Color" variable="VariableDeclaratorId" externalInfoUrl="https://pmd.github.io/pmd/pmd_rules_java_codestyle.html#fielddeclarationsshouldbeatstartofclass" priority="3">
Fields should be declared at the top of the class, before any method declarations, constructors, initializers or inner classes.
</violation>
<violation beginline="66" endline="66" begincolumn="15" endcolumn="32" rule="FieldDeclarationsShouldBeAtStartOfClass" ruleset="Code Style" package="org.junit.platform.console.tasks" class="Color" variable="VariableDeclaratorId" externalInfoUrl="https://pmd.github.io/pmd/pmd_rules_java_codestyle.html#fielddeclarationsshouldbeatstartofclass" priority="3">
Fields should be declared at the top of the class, before any method declarations, constructors, initializers or inner classes.
</violation>
<violation beginline="68" endline="68" begincolumn="15" endcolumn="37" rule="FieldDeclarationsShouldBeAtStartOfClass" ruleset="Code Style" package="org.junit.platform.console.tasks" class="Color" variable="VariableDeclaratorId" externalInfoUrl="https://pmd.github.io/pmd/pmd_rules_java_codestyle.html#fielddeclarationsshouldbeatstartofclass" priority="3">
Fields should be declared at the top of the class, before any method declarations, constructors, initializers or inner classes.
</violation>
<violation beginline="70" endline="70" begincolumn="15" endcolumn="37" rule="FieldDeclarationsShouldBeAtStartOfClass" ruleset="Code Style" package="org.junit.platform.console.tasks" class="Color" variable="VariableDeclaratorId" externalInfoUrl="https://pmd.github.io/pmd/pmd_rules_java_codestyle.html#fielddeclarationsshouldbeatstartofclass" priority="3">
Fields should be declared at the top of the class, before any method declarations, constructors, initializers or inner classes.
</violation>
<violation beginline="72" endline="72" begincolumn="16" endcolumn="33" rule="FieldDeclarationsShouldBeAtStartOfClass" ruleset="Code Style" package="org.junit.platform.console.tasks" class="Color" variable="VariableDeclaratorId" externalInfoUrl="https://pmd.github.io/pmd/pmd_rules_java_codestyle.html#fielddeclarationsshouldbeatstartofclass" priority="3">
Fields should be declared at the top of the class, before any method declarations, constructors, initializers or inner classes.
</violation>
</file>
<file name="C:\Users\Sokaina\Downloads\Versiones-Junit5\junit5-r5.0.2\junit-platform-console\src\main\java\org\junit\platform\console\tasks\ConsoleTestExecutor.java">
<violation beginline="56" endline="56" begincolumn="62" endcolumn="70" rule="SignatureDeclareThrowsException" ruleset="Design" package="org.junit.platform.console.tasks" class="ConsoleTestExecutor" method="execute" externalInfoUrl="https://pmd.github.io/pmd/pmd_rules_java_design.html#signaturedeclarethrowsexception" priority="3">
A method/constructor should not explicitly throw java.lang.Exception
</violation>
<violation beginline="88" endline="88" begincolumn="10" endcolumn="18" rule="AvoidCatchingGenericException" ruleset="Design" package="org.junit.platform.console.tasks" class="ConsoleTestExecutor" method="toURL" externalInfoUrl="https://pmd.github.io/pmd/pmd_rules_java_design.html#avoidcatchinggenericexception" priority="3">
Avoid catching generic exceptions such as NullPointerException, RuntimeException, Exception in try-catch block
</violation>
</file>
<file name="C:\Users\Sokaina\Downloads\Versiones-Junit5\junit5-r5.0.2\junit-platform-console\src\main\java\org\junit\platform\console\tasks\CustomContextClassLoaderExecutor.java">
<violation beginline="27" endline="27" begincolumn="44" endcolumn="52" rule="SignatureDeclareThrowsException" ruleset="Design" package="org.junit.platform.console.tasks" class="CustomContextClassLoaderExecutor" externalInfoUrl="https://pmd.github.io/pmd/pmd_rules_java_design.html#signaturedeclarethrowsexception" priority="3">
A method/constructor should not explicitly throw java.lang.Exception
</violation>
<violation beginline="27" endline="34" begincolumn="2" endcolumn="2" rule="DefaultPackage" ruleset="Code Style" package="org.junit.platform.console.tasks" class="CustomContextClassLoaderExecutor" externalInfoUrl="https://pmd.github.io/pmd/pmd_rules_java_codestyle.html#defaultpackage" priority="3">
Use explicit scoping instead of the default package private level
</violation>
<violation beginline="37" endline="37" begincolumn="11" endcolumn="19" rule="SignatureDeclareThrowsException" ruleset="Design" package="org.junit.platform.console.tasks" class="CustomContextClassLoaderExecutor" externalInfoUrl="https://pmd.github.io/pmd/pmd_rules_java_design.html#signaturedeclarethrowsexception" priority="3">
A method/constructor should not explicitly throw java.lang.Exception
</violation>
</file>
<file name="C:\Users\Sokaina\Downloads\Versiones-Junit5\junit5-r5.0.2\junit-platform-console\src\main\java\org\junit\platform\console\tasks\DiscoveryRequestCreator.java">
<violation beginline="11" endline="122" begincolumn="1" endcolumn="2" rule="TooManyStaticImports" ruleset="Code Style" package="org.junit.platform.console.tasks" class="DiscoveryRequestCreator" externalInfoUrl="https://pmd.github.io/pmd/pmd_rules_java_codestyle.html#toomanystaticimports" priority="3">
Too many static imports may lead to messy code
</violation>
<violation beginline="44" endline="50" begincolumn="2" endcolumn="2" rule="DefaultPackage" ruleset="Code Style" package="org.junit.platform.console.tasks" class="DiscoveryRequestCreator" externalInfoUrl="https://pmd.github.io/pmd/pmd_rules_java_codestyle.html#defaultpackage" priority="3">
Use explicit scoping instead of the default package private level
</violation>
</file>
<file name="C:\Users\Sokaina\Downloads\Versiones-Junit5\junit5-r5.0.2\junit-platform-console\src\main\java\org\junit\platform\console\tasks\FlatPrintingListener.java">
<violation beginline="32" endline="32" begincolumn="2" endcolumn="51" rule="DefaultPackage" ruleset="Code Style" package="org.junit.platform.console.tasks" class="FlatPrintingListener" externalInfoUrl="https://pmd.github.io/pmd/pmd_rules_java_codestyle.html#defaultpackage" priority="3">
Use explicit scoping instead of the default package private level
</violation>
</file>
<file name="C:\Users\Sokaina\Downloads\Versiones-Junit5\junit5-r5.0.2\junit-platform-console\src\main\java\org\junit\platform\console\tasks\TreeNode.java">
<violation beginline="27" endline="27" begincolumn="16" endcolumn="30" rule="AvoidFieldNameMatchingMethodName" ruleset="Error Prone" package="org.junit.platform.console.tasks" class="TreeNode" variable="VariableDeclaratorId" externalInfoUrl="https://pmd.github.io/pmd/pmd_rules_java_errorprone.html#avoidfieldnamematchingmethodname" priority="3">
Field caption has the same name as a method
</violation>
<violation beginline="29" endline="29" begincolumn="2" endcolumn="15" rule="DefaultPackage" ruleset="Code Style" package="org.junit.platform.console.tasks" class="TreeNode" externalInfoUrl="https://pmd.github.io/pmd/pmd_rules_java_codestyle.html#defaultpackage" priority="3">
Use explicit scoping instead of the default package private level
</violation>
<violation beginline="30" endline="30" begincolumn="10" endcolumn="23" rule="AvoidFieldNameMatchingMethodName" ruleset="Error Prone" package="org.junit.platform.console.tasks" class="TreeNode" variable="VariableDeclaratorId" externalInfoUrl="https://pmd.github.io/pmd/pmd_rules_java_errorprone.html#avoidfieldnamematchingmethodname" priority="3">
Field reason has the same name as a method
</violation>
<violation beginline="31" endline="31" begincolumn="10" endcolumn="35" rule="AvoidFieldNameMatchingMethodName" ruleset="Error Prone" package="org.junit.platform.console.tasks" class="TreeNode" variable="VariableDeclaratorId" externalInfoUrl="https://pmd.github.io/pmd/pmd_rules_java_errorprone.html#avoidfieldnamematchingmethodname" priority="3">
Field identifier has the same name as a method
</violation>
<violation beginline="32" endline="32" begincolumn="10" endcolumn="36" rule="AvoidFieldNameMatchingMethodName" ruleset="Error Prone" package="org.junit.platform.console.tasks" class="TreeNode" variable="VariableDeclaratorId" externalInfoUrl="https://pmd.github.io/pmd/pmd_rules_java_errorprone.html#avoidfieldnamematchingmethodname" priority="3">
Field result has the same name as a method
</violation>
<violation beginline="33" endline="33" begincolumn="2" endcolumn="53" rule="DefaultPackage" ruleset="Code Style" package="org.junit.platform.console.tasks" class="TreeNode" externalInfoUrl="https://pmd.github.io/pmd/pmd_rules_java_codestyle.html#defaultpackage" priority="3">
Use explicit scoping instead of the default package private level
</violation>
<violation beginline="34" endline="34" begincolumn="2" endcolumn="51" rule="DefaultPackage" ruleset="Code Style" package="org.junit.platform.console.tasks" class="TreeNode" externalInfoUrl="https://pmd.github.io/pmd/pmd_rules_java_codestyle.html#defaultpackage" priority="3">
Use explicit scoping instead of the default package private level
</violation>
<violation beginline="35" endline="35" begincolumn="2" endcolumn="17" rule="DefaultPackage" ruleset="Code Style" package="org.junit.platform.console.tasks" class="TreeNode" externalInfoUrl="https://pmd.github.io/pmd/pmd_rules_java_codestyle.html#defaultpackage" priority="3">
Use explicit scoping instead of the default package private level
</violation>
<violation beginline="54" endline="60" begincolumn="2" endcolumn="2" rule="DefaultPackage" ruleset="Code Style" package="org.junit.platform.console.tasks" class="TreeNode" externalInfoUrl="https://pmd.github.io/pmd/pmd_rules_java_codestyle.html#defaultpackage" priority="3">
Use explicit scoping instead of the default package private level
</violation>
<violation beginline="62" endline="68" begincolumn="2" endcolumn="2" rule="DefaultPackage" ruleset="Code Style" package="org.junit.platform.console.tasks" class="TreeNode" externalInfoUrl="https://pmd.github.io/pmd/pmd_rules_java_codestyle.html#defaultpackage" priority="3">
Use explicit scoping instead of the default package private level
</violation>
<violation beginline="70" endline="74" begincolumn="2" endcolumn="2" rule="DefaultPackage" ruleset="Code Style" package="org.junit.platform.console.tasks" class="TreeNode" externalInfoUrl="https://pmd.github.io/pmd/pmd_rules_java_codestyle.html#defaultpackage" priority="3">
Use explicit scoping instead of the default package private level
</violation>
<violation beginline="80" endline="82" begincolumn="2" endcolumn="2" rule="DefaultPackage" ruleset="Code Style" package="org.junit.platform.console.tasks" class="TreeNode" externalInfoUrl="https://pmd.github.io/pmd/pmd_rules_java_codestyle.html#defaultpackage" priority="3">
Use explicit scoping instead of the default package private level
</violation>
<violation beginline="84" endline="86" begincolumn="2" endcolumn="2" rule="DefaultPackage" ruleset="Code Style" package="org.junit.platform.console.tasks" class="TreeNode" externalInfoUrl="https://pmd.github.io/pmd/pmd_rules_java_codestyle.html#defaultpackage" priority="3">
Use explicit scoping instead of the default package private level
</violation>
<violation beginline="88" endline="90" begincolumn="2" endcolumn="2" rule="DefaultPackage" ruleset="Code Style" package="org.junit.platform.console.tasks" class="TreeNode" externalInfoUrl="https://pmd.github.io/pmd/pmd_rules_java_codestyle.html#defaultpackage" priority="3">
Use explicit scoping instead of the default package private level
</violation>
</file>
<file name="C:\Users\Sokaina\Downloads\Versiones-Junit5\junit5-r5.0.2\junit-platform-console\src\main\java\org\junit\platform\console\tasks\TreePrinter.java">
<violation beginline="11" endline="169" begincolumn="1" endcolumn="2" rule="TooManyStaticImports" ruleset="Code Style" package="org.junit.platform.console.tasks" class="TreePrinter" externalInfoUrl="https://pmd.github.io/pmd/pmd_rules_java_codestyle.html#toomanystaticimports" priority="3">
Too many static imports may lead to messy code
</violation>
<violation beginline="47" endline="51" begincolumn="2" endcolumn="2" rule="DefaultPackage" ruleset="Code Style" package="org.junit.platform.console.tasks" class="TreePrinter" externalInfoUrl="https://pmd.github.io/pmd/pmd_rules_java_codestyle.html#defaultpackage" priority="3">
Use explicit scoping instead of the default package private level
</violation>
<violation beginline="53" endline="53" begincolumn="43" endcolumn="48" rule="AvoidReassigningParameters" ruleset="Best Practices" package="org.junit.platform.console.tasks" class="TreePrinter" method="print" variable="indent" externalInfoUrl="https://pmd.github.io/pmd/pmd_rules_java_bestpractices.html#avoidreassigningparameters" priority="2">
Avoid reassigning parameters such as 'indent'
</violation>
<violation beginline="84" endline="84" begincolumn="23" endcolumn="27" rule="UseUnderscoresInNumericLiterals" ruleset="Code Style" package="org.junit.platform.console.tasks" class="TreePrinter" method="printVisible" externalInfoUrl="https://pmd.github.io/pmd/pmd_rules_java_codestyle.html#useunderscoresinnumericliterals" priority="3">
Number 10000 should separate every third digit with an underscore
</violation>
</file>
<file name="C:\Users\Sokaina\Downloads\Versiones-Junit5\junit5-r5.0.2\junit-platform-console\src\main\java\org\junit\platform\console\tasks\VerboseTreePrintingListener.java">
<violation beginline="36" endline="36" begincolumn="16" endcolumn="34" rule="AvoidFieldNameMatchingMethodName" ruleset="Error Prone" package="org.junit.platform.console.tasks" class="VerboseTreePrintingListener" variable="VariableDeclaratorId" externalInfoUrl="https://pmd.github.io/pmd/pmd_rules_java_errorprone.html#avoidfieldnamematchingmethodname" priority="3">
Field verticals has the same name as a method
</violation>
<violation beginline="66" endline="66" begincolumn="27" endcolumn="32" rule="AvoidDuplicateLiterals" ruleset="Error Prone" package="org.junit.platform.console.tasks" class="VerboseTreePrintingListener" method="testPlanExecutionStarted" externalInfoUrl="https://pmd.github.io/pmd/pmd_rules_java_errorprone.html#avoidduplicateliterals" priority="3">
The String literal "%s%n" appears 6 times in this file; the first occurrence is on line 66
</violation>
</file>
<file name="C:\Users\Sokaina\Downloads\Versiones-Junit5\junit5-r5.0.2\junit-platform-console\src\main\java\org\junit\platform\console\tasks\XmlReportData.java">
<violation beginline="54" endline="56" begincolumn="2" endcolumn="2" rule="DefaultPackage" ruleset="Code Style" package="org.junit.platform.console.tasks" class="XmlReportData" externalInfoUrl="https://pmd.github.io/pmd/pmd_rules_java_codestyle.html#defaultpackage" priority="3">
Use explicit scoping instead of the default package private level
</violation>
<violation beginline="58" endline="60" begincolumn="2" endcolumn="2" rule="DefaultPackage" ruleset="Code Style" package="org.junit.platform.console.tasks" class="XmlReportData" externalInfoUrl="https://pmd.github.io/pmd/pmd_rules_java_codestyle.html#defaultpackage" priority="3">
Use explicit scoping instead of the default package private level
</violation>
<violation beginline="62" endline="64" begincolumn="2" endcolumn="2" rule="DefaultPackage" ruleset="Code Style" package="org.junit.platform.console.tasks" class="XmlReportData" externalInfoUrl="https://pmd.github.io/pmd/pmd_rules_java_codestyle.html#defaultpackage" priority="3">
Use explicit scoping instead of the default package private level
</violation>
<violation beginline="66" endline="68" begincolumn="2" endcolumn="2" rule="DefaultPackage" ruleset="Code Style" package="org.junit.platform.console.tasks" class="XmlReportData" externalInfoUrl="https://pmd.github.io/pmd/pmd_rules_java_codestyle.html#defaultpackage" priority="3">
Use explicit scoping instead of the default package private level
</violation>
<violation beginline="70" endline="79" begincolumn="2" endcolumn="2" rule="DefaultPackage" ruleset="Code Style" package="org.junit.platform.console.tasks" class="XmlReportData" externalInfoUrl="https://pmd.github.io/pmd/pmd_rules_java_codestyle.html#defaultpackage" priority="3">
Use explicit scoping instead of the default package private level
</violation>
<violation beginline="81" endline="84" begincolumn="2" endcolumn="2" rule="DefaultPackage" ruleset="Code Style" package="org.junit.platform.console.tasks" class="XmlReportData" externalInfoUrl="https://pmd.github.io/pmd/pmd_rules_java_codestyle.html#defaultpackage" priority="3">
Use explicit scoping instead of the default package private level
</violation>
<violation beginline="86" endline="88" begincolumn="2" endcolumn="2" rule="DefaultPackage" ruleset="Code Style" package="org.junit.platform.console.tasks" class="XmlReportData" externalInfoUrl="https://pmd.github.io/pmd/pmd_rules_java_codestyle.html#defaultpackage" priority="3">
Use explicit scoping instead of the default package private level
</violation>
<violation beginline="90" endline="94" begincolumn="2" endcolumn="2" rule="DefaultPackage" ruleset="Code Style" package="org.junit.platform.console.tasks" class="XmlReportData" externalInfoUrl="https://pmd.github.io/pmd/pmd_rules_java_codestyle.html#defaultpackage" priority="3">
Use explicit scoping instead of the default package private level
</violation>
<violation beginline="96" endline="104" begincolumn="2" endcolumn="2" rule="DefaultPackage" ruleset="Code Style" package="org.junit.platform.console.tasks" class="XmlReportData" externalInfoUrl="https://pmd.github.io/pmd/pmd_rules_java_codestyle.html#defaultpackage" priority="3">
Use explicit scoping instead of the default package private level
</violation>
<violation beginline="106" endline="119" begincolumn="2" endcolumn="2" rule="DefaultPackage" ruleset="Code Style" package="org.junit.platform.console.tasks" class="XmlReportData" externalInfoUrl="https://pmd.github.io/pmd/pmd_rules_java_codestyle.html#defaultpackage" priority="3">
Use explicit scoping instead of the default package private level
</violation>
<violation beginline="121" endline="123" begincolumn="2" endcolumn="2" rule="DefaultPackage" ruleset="Code Style" package="org.junit.platform.console.tasks" class="XmlReportData" externalInfoUrl="https://pmd.github.io/pmd/pmd_rules_java_codestyle.html#defaultpackage" priority="3">
Use explicit scoping instead of the default package private level
</violation>
<violation beginline="141" endline="143" begincolumn="2" endcolumn="2" rule="DefaultPackage" ruleset="Code Style" package="org.junit.platform.console.tasks" class="XmlReportData" externalInfoUrl="https://pmd.github.io/pmd/pmd_rules_java_codestyle.html#defaultpackage" priority="3">
Use explicit scoping instead of the default package private level
</violation>
</file>
<file name="C:\Users\Sokaina\Downloads\Versiones-Junit5\junit5-r5.0.2\junit-platform-console\src\main\java\org\junit\platform\console\tasks\XmlReportWriter.java">
<violation beginline="11" endline="321" begincolumn="1" endcolumn="2" rule="TooManyStaticImports" ruleset="Code Style" package="org.junit.platform.console.tasks" class="XmlReportWriter" externalInfoUrl="https://pmd.github.io/pmd/pmd_rules_java_codestyle.html#toomanystaticimports" priority="3">
Too many static imports may lead to messy code
</violation>
<violation beginline="55" endline="63" begincolumn="2" endcolumn="2" rule="DefaultPackage" ruleset="Code Style" package="org.junit.platform.console.tasks" class="XmlReportWriter" externalInfoUrl="https://pmd.github.io/pmd/pmd_rules_java_codestyle.html#defaultpackage" priority="3">
Use explicit scoping instead of the default package private level
</violation>
<violation beginline="271" endline="319" begincolumn="17" endcolumn="2" rule="DataClass" ruleset="Design" package="org.junit.platform.console.tasks" class="XmlReportWriter$TestCounts" externalInfoUrl="https://pmd.github.io/pmd/pmd_rules_java_design.html#dataclass" priority="3">
The class 'TestCounts' is suspected to be a Data Class (WOC=0.000%, NOPA=0, NOAM=4, WMC=11)
</violation>
<violation beginline="273" endline="292" begincolumn="3" endcolumn="3" rule="DefaultPackage" ruleset="Code Style" package="org.junit.platform.console.tasks" class="XmlReportWriter$TestCounts" externalInfoUrl="https://pmd.github.io/pmd/pmd_rules_java_codestyle.html#defaultpackage" priority="3">
Use explicit scoping instead of the default package private level
</violation>
<violation beginline="294" endline="294" begincolumn="17" endcolumn="27" rule="FieldDeclarationsShouldBeAtStartOfClass" ruleset="Code Style" package="org.junit.platform.console.tasks" class="XmlReportWriter$TestCounts" variable="VariableDeclaratorId" externalInfoUrl="https://pmd.github.io/pmd/pmd_rules_java_codestyle.html#fielddeclarationsshouldbeatstartofclass" priority="3">
Fields should be declared at the top of the class, before any method declarations, constructors, initializers or inner classes.
</violation>
<violation beginline="295" endline="295" begincolumn="11" endcolumn="23" rule="FieldDeclarationsShouldBeAtStartOfClass" ruleset="Code Style" package="org.junit.platform.console.tasks" class="XmlReportWriter$TestCounts" variable="VariableDeclaratorId" externalInfoUrl="https://pmd.github.io/pmd/pmd_rules_java_codestyle.html#fielddeclarationsshouldbeatstartofclass" priority="3">
Fields should be declared at the top of the class, before any method declarations, constructors, initializers or inner classes.
</violation>
<violation beginline="296" endline="296" begincolumn="11" endcolumn="24" rule="FieldDeclarationsShouldBeAtStartOfClass" ruleset="Code Style" package="org.junit.platform.console.tasks" class="XmlReportWriter$TestCounts" variable="VariableDeclaratorId" externalInfoUrl="https://pmd.github.io/pmd/pmd_rules_java_codestyle.html#fielddeclarationsshouldbeatstartofclass" priority="3">
Fields should be declared at the top of the class, before any method declarations, constructors, initializers or inner classes.
</violation>
<violation beginline="297" endline="297" begincolumn="11" endcolumn="22" rule="FieldDeclarationsShouldBeAtStartOfClass" ruleset="Code Style" package="org.junit.platform.console.tasks" class="XmlReportWriter$TestCounts" variable="VariableDeclaratorId" externalInfoUrl="https://pmd.github.io/pmd/pmd_rules_java_codestyle.html#fielddeclarationsshouldbeatstartofclass" priority="3">
Fields should be declared at the top of the class, before any method declarations, constructors, initializers or inner classes.
</violation>
</file>
<file name="C:\Users\Sokaina\Downloads\Versiones-Junit5\junit5-r5.0.2\junit-platform-engine\src\main\java\org\junit\platform\engine\CompositeFilter.java">
<violation beginline="48" endline="51" begincolumn="2" endcolumn="2" rule="DefaultPackage" ruleset="Code Style" package="org.junit.platform.engine" class="CompositeFilter" externalInfoUrl="https://pmd.github.io/pmd/pmd_rules_java_codestyle.html#defaultpackage" priority="3">
Use explicit scoping instead of the default package private level
</violation>
<violation beginline="53" endline="53" begincolumn="16" endcolumn="45" rule="FieldDeclarationsShouldBeAtStartOfClass" ruleset="Code Style" package="org.junit.platform.engine" class="CompositeFilter" variable="VariableDeclaratorId" externalInfoUrl="https://pmd.github.io/pmd/pmd_rules_java_codestyle.html#fielddeclarationsshouldbeatstartofclass" priority="3">
Fields should be declared at the top of the class, before any method declarations, constructors, initializers or inner classes.
</violation>
</file>
<file name="C:\Users\Sokaina\Downloads\Versiones-Junit5\junit5-r5.0.2\junit-platform-engine\src\main\java\org\junit\platform\engine\FilterResult.java">
<violation beginline="27" endline="113" begincolumn="8" endcolumn="1" rule="ClassWithOnlyPrivateConstructorsShouldBeFinal" ruleset="Design" package="org.junit.platform.engine" class="FilterResult" externalInfoUrl="https://pmd.github.io/pmd/pmd_rules_java_design.html#classwithonlyprivateconstructorsshouldbefinal" priority="1">
A class which only has private constructors should be final
</violation>
<violation beginline="72" endline="72" begincolumn="16" endcolumn="32" rule="AvoidFieldNameMatchingMethodName" ruleset="Error Prone" package="org.junit.platform.engine" class="FilterResult" variable="VariableDeclaratorId" externalInfoUrl="https://pmd.github.io/pmd/pmd_rules_java_errorprone.html#avoidfieldnamematchingmethodname" priority="3">
Field included has the same name as a method
</violation>
<violation beginline="72" endline="72" begincolumn="16" endcolumn="32" rule="FieldDeclarationsShouldBeAtStartOfClass" ruleset="Code Style" package="org.junit.platform.engine" class="FilterResult" variable="VariableDeclaratorId" externalInfoUrl="https://pmd.github.io/pmd/pmd_rules_java_codestyle.html#fielddeclarationsshouldbeatstartofclass" priority="3">
Fields should be declared at the top of the class, before any method declarations, constructors, initializers or inner classes.
</violation>
<violation beginline="74" endline="74" begincolumn="16" endcolumn="39" rule="FieldDeclarationsShouldBeAtStartOfClass" ruleset="Code Style" package="org.junit.platform.engine" class="FilterResult" variable="VariableDeclaratorId" externalInfoUrl="https://pmd.github.io/pmd/pmd_rules_java_codestyle.html#fielddeclarationsshouldbeatstartofclass" priority="3">
Fields should be declared at the top of the class, before any method declarations, constructors, initializers or inner classes.
</violation>
</file>
<file name="C:\Users\Sokaina\Downloads\Versiones-Junit5\junit5-r5.0.2\junit-platform-engine\src\main\java\org\junit\platform\engine\TestExecutionResult.java">
<violation beginline="33" endline="121" begincolumn="8" endcolumn="1" rule="ClassWithOnlyPrivateConstructorsShouldBeFinal" ruleset="Design" package="org.junit.platform.engine" class="TestExecutionResult" externalInfoUrl="https://pmd.github.io/pmd/pmd_rules_java_design.html#classwithonlyprivateconstructorsshouldbefinal" priority="1">
A class which only has private constructors should be final
</violation>
</file>
<file name="C:\Users\Sokaina\Downloads\Versiones-Junit5\junit5-r5.0.2\junit-platform-engine\src\main\java\org\junit\platform\engine\TestTag.java">
<violation beginline="85" endline="85" begincolumn="39" endcolumn="42" rule="AvoidReassigningParameters" ruleset="Best Practices" package="org.junit.platform.engine" class="TestTag" method="isValid" variable="name" externalInfoUrl="https://pmd.github.io/pmd/pmd_rules_java_bestpractices.html#avoidreassigningparameters" priority="2">
Avoid reassigning parameters such as 'name'
</violation>
</file>
<file name="C:\Users\Sokaina\Downloads\Versiones-Junit5\junit5-r5.0.2\junit-platform-engine\src\main\java\org\junit\platform\engine\UniqueId.java">
<violation beginline="85" endline="85" begincolumn="16" endcolumn="45" rule="FieldDeclarationsShouldBeAtStartOfClass" ruleset="Code Style" package="org.junit.platform.engine" class="UniqueId" variable="VariableDeclaratorId" externalInfoUrl="https://pmd.github.io/pmd/pmd_rules_java_codestyle.html#fielddeclarationsshouldbeatstartofclass" priority="3">
Fields should be declared at the top of the class, before any method declarations, constructors, initializers or inner classes.
</violation>
<violation beginline="86" endline="86" begincolumn="16" endcolumn="38" rule="FieldDeclarationsShouldBeAtStartOfClass" ruleset="Code Style" package="org.junit.platform.engine" class="UniqueId" variable="VariableDeclaratorId" externalInfoUrl="https://pmd.github.io/pmd/pmd_rules_java_codestyle.html#fielddeclarationsshouldbeatstartofclass" priority="3">
Fields should be declared at the top of the class, before any method declarations, constructors, initializers or inner classes.
</violation>
<violation beginline="105" endline="107" begincolumn="2" endcolumn="2" rule="DefaultPackage" ruleset="Code Style" package="org.junit.platform.engine" class="UniqueId" externalInfoUrl="https://pmd.github.io/pmd/pmd_rules_java_codestyle.html#defaultpackage" priority="3">
Use explicit scoping instead of the default package private level
</violation>
<violation beginline="149" endline="151" begincolumn="12" endcolumn="2" rule="UselessOverridingMethod" ruleset="Design" package="org.junit.platform.engine" class="UniqueId" method="clone" externalInfoUrl="https://pmd.github.io/pmd/pmd_rules_java_design.html#uselessoverridingmethod" priority="3">
Overriding method merely calls super
</violation>
<violation beginline="149" endline="151" begincolumn="12" endcolumn="2" rule="CloneMethodReturnTypeMustMatchClassName" ruleset="Error Prone" package="org.junit.platform.engine" class="UniqueId" method="clone" externalInfoUrl="https://pmd.github.io/pmd/pmd_rules_java_errorprone.html#clonemethodreturntypemustmatchclassname" priority="3">
The return type of the clone() method must be the class name when implements Cloneable
</violation>
<violation beginline="149" endline="151" begincolumn="12" endcolumn="2" rule="CloneMethodMustBePublic" ruleset="Error Prone" package="org.junit.platform.engine" class="UniqueId" method="clone" externalInfoUrl="https://pmd.github.io/pmd/pmd_rules_java_errorprone.html#clonemethodmustbepublic" priority="3">
clone() method must be public if the class implements Cloneable
</violation>
</file>
<file name="C:\Users\Sokaina\Downloads\Versiones-Junit5\junit5-r5.0.2\junit-platform-engine\src\main\java\org\junit\platform\engine\UniqueIdFormat.java">
<violation beginline="43" endline="45" begincolumn="2" endcolumn="2" rule="DefaultPackage" ruleset="Code Style" package="org.junit.platform.engine" class="UniqueIdFormat" externalInfoUrl="https://pmd.github.io/pmd/pmd_rules_java_codestyle.html#defaultpackage" priority="3">
Use explicit scoping instead of the default package private level
</violation>
<violation beginline="60" endline="60" begincolumn="16" endcolumn="32" rule="FieldDeclarationsShouldBeAtStartOfClass" ruleset="Code Style" package="org.junit.platform.engine" class="UniqueIdFormat" variable="VariableDeclaratorId" externalInfoUrl="https://pmd.github.io/pmd/pmd_rules_java_codestyle.html#fielddeclarationsshouldbeatstartofclass" priority="3">
Fields should be declared at the top of the class, before any method declarations, constructors, initializers or inner classes.
</violation>
<violation beginline="61" endline="61" begincolumn="16" endcolumn="33" rule="FieldDeclarationsShouldBeAtStartOfClass" ruleset="Code Style" package="org.junit.platform.engine" class="UniqueIdFormat" variable="VariableDeclaratorId" externalInfoUrl="https://pmd.github.io/pmd/pmd_rules_java_codestyle.html#fielddeclarationsshouldbeatstartofclass" priority="3">
Fields should be declared at the top of the class, before any method declarations, constructors, initializers or inner classes.
</violation>
<violation beginline="62" endline="62" begincolumn="16" endcolumn="37" rule="FieldDeclarationsShouldBeAtStartOfClass" ruleset="Code Style" package="org.junit.platform.engine" class="UniqueIdFormat" variable="VariableDeclaratorId" externalInfoUrl="https://pmd.github.io/pmd/pmd_rules_java_codestyle.html#fielddeclarationsshouldbeatstartofclass" priority="3">
Fields should be declared at the top of the class, before any method declarations, constructors, initializers or inner classes.
</violation>
<violation beginline="63" endline="63" begincolumn="16" endcolumn="39" rule="FieldDeclarationsShouldBeAtStartOfClass" ruleset="Code Style" package="org.junit.platform.engine" class="UniqueIdFormat" variable="VariableDeclaratorId" externalInfoUrl="https://pmd.github.io/pmd/pmd_rules_java_codestyle.html#fielddeclarationsshouldbeatstartofclass" priority="3">
Fields should be declared at the top of the class, before any method declarations, constructors, initializers or inner classes.
</violation>
<violation beginline="64" endline="64" begincolumn="16" endcolumn="38" rule="FieldDeclarationsShouldBeAtStartOfClass" ruleset="Code Style" package="org.junit.platform.engine" class="UniqueIdFormat" variable="VariableDeclaratorId" externalInfoUrl="https://pmd.github.io/pmd/pmd_rules_java_codestyle.html#fielddeclarationsshouldbeatstartofclass" priority="3">
Fields should be declared at the top of the class, before any method declarations, constructors, initializers or inner classes.
</violation>
<violation beginline="65" endline="65" begincolumn="16" endcolumn="76" rule="FieldDeclarationsShouldBeAtStartOfClass" ruleset="Code Style" package="org.junit.platform.engine" class="UniqueIdFormat" variable="VariableDeclaratorId" externalInfoUrl="https://pmd.github.io/pmd/pmd_rules_java_codestyle.html#fielddeclarationsshouldbeatstartofclass" priority="3">
Fields should be declared at the top of the class, before any method declarations, constructors, initializers or inner classes.
</violation>
<violation beginline="93" endline="97" begincolumn="2" endcolumn="2" rule="DefaultPackage" ruleset="Code Style" package="org.junit.platform.engine" class="UniqueIdFormat" externalInfoUrl="https://pmd.github.io/pmd/pmd_rules_java_codestyle.html#defaultpackage" priority="3">
Use explicit scoping instead of the default package private level
</violation>
<violation beginline="125" endline="131" begincolumn="2" endcolumn="2" rule="DefaultPackage" ruleset="Code Style" package="org.junit.platform.engine" class="UniqueIdFormat" externalInfoUrl="https://pmd.github.io/pmd/pmd_rules_java_codestyle.html#defaultpackage" priority="3">
Use explicit scoping instead of the default package private level
</violation>
</file>
<file name="C:\Users\Sokaina\Downloads\Versiones-Junit5\junit5-r5.0.2\junit-platform-engine\src\main\java\org\junit\platform\engine\discovery\DiscoverySelectors.java">
<violation beginline="266" endline="266" begincolumn="32" endcolumn="55" rule="AvoidDuplicateLiterals" ruleset="Error Prone" package="org.junit.platform.engine.discovery" class="DiscoverySelectors" method="selectClass" externalInfoUrl="https://pmd.github.io/pmd/pmd_rules_java_errorprone.html#avoidduplicateliterals" priority="3">
The String literal "Class must not be null" appears 4 times in this file; the first occurrence is on line 266
</violation>
<violation beginline="351" endline="351" begincolumn="38" endcolumn="76" rule="AvoidDuplicateLiterals" ruleset="Error Prone" package="org.junit.platform.engine.discovery" class="DiscoverySelectors" method="selectMethod" externalInfoUrl="https://pmd.github.io/pmd/pmd_rules_java_errorprone.html#avoidduplicateliterals" priority="3">
The String literal "Method name must not be null or blank" appears 4 times in this file; the first occurrence is on line 351
</violation>
</file>
<file name="C:\Users\Sokaina\Downloads\Versiones-Junit5\junit5-r5.0.2\junit-platform-engine\src\main\java\org\junit\platform\engine\discovery\MethodSelector.java">
<violation beginline="47" endline="183" begincolumn="8" endcolumn="1" rule="DataClass" ruleset="Design" package="org.junit.platform.engine.discovery" class="MethodSelector" externalInfoUrl="https://pmd.github.io/pmd/pmd_rules_java_design.html#dataclass" priority="3">
The class 'MethodSelector' is suspected to be a Data Class (WOC=16.667%, NOPA=0, NOAM=5, WMC=16)
</violation>
</file>
<file name="C:\Users\Sokaina\Downloads\Versiones-Junit5\junit5-r5.0.2\junit-platform-engine\src\main\java\org\junit\platform\engine\reporting\ReportEntry.java">
<violation beginline="77" endline="79" begincolumn="15" endcolumn="2" rule="UnnecessaryModifier" ruleset="Code Style" package="org.junit.platform.engine.reporting" class="ReportEntry" method="getKeyValuePairs" externalInfoUrl="https://pmd.github.io/pmd/pmd_rules_java_codestyle.html#unnecessarymodifier" priority="3">
Unnecessary modifier 'final' on method 'getKeyValuePairs': the method is already in a final class
</violation>
<violation beginline="88" endline="90" begincolumn="15" endcolumn="2" rule="UnnecessaryModifier" ruleset="Code Style" package="org.junit.platform.engine.reporting" class="ReportEntry" method="getTimestamp" externalInfoUrl="https://pmd.github.io/pmd/pmd_rules_java_codestyle.html#unnecessarymodifier" priority="3">
Unnecessary modifier 'final' on method 'getTimestamp': the method is already in a final class
</violation>
</file>
<file name="C:\Users\Sokaina\Downloads\Versiones-Junit5\junit5-r5.0.2\junit-platform-engine\src\main\java\org\junit\platform\engine\support\descriptor\ClassSource.java">
<violation beginline="34" endline="161" begincolumn="8" endcolumn="1" rule="ClassWithOnlyPrivateConstructorsShouldBeFinal" ruleset="Design" package="org.junit.platform.engine.support.descriptor" class="ClassSource" externalInfoUrl="https://pmd.github.io/pmd/pmd_rules_java_design.html#classwithonlyprivateconstructorsshouldbefinal" priority="1">
A class which only has private constructors should be final
</violation>
<violation beginline="80" endline="80" begincolumn="16" endcolumn="32" rule="FieldDeclarationsShouldBeAtStartOfClass" ruleset="Code Style" package="org.junit.platform.engine.support.descriptor" class="ClassSource" variable="VariableDeclaratorId" externalInfoUrl="https://pmd.github.io/pmd/pmd_rules_java_codestyle.html#fielddeclarationsshouldbeatstartofclass" priority="3">
Fields should be declared at the top of the class, before any method declarations, constructors, initializers or inner classes.
</violation>
<violation beginline="81" endline="81" begincolumn="16" endcolumn="41" rule="FieldDeclarationsShouldBeAtStartOfClass" ruleset="Code Style" package="org.junit.platform.engine.support.descriptor" class="ClassSource" variable="VariableDeclaratorId" externalInfoUrl="https://pmd.github.io/pmd/pmd_rules_java_codestyle.html#fielddeclarationsshouldbeatstartofclass" priority="3">
Fields should be declared at the top of the class, before any method declarations, constructors, initializers or inner classes.
</violation>
<violation beginline="82" endline="82" begincolumn="10" endcolumn="28" rule="FieldDeclarationsShouldBeAtStartOfClass" ruleset="Code Style" package="org.junit.platform.engine.support.descriptor" class="ClassSource" variable="VariableDeclaratorId" externalInfoUrl="https://pmd.github.io/pmd/pmd_rules_java_codestyle.html#fielddeclarationsshouldbeatstartofclass" priority="3">
Fields should be declared at the top of the class, before any method declarations, constructors, initializers or inner classes.
</violation>
</file>
<file name="C:\Users\Sokaina\Downloads\Versiones-Junit5\junit5-r5.0.2\junit-platform-engine\src\main\java\org\junit\platform\engine\support\descriptor\ClasspathResourceSource.java">
<violation beginline="31" endline="136" begincolumn="8" endcolumn="1" rule="ClassWithOnlyPrivateConstructorsShouldBeFinal" ruleset="Design" package="org.junit.platform.engine.support.descriptor" class="ClasspathResourceSource" externalInfoUrl="https://pmd.github.io/pmd/pmd_rules_java_design.html#classwithonlyprivateconstructorsshouldbefinal" priority="1">
A class which only has private constructors should be final
</violation>
<violation beginline="73" endline="73" begincolumn="16" endcolumn="44" rule="FieldDeclarationsShouldBeAtStartOfClass" ruleset="Code Style" package="org.junit.platform.engine.support.descriptor" class="ClasspathResourceSource" variable="VariableDeclaratorId" externalInfoUrl="https://pmd.github.io/pmd/pmd_rules_java_codestyle.html#fielddeclarationsshouldbeatstartofclass" priority="3">
Fields should be declared at the top of the class, before any method declarations, constructors, initializers or inner classes.
</violation>
<violation beginline="74" endline="74" begincolumn="16" endcolumn="41" rule="FieldDeclarationsShouldBeAtStartOfClass" ruleset="Code Style" package="org.junit.platform.engine.support.descriptor" class="ClasspathResourceSource" variable="VariableDeclaratorId" externalInfoUrl="https://pmd.github.io/pmd/pmd_rules_java_codestyle.html#fielddeclarationsshouldbeatstartofclass" priority="3">
Fields should be declared at the top of the class, before any method declarations, constructors, initializers or inner classes.
</violation>
</file>
<file name="C:\Users\Sokaina\Downloads\Versiones-Junit5\junit5-r5.0.2\junit-platform-engine\src\main\java\org\junit\platform\engine\support\descriptor\CompositeTestSource.java">
<violation beginline="33" endline="92" begincolumn="8" endcolumn="1" rule="ClassWithOnlyPrivateConstructorsShouldBeFinal" ruleset="Design" package="org.junit.platform.engine.support.descriptor" class="CompositeTestSource" externalInfoUrl="https://pmd.github.io/pmd/pmd_rules_java_design.html#classwithonlyprivateconstructorsshouldbefinal" priority="1">
A class which only has private constructors should be final
</violation>
<violation beginline="52" endline="52" begincolumn="16" endcolumn="40" rule="FieldDeclarationsShouldBeAtStartOfClass" ruleset="Code Style" package="org.junit.platform.engine.support.descriptor" class="CompositeTestSource" variable="VariableDeclaratorId" externalInfoUrl="https://pmd.github.io/pmd/pmd_rules_java_codestyle.html#fielddeclarationsshouldbeatstartofclass" priority="3">
Fields should be declared at the top of the class, before any method declarations, constructors, initializers or inner classes.
</violation>
</file>
<file name="C:\Users\Sokaina\Downloads\Versiones-Junit5\junit5-r5.0.2\junit-platform-engine\src\main\java\org\junit\platform\engine\support\descriptor\DirectorySource.java">
<violation beginline="31" endline="99" begincolumn="8" endcolumn="1" rule="ClassWithOnlyPrivateConstructorsShouldBeFinal" ruleset="Design" package="org.junit.platform.engine.support.descriptor" class="DirectorySource" externalInfoUrl="https://pmd.github.io/pmd/pmd_rules_java_design.html#classwithonlyprivateconstructorsshouldbefinal" priority="1">
A class which only has private constructors should be final
</violation>
<violation beginline="45" endline="45" begincolumn="16" endcolumn="30" rule="FieldDeclarationsShouldBeAtStartOfClass" ruleset="Code Style" package="org.junit.platform.engine.support.descriptor" class="DirectorySource" variable="VariableDeclaratorId" externalInfoUrl="https://pmd.github.io/pmd/pmd_rules_java_codestyle.html#fielddeclarationsshouldbeatstartofclass" priority="3">
Fields should be declared at the top of the class, before any method declarations, constructors, initializers or inner classes.
</violation>
</file>
<file name="C:\Users\Sokaina\Downloads\Versiones-Junit5\junit5-r5.0.2\junit-platform-engine\src\main\java\org\junit\platform\engine\support\descriptor\FilePosition.java">
<violation beginline="30" endline="117" begincolumn="8" endcolumn="1" rule="ClassWithOnlyPrivateConstructorsShouldBeFinal" ruleset="Design" package="org.junit.platform.engine.support.descriptor" class="FilePosition" externalInfoUrl="https://pmd.github.io/pmd/pmd_rules_java_design.html#classwithonlyprivateconstructorsshouldbefinal" priority="1">
A class which only has private constructors should be final
</violation>
<violation beginline="55" endline="55" begincolumn="16" endcolumn="24" rule="FieldDeclarationsShouldBeAtStartOfClass" ruleset="Code Style" package="org.junit.platform.engine.support.descriptor" class="FilePosition" variable="VariableDeclaratorId" externalInfoUrl="https://pmd.github.io/pmd/pmd_rules_java_codestyle.html#fielddeclarationsshouldbeatstartofclass" priority="3">
Fields should be declared at the top of the class, before any method declarations, constructors, initializers or inner classes.
</violation>
<violation beginline="56" endline="56" begincolumn="16" endcolumn="30" rule="FieldDeclarationsShouldBeAtStartOfClass" ruleset="Code Style" package="org.junit.platform.engine.support.descriptor" class="FilePosition" variable="VariableDeclaratorId" externalInfoUrl="https://pmd.github.io/pmd/pmd_rules_java_codestyle.html#fielddeclarationsshouldbeatstartofclass" priority="3">
Fields should be declared at the top of the class, before any method declarations, constructors, initializers or inner classes.
</violation>
</file>
<file name="C:\Users\Sokaina\Downloads\Versiones-Junit5\junit5-r5.0.2\junit-platform-engine\src\main\java\org\junit\platform\engine\support\descriptor\FileSource.java">
<violation beginline="34" endline="130" begincolumn="8" endcolumn="1" rule="ClassWithOnlyPrivateConstructorsShouldBeFinal" ruleset="Design" package="org.junit.platform.engine.support.descriptor" class="FileSource" externalInfoUrl="https://pmd.github.io/pmd/pmd_rules_java_design.html#classwithonlyprivateconstructorsshouldbefinal" priority="1">
A class which only has private constructors should be final
</violation>
<violation beginline="58" endline="58" begincolumn="16" endcolumn="25" rule="FieldDeclarationsShouldBeAtStartOfClass" ruleset="Code Style" package="org.junit.platform.engine.support.descriptor" class="FileSource" variable="VariableDeclaratorId" externalInfoUrl="https://pmd.github.io/pmd/pmd_rules_java_codestyle.html#fielddeclarationsshouldbeatstartofclass" priority="3">
Fields should be declared at the top of the class, before any method declarations, constructors, initializers or inner classes.
</violation>
<violation beginline="59" endline="59" begincolumn="16" endcolumn="41" rule="FieldDeclarationsShouldBeAtStartOfClass" ruleset="Code Style" package="org.junit.platform.engine.support.descriptor" class="FileSource" variable="VariableDeclaratorId" externalInfoUrl="https://pmd.github.io/pmd/pmd_rules_java_codestyle.html#fielddeclarationsshouldbeatstartofclass" priority="3">
Fields should be declared at the top of the class, before any method declarations, constructors, initializers or inner classes.
</violation>
</file>
<file name="C:\Users\Sokaina\Downloads\Versiones-Junit5\junit5-r5.0.2\junit-platform-engine\src\main\java\org\junit\platform\engine\support\descriptor\MethodSource.java">
<violation beginline="35" endline="145" begincolumn="8" endcolumn="1" rule="ClassWithOnlyPrivateConstructorsShouldBeFinal" ruleset="Design" package="org.junit.platform.engine.support.descriptor" class="MethodSource" externalInfoUrl="https://pmd.github.io/pmd/pmd_rules_java_design.html#classwithonlyprivateconstructorsshouldbefinal" priority="1">
A class which only has private constructors should be final
</violation>
<violation beginline="72" endline="72" begincolumn="16" endcolumn="32" rule="FieldDeclarationsShouldBeAtStartOfClass" ruleset="Code Style" package="org.junit.platform.engine.support.descriptor" class="MethodSource" variable="VariableDeclaratorId" externalInfoUrl="https://pmd.github.io/pmd/pmd_rules_java_codestyle.html#fielddeclarationsshouldbeatstartofclass" priority="3">
Fields should be declared at the top of the class, before any method declarations, constructors, initializers or inner classes.
</violation>
<violation beginline="73" endline="73" begincolumn="16" endcolumn="33" rule="FieldDeclarationsShouldBeAtStartOfClass" ruleset="Code Style" package="org.junit.platform.engine.support.descriptor" class="MethodSource" variable="VariableDeclaratorId" externalInfoUrl="https://pmd.github.io/pmd/pmd_rules_java_codestyle.html#fielddeclarationsshouldbeatstartofclass" priority="3">
Fields should be declared at the top of the class, before any method declarations, constructors, initializers or inner classes.
</violation>
<violation beginline="74" endline="74" begincolumn="16" endcolumn="43" rule="FieldDeclarationsShouldBeAtStartOfClass" ruleset="Code Style" package="org.junit.platform.engine.support.descriptor" class="MethodSource" variable="VariableDeclaratorId" externalInfoUrl="https://pmd.github.io/pmd/pmd_rules_java_codestyle.html#fielddeclarationsshouldbeatstartofclass" priority="3">
Fields should be declared at the top of the class, before any method declarations, constructors, initializers or inner classes.
</violation>
</file>
<file name="C:\Users\Sokaina\Downloads\Versiones-Junit5\junit5-r5.0.2\junit-platform-engine\src\main\java\org\junit\platform\engine\support\descriptor\PackageSource.java">
<violation beginline="33" endline="94" begincolumn="8" endcolumn="1" rule="ClassWithOnlyPrivateConstructorsShouldBeFinal" ruleset="Design" package="org.junit.platform.engine.support.descriptor" class="PackageSource" externalInfoUrl="https://pmd.github.io/pmd/pmd_rules_java_design.html#classwithonlyprivateconstructorsshouldbefinal" priority="1">
A class which only has private constructors should be final
</violation>
<violation beginline="55" endline="55" begincolumn="16" endcolumn="34" rule="FieldDeclarationsShouldBeAtStartOfClass" ruleset="Code Style" package="org.junit.platform.engine.support.descriptor" class="PackageSource" variable="VariableDeclaratorId" externalInfoUrl="https://pmd.github.io/pmd/pmd_rules_java_codestyle.html#fielddeclarationsshouldbeatstartofclass" priority="3">
Fields should be declared at the top of the class, before any method declarations, constructors, initializers or inner classes.
</violation>
</file>
<file name="C:\Users\Sokaina\Downloads\Versiones-Junit5\junit5-r5.0.2\junit-platform-engine\src\main\java\org\junit\platform\engine\support\hierarchical\ExecutionTracker.java">
<violation beginline="26" endline="28" begincolumn="2" endcolumn="2" rule="DefaultPackage" ruleset="Code Style" package="org.junit.platform.engine.support.hierarchical" class="ExecutionTracker" externalInfoUrl="https://pmd.github.io/pmd/pmd_rules_java_codestyle.html#defaultpackage" priority="3">
Use explicit scoping instead of the default package private level
</violation>
<violation beginline="30" endline="32" begincolumn="2" endcolumn="2" rule="DefaultPackage" ruleset="Code Style" package="org.junit.platform.engine.support.hierarchical" class="ExecutionTracker" externalInfoUrl="https://pmd.github.io/pmd/pmd_rules_java_codestyle.html#defaultpackage" priority="3">
Use explicit scoping instead of the default package private level
</violation>
</file>
<file name="C:\Users\Sokaina\Downloads\Versiones-Junit5\junit5-r5.0.2\junit-platform-engine\src\main\java\org\junit\platform\engine\support\hierarchical\HierarchicalTestExecutor.java">
<violation beginline="50" endline="52" begincolumn="2" endcolumn="2" rule="DefaultPackage" ruleset="Code Style" package="org.junit.platform.engine.support.hierarchical" class="HierarchicalTestExecutor" externalInfoUrl="https://pmd.github.io/pmd/pmd_rules_java_codestyle.html#defaultpackage" priority="3">
Use explicit scoping instead of the default package private level
</violation>
<violation beginline="67" endline="73" begincolumn="3" endcolumn="3" rule="AvoidCatchingThrowable" ruleset="Error Prone" package="org.junit.platform.engine.support.hierarchical" class="HierarchicalTestExecutor" method="execute" externalInfoUrl="https://pmd.github.io/pmd/pmd_rules_java_errorprone.html#avoidcatchingthrowable" priority="3">
A catch statement should never catch throwable since it includes errors.
</violation>
<violation beginline="109" endline="110" begincolumn="23" endcolumn="3" rule="FieldDeclarationsShouldBeAtStartOfClass" ruleset="Code Style" package="org.junit.platform.engine.support.hierarchical" class="HierarchicalTestExecutor" variable="VariableDeclaratorId" externalInfoUrl="https://pmd.github.io/pmd/pmd_rules_java_codestyle.html#fielddeclarationsshouldbeatstartofclass" priority="3">
Fields should be declared at the top of the class, before any method declarations, constructors, initializers or inner classes.
</violation>
</file>
<file name="C:\Users\Sokaina\Downloads\Versiones-Junit5\junit5-r5.0.2\junit-platform-engine\src\main\java\org\junit\platform\engine\support\hierarchical\Node.java">
<violation beginline="30" endline="194" begincolumn="8" endcolumn="1" rule="ShortClassName" ruleset="Code Style" package="org.junit.platform.engine.support.hierarchical" class="Node" externalInfoUrl="https://pmd.github.io/pmd/pmd_rules_java_codestyle.html#shortclassname" priority="4">
Avoid short class names like Node
</violation>
<violation beginline="37" endline="37" begincolumn="38" endcolumn="46" rule="SignatureDeclareThrowsException" ruleset="Design" package="org.junit.platform.engine.support.hierarchical" class="Node" method="prepare" externalInfoUrl="https://pmd.github.io/pmd/pmd_rules_java_design.html#signaturedeclarethrowsexception" priority="3">
A method/constructor should not explicitly throw java.lang.Exception
</violation>
<violation beginline="47" endline="47" begincolumn="55" endcolumn="63" rule="SignatureDeclareThrowsException" ruleset="Design" package="org.junit.platform.engine.support.hierarchical" class="Node" method="shouldBeSkipped" externalInfoUrl="https://pmd.github.io/pmd/pmd_rules_java_design.html#signaturedeclarethrowsexception" priority="3">
A method/constructor should not explicitly throw java.lang.Exception
</violation>
<violation beginline="63" endline="63" begincolumn="37" endcolumn="45" rule="SignatureDeclareThrowsException" ruleset="Design" package="org.junit.platform.engine.support.hierarchical" class="Node" method="before" externalInfoUrl="https://pmd.github.io/pmd/pmd_rules_java_design.html#signaturedeclarethrowsexception" priority="3">
A method/constructor should not explicitly throw java.lang.Exception
</violation>
<violation beginline="84" endline="84" begincolumn="79" endcolumn="87" rule="SignatureDeclareThrowsException" ruleset="Design" package="org.junit.platform.engine.support.hierarchical" class="Node" method="execute" externalInfoUrl="https://pmd.github.io/pmd/pmd_rules_java_design.html#signaturedeclarethrowsexception" priority="3">
A method/constructor should not explicitly throw java.lang.Exception
</violation>
<violation beginline="99" endline="99" begincolumn="39" endcolumn="47" rule="SignatureDeclareThrowsException" ruleset="Design" package="org.junit.platform.engine.support.hierarchical" class="Node" method="after" externalInfoUrl="https://pmd.github.io/pmd/pmd_rules_java_design.html#signaturedeclarethrowsexception" priority="3">
A method/constructor should not explicitly throw java.lang.Exception
</violation>
<violation beginline="99" endline="100" begincolumn="49" endcolumn="2" rule="UncommentedEmptyMethodBody" ruleset="Documentation" package="org.junit.platform.engine.support.hierarchical" class="Node" method="after" externalInfoUrl="https://pmd.github.io/pmd/pmd_rules_java_documentation.html#uncommentedemptymethodbody" priority="3">
Document empty method body
</violation>
</file>
<file name="C:\Users\Sokaina\Downloads\Versiones-Junit5\junit5-r5.0.2\junit-platform-engine\src\main\java\org\junit\platform\engine\support\hierarchical\SingleTestExecutor.java">
<violation beginline="11" endline="78" begincolumn="1" endcolumn="2" rule="TooManyStaticImports" ruleset="Code Style" package="org.junit.platform.engine.support.hierarchical" class="SingleTestExecutor" externalInfoUrl="https://pmd.github.io/pmd/pmd_rules_java_codestyle.html#toomanystaticimports" priority="3">
Too many static imports may lead to messy code
</violation>
<violation beginline="72" endline="75" begincolumn="3" endcolumn="3" rule="AvoidCatchingThrowable" ruleset="Error Prone" package="org.junit.platform.engine.support.hierarchical" class="SingleTestExecutor" method="executeSafely" externalInfoUrl="https://pmd.github.io/pmd/pmd_rules_java_errorprone.html#avoidcatchingthrowable" priority="3">
A catch statement should never catch throwable since it includes errors.
</violation>
</file>
<file name="C:\Users\Sokaina\Downloads\Versiones-Junit5\junit5-r5.0.2\junit-platform-engine\src\test\java\org\junit\platform\engine\test\TestEngineStub.java">
<violation beginline="45" endline="46" begincolumn="48" endcolumn="2" rule="UncommentedEmptyMethodBody" ruleset="Documentation" package="org.junit.platform.engine.test" class="TestEngineStub" method="execute" externalInfoUrl="https://pmd.github.io/pmd/pmd_rules_java_documentation.html#uncommentedemptymethodbody" priority="3">
Document empty method body
</violation>
</file>
<file name="C:\Users\Sokaina\Downloads\Versiones-Junit5\junit5-r5.0.2\junit-platform-engine\src\test\java\org\junit\platform\engine\test\event\ExecutionEvent.java">
<violation beginline="11" endline="106" begincolumn="1" endcolumn="2" rule="TooManyStaticImports" ruleset="Code Style" package="org.junit.platform.engine.test.event" class="ExecutionEvent" externalInfoUrl="https://pmd.github.io/pmd/pmd_rules_java_codestyle.html#toomanystaticimports" priority="3">
Too many static imports may lead to messy code
</violation>
<violation beginline="35" endline="106" begincolumn="8" endcolumn="1" rule="ClassWithOnlyPrivateConstructorsShouldBeFinal" ruleset="Design" package="org.junit.platform.engine.test.event" class="ExecutionEvent" externalInfoUrl="https://pmd.github.io/pmd/pmd_rules_java_design.html#classwithonlyprivateconstructorsshouldbefinal" priority="1">
A class which only has private constructors should be final
</violation>
<violation beginline="73" endline="73" begincolumn="16" endcolumn="40" rule="FieldDeclarationsShouldBeAtStartOfClass" ruleset="Code Style" package="org.junit.platform.engine.test.event" class="ExecutionEvent" variable="VariableDeclaratorId" externalInfoUrl="https://pmd.github.io/pmd/pmd_rules_java_codestyle.html#fielddeclarationsshouldbeatstartofclass" priority="3">
Fields should be declared at the top of the class, before any method declarations, constructors, initializers or inner classes.
</violation>
<violation beginline="74" endline="74" begincolumn="16" endcolumn="45" rule="FieldDeclarationsShouldBeAtStartOfClass" ruleset="Code Style" package="org.junit.platform.engine.test.event" class="ExecutionEvent" variable="VariableDeclaratorId" externalInfoUrl="https://pmd.github.io/pmd/pmd_rules_java_codestyle.html#fielddeclarationsshouldbeatstartofclass" priority="3">
Fields should be declared at the top of the class, before any method declarations, constructors, initializers or inner classes.
</violation>
<violation beginline="75" endline="75" begincolumn="16" endcolumn="30" rule="FieldDeclarationsShouldBeAtStartOfClass" ruleset="Code Style" package="org.junit.platform.engine.test.event" class="ExecutionEvent" variable="VariableDeclaratorId" externalInfoUrl="https://pmd.github.io/pmd/pmd_rules_java_codestyle.html#fielddeclarationsshouldbeatstartofclass" priority="3">
Fields should be declared at the top of the class, before any method declarations, constructors, initializers or inner classes.
</violation>
</file>
<file name="C:\Users\Sokaina\Downloads\Versiones-Junit5\junit5-r5.0.2\junit-platform-engine\src\test\java\org\junit\platform\engine\test\event\ExecutionEventConditions.java">
<violation beginline="11" endline="171" begincolumn="1" endcolumn="2" rule="TooManyStaticImports" ruleset="Code Style" package="org.junit.platform.engine.test.event" class="ExecutionEventConditions" externalInfoUrl="https://pmd.github.io/pmd/pmd_rules_java_codestyle.html#toomanystaticimports" priority="3">
Too many static imports may lead to messy code
</violation>
</file>
<file name="C:\Users\Sokaina\Downloads\Versiones-Junit5\junit5-r5.0.2\junit-platform-engine\src\test\java\org\junit\platform\engine\test\event\ExecutionEventRecorder.java">
<violation beginline="11" endline="192" begincolumn="1" endcolumn="2" rule="TooManyStaticImports" ruleset="Code Style" package="org.junit.platform.engine.test.event" class="ExecutionEventRecorder" externalInfoUrl="https://pmd.github.io/pmd/pmd_rules_java_codestyle.html#toomanystaticimports" priority="3">
Too many static imports may lead to messy code
</violation>
<violation beginline="58" endline="58" begincolumn="15" endcolumn="82" rule="FieldDeclarationsShouldBeAtStartOfClass" ruleset="Code Style" package="org.junit.platform.engine.test.event" class="ExecutionEventRecorder" variable="VariableDeclaratorId" externalInfoUrl="https://pmd.github.io/pmd/pmd_rules_java_codestyle.html#fielddeclarationsshouldbeatstartofclass" priority="3">
Fields should be declared at the top of the class, before any method declarations, constructors, initializers or inner classes.
</violation>
<violation beginline="142" endline="142" begincolumn="27" endcolumn="38" rule="UnnecessaryFullyQualifiedName" ruleset="Code Style" package="org.junit.platform.engine.test.event" class="ExecutionEventRecorder" method="getSkippedTestEvents" externalInfoUrl="https://pmd.github.io/pmd/pmd_rules_java_codestyle.html#unnecessaryfullyqualifiedname" priority="4">
Unnecessary use of fully qualified name 'Type.SKIPPED' due to existing static import 'org.junit.platform.engine.test.event.ExecutionEvent.Type.SKIPPED'
</violation>
</file>
<file name="C:\Users\Sokaina\Downloads\Versiones-Junit5\junit5-r5.0.2\junit-platform-launcher\src\main\java\org\junit\platform\launcher\EngineFilter.java">
<violation beginline="42" endline="162" begincolumn="8" endcolumn="1" rule="ClassWithOnlyPrivateConstructorsShouldBeFinal" ruleset="Design" package="org.junit.platform.launcher" class="EngineFilter" externalInfoUrl="https://pmd.github.io/pmd/pmd_rules_java_design.html#classwithonlyprivateconstructorsshouldbefinal" priority="1">
A class which only has private constructors should be final
</violation>
<violation beginline="104" endline="104" begincolumn="16" endcolumn="38" rule="FieldDeclarationsShouldBeAtStartOfClass" ruleset="Code Style" package="org.junit.platform.launcher" class="EngineFilter" variable="VariableDeclaratorId" externalInfoUrl="https://pmd.github.io/pmd/pmd_rules_java_codestyle.html#fielddeclarationsshouldbeatstartofclass" priority="3">
Fields should be declared at the top of the class, before any method declarations, constructors, initializers or inner classes.
</violation>
<violation beginline="105" endline="105" begincolumn="16" endcolumn="25" rule="FieldDeclarationsShouldBeAtStartOfClass" ruleset="Code Style" package="org.junit.platform.launcher" class="EngineFilter" variable="VariableDeclaratorId" externalInfoUrl="https://pmd.github.io/pmd/pmd_rules_java_codestyle.html#fielddeclarationsshouldbeatstartofclass" priority="3">
Fields should be declared at the top of the class, before any method declarations, constructors, initializers or inner classes.
</violation>
<violation beginline="156" endline="158" begincolumn="11" endcolumn="3" rule="UnnecessaryModifier" ruleset="Code Style" package="org.junit.platform.launcher" class="EngineFilter$Type" method="Type" externalInfoUrl="https://pmd.github.io/pmd/pmd_rules_java_codestyle.html#unnecessarymodifier" priority="3">
Unnecessary modifier 'private' on constructor 'Type(String)': enum constructors are implicitly private
</violation>
</file>
<file name="C:\Users\Sokaina\Downloads\Versiones-Junit5\junit5-r5.0.2\junit-platform-launcher\src\main\java\org\junit\platform\launcher\TestExecutionListener.java">
<violation beginline="56" endline="57" begincolumn="59" endcolumn="2" rule="UncommentedEmptyMethodBody" ruleset="Documentation" package="org.junit.platform.launcher" class="TestExecutionListener" method="testPlanExecutionStarted" externalInfoUrl="https://pmd.github.io/pmd/pmd_rules_java_documentation.html#uncommentedemptymethodbody" priority="3">
Document empty method body
</violation>
<violation beginline="65" endline="66" begincolumn="60" endcolumn="2" rule="UncommentedEmptyMethodBody" ruleset="Documentation" package="org.junit.platform.launcher" class="TestExecutionListener" method="testPlanExecutionFinished" externalInfoUrl="https://pmd.github.io/pmd/pmd_rules_java_documentation.html#uncommentedemptymethodbody" priority="3">
Document empty method body
</violation>
<violation beginline="77" endline="78" begincolumn="68" endcolumn="2" rule="UncommentedEmptyMethodBody" ruleset="Documentation" package="org.junit.platform.launcher" class="TestExecutionListener" method="dynamicTestRegistered" externalInfoUrl="https://pmd.github.io/pmd/pmd_rules_java_documentation.html#uncommentedemptymethodbody" priority="3">
Document empty method body
</violation>
<violation beginline="96" endline="97" begincolumn="78" endcolumn="2" rule="UncommentedEmptyMethodBody" ruleset="Documentation" package="org.junit.platform.launcher" class="TestExecutionListener" method="executionSkipped" externalInfoUrl="https://pmd.github.io/pmd/pmd_rules_java_documentation.html#uncommentedemptymethodbody" priority="3">
Document empty method body
</violation>
<violation beginline="114" endline="115" begincolumn="63" endcolumn="2" rule="UncommentedEmptyMethodBody" ruleset="Documentation" package="org.junit.platform.launcher" class="TestExecutionListener" method="executionStarted" externalInfoUrl="https://pmd.github.io/pmd/pmd_rules_java_documentation.html#uncommentedemptymethodbody" priority="3">
Document empty method body
</violation>
<violation beginline="143" endline="144" begincolumn="105" endcolumn="2" rule="UncommentedEmptyMethodBody" ruleset="Documentation" package="org.junit.platform.launcher" class="TestExecutionListener" method="executionFinished" externalInfoUrl="https://pmd.github.io/pmd/pmd_rules_java_documentation.html#uncommentedemptymethodbody" priority="3">
Document empty method body
</violation>
<violation beginline="155" endline="156" begincolumn="89" endcolumn="2" rule="UncommentedEmptyMethodBody" ruleset="Documentation" package="org.junit.platform.launcher" class="TestExecutionListener" method="reportingEntryPublished" externalInfoUrl="https://pmd.github.io/pmd/pmd_rules_java_documentation.html#uncommentedemptymethodbody" priority="3">
Document empty method body
</violation>
</file>
<file name="C:\Users\Sokaina\Downloads\Versiones-Junit5\junit5-r5.0.2\junit-platform-launcher\src\main\java\org\junit\platform\launcher\TestPlan.java">
<violation beginline="63" endline="63" begincolumn="16" endcolumn="37" rule="AvoidFieldNameMatchingMethodName" ruleset="Error Prone" package="org.junit.platform.launcher" class="TestPlan" variable="VariableDeclaratorId" externalInfoUrl="https://pmd.github.io/pmd/pmd_rules_java_errorprone.html#avoidfieldnamematchingmethodname" priority="3">
Field containsTests has the same name as a method
</violation>
</file>
<file name="C:\Users\Sokaina\Downloads\Versiones-Junit5\junit5-r5.0.2\junit-platform-launcher\src\main\java\org\junit\platform\launcher\core\DefaultLauncher.java">
<violation beginline="93" endline="95" begincolumn="2" endcolumn="2" rule="DefaultPackage" ruleset="Code Style" package="org.junit.platform.launcher.core" class="DefaultLauncher" externalInfoUrl="https://pmd.github.io/pmd/pmd_rules_java_codestyle.html#defaultpackage" priority="3">
Use explicit scoping instead of the default package private level
</violation>
<violation beginline="137" endline="140" begincolumn="3" endcolumn="3" rule="AvoidCatchingThrowable" ruleset="Error Prone" package="org.junit.platform.launcher.core" class="DefaultLauncher" method="discoverEngineRoot" externalInfoUrl="https://pmd.github.io/pmd/pmd_rules_java_errorprone.html#avoidcatchingthrowable" priority="3">
A catch statement should never catch throwable since it includes errors.
</violation>
<violation beginline="172" endline="174" begincolumn="3" endcolumn="3" rule="AvoidCatchingThrowable" ruleset="Error Prone" package="org.junit.platform.launcher.core" class="DefaultLauncher" method="execute" externalInfoUrl="https://pmd.github.io/pmd/pmd_rules_java_errorprone.html#avoidcatchingthrowable" priority="3">
A catch statement should never catch throwable since it includes errors.
</violation>
</file>
<file name="C:\Users\Sokaina\Downloads\Versiones-Junit5\junit5-r5.0.2\junit-platform-launcher\src\main\java\org\junit\platform\launcher\core\LauncherConfigurationParameters.java">
<violation beginline="71" endline="71" begincolumn="10" endcolumn="18" rule="AvoidCatchingGenericException" ruleset="Design" package="org.junit.platform.launcher.core" class="LauncherConfigurationParameters" method="fromClasspathResource" externalInfoUrl="https://pmd.github.io/pmd/pmd_rules_java_design.html#avoidcatchinggenericexception" priority="3">
Avoid catching generic exceptions such as NullPointerException, RuntimeException, Exception in try-catch block
</violation>
<violation beginline="111" endline="111" begincolumn="11" endcolumn="19" rule="AvoidCatchingGenericException" ruleset="Design" package="org.junit.platform.launcher.core" class="LauncherConfigurationParameters" method="getProperty" externalInfoUrl="https://pmd.github.io/pmd/pmd_rules_java_design.html#avoidcatchinggenericexception" priority="3">
Avoid catching generic exceptions such as NullPointerException, RuntimeException, Exception in try-catch block
</violation>
<violation beginline="111" endline="113" begincolumn="4" endcolumn="4" rule="EmptyCatchBlock" ruleset="Error Prone" package="org.junit.platform.launcher.core" class="LauncherConfigurationParameters" method="getProperty" externalInfoUrl="https://pmd.github.io/pmd/pmd_rules_java_errorprone.html#emptycatchblock" priority="3">
Avoid empty catch blocks
</violation>
</file>
<file name="C:\Users\Sokaina\Downloads\Versiones-Junit5\junit5-r5.0.2\junit-platform-launcher\src\main\java\org\junit\platform\launcher\core\LauncherDiscoveryRequestBuilder.java">
<violation beginline="82" endline="82" begincolumn="10" endcolumn="63" rule="AvoidFieldNameMatchingMethodName" ruleset="Error Prone" package="org.junit.platform.launcher.core" class="LauncherDiscoveryRequestBuilder" variable="VariableDeclaratorId" externalInfoUrl="https://pmd.github.io/pmd/pmd_rules_java_errorprone.html#avoidfieldnamematchingmethodname" priority="3">
Field selectors has the same name as a method
</violation>
<violation beginline="82" endline="82" begincolumn="34" endcolumn="42" rule="ImmutableField" ruleset="Design" package="org.junit.platform.launcher.core" class="LauncherDiscoveryRequestBuilder" variable="selectors" externalInfoUrl="https://pmd.github.io/pmd/pmd_rules_java_design.html#immutablefield" priority="3">
Private field 'selectors' could be made final; it is only initialized in the declaration or constructor.
</violation>
<violation beginline="83" endline="83" begincolumn="29" endcolumn="41" rule="ImmutableField" ruleset="Design" package="org.junit.platform.launcher.core" class="LauncherDiscoveryRequestBuilder" variable="engineFilters" externalInfoUrl="https://pmd.github.io/pmd/pmd_rules_java_design.html#immutablefield" priority="3">
Private field 'engineFilters' could be made final; it is only initialized in the declaration or constructor.
</violation>
<violation beginline="84" endline="84" begincolumn="35" endcolumn="50" rule="ImmutableField" ruleset="Design" package="org.junit.platform.launcher.core" class="LauncherDiscoveryRequestBuilder" variable="discoveryFilters" externalInfoUrl="https://pmd.github.io/pmd/pmd_rules_java_design.html#immutablefield" priority="3">
Private field 'discoveryFilters' could be made final; it is only initialized in the declaration or constructor.
</violation>
<violation beginline="85" endline="85" begincolumn="36" endcolumn="55" rule="ImmutableField" ruleset="Design" package="org.junit.platform.launcher.core" class="LauncherDiscoveryRequestBuilder" variable="postDiscoveryFilters" externalInfoUrl="https://pmd.github.io/pmd/pmd_rules_java_design.html#immutablefield" priority="3">
Private field 'postDiscoveryFilters' could be made final; it is only initialized in the declaration or constructor.
</violation>
<violation beginline="86" endline="86" begincolumn="10" endcolumn="71" rule="AvoidFieldNameMatchingMethodName" ruleset="Error Prone" package="org.junit.platform.launcher.core" class="LauncherDiscoveryRequestBuilder" variable="VariableDeclaratorId" externalInfoUrl="https://pmd.github.io/pmd/pmd_rules_java_errorprone.html#avoidfieldnamematchingmethodname" priority="3">
Field configurationParameters has the same name as a method
</violation>
<violation beginline="86" endline="86" begincolumn="30" endcolumn="52" rule="ImmutableField" ruleset="Design" package="org.junit.platform.launcher.core" class="LauncherDiscoveryRequestBuilder" variable="configurationParameters" externalInfoUrl="https://pmd.github.io/pmd/pmd_rules_java_design.html#immutablefield" priority="3">
Private field 'configurationParameters' could be made final; it is only initialized in the declaration or constructor.
</violation>
</file>
<file name="C:\Users\Sokaina\Downloads\Versiones-Junit5\junit5-r5.0.2\junit-platform-launcher\src\main\java\org\junit\platform\launcher\core\LauncherFactory.java">
<violation beginline="41" endline="66" begincolumn="8" endcolumn="1" rule="ClassWithOnlyPrivateConstructorsShouldBeFinal" ruleset="Design" package="org.junit.platform.launcher.core" class="LauncherFactory" externalInfoUrl="https://pmd.github.io/pmd/pmd_rules_java_design.html#classwithonlyprivateconstructorsshouldbefinal" priority="1">
A class which only has private constructors should be final
</violation>
</file>
<file name="C:\Users\Sokaina\Downloads\Versiones-Junit5\junit5-r5.0.2\junit-platform-launcher\src\main\java\org\junit\platform\launcher\core\Root.java">
<violation beginline="30" endline="82" begincolumn="1" endcolumn="1" rule="ShortClassName" ruleset="Code Style" package="org.junit.platform.launcher.core" class="Root" externalInfoUrl="https://pmd.github.io/pmd/pmd_rules_java_codestyle.html#shortclassname" priority="4">
Avoid short class names like Root
</violation>
<violation beginline="37" endline="39" begincolumn="2" endcolumn="2" rule="DefaultPackage" ruleset="Code Style" package="org.junit.platform.launcher.core" class="Root" externalInfoUrl="https://pmd.github.io/pmd/pmd_rules_java_codestyle.html#defaultpackage" priority="3">
Use explicit scoping instead of the default package private level
</violation>
<violation beginline="41" endline="43" begincolumn="2" endcolumn="2" rule="DefaultPackage" ruleset="Code Style" package="org.junit.platform.launcher.core" class="Root" externalInfoUrl="https://pmd.github.io/pmd/pmd_rules_java_codestyle.html#defaultpackage" priority="3">
Use explicit scoping instead of the default package private level
</violation>
<violation beginline="45" endline="47" begincolumn="2" endcolumn="2" rule="DefaultPackage" ruleset="Code Style" package="org.junit.platform.launcher.core" class="Root" externalInfoUrl="https://pmd.github.io/pmd/pmd_rules_java_codestyle.html#defaultpackage" priority="3">
Use explicit scoping instead of the default package private level
</violation>
<violation beginline="49" endline="51" begincolumn="2" endcolumn="2" rule="DefaultPackage" ruleset="Code Style" package="org.junit.platform.launcher.core" class="Root" externalInfoUrl="https://pmd.github.io/pmd/pmd_rules_java_codestyle.html#defaultpackage" priority="3">
Use explicit scoping instead of the default package private level
</violation>
<violation beginline="53" endline="61" begincolumn="2" endcolumn="2" rule="DefaultPackage" ruleset="Code Style" package="org.junit.platform.launcher.core" class="Root" externalInfoUrl="https://pmd.github.io/pmd/pmd_rules_java_codestyle.html#defaultpackage" priority="3">
Use explicit scoping instead of the default package private level
</violation>
<violation beginline="70" endline="72" begincolumn="2" endcolumn="2" rule="DefaultPackage" ruleset="Code Style" package="org.junit.platform.launcher.core" class="Root" externalInfoUrl="https://pmd.github.io/pmd/pmd_rules_java_codestyle.html#defaultpackage" priority="3">
Use explicit scoping instead of the default package private level
</violation>
</file>
<file name="C:\Users\Sokaina\Downloads\Versiones-Junit5\junit5-r5.0.2\junit-platform-launcher\src\main\java\org\junit\platform\launcher\core\ServiceLoaderTestExecutionListenerRegistry.java">
<violation beginline="30" endline="36" begincolumn="2" endcolumn="2" rule="DefaultPackage" ruleset="Code Style" package="org.junit.platform.launcher.core" class="ServiceLoaderTestExecutionListenerRegistry" externalInfoUrl="https://pmd.github.io/pmd/pmd_rules_java_codestyle.html#defaultpackage" priority="3">
Use explicit scoping instead of the default package private level
</violation>
</file>
<file name="C:\Users\Sokaina\Downloads\Versiones-Junit5\junit5-r5.0.2\junit-platform-launcher\src\main\java\org\junit\platform\launcher\core\TestExecutionListenerRegistry.java">
<violation beginline="42" endline="44" begincolumn="2" endcolumn="2" rule="DefaultPackage" ruleset="Code Style" package="org.junit.platform.launcher.core" class="TestExecutionListenerRegistry" externalInfoUrl="https://pmd.github.io/pmd/pmd_rules_java_codestyle.html#defaultpackage" priority="3">
Use explicit scoping instead of the default package private level
</violation>
<violation beginline="46" endline="48" begincolumn="2" endcolumn="2" rule="DefaultPackage" ruleset="Code Style" package="org.junit.platform.launcher.core" class="TestExecutionListenerRegistry" externalInfoUrl="https://pmd.github.io/pmd/pmd_rules_java_codestyle.html#defaultpackage" priority="3">
Use explicit scoping instead of the default package private level
</violation>
<violation beginline="54" endline="56" begincolumn="2" endcolumn="2" rule="DefaultPackage" ruleset="Code Style" package="org.junit.platform.launcher.core" class="TestExecutionListenerRegistry" externalInfoUrl="https://pmd.github.io/pmd/pmd_rules_java_codestyle.html#defaultpackage" priority="3">
Use explicit scoping instead of the default package private level
</violation>
</file>
<file name="C:\Users\Sokaina\Downloads\Versiones-Junit5\junit5-r5.0.2\junit-platform-launcher\src\main\java\org\junit\platform\launcher\listeners\LoggingListener.java">
<violation beginline="38" endline="130" begincolumn="8" endcolumn="1" rule="ClassWithOnlyPrivateConstructorsShouldBeFinal" ruleset="Design" package="org.junit.platform.launcher.listeners" class="LoggingListener" externalInfoUrl="https://pmd.github.io/pmd/pmd_rules_java_design.html#classwithonlyprivateconstructorsshouldbefinal" priority="1">
A class which only has private constructors should be final
</violation>
<violation beginline="85" endline="85" begincolumn="16" endcolumn="62" rule="FieldDeclarationsShouldBeAtStartOfClass" ruleset="Code Style" package="org.junit.platform.launcher.listeners" class="LoggingListener" variable="VariableDeclaratorId" externalInfoUrl="https://pmd.github.io/pmd/pmd_rules_java_codestyle.html#fielddeclarationsshouldbeatstartofclass" priority="3">
Fields should be declared at the top of the class, before any method declarations, constructors, initializers or inner classes.
</violation>
</file>
<file name="C:\Users\Sokaina\Downloads\Versiones-Junit5\junit5-r5.0.2\junit-platform-launcher\src\main\java\org\junit\platform\launcher\listeners\MutableTestExecutionSummary.java">
<violation beginline="35" endline="35" begincolumn="2" endcolumn="53" rule="DefaultPackage" ruleset="Code Style" package="org.junit.platform.launcher.listeners" class="MutableTestExecutionSummary" externalInfoUrl="https://pmd.github.io/pmd/pmd_rules_java_codestyle.html#defaultpackage" priority="3">
Use explicit scoping instead of the default package private level
</violation>
<violation beginline="36" endline="36" begincolumn="2" endcolumn="55" rule="DefaultPackage" ruleset="Code Style" package="org.junit.platform.launcher.listeners" class="MutableTestExecutionSummary" externalInfoUrl="https://pmd.github.io/pmd/pmd_rules_java_codestyle.html#defaultpackage" priority="3">
Use explicit scoping instead of the default package private level
</violation>
<violation beginline="37" endline="37" begincolumn="2" endcolumn="55" rule="DefaultPackage" ruleset="Code Style" package="org.junit.platform.launcher.listeners" class="MutableTestExecutionSummary" externalInfoUrl="https://pmd.github.io/pmd/pmd_rules_java_codestyle.html#defaultpackage" priority="3">
Use explicit scoping instead of the default package private level
</violation>
<violation beginline="38" endline="38" begincolumn="2" endcolumn="55" rule="DefaultPackage" ruleset="Code Style" package="org.junit.platform.launcher.listeners" class="MutableTestExecutionSummary" externalInfoUrl="https://pmd.github.io/pmd/pmd_rules_java_codestyle.html#defaultpackage" priority="3">
Use explicit scoping instead of the default package private level
</violation>
<violation beginline="39" endline="39" begincolumn="2" endcolumn="57" rule="DefaultPackage" ruleset="Code Style" package="org.junit.platform.launcher.listeners" class="MutableTestExecutionSummary" externalInfoUrl="https://pmd.github.io/pmd/pmd_rules_java_codestyle.html#defaultpackage" priority="3">
Use explicit scoping instead of the default package private level
</violation>
<violation beginline="40" endline="40" begincolumn="2" endcolumn="54" rule="DefaultPackage" ruleset="Code Style" package="org.junit.platform.launcher.listeners" class="MutableTestExecutionSummary" externalInfoUrl="https://pmd.github.io/pmd/pmd_rules_java_codestyle.html#defaultpackage" priority="3">
Use explicit scoping instead of the default package private level
</violation>
<violation beginline="42" endline="42" begincolumn="2" endcolumn="48" rule="DefaultPackage" ruleset="Code Style" package="org.junit.platform.launcher.listeners" class="MutableTestExecutionSummary" externalInfoUrl="https://pmd.github.io/pmd/pmd_rules_java_codestyle.html#defaultpackage" priority="3">
Use explicit scoping instead of the default package private level
</violation>
<violation beginline="43" endline="43" begincolumn="2" endcolumn="50" rule="DefaultPackage" ruleset="Code Style" package="org.junit.platform.launcher.listeners" class="MutableTestExecutionSummary" externalInfoUrl="https://pmd.github.io/pmd/pmd_rules_java_codestyle.html#defaultpackage" priority="3">
Use explicit scoping instead of the default package private level
</violation>
<violation beginline="44" endline="44" begincolumn="2" endcolumn="50" rule="DefaultPackage" ruleset="Code Style" package="org.junit.platform.launcher.listeners" class="MutableTestExecutionSummary" externalInfoUrl="https://pmd.github.io/pmd/pmd_rules_java_codestyle.html#defaultpackage" priority="3">
Use explicit scoping instead of the default package private level
</violation>
<violation beginline="45" endline="45" begincolumn="2" endcolumn="50" rule="DefaultPackage" ruleset="Code Style" package="org.junit.platform.launcher.listeners" class="MutableTestExecutionSummary" externalInfoUrl="https://pmd.github.io/pmd/pmd_rules_java_codestyle.html#defaultpackage" priority="3">
Use explicit scoping instead of the default package private level
</violation>
<violation beginline="46" endline="46" begincolumn="2" endcolumn="52" rule="DefaultPackage" ruleset="Code Style" package="org.junit.platform.launcher.listeners" class="MutableTestExecutionSummary" externalInfoUrl="https://pmd.github.io/pmd/pmd_rules_java_codestyle.html#defaultpackage" priority="3">
Use explicit scoping instead of the default package private level
</violation>
<violation beginline="47" endline="47" begincolumn="2" endcolumn="49" rule="DefaultPackage" ruleset="Code Style" package="org.junit.platform.launcher.listeners" class="MutableTestExecutionSummary" externalInfoUrl="https://pmd.github.io/pmd/pmd_rules_java_codestyle.html#defaultpackage" priority="3">
Use explicit scoping instead of the default package private level
</violation>
<violation beginline="52" endline="52" begincolumn="2" endcolumn="19" rule="DefaultPackage" ruleset="Code Style" package="org.junit.platform.launcher.listeners" class="MutableTestExecutionSummary" externalInfoUrl="https://pmd.github.io/pmd/pmd_rules_java_codestyle.html#defaultpackage" priority="3">
Use explicit scoping instead of the default package private level
</violation>
<violation beginline="61" endline="63" begincolumn="2" endcolumn="2" rule="DefaultPackage" ruleset="Code Style" package="org.junit.platform.launcher.listeners" class="MutableTestExecutionSummary" externalInfoUrl="https://pmd.github.io/pmd/pmd_rules_java_codestyle.html#defaultpackage" priority="3">
Use explicit scoping instead of the default package private level
</violation>
</file>
<file name="C:\Users\Sokaina\Downloads\Versiones-Junit5\junit5-r5.0.2\junit-platform-runner\src\main\java\org\junit\platform\runner\JUnitPlatform.java">
<violation beginline="11" endline="323" begincolumn="1" endcolumn="2" rule="TooManyStaticImports" ruleset="Code Style" package="org.junit.platform.runner" class="JUnitPlatform" externalInfoUrl="https://pmd.github.io/pmd/pmd_rules_java_codestyle.html#toomanystaticimports" priority="3">
Too many static imports may lead to messy code
</violation>
<violation beginline="291" endline="291" begincolumn="20" endcolumn="36" rule="UseVarargs" ruleset="Best Practices" package="org.junit.platform.runner" class="JUnitPlatform" method="trim" variable="patterns" externalInfoUrl="https://pmd.github.io/pmd/pmd_rules_java_bestpractices.html#usevarargs" priority="4">
Consider using varargs for methods or constructors which take an array the last parameter.
</violation>
</file>
<file name="C:\Users\Sokaina\Downloads\Versiones-Junit5\junit5-r5.0.2\junit-platform-runner\src\main\java\org\junit\platform\runner\JUnitPlatformRunnerListener.java">
<violation beginline="84" endline="84" begincolumn="3" endcolumn="20" rule="SystemPrintln" ruleset="Best Practices" package="org.junit.platform.runner" class="JUnitPlatformRunnerListener" method="reportingEntryPublished" externalInfoUrl="https://pmd.github.io/pmd/pmd_rules_java_bestpractices.html#systemprintln" priority="2">
System.out.println is used
</violation>
</file>
<file name="C:\Users\Sokaina\Downloads\Versiones-Junit5\junit5-r5.0.2\junit-platform-runner\src\main\java\org\junit\platform\runner\JUnitPlatformTestTree.java">
<violation beginline="55" endline="57" begincolumn="2" endcolumn="2" rule="DefaultPackage" ruleset="Code Style" package="org.junit.platform.runner" class="JUnitPlatformTestTree" externalInfoUrl="https://pmd.github.io/pmd/pmd_rules_java_codestyle.html#defaultpackage" priority="3">
Use explicit scoping instead of the default package private level
</violation>
<violation beginline="59" endline="61" begincolumn="2" endcolumn="2" rule="DefaultPackage" ruleset="Code Style" package="org.junit.platform.runner" class="JUnitPlatformTestTree" externalInfoUrl="https://pmd.github.io/pmd/pmd_rules_java_codestyle.html#defaultpackage" priority="3">
Use explicit scoping instead of the default package private level
</violation>
<violation beginline="73" endline="77" begincolumn="2" endcolumn="2" rule="DefaultPackage" ruleset="Code Style" package="org.junit.platform.runner" class="JUnitPlatformTestTree" externalInfoUrl="https://pmd.github.io/pmd/pmd_rules_java_codestyle.html#defaultpackage" priority="3">
Use explicit scoping instead of the default package private level
</violation>
<violation beginline="117" endline="123" begincolumn="2" endcolumn="2" rule="DefaultPackage" ruleset="Code Style" package="org.junit.platform.runner" class="JUnitPlatformTestTree" externalInfoUrl="https://pmd.github.io/pmd/pmd_rules_java_codestyle.html#defaultpackage" priority="3">
Use explicit scoping instead of the default package private level
</violation>
<violation beginline="125" endline="128" begincolumn="2" endcolumn="2" rule="DefaultPackage" ruleset="Code Style" package="org.junit.platform.runner" class="JUnitPlatformTestTree" externalInfoUrl="https://pmd.github.io/pmd/pmd_rules_java_codestyle.html#defaultpackage" priority="3">
Use explicit scoping instead of the default package private level
</violation>
</file>
<file name="C:\Users\Sokaina\Downloads\Versiones-Junit5\junit5-r5.0.2\junit-platform-surefire-provider\src\main\java\org\junit\platform\surefire\provider\JUnitPlatformProvider.java">
<violation beginline="66" endline="66" begincolumn="2" endcolumn="55" rule="DefaultPackage" ruleset="Code Style" package="org.junit.platform.surefire.provider" class="JUnitPlatformProvider" externalInfoUrl="https://pmd.github.io/pmd/pmd_rules_java_codestyle.html#defaultpackage" priority="3">
Use explicit scoping instead of the default package private level
</violation>
<violation beginline="67" endline="67" begincolumn="2" endcolumn="50" rule="DefaultPackage" ruleset="Code Style" package="org.junit.platform.surefire.provider" class="JUnitPlatformProvider" externalInfoUrl="https://pmd.github.io/pmd/pmd_rules_java_codestyle.html#defaultpackage" priority="3">
Use explicit scoping instead of the default package private level
</violation>
<violation beginline="68" endline="68" begincolumn="2" endcolumn="47" rule="DefaultPackage" ruleset="Code Style" package="org.junit.platform.surefire.provider" class="JUnitPlatformProvider" externalInfoUrl="https://pmd.github.io/pmd/pmd_rules_java_codestyle.html#defaultpackage" priority="3">
Use explicit scoping instead of the default package private level
</violation>
<violation beginline="69" endline="69" begincolumn="2" endcolumn="50" rule="DefaultPackage" ruleset="Code Style" package="org.junit.platform.surefire.provider" class="JUnitPlatformProvider" externalInfoUrl="https://pmd.github.io/pmd/pmd_rules_java_codestyle.html#defaultpackage" priority="3">
Use explicit scoping instead of the default package private level
</violation>
<violation beginline="71" endline="71" begincolumn="2" endcolumn="74" rule="DefaultPackage" ruleset="Code Style" package="org.junit.platform.surefire.provider" class="JUnitPlatformProvider" externalInfoUrl="https://pmd.github.io/pmd/pmd_rules_java_codestyle.html#defaultpackage" priority="3">
Use explicit scoping instead of the default package private level
</violation>
<violation beginline="73" endline="75" begincolumn="2" endcolumn="65" rule="DefaultPackage" ruleset="Code Style" package="org.junit.platform.surefire.provider" class="JUnitPlatformProvider" externalInfoUrl="https://pmd.github.io/pmd/pmd_rules_java_codestyle.html#defaultpackage" priority="3">
Use explicit scoping instead of the default package private level
</violation>
<violation beginline="79" endline="79" begincolumn="2" endcolumn="44" rule="DefaultPackage" ruleset="Code Style" package="org.junit.platform.surefire.provider" class="JUnitPlatformProvider" externalInfoUrl="https://pmd.github.io/pmd/pmd_rules_java_codestyle.html#defaultpackage" priority="3">
Use explicit scoping instead of the default package private level
</violation>
<violation beginline="80" endline="80" begincolumn="2" endcolumn="51" rule="DefaultPackage" ruleset="Code Style" package="org.junit.platform.surefire.provider" class="JUnitPlatformProvider" externalInfoUrl="https://pmd.github.io/pmd/pmd_rules_java_codestyle.html#defaultpackage" priority="3">
Use explicit scoping instead of the default package private level
</violation>
<violation beginline="164" endline="164" begincolumn="10" endcolumn="55" rule="OptimizableToArrayCall" ruleset="Performance" package="org.junit.platform.surefire.provider" class="JUnitPlatformProvider" method="getIncludeAndExcludeFilters" externalInfoUrl="https://pmd.github.io/pmd/pmd_rules_java_performance.html#optimizabletoarraycall" priority="3">
This call to Collection.toArray() may be optimizable
</violation>
</file>
<file name="C:\Users\Sokaina\Downloads\Versiones-Junit5\junit5-r5.0.2\junit-platform-surefire-provider\src\main\java\org\junit\platform\surefire\provider\TestPlanScannerFilter.java">
<violation beginline="36" endline="36" begincolumn="43" endcolumn="78" rule="UseVarargs" ruleset="Best Practices" package="org.junit.platform.surefire.provider" class="TestPlanScannerFilter" method="TestPlanScannerFilter" variable="includeAndExcludeFilters" externalInfoUrl="https://pmd.github.io/pmd/pmd_rules_java_bestpractices.html#usevarargs" priority="4">
Consider using varargs for methods or constructors which take an array the last parameter.
</violation>
<violation beginline="36" endline="36" begincolumn="43" endcolumn="78" rule="ArrayIsStoredDirectly" ruleset="Best Practices" package="org.junit.platform.surefire.provider" class="TestPlanScannerFilter" method="TestPlanScannerFilter" variable="includeAndExcludeFilters" externalInfoUrl="https://pmd.github.io/pmd/pmd_rules_java_bestpractices.html#arrayisstoreddirectly" priority="3">
The user-supplied array 'includeAndExcludeFilters' is stored directly.
</violation>
</file>
<file name="C:\Users\Sokaina\Downloads\Versiones-Junit5\junit5-r5.0.2\junit-platform-surefire-provider\src\test\java\org\junit\platform\surefire\provider\JUnitPlatformProviderTests.java">
<violation beginline="17" endline="432" begincolumn="1" endcolumn="2" rule="TooManyStaticImports" ruleset="Code Style" package="org.junit.platform.surefire.provider" class="JUnitPlatformProviderTests" externalInfoUrl="https://pmd.github.io/pmd/pmd_rules_java_codestyle.html#toomanystaticimports" priority="3">
Too many static imports may lead to messy code
</violation>
<violation beginline="71" endline="71" begincolumn="47" endcolumn="55" rule="SignatureDeclareThrowsException" ruleset="Design" package="org.junit.platform.surefire.provider" class="JUnitPlatformProviderTests" method="getSuitesReturnsScannedClasses" externalInfoUrl="https://pmd.github.io/pmd/pmd_rules_java_design.html#signaturedeclarethrowsexception" priority="3">
A method/constructor should not explicitly throw java.lang.Exception
</violation>
<violation beginline="75" endline="75" begincolumn="3" endcolumn="12" rule="JUnitAssertionsShouldIncludeMessage" ruleset="Best Practices" package="org.junit.platform.surefire.provider" class="JUnitPlatformProviderTests" method="getSuitesReturnsScannedClasses" externalInfoUrl="https://pmd.github.io/pmd/pmd_rules_java_bestpractices.html#junitassertionsshouldincludemessage" priority="3">
JUnit assertions should include a message
</violation>
<violation beginline="79" endline="79" begincolumn="48" endcolumn="56" rule="SignatureDeclareThrowsException" ruleset="Design" package="org.junit.platform.surefire.provider" class="JUnitPlatformProviderTests" method="invokeThrowsForWrongForkTestSet" externalInfoUrl="https://pmd.github.io/pmd/pmd_rules_java_design.html#signaturedeclarethrowsexception" priority="3">
A method/constructor should not explicitly throw java.lang.Exception
</violation>
<violation beginline="87" endline="87" begincolumn="45" endcolumn="53" rule="SignatureDeclareThrowsException" ruleset="Design" package="org.junit.platform.surefire.provider" class="JUnitPlatformProviderTests" method="allGivenTestsToRunAreInvoked" externalInfoUrl="https://pmd.github.io/pmd/pmd_rules_java_design.html#signaturedeclarethrowsexception" priority="3">
A method/constructor should not explicitly throw java.lang.Exception
</violation>
<violation beginline="103" endline="103" begincolumn="41" endcolumn="49" rule="SignatureDeclareThrowsException" ruleset="Design" package="org.junit.platform.surefire.provider" class="JUnitPlatformProviderTests" method="singleTestClassIsInvoked" externalInfoUrl="https://pmd.github.io/pmd/pmd_rules_java_design.html#signaturedeclarethrowsexception" priority="3">
A method/constructor should not explicitly throw java.lang.Exception
</violation>
<violation beginline="117" endline="117" begincolumn="60" endcolumn="68" rule="SignatureDeclareThrowsException" ruleset="Design" package="org.junit.platform.surefire.provider" class="JUnitPlatformProviderTests" method="allDiscoveredTestsAreInvokedForNullArgument" externalInfoUrl="https://pmd.github.io/pmd/pmd_rules_java_design.html#signaturedeclarethrowsexception" priority="3">
A method/constructor should not explicitly throw java.lang.Exception
</violation>
<violation beginline="133" endline="133" begincolumn="33" endcolumn="41" rule="SignatureDeclareThrowsException" ruleset="Design" package="org.junit.platform.surefire.provider" class="JUnitPlatformProviderTests" method="outputIsCaptured" externalInfoUrl="https://pmd.github.io/pmd/pmd_rules_java_design.html#signaturedeclarethrowsexception" priority="3">
A method/constructor should not explicitly throw java.lang.Exception
</violation>
<violation beginline="146" endline="146" begincolumn="3" endcolumn="12" rule="JUnitAssertionsShouldIncludeMessage" ruleset="Best Practices" package="org.junit.platform.surefire.provider" class="JUnitPlatformProviderTests" method="outputIsCaptured" externalInfoUrl="https://pmd.github.io/pmd/pmd_rules_java_bestpractices.html#junitassertionsshouldincludemessage" priority="3">
JUnit assertions should include a message
</violation>
<violation beginline="156" endline="156" begincolumn="54" endcolumn="69" rule="AvoidDuplicateLiterals" ruleset="Error Prone" package="org.junit.platform.surefire.provider" class="JUnitPlatformProviderTests" method="bothGroupsAndIncludeTagsThrowsException" externalInfoUrl="https://pmd.github.io/pmd/pmd_rules_java_errorprone.html#avoidduplicateliterals" priority="3">
The String literal "tagOne, tagTwo" appears 4 times in this file; the first occurrence is on line 156
</violation>
<violation beginline="169" endline="169" begincolumn="37" endcolumn="45" rule="SignatureDeclareThrowsException" ruleset="Design" package="org.junit.platform.surefire.provider" class="JUnitPlatformProviderTests" method="onlyGroupsIsDeclared" externalInfoUrl="https://pmd.github.io/pmd/pmd_rules_java_design.html#signaturedeclarethrowsexception" priority="3">
A method/constructor should not explicitly throw java.lang.Exception
</violation>
<violation beginline="178" endline="178" begincolumn="3" endcolumn="14" rule="JUnitAssertionsShouldIncludeMessage" ruleset="Best Practices" package="org.junit.platform.surefire.provider" class="JUnitPlatformProviderTests" method="onlyGroupsIsDeclared" externalInfoUrl="https://pmd.github.io/pmd/pmd_rules_java_bestpractices.html#junitassertionsshouldincludemessage" priority="3">
JUnit assertions should include a message
</violation>
<violation beginline="182" endline="182" begincolumn="42" endcolumn="50" rule="SignatureDeclareThrowsException" ruleset="Design" package="org.junit.platform.surefire.provider" class="JUnitPlatformProviderTests" method="onlyExcludeTagsIsDeclared" externalInfoUrl="https://pmd.github.io/pmd/pmd_rules_java_design.html#signaturedeclarethrowsexception" priority="3">
A method/constructor should not explicitly throw java.lang.Exception
</violation>
<violation beginline="191" endline="191" begincolumn="3" endcolumn="14" rule="JUnitAssertionsShouldIncludeMessage" ruleset="Best Practices" package="org.junit.platform.surefire.provider" class="JUnitPlatformProviderTests" method="onlyExcludeTagsIsDeclared" externalInfoUrl="https://pmd.github.io/pmd/pmd_rules_java_bestpractices.html#junitassertionsshouldincludemessage" priority="3">
JUnit assertions should include a message
</violation>
<violation beginline="195" endline="195" begincolumn="50" endcolumn="58" rule="SignatureDeclareThrowsException" ruleset="Design" package="org.junit.platform.surefire.provider" class="JUnitPlatformProviderTests" method="noFiltersAreCreatedIfTagsAreEmpty" externalInfoUrl="https://pmd.github.io/pmd/pmd_rules_java_design.html#signaturedeclarethrowsexception" priority="3">
A method/constructor should not explicitly throw java.lang.Exception
</violation>
<violation beginline="204" endline="204" begincolumn="3" endcolumn="14" rule="JUnitAssertionsShouldIncludeMessage" ruleset="Best Practices" package="org.junit.platform.surefire.provider" class="JUnitPlatformProviderTests" method="noFiltersAreCreatedIfTagsAreEmpty" externalInfoUrl="https://pmd.github.io/pmd/pmd_rules_java_bestpractices.html#junitassertionsshouldincludemessage" priority="3">
JUnit assertions should include a message
</violation>
<violation beginline="208" endline="208" begincolumn="53" endcolumn="61" rule="SignatureDeclareThrowsException" ruleset="Design" package="org.junit.platform.surefire.provider" class="JUnitPlatformProviderTests" method="filtersWithEmptyTagsAreNotRegistered" externalInfoUrl="https://pmd.github.io/pmd/pmd_rules_java_design.html#signaturedeclarethrowsexception" priority="3">
A method/constructor should not explicitly throw java.lang.Exception
</violation>
<violation beginline="219" endline="219" begincolumn="3" endcolumn="14" rule="JUnitAssertionsShouldIncludeMessage" ruleset="Best Practices" package="org.junit.platform.surefire.provider" class="JUnitPlatformProviderTests" method="filtersWithEmptyTagsAreNotRegistered" externalInfoUrl="https://pmd.github.io/pmd/pmd_rules_java_bestpractices.html#junitassertionsshouldincludemessage" priority="3">
JUnit assertions should include a message
</violation>
<violation beginline="223" endline="223" begincolumn="48" endcolumn="56" rule="SignatureDeclareThrowsException" ruleset="Design" package="org.junit.platform.surefire.provider" class="JUnitPlatformProviderTests" method="bothIncludeAndExcludeAreAllowed" externalInfoUrl="https://pmd.github.io/pmd/pmd_rules_java_design.html#signaturedeclarethrowsexception" priority="3">
A method/constructor should not explicitly throw java.lang.Exception
</violation>
<violation beginline="233" endline="233" begincolumn="3" endcolumn="14" rule="JUnitAssertionsShouldIncludeMessage" ruleset="Best Practices" package="org.junit.platform.surefire.provider" class="JUnitPlatformProviderTests" method="bothIncludeAndExcludeAreAllowed" externalInfoUrl="https://pmd.github.io/pmd/pmd_rules_java_bestpractices.html#junitassertionsshouldincludemessage" priority="3">
JUnit assertions should include a message
</violation>
<violation beginline="237" endline="237" begincolumn="61" endcolumn="69" rule="SignatureDeclareThrowsException" ruleset="Design" package="org.junit.platform.surefire.provider" class="JUnitPlatformProviderTests" method="noFiltersAreCreatedIfNoPropertiesAreDeclared" externalInfoUrl="https://pmd.github.io/pmd/pmd_rules_java_design.html#signaturedeclarethrowsexception" priority="3">
A method/constructor should not explicitly throw java.lang.Exception
</violation>
<violation beginline="242" endline="242" begincolumn="3" endcolumn="14" rule="JUnitAssertionsShouldIncludeMessage" ruleset="Best Practices" package="org.junit.platform.surefire.provider" class="JUnitPlatformProviderTests" method="noFiltersAreCreatedIfNoPropertiesAreDeclared" externalInfoUrl="https://pmd.github.io/pmd/pmd_rules_java_bestpractices.html#junitassertionsshouldincludemessage" priority="3">
JUnit assertions should include a message
</violation>
<violation beginline="252" endline="252" begincolumn="3" endcolumn="12" rule="JUnitAssertionsShouldIncludeMessage" ruleset="Best Practices" package="org.junit.platform.surefire.provider" class="JUnitPlatformProviderTests" method="defaultConfigurationParametersAreEmpty" externalInfoUrl="https://pmd.github.io/pmd/pmd_rules_java_bestpractices.html#junitassertionsshouldincludemessage" priority="3">
JUnit assertions should include a message
</violation>
<violation beginline="256" endline="268" begincolumn="2" endcolumn="2" rule="JUnitTestContainsTooManyAsserts" ruleset="Best Practices" package="org.junit.platform.surefire.provider" class="JUnitPlatformProviderTests" method="parsesConfigurationParameters" externalInfoUrl="https://pmd.github.io/pmd/pmd_rules_java_bestpractices.html#junittestcontainstoomanyasserts" priority="3">
Unit tests should not contain more than 1 assert(s).
</violation>
<violation beginline="263" endline="263" begincolumn="3" endcolumn="14" rule="JUnitAssertionsShouldIncludeMessage" ruleset="Best Practices" package="org.junit.platform.surefire.provider" class="JUnitPlatformProviderTests" method="parsesConfigurationParameters" externalInfoUrl="https://pmd.github.io/pmd/pmd_rules_java_bestpractices.html#junitassertionsshouldincludemessage" priority="3">
JUnit assertions should include a message
</violation>
<violation beginline="264" endline="264" begincolumn="3" endcolumn="14" rule="JUnitAssertionsShouldIncludeMessage" ruleset="Best Practices" package="org.junit.platform.surefire.provider" class="JUnitPlatformProviderTests" method="parsesConfigurationParameters" externalInfoUrl="https://pmd.github.io/pmd/pmd_rules_java_bestpractices.html#junitassertionsshouldincludemessage" priority="3">
JUnit assertions should include a message
</violation>
<violation beginline="265" endline="265" begincolumn="3" endcolumn="14" rule="JUnitAssertionsShouldIncludeMessage" ruleset="Best Practices" package="org.junit.platform.surefire.provider" class="JUnitPlatformProviderTests" method="parsesConfigurationParameters" externalInfoUrl="https://pmd.github.io/pmd/pmd_rules_java_bestpractices.html#junitassertionsshouldincludemessage" priority="3">
JUnit assertions should include a message
</violation>
<violation beginline="266" endline="266" begincolumn="3" endcolumn="14" rule="JUnitAssertionsShouldIncludeMessage" ruleset="Best Practices" package="org.junit.platform.surefire.provider" class="JUnitPlatformProviderTests" method="parsesConfigurationParameters" externalInfoUrl="https://pmd.github.io/pmd/pmd_rules_java_bestpractices.html#junitassertionsshouldincludemessage" priority="3">
JUnit assertions should include a message
</violation>
<violation beginline="267" endline="267" begincolumn="3" endcolumn="14" rule="JUnitAssertionsShouldIncludeMessage" ruleset="Best Practices" package="org.junit.platform.surefire.provider" class="JUnitPlatformProviderTests" method="parsesConfigurationParameters" externalInfoUrl="https://pmd.github.io/pmd/pmd_rules_java_bestpractices.html#junitassertionsshouldincludemessage" priority="3">
JUnit assertions should include a message
</violation>
<violation beginline="277" endline="277" begincolumn="3" endcolumn="14" rule="JUnitAssertionsShouldIncludeMessage" ruleset="Best Practices" package="org.junit.platform.surefire.provider" class="JUnitPlatformProviderTests" method="verifyPreconditionViolationException" externalInfoUrl="https://pmd.github.io/pmd/pmd_rules_java_bestpractices.html#junitassertionsshouldincludemessage" priority="3">
JUnit assertions should include a message
</violation>
<violation beginline="312" endline="312" begincolumn="3" endcolumn="65" rule="DefaultPackage" ruleset="Code Style" package="org.junit.platform.surefire.provider" class="JUnitPlatformProviderTests$TestPlanSummaryListener" externalInfoUrl="https://pmd.github.io/pmd/pmd_rules_java_codestyle.html#defaultpackage" priority="3">
Use explicit scoping instead of the default package private level
</violation>
<violation beginline="327" endline="327" begincolumn="15" endcolumn="23" rule="CloseResource" ruleset="Error Prone" package="org.junit.platform.surefire.provider" class="JUnitPlatformProviderTests" method="invokeProvider" variable="systemOut" externalInfoUrl="https://pmd.github.io/pmd/pmd_rules_java_errorprone.html#closeresource" priority="3">
Ensure that resources like this PrintStream object are closed after use
</violation>
<violation beginline="328" endline="328" begincolumn="15" endcolumn="23" rule="CloseResource" ruleset="Error Prone" package="org.junit.platform.surefire.provider" class="JUnitPlatformProviderTests" method="invokeProvider" variable="systemErr" externalInfoUrl="https://pmd.github.io/pmd/pmd_rules_java_errorprone.html#closeresource" priority="3">
Ensure that resources like this PrintStream object are closed after use
</violation>
<violation beginline="341" endline="342" begincolumn="16" endcolumn="3" rule="UncommentedEmptyMethodBody" ruleset="Documentation" package="org.junit.platform.surefire.provider" class="JUnitPlatformProviderTests$TestClass1" method="test1" externalInfoUrl="https://pmd.github.io/pmd/pmd_rules_java_documentation.html#uncommentedemptymethodbody" priority="3">
Document empty method body
</violation>
<violation beginline="341" endline="342" begincolumn="3" endcolumn="3" rule="JUnitTestsShouldIncludeAssert" ruleset="Best Practices" package="org.junit.platform.surefire.provider" class="JUnitPlatformProviderTests$TestClass1" method="test1" externalInfoUrl="https://pmd.github.io/pmd/pmd_rules_java_bestpractices.html#junittestsshouldincludeassert" priority="3">
JUnit tests should include assert() or fail()
</violation>
<violation beginline="345" endline="346" begincolumn="16" endcolumn="3" rule="UncommentedEmptyMethodBody" ruleset="Documentation" package="org.junit.platform.surefire.provider" class="JUnitPlatformProviderTests$TestClass1" method="test2" externalInfoUrl="https://pmd.github.io/pmd/pmd_rules_java_documentation.html#uncommentedemptymethodbody" priority="3">
Document empty method body
</violation>
<violation beginline="345" endline="346" begincolumn="3" endcolumn="3" rule="JUnitTestsShouldIncludeAssert" ruleset="Best Practices" package="org.junit.platform.surefire.provider" class="JUnitPlatformProviderTests$TestClass1" method="test2" externalInfoUrl="https://pmd.github.io/pmd/pmd_rules_java_bestpractices.html#junittestsshouldincludeassert" priority="3">
JUnit tests should include assert() or fail()
</violation>
<violation beginline="350" endline="351" begincolumn="16" endcolumn="3" rule="UncommentedEmptyMethodBody" ruleset="Documentation" package="org.junit.platform.surefire.provider" class="JUnitPlatformProviderTests$TestClass1" method="test3" externalInfoUrl="https://pmd.github.io/pmd/pmd_rules_java_documentation.html#uncommentedemptymethodbody" priority="3">
Document empty method body
</violation>
<violation beginline="350" endline="351" begincolumn="3" endcolumn="3" rule="JUnitTestsShouldIncludeAssert" ruleset="Best Practices" package="org.junit.platform.surefire.provider" class="JUnitPlatformProviderTests$TestClass1" method="test3" externalInfoUrl="https://pmd.github.io/pmd/pmd_rules_java_bestpractices.html#junittestsshouldincludeassert" priority="3">
JUnit tests should include assert() or fail()
</violation>
<violation beginline="354" endline="356" begincolumn="3" endcolumn="3" rule="JUnitTestsShouldIncludeAssert" ruleset="Best Practices" package="org.junit.platform.surefire.provider" class="JUnitPlatformProviderTests$TestClass1" method="test4" externalInfoUrl="https://pmd.github.io/pmd/pmd_rules_java_bestpractices.html#junittestsshouldincludeassert" priority="3">
JUnit tests should include assert() or fail()
</violation>
<violation beginline="355" endline="355" begincolumn="14" endcolumn="29" rule="AvoidThrowingRawExceptionTypes" ruleset="Design" package="org.junit.platform.surefire.provider" class="JUnitPlatformProviderTests$TestClass1" method="test4" externalInfoUrl="https://pmd.github.io/pmd/pmd_rules_java_design.html#avoidthrowingrawexceptiontypes" priority="1">
Avoid throwing raw exception types.
</violation>
<violation beginline="358" endline="365" begincolumn="3" endcolumn="3" rule="DefaultPackage" ruleset="Code Style" package="org.junit.platform.surefire.provider" class="JUnitPlatformProviderTests$TestClass1" externalInfoUrl="https://pmd.github.io/pmd/pmd_rules_java_codestyle.html#defaultpackage" priority="3">
Use explicit scoping instead of the default package private level
</violation>
<violation beginline="359" endline="359" begincolumn="4" endcolumn="15" rule="JUnitAssertionsShouldIncludeMessage" ruleset="Best Practices" package="org.junit.platform.surefire.provider" class="JUnitPlatformProviderTests$TestClass1" method="verifyExecutionSummary" externalInfoUrl="https://pmd.github.io/pmd/pmd_rules_java_bestpractices.html#junitassertionsshouldincludemessage" priority="3">
JUnit assertions should include a message
</violation>
<violation beginline="360" endline="360" begincolumn="4" endcolumn="15" rule="JUnitAssertionsShouldIncludeMessage" ruleset="Best Practices" package="org.junit.platform.surefire.provider" class="JUnitPlatformProviderTests$TestClass1" method="verifyExecutionSummary" externalInfoUrl="https://pmd.github.io/pmd/pmd_rules_java_bestpractices.html#junitassertionsshouldincludemessage" priority="3">
JUnit assertions should include a message
</violation>
<violation beginline="361" endline="361" begincolumn="4" endcolumn="15" rule="JUnitAssertionsShouldIncludeMessage" ruleset="Best Practices" package="org.junit.platform.surefire.provider" class="JUnitPlatformProviderTests$TestClass1" method="verifyExecutionSummary" externalInfoUrl="https://pmd.github.io/pmd/pmd_rules_java_bestpractices.html#junitassertionsshouldincludemessage" priority="3">
JUnit assertions should include a message
</violation>
<violation beginline="362" endline="362" begincolumn="4" endcolumn="15" rule="JUnitAssertionsShouldIncludeMessage" ruleset="Best Practices" package="org.junit.platform.surefire.provider" class="JUnitPlatformProviderTests$TestClass1" method="verifyExecutionSummary" externalInfoUrl="https://pmd.github.io/pmd/pmd_rules_java_bestpractices.html#junitassertionsshouldincludemessage" priority="3">
JUnit assertions should include a message
</violation>
<violation beginline="363" endline="363" begincolumn="4" endcolumn="15" rule="JUnitAssertionsShouldIncludeMessage" ruleset="Best Practices" package="org.junit.platform.surefire.provider" class="JUnitPlatformProviderTests$TestClass1" method="verifyExecutionSummary" externalInfoUrl="https://pmd.github.io/pmd/pmd_rules_java_bestpractices.html#junitassertionsshouldincludemessage" priority="3">
JUnit assertions should include a message
</violation>
<violation beginline="364" endline="364" begincolumn="4" endcolumn="15" rule="JUnitAssertionsShouldIncludeMessage" ruleset="Best Practices" package="org.junit.platform.surefire.provider" class="JUnitPlatformProviderTests$TestClass1" method="verifyExecutionSummary" externalInfoUrl="https://pmd.github.io/pmd/pmd_rules_java_bestpractices.html#junitassertionsshouldincludemessage" priority="3">
JUnit assertions should include a message
</violation>
<violation beginline="371" endline="372" begincolumn="16" endcolumn="3" rule="UncommentedEmptyMethodBody" ruleset="Documentation" package="org.junit.platform.surefire.provider" class="JUnitPlatformProviderTests$TestClass2" method="test1" externalInfoUrl="https://pmd.github.io/pmd/pmd_rules_java_documentation.html#uncommentedemptymethodbody" priority="3">
Document empty method body
</violation>
<violation beginline="371" endline="372" begincolumn="3" endcolumn="3" rule="JUnitTestsShouldIncludeAssert" ruleset="Best Practices" package="org.junit.platform.surefire.provider" class="JUnitPlatformProviderTests$TestClass2" method="test1" externalInfoUrl="https://pmd.github.io/pmd/pmd_rules_java_bestpractices.html#junittestsshouldincludeassert" priority="3">
JUnit tests should include assert() or fail()
</violation>
<violation beginline="375" endline="377" begincolumn="3" endcolumn="3" rule="JUnitTestsShouldIncludeAssert" ruleset="Best Practices" package="org.junit.platform.surefire.provider" class="JUnitPlatformProviderTests$TestClass2" method="test2" externalInfoUrl="https://pmd.github.io/pmd/pmd_rules_java_bestpractices.html#junittestsshouldincludeassert" priority="3">
JUnit tests should include assert() or fail()
</violation>
<violation beginline="376" endline="376" begincolumn="14" endcolumn="29" rule="AvoidThrowingRawExceptionTypes" ruleset="Design" package="org.junit.platform.surefire.provider" class="JUnitPlatformProviderTests$TestClass2" method="test2" externalInfoUrl="https://pmd.github.io/pmd/pmd_rules_java_design.html#avoidthrowingrawexceptiontypes" priority="1">
Avoid throwing raw exception types.
</violation>
<violation beginline="380" endline="382" begincolumn="3" endcolumn="3" rule="JUnitTestsShouldIncludeAssert" ruleset="Best Practices" package="org.junit.platform.surefire.provider" class="JUnitPlatformProviderTests$TestClass2" method="test3" externalInfoUrl="https://pmd.github.io/pmd/pmd_rules_java_bestpractices.html#junittestsshouldincludeassert" priority="3">
JUnit tests should include assert() or fail()
</violation>
<violation beginline="384" endline="391" begincolumn="3" endcolumn="3" rule="DefaultPackage" ruleset="Code Style" package="org.junit.platform.surefire.provider" class="JUnitPlatformProviderTests$TestClass2" externalInfoUrl="https://pmd.github.io/pmd/pmd_rules_java_codestyle.html#defaultpackage" priority="3">
Use explicit scoping instead of the default package private level
</violation>
<violation beginline="385" endline="385" begincolumn="4" endcolumn="15" rule="JUnitAssertionsShouldIncludeMessage" ruleset="Best Practices" package="org.junit.platform.surefire.provider" class="JUnitPlatformProviderTests$TestClass2" method="verifyExecutionSummary" externalInfoUrl="https://pmd.github.io/pmd/pmd_rules_java_bestpractices.html#junitassertionsshouldincludemessage" priority="3">
JUnit assertions should include a message
</violation>
<violation beginline="386" endline="386" begincolumn="4" endcolumn="15" rule="JUnitAssertionsShouldIncludeMessage" ruleset="Best Practices" package="org.junit.platform.surefire.provider" class="JUnitPlatformProviderTests$TestClass2" method="verifyExecutionSummary" externalInfoUrl="https://pmd.github.io/pmd/pmd_rules_java_bestpractices.html#junitassertionsshouldincludemessage" priority="3">
JUnit assertions should include a message
</violation>
<violation beginline="387" endline="387" begincolumn="4" endcolumn="15" rule="JUnitAssertionsShouldIncludeMessage" ruleset="Best Practices" package="org.junit.platform.surefire.provider" class="JUnitPlatformProviderTests$TestClass2" method="verifyExecutionSummary" externalInfoUrl="https://pmd.github.io/pmd/pmd_rules_java_bestpractices.html#junitassertionsshouldincludemessage" priority="3">
JUnit assertions should include a message
</violation>
<violation beginline="388" endline="388" begincolumn="4" endcolumn="15" rule="JUnitAssertionsShouldIncludeMessage" ruleset="Best Practices" package="org.junit.platform.surefire.provider" class="JUnitPlatformProviderTests$TestClass2" method="verifyExecutionSummary" externalInfoUrl="https://pmd.github.io/pmd/pmd_rules_java_bestpractices.html#junitassertionsshouldincludemessage" priority="3">
JUnit assertions should include a message
</violation>
<violation beginline="389" endline="389" begincolumn="4" endcolumn="15" rule="JUnitAssertionsShouldIncludeMessage" ruleset="Best Practices" package="org.junit.platform.surefire.provider" class="JUnitPlatformProviderTests$TestClass2" method="verifyExecutionSummary" externalInfoUrl="https://pmd.github.io/pmd/pmd_rules_java_bestpractices.html#junitassertionsshouldincludemessage" priority="3">
JUnit assertions should include a message
</violation>
<violation beginline="390" endline="390" begincolumn="4" endcolumn="15" rule="JUnitAssertionsShouldIncludeMessage" ruleset="Best Practices" package="org.junit.platform.surefire.provider" class="JUnitPlatformProviderTests$TestClass2" method="verifyExecutionSummary" externalInfoUrl="https://pmd.github.io/pmd/pmd_rules_java_bestpractices.html#junitassertionsshouldincludemessage" priority="3">
JUnit assertions should include a message
</violation>
<violation beginline="396" endline="399" begincolumn="3" endcolumn="3" rule="JUnitTestsShouldIncludeAssert" ruleset="Best Practices" package="org.junit.platform.surefire.provider" class="JUnitPlatformProviderTests$VerboseTestClass" method="test" externalInfoUrl="https://pmd.github.io/pmd/pmd_rules_java_bestpractices.html#junittestsshouldincludeassert" priority="3">
JUnit tests should include assert() or fail()
</violation>
<violation beginline="397" endline="397" begincolumn="4" endcolumn="21" rule="SystemPrintln" ruleset="Best Practices" package="org.junit.platform.surefire.provider" class="JUnitPlatformProviderTests$VerboseTestClass" method="test" externalInfoUrl="https://pmd.github.io/pmd/pmd_rules_java_bestpractices.html#systemprintln" priority="2">
System.out.println is used
</violation>
<violation beginline="398" endline="398" begincolumn="4" endcolumn="21" rule="SystemPrintln" ruleset="Best Practices" package="org.junit.platform.surefire.provider" class="JUnitPlatformProviderTests$VerboseTestClass" method="test" externalInfoUrl="https://pmd.github.io/pmd/pmd_rules_java_bestpractices.html#systemprintln" priority="2">
System.err.println is used
</violation>
<violation beginline="423" endline="424" begincolumn="15" endcolumn="3" rule="UncommentedEmptyMethodBody" ruleset="Documentation" package="org.junit.platform.surefire.provider" class="JUnitPlatformProviderTests$AbstractTestClass" method="test" externalInfoUrl="https://pmd.github.io/pmd/pmd_rules_java_documentation.html#uncommentedemptymethodbody" priority="3">
Document empty method body
</violation>
<violation beginline="423" endline="424" begincolumn="3" endcolumn="3" rule="JUnitTestsShouldIncludeAssert" ruleset="Best Practices" package="org.junit.platform.surefire.provider" class="JUnitPlatformProviderTests$AbstractTestClass" method="test" externalInfoUrl="https://pmd.github.io/pmd/pmd_rules_java_bestpractices.html#junittestsshouldincludeassert" priority="3">
JUnit tests should include assert() or fail()
</violation>
</file>
<file name="C:\Users\Sokaina\Downloads\Versiones-Junit5\junit5-r5.0.2\junit-platform-surefire-provider\src\test\java\org\junit\platform\surefire\provider\RunListenerAdapterTests.java">
<violation beginline="17" endline="324" begincolumn="1" endcolumn="2" rule="TooManyStaticImports" ruleset="Code Style" package="org.junit.platform.surefire.provider" class="RunListenerAdapterTests" externalInfoUrl="https://pmd.github.io/pmd/pmd_rules_java_codestyle.html#toomanystaticimports" priority="3">
Too many static imports may lead to messy code
</violation>
<violation beginline="66" endline="66" begincolumn="67" endcolumn="75" rule="SignatureDeclareThrowsException" ruleset="Design" package="org.junit.platform.surefire.provider" class="RunListenerAdapterTests" method="notifiedWithCorrectNamesWhenMethodExecutionStarted" externalInfoUrl="https://pmd.github.io/pmd/pmd_rules_java_design.html#signaturedeclarethrowsexception" priority="3">
A method/constructor should not explicitly throw java.lang.Exception
</violation>
<violation beginline="66" endline="82" begincolumn="2" endcolumn="2" rule="JUnitTestContainsTooManyAsserts" ruleset="Best Practices" package="org.junit.platform.surefire.provider" class="RunListenerAdapterTests" method="notifiedWithCorrectNamesWhenMethodExecutionStarted" externalInfoUrl="https://pmd.github.io/pmd/pmd_rules_java_bestpractices.html#junittestcontainstoomanyasserts" priority="3">
Unit tests should not contain more than 1 assert(s).
</violation>
<violation beginline="69" endline="69" begincolumn="93" endcolumn="105" rule="AvoidDuplicateLiterals" ruleset="Error Prone" package="org.junit.platform.surefire.provider" class="RunListenerAdapterTests" method="notifiedWithCorrectNamesWhenMethodExecutionStarted" externalInfoUrl="https://pmd.github.io/pmd/pmd_rules_java_errorprone.html#avoidduplicateliterals" priority="3">
The String literal "Luke's Plan" appears 4 times in this file; the first occurrence is on line 69
</violation>
<violation beginline="79" endline="79" begincolumn="3" endcolumn="14" rule="JUnitAssertionsShouldIncludeMessage" ruleset="Best Practices" package="org.junit.platform.surefire.provider" class="RunListenerAdapterTests" method="notifiedWithCorrectNamesWhenMethodExecutionStarted" externalInfoUrl="https://pmd.github.io/pmd/pmd_rules_java_bestpractices.html#junitassertionsshouldincludemessage" priority="3">
JUnit assertions should include a message
</violation>
<violation beginline="80" endline="80" begincolumn="3" endcolumn="14" rule="JUnitAssertionsShouldIncludeMessage" ruleset="Best Practices" package="org.junit.platform.surefire.provider" class="RunListenerAdapterTests" method="notifiedWithCorrectNamesWhenMethodExecutionStarted" externalInfoUrl="https://pmd.github.io/pmd/pmd_rules_java_bestpractices.html#junitassertionsshouldincludemessage" priority="3">
JUnit assertions should include a message
</violation>
<violation beginline="81" endline="81" begincolumn="3" endcolumn="12" rule="JUnitAssertionsShouldIncludeMessage" ruleset="Best Practices" package="org.junit.platform.surefire.provider" class="RunListenerAdapterTests" method="notifiedWithCorrectNamesWhenMethodExecutionStarted" externalInfoUrl="https://pmd.github.io/pmd/pmd_rules_java_bestpractices.html#junitassertionsshouldincludemessage" priority="3">
JUnit assertions should include a message
</violation>
<violation beginline="85" endline="85" begincolumn="53" endcolumn="61" rule="SignatureDeclareThrowsException" ruleset="Design" package="org.junit.platform.surefire.provider" class="RunListenerAdapterTests" method="notNotifiedWhenClassExecutionStarted" externalInfoUrl="https://pmd.github.io/pmd/pmd_rules_java_design.html#signaturedeclarethrowsexception" priority="3">
A method/constructor should not explicitly throw java.lang.Exception
</violation>
<violation beginline="91" endline="91" begincolumn="54" endcolumn="62" rule="SignatureDeclareThrowsException" ruleset="Design" package="org.junit.platform.surefire.provider" class="RunListenerAdapterTests" method="notNotifiedWhenEngineExecutionStarted" externalInfoUrl="https://pmd.github.io/pmd/pmd_rules_java_design.html#signaturedeclarethrowsexception" priority="3">
A method/constructor should not explicitly throw java.lang.Exception
</violation>
<violation beginline="97" endline="97" begincolumn="51" endcolumn="59" rule="SignatureDeclareThrowsException" ruleset="Design" package="org.junit.platform.surefire.provider" class="RunListenerAdapterTests" method="notifiedWhenMethodExecutionSkipped" externalInfoUrl="https://pmd.github.io/pmd/pmd_rules_java_design.html#signaturedeclarethrowsexception" priority="3">
A method/constructor should not explicitly throw java.lang.Exception
</violation>
<violation beginline="103" endline="103" begincolumn="66" endcolumn="74" rule="SignatureDeclareThrowsException" ruleset="Design" package="org.junit.platform.surefire.provider" class="RunListenerAdapterTests" method="notifiedWithCorrectNamesWhenClassExecutionSkipped" externalInfoUrl="https://pmd.github.io/pmd/pmd_rules_java_design.html#signaturedeclarethrowsexception" priority="3">
A method/constructor should not explicitly throw java.lang.Exception
</violation>
<violation beginline="103" endline="117" begincolumn="2" endcolumn="2" rule="JUnitTestContainsTooManyAsserts" ruleset="Best Practices" package="org.junit.platform.surefire.provider" class="RunListenerAdapterTests" method="notifiedWithCorrectNamesWhenClassExecutionSkipped" externalInfoUrl="https://pmd.github.io/pmd/pmd_rules_java_bestpractices.html#junittestcontainstoomanyasserts" priority="3">
Unit tests should not contain more than 1 assert(s).
</violation>
<violation beginline="115" endline="115" begincolumn="3" endcolumn="12" rule="JUnitAssertionsShouldIncludeMessage" ruleset="Best Practices" package="org.junit.platform.surefire.provider" class="RunListenerAdapterTests" method="notifiedWithCorrectNamesWhenClassExecutionSkipped" externalInfoUrl="https://pmd.github.io/pmd/pmd_rules_java_bestpractices.html#junitassertionsshouldincludemessage" priority="3">
JUnit assertions should include a message
</violation>
<violation beginline="116" endline="116" begincolumn="3" endcolumn="14" rule="JUnitAssertionsShouldIncludeMessage" ruleset="Best Practices" package="org.junit.platform.surefire.provider" class="RunListenerAdapterTests" method="notifiedWithCorrectNamesWhenClassExecutionSkipped" externalInfoUrl="https://pmd.github.io/pmd/pmd_rules_java_bestpractices.html#junitassertionsshouldincludemessage" priority="3">
JUnit assertions should include a message
</violation>
<violation beginline="116" endline="116" begincolumn="16" endcolumn="23" rule="AvoidDuplicateLiterals" ruleset="Error Prone" package="org.junit.platform.surefire.provider" class="RunListenerAdapterTests" method="notifiedWithCorrectNamesWhenClassExecutionSkipped" externalInfoUrl="https://pmd.github.io/pmd/pmd_rules_java_errorprone.html#avoidduplicateliterals" priority="3">
The String literal "engine" appears 5 times in this file; the first occurrence is on line 116
</violation>
<violation beginline="120" endline="120" begincolumn="51" endcolumn="59" rule="SignatureDeclareThrowsException" ruleset="Design" package="org.junit.platform.surefire.provider" class="RunListenerAdapterTests" method="notifiedWhenEngineExecutionSkipped" externalInfoUrl="https://pmd.github.io/pmd/pmd_rules_java_design.html#signaturedeclarethrowsexception" priority="3">
A method/constructor should not explicitly throw java.lang.Exception
</violation>
<violation beginline="126" endline="126" begincolumn="51" endcolumn="59" rule="SignatureDeclareThrowsException" ruleset="Design" package="org.junit.platform.surefire.provider" class="RunListenerAdapterTests" method="notifiedWhenMethodExecutionAborted" externalInfoUrl="https://pmd.github.io/pmd/pmd_rules_java_design.html#signaturedeclarethrowsexception" priority="3">
A method/constructor should not explicitly throw java.lang.Exception
</violation>
<violation beginline="132" endline="132" begincolumn="50" endcolumn="58" rule="SignatureDeclareThrowsException" ruleset="Design" package="org.junit.platform.surefire.provider" class="RunListenerAdapterTests" method="notifiedWhenClassExecutionAborted" externalInfoUrl="https://pmd.github.io/pmd/pmd_rules_java_design.html#signaturedeclarethrowsexception" priority="3">
A method/constructor should not explicitly throw java.lang.Exception
</violation>
<violation beginline="138" endline="138" begincolumn="70" endcolumn="78" rule="SignatureDeclareThrowsException" ruleset="Design" package="org.junit.platform.surefire.provider" class="RunListenerAdapterTests" method="notifiedWhenMethodExecutionFailedWithAnAssertionError" externalInfoUrl="https://pmd.github.io/pmd/pmd_rules_java_design.html#signaturedeclarethrowsexception" priority="3">
A method/constructor should not explicitly throw java.lang.Exception
</violation>
<violation beginline="144" endline="144" begincolumn="72" endcolumn="80" rule="SignatureDeclareThrowsException" ruleset="Design" package="org.junit.platform.surefire.provider" class="RunListenerAdapterTests" method="notifiedWhenMethodExecutionFailedWithANonAssertionError" externalInfoUrl="https://pmd.github.io/pmd/pmd_rules_java_design.html#signaturedeclarethrowsexception" priority="3">
A method/constructor should not explicitly throw java.lang.Exception
</violation>
<violation beginline="150" endline="150" begincolumn="65" endcolumn="73" rule="SignatureDeclareThrowsException" ruleset="Design" package="org.junit.platform.surefire.provider" class="RunListenerAdapterTests" method="notifiedWithCorrectNamesWhenClassExecutionFailed" externalInfoUrl="https://pmd.github.io/pmd/pmd_rules_java_design.html#signaturedeclarethrowsexception" priority="3">
A method/constructor should not explicitly throw java.lang.Exception
</violation>
<violation beginline="150" endline="162" begincolumn="2" endcolumn="2" rule="JUnitTestContainsTooManyAsserts" ruleset="Best Practices" package="org.junit.platform.surefire.provider" class="RunListenerAdapterTests" method="notifiedWithCorrectNamesWhenClassExecutionFailed" externalInfoUrl="https://pmd.github.io/pmd/pmd_rules_java_bestpractices.html#junittestcontainstoomanyasserts" priority="3">
Unit tests should not contain more than 1 assert(s).
</violation>
<violation beginline="160" endline="160" begincolumn="3" endcolumn="14" rule="JUnitAssertionsShouldIncludeMessage" ruleset="Best Practices" package="org.junit.platform.surefire.provider" class="RunListenerAdapterTests" method="notifiedWithCorrectNamesWhenClassExecutionFailed" externalInfoUrl="https://pmd.github.io/pmd/pmd_rules_java_bestpractices.html#junitassertionsshouldincludemessage" priority="3">
JUnit assertions should include a message
</violation>
<violation beginline="161" endline="161" begincolumn="3" endcolumn="15" rule="JUnitAssertionsShouldIncludeMessage" ruleset="Best Practices" package="org.junit.platform.surefire.provider" class="RunListenerAdapterTests" method="notifiedWithCorrectNamesWhenClassExecutionFailed" externalInfoUrl="https://pmd.github.io/pmd/pmd_rules_java_bestpractices.html#junitassertionsshouldincludemessage" priority="3">
JUnit assertions should include a message
</violation>
<violation beginline="165" endline="165" begincolumn="53" endcolumn="61" rule="SignatureDeclareThrowsException" ruleset="Design" package="org.junit.platform.surefire.provider" class="RunListenerAdapterTests" method="notifiedWhenMethodExecutionSucceeded" externalInfoUrl="https://pmd.github.io/pmd/pmd_rules_java_design.html#signaturedeclarethrowsexception" priority="3">
A method/constructor should not explicitly throw java.lang.Exception
</violation>
<violation beginline="171" endline="171" begincolumn="55" endcolumn="63" rule="SignatureDeclareThrowsException" ruleset="Design" package="org.junit.platform.surefire.provider" class="RunListenerAdapterTests" method="notNotifiedWhenClassExecutionSucceeded" externalInfoUrl="https://pmd.github.io/pmd/pmd_rules_java_design.html#signaturedeclarethrowsexception" priority="3">
A method/constructor should not explicitly throw java.lang.Exception
</violation>
<violation beginline="177" endline="177" begincolumn="66" endcolumn="74" rule="SignatureDeclareThrowsException" ruleset="Design" package="org.junit.platform.surefire.provider" class="RunListenerAdapterTests" method="notifiedWithParentDisplayNameWhenTestClassUnknown" externalInfoUrl="https://pmd.github.io/pmd/pmd_rules_java_design.html#signaturedeclarethrowsexception" priority="3">
A method/constructor should not explicitly throw java.lang.Exception
</violation>
<violation beginline="191" endline="191" begincolumn="3" endcolumn="14" rule="JUnitAssertionsShouldIncludeMessage" ruleset="Best Practices" package="org.junit.platform.surefire.provider" class="RunListenerAdapterTests" method="notifiedWithParentDisplayNameWhenTestClassUnknown" externalInfoUrl="https://pmd.github.io/pmd/pmd_rules_java_bestpractices.html#junitassertionsshouldincludemessage" priority="3">
JUnit assertions should include a message
</violation>
<violation beginline="195" endline="195" begincolumn="59" endcolumn="67" rule="SignatureDeclareThrowsException" ruleset="Design" package="org.junit.platform.surefire.provider" class="RunListenerAdapterTests" method="stackTraceWriterPresentWhenParentHasSource" externalInfoUrl="https://pmd.github.io/pmd/pmd_rules_java_design.html#signaturedeclarethrowsexception" priority="3">
A method/constructor should not explicitly throw java.lang.Exception
</violation>
<violation beginline="204" endline="204" begincolumn="3" endcolumn="15" rule="JUnitAssertionsShouldIncludeMessage" ruleset="Best Practices" package="org.junit.platform.surefire.provider" class="RunListenerAdapterTests" method="stackTraceWriterPresentWhenParentHasSource" externalInfoUrl="https://pmd.github.io/pmd/pmd_rules_java_bestpractices.html#junitassertionsshouldincludemessage" priority="3">
JUnit assertions should include a message
</violation>
<violation beginline="208" endline="208" begincolumn="52" endcolumn="60" rule="SignatureDeclareThrowsException" ruleset="Design" package="org.junit.platform.surefire.provider" class="RunListenerAdapterTests" method="stackTraceWriterDefaultsToTestClass" externalInfoUrl="https://pmd.github.io/pmd/pmd_rules_java_design.html#signaturedeclarethrowsexception" priority="3">
A method/constructor should not explicitly throw java.lang.Exception
</violation>
<violation beginline="216" endline="216" begincolumn="3" endcolumn="15" rule="JUnitAssertionsShouldIncludeMessage" ruleset="Best Practices" package="org.junit.platform.surefire.provider" class="RunListenerAdapterTests" method="stackTraceWriterDefaultsToTestClass" externalInfoUrl="https://pmd.github.io/pmd/pmd_rules_java_bestpractices.html#junitassertionsshouldincludemessage" priority="3">
JUnit assertions should include a message
</violation>
<violation beginline="220" endline="220" begincolumn="60" endcolumn="68" rule="SignatureDeclareThrowsException" ruleset="Design" package="org.junit.platform.surefire.provider" class="RunListenerAdapterTests" method="stackTraceWriterPresentEvenWithoutException" externalInfoUrl="https://pmd.github.io/pmd/pmd_rules_java_design.html#signaturedeclarethrowsexception" priority="3">
A method/constructor should not explicitly throw java.lang.Exception
</violation>
<violation beginline="224" endline="224" begincolumn="3" endcolumn="15" rule="JUnitAssertionsShouldIncludeMessage" ruleset="Best Practices" package="org.junit.platform.surefire.provider" class="RunListenerAdapterTests" method="stackTraceWriterPresentEvenWithoutException" externalInfoUrl="https://pmd.github.io/pmd/pmd_rules_java_bestpractices.html#junitassertionsshouldincludemessage" priority="3">
JUnit assertions should include a message
</violation>
<violation beginline="240" endline="240" begincolumn="3" endcolumn="14" rule="JUnitAssertionsShouldIncludeMessage" ruleset="Best Practices" package="org.junit.platform.surefire.provider" class="RunListenerAdapterTests" method="displayNamesIgnoredInReport" externalInfoUrl="https://pmd.github.io/pmd/pmd_rules_java_bestpractices.html#junitassertionsshouldincludemessage" priority="3">
JUnit assertions should include a message
</violation>
<violation beginline="243" endline="243" begincolumn="61" endcolumn="69" rule="SignatureDeclareThrowsException" ruleset="Design" package="org.junit.platform.surefire.provider" class="RunListenerAdapterTests" method="newMethodIdentifier" externalInfoUrl="https://pmd.github.io/pmd/pmd_rules_java_design.html#signaturedeclarethrowsexception" priority="3">
A method/constructor should not explicitly throw java.lang.Exception
</violation>
<violation beginline="247" endline="247" begincolumn="61" endcolumn="69" rule="SignatureDeclareThrowsException" ruleset="Design" package="org.junit.platform.surefire.provider" class="RunListenerAdapterTests" method="newMethodDescriptor" externalInfoUrl="https://pmd.github.io/pmd/pmd_rules_java_design.html#signaturedeclarethrowsexception" priority="3">
A method/constructor should not explicitly throw java.lang.Exception
</violation>
<violation beginline="313" endline="313" begincolumn="23" endcolumn="66" rule="FieldDeclarationsShouldBeAtStartOfClass" ruleset="Code Style" package="org.junit.platform.surefire.provider" class="RunListenerAdapterTests" variable="VariableDeclaratorId" externalInfoUrl="https://pmd.github.io/pmd/pmd_rules_java_codestyle.html#fielddeclarationsshouldbeatstartofclass" priority="3">
Fields should be declared at the top of the class, before any method declarations, constructors, initializers or inner classes.
</violation>
<violation beginline="316" endline="317" begincolumn="23" endcolumn="3" rule="UncommentedEmptyMethodBody" ruleset="Documentation" package="org.junit.platform.surefire.provider" class="RunListenerAdapterTests$MyTestClass" method="myTestMethod" externalInfoUrl="https://pmd.github.io/pmd/pmd_rules_java_documentation.html#uncommentedemptymethodbody" priority="3">
Document empty method body
</violation>
<violation beginline="316" endline="317" begincolumn="3" endcolumn="3" rule="JUnitTestsShouldIncludeAssert" ruleset="Best Practices" package="org.junit.platform.surefire.provider" class="RunListenerAdapterTests$MyTestClass" method="myTestMethod" externalInfoUrl="https://pmd.github.io/pmd/pmd_rules_java_bestpractices.html#junittestsshouldincludeassert" priority="3">
JUnit tests should include assert() or fail()
</violation>
<violation beginline="321" endline="322" begincolumn="28" endcolumn="3" rule="UncommentedEmptyMethodBody" ruleset="Documentation" package="org.junit.platform.surefire.provider" class="RunListenerAdapterTests$MyTestClass" method="myNamedTestMethod" externalInfoUrl="https://pmd.github.io/pmd/pmd_rules_java_documentation.html#uncommentedemptymethodbody" priority="3">
Document empty method body
</violation>
<violation beginline="321" endline="322" begincolumn="3" endcolumn="3" rule="JUnitTestsShouldIncludeAssert" ruleset="Best Practices" package="org.junit.platform.surefire.provider" class="RunListenerAdapterTests$MyTestClass" method="myNamedTestMethod" externalInfoUrl="https://pmd.github.io/pmd/pmd_rules_java_bestpractices.html#junittestsshouldincludeassert" priority="3">
JUnit tests should include assert() or fail()
</violation>
</file>
<file name="C:\Users\Sokaina\Downloads\Versiones-Junit5\junit5-r5.0.2\junit-platform-surefire-provider\src\test\java\org\junit\platform\surefire\provider\TestPlanScannerFilterTests.java">
<violation beginline="52" endline="52" begincolumn="3" endcolumn="12" rule="JUnitAssertionsShouldIncludeMessage" ruleset="Best Practices" package="org.junit.platform.surefire.provider" class="TestPlanScannerFilterTests" method="classWithTestMethodsIsAccepted" externalInfoUrl="https://pmd.github.io/pmd/pmd_rules_java_bestpractices.html#junitassertionsshouldincludemessage" priority="3">
JUnit assertions should include a message
</violation>
<violation beginline="57" endline="57" begincolumn="3" endcolumn="12" rule="JUnitAssertionsShouldIncludeMessage" ruleset="Best Practices" package="org.junit.platform.surefire.provider" class="TestPlanScannerFilterTests" method="classWithNestedTestClassIsAccepted" externalInfoUrl="https://pmd.github.io/pmd/pmd_rules_java_bestpractices.html#junitassertionsshouldincludemessage" priority="3">
JUnit assertions should include a message
</violation>
<violation beginline="62" endline="62" begincolumn="3" endcolumn="12" rule="JUnitAssertionsShouldIncludeMessage" ruleset="Best Practices" package="org.junit.platform.surefire.provider" class="TestPlanScannerFilterTests" method="classWithDeeplyNestedTestClassIsAccepted" externalInfoUrl="https://pmd.github.io/pmd/pmd_rules_java_bestpractices.html#junitassertionsshouldincludemessage" priority="3">
JUnit assertions should include a message
</violation>
<violation beginline="67" endline="67" begincolumn="3" endcolumn="12" rule="JUnitAssertionsShouldIncludeMessage" ruleset="Best Practices" package="org.junit.platform.surefire.provider" class="TestPlanScannerFilterTests" method="classWithTestFactoryIsAccepted" externalInfoUrl="https://pmd.github.io/pmd/pmd_rules_java_bestpractices.html#junitassertionsshouldincludemessage" priority="3">
JUnit assertions should include a message
</violation>
<violation beginline="72" endline="72" begincolumn="3" endcolumn="12" rule="JUnitAssertionsShouldIncludeMessage" ruleset="Best Practices" package="org.junit.platform.surefire.provider" class="TestPlanScannerFilterTests" method="classWithNestedTestFactoryIsAccepted" externalInfoUrl="https://pmd.github.io/pmd/pmd_rules_java_bestpractices.html#junitassertionsshouldincludemessage" priority="3">
JUnit assertions should include a message
</violation>
<violation beginline="85" endline="86" begincolumn="18" endcolumn="3" rule="UncommentedEmptyMethodBody" ruleset="Documentation" package="org.junit.platform.surefire.provider" class="TestPlanScannerFilterTests$ClassWithMethods" method="method1" externalInfoUrl="https://pmd.github.io/pmd/pmd_rules_java_documentation.html#uncommentedemptymethodbody" priority="3">
Document empty method body
</violation>
<violation beginline="85" endline="86" begincolumn="3" endcolumn="3" rule="DefaultPackage" ruleset="Code Style" package="org.junit.platform.surefire.provider" class="TestPlanScannerFilterTests$ClassWithMethods" externalInfoUrl="https://pmd.github.io/pmd/pmd_rules_java_codestyle.html#defaultpackage" priority="3">
Use explicit scoping instead of the default package private level
</violation>
<violation beginline="88" endline="89" begincolumn="18" endcolumn="3" rule="UncommentedEmptyMethodBody" ruleset="Documentation" package="org.junit.platform.surefire.provider" class="TestPlanScannerFilterTests$ClassWithMethods" method="method2" externalInfoUrl="https://pmd.github.io/pmd/pmd_rules_java_documentation.html#uncommentedemptymethodbody" priority="3">
Document empty method body
</violation>
<violation beginline="88" endline="89" begincolumn="3" endcolumn="3" rule="DefaultPackage" ruleset="Code Style" package="org.junit.platform.surefire.provider" class="TestPlanScannerFilterTests$ClassWithMethods" externalInfoUrl="https://pmd.github.io/pmd/pmd_rules_java_codestyle.html#defaultpackage" priority="3">
Use explicit scoping instead of the default package private level
</violation>
<violation beginline="95" endline="96" begincolumn="16" endcolumn="3" rule="UncommentedEmptyMethodBody" ruleset="Documentation" package="org.junit.platform.surefire.provider" class="TestPlanScannerFilterTests$ClassWithTestMethods" method="test1" externalInfoUrl="https://pmd.github.io/pmd/pmd_rules_java_documentation.html#uncommentedemptymethodbody" priority="3">
Document empty method body
</violation>
<violation beginline="95" endline="96" begincolumn="3" endcolumn="3" rule="JUnitTestsShouldIncludeAssert" ruleset="Best Practices" package="org.junit.platform.surefire.provider" class="TestPlanScannerFilterTests$ClassWithTestMethods" method="test1" externalInfoUrl="https://pmd.github.io/pmd/pmd_rules_java_bestpractices.html#junittestsshouldincludeassert" priority="3">
JUnit tests should include assert() or fail()
</violation>
<violation beginline="99" endline="100" begincolumn="23" endcolumn="3" rule="UncommentedEmptyMethodBody" ruleset="Documentation" package="org.junit.platform.surefire.provider" class="TestPlanScannerFilterTests$ClassWithTestMethods" method="test2" externalInfoUrl="https://pmd.github.io/pmd/pmd_rules_java_documentation.html#uncommentedemptymethodbody" priority="3">
Document empty method body
</violation>
<violation beginline="99" endline="100" begincolumn="10" endcolumn="3" rule="JUnitTestsShouldIncludeAssert" ruleset="Best Practices" package="org.junit.platform.surefire.provider" class="TestPlanScannerFilterTests$ClassWithTestMethods" method="test2" externalInfoUrl="https://pmd.github.io/pmd/pmd_rules_java_bestpractices.html#junittestsshouldincludeassert" priority="3">
JUnit tests should include assert() or fail()
</violation>
<violation beginline="105" endline="107" begincolumn="3" endcolumn="3" rule="DefaultPackage" ruleset="Code Style" package="org.junit.platform.surefire.provider" class="TestPlanScannerFilterTests$ClassWithNestedTestClass" externalInfoUrl="https://pmd.github.io/pmd/pmd_rules_java_codestyle.html#defaultpackage" priority="3">
Use explicit scoping instead of the default package private level
</violation>
<violation beginline="106" endline="107" begincolumn="17" endcolumn="3" rule="UncommentedEmptyMethodBody" ruleset="Documentation" package="org.junit.platform.surefire.provider" class="TestPlanScannerFilterTests$ClassWithNestedTestClass" method="method" externalInfoUrl="https://pmd.github.io/pmd/pmd_rules_java_documentation.html#uncommentedemptymethodbody" priority="3">
Document empty method body
</violation>
<violation beginline="113" endline="114" begincolumn="17" endcolumn="4" rule="UncommentedEmptyMethodBody" ruleset="Documentation" package="org.junit.platform.surefire.provider" class="TestPlanScannerFilterTests$ClassWithNestedTestClass$TestClass" method="test1" externalInfoUrl="https://pmd.github.io/pmd/pmd_rules_java_documentation.html#uncommentedemptymethodbody" priority="3">
Document empty method body
</violation>
<violation beginline="113" endline="114" begincolumn="4" endcolumn="4" rule="JUnitTestsShouldIncludeAssert" ruleset="Best Practices" package="org.junit.platform.surefire.provider" class="TestPlanScannerFilterTests$ClassWithNestedTestClass$TestClass" method="test1" externalInfoUrl="https://pmd.github.io/pmd/pmd_rules_java_bestpractices.html#junittestsshouldincludeassert" priority="3">
JUnit tests should include assert() or fail()
</violation>
<violation beginline="130" endline="131" begincolumn="19" endcolumn="6" rule="UncommentedEmptyMethodBody" ruleset="Documentation" package="org.junit.platform.surefire.provider" class="TestPlanScannerFilterTests$ClassWithDeeplyNestedTestClass$Level1$Level2$TestClass" method="test1" externalInfoUrl="https://pmd.github.io/pmd/pmd_rules_java_documentation.html#uncommentedemptymethodbody" priority="3">
Document empty method body
</violation>
<violation beginline="130" endline="131" begincolumn="6" endcolumn="6" rule="JUnitTestsShouldIncludeAssert" ruleset="Best Practices" package="org.junit.platform.surefire.provider" class="TestPlanScannerFilterTests$ClassWithDeeplyNestedTestClass$Level1$Level2$TestClass" method="test1" externalInfoUrl="https://pmd.github.io/pmd/pmd_rules_java_bestpractices.html#junittestsshouldincludeassert" priority="3">
JUnit tests should include assert() or fail()
</violation>
</file>
<file name="C:\Users\Sokaina\Downloads\Versiones-Junit5\junit5-r5.0.2\junit-vintage-engine\src\main\java\org\junit\vintage\engine\descriptor\VintageTestDescriptor.java">
<violation beginline="11" endline="126" begincolumn="1" endcolumn="2" rule="TooManyStaticImports" ruleset="Code Style" package="org.junit.vintage.engine.descriptor" class="VintageTestDescriptor" externalInfoUrl="https://pmd.github.io/pmd/pmd_rules_java_codestyle.html#toomanystaticimports" priority="3">
Too many static imports may lead to messy code
</violation>
</file>
<file name="C:\Users\Sokaina\Downloads\Versiones-Junit5\junit5-r5.0.2\junit-vintage-engine\src\main\java\org\junit\vintage\engine\discovery\DefensiveAllDefaultPossibilitiesBuilder.java">
<violation beginline="38" endline="38" begincolumn="16" endcolumn="49" rule="AvoidFieldNameMatchingMethodName" ruleset="Error Prone" package="org.junit.vintage.engine.discovery" class="DefensiveAllDefaultPossibilitiesBuilder" variable="VariableDeclaratorId" externalInfoUrl="https://pmd.github.io/pmd/pmd_rules_java_errorprone.html#avoidfieldnamematchingmethodname" priority="3">
Field annotatedBuilder has the same name as a method
</violation>
</file>
<file name="C:\Users\Sokaina\Downloads\Versiones-Junit5\junit5-r5.0.2\junit-vintage-engine\src\main\java\org\junit\vintage\engine\discovery\IsPotentialJUnit4TestClass.java">
<violation beginline="33" endline="35" begincolumn="3" endcolumn="3" rule="SimplifyBooleanReturns" ruleset="Design" package="org.junit.vintage.engine.discovery" class="IsPotentialJUnit4TestClass" method="test" externalInfoUrl="https://pmd.github.io/pmd/pmd_rules_java_design.html#simplifybooleanreturns" priority="3">
Avoid unnecessary if..then..else statements when returning booleans
</violation>
</file>
<file name="C:\Users\Sokaina\Downloads\Versiones-Junit5\junit5-r5.0.2\junit-vintage-engine\src\main\java\org\junit\vintage\engine\discovery\RunnerTestDescriptorAwareFilter.java">
<violation beginline="22" endline="22" begincolumn="2" endcolumn="69" rule="DefaultPackage" ruleset="Code Style" package="org.junit.vintage.engine.discovery" class="RunnerTestDescriptorAwareFilter" externalInfoUrl="https://pmd.github.io/pmd/pmd_rules_java_codestyle.html#defaultpackage" priority="3">
Use explicit scoping instead of the default package private level
</violation>
<violation beginline="24" endline="41" begincolumn="2" endcolumn="2" rule="DefaultPackage" ruleset="Code Style" package="org.junit.vintage.engine.discovery" class="RunnerTestDescriptorAwareFilter" externalInfoUrl="https://pmd.github.io/pmd/pmd_rules_java_codestyle.html#defaultpackage" priority="3">
Use explicit scoping instead of the default package private level
</violation>
</file>
<file name="C:\Users\Sokaina\Downloads\Versiones-Junit5\junit5-r5.0.2\junit-vintage-engine\src\main\java\org\junit\vintage\engine\discovery\TestClassCollector.java">
<violation beginline="33" endline="35" begincolumn="2" endcolumn="2" rule="DefaultPackage" ruleset="Code Style" package="org.junit.vintage.engine.discovery" class="TestClassCollector" externalInfoUrl="https://pmd.github.io/pmd/pmd_rules_java_codestyle.html#defaultpackage" priority="3">
Use explicit scoping instead of the default package private level
</violation>
<violation beginline="37" endline="39" begincolumn="2" endcolumn="2" rule="DefaultPackage" ruleset="Code Style" package="org.junit.vintage.engine.discovery" class="TestClassCollector" externalInfoUrl="https://pmd.github.io/pmd/pmd_rules_java_codestyle.html#defaultpackage" priority="3">
Use explicit scoping instead of the default package private level
</violation>
<violation beginline="41" endline="43" begincolumn="2" endcolumn="2" rule="DefaultPackage" ruleset="Code Style" package="org.junit.vintage.engine.discovery" class="TestClassCollector" externalInfoUrl="https://pmd.github.io/pmd/pmd_rules_java_codestyle.html#defaultpackage" priority="3">
Use explicit scoping instead of the default package private level
</violation>
</file>
<file name="C:\Users\Sokaina\Downloads\Versiones-Junit5\junit5-r5.0.2\junit-vintage-engine\src\main\java\org\junit\vintage\engine\discovery\TestClassRequest.java">
<violation beginline="34" endline="36" begincolumn="2" endcolumn="2" rule="DefaultPackage" ruleset="Code Style" package="org.junit.vintage.engine.discovery" class="TestClassRequest" externalInfoUrl="https://pmd.github.io/pmd/pmd_rules_java_codestyle.html#defaultpackage" priority="3">
Use explicit scoping instead of the default package private level
</violation>
<violation beginline="38" endline="40" begincolumn="2" endcolumn="2" rule="DefaultPackage" ruleset="Code Style" package="org.junit.vintage.engine.discovery" class="TestClassRequest" externalInfoUrl="https://pmd.github.io/pmd/pmd_rules_java_codestyle.html#defaultpackage" priority="3">
Use explicit scoping instead of the default package private level
</violation>
</file>
<file name="C:\Users\Sokaina\Downloads\Versiones-Junit5\junit5-r5.0.2\junit-vintage-engine\src\main\java\org\junit\vintage\engine\discovery\TestClassRequestResolver.java">
<violation beginline="52" endline="59" begincolumn="2" endcolumn="2" rule="DefaultPackage" ruleset="Code Style" package="org.junit.vintage.engine.discovery" class="TestClassRequestResolver" externalInfoUrl="https://pmd.github.io/pmd/pmd_rules_java_codestyle.html#defaultpackage" priority="3">
Use explicit scoping instead of the default package private level
</violation>
<violation beginline="93" endline="93" begincolumn="15" endcolumn="66" rule="UnusedPrivateMethod" ruleset="Best Practices" package="org.junit.vintage.engine.discovery" class="TestClassRequestResolver" method="addChildrenRecursively" externalInfoUrl="https://pmd.github.io/pmd/pmd_rules_java_bestpractices.html#unusedprivatemethod" priority="3">
Avoid unused private methods such as 'addChildrenRecursively(VintageTestDescriptor)'.
</violation>
</file>
<file name="C:\Users\Sokaina\Downloads\Versiones-Junit5\junit5-r5.0.2\junit-vintage-engine\src\main\java\org\junit\vintage\engine\discovery\UniqueIdFilter.java">
<violation beginline="41" endline="46" begincolumn="2" endcolumn="2" rule="DefaultPackage" ruleset="Code Style" package="org.junit.vintage.engine.discovery" class="UniqueIdFilter" externalInfoUrl="https://pmd.github.io/pmd/pmd_rules_java_codestyle.html#defaultpackage" priority="3">
Use explicit scoping instead of the default package private level
</violation>
</file>
<file name="C:\Users\Sokaina\Downloads\Versiones-Junit5\junit5-r5.0.2\junit-vintage-engine\src\main\java\org\junit\vintage\engine\discovery\VintageDiscoverer.java">
<violation beginline="11" endline="93" begincolumn="1" endcolumn="2" rule="TooManyStaticImports" ruleset="Code Style" package="org.junit.vintage.engine.discovery" class="VintageDiscoverer" externalInfoUrl="https://pmd.github.io/pmd/pmd_rules_java_codestyle.html#toomanystaticimports" priority="3">
Too many static imports may lead to messy code
</violation>
</file>
<file name="C:\Users\Sokaina\Downloads\Versiones-Junit5\junit5-r5.0.2\junit-vintage-engine\src\main\java\org\junit\vintage\engine\execution\RunListenerAdapter.java">
<violation beginline="151" endline="151" begincolumn="15" endcolumn="66" rule="UnusedPrivateMethod" ruleset="Best Practices" package="org.junit.vintage.engine.execution" class="RunListenerAdapter" method="dynamicTestRegistered" externalInfoUrl="https://pmd.github.io/pmd/pmd_rules_java_bestpractices.html#unusedprivatemethod" priority="3">
Avoid unused private methods such as 'dynamicTestRegistered(TestDescriptor)'.
</violation>
</file>
<file name="C:\Users\Sokaina\Downloads\Versiones-Junit5\junit5-r5.0.2\junit-vintage-engine\src\main\java\org\junit\vintage\engine\execution\RunnerExecutor.java">
<violation beginline="44" endline="46" begincolumn="3" endcolumn="3" rule="AvoidCatchingThrowable" ruleset="Error Prone" package="org.junit.vintage.engine.execution" class="RunnerExecutor" method="execute" externalInfoUrl="https://pmd.github.io/pmd/pmd_rules_java_errorprone.html#avoidcatchingthrowable" priority="3">
A catch statement should never catch throwable since it includes errors.
</violation>
</file>
<file name="C:\Users\Sokaina\Downloads\Versiones-Junit5\junit5-r5.0.2\junit-vintage-engine\src\main\java\org\junit\vintage\engine\execution\TestRun.java">
<violation beginline="11" endline="168" begincolumn="1" endcolumn="2" rule="TooManyStaticImports" ruleset="Code Style" package="org.junit.vintage.engine.execution" class="TestRun" externalInfoUrl="https://pmd.github.io/pmd/pmd_rules_java_codestyle.html#toomanystaticimports" priority="3">
Too many static imports may lead to messy code
</violation>
<violation beginline="63" endline="67" begincolumn="2" endcolumn="2" rule="DefaultPackage" ruleset="Code Style" package="org.junit.vintage.engine.execution" class="TestRun" externalInfoUrl="https://pmd.github.io/pmd/pmd_rules_java_codestyle.html#defaultpackage" priority="3">
Use explicit scoping instead of the default package private level
</violation>
<violation beginline="69" endline="71" begincolumn="2" endcolumn="2" rule="DefaultPackage" ruleset="Code Style" package="org.junit.vintage.engine.execution" class="TestRun" externalInfoUrl="https://pmd.github.io/pmd/pmd_rules_java_codestyle.html#defaultpackage" priority="3">
Use explicit scoping instead of the default package private level
</violation>
<violation beginline="73" endline="75" begincolumn="2" endcolumn="2" rule="DefaultPackage" ruleset="Code Style" package="org.junit.vintage.engine.execution" class="TestRun" externalInfoUrl="https://pmd.github.io/pmd/pmd_rules_java_codestyle.html#defaultpackage" priority="3">
Use explicit scoping instead of the default package private level
</violation>
<violation beginline="89" endline="102" begincolumn="2" endcolumn="2" rule="DefaultPackage" ruleset="Code Style" package="org.junit.vintage.engine.execution" class="TestRun" externalInfoUrl="https://pmd.github.io/pmd/pmd_rules_java_codestyle.html#defaultpackage" priority="3">
Use explicit scoping instead of the default package private level
</violation>
<violation beginline="104" endline="106" begincolumn="2" endcolumn="2" rule="DefaultPackage" ruleset="Code Style" package="org.junit.vintage.engine.execution" class="TestRun" externalInfoUrl="https://pmd.github.io/pmd/pmd_rules_java_codestyle.html#defaultpackage" priority="3">
Use explicit scoping instead of the default package private level
</violation>
<violation beginline="108" endline="110" begincolumn="2" endcolumn="2" rule="DefaultPackage" ruleset="Code Style" package="org.junit.vintage.engine.execution" class="TestRun" externalInfoUrl="https://pmd.github.io/pmd/pmd_rules_java_codestyle.html#defaultpackage" priority="3">
Use explicit scoping instead of the default package private level
</violation>
<violation beginline="112" endline="114" begincolumn="2" endcolumn="2" rule="DefaultPackage" ruleset="Code Style" package="org.junit.vintage.engine.execution" class="TestRun" externalInfoUrl="https://pmd.github.io/pmd/pmd_rules_java_codestyle.html#defaultpackage" priority="3">
Use explicit scoping instead of the default package private level
</violation>
<violation beginline="116" endline="118" begincolumn="2" endcolumn="2" rule="DefaultPackage" ruleset="Code Style" package="org.junit.vintage.engine.execution" class="TestRun" externalInfoUrl="https://pmd.github.io/pmd/pmd_rules_java_codestyle.html#defaultpackage" priority="3">
Use explicit scoping instead of the default package private level
</violation>
<violation beginline="120" endline="122" begincolumn="2" endcolumn="2" rule="DefaultPackage" ruleset="Code Style" package="org.junit.vintage.engine.execution" class="TestRun" externalInfoUrl="https://pmd.github.io/pmd/pmd_rules_java_codestyle.html#defaultpackage" priority="3">
Use explicit scoping instead of the default package private level
</violation>
<violation beginline="124" endline="126" begincolumn="2" endcolumn="2" rule="DefaultPackage" ruleset="Code Style" package="org.junit.vintage.engine.execution" class="TestRun" externalInfoUrl="https://pmd.github.io/pmd/pmd_rules_java_codestyle.html#defaultpackage" priority="3">
Use explicit scoping instead of the default package private level
</violation>
<violation beginline="128" endline="130" begincolumn="2" endcolumn="2" rule="DefaultPackage" ruleset="Code Style" package="org.junit.vintage.engine.execution" class="TestRun" externalInfoUrl="https://pmd.github.io/pmd/pmd_rules_java_codestyle.html#defaultpackage" priority="3">
Use explicit scoping instead of the default package private level
</violation>
<violation beginline="132" endline="134" begincolumn="2" endcolumn="2" rule="DefaultPackage" ruleset="Code Style" package="org.junit.vintage.engine.execution" class="TestRun" externalInfoUrl="https://pmd.github.io/pmd/pmd_rules_java_codestyle.html#defaultpackage" priority="3">
Use explicit scoping instead of the default package private level
</violation>
<violation beginline="136" endline="138" begincolumn="2" endcolumn="2" rule="DefaultPackage" ruleset="Code Style" package="org.junit.vintage.engine.execution" class="TestRun" externalInfoUrl="https://pmd.github.io/pmd/pmd_rules_java_codestyle.html#defaultpackage" priority="3">
Use explicit scoping instead of the default package private level
</violation>
<violation beginline="140" endline="142" begincolumn="2" endcolumn="2" rule="DefaultPackage" ruleset="Code Style" package="org.junit.vintage.engine.execution" class="TestRun" externalInfoUrl="https://pmd.github.io/pmd/pmd_rules_java_codestyle.html#defaultpackage" priority="3">
Use explicit scoping instead of the default package private level
</violation>
<violation beginline="144" endline="148" begincolumn="2" endcolumn="2" rule="DefaultPackage" ruleset="Code Style" package="org.junit.vintage.engine.execution" class="TestRun" externalInfoUrl="https://pmd.github.io/pmd/pmd_rules_java_codestyle.html#defaultpackage" priority="3">
Use explicit scoping instead of the default package private level
</violation>
<violation beginline="150" endline="167" begincolumn="2" endcolumn="2" rule="DefaultPackage" ruleset="Code Style" package="org.junit.vintage.engine.execution" class="TestRun" externalInfoUrl="https://pmd.github.io/pmd/pmd_rules_java_codestyle.html#defaultpackage" priority="3">
Use explicit scoping instead of the default package private level
</violation>
</file>
<file name="C:\Users\Sokaina\Downloads\Versiones-Junit5\junit5-r5.0.2\junit-vintage-engine\src\main\java\org\junit\vintage\engine\support\UniqueIdStringifier.java">
<violation beginline="34" endline="34" begincolumn="2" endcolumn="55" rule="DefaultPackage" ruleset="Code Style" package="org.junit.vintage.engine.support" class="UniqueIdStringifier" externalInfoUrl="https://pmd.github.io/pmd/pmd_rules_java_codestyle.html#defaultpackage" priority="3">
Use explicit scoping instead of the default package private level
</violation>
</file>
<file name="C:\Users\Sokaina\Downloads\Versiones-Junit5\junit5-r5.0.2\junit-vintage-engine\src\test\java\org\junit\vintage\engine\JUnit4ParameterizedTests.java">
<violation beginline="11" endline="83" begincolumn="1" endcolumn="2" rule="TooManyStaticImports" ruleset="Code Style" package="org.junit.vintage.engine" class="JUnit4ParameterizedTests" externalInfoUrl="https://pmd.github.io/pmd/pmd_rules_java_codestyle.html#toomanystaticimports" priority="3">
Too many static imports may lead to messy code
</violation>
<violation beginline="49" endline="49" begincolumn="3" endcolumn="14" rule="JUnitAssertionsShouldIncludeMessage" ruleset="Best Practices" package="org.junit.vintage.engine" class="JUnit4ParameterizedTests" method="selectingWholeParameterizedClassRunsTestsWithAllValues" externalInfoUrl="https://pmd.github.io/pmd/pmd_rules_java_bestpractices.html#junitassertionsshouldincludemessage" priority="3">
JUnit assertions should include a message
</violation>
<violation beginline="56" endline="56" begincolumn="3" endcolumn="14" rule="JUnitAssertionsShouldIncludeMessage" ruleset="Best Practices" package="org.junit.vintage.engine" class="JUnit4ParameterizedTests" method="selectingOneTestFromParameterizedClassRunsWithAllValues" externalInfoUrl="https://pmd.github.io/pmd/pmd_rules_java_bestpractices.html#junitassertionsshouldincludemessage" priority="3">
JUnit assertions should include a message
</violation>
</file>
<file name="C:\Users\Sokaina\Downloads\Versiones-Junit5\junit5-r5.0.2\junit-vintage-engine\src\test\java\org\junit\vintage\engine\VintageTestEngineBasicTests.java">
<violation beginline="28" endline="30" begincolumn="2" endcolumn="2" rule="ShortMethodName" ruleset="Code Style" package="org.junit.vintage.engine" class="VintageTestEngineBasicTests" method="id" externalInfoUrl="https://pmd.github.io/pmd/pmd_rules_java_codestyle.html#shortmethodname" priority="3">
Avoid using short method names
</violation>
<violation beginline="29" endline="29" begincolumn="3" endcolumn="14" rule="JUnitAssertionsShouldIncludeMessage" ruleset="Best Practices" package="org.junit.vintage.engine" class="VintageTestEngineBasicTests" method="id" externalInfoUrl="https://pmd.github.io/pmd/pmd_rules_java_bestpractices.html#junitassertionsshouldincludemessage" priority="3">
JUnit assertions should include a message
</violation>
<violation beginline="34" endline="34" begincolumn="3" endcolumn="14" rule="JUnitAssertionsShouldIncludeMessage" ruleset="Best Practices" package="org.junit.vintage.engine" class="VintageTestEngineBasicTests" method="groupId" externalInfoUrl="https://pmd.github.io/pmd/pmd_rules_java_bestpractices.html#junitassertionsshouldincludemessage" priority="3">
JUnit assertions should include a message
</violation>
<violation beginline="39" endline="39" begincolumn="3" endcolumn="14" rule="JUnitAssertionsShouldIncludeMessage" ruleset="Best Practices" package="org.junit.vintage.engine" class="VintageTestEngineBasicTests" method="artifactId" externalInfoUrl="https://pmd.github.io/pmd/pmd_rules_java_bestpractices.html#junitassertionsshouldincludemessage" priority="3">
JUnit assertions should include a message
</violation>
<violation beginline="44" endline="44" begincolumn="3" endcolumn="14" rule="JUnitAssertionsShouldIncludeMessage" ruleset="Best Practices" package="org.junit.vintage.engine" class="VintageTestEngineBasicTests" method="version" externalInfoUrl="https://pmd.github.io/pmd/pmd_rules_java_bestpractices.html#junitassertionsshouldincludemessage" priority="3">
JUnit assertions should include a message
</violation>
</file>
<file name="C:\Users\Sokaina\Downloads\Versiones-Junit5\junit5-r5.0.2\junit-vintage-engine\src\test\java\org\junit\vintage\engine\VintageTestEngineDiscoveryTests.java">
<violation beginline="11" endline="744" begincolumn="1" endcolumn="2" rule="TooManyStaticImports" ruleset="Code Style" package="org.junit.vintage.engine" class="VintageTestEngineDiscoveryTests" externalInfoUrl="https://pmd.github.io/pmd/pmd_rules_java_codestyle.html#toomanystaticimports" priority="3">
Too many static imports may lead to messy code
</violation>
<violation beginline="79" endline="79" begincolumn="2" endcolumn="52" rule="DefaultPackage" ruleset="Code Style" package="org.junit.vintage.engine" class="VintageTestEngineDiscoveryTests" externalInfoUrl="https://pmd.github.io/pmd/pmd_rules_java_codestyle.html#defaultpackage" priority="3">
Use explicit scoping instead of the default package private level
</violation>
<violation beginline="82" endline="82" begincolumn="46" endcolumn="54" rule="SignatureDeclareThrowsException" ruleset="Design" package="org.junit.vintage.engine" class="VintageTestEngineDiscoveryTests" method="resolvesSimpleJUnit4TestClass" externalInfoUrl="https://pmd.github.io/pmd/pmd_rules_java_design.html#signaturedeclarethrowsexception" priority="3">
A method/constructor should not explicitly throw java.lang.Exception
</violation>
<violation beginline="82" endline="94" begincolumn="2" endcolumn="2" rule="JUnitTestContainsTooManyAsserts" ruleset="Best Practices" package="org.junit.vintage.engine" class="VintageTestEngineDiscoveryTests" method="resolvesSimpleJUnit4TestClass" externalInfoUrl="https://pmd.github.io/pmd/pmd_rules_java_bestpractices.html#junittestcontainstoomanyasserts" priority="3">
Unit tests should not contain more than 1 assert(s).
</violation>
<violation beginline="92" endline="92" begincolumn="58" endcolumn="70" rule="AvoidDuplicateLiterals" ruleset="Error Prone" package="org.junit.vintage.engine" class="VintageTestEngineDiscoveryTests" method="resolvesSimpleJUnit4TestClass" externalInfoUrl="https://pmd.github.io/pmd/pmd_rules_java_errorprone.html#avoidduplicateliterals" priority="3">
The String literal "failingTest" appears 21 times in this file; the first occurrence is on line 92
</violation>
<violation beginline="97" endline="109" begincolumn="2" endcolumn="2" rule="JUnitTestContainsTooManyAsserts" ruleset="Best Practices" package="org.junit.vintage.engine" class="VintageTestEngineDiscoveryTests" method="resolvesIgnoredJUnit4TestClass" externalInfoUrl="https://pmd.github.io/pmd/pmd_rules_java_bestpractices.html#junittestcontainstoomanyasserts" priority="3">
Unit tests should not contain more than 1 assert(s).
</violation>
<violation beginline="104" endline="104" begincolumn="3" endcolumn="13" rule="JUnitAssertionsShouldIncludeMessage" ruleset="Best Practices" package="org.junit.vintage.engine" class="VintageTestEngineDiscoveryTests" method="resolvesIgnoredJUnit4TestClass" externalInfoUrl="https://pmd.github.io/pmd/pmd_rules_java_bestpractices.html#junitassertionsshouldincludemessage" priority="3">
JUnit assertions should include a message
</violation>
<violation beginline="105" endline="105" begincolumn="3" endcolumn="12" rule="JUnitAssertionsShouldIncludeMessage" ruleset="Best Practices" package="org.junit.vintage.engine" class="VintageTestEngineDiscoveryTests" method="resolvesIgnoredJUnit4TestClass" externalInfoUrl="https://pmd.github.io/pmd/pmd_rules_java_bestpractices.html#junitassertionsshouldincludemessage" priority="3">
JUnit assertions should include a message
</violation>
<violation beginline="106" endline="106" begincolumn="3" endcolumn="14" rule="JUnitAssertionsShouldIncludeMessage" ruleset="Best Practices" package="org.junit.vintage.engine" class="VintageTestEngineDiscoveryTests" method="resolvesIgnoredJUnit4TestClass" externalInfoUrl="https://pmd.github.io/pmd/pmd_rules_java_bestpractices.html#junitassertionsshouldincludemessage" priority="3">
JUnit assertions should include a message
</violation>
<violation beginline="107" endline="107" begincolumn="3" endcolumn="25" rule="UnnecessaryFullyQualifiedName" ruleset="Code Style" package="org.junit.vintage.engine" class="VintageTestEngineDiscoveryTests" method="resolvesIgnoredJUnit4TestClass" externalInfoUrl="https://pmd.github.io/pmd/pmd_rules_java_codestyle.html#unnecessaryfullyqualifiedname" priority="4">
Unnecessary use of fully qualified name 'Assertions.assertEquals' due to existing static import 'org.junit.jupiter.api.Assertions.assertEquals'
</violation>
<violation beginline="112" endline="112" begincolumn="56" endcolumn="64" rule="SignatureDeclareThrowsException" ruleset="Design" package="org.junit.vintage.engine" class="VintageTestEngineDiscoveryTests" method="resolvesJUnit4TestClassWithCustomRunner" externalInfoUrl="https://pmd.github.io/pmd/pmd_rules_java_design.html#signaturedeclarethrowsexception" priority="3">
A method/constructor should not explicitly throw java.lang.Exception
</violation>
<violation beginline="112" endline="124" begincolumn="2" endcolumn="2" rule="JUnitTestContainsTooManyAsserts" ruleset="Best Practices" package="org.junit.vintage.engine" class="VintageTestEngineDiscoveryTests" method="resolvesJUnit4TestClassWithCustomRunner" externalInfoUrl="https://pmd.github.io/pmd/pmd_rules_java_bestpractices.html#junittestcontainstoomanyasserts" priority="3">
Unit tests should not contain more than 1 assert(s).
</violation>
<violation beginline="122" endline="122" begincolumn="58" endcolumn="65" rule="AvoidDuplicateLiterals" ruleset="Error Prone" package="org.junit.vintage.engine" class="VintageTestEngineDiscoveryTests" method="resolvesJUnit4TestClassWithCustomRunner" externalInfoUrl="https://pmd.github.io/pmd/pmd_rules_java_errorprone.html#avoidduplicateliterals" priority="3">
The String literal "theory" appears 5 times in this file; the first occurrence is on line 122
</violation>
<violation beginline="127" endline="127" begincolumn="39" endcolumn="47" rule="SignatureDeclareThrowsException" ruleset="Design" package="org.junit.vintage.engine" class="VintageTestEngineDiscoveryTests" method="resolvesJUnit3TestCase" externalInfoUrl="https://pmd.github.io/pmd/pmd_rules_java_design.html#signaturedeclarethrowsexception" priority="3">
A method/constructor should not explicitly throw java.lang.Exception
</violation>
<violation beginline="127" endline="139" begincolumn="2" endcolumn="2" rule="JUnitTestContainsTooManyAsserts" ruleset="Best Practices" package="org.junit.vintage.engine" class="VintageTestEngineDiscoveryTests" method="resolvesJUnit3TestCase" externalInfoUrl="https://pmd.github.io/pmd/pmd_rules_java_bestpractices.html#junittestcontainstoomanyasserts" priority="3">
Unit tests should not contain more than 1 assert(s).
</violation>
<violation beginline="137" endline="137" begincolumn="58" endcolumn="63" rule="AvoidDuplicateLiterals" ruleset="Error Prone" package="org.junit.vintage.engine" class="VintageTestEngineDiscoveryTests" method="resolvesJUnit3TestCase" externalInfoUrl="https://pmd.github.io/pmd/pmd_rules_java_errorprone.html#avoidduplicateliterals" priority="3">
The String literal "test" appears 4 times in this file; the first occurrence is on line 137
</violation>
<violation beginline="142" endline="142" begincolumn="78" endcolumn="86" rule="SignatureDeclareThrowsException" ruleset="Design" package="org.junit.vintage.engine" class="VintageTestEngineDiscoveryTests" method="resolvesJUnit3SuiteWithSingleTestCaseWithSingleTestWhichFails" externalInfoUrl="https://pmd.github.io/pmd/pmd_rules_java_design.html#signaturedeclarethrowsexception" priority="3">
A method/constructor should not explicitly throw java.lang.Exception
</violation>
<violation beginline="142" endline="158" begincolumn="2" endcolumn="2" rule="JUnitTestContainsTooManyAsserts" ruleset="Best Practices" package="org.junit.vintage.engine" class="VintageTestEngineDiscoveryTests" method="resolvesJUnit3SuiteWithSingleTestCaseWithSingleTestWhichFails" externalInfoUrl="https://pmd.github.io/pmd/pmd_rules_java_bestpractices.html#junittestcontainstoomanyasserts" priority="3">
Unit tests should not contain more than 1 assert(s).
</violation>
<violation beginline="161" endline="161" begincolumn="87" endcolumn="95" rule="SignatureDeclareThrowsException" ruleset="Design" package="org.junit.vintage.engine" class="VintageTestEngineDiscoveryTests" method="resolvesJUnit4SuiteWithPlainJUnit4TestCaseWithSingleTestWhichIsIgnored" externalInfoUrl="https://pmd.github.io/pmd/pmd_rules_java_design.html#signaturedeclarethrowsexception" priority="3">
A method/constructor should not explicitly throw java.lang.Exception
</violation>
<violation beginline="161" endline="177" begincolumn="2" endcolumn="2" rule="JUnitTestContainsTooManyAsserts" ruleset="Best Practices" package="org.junit.vintage.engine" class="VintageTestEngineDiscoveryTests" method="resolvesJUnit4SuiteWithPlainJUnit4TestCaseWithSingleTestWhichIsIgnored" externalInfoUrl="https://pmd.github.io/pmd/pmd_rules_java_bestpractices.html#junittestcontainstoomanyasserts" priority="3">
Unit tests should not contain more than 1 assert(s).
</violation>
<violation beginline="180" endline="203" begincolumn="2" endcolumn="2" rule="JUnitTestContainsTooManyAsserts" ruleset="Best Practices" package="org.junit.vintage.engine" class="VintageTestEngineDiscoveryTests" method="resolvesJUnit4TestCaseWithOverloadedMethod" externalInfoUrl="https://pmd.github.io/pmd/pmd_rules_java_bestpractices.html#junittestcontainstoomanyasserts" priority="3">
Unit tests should not contain more than 1 assert(s).
</violation>
<violation beginline="193" endline="193" begincolumn="3" endcolumn="14" rule="JUnitAssertionsShouldIncludeMessage" ruleset="Best Practices" package="org.junit.vintage.engine" class="VintageTestEngineDiscoveryTests" method="resolvesJUnit4TestCaseWithOverloadedMethod" externalInfoUrl="https://pmd.github.io/pmd/pmd_rules_java_bestpractices.html#junitassertionsshouldincludemessage" priority="3">
JUnit assertions should include a message
</violation>
<violation beginline="194" endline="194" begincolumn="3" endcolumn="25" rule="UnnecessaryFullyQualifiedName" ruleset="Code Style" package="org.junit.vintage.engine" class="VintageTestEngineDiscoveryTests" method="resolvesJUnit4TestCaseWithOverloadedMethod" externalInfoUrl="https://pmd.github.io/pmd/pmd_rules_java_codestyle.html#unnecessaryfullyqualifiedname" priority="4">
Unnecessary use of fully qualified name 'Assertions.assertEquals' due to existing static import 'org.junit.jupiter.api.Assertions.assertEquals'
</violation>
<violation beginline="199" endline="199" begincolumn="3" endcolumn="14" rule="JUnitAssertionsShouldIncludeMessage" ruleset="Best Practices" package="org.junit.vintage.engine" class="VintageTestEngineDiscoveryTests" method="resolvesJUnit4TestCaseWithOverloadedMethod" externalInfoUrl="https://pmd.github.io/pmd/pmd_rules_java_bestpractices.html#junitassertionsshouldincludemessage" priority="3">
JUnit assertions should include a message
</violation>
<violation beginline="200" endline="200" begincolumn="3" endcolumn="25" rule="UnnecessaryFullyQualifiedName" ruleset="Code Style" package="org.junit.vintage.engine" class="VintageTestEngineDiscoveryTests" method="resolvesJUnit4TestCaseWithOverloadedMethod" externalInfoUrl="https://pmd.github.io/pmd/pmd_rules_java_codestyle.html#unnecessaryfullyqualifiedname" priority="4">
Unnecessary use of fully qualified name 'Assertions.assertEquals' due to existing static import 'org.junit.jupiter.api.Assertions.assertEquals'
</violation>
<violation beginline="216" endline="216" begincolumn="42" endcolumn="50" rule="SignatureDeclareThrowsException" ruleset="Design" package="org.junit.vintage.engine" class="VintageTestEngineDiscoveryTests" method="resolvesClasspathSelector" externalInfoUrl="https://pmd.github.io/pmd/pmd_rules_java_design.html#signaturedeclarethrowsexception" priority="3">
A method/constructor should not explicitly throw java.lang.Exception
</violation>
<violation beginline="231" endline="231" begincolumn="52" endcolumn="60" rule="SignatureDeclareThrowsException" ruleset="Design" package="org.junit.vintage.engine" class="VintageTestEngineDiscoveryTests" method="resolvesClasspathSelectorForJarFile" externalInfoUrl="https://pmd.github.io/pmd/pmd_rules_java_design.html#signaturedeclarethrowsexception" priority="3">
A method/constructor should not explicitly throw java.lang.Exception
</violation>
<violation beginline="255" endline="255" begincolumn="49" endcolumn="57" rule="SignatureDeclareThrowsException" ruleset="Design" package="org.junit.vintage.engine" class="VintageTestEngineDiscoveryTests" method="resolvesApplyingClassNameFilters" externalInfoUrl="https://pmd.github.io/pmd/pmd_rules_java_design.html#signaturedeclarethrowsexception" priority="3">
A method/constructor should not explicitly throw java.lang.Exception
</violation>
<violation beginline="273" endline="273" begincolumn="51" endcolumn="59" rule="SignatureDeclareThrowsException" ruleset="Design" package="org.junit.vintage.engine" class="VintageTestEngineDiscoveryTests" method="resolvesApplyingPackageNameFilters" externalInfoUrl="https://pmd.github.io/pmd/pmd_rules_java_design.html#signaturedeclarethrowsexception" priority="3">
A method/constructor should not explicitly throw java.lang.Exception
</violation>
<violation beginline="323" endline="323" begincolumn="52" endcolumn="60" rule="SignatureDeclareThrowsException" ruleset="Design" package="org.junit.vintage.engine" class="VintageTestEngineDiscoveryTests" method="resolvesClassesWithInheritedMethods" externalInfoUrl="https://pmd.github.io/pmd/pmd_rules_java_design.html#signaturedeclarethrowsexception" priority="3">
A method/constructor should not explicitly throw java.lang.Exception
</violation>
<violation beginline="323" endline="337" begincolumn="2" endcolumn="2" rule="JUnitTestContainsTooManyAsserts" ruleset="Best Practices" package="org.junit.vintage.engine" class="VintageTestEngineDiscoveryTests" method="resolvesClassesWithInheritedMethods" externalInfoUrl="https://pmd.github.io/pmd/pmd_rules_java_bestpractices.html#junittestcontainstoomanyasserts" priority="3">
Unit tests should not contain more than 1 assert(s).
</violation>
<violation beginline="331" endline="331" begincolumn="3" endcolumn="14" rule="JUnitAssertionsShouldIncludeMessage" ruleset="Best Practices" package="org.junit.vintage.engine" class="VintageTestEngineDiscoveryTests" method="resolvesClassesWithInheritedMethods" externalInfoUrl="https://pmd.github.io/pmd/pmd_rules_java_bestpractices.html#junitassertionsshouldincludemessage" priority="3">
JUnit assertions should include a message
</violation>
<violation beginline="335" endline="335" begincolumn="3" endcolumn="14" rule="JUnitAssertionsShouldIncludeMessage" ruleset="Best Practices" package="org.junit.vintage.engine" class="VintageTestEngineDiscoveryTests" method="resolvesClassesWithInheritedMethods" externalInfoUrl="https://pmd.github.io/pmd/pmd_rules_java_bestpractices.html#junitassertionsshouldincludemessage" priority="3">
JUnit assertions should include a message
</violation>
<violation beginline="340" endline="364" begincolumn="2" endcolumn="2" rule="JUnitTestContainsTooManyAsserts" ruleset="Best Practices" package="org.junit.vintage.engine" class="VintageTestEngineDiscoveryTests" method="resolvesCategoriesIntoTags" externalInfoUrl="https://pmd.github.io/pmd/pmd_rules_java_bestpractices.html#junittestcontainstoomanyasserts" priority="3">
Unit tests should not contain more than 1 assert(s).
</violation>
<violation beginline="350" endline="350" begincolumn="3" endcolumn="12" rule="JUnitAssertionsShouldIncludeMessage" ruleset="Best Practices" package="org.junit.vintage.engine" class="VintageTestEngineDiscoveryTests" method="resolvesCategoriesIntoTags" externalInfoUrl="https://pmd.github.io/pmd/pmd_rules_java_bestpractices.html#junitassertionsshouldincludemessage" priority="3">
JUnit assertions should include a message
</violation>
<violation beginline="355" endline="355" begincolumn="3" endcolumn="12" rule="JUnitAssertionsShouldIncludeMessage" ruleset="Best Practices" package="org.junit.vintage.engine" class="VintageTestEngineDiscoveryTests" method="resolvesCategoriesIntoTags" externalInfoUrl="https://pmd.github.io/pmd/pmd_rules_java_bestpractices.html#junitassertionsshouldincludemessage" priority="3">
JUnit assertions should include a message
</violation>
<violation beginline="367" endline="367" begincolumn="54" endcolumn="62" rule="SignatureDeclareThrowsException" ruleset="Design" package="org.junit.vintage.engine" class="VintageTestEngineDiscoveryTests" method="resolvesMethodSelectorForSingleMethod" externalInfoUrl="https://pmd.github.io/pmd/pmd_rules_java_design.html#signaturedeclarethrowsexception" priority="3">
A method/constructor should not explicitly throw java.lang.Exception
</violation>
<violation beginline="367" endline="380" begincolumn="2" endcolumn="2" rule="JUnitTestContainsTooManyAsserts" ruleset="Best Practices" package="org.junit.vintage.engine" class="VintageTestEngineDiscoveryTests" method="resolvesMethodSelectorForSingleMethod" externalInfoUrl="https://pmd.github.io/pmd/pmd_rules_java_bestpractices.html#junittestcontainstoomanyasserts" priority="3">
Unit tests should not contain more than 1 assert(s).
</violation>
<violation beginline="383" endline="383" begincolumn="63" endcolumn="71" rule="SignatureDeclareThrowsException" ruleset="Design" package="org.junit.vintage.engine" class="VintageTestEngineDiscoveryTests" method="resolvesMethodSelectorForTwoMethodsOfSameClass" externalInfoUrl="https://pmd.github.io/pmd/pmd_rules_java_design.html#signaturedeclarethrowsexception" priority="3">
A method/constructor should not explicitly throw java.lang.Exception
</violation>
<violation beginline="383" endline="404" begincolumn="2" endcolumn="2" rule="JUnitTestContainsTooManyAsserts" ruleset="Best Practices" package="org.junit.vintage.engine" class="VintageTestEngineDiscoveryTests" method="resolvesMethodSelectorForTwoMethodsOfSameClass" externalInfoUrl="https://pmd.github.io/pmd/pmd_rules_java_bestpractices.html#junittestcontainstoomanyasserts" priority="3">
Unit tests should not contain more than 1 assert(s).
</violation>
<violation beginline="387" endline="387" begincolumn="48" endcolumn="63" rule="AvoidDuplicateLiterals" ruleset="Error Prone" package="org.junit.vintage.engine" class="VintageTestEngineDiscoveryTests" method="resolvesMethodSelectorForTwoMethodsOfSameClass" externalInfoUrl="https://pmd.github.io/pmd/pmd_rules_java_errorprone.html#avoidduplicateliterals" priority="3">
The String literal "successfulTest" appears 6 times in this file; the first occurrence is on line 387
</violation>
<violation beginline="407" endline="407" begincolumn="56" endcolumn="64" rule="SignatureDeclareThrowsException" ruleset="Design" package="org.junit.vintage.engine" class="VintageTestEngineDiscoveryTests" method="resolvesUniqueIdSelectorForSingleMethod" externalInfoUrl="https://pmd.github.io/pmd/pmd_rules_java_design.html#signaturedeclarethrowsexception" priority="3">
A method/constructor should not explicitly throw java.lang.Exception
</violation>
<violation beginline="407" endline="420" begincolumn="2" endcolumn="2" rule="JUnitTestContainsTooManyAsserts" ruleset="Best Practices" package="org.junit.vintage.engine" class="VintageTestEngineDiscoveryTests" method="resolvesUniqueIdSelectorForSingleMethod" externalInfoUrl="https://pmd.github.io/pmd/pmd_rules_java_bestpractices.html#junittestcontainstoomanyasserts" priority="3">
Unit tests should not contain more than 1 assert(s).
</violation>
<violation beginline="423" endline="423" begincolumn="55" endcolumn="63" rule="SignatureDeclareThrowsException" ruleset="Design" package="org.junit.vintage.engine" class="VintageTestEngineDiscoveryTests" method="resolvesUniqueIdSelectorForSingleClass" externalInfoUrl="https://pmd.github.io/pmd/pmd_rules_java_design.html#signaturedeclarethrowsexception" priority="3">
A method/constructor should not explicitly throw java.lang.Exception
</violation>
<violation beginline="423" endline="434" begincolumn="2" endcolumn="2" rule="JUnitTestContainsTooManyAsserts" ruleset="Best Practices" package="org.junit.vintage.engine" class="VintageTestEngineDiscoveryTests" method="resolvesUniqueIdSelectorForSingleClass" externalInfoUrl="https://pmd.github.io/pmd/pmd_rules_java_bestpractices.html#junittestcontainstoomanyasserts" priority="3">
Unit tests should not contain more than 1 assert(s).
</violation>
<violation beginline="437" endline="437" begincolumn="65" endcolumn="73" rule="SignatureDeclareThrowsException" ruleset="Design" package="org.junit.vintage.engine" class="VintageTestEngineDiscoveryTests" method="resolvesUniqueIdSelectorOfSingleClassWithinSuite" externalInfoUrl="https://pmd.github.io/pmd/pmd_rules_java_design.html#signaturedeclarethrowsexception" priority="3">
A method/constructor should not explicitly throw java.lang.Exception
</violation>
<violation beginline="437" endline="454" begincolumn="2" endcolumn="2" rule="JUnitTestContainsTooManyAsserts" ruleset="Best Practices" package="org.junit.vintage.engine" class="VintageTestEngineDiscoveryTests" method="resolvesUniqueIdSelectorOfSingleClassWithinSuite" externalInfoUrl="https://pmd.github.io/pmd/pmd_rules_java_bestpractices.html#junittestcontainstoomanyasserts" priority="3">
Unit tests should not contain more than 1 assert(s).
</violation>
<violation beginline="457" endline="457" begincolumn="66" endcolumn="74" rule="SignatureDeclareThrowsException" ruleset="Design" package="org.junit.vintage.engine" class="VintageTestEngineDiscoveryTests" method="resolvesUniqueIdSelectorOfSingleMethodWithinSuite" externalInfoUrl="https://pmd.github.io/pmd/pmd_rules_java_design.html#signaturedeclarethrowsexception" priority="3">
A method/constructor should not explicitly throw java.lang.Exception
</violation>
<violation beginline="457" endline="475" begincolumn="2" endcolumn="2" rule="JUnitTestContainsTooManyAsserts" ruleset="Best Practices" package="org.junit.vintage.engine" class="VintageTestEngineDiscoveryTests" method="resolvesUniqueIdSelectorOfSingleMethodWithinSuite" externalInfoUrl="https://pmd.github.io/pmd/pmd_rules_java_bestpractices.html#junittestcontainstoomanyasserts" priority="3">
Unit tests should not contain more than 1 assert(s).
</violation>
<violation beginline="478" endline="478" begincolumn="71" endcolumn="79" rule="SignatureDeclareThrowsException" ruleset="Design" package="org.junit.vintage.engine" class="VintageTestEngineDiscoveryTests" method="resolvesMultipleUniqueIdSelectorsForMethodsOfSameClass" externalInfoUrl="https://pmd.github.io/pmd/pmd_rules_java_design.html#signaturedeclarethrowsexception" priority="3">
A method/constructor should not explicitly throw java.lang.Exception
</violation>
<violation beginline="478" endline="495" begincolumn="2" endcolumn="2" rule="JUnitTestContainsTooManyAsserts" ruleset="Best Practices" package="org.junit.vintage.engine" class="VintageTestEngineDiscoveryTests" method="resolvesMultipleUniqueIdSelectorsForMethodsOfSameClass" externalInfoUrl="https://pmd.github.io/pmd/pmd_rules_java_bestpractices.html#junittestcontainstoomanyasserts" priority="3">
Unit tests should not contain more than 1 assert(s).
</violation>
<violation beginline="498" endline="498" begincolumn="68" endcolumn="76" rule="SignatureDeclareThrowsException" ruleset="Design" package="org.junit.vintage.engine" class="VintageTestEngineDiscoveryTests" method="doesNotResolveMissingUniqueIdSelectorForSingleClass" externalInfoUrl="https://pmd.github.io/pmd/pmd_rules_java_design.html#signaturedeclarethrowsexception" priority="3">
A method/constructor should not explicitly throw java.lang.Exception
</violation>
<violation beginline="498" endline="510" begincolumn="2" endcolumn="2" rule="JUnitTestContainsTooManyAsserts" ruleset="Best Practices" package="org.junit.vintage.engine" class="VintageTestEngineDiscoveryTests" method="doesNotResolveMissingUniqueIdSelectorForSingleClass" externalInfoUrl="https://pmd.github.io/pmd/pmd_rules_java_bestpractices.html#junittestcontainstoomanyasserts" priority="3">
Unit tests should not contain more than 1 assert(s).
</violation>
<violation beginline="513" endline="513" begincolumn="73" endcolumn="81" rule="SignatureDeclareThrowsException" ruleset="Design" package="org.junit.vintage.engine" class="VintageTestEngineDiscoveryTests" method="ignoresMoreFineGrainedSelectorsWhenClassIsSelectedAsWell" externalInfoUrl="https://pmd.github.io/pmd/pmd_rules_java_design.html#signaturedeclarethrowsexception" priority="3">
A method/constructor should not explicitly throw java.lang.Exception
</violation>
<violation beginline="513" endline="526" begincolumn="2" endcolumn="2" rule="JUnitTestContainsTooManyAsserts" ruleset="Best Practices" package="org.junit.vintage.engine" class="VintageTestEngineDiscoveryTests" method="ignoresMoreFineGrainedSelectorsWhenClassIsSelectedAsWell" externalInfoUrl="https://pmd.github.io/pmd/pmd_rules_java_bestpractices.html#junittestcontainstoomanyasserts" priority="3">
Unit tests should not contain more than 1 assert(s).
</violation>
<violation beginline="529" endline="529" begincolumn="63" endcolumn="71" rule="SignatureDeclareThrowsException" ruleset="Design" package="org.junit.vintage.engine" class="VintageTestEngineDiscoveryTests" method="resolvesCombinationOfMethodAndUniqueIdSelector" externalInfoUrl="https://pmd.github.io/pmd/pmd_rules_java_design.html#signaturedeclarethrowsexception" priority="3">
A method/constructor should not explicitly throw java.lang.Exception
</violation>
<violation beginline="529" endline="547" begincolumn="2" endcolumn="2" rule="JUnitTestContainsTooManyAsserts" ruleset="Best Practices" package="org.junit.vintage.engine" class="VintageTestEngineDiscoveryTests" method="resolvesCombinationOfMethodAndUniqueIdSelector" externalInfoUrl="https://pmd.github.io/pmd/pmd_rules_java_bestpractices.html#junittestcontainstoomanyasserts" priority="3">
Unit tests should not contain more than 1 assert(s).
</violation>
<violation beginline="550" endline="550" begincolumn="41" endcolumn="49" rule="SignatureDeclareThrowsException" ruleset="Design" package="org.junit.vintage.engine" class="VintageTestEngineDiscoveryTests" method="ignoresRedundantSelector" externalInfoUrl="https://pmd.github.io/pmd/pmd_rules_java_design.html#signaturedeclarethrowsexception" priority="3">
A method/constructor should not explicitly throw java.lang.Exception
</violation>
<violation beginline="550" endline="565" begincolumn="2" endcolumn="2" rule="JUnitTestContainsTooManyAsserts" ruleset="Best Practices" package="org.junit.vintage.engine" class="VintageTestEngineDiscoveryTests" method="ignoresRedundantSelector" externalInfoUrl="https://pmd.github.io/pmd/pmd_rules_java_bestpractices.html#junittestcontainstoomanyasserts" priority="3">
Unit tests should not contain more than 1 assert(s).
</violation>
<violation beginline="568" endline="568" begincolumn="72" endcolumn="80" rule="SignatureDeclareThrowsException" ruleset="Design" package="org.junit.vintage.engine" class="VintageTestEngineDiscoveryTests" method="doesNotResolveMethodOfClassNotAcceptedByClassNameFilter" externalInfoUrl="https://pmd.github.io/pmd/pmd_rules_java_design.html#signaturedeclarethrowsexception" priority="3">
A method/constructor should not explicitly throw java.lang.Exception
</violation>
<violation beginline="581" endline="581" begincolumn="74" endcolumn="82" rule="SignatureDeclareThrowsException" ruleset="Design" package="org.junit.vintage.engine" class="VintageTestEngineDiscoveryTests" method="doesNotResolveMethodOfClassNotAcceptedByPackageNameFilter" externalInfoUrl="https://pmd.github.io/pmd/pmd_rules_java_design.html#signaturedeclarethrowsexception" priority="3">
A method/constructor should not explicitly throw java.lang.Exception
</violation>
<violation beginline="594" endline="594" begincolumn="78" endcolumn="86" rule="SignatureDeclareThrowsException" ruleset="Design" package="org.junit.vintage.engine" class="VintageTestEngineDiscoveryTests" method="resolvesClassForMethodSelectorForClassWithNonFilterableRunner" externalInfoUrl="https://pmd.github.io/pmd/pmd_rules_java_design.html#signaturedeclarethrowsexception" priority="3">
A method/constructor should not explicitly throw java.lang.Exception
</violation>
<violation beginline="594" endline="608" begincolumn="2" endcolumn="2" rule="JUnitTestContainsTooManyAsserts" ruleset="Best Practices" package="org.junit.vintage.engine" class="VintageTestEngineDiscoveryTests" method="resolvesClassForMethodSelectorForClassWithNonFilterableRunner" externalInfoUrl="https://pmd.github.io/pmd/pmd_rules_java_bestpractices.html#junittestcontainstoomanyasserts" priority="3">
Unit tests should not contain more than 1 assert(s).
</violation>
<violation beginline="605" endline="605" begincolumn="3" endcolumn="14" rule="JUnitAssertionsShouldIncludeMessage" ruleset="Best Practices" package="org.junit.vintage.engine" class="VintageTestEngineDiscoveryTests" method="resolvesClassForMethodSelectorForClassWithNonFilterableRunner" externalInfoUrl="https://pmd.github.io/pmd/pmd_rules_java_bestpractices.html#junitassertionsshouldincludemessage" priority="3">
JUnit assertions should include a message
</violation>
<violation beginline="606" endline="606" begincolumn="3" endcolumn="25" rule="UnnecessaryFullyQualifiedName" ruleset="Code Style" package="org.junit.vintage.engine" class="VintageTestEngineDiscoveryTests" method="resolvesClassForMethodSelectorForClassWithNonFilterableRunner" externalInfoUrl="https://pmd.github.io/pmd/pmd_rules_java_codestyle.html#unnecessaryfullyqualifiedname" priority="4">
Unnecessary use of fully qualified name 'Assertions.assertEquals' due to existing static import 'org.junit.jupiter.api.Assertions.assertEquals'
</violation>
<violation beginline="611" endline="611" begincolumn="47" endcolumn="55" rule="SignatureDeclareThrowsException" ruleset="Design" package="org.junit.vintage.engine" class="VintageTestEngineDiscoveryTests" method="usesCustomUniqueIdsWhenPresent" externalInfoUrl="https://pmd.github.io/pmd/pmd_rules_java_design.html#signaturedeclarethrowsexception" priority="3">
A method/constructor should not explicitly throw java.lang.Exception
</violation>
<violation beginline="611" endline="628" begincolumn="2" endcolumn="2" rule="JUnitTestContainsTooManyAsserts" ruleset="Best Practices" package="org.junit.vintage.engine" class="VintageTestEngineDiscoveryTests" method="usesCustomUniqueIdsWhenPresent" externalInfoUrl="https://pmd.github.io/pmd/pmd_rules_java_bestpractices.html#junittestcontainstoomanyasserts" priority="3">
Unit tests should not contain more than 1 assert(s).
</violation>
<violation beginline="631" endline="631" begincolumn="56" endcolumn="64" rule="SignatureDeclareThrowsException" ruleset="Design" package="org.junit.vintage.engine" class="VintageTestEngineDiscoveryTests" method="resolvesTestSourceForParameterizedTests" externalInfoUrl="https://pmd.github.io/pmd/pmd_rules_java_design.html#signaturedeclarethrowsexception" priority="3">
A method/constructor should not explicitly throw java.lang.Exception
</violation>
<violation beginline="631" endline="650" begincolumn="2" endcolumn="2" rule="JUnitTestContainsTooManyAsserts" ruleset="Best Practices" package="org.junit.vintage.engine" class="VintageTestEngineDiscoveryTests" method="resolvesTestSourceForParameterizedTests" externalInfoUrl="https://pmd.github.io/pmd/pmd_rules_java_bestpractices.html#junittestcontainstoomanyasserts" priority="3">
Unit tests should not contain more than 1 assert(s).
</violation>
<violation beginline="641" endline="641" begincolumn="3" endcolumn="12" rule="JUnitAssertionsShouldIncludeMessage" ruleset="Best Practices" package="org.junit.vintage.engine" class="VintageTestEngineDiscoveryTests" method="resolvesTestSourceForParameterizedTests" externalInfoUrl="https://pmd.github.io/pmd/pmd_rules_java_bestpractices.html#junitassertionsshouldincludemessage" priority="3">
JUnit assertions should include a message
</violation>
<violation beginline="642" endline="642" begincolumn="3" endcolumn="13" rule="JUnitAssertionsShouldIncludeMessage" ruleset="Best Practices" package="org.junit.vintage.engine" class="VintageTestEngineDiscoveryTests" method="resolvesTestSourceForParameterizedTests" externalInfoUrl="https://pmd.github.io/pmd/pmd_rules_java_bestpractices.html#junitassertionsshouldincludemessage" priority="3">
JUnit assertions should include a message
</violation>
<violation beginline="646" endline="646" begincolumn="3" endcolumn="14" rule="JUnitAssertionsShouldIncludeMessage" ruleset="Best Practices" package="org.junit.vintage.engine" class="VintageTestEngineDiscoveryTests" method="resolvesTestSourceForParameterizedTests" externalInfoUrl="https://pmd.github.io/pmd/pmd_rules_java_bestpractices.html#junitassertionsshouldincludemessage" priority="3">
JUnit assertions should include a message
</violation>
<violation beginline="647" endline="647" begincolumn="3" endcolumn="12" rule="JUnitAssertionsShouldIncludeMessage" ruleset="Best Practices" package="org.junit.vintage.engine" class="VintageTestEngineDiscoveryTests" method="resolvesTestSourceForParameterizedTests" externalInfoUrl="https://pmd.github.io/pmd/pmd_rules_java_bestpractices.html#junitassertionsshouldincludemessage" priority="3">
JUnit assertions should include a message
</violation>
<violation beginline="648" endline="648" begincolumn="3" endcolumn="13" rule="JUnitAssertionsShouldIncludeMessage" ruleset="Best Practices" package="org.junit.vintage.engine" class="VintageTestEngineDiscoveryTests" method="resolvesTestSourceForParameterizedTests" externalInfoUrl="https://pmd.github.io/pmd/pmd_rules_java_bestpractices.html#junitassertionsshouldincludemessage" priority="3">
JUnit assertions should include a message
</violation>
<violation beginline="668" endline="668" begincolumn="59" endcolumn="67" rule="SignatureDeclareThrowsException" ruleset="Design" package="org.junit.vintage.engine" class="VintageTestEngineDiscoveryTests" method="getClasspathRoot" externalInfoUrl="https://pmd.github.io/pmd/pmd_rules_java_design.html#signaturedeclarethrowsexception" priority="3">
A method/constructor should not explicitly throw java.lang.Exception
</violation>
<violation beginline="686" endline="686" begincolumn="3" endcolumn="12" rule="JUnitAssertionsShouldIncludeMessage" ruleset="Best Practices" package="org.junit.vintage.engine" class="VintageTestEngineDiscoveryTests" method="assertRunnerTestDescriptor" externalInfoUrl="https://pmd.github.io/pmd/pmd_rules_java_bestpractices.html#junitassertionsshouldincludemessage" priority="3">
JUnit assertions should include a message
</violation>
<violation beginline="687" endline="687" begincolumn="3" endcolumn="13" rule="JUnitAssertionsShouldIncludeMessage" ruleset="Best Practices" package="org.junit.vintage.engine" class="VintageTestEngineDiscoveryTests" method="assertRunnerTestDescriptor" externalInfoUrl="https://pmd.github.io/pmd/pmd_rules_java_bestpractices.html#junitassertionsshouldincludemessage" priority="3">
JUnit assertions should include a message
</violation>
<violation beginline="688" endline="688" begincolumn="3" endcolumn="14" rule="JUnitAssertionsShouldIncludeMessage" ruleset="Best Practices" package="org.junit.vintage.engine" class="VintageTestEngineDiscoveryTests" method="assertRunnerTestDescriptor" externalInfoUrl="https://pmd.github.io/pmd/pmd_rules_java_bestpractices.html#junitassertionsshouldincludemessage" priority="3">
JUnit assertions should include a message
</violation>
<violation beginline="689" endline="689" begincolumn="3" endcolumn="25" rule="UnnecessaryFullyQualifiedName" ruleset="Code Style" package="org.junit.vintage.engine" class="VintageTestEngineDiscoveryTests" method="assertRunnerTestDescriptor" externalInfoUrl="https://pmd.github.io/pmd/pmd_rules_java_codestyle.html#unnecessaryfullyqualifiedname" priority="4">
Unnecessary use of fully qualified name 'Assertions.assertEquals' due to existing static import 'org.junit.jupiter.api.Assertions.assertEquals'
</violation>
<violation beginline="694" endline="694" begincolumn="58" endcolumn="66" rule="SignatureDeclareThrowsException" ruleset="Design" package="org.junit.vintage.engine" class="VintageTestEngineDiscoveryTests" method="assertTestMethodDescriptor" externalInfoUrl="https://pmd.github.io/pmd/pmd_rules_java_design.html#signaturedeclarethrowsexception" priority="3">
A method/constructor should not explicitly throw java.lang.Exception
</violation>
<violation beginline="695" endline="695" begincolumn="3" endcolumn="12" rule="JUnitAssertionsShouldIncludeMessage" ruleset="Best Practices" package="org.junit.vintage.engine" class="VintageTestEngineDiscoveryTests" method="assertTestMethodDescriptor" externalInfoUrl="https://pmd.github.io/pmd/pmd_rules_java_bestpractices.html#junitassertionsshouldincludemessage" priority="3">
JUnit assertions should include a message
</violation>
<violation beginline="696" endline="696" begincolumn="3" endcolumn="13" rule="JUnitAssertionsShouldIncludeMessage" ruleset="Best Practices" package="org.junit.vintage.engine" class="VintageTestEngineDiscoveryTests" method="assertTestMethodDescriptor" externalInfoUrl="https://pmd.github.io/pmd/pmd_rules_java_bestpractices.html#junitassertionsshouldincludemessage" priority="3">
JUnit assertions should include a message
</violation>
<violation beginline="697" endline="697" begincolumn="3" endcolumn="14" rule="JUnitAssertionsShouldIncludeMessage" ruleset="Best Practices" package="org.junit.vintage.engine" class="VintageTestEngineDiscoveryTests" method="assertTestMethodDescriptor" externalInfoUrl="https://pmd.github.io/pmd/pmd_rules_java_bestpractices.html#junitassertionsshouldincludemessage" priority="3">
JUnit assertions should include a message
</violation>
<violation beginline="698" endline="698" begincolumn="3" endcolumn="25" rule="UnnecessaryFullyQualifiedName" ruleset="Code Style" package="org.junit.vintage.engine" class="VintageTestEngineDiscoveryTests" method="assertTestMethodDescriptor" externalInfoUrl="https://pmd.github.io/pmd/pmd_rules_java_codestyle.html#unnecessaryfullyqualifiedname" priority="4">
Unnecessary use of fully qualified name 'Assertions.assertEquals' due to existing static import 'org.junit.jupiter.api.Assertions.assertEquals'
</violation>
<violation beginline="706" endline="706" begincolumn="3" endcolumn="12" rule="JUnitAssertionsShouldIncludeMessage" ruleset="Best Practices" package="org.junit.vintage.engine" class="VintageTestEngineDiscoveryTests" method="assertContainerTestDescriptor" externalInfoUrl="https://pmd.github.io/pmd/pmd_rules_java_bestpractices.html#junitassertionsshouldincludemessage" priority="3">
JUnit assertions should include a message
</violation>
<violation beginline="707" endline="707" begincolumn="3" endcolumn="13" rule="JUnitAssertionsShouldIncludeMessage" ruleset="Best Practices" package="org.junit.vintage.engine" class="VintageTestEngineDiscoveryTests" method="assertContainerTestDescriptor" externalInfoUrl="https://pmd.github.io/pmd/pmd_rules_java_bestpractices.html#junitassertionsshouldincludemessage" priority="3">
JUnit assertions should include a message
</violation>
<violation beginline="708" endline="708" begincolumn="3" endcolumn="14" rule="JUnitAssertionsShouldIncludeMessage" ruleset="Best Practices" package="org.junit.vintage.engine" class="VintageTestEngineDiscoveryTests" method="assertContainerTestDescriptor" externalInfoUrl="https://pmd.github.io/pmd/pmd_rules_java_bestpractices.html#junitassertionsshouldincludemessage" priority="3">
JUnit assertions should include a message
</violation>
<violation beginline="709" endline="709" begincolumn="3" endcolumn="25" rule="UnnecessaryFullyQualifiedName" ruleset="Code Style" package="org.junit.vintage.engine" class="VintageTestEngineDiscoveryTests" method="assertContainerTestDescriptor" externalInfoUrl="https://pmd.github.io/pmd/pmd_rules_java_codestyle.html#unnecessaryfullyqualifiedname" priority="4">
Unnecessary use of fully qualified name 'Assertions.assertEquals' due to existing static import 'org.junit.jupiter.api.Assertions.assertEquals'
</violation>
<violation beginline="716" endline="716" begincolumn="3" endcolumn="12" rule="JUnitAssertionsShouldIncludeMessage" ruleset="Best Practices" package="org.junit.vintage.engine" class="VintageTestEngineDiscoveryTests" method="assertInitializationError" externalInfoUrl="https://pmd.github.io/pmd/pmd_rules_java_bestpractices.html#junitassertionsshouldincludemessage" priority="3">
JUnit assertions should include a message
</violation>
<violation beginline="717" endline="717" begincolumn="3" endcolumn="13" rule="JUnitAssertionsShouldIncludeMessage" ruleset="Best Practices" package="org.junit.vintage.engine" class="VintageTestEngineDiscoveryTests" method="assertInitializationError" externalInfoUrl="https://pmd.github.io/pmd/pmd_rules_java_bestpractices.html#junitassertionsshouldincludemessage" priority="3">
JUnit assertions should include a message
</violation>
<violation beginline="718" endline="718" begincolumn="3" endcolumn="14" rule="JUnitAssertionsShouldIncludeMessage" ruleset="Best Practices" package="org.junit.vintage.engine" class="VintageTestEngineDiscoveryTests" method="assertInitializationError" externalInfoUrl="https://pmd.github.io/pmd/pmd_rules_java_bestpractices.html#junitassertionsshouldincludemessage" priority="3">
JUnit assertions should include a message
</violation>
<violation beginline="719" endline="719" begincolumn="3" endcolumn="25" rule="UnnecessaryFullyQualifiedName" ruleset="Code Style" package="org.junit.vintage.engine" class="VintageTestEngineDiscoveryTests" method="assertInitializationError" externalInfoUrl="https://pmd.github.io/pmd/pmd_rules_java_codestyle.html#unnecessaryfullyqualifiedname" priority="4">
Unnecessary use of fully qualified name 'Assertions.assertEquals' due to existing static import 'org.junit.jupiter.api.Assertions.assertEquals'
</violation>
</file>
<file name="C:\Users\Sokaina\Downloads\Versiones-Junit5\junit5-r5.0.2\junit-vintage-engine\src\test\java\org\junit\vintage\engine\VintageTestEngineExecutionTests.java">
<violation beginline="11" endline="514" begincolumn="1" endcolumn="2" rule="TooManyStaticImports" ruleset="Code Style" package="org.junit.vintage.engine" class="VintageTestEngineExecutionTests" externalInfoUrl="https://pmd.github.io/pmd/pmd_rules_java_codestyle.html#toomanystaticimports" priority="3">
Too many static imports may lead to messy code
</violation>
<violation beginline="86" endline="86" begincolumn="15" endcolumn="27" rule="AvoidDuplicateLiterals" ruleset="Error Prone" package="org.junit.vintage.engine" class="VintageTestEngineExecutionTests" method="executesPlainJUnit4TestCaseWithSingleTestWhichFails" externalInfoUrl="https://pmd.github.io/pmd/pmd_rules_java_errorprone.html#avoidduplicateliterals" priority="3">
The String literal "failingTest" appears 10 times in this file; the first occurrence is on line 86
</violation>
<violation beginline="88" endline="88" begincolumn="66" endcolumn="88" rule="AvoidDuplicateLiterals" ruleset="Error Prone" package="org.junit.vintage.engine" class="VintageTestEngineExecutionTests" method="executesPlainJUnit4TestCaseWithSingleTestWhichFails" externalInfoUrl="https://pmd.github.io/pmd/pmd_rules_java_errorprone.html#avoidduplicateliterals" priority="3">
The String literal "this test should fail" appears 5 times in this file; the first occurrence is on line 88
</violation>
<violation beginline="105" endline="105" begincolumn="15" endcolumn="30" rule="AvoidDuplicateLiterals" ruleset="Error Prone" package="org.junit.vintage.engine" class="VintageTestEngineExecutionTests" method="executesPlainJUnit4TestCaseWithTwoTests" externalInfoUrl="https://pmd.github.io/pmd/pmd_rules_java_errorprone.html#avoidduplicateliterals" priority="3">
The String literal "successfulTest" appears 4 times in this file; the first occurrence is on line 105
</violation>
<violation beginline="289" endline="289" begincolumn="15" endcolumn="23" rule="AvoidDuplicateLiterals" ruleset="Error Prone" package="org.junit.vintage.engine" class="VintageTestEngineExecutionTests" method="executesJUnit4TestCaseWithOverloadedMethod" externalInfoUrl="https://pmd.github.io/pmd/pmd_rules_java_errorprone.html#avoidduplicateliterals" priority="3">
The String literal "theory(" appears 4 times in this file; the first occurrence is on line 289
</violation>
<violation beginline="403" endline="403" begincolumn="4" endcolumn="27" rule="UnnecessaryLocalBeforeReturn" ruleset="Code Style" package="org.junit.vintage.engine" class="VintageTestEngineExecutionTests$DynamicSuiteRunner" method="getDescription" externalInfoUrl="https://pmd.github.io/pmd/pmd_rules_java_codestyle.html#unnecessarylocalbeforereturn" priority="3">
Consider simply returning the value vs storing it in local variable 'suiteDescription'
</violation>
<violation beginline="408" endline="408" begincolumn="70" endcolumn="82" rule="AvoidDuplicateLiterals" ruleset="Error Prone" package="org.junit.vintage.engine" class="VintageTestEngineExecutionTests$DynamicSuiteRunner" method="run" externalInfoUrl="https://pmd.github.io/pmd/pmd_rules_java_errorprone.html#avoidduplicateliterals" priority="3">
The String literal "dynamicTest" appears 4 times in this file; the first occurrence is on line 408
</violation>
</file>
<file name="C:\Users\Sokaina\Downloads\Versiones-Junit5\junit5-r5.0.2\junit-vintage-engine\src\test\java\org\junit\vintage\engine\discovery\IsPotentialJUnit4TestClassTests.java">
<violation beginline="20" endline="20" begincolumn="37" endcolumn="62" rule="ImmutableField" ruleset="Design" package="org.junit.vintage.engine.discovery" class="IsPotentialJUnit4TestClassTests" variable="isPotentialJUnit4TestClass" externalInfoUrl="https://pmd.github.io/pmd/pmd_rules_java_design.html#immutablefield" priority="3">
Private field 'isPotentialJUnit4TestClass' could be made final; it is only initialized in the declaration or constructor.
</violation>
<violation beginline="24" endline="24" begincolumn="3" endcolumn="12" rule="JUnitAssertionsShouldIncludeMessage" ruleset="Best Practices" package="org.junit.vintage.engine.discovery" class="IsPotentialJUnit4TestClassTests" method="staticMemberClass" externalInfoUrl="https://pmd.github.io/pmd/pmd_rules_java_bestpractices.html#junitassertionsshouldincludemessage" priority="3">
JUnit assertions should include a message
</violation>
<violation beginline="27" endline="29" begincolumn="16" endcolumn="2" rule="ShortClassName" ruleset="Code Style" package="org.junit.vintage.engine.discovery" class="IsPotentialJUnit4TestClassTests$Foo" externalInfoUrl="https://pmd.github.io/pmd/pmd_rules_java_codestyle.html#shortclassname" priority="4">
Avoid short class names like Foo
</violation>
<violation beginline="33" endline="33" begincolumn="3" endcolumn="13" rule="JUnitAssertionsShouldIncludeMessage" ruleset="Best Practices" package="org.junit.vintage.engine.discovery" class="IsPotentialJUnit4TestClassTests" method="nonPublicClass" externalInfoUrl="https://pmd.github.io/pmd/pmd_rules_java_bestpractices.html#junitassertionsshouldincludemessage" priority="3">
JUnit assertions should include a message
</violation>
<violation beginline="36" endline="38" begincolumn="9" endcolumn="2" rule="ShortClassName" ruleset="Code Style" package="org.junit.vintage.engine.discovery" class="IsPotentialJUnit4TestClassTests$Bar" externalInfoUrl="https://pmd.github.io/pmd/pmd_rules_java_codestyle.html#shortclassname" priority="4">
Avoid short class names like Bar
</violation>
<violation beginline="42" endline="42" begincolumn="3" endcolumn="13" rule="JUnitAssertionsShouldIncludeMessage" ruleset="Best Practices" package="org.junit.vintage.engine.discovery" class="IsPotentialJUnit4TestClassTests" method="abstractClass" externalInfoUrl="https://pmd.github.io/pmd/pmd_rules_java_bestpractices.html#junitassertionsshouldincludemessage" priority="3">
JUnit assertions should include a message
</violation>
<violation beginline="45" endline="47" begincolumn="25" endcolumn="2" rule="ShortClassName" ruleset="Code Style" package="org.junit.vintage.engine.discovery" class="IsPotentialJUnit4TestClassTests$Baz" externalInfoUrl="https://pmd.github.io/pmd/pmd_rules_java_codestyle.html#shortclassname" priority="4">
Avoid short class names like Baz
</violation>
<violation beginline="45" endline="47" begincolumn="25" endcolumn="2" rule="AbstractClassWithoutAnyMethod" ruleset="Design" package="org.junit.vintage.engine.discovery" class="IsPotentialJUnit4TestClassTests$Baz" externalInfoUrl="https://pmd.github.io/pmd/pmd_rules_java_design.html#abstractclasswithoutanymethod" priority="1">
No abstract method which means that the keyword is most likely used to prevent instantiation. Use a private or protected constructor instead.
</violation>
<violation beginline="45" endline="47" begincolumn="25" endcolumn="2" rule="AbstractClassWithoutAbstractMethod" ruleset="Best Practices" package="org.junit.vintage.engine.discovery" class="IsPotentialJUnit4TestClassTests$Baz" externalInfoUrl="https://pmd.github.io/pmd/pmd_rules_java_bestpractices.html#abstractclasswithoutabstractmethod" priority="3">
This abstract class does not have any abstract methods
</violation>
<violation beginline="55" endline="55" begincolumn="3" endcolumn="13" rule="JUnitAssertionsShouldIncludeMessage" ruleset="Best Practices" package="org.junit.vintage.engine.discovery" class="IsPotentialJUnit4TestClassTests" method="anonymousClass" externalInfoUrl="https://pmd.github.io/pmd/pmd_rules_java_bestpractices.html#junitassertionsshouldincludemessage" priority="3">
JUnit assertions should include a message
</violation>
<violation beginline="64" endline="64" begincolumn="3" endcolumn="13" rule="JUnitAssertionsShouldIncludeMessage" ruleset="Best Practices" package="org.junit.vintage.engine.discovery" class="IsPotentialJUnit4TestClassTests" method="publicInnerClass" externalInfoUrl="https://pmd.github.io/pmd/pmd_rules_java_bestpractices.html#junitassertionsshouldincludemessage" priority="3">
JUnit assertions should include a message
</violation>
</file>
<file name="C:\Users\Sokaina\Downloads\Versiones-Junit5\junit5-r5.0.2\junit-vintage-engine\src\test\java\org\junit\vintage\engine\discovery\OrFilterTests.java">
<violation beginline="11" endline="80" begincolumn="1" endcolumn="2" rule="TooManyStaticImports" ruleset="Code Style" package="org.junit.vintage.engine.discovery" class="OrFilterTests" externalInfoUrl="https://pmd.github.io/pmd/pmd_rules_java_codestyle.html#toomanystaticimports" priority="3">
Too many static imports may lead to messy code
</violation>
<violation beginline="36" endline="41" begincolumn="2" endcolumn="2" rule="JUnitTestContainsTooManyAsserts" ruleset="Best Practices" package="org.junit.vintage.engine.discovery" class="OrFilterTests" method="exceptionWithoutAnyFilters" externalInfoUrl="https://pmd.github.io/pmd/pmd_rules_java_bestpractices.html#junittestcontainstoomanyasserts" priority="3">
Unit tests should not contain more than 1 assert(s).
</violation>
<violation beginline="40" endline="40" begincolumn="3" endcolumn="14" rule="JUnitAssertionsShouldIncludeMessage" ruleset="Best Practices" package="org.junit.vintage.engine.discovery" class="OrFilterTests" method="exceptionWithoutAnyFilters" externalInfoUrl="https://pmd.github.io/pmd/pmd_rules_java_bestpractices.html#junitassertionsshouldincludemessage" priority="3">
JUnit assertions should include a message
</violation>
<violation beginline="44" endline="55" begincolumn="2" endcolumn="2" rule="JUnitTestContainsTooManyAsserts" ruleset="Best Practices" package="org.junit.vintage.engine.discovery" class="OrFilterTests" method="evaluatesSingleFilter" externalInfoUrl="https://pmd.github.io/pmd/pmd_rules_java_bestpractices.html#junittestcontainstoomanyasserts" priority="3">
Unit tests should not contain more than 1 assert(s).
</violation>
<violation beginline="49" endline="49" begincolumn="3" endcolumn="14" rule="JUnitAssertionsShouldIncludeMessage" ruleset="Best Practices" package="org.junit.vintage.engine.discovery" class="OrFilterTests" method="evaluatesSingleFilter" externalInfoUrl="https://pmd.github.io/pmd/pmd_rules_java_bestpractices.html#junitassertionsshouldincludemessage" priority="3">
JUnit assertions should include a message
</violation>
<violation beginline="52" endline="52" begincolumn="3" endcolumn="12" rule="JUnitAssertionsShouldIncludeMessage" ruleset="Best Practices" package="org.junit.vintage.engine.discovery" class="OrFilterTests" method="evaluatesSingleFilter" externalInfoUrl="https://pmd.github.io/pmd/pmd_rules_java_bestpractices.html#junitassertionsshouldincludemessage" priority="3">
JUnit assertions should include a message
</violation>
<violation beginline="58" endline="71" begincolumn="2" endcolumn="2" rule="JUnitTestContainsTooManyAsserts" ruleset="Best Practices" package="org.junit.vintage.engine.discovery" class="OrFilterTests" method="evaluatesMultipleFilters" externalInfoUrl="https://pmd.github.io/pmd/pmd_rules_java_bestpractices.html#junittestcontainstoomanyasserts" priority="3">
Unit tests should not contain more than 1 assert(s).
</violation>
<violation beginline="64" endline="64" begincolumn="3" endcolumn="14" rule="JUnitAssertionsShouldIncludeMessage" ruleset="Best Practices" package="org.junit.vintage.engine.discovery" class="OrFilterTests" method="evaluatesMultipleFilters" externalInfoUrl="https://pmd.github.io/pmd/pmd_rules_java_bestpractices.html#junitassertionsshouldincludemessage" priority="3">
JUnit assertions should include a message
</violation>
<violation beginline="67" endline="67" begincolumn="3" endcolumn="12" rule="JUnitAssertionsShouldIncludeMessage" ruleset="Best Practices" package="org.junit.vintage.engine.discovery" class="OrFilterTests" method="evaluatesMultipleFilters" externalInfoUrl="https://pmd.github.io/pmd/pmd_rules_java_bestpractices.html#junitassertionsshouldincludemessage" priority="3">
JUnit assertions should include a message
</violation>
</file>
<file name="C:\Users\Sokaina\Downloads\Versiones-Junit5\junit5-r5.0.2\junit-vintage-engine\src\test\java\org\junit\vintage\engine\discovery\TestClassRequestResolverTests.java">
<violation beginline="11" endline="85" begincolumn="1" endcolumn="2" rule="TooManyStaticImports" ruleset="Code Style" package="org.junit.vintage.engine.discovery" class="TestClassRequestResolverTests" externalInfoUrl="https://pmd.github.io/pmd/pmd_rules_java_codestyle.html#toomanystaticimports" priority="3">
Too many static imports may lead to messy code
</violation>
<violation beginline="59" endline="74" begincolumn="2" endcolumn="2" rule="JUnitTestContainsTooManyAsserts" ruleset="Best Practices" package="org.junit.vintage.engine.discovery" class="TestClassRequestResolverTests" method="logsWarningOnNonFilterableRunner" externalInfoUrl="https://pmd.github.io/pmd/pmd_rules_java_bestpractices.html#junittestcontainstoomanyasserts" priority="3">
Unit tests should not contain more than 1 assert(s).
</violation>
<violation beginline="69" endline="69" begincolumn="3" endcolumn="14" rule="JUnitAssertionsShouldIncludeMessage" ruleset="Best Practices" package="org.junit.vintage.engine.discovery" class="TestClassRequestResolverTests" method="logsWarningOnNonFilterableRunner" externalInfoUrl="https://pmd.github.io/pmd/pmd_rules_java_bestpractices.html#junitassertionsshouldincludemessage" priority="3">
JUnit assertions should include a message
</violation>
<violation beginline="70" endline="70" begincolumn="3" endcolumn="14" rule="JUnitAssertionsShouldIncludeMessage" ruleset="Best Practices" package="org.junit.vintage.engine.discovery" class="TestClassRequestResolverTests" method="logsWarningOnNonFilterableRunner" externalInfoUrl="https://pmd.github.io/pmd/pmd_rules_java_bestpractices.html#junitassertionsshouldincludemessage" priority="3">
JUnit assertions should include a message
</violation>
</file>
<file name="C:\Users\Sokaina\Downloads\Versiones-Junit5\junit5-r5.0.2\junit-vintage-engine\src\test\java\org\junit\vintage\engine\discovery\UniqueIdSelectorResolverTests.java">
<violation beginline="11" endline="106" begincolumn="1" endcolumn="2" rule="TooManyStaticImports" ruleset="Code Style" package="org.junit.vintage.engine.discovery" class="UniqueIdSelectorResolverTests" externalInfoUrl="https://pmd.github.io/pmd/pmd_rules_java_codestyle.html#toomanystaticimports" priority="3">
Too many static imports may lead to messy code
</violation>
<violation beginline="41" endline="41" begincolumn="33" endcolumn="38" rule="ImmutableField" ruleset="Design" package="org.junit.vintage.engine.discovery" class="UniqueIdSelectorResolverTests" variable="logger" externalInfoUrl="https://pmd.github.io/pmd/pmd_rules_java_design.html#immutablefield" priority="3">
Private field 'logger' could be made final; it is only initialized in the declaration or constructor.
</violation>
<violation beginline="42" endline="42" begincolumn="29" endcolumn="37" rule="ImmutableField" ruleset="Design" package="org.junit.vintage.engine.discovery" class="UniqueIdSelectorResolverTests" variable="collector" externalInfoUrl="https://pmd.github.io/pmd/pmd_rules_java_design.html#immutablefield" priority="3">
Private field 'collector' could be made final; it is only initialized in the declaration or constructor.
</violation>
<violation beginline="45" endline="53" begincolumn="2" endcolumn="2" rule="JUnitTestContainsTooManyAsserts" ruleset="Best Practices" package="org.junit.vintage.engine.discovery" class="UniqueIdSelectorResolverTests" method="logsWarningOnUnloadableTestClass" externalInfoUrl="https://pmd.github.io/pmd/pmd_rules_java_bestpractices.html#junittestcontainstoomanyasserts" priority="3">
Unit tests should not contain more than 1 assert(s).
</violation>
<violation beginline="56" endline="64" begincolumn="2" endcolumn="2" rule="JUnitTestContainsTooManyAsserts" ruleset="Best Practices" package="org.junit.vintage.engine.discovery" class="UniqueIdSelectorResolverTests" method="logsWarningForEngineUniqueId" externalInfoUrl="https://pmd.github.io/pmd/pmd_rules_java_bestpractices.html#junittestcontainstoomanyasserts" priority="3">
Unit tests should not contain more than 1 assert(s).
</violation>
<violation beginline="67" endline="75" begincolumn="2" endcolumn="2" rule="JUnitTestContainsTooManyAsserts" ruleset="Best Practices" package="org.junit.vintage.engine.discovery" class="UniqueIdSelectorResolverTests" method="ignoresUniqueIdsOfOtherEngines" externalInfoUrl="https://pmd.github.io/pmd/pmd_rules_java_bestpractices.html#junittestcontainstoomanyasserts" priority="3">
Unit tests should not contain more than 1 assert(s).
</violation>
<violation beginline="78" endline="87" begincolumn="2" endcolumn="2" rule="JUnitTestContainsTooManyAsserts" ruleset="Best Practices" package="org.junit.vintage.engine.discovery" class="UniqueIdSelectorResolverTests" method="logsWarningOnUnexpectedTestDescriptor" externalInfoUrl="https://pmd.github.io/pmd/pmd_rules_java_bestpractices.html#junittestcontainstoomanyasserts" priority="3">
Unit tests should not contain more than 1 assert(s).
</violation>
<violation beginline="92" endline="92" begincolumn="3" endcolumn="14" rule="JUnitAssertionsShouldIncludeMessage" ruleset="Best Practices" package="org.junit.vintage.engine.discovery" class="UniqueIdSelectorResolverTests" method="assertLoggedWarning" externalInfoUrl="https://pmd.github.io/pmd/pmd_rules_java_bestpractices.html#junitassertionsshouldincludemessage" priority="3">
JUnit assertions should include a message
</violation>
<violation beginline="93" endline="93" begincolumn="3" endcolumn="14" rule="JUnitAssertionsShouldIncludeMessage" ruleset="Best Practices" package="org.junit.vintage.engine.discovery" class="UniqueIdSelectorResolverTests" method="assertLoggedWarning" externalInfoUrl="https://pmd.github.io/pmd/pmd_rules_java_bestpractices.html#junitassertionsshouldincludemessage" priority="3">
JUnit assertions should include a message
</violation>
</file>
<file name="C:\Users\Sokaina\Downloads\Versiones-Junit5\junit5-r5.0.2\junit-vintage-engine\src\test\java\org\junit\vintage\engine\discovery\VintageDiscovererTests.java">
<violation beginline="11" endline="100" begincolumn="1" endcolumn="2" rule="TooManyStaticImports" ruleset="Code Style" package="org.junit.vintage.engine.discovery" class="VintageDiscovererTests" externalInfoUrl="https://pmd.github.io/pmd/pmd_rules_java_codestyle.html#toomanystaticimports" priority="3">
Too many static imports may lead to messy code
</violation>
<violation beginline="39" endline="61" begincolumn="2" endcolumn="2" rule="JUnitTestContainsTooManyAsserts" ruleset="Best Practices" package="org.junit.vintage.engine.discovery" class="VintageDiscovererTests" method="logsWarningWhenFilterExcludesClass" externalInfoUrl="https://pmd.github.io/pmd/pmd_rules_java_bestpractices.html#junittestcontainstoomanyasserts" priority="3">
Unit tests should not contain more than 1 assert(s).
</violation>
<violation beginline="58" endline="58" begincolumn="3" endcolumn="14" rule="JUnitAssertionsShouldIncludeMessage" ruleset="Best Practices" package="org.junit.vintage.engine.discovery" class="VintageDiscovererTests" method="logsWarningWhenFilterExcludesClass" externalInfoUrl="https://pmd.github.io/pmd/pmd_rules_java_bestpractices.html#junitassertionsshouldincludemessage" priority="3">
JUnit assertions should include a message
</violation>
<violation beginline="59" endline="59" begincolumn="3" endcolumn="14" rule="JUnitAssertionsShouldIncludeMessage" ruleset="Best Practices" package="org.junit.vintage.engine.discovery" class="VintageDiscovererTests" method="logsWarningWhenFilterExcludesClass" externalInfoUrl="https://pmd.github.io/pmd/pmd_rules_java_bestpractices.html#junitassertionsshouldincludemessage" priority="3">
JUnit assertions should include a message
</violation>
<violation beginline="63" endline="68" begincolumn="16" endcolumn="2" rule="ShortClassName" ruleset="Code Style" package="org.junit.vintage.engine.discovery" class="VintageDiscovererTests$Foo" externalInfoUrl="https://pmd.github.io/pmd/pmd_rules_java_codestyle.html#shortclassname" priority="4">
Avoid short class names like Foo
</violation>
<violation beginline="66" endline="67" begincolumn="22" endcolumn="3" rule="UncommentedEmptyMethodBody" ruleset="Documentation" package="org.junit.vintage.engine.discovery" class="VintageDiscovererTests$Foo" method="test" externalInfoUrl="https://pmd.github.io/pmd/pmd_rules_java_documentation.html#uncommentedemptymethodbody" priority="3">
Document empty method body
</violation>
<violation beginline="70" endline="76" begincolumn="16" endcolumn="2" rule="ShortClassName" ruleset="Code Style" package="org.junit.vintage.engine.discovery" class="VintageDiscovererTests$Bar" externalInfoUrl="https://pmd.github.io/pmd/pmd_rules_java_codestyle.html#shortclassname" priority="4">
Avoid short class names like Bar
</violation>
<violation beginline="73" endline="74" begincolumn="22" endcolumn="3" rule="UncommentedEmptyMethodBody" ruleset="Documentation" package="org.junit.vintage.engine.discovery" class="VintageDiscovererTests$Bar" method="test" externalInfoUrl="https://pmd.github.io/pmd/pmd_rules_java_documentation.html#uncommentedemptymethodbody" priority="3">
Document empty method body
</violation>
<violation beginline="79" endline="81" begincolumn="2" endcolumn="2" rule="JUnitTestsShouldIncludeAssert" ruleset="Best Practices" package="org.junit.vintage.engine.discovery" class="VintageDiscovererTests" method="doesNotResolveAbstractJUnit3Classes" externalInfoUrl="https://pmd.github.io/pmd/pmd_rules_java_bestpractices.html#junittestsshouldincludeassert" priority="3">
JUnit tests should include assert() or fail()
</violation>
<violation beginline="84" endline="86" begincolumn="2" endcolumn="2" rule="JUnitTestsShouldIncludeAssert" ruleset="Best Practices" package="org.junit.vintage.engine.discovery" class="VintageDiscovererTests" method="doesNotResolveAbstractJUnit4Classes" externalInfoUrl="https://pmd.github.io/pmd/pmd_rules_java_bestpractices.html#junittestsshouldincludeassert" priority="3">
JUnit tests should include assert() or fail()
</violation>
</file>
<file name="C:\Users\Sokaina\Downloads\Versiones-Junit5\junit5-r5.0.2\junit-vintage-engine\src\test\java\org\junit\vintage\engine\execution\TestRunTests.java">
<violation beginline="11" endline="66" begincolumn="1" endcolumn="2" rule="TooManyStaticImports" ruleset="Code Style" package="org.junit.vintage.engine.execution" class="TestRunTests" externalInfoUrl="https://pmd.github.io/pmd/pmd_rules_java_codestyle.html#toomanystaticimports" priority="3">
Too many static imports may lead to messy code
</violation>
<violation beginline="36" endline="36" begincolumn="59" endcolumn="67" rule="SignatureDeclareThrowsException" ruleset="Design" package="org.junit.vintage.engine.execution" class="TestRunTests" method="returnsEmptyOptionalForUnknownDescriptions" externalInfoUrl="https://pmd.github.io/pmd/pmd_rules_java_design.html#signaturedeclarethrowsexception" priority="3">
A method/constructor should not explicitly throw java.lang.Exception
</violation>
<violation beginline="50" endline="50" begincolumn="48" endcolumn="56" rule="SignatureDeclareThrowsException" ruleset="Design" package="org.junit.vintage.engine.execution" class="TestRunTests" method="registersDynamicTestDescriptors" externalInfoUrl="https://pmd.github.io/pmd/pmd_rules_java_design.html#signaturedeclarethrowsexception" priority="3">
A method/constructor should not explicitly throw java.lang.Exception
</violation>
<violation beginline="50" endline="64" begincolumn="2" endcolumn="2" rule="JUnitTestContainsTooManyAsserts" ruleset="Best Practices" package="org.junit.vintage.engine.execution" class="TestRunTests" method="registersDynamicTestDescriptors" externalInfoUrl="https://pmd.github.io/pmd/pmd_rules_java_bestpractices.html#junittestcontainstoomanyasserts" priority="3">
Unit tests should not contain more than 1 assert(s).
</violation>
<violation beginline="63" endline="63" begincolumn="3" endcolumn="12" rule="JUnitAssertionsShouldIncludeMessage" ruleset="Best Practices" package="org.junit.vintage.engine.execution" class="TestRunTests" method="registersDynamicTestDescriptors" externalInfoUrl="https://pmd.github.io/pmd/pmd_rules_java_bestpractices.html#junitassertionsshouldincludemessage" priority="3">
JUnit assertions should include a message
</violation>
</file>
<file name="C:\Users\Sokaina\Downloads\Versiones-Junit5\junit5-r5.0.2\junit-vintage-engine\src\test\java\org\junit\vintage\engine\samples\junit3\JUnit3SuiteWithSingleTestCaseWithSingleTestWhichFails.java">
<violation beginline="19" endline="27" begincolumn="8" endcolumn="1" rule="TestClassWithoutTestCases" ruleset="Error Prone" package="org.junit.vintage.engine.samples.junit3" class="JUnit3SuiteWithSingleTestCaseWithSingleTestWhichFails" externalInfoUrl="https://pmd.github.io/pmd/pmd_rules_java_errorprone.html#testclasswithouttestcases" priority="3">
This class name ends with Test but contains no test cases
</violation>
</file>
<file name="C:\Users\Sokaina\Downloads\Versiones-Junit5\junit5-r5.0.2\junit-vintage-engine\src\test\java\org\junit\vintage\engine\samples\junit4\AbstractJunit4TestCaseWithConstructorParameter.java">
<violation beginline="15" endline="24" begincolumn="17" endcolumn="1" rule="AbstractClassWithoutAbstractMethod" ruleset="Best Practices" package="org.junit.vintage.engine.samples.junit4" class="AbstractJunit4TestCaseWithConstructorParameter" externalInfoUrl="https://pmd.github.io/pmd/pmd_rules_java_bestpractices.html#abstractclasswithoutabstractmethod" priority="3">
This abstract class does not have any abstract methods
</violation>
<violation beginline="17" endline="19" begincolumn="9" endcolumn="2" rule="UncommentedEmptyConstructor" ruleset="Documentation" package="org.junit.vintage.engine.samples.junit4" class="AbstractJunit4TestCaseWithConstructorParameter" method="AbstractJunit4TestCaseWithConstructorParameter" externalInfoUrl="https://pmd.github.io/pmd/pmd_rules_java_documentation.html#uncommentedemptyconstructor" priority="3">
Document empty constructor
</violation>
<violation beginline="22" endline="23" begincolumn="9" endcolumn="2" rule="EmptyMethodInAbstractClassShouldBeAbstract" ruleset="Code Style" package="org.junit.vintage.engine.samples.junit4" class="AbstractJunit4TestCaseWithConstructorParameter" method="test" externalInfoUrl="https://pmd.github.io/pmd/pmd_rules_java_codestyle.html#emptymethodinabstractclassshouldbeabstract" priority="1">
An empty method in an abstract class should be abstract instead
</violation>
<violation beginline="22" endline="23" begincolumn="21" endcolumn="2" rule="UncommentedEmptyMethodBody" ruleset="Documentation" package="org.junit.vintage.engine.samples.junit4" class="AbstractJunit4TestCaseWithConstructorParameter" method="test" externalInfoUrl="https://pmd.github.io/pmd/pmd_rules_java_documentation.html#uncommentedemptymethodbody" priority="3">
Document empty method body
</violation>
<violation beginline="22" endline="23" begincolumn="9" endcolumn="2" rule="JUnitTestsShouldIncludeAssert" ruleset="Best Practices" package="org.junit.vintage.engine.samples.junit4" class="AbstractJunit4TestCaseWithConstructorParameter" method="test" externalInfoUrl="https://pmd.github.io/pmd/pmd_rules_java_bestpractices.html#junittestsshouldincludeassert" priority="3">
JUnit tests should include assert() or fail()
</violation>
</file>
<file name="C:\Users\Sokaina\Downloads\Versiones-Junit5\junit5-r5.0.2\junit-vintage-engine\src\test\java\org\junit\vintage\engine\samples\junit4\ExceptionThrowingRunner.java">
<violation beginline="38" endline="38" begincolumn="16" endcolumn="34" rule="FieldDeclarationsShouldBeAtStartOfClass" ruleset="Code Style" package="org.junit.vintage.engine.samples.junit4" class="ExceptionThrowingRunner" variable="VariableDeclaratorId" externalInfoUrl="https://pmd.github.io/pmd/pmd_rules_java_codestyle.html#fielddeclarationsshouldbeatstartofclass" priority="3">
Fields should be declared at the top of the class, before any method declarations, constructors, initializers or inner classes.
</violation>
<violation beginline="59" endline="59" begincolumn="13" endcolumn="28" rule="AvoidThrowingRawExceptionTypes" ruleset="Design" package="org.junit.vintage.engine.samples.junit4" class="ExceptionThrowingRunner" method="run" externalInfoUrl="https://pmd.github.io/pmd/pmd_rules_java_design.html#avoidthrowingrawexceptiontypes" priority="1">
Avoid throwing raw exception types.
</violation>
</file>
<file name="C:\Users\Sokaina\Downloads\Versiones-Junit5\junit5-r5.0.2\junit-vintage-engine\src\test\java\org\junit\vintage\engine\samples\junit4\JUnit4ParameterizedTestCase.java">
<violation beginline="33" endline="34" begincolumn="9" endcolumn="2" rule="UncommentedEmptyConstructor" ruleset="Documentation" package="org.junit.vintage.engine.samples.junit4" class="JUnit4ParameterizedTestCase" method="JUnit4ParameterizedTestCase" externalInfoUrl="https://pmd.github.io/pmd/pmd_rules_java_documentation.html#uncommentedemptyconstructor" priority="3">
Document empty constructor
</violation>
<violation beginline="52" endline="54" begincolumn="9" endcolumn="2" rule="JUnitTestsShouldIncludeAssert" ruleset="Best Practices" package="org.junit.vintage.engine.samples.junit4" class="JUnit4ParameterizedTestCase" method="test2" externalInfoUrl="https://pmd.github.io/pmd/pmd_rules_java_bestpractices.html#junittestsshouldincludeassert" priority="3">
JUnit tests should include assert() or fail()
</violation>
</file>
<file name="C:\Users\Sokaina\Downloads\Versiones-Junit5\junit5-r5.0.2\junit-vintage-engine\src\test\java\org\junit\vintage\engine\samples\junit4\JUnit4TestCaseWithErrorCollectorStoringMultipleFailures.java">
<violation beginline="25" endline="30" begincolumn="9" endcolumn="2" rule="JUnitTestsShouldIncludeAssert" ruleset="Best Practices" package="org.junit.vintage.engine.samples.junit4" class="JUnit4TestCaseWithErrorCollectorStoringMultipleFailures" method="example" externalInfoUrl="https://pmd.github.io/pmd/pmd_rules_java_bestpractices.html#junittestsshouldincludeassert" priority="3">
JUnit tests should include assert() or fail()
</violation>
</file>
<file name="C:\Users\Sokaina\Downloads\Versiones-Junit5\junit5-r5.0.2\junit-vintage-engine\src\test\java\org\junit\vintage\engine\samples\junit4\JUnit4TestCaseWithErrorInAfterClass.java">
<violation beginline="37" endline="39" begincolumn="9" endcolumn="2" rule="JUnitTestsShouldIncludeAssert" ruleset="Best Practices" package="org.junit.vintage.engine.samples.junit4" class="JUnit4TestCaseWithErrorInAfterClass" method="succeedingTest" externalInfoUrl="https://pmd.github.io/pmd/pmd_rules_java_bestpractices.html#junittestsshouldincludeassert" priority="3">
JUnit tests should include assert() or fail()
</violation>
</file>
<file name="C:\Users\Sokaina\Downloads\Versiones-Junit5\junit5-r5.0.2\junit-vintage-engine\src\test\java\org\junit\vintage\engine\samples\junit4\MalformedJUnit4TestCase.java">
<violation beginline="20" endline="28" begincolumn="8" endcolumn="1" rule="TestClassWithoutTestCases" ruleset="Error Prone" package="org.junit.vintage.engine.samples.junit4" class="MalformedJUnit4TestCase" externalInfoUrl="https://pmd.github.io/pmd/pmd_rules_java_errorprone.html#testclasswithouttestcases" priority="3">
This class name ends with Test but contains no test cases
</violation>
<violation beginline="22" endline="26" begincolumn="2" endcolumn="2" rule="DefaultPackage" ruleset="Code Style" package="org.junit.vintage.engine.samples.junit4" class="MalformedJUnit4TestCase" externalInfoUrl="https://pmd.github.io/pmd/pmd_rules_java_codestyle.html#defaultpackage" priority="3">
Use explicit scoping instead of the default package private level
</violation>
</file>
<file name="C:\Users\Sokaina\Downloads\Versiones-Junit5\junit5-r5.0.2\junit-vintage-engine\src\test\java\org\junit\vintage\engine\samples\junit4\ParameterizedTestCase.java">
<violation beginline="34" endline="34" begincolumn="9" endcolumn="21" rule="FieldDeclarationsShouldBeAtStartOfClass" ruleset="Code Style" package="org.junit.vintage.engine.samples.junit4" class="ParameterizedTestCase" variable="VariableDeclaratorId" externalInfoUrl="https://pmd.github.io/pmd/pmd_rules_java_codestyle.html#fielddeclarationsshouldbeatstartofclass" priority="3">
Fields should be declared at the top of the class, before any method declarations, constructors, initializers or inner classes.
</violation>
<violation beginline="38" endline="38" begincolumn="3" endcolumn="14" rule="JUnitAssertionsShouldIncludeMessage" ruleset="Best Practices" package="org.junit.vintage.engine.samples.junit4" class="ParameterizedTestCase" method="test" externalInfoUrl="https://pmd.github.io/pmd/pmd_rules_java_bestpractices.html#junitassertionsshouldincludemessage" priority="3">
JUnit assertions should include a message
</violation>
</file>
<file name="C:\Users\Sokaina\Downloads\Versiones-Junit5\junit5-r5.0.2\junit-vintage-engine\src\test\java\org\junit\vintage\engine\samples\junit4\PlainJUnit4TestCaseWithFiveTestMethods.java">
<violation beginline="35" endline="37" begincolumn="9" endcolumn="2" rule="JUnitTestsShouldIncludeAssert" ruleset="Best Practices" package="org.junit.vintage.engine.samples.junit4" class="PlainJUnit4TestCaseWithFiveTestMethods" method="abortedTest" externalInfoUrl="https://pmd.github.io/pmd/pmd_rules_java_bestpractices.html#junittestsshouldincludeassert" priority="3">
JUnit tests should include assert() or fail()
</violation>
<violation beginline="61" endline="61" begincolumn="3" endcolumn="14" rule="JUnitAssertionsShouldIncludeMessage" ruleset="Best Practices" package="org.junit.vintage.engine.samples.junit4" class="PlainJUnit4TestCaseWithFiveTestMethods" method="successfulTest" externalInfoUrl="https://pmd.github.io/pmd/pmd_rules_java_bestpractices.html#junitassertionsshouldincludemessage" priority="3">
JUnit assertions should include a message
</violation>
</file>
<file name="C:\Users\Sokaina\Downloads\Versiones-Junit5\junit5-r5.0.2\junit-vintage-engine\src\test\java\org\junit\vintage\engine\samples\junit4\PlainJUnit4TestCaseWithTwoTestMethods.java">
<violation beginline="33" endline="33" begincolumn="3" endcolumn="14" rule="JUnitAssertionsShouldIncludeMessage" ruleset="Best Practices" package="org.junit.vintage.engine.samples.junit4" class="PlainJUnit4TestCaseWithTwoTestMethods" method="successfulTest" externalInfoUrl="https://pmd.github.io/pmd/pmd_rules_java_bestpractices.html#junitassertionsshouldincludemessage" priority="3">
JUnit assertions should include a message
</violation>
</file>
<file name="C:\Users\Sokaina\Downloads\Versiones-Junit5\junit5-r5.0.2\junit-vintage-engine\src\test\java\org\junit\vintage\engine\support\UniqueIdReaderTests.java">
<violation beginline="32" endline="40" begincolumn="2" endcolumn="2" rule="JUnitTestContainsTooManyAsserts" ruleset="Best Practices" package="org.junit.vintage.engine.support" class="UniqueIdReaderTests" method="readsUniqueId" externalInfoUrl="https://pmd.github.io/pmd/pmd_rules_java_bestpractices.html#junittestcontainstoomanyasserts" priority="3">
Unit tests should not contain more than 1 assert(s).
</violation>
<violation beginline="38" endline="38" begincolumn="3" endcolumn="14" rule="JUnitAssertionsShouldIncludeMessage" ruleset="Best Practices" package="org.junit.vintage.engine.support" class="UniqueIdReaderTests" method="readsUniqueId" externalInfoUrl="https://pmd.github.io/pmd/pmd_rules_java_bestpractices.html#junitassertionsshouldincludemessage" priority="3">
JUnit assertions should include a message
</violation>
<violation beginline="43" endline="57" begincolumn="2" endcolumn="2" rule="JUnitTestContainsTooManyAsserts" ruleset="Best Practices" package="org.junit.vintage.engine.support" class="UniqueIdReaderTests" method="returnsDisplayNameWhenUniqueIdCannotBeRead" externalInfoUrl="https://pmd.github.io/pmd/pmd_rules_java_bestpractices.html#junittestcontainstoomanyasserts" priority="3">
Unit tests should not contain more than 1 assert(s).
</violation>
<violation beginline="46" endline="46" begincolumn="3" endcolumn="14" rule="JUnitAssertionsShouldIncludeMessage" ruleset="Best Practices" package="org.junit.vintage.engine.support" class="UniqueIdReaderTests" method="returnsDisplayNameWhenUniqueIdCannotBeRead" externalInfoUrl="https://pmd.github.io/pmd/pmd_rules_java_bestpractices.html#junitassertionsshouldincludemessage" priority="3">
JUnit assertions should include a message
</violation>
<violation beginline="50" endline="50" begincolumn="3" endcolumn="14" rule="JUnitAssertionsShouldIncludeMessage" ruleset="Best Practices" package="org.junit.vintage.engine.support" class="UniqueIdReaderTests" method="returnsDisplayNameWhenUniqueIdCannotBeRead" externalInfoUrl="https://pmd.github.io/pmd/pmd_rules_java_bestpractices.html#junitassertionsshouldincludemessage" priority="3">
JUnit assertions should include a message
</violation>
<violation beginline="53" endline="53" begincolumn="3" endcolumn="14" rule="JUnitAssertionsShouldIncludeMessage" ruleset="Best Practices" package="org.junit.vintage.engine.support" class="UniqueIdReaderTests" method="returnsDisplayNameWhenUniqueIdCannotBeRead" externalInfoUrl="https://pmd.github.io/pmd/pmd_rules_java_bestpractices.html#junitassertionsshouldincludemessage" priority="3">
JUnit assertions should include a message
</violation>
<violation beginline="54" endline="54" begincolumn="3" endcolumn="14" rule="JUnitAssertionsShouldIncludeMessage" ruleset="Best Practices" package="org.junit.vintage.engine.support" class="UniqueIdReaderTests" method="returnsDisplayNameWhenUniqueIdCannotBeRead" externalInfoUrl="https://pmd.github.io/pmd/pmd_rules_java_bestpractices.html#junitassertionsshouldincludemessage" priority="3">
JUnit assertions should include a message
</violation>
</file>
<file name="C:\Users\Sokaina\Downloads\Versiones-Junit5\junit5-r5.0.2\junit-vintage-engine\src\test\java\org\junit\vintage\engine\support\UniqueIdStringifierTests.java">
<violation beginline="31" endline="38" begincolumn="2" endcolumn="2" rule="JUnitTestContainsTooManyAsserts" ruleset="Best Practices" package="org.junit.vintage.engine.support" class="UniqueIdStringifierTests" method="returnsReadableStringForKnownTypes" externalInfoUrl="https://pmd.github.io/pmd/pmd_rules_java_bestpractices.html#junittestcontainstoomanyasserts" priority="3">
Unit tests should not contain more than 1 assert(s).
</violation>
<violation beginline="34" endline="34" begincolumn="3" endcolumn="14" rule="JUnitAssertionsShouldIncludeMessage" ruleset="Best Practices" package="org.junit.vintage.engine.support" class="UniqueIdStringifierTests" method="returnsReadableStringForKnownTypes" externalInfoUrl="https://pmd.github.io/pmd/pmd_rules_java_bestpractices.html#junitassertionsshouldincludemessage" priority="3">
JUnit assertions should include a message
</violation>
<violation beginline="35" endline="35" begincolumn="3" endcolumn="14" rule="JUnitAssertionsShouldIncludeMessage" ruleset="Best Practices" package="org.junit.vintage.engine.support" class="UniqueIdStringifierTests" method="returnsReadableStringForKnownTypes" externalInfoUrl="https://pmd.github.io/pmd/pmd_rules_java_bestpractices.html#junitassertionsshouldincludemessage" priority="3">
JUnit assertions should include a message
</violation>
<violation beginline="36" endline="36" begincolumn="3" endcolumn="14" rule="JUnitAssertionsShouldIncludeMessage" ruleset="Best Practices" package="org.junit.vintage.engine.support" class="UniqueIdStringifierTests" method="returnsReadableStringForKnownTypes" externalInfoUrl="https://pmd.github.io/pmd/pmd_rules_java_bestpractices.html#junitassertionsshouldincludemessage" priority="3">
JUnit assertions should include a message
</violation>
<violation beginline="37" endline="37" begincolumn="3" endcolumn="14" rule="JUnitAssertionsShouldIncludeMessage" ruleset="Best Practices" package="org.junit.vintage.engine.support" class="UniqueIdStringifierTests" method="returnsReadableStringForKnownTypes" externalInfoUrl="https://pmd.github.io/pmd/pmd_rules_java_bestpractices.html#junitassertionsshouldincludemessage" priority="3">
JUnit assertions should include a message
</violation>
<violation beginline="41" endline="41" begincolumn="39" endcolumn="47" rule="SignatureDeclareThrowsException" ruleset="Design" package="org.junit.vintage.engine.support" class="UniqueIdStringifierTests" method="serializesUnknownTypes" externalInfoUrl="https://pmd.github.io/pmd/pmd_rules_java_design.html#signaturedeclarethrowsexception" priority="3">
A method/constructor should not explicitly throw java.lang.Exception
</violation>
<violation beginline="41" endline="49" begincolumn="2" endcolumn="2" rule="JUnitTestContainsTooManyAsserts" ruleset="Best Practices" package="org.junit.vintage.engine.support" class="UniqueIdStringifierTests" method="serializesUnknownTypes" externalInfoUrl="https://pmd.github.io/pmd/pmd_rules_java_bestpractices.html#junittestcontainstoomanyasserts" priority="3">
Unit tests should not contain more than 1 assert(s).
</violation>
<violation beginline="48" endline="48" begincolumn="3" endcolumn="14" rule="JUnitAssertionsShouldIncludeMessage" ruleset="Best Practices" package="org.junit.vintage.engine.support" class="UniqueIdStringifierTests" method="serializesUnknownTypes" externalInfoUrl="https://pmd.github.io/pmd/pmd_rules_java_bestpractices.html#junitassertionsshouldincludemessage" priority="3">
JUnit assertions should include a message
</violation>
<violation beginline="52" endline="52" begincolumn="51" endcolumn="59" rule="SignatureDeclareThrowsException" ruleset="Design" package="org.junit.vintage.engine.support" class="UniqueIdStringifierTests" method="usesToStringWhenSerializationFails" externalInfoUrl="https://pmd.github.io/pmd/pmd_rules_java_design.html#signaturedeclarethrowsexception" priority="3">
A method/constructor should not explicitly throw java.lang.Exception
</violation>
<violation beginline="58" endline="58" begincolumn="3" endcolumn="14" rule="JUnitAssertionsShouldIncludeMessage" ruleset="Best Practices" package="org.junit.vintage.engine.support" class="UniqueIdStringifierTests" method="usesToStringWhenSerializationFails" externalInfoUrl="https://pmd.github.io/pmd/pmd_rules_java_bestpractices.html#junitassertionsshouldincludemessage" priority="3">
JUnit assertions should include a message
</violation>
<violation beginline="65" endline="65" begincolumn="50" endcolumn="58" rule="SignatureDeclareThrowsException" ruleset="Design" package="org.junit.vintage.engine.support" class="UniqueIdStringifierTests" method="deserialize" externalInfoUrl="https://pmd.github.io/pmd/pmd_rules_java_design.html#signaturedeclarethrowsexception" priority="3">
A method/constructor should not explicitly throw java.lang.Exception
</violation>
<violation beginline="81" endline="83" begincolumn="3" endcolumn="3" rule="DefaultPackage" ruleset="Code Style" package="org.junit.vintage.engine.support" class="UniqueIdStringifierTests$MyCustomId" externalInfoUrl="https://pmd.github.io/pmd/pmd_rules_java_codestyle.html#defaultpackage" priority="3">
Use explicit scoping instead of the default package private level
</violation>
<violation beginline="91" endline="93" begincolumn="3" endcolumn="3" rule="DefaultPackage" ruleset="Code Style" package="org.junit.vintage.engine.support" class="UniqueIdStringifierTests$ClassWithErroneousSerialization" externalInfoUrl="https://pmd.github.io/pmd/pmd_rules_java_codestyle.html#defaultpackage" priority="3">
Use explicit scoping instead of the default package private level
</violation>
</file>
<file name="C:\Users\Sokaina\Downloads\Versiones-Junit5\junit5-r5.0.2\platform-tests\src\test\java\DefaultPackageTestCase.java">
<violation beginline="20" endline="28" begincolumn="1" endcolumn="1" rule="NoPackage" ruleset="Code Style" class="DefaultPackageTestCase" externalInfoUrl="https://pmd.github.io/pmd/pmd_rules_java_codestyle.html#nopackage" priority="3">
All classes, interfaces, enums and annotations must belong to a named package
</violation>
<violation beginline="24" endline="26" begincolumn="2" endcolumn="2" rule="JUnitTestsShouldIncludeAssert" ruleset="Best Practices" class="DefaultPackageTestCase" method="test" externalInfoUrl="https://pmd.github.io/pmd/pmd_rules_java_bestpractices.html#junittestsshouldincludeassert" priority="3">
JUnit tests should include assert() or fail()
</violation>
</file>
<file name="C:\Users\Sokaina\Downloads\Versiones-Junit5\junit5-r5.0.2\platform-tests\src\test\java\org\junit\AutomaticModuleNameTests.java">
<violation beginline="11" endline="106" begincolumn="1" endcolumn="2" rule="TooManyStaticImports" ruleset="Code Style" package="org.junit" class="AutomaticModuleNameTests" externalInfoUrl="https://pmd.github.io/pmd/pmd_rules_java_codestyle.html#toomanystaticimports" priority="3">
Too many static imports may lead to messy code
</violation>
<violation beginline="70" endline="70" begincolumn="22" endcolumn="69" rule="LiteralsFirstInComparisons" ruleset="Best Practices" package="org.junit" class="AutomaticModuleNameTests" method="moduleDirectoryNames" externalInfoUrl="https://pmd.github.io/pmd/pmd_rules_java_bestpractices.html#literalsfirstincomparisons" priority="3">
Position literals first in String comparisons
</violation>
<violation beginline="72" endline="72" begincolumn="26" endcolumn="42" rule="UnnecessaryFullyQualifiedName" ruleset="Code Style" package="org.junit" class="AutomaticModuleNameTests" method="moduleDirectoryNames" externalInfoUrl="https://pmd.github.io/pmd/pmd_rules_java_codestyle.html#unnecessaryfullyqualifiedname" priority="4">
Unnecessary use of fully qualified name 'Collectors.toList' due to existing static import 'java.util.stream.Collectors.toList'
</violation>
<violation beginline="77" endline="104" begincolumn="2" endcolumn="2" rule="DefaultPackage" ruleset="Code Style" package="org.junit" class="AutomaticModuleNameTests" externalInfoUrl="https://pmd.github.io/pmd/pmd_rules_java_codestyle.html#defaultpackage" priority="3">
Use explicit scoping instead of the default package private level
</violation>
<violation beginline="79" endline="104" begincolumn="2" endcolumn="2" rule="JUnitTestContainsTooManyAsserts" ruleset="Best Practices" package="org.junit" class="AutomaticModuleNameTests" method="automaticModuleName" externalInfoUrl="https://pmd.github.io/pmd/pmd_rules_java_bestpractices.html#junittestcontainstoomanyasserts" priority="3">
Unit tests should not contain more than 1 assert(s).
</violation>
</file>
<file name="C:\Users\Sokaina\Downloads\Versiones-Junit5\junit5-r5.0.2\platform-tests\src\test\java\org\junit\api\tools\AbstractApiReportWriter.java">
<violation beginline="52" endline="52" begincolumn="7" endcolumn="16" rule="UseCollectionIsEmpty" ruleset="Best Practices" package="org.junit.api.tools" class="AbstractApiReportWriter" method="printDeclarationSection" externalInfoUrl="https://pmd.github.io/pmd/pmd_rules_java_bestpractices.html#usecollectionisempty" priority="3">
Substitute calls to size() == 0 (or size() != 0, size() &gt; 0, size() &lt; 1) with calls to isEmpty()
</violation>
<violation beginline="67" endline="67" begincolumn="21" endcolumn="45" rule="ShortMethodName" ruleset="Code Style" package="org.junit.api.tools" class="AbstractApiReportWriter" method="h1" externalInfoUrl="https://pmd.github.io/pmd/pmd_rules_java_codestyle.html#shortmethodname" priority="3">
Avoid using short method names
</violation>
<violation beginline="69" endline="69" begincolumn="21" endcolumn="45" rule="ShortMethodName" ruleset="Code Style" package="org.junit.api.tools" class="AbstractApiReportWriter" method="h2" externalInfoUrl="https://pmd.github.io/pmd/pmd_rules_java_codestyle.html#shortmethodname" priority="3">
Avoid using short method names
</violation>
</file>
<file name="C:\Users\Sokaina\Downloads\Versiones-Junit5\junit5-r5.0.2\platform-tests\src\test\java\org\junit\api\tools\ApiReport.java">
<violation beginline="32" endline="34" begincolumn="2" endcolumn="2" rule="DefaultPackage" ruleset="Code Style" package="org.junit.api.tools" class="ApiReport" externalInfoUrl="https://pmd.github.io/pmd/pmd_rules_java_codestyle.html#defaultpackage" priority="3">
Use explicit scoping instead of the default package private level
</violation>
<violation beginline="36" endline="38" begincolumn="2" endcolumn="2" rule="DefaultPackage" ruleset="Code Style" package="org.junit.api.tools" class="ApiReport" externalInfoUrl="https://pmd.github.io/pmd/pmd_rules_java_codestyle.html#defaultpackage" priority="3">
Use explicit scoping instead of the default package private level
</violation>
</file>
<file name="C:\Users\Sokaina\Downloads\Versiones-Junit5\junit5-r5.0.2\platform-tests\src\test\java\org\junit\api\tools\ApiReportGenerator.java">
<violation beginline="35" endline="35" begincolumn="15" endcolumn="20" rule="CloseResource" ruleset="Error Prone" package="org.junit.api.tools" class="ApiReportGenerator" method="main" variable="writer" externalInfoUrl="https://pmd.github.io/pmd/pmd_rules_java_errorprone.html#closeresource" priority="3">
Ensure that resources like this PrintStream object are closed after use
</violation>
<violation beginline="56" endline="99" begincolumn="2" endcolumn="2" rule="DefaultPackage" ruleset="Code Style" package="org.junit.api.tools" class="ApiReportGenerator" externalInfoUrl="https://pmd.github.io/pmd/pmd_rules_java_codestyle.html#defaultpackage" priority="3">
Use explicit scoping instead of the default package private level
</violation>
<violation beginline="70" endline="70" begincolumn="5" endcolumn="77" rule="InefficientStringBuffering" ruleset="Performance" package="org.junit.api.tools" class="ApiReportGenerator" method="generateReport" externalInfoUrl="https://pmd.github.io/pmd/pmd_rules_java_performance.html#inefficientstringbuffering" priority="3">
Avoid concatenating nonliterals in a StringBuffer/StringBuilder constructor or append().
</violation>
<violation beginline="84" endline="84" begincolumn="46" endcolumn="99" rule="InefficientStringBuffering" ruleset="Performance" package="org.junit.api.tools" class="ApiReportGenerator" method="generateReport" externalInfoUrl="https://pmd.github.io/pmd/pmd_rules_java_performance.html#inefficientstringbuffering" priority="3">
Avoid concatenating nonliterals in a StringBuffer/StringBuilder constructor or append().
</violation>
</file>
<file name="C:\Users\Sokaina\Downloads\Versiones-Junit5\junit5-r5.0.2\platform-tests\src\test\java\org\junit\api\tools\AsciidocApiReportWriter.java">
<violation beginline="27" endline="29" begincolumn="12" endcolumn="2" rule="ShortMethodName" ruleset="Code Style" package="org.junit.api.tools" class="AsciidocApiReportWriter" method="h1" externalInfoUrl="https://pmd.github.io/pmd/pmd_rules_java_codestyle.html#shortmethodname" priority="3">
Avoid using short method names
</violation>
<violation beginline="32" endline="34" begincolumn="12" endcolumn="2" rule="ShortMethodName" ruleset="Code Style" package="org.junit.api.tools" class="AsciidocApiReportWriter" method="h2" externalInfoUrl="https://pmd.github.io/pmd/pmd_rules_java_codestyle.html#shortmethodname" priority="3">
Avoid using short method names
</violation>
</file>
<file name="C:\Users\Sokaina\Downloads\Versiones-Junit5\junit5-r5.0.2\platform-tests\src\test\java\org\junit\api\tools\HtmlApiReportWriter.java">
<violation beginline="28" endline="30" begincolumn="12" endcolumn="2" rule="ShortMethodName" ruleset="Code Style" package="org.junit.api.tools" class="HtmlApiReportWriter" method="h1" externalInfoUrl="https://pmd.github.io/pmd/pmd_rules_java_codestyle.html#shortmethodname" priority="3">
Avoid using short method names
</violation>
<violation beginline="33" endline="35" begincolumn="12" endcolumn="2" rule="ShortMethodName" ruleset="Code Style" package="org.junit.api.tools" class="HtmlApiReportWriter" method="h2" externalInfoUrl="https://pmd.github.io/pmd/pmd_rules_java_codestyle.html#shortmethodname" priority="3">
Avoid using short method names
</violation>
</file>
<file name="C:\Users\Sokaina\Downloads\Versiones-Junit5\junit5-r5.0.2\platform-tests\src\test\java\org\junit\api\tools\MarkdownApiReportWriter.java">
<violation beginline="29" endline="31" begincolumn="12" endcolumn="2" rule="ShortMethodName" ruleset="Code Style" package="org.junit.api.tools" class="MarkdownApiReportWriter" method="h1" externalInfoUrl="https://pmd.github.io/pmd/pmd_rules_java_codestyle.html#shortmethodname" priority="3">
Avoid using short method names
</violation>
<violation beginline="34" endline="36" begincolumn="12" endcolumn="2" rule="ShortMethodName" ruleset="Code Style" package="org.junit.api.tools" class="MarkdownApiReportWriter" method="h2" externalInfoUrl="https://pmd.github.io/pmd/pmd_rules_java_codestyle.html#shortmethodname" priority="3">
Avoid using short method names
</violation>
</file>
<file name="C:\Users\Sokaina\Downloads\Versiones-Junit5\junit5-r5.0.2\platform-tests\src\test\java\org\junit\jupiter\extensions\TempDirectory.java">
<violation beginline="43" endline="43" begincolumn="23" endcolumn="51" rule="FieldDeclarationsShouldBeAtStartOfClass" ruleset="Code Style" package="org.junit.jupiter.extensions" class="TempDirectory" variable="VariableDeclaratorId" externalInfoUrl="https://pmd.github.io/pmd/pmd_rules_java_codestyle.html#fielddeclarationsshouldbeatstartofclass" priority="3">
Fields should be declared at the top of the class, before any method declarations, constructors, initializers or inner classes.
</violation>
</file>
<file name="C:\Users\Sokaina\Downloads\Versiones-Junit5\junit5-r5.0.2\platform-tests\src\test\java\org\junit\platform\commons\support\AnnotationSupportTests.java">
<violation beginline="35" endline="40" begincolumn="2" endcolumn="2" rule="JUnitTestContainsTooManyAsserts" ruleset="Best Practices" package="org.junit.platform.commons.support" class="AnnotationSupportTests" method="isAnnotatedDelegates" externalInfoUrl="https://pmd.github.io/pmd/pmd_rules_java_bestpractices.html#junittestcontainstoomanyasserts" priority="3">
Unit tests should not contain more than 1 assert(s).
</violation>
<violation beginline="36" endline="36" begincolumn="3" endcolumn="14" rule="JUnitAssertionsShouldIncludeMessage" ruleset="Best Practices" package="org.junit.platform.commons.support" class="AnnotationSupportTests" method="isAnnotatedDelegates" externalInfoUrl="https://pmd.github.io/pmd/pmd_rules_java_bestpractices.html#junitassertionsshouldincludemessage" priority="3">
JUnit assertions should include a message
</violation>
<violation beginline="38" endline="38" begincolumn="3" endcolumn="14" rule="JUnitAssertionsShouldIncludeMessage" ruleset="Best Practices" package="org.junit.platform.commons.support" class="AnnotationSupportTests" method="isAnnotatedDelegates" externalInfoUrl="https://pmd.github.io/pmd/pmd_rules_java_bestpractices.html#junitassertionsshouldincludemessage" priority="3">
JUnit assertions should include a message
</violation>
<violation beginline="43" endline="48" begincolumn="2" endcolumn="2" rule="JUnitTestContainsTooManyAsserts" ruleset="Best Practices" package="org.junit.platform.commons.support" class="AnnotationSupportTests" method="findAnnotationDelegates" externalInfoUrl="https://pmd.github.io/pmd/pmd_rules_java_bestpractices.html#junittestcontainstoomanyasserts" priority="3">
Unit tests should not contain more than 1 assert(s).
</violation>
<violation beginline="44" endline="44" begincolumn="3" endcolumn="14" rule="JUnitAssertionsShouldIncludeMessage" ruleset="Best Practices" package="org.junit.platform.commons.support" class="AnnotationSupportTests" method="findAnnotationDelegates" externalInfoUrl="https://pmd.github.io/pmd/pmd_rules_java_bestpractices.html#junitassertionsshouldincludemessage" priority="3">
JUnit assertions should include a message
</violation>
<violation beginline="46" endline="46" begincolumn="3" endcolumn="14" rule="JUnitAssertionsShouldIncludeMessage" ruleset="Best Practices" package="org.junit.platform.commons.support" class="AnnotationSupportTests" method="findAnnotationDelegates" externalInfoUrl="https://pmd.github.io/pmd/pmd_rules_java_bestpractices.html#junitassertionsshouldincludemessage" priority="3">
JUnit assertions should include a message
</violation>
<violation beginline="51" endline="61" begincolumn="2" endcolumn="2" rule="JUnitTestContainsTooManyAsserts" ruleset="Best Practices" package="org.junit.platform.commons.support" class="AnnotationSupportTests" method="findRepeatableAnnotationsDelegates" externalInfoUrl="https://pmd.github.io/pmd/pmd_rules_java_bestpractices.html#junittestcontainstoomanyasserts" priority="3">
Unit tests should not contain more than 1 assert(s).
</violation>
<violation beginline="53" endline="53" begincolumn="3" endcolumn="14" rule="JUnitAssertionsShouldIncludeMessage" ruleset="Best Practices" package="org.junit.platform.commons.support" class="AnnotationSupportTests" method="findRepeatableAnnotationsDelegates" externalInfoUrl="https://pmd.github.io/pmd/pmd_rules_java_bestpractices.html#junitassertionsshouldincludemessage" priority="3">
JUnit assertions should include a message
</violation>
<violation beginline="64" endline="82" begincolumn="2" endcolumn="2" rule="JUnitTestContainsTooManyAsserts" ruleset="Best Practices" package="org.junit.platform.commons.support" class="AnnotationSupportTests" method="findAnnotatedMethodsDelegates" externalInfoUrl="https://pmd.github.io/pmd/pmd_rules_java_bestpractices.html#junittestcontainstoomanyasserts" priority="3">
Unit tests should not contain more than 1 assert(s).
</violation>
<violation beginline="65" endline="65" begincolumn="3" endcolumn="14" rule="JUnitAssertionsShouldIncludeMessage" ruleset="Best Practices" package="org.junit.platform.commons.support" class="AnnotationSupportTests" method="findAnnotatedMethodsDelegates" externalInfoUrl="https://pmd.github.io/pmd/pmd_rules_java_bestpractices.html#junitassertionsshouldincludemessage" priority="3">
JUnit assertions should include a message
</violation>
<violation beginline="69" endline="69" begincolumn="3" endcolumn="14" rule="JUnitAssertionsShouldIncludeMessage" ruleset="Best Practices" package="org.junit.platform.commons.support" class="AnnotationSupportTests" method="findAnnotatedMethodsDelegates" externalInfoUrl="https://pmd.github.io/pmd/pmd_rules_java_bestpractices.html#junitassertionsshouldincludemessage" priority="3">
JUnit assertions should include a message
</violation>
<violation beginline="74" endline="74" begincolumn="3" endcolumn="14" rule="JUnitAssertionsShouldIncludeMessage" ruleset="Best Practices" package="org.junit.platform.commons.support" class="AnnotationSupportTests" method="findAnnotatedMethodsDelegates" externalInfoUrl="https://pmd.github.io/pmd/pmd_rules_java_bestpractices.html#junitassertionsshouldincludemessage" priority="3">
JUnit assertions should include a message
</violation>
<violation beginline="78" endline="78" begincolumn="3" endcolumn="14" rule="JUnitAssertionsShouldIncludeMessage" ruleset="Best Practices" package="org.junit.platform.commons.support" class="AnnotationSupportTests" method="findAnnotatedMethodsDelegates" externalInfoUrl="https://pmd.github.io/pmd/pmd_rules_java_bestpractices.html#junitassertionsshouldincludemessage" priority="3">
JUnit assertions should include a message
</violation>
<violation beginline="85" endline="90" begincolumn="2" endcolumn="2" rule="JUnitTestContainsTooManyAsserts" ruleset="Best Practices" package="org.junit.platform.commons.support" class="AnnotationSupportTests" method="findPublicAnnotatedFieldsDelegates" externalInfoUrl="https://pmd.github.io/pmd/pmd_rules_java_bestpractices.html#junittestcontainstoomanyasserts" priority="3">
Unit tests should not contain more than 1 assert(s).
</violation>
<violation beginline="86" endline="86" begincolumn="3" endcolumn="14" rule="JUnitAssertionsShouldIncludeMessage" ruleset="Best Practices" package="org.junit.platform.commons.support" class="AnnotationSupportTests" method="findPublicAnnotatedFieldsDelegates" externalInfoUrl="https://pmd.github.io/pmd/pmd_rules_java_bestpractices.html#junitassertionsshouldincludemessage" priority="3">
JUnit assertions should include a message
</violation>
<violation beginline="88" endline="88" begincolumn="3" endcolumn="14" rule="JUnitAssertionsShouldIncludeMessage" ruleset="Best Practices" package="org.junit.platform.commons.support" class="AnnotationSupportTests" method="findPublicAnnotatedFieldsDelegates" externalInfoUrl="https://pmd.github.io/pmd/pmd_rules_java_bestpractices.html#junitassertionsshouldincludemessage" priority="3">
JUnit assertions should include a message
</violation>
<violation beginline="106" endline="108" begincolumn="3" endcolumn="3" rule="DefaultPackage" ruleset="Code Style" package="org.junit.platform.commons.support" class="AnnotationSupportTests$Probe" externalInfoUrl="https://pmd.github.io/pmd/pmd_rules_java_codestyle.html#defaultpackage" priority="3">
Use explicit scoping instead of the default package private level
</violation>
<violation beginline="107" endline="108" begincolumn="18" endcolumn="3" rule="UncommentedEmptyMethodBody" ruleset="Documentation" package="org.junit.platform.commons.support" class="AnnotationSupportTests$Probe" method="aMethod" externalInfoUrl="https://pmd.github.io/pmd/pmd_rules_java_documentation.html#uncommentedemptymethodbody" priority="3">
Document empty method body
</violation>
<violation beginline="110" endline="113" begincolumn="3" endcolumn="3" rule="DefaultPackage" ruleset="Code Style" package="org.junit.platform.commons.support" class="AnnotationSupportTests$Probe" externalInfoUrl="https://pmd.github.io/pmd/pmd_rules_java_codestyle.html#defaultpackage" priority="3">
Use explicit scoping instead of the default package private level
</violation>
<violation beginline="112" endline="113" begincolumn="18" endcolumn="3" rule="UncommentedEmptyMethodBody" ruleset="Documentation" package="org.junit.platform.commons.support" class="AnnotationSupportTests$Probe" method="bMethod" externalInfoUrl="https://pmd.github.io/pmd/pmd_rules_java_documentation.html#uncommentedemptymethodbody" priority="3">
Document empty method body
</violation>
</file>
<file name="C:\Users\Sokaina\Downloads\Versiones-Junit5\junit5-r5.0.2\platform-tests\src\test\java\org\junit\platform\commons\support\ReflectionSupportTests.java">
<violation beginline="53" endline="53" begincolumn="11" endcolumn="22" rule="JUnitAssertionsShouldIncludeMessage" ruleset="Best Practices" package="org.junit.platform.commons.support" class="ReflectionSupportTests" method="findAllClassesInClasspathRootDelegates" externalInfoUrl="https://pmd.github.io/pmd/pmd_rules_java_bestpractices.html#junitassertionsshouldincludemessage" priority="3">
JUnit assertions should include a message
</violation>
<violation beginline="60" endline="68" begincolumn="2" endcolumn="2" rule="JUnitTestContainsTooManyAsserts" ruleset="Best Practices" package="org.junit.platform.commons.support" class="ReflectionSupportTests" method="findAllClassesInPackageDelegates" externalInfoUrl="https://pmd.github.io/pmd/pmd_rules_java_bestpractices.html#junittestcontainstoomanyasserts" priority="3">
Unit tests should not contain more than 1 assert(s).
</violation>
<violation beginline="66" endline="66" begincolumn="3" endcolumn="14" rule="JUnitAssertionsShouldIncludeMessage" ruleset="Best Practices" package="org.junit.platform.commons.support" class="ReflectionSupportTests" method="findAllClassesInPackageDelegates" externalInfoUrl="https://pmd.github.io/pmd/pmd_rules_java_bestpractices.html#junitassertionsshouldincludemessage" priority="3">
JUnit assertions should include a message
</violation>
<violation beginline="71" endline="80" begincolumn="2" endcolumn="2" rule="JUnitTestContainsTooManyAsserts" ruleset="Best Practices" package="org.junit.platform.commons.support" class="ReflectionSupportTests" method="findMethodsDelegates" externalInfoUrl="https://pmd.github.io/pmd/pmd_rules_java_bestpractices.html#junittestcontainstoomanyasserts" priority="3">
Unit tests should not contain more than 1 assert(s).
</violation>
<violation beginline="72" endline="72" begincolumn="3" endcolumn="14" rule="JUnitAssertionsShouldIncludeMessage" ruleset="Best Practices" package="org.junit.platform.commons.support" class="ReflectionSupportTests" method="findMethodsDelegates" externalInfoUrl="https://pmd.github.io/pmd/pmd_rules_java_bestpractices.html#junitassertionsshouldincludemessage" priority="3">
JUnit assertions should include a message
</violation>
<violation beginline="76" endline="76" begincolumn="3" endcolumn="14" rule="JUnitAssertionsShouldIncludeMessage" ruleset="Best Practices" package="org.junit.platform.commons.support" class="ReflectionSupportTests" method="findMethodsDelegates" externalInfoUrl="https://pmd.github.io/pmd/pmd_rules_java_bestpractices.html#junitassertionsshouldincludemessage" priority="3">
JUnit assertions should include a message
</violation>
</file>
<file name="C:\Users\Sokaina\Downloads\Versiones-Junit5\junit5-r5.0.2\platform-tests\src\test\java\org\junit\platform\commons\util\AnnotationUtilsTests.java">
<violation beginline="11" endline="748" begincolumn="1" endcolumn="2" rule="TooManyStaticImports" ruleset="Code Style" package="org.junit.platform.commons.util" class="AnnotationUtilsTests" externalInfoUrl="https://pmd.github.io/pmd/pmd_rules_java_codestyle.html#toomanystaticimports" priority="3">
Too many static imports may lead to messy code
</violation>
<violation beginline="56" endline="56" begincolumn="82" endcolumn="86" rule="AvoidDuplicateLiterals" ruleset="Error Prone" package="org.junit.platform.commons.util" class="AnnotationUtilsTests" method="getDefaultValueForNullAnnotation" externalInfoUrl="https://pmd.github.io/pmd/pmd_rules_java_errorprone.html#avoidduplicateliterals" priority="3">
The String literal "foo" appears 10 times in this file; the first occurrence is on line 56
</violation>
<violation beginline="72" endline="79" begincolumn="2" endcolumn="2" rule="JUnitTestContainsTooManyAsserts" ruleset="Best Practices" package="org.junit.platform.commons.util" class="AnnotationUtilsTests" method="getDefaultValueForNonMatchingAttributeType" externalInfoUrl="https://pmd.github.io/pmd/pmd_rules_java_bestpractices.html#junittestcontainstoomanyasserts" priority="3">
Unit tests should not contain more than 1 assert(s).
</violation>
<violation beginline="157" endline="157" begincolumn="54" endcolumn="62" rule="SignatureDeclareThrowsException" ruleset="Design" package="org.junit.platform.commons.util" class="AnnotationUtilsTests" method="findAnnotationDirectlyPresentOnMethod" externalInfoUrl="https://pmd.github.io/pmd/pmd_rules_java_design.html#signaturedeclarethrowsexception" priority="3">
A method/constructor should not explicitly throw java.lang.Exception
</violation>
<violation beginline="158" endline="158" begincolumn="60" endcolumn="67" rule="AvoidDuplicateLiterals" ruleset="Error Prone" package="org.junit.platform.commons.util" class="AnnotationUtilsTests" method="findAnnotationDirectlyPresentOnMethod" externalInfoUrl="https://pmd.github.io/pmd/pmd_rules_java_errorprone.html#avoidduplicateliterals" priority="3">
The String literal "method" appears 5 times in this file; the first occurrence is on line 158
</violation>
<violation beginline="163" endline="163" begincolumn="50" endcolumn="58" rule="SignatureDeclareThrowsException" ruleset="Design" package="org.junit.platform.commons.util" class="AnnotationUtilsTests" method="findAnnotationMetaPresentOnMethod" externalInfoUrl="https://pmd.github.io/pmd/pmd_rules_java_design.html#signaturedeclarethrowsexception" priority="3">
A method/constructor should not explicitly throw java.lang.Exception
</violation>
<violation beginline="169" endline="169" begincolumn="58" endcolumn="66" rule="SignatureDeclareThrowsException" ruleset="Design" package="org.junit.platform.commons.util" class="AnnotationUtilsTests" method="findAnnotationMetaPresentOnOptionalMethod" externalInfoUrl="https://pmd.github.io/pmd/pmd_rules_java_design.html#signaturedeclarethrowsexception" priority="3">
A method/constructor should not explicitly throw java.lang.Exception
</violation>
<violation beginline="176" endline="176" begincolumn="3" endcolumn="13" rule="JUnitAssertionsShouldIncludeMessage" ruleset="Best Practices" package="org.junit.platform.commons.util" class="AnnotationUtilsTests" method="isAnnotatedForClassWithoutAnnotation" externalInfoUrl="https://pmd.github.io/pmd/pmd_rules_java_bestpractices.html#junitassertionsshouldincludemessage" priority="3">
JUnit assertions should include a message
</violation>
<violation beginline="181" endline="181" begincolumn="3" endcolumn="12" rule="JUnitAssertionsShouldIncludeMessage" ruleset="Best Practices" package="org.junit.platform.commons.util" class="AnnotationUtilsTests" method="isAnnotatedWhenIndirectlyPresentOnClass" externalInfoUrl="https://pmd.github.io/pmd/pmd_rules_java_bestpractices.html#junitassertionsshouldincludemessage" priority="3">
JUnit assertions should include a message
</violation>
<violation beginline="186" endline="186" begincolumn="3" endcolumn="12" rule="JUnitAssertionsShouldIncludeMessage" ruleset="Best Practices" package="org.junit.platform.commons.util" class="AnnotationUtilsTests" method="isAnnotatedWhenDirectlyPresentOnClass" externalInfoUrl="https://pmd.github.io/pmd/pmd_rules_java_bestpractices.html#junitassertionsshouldincludemessage" priority="3">
JUnit assertions should include a message
</violation>
<violation beginline="191" endline="191" begincolumn="3" endcolumn="12" rule="JUnitAssertionsShouldIncludeMessage" ruleset="Best Practices" package="org.junit.platform.commons.util" class="AnnotationUtilsTests" method="isAnnotatedWhenMetaPresentOnClass" externalInfoUrl="https://pmd.github.io/pmd/pmd_rules_java_bestpractices.html#junitassertionsshouldincludemessage" priority="3">
JUnit assertions should include a message
</violation>
<violation beginline="195" endline="195" begincolumn="55" endcolumn="63" rule="SignatureDeclareThrowsException" ruleset="Design" package="org.junit.platform.commons.util" class="AnnotationUtilsTests" method="isAnnotatedWhenDirectlyPresentOnMethod" externalInfoUrl="https://pmd.github.io/pmd/pmd_rules_java_design.html#signaturedeclarethrowsexception" priority="3">
A method/constructor should not explicitly throw java.lang.Exception
</violation>
<violation beginline="196" endline="196" begincolumn="3" endcolumn="12" rule="JUnitAssertionsShouldIncludeMessage" ruleset="Best Practices" package="org.junit.platform.commons.util" class="AnnotationUtilsTests" method="isAnnotatedWhenDirectlyPresentOnMethod" externalInfoUrl="https://pmd.github.io/pmd/pmd_rules_java_bestpractices.html#junitassertionsshouldincludemessage" priority="3">
JUnit assertions should include a message
</violation>
<violation beginline="200" endline="200" begincolumn="51" endcolumn="59" rule="SignatureDeclareThrowsException" ruleset="Design" package="org.junit.platform.commons.util" class="AnnotationUtilsTests" method="isAnnotatedWhenMetaPresentOnMethod" externalInfoUrl="https://pmd.github.io/pmd/pmd_rules_java_design.html#signaturedeclarethrowsexception" priority="3">
A method/constructor should not explicitly throw java.lang.Exception
</violation>
<violation beginline="201" endline="201" begincolumn="3" endcolumn="12" rule="JUnitAssertionsShouldIncludeMessage" ruleset="Best Practices" package="org.junit.platform.commons.util" class="AnnotationUtilsTests" method="isAnnotatedWhenMetaPresentOnMethod" externalInfoUrl="https://pmd.github.io/pmd/pmd_rules_java_bestpractices.html#junitassertionsshouldincludemessage" priority="3">
JUnit assertions should include a message
</violation>
<violation beginline="210" endline="210" begincolumn="55" endcolumn="63" rule="SignatureDeclareThrowsException" ruleset="Design" package="org.junit.platform.commons.util" class="AnnotationUtilsTests" method="findRepeatableAnnotationsWithSingleTag" externalInfoUrl="https://pmd.github.io/pmd/pmd_rules_java_design.html#signaturedeclarethrowsexception" priority="3">
A method/constructor should not explicitly throw java.lang.Exception
</violation>
<violation beginline="215" endline="215" begincolumn="63" endcolumn="71" rule="SignatureDeclareThrowsException" ruleset="Design" package="org.junit.platform.commons.util" class="AnnotationUtilsTests" method="findRepeatableAnnotationsWithSingleComposedTag" externalInfoUrl="https://pmd.github.io/pmd/pmd_rules_java_design.html#signaturedeclarethrowsexception" priority="3">
A method/constructor should not explicitly throw java.lang.Exception
</violation>
<violation beginline="216" endline="216" begincolumn="52" endcolumn="57" rule="AvoidDuplicateLiterals" ruleset="Error Prone" package="org.junit.platform.commons.util" class="AnnotationUtilsTests" method="findRepeatableAnnotationsWithSingleComposedTag" externalInfoUrl="https://pmd.github.io/pmd/pmd_rules_java_errorprone.html#avoidduplicateliterals" priority="3">
The String literal "fast" appears 7 times in this file; the first occurrence is on line 216
</violation>
<violation beginline="220" endline="220" begincolumn="85" endcolumn="93" rule="SignatureDeclareThrowsException" ruleset="Design" package="org.junit.platform.commons.util" class="AnnotationUtilsTests" method="findRepeatableAnnotationsWithSingleComposedTagOnImplementedInterface" externalInfoUrl="https://pmd.github.io/pmd/pmd_rules_java_design.html#signaturedeclarethrowsexception" priority="3">
A method/constructor should not explicitly throw java.lang.Exception
</violation>
<violation beginline="225" endline="225" begincolumn="98" endcolumn="106" rule="SignatureDeclareThrowsException" ruleset="Design" package="org.junit.platform.commons.util" class="AnnotationUtilsTests" method="findRepeatableAnnotationsWithLocalComposedTagAndComposedTagOnImplementedInterface" externalInfoUrl="https://pmd.github.io/pmd/pmd_rules_java_design.html#signaturedeclarethrowsexception" priority="3">
A method/constructor should not explicitly throw java.lang.Exception
</violation>
<violation beginline="226" endline="226" begincolumn="65" endcolumn="71" rule="AvoidDuplicateLiterals" ruleset="Error Prone" package="org.junit.platform.commons.util" class="AnnotationUtilsTests" method="findRepeatableAnnotationsWithLocalComposedTagAndComposedTagOnImplementedInterface" externalInfoUrl="https://pmd.github.io/pmd/pmd_rules_java_errorprone.html#avoidduplicateliterals" priority="3">
The String literal "smoke" appears 4 times in this file; the first occurrence is on line 226
</violation>
<violation beginline="230" endline="230" begincolumn="58" endcolumn="66" rule="SignatureDeclareThrowsException" ruleset="Design" package="org.junit.platform.commons.util" class="AnnotationUtilsTests" method="findRepeatableAnnotationsWithMultipleTags" externalInfoUrl="https://pmd.github.io/pmd/pmd_rules_java_design.html#signaturedeclarethrowsexception" priority="3">
A method/constructor should not explicitly throw java.lang.Exception
</violation>
<violation beginline="235" endline="235" begincolumn="66" endcolumn="74" rule="SignatureDeclareThrowsException" ruleset="Design" package="org.junit.platform.commons.util" class="AnnotationUtilsTests" method="findRepeatableAnnotationsWithMultipleComposedTags" externalInfoUrl="https://pmd.github.io/pmd/pmd_rules_java_design.html#signaturedeclarethrowsexception" priority="3">
A method/constructor should not explicitly throw java.lang.Exception
</violation>
<violation beginline="235" endline="238" begincolumn="2" endcolumn="2" rule="JUnitTestContainsTooManyAsserts" ruleset="Best Practices" package="org.junit.platform.commons.util" class="AnnotationUtilsTests" method="findRepeatableAnnotationsWithMultipleComposedTags" externalInfoUrl="https://pmd.github.io/pmd/pmd_rules_java_bestpractices.html#junittestcontainstoomanyasserts" priority="3">
Unit tests should not contain more than 1 assert(s).
</violation>
<violation beginline="241" endline="241" begincolumn="55" endcolumn="63" rule="SignatureDeclareThrowsException" ruleset="Design" package="org.junit.platform.commons.util" class="AnnotationUtilsTests" method="findRepeatableAnnotationsWithContainer" externalInfoUrl="https://pmd.github.io/pmd/pmd_rules_java_design.html#signaturedeclarethrowsexception" priority="3">
A method/constructor should not explicitly throw java.lang.Exception
</violation>
<violation beginline="246" endline="246" begincolumn="72" endcolumn="80" rule="SignatureDeclareThrowsException" ruleset="Design" package="org.junit.platform.commons.util" class="AnnotationUtilsTests" method="findRepeatableAnnotationsWithComposedTagBeforeContainer" externalInfoUrl="https://pmd.github.io/pmd/pmd_rules_java_design.html#signaturedeclarethrowsexception" priority="3">
A method/constructor should not explicitly throw java.lang.Exception
</violation>
<violation beginline="250" endline="250" begincolumn="70" endcolumn="78" rule="SignatureDeclareThrowsException" ruleset="Design" package="org.junit.platform.commons.util" class="AnnotationUtilsTests" method="assertTagsFound" externalInfoUrl="https://pmd.github.io/pmd/pmd_rules_java_design.html#signaturedeclarethrowsexception" priority="3">
A method/constructor should not explicitly throw java.lang.Exception
</violation>
<violation beginline="257" endline="257" begincolumn="83" endcolumn="91" rule="SignatureDeclareThrowsException" ruleset="Design" package="org.junit.platform.commons.util" class="AnnotationUtilsTests" method="findInheritedRepeatableAnnotationsWithSingleAnnotationOnSuperclass" externalInfoUrl="https://pmd.github.io/pmd/pmd_rules_java_design.html#signaturedeclarethrowsexception" priority="3">
A method/constructor should not explicitly throw java.lang.Exception
</violation>
<violation beginline="257" endline="260" begincolumn="2" endcolumn="2" rule="JUnitTestContainsTooManyAsserts" ruleset="Best Practices" package="org.junit.platform.commons.util" class="AnnotationUtilsTests" method="findInheritedRepeatableAnnotationsWithSingleAnnotationOnSuperclass" externalInfoUrl="https://pmd.github.io/pmd/pmd_rules_java_bestpractices.html#junittestcontainstoomanyasserts" priority="3">
Unit tests should not contain more than 1 assert(s).
</violation>
<violation beginline="263" endline="263" begincolumn="86" endcolumn="94" rule="SignatureDeclareThrowsException" ruleset="Design" package="org.junit.platform.commons.util" class="AnnotationUtilsTests" method="findInheritedRepeatableAnnotationsWithMultipleAnnotationsOnSuperclass" externalInfoUrl="https://pmd.github.io/pmd/pmd_rules_java_design.html#signaturedeclarethrowsexception" priority="3">
A method/constructor should not explicitly throw java.lang.Exception
</violation>
<violation beginline="263" endline="266" begincolumn="2" endcolumn="2" rule="JUnitTestContainsTooManyAsserts" ruleset="Best Practices" package="org.junit.platform.commons.util" class="AnnotationUtilsTests" method="findInheritedRepeatableAnnotationsWithMultipleAnnotationsOnSuperclass" externalInfoUrl="https://pmd.github.io/pmd/pmd_rules_java_bestpractices.html#junittestcontainstoomanyasserts" priority="3">
Unit tests should not contain more than 1 assert(s).
</violation>
<violation beginline="269" endline="269" begincolumn="86" endcolumn="94" rule="SignatureDeclareThrowsException" ruleset="Design" package="org.junit.platform.commons.util" class="AnnotationUtilsTests" method="findInheritedRepeatableAnnotationsWithContainerAnnotationOnSuperclass" externalInfoUrl="https://pmd.github.io/pmd/pmd_rules_java_design.html#signaturedeclarethrowsexception" priority="3">
A method/constructor should not explicitly throw java.lang.Exception
</violation>
<violation beginline="269" endline="272" begincolumn="2" endcolumn="2" rule="JUnitTestContainsTooManyAsserts" ruleset="Best Practices" package="org.junit.platform.commons.util" class="AnnotationUtilsTests" method="findInheritedRepeatableAnnotationsWithContainerAnnotationOnSuperclass" externalInfoUrl="https://pmd.github.io/pmd/pmd_rules_java_bestpractices.html#junittestcontainstoomanyasserts" priority="3">
Unit tests should not contain more than 1 assert(s).
</violation>
<violation beginline="275" endline="275" begincolumn="79" endcolumn="87" rule="SignatureDeclareThrowsException" ruleset="Design" package="org.junit.platform.commons.util" class="AnnotationUtilsTests" method="findInheritedRepeatableAnnotationsWithSingleComposedAnnotation" externalInfoUrl="https://pmd.github.io/pmd/pmd_rules_java_design.html#signaturedeclarethrowsexception" priority="3">
A method/constructor should not explicitly throw java.lang.Exception
</violation>
<violation beginline="280" endline="280" begincolumn="91" endcolumn="99" rule="SignatureDeclareThrowsException" ruleset="Design" package="org.junit.platform.commons.util" class="AnnotationUtilsTests" method="findInheritedRepeatableAnnotationsWithSingleComposedAnnotationOnSuperclass" externalInfoUrl="https://pmd.github.io/pmd/pmd_rules_java_design.html#signaturedeclarethrowsexception" priority="3">
A method/constructor should not explicitly throw java.lang.Exception
</violation>
<violation beginline="285" endline="285" begincolumn="82" endcolumn="90" rule="SignatureDeclareThrowsException" ruleset="Design" package="org.junit.platform.commons.util" class="AnnotationUtilsTests" method="findInheritedRepeatableAnnotationsWithMultipleComposedAnnotations" externalInfoUrl="https://pmd.github.io/pmd/pmd_rules_java_design.html#signaturedeclarethrowsexception" priority="3">
A method/constructor should not explicitly throw java.lang.Exception
</violation>
<violation beginline="286" endline="286" begincolumn="67" endcolumn="71" rule="AvoidDuplicateLiterals" ruleset="Error Prone" package="org.junit.platform.commons.util" class="AnnotationUtilsTests" method="findInheritedRepeatableAnnotationsWithMultipleComposedAnnotations" externalInfoUrl="https://pmd.github.io/pmd/pmd_rules_java_errorprone.html#avoidduplicateliterals" priority="3">
The String literal "bar" appears 6 times in this file; the first occurrence is on line 286
</violation>
<violation beginline="290" endline="290" begincolumn="94" endcolumn="102" rule="SignatureDeclareThrowsException" ruleset="Design" package="org.junit.platform.commons.util" class="AnnotationUtilsTests" method="findInheritedRepeatableAnnotationsWithMultipleComposedAnnotationsOnSuperclass" externalInfoUrl="https://pmd.github.io/pmd/pmd_rules_java_design.html#signaturedeclarethrowsexception" priority="3">
A method/constructor should not explicitly throw java.lang.Exception
</violation>
<violation beginline="296" endline="296" begincolumn="11" endcolumn="19" rule="SignatureDeclareThrowsException" ruleset="Design" package="org.junit.platform.commons.util" class="AnnotationUtilsTests" method="findInheritedRepeatableAnnotationsWithMultipleComposedAnnotationsOnSuperclassAndLocalContainerAndComposed" externalInfoUrl="https://pmd.github.io/pmd/pmd_rules_java_design.html#signaturedeclarethrowsexception" priority="3">
A method/constructor should not explicitly throw java.lang.Exception
</violation>
<violation beginline="300" endline="300" begincolumn="76" endcolumn="84" rule="SignatureDeclareThrowsException" ruleset="Design" package="org.junit.platform.commons.util" class="AnnotationUtilsTests" method="assertExtensionsFound" externalInfoUrl="https://pmd.github.io/pmd/pmd_rules_java_design.html#signaturedeclarethrowsexception" priority="3">
A method/constructor should not explicitly throw java.lang.Exception
</violation>
<violation beginline="324" endline="324" begincolumn="88" endcolumn="96" rule="SignatureDeclareThrowsException" ruleset="Design" package="org.junit.platform.commons.util" class="AnnotationUtilsTests" method="findAnnotatedMethodsForAnnotationOnMethodsInClassUsingHierarchyDownMode" externalInfoUrl="https://pmd.github.io/pmd/pmd_rules_java_design.html#signaturedeclarethrowsexception" priority="3">
A method/constructor should not explicitly throw java.lang.Exception
</violation>
<violation beginline="330" endline="330" begincolumn="3" endcolumn="12" rule="JUnitAssertionsShouldIncludeMessage" ruleset="Best Practices" package="org.junit.platform.commons.util" class="AnnotationUtilsTests" method="findAnnotatedMethodsForAnnotationOnMethodsInClassUsingHierarchyDownMode" externalInfoUrl="https://pmd.github.io/pmd/pmd_rules_java_bestpractices.html#junitassertionsshouldincludemessage" priority="3">
JUnit assertions should include a message
</violation>
<violation beginline="334" endline="334" begincolumn="95" endcolumn="103" rule="SignatureDeclareThrowsException" ruleset="Design" package="org.junit.platform.commons.util" class="AnnotationUtilsTests" method="findAnnotatedMethodsForAnnotationOnMethodsInClassHierarchyUsingHierarchyUpMode" externalInfoUrl="https://pmd.github.io/pmd/pmd_rules_java_design.html#signaturedeclarethrowsexception" priority="3">
A method/constructor should not explicitly throw java.lang.Exception
</violation>
<violation beginline="334" endline="344" begincolumn="2" endcolumn="2" rule="JUnitTestContainsTooManyAsserts" ruleset="Best Practices" package="org.junit.platform.commons.util" class="AnnotationUtilsTests" method="findAnnotatedMethodsForAnnotationOnMethodsInClassHierarchyUsingHierarchyUpMode" externalInfoUrl="https://pmd.github.io/pmd/pmd_rules_java_bestpractices.html#junittestcontainstoomanyasserts" priority="3">
Unit tests should not contain more than 1 assert(s).
</violation>
<violation beginline="341" endline="341" begincolumn="3" endcolumn="14" rule="JUnitAssertionsShouldIncludeMessage" ruleset="Best Practices" package="org.junit.platform.commons.util" class="AnnotationUtilsTests" method="findAnnotatedMethodsForAnnotationOnMethodsInClassHierarchyUsingHierarchyUpMode" externalInfoUrl="https://pmd.github.io/pmd/pmd_rules_java_bestpractices.html#junitassertionsshouldincludemessage" priority="3">
JUnit assertions should include a message
</violation>
<violation beginline="342" endline="342" begincolumn="3" endcolumn="12" rule="JUnitAssertionsShouldIncludeMessage" ruleset="Best Practices" package="org.junit.platform.commons.util" class="AnnotationUtilsTests" method="findAnnotatedMethodsForAnnotationOnMethodsInClassHierarchyUsingHierarchyUpMode" externalInfoUrl="https://pmd.github.io/pmd/pmd_rules_java_bestpractices.html#junitassertionsshouldincludemessage" priority="3">
JUnit assertions should include a message
</violation>
<violation beginline="343" endline="343" begincolumn="3" endcolumn="14" rule="JUnitAssertionsShouldIncludeMessage" ruleset="Best Practices" package="org.junit.platform.commons.util" class="AnnotationUtilsTests" method="findAnnotatedMethodsForAnnotationOnMethodsInClassHierarchyUsingHierarchyUpMode" externalInfoUrl="https://pmd.github.io/pmd/pmd_rules_java_bestpractices.html#junitassertionsshouldincludemessage" priority="3">
JUnit assertions should include a message
</violation>
<violation beginline="347" endline="347" begincolumn="87" endcolumn="95" rule="SignatureDeclareThrowsException" ruleset="Design" package="org.junit.platform.commons.util" class="AnnotationUtilsTests" method="findAnnotatedMethodsForAnnotationUsedInClassAndSuperClassHierarchyDown" externalInfoUrl="https://pmd.github.io/pmd/pmd_rules_java_design.html#signaturedeclarethrowsexception" priority="3">
A method/constructor should not explicitly throw java.lang.Exception
</violation>
<violation beginline="347" endline="357" begincolumn="2" endcolumn="2" rule="JUnitTestContainsTooManyAsserts" ruleset="Best Practices" package="org.junit.platform.commons.util" class="AnnotationUtilsTests" method="findAnnotatedMethodsForAnnotationUsedInClassAndSuperClassHierarchyDown" externalInfoUrl="https://pmd.github.io/pmd/pmd_rules_java_bestpractices.html#junittestcontainstoomanyasserts" priority="3">
Unit tests should not contain more than 1 assert(s).
</violation>
<violation beginline="354" endline="354" begincolumn="3" endcolumn="14" rule="JUnitAssertionsShouldIncludeMessage" ruleset="Best Practices" package="org.junit.platform.commons.util" class="AnnotationUtilsTests" method="findAnnotatedMethodsForAnnotationUsedInClassAndSuperClassHierarchyDown" externalInfoUrl="https://pmd.github.io/pmd/pmd_rules_java_bestpractices.html#junitassertionsshouldincludemessage" priority="3">
JUnit assertions should include a message
</violation>
<violation beginline="355" endline="355" begincolumn="3" endcolumn="14" rule="JUnitAssertionsShouldIncludeMessage" ruleset="Best Practices" package="org.junit.platform.commons.util" class="AnnotationUtilsTests" method="findAnnotatedMethodsForAnnotationUsedInClassAndSuperClassHierarchyDown" externalInfoUrl="https://pmd.github.io/pmd/pmd_rules_java_bestpractices.html#junitassertionsshouldincludemessage" priority="3">
JUnit assertions should include a message
</violation>
<violation beginline="356" endline="356" begincolumn="3" endcolumn="12" rule="JUnitAssertionsShouldIncludeMessage" ruleset="Best Practices" package="org.junit.platform.commons.util" class="AnnotationUtilsTests" method="findAnnotatedMethodsForAnnotationUsedInClassAndSuperClassHierarchyDown" externalInfoUrl="https://pmd.github.io/pmd/pmd_rules_java_bestpractices.html#junitassertionsshouldincludemessage" priority="3">
JUnit assertions should include a message
</violation>
<violation beginline="360" endline="360" begincolumn="65" endcolumn="73" rule="SignatureDeclareThrowsException" ruleset="Design" package="org.junit.platform.commons.util" class="AnnotationUtilsTests" method="findAnnotatedMethodsForAnnotationUsedInInterface" externalInfoUrl="https://pmd.github.io/pmd/pmd_rules_java_design.html#signaturedeclarethrowsexception" priority="3">
A method/constructor should not explicitly throw java.lang.Exception
</violation>
<violation beginline="387" endline="391" begincolumn="2" endcolumn="2" rule="JUnitTestContainsTooManyAsserts" ruleset="Best Practices" package="org.junit.platform.commons.util" class="AnnotationUtilsTests" method="findPublicAnnotatedFieldsForPrivateField" externalInfoUrl="https://pmd.github.io/pmd/pmd_rules_java_bestpractices.html#junittestcontainstoomanyasserts" priority="3">
Unit tests should not contain more than 1 assert(s).
</violation>
<violation beginline="389" endline="389" begincolumn="3" endcolumn="15" rule="JUnitAssertionsShouldIncludeMessage" ruleset="Best Practices" package="org.junit.platform.commons.util" class="AnnotationUtilsTests" method="findPublicAnnotatedFieldsForPrivateField" externalInfoUrl="https://pmd.github.io/pmd/pmd_rules_java_bestpractices.html#junitassertionsshouldincludemessage" priority="3">
JUnit assertions should include a message
</violation>
<violation beginline="390" endline="390" begincolumn="3" endcolumn="14" rule="JUnitAssertionsShouldIncludeMessage" ruleset="Best Practices" package="org.junit.platform.commons.util" class="AnnotationUtilsTests" method="findPublicAnnotatedFieldsForPrivateField" externalInfoUrl="https://pmd.github.io/pmd/pmd_rules_java_bestpractices.html#junitassertionsshouldincludemessage" priority="3">
JUnit assertions should include a message
</violation>
<violation beginline="394" endline="398" begincolumn="2" endcolumn="2" rule="JUnitTestContainsTooManyAsserts" ruleset="Best Practices" package="org.junit.platform.commons.util" class="AnnotationUtilsTests" method="findPublicAnnotatedFieldsForDirectlyAnnotatedFieldOfWrongFieldType" externalInfoUrl="https://pmd.github.io/pmd/pmd_rules_java_bestpractices.html#junittestcontainstoomanyasserts" priority="3">
Unit tests should not contain more than 1 assert(s).
</violation>
<violation beginline="396" endline="396" begincolumn="3" endcolumn="15" rule="JUnitAssertionsShouldIncludeMessage" ruleset="Best Practices" package="org.junit.platform.commons.util" class="AnnotationUtilsTests" method="findPublicAnnotatedFieldsForDirectlyAnnotatedFieldOfWrongFieldType" externalInfoUrl="https://pmd.github.io/pmd/pmd_rules_java_bestpractices.html#junitassertionsshouldincludemessage" priority="3">
JUnit assertions should include a message
</violation>
<violation beginline="397" endline="397" begincolumn="3" endcolumn="14" rule="JUnitAssertionsShouldIncludeMessage" ruleset="Best Practices" package="org.junit.platform.commons.util" class="AnnotationUtilsTests" method="findPublicAnnotatedFieldsForDirectlyAnnotatedFieldOfWrongFieldType" externalInfoUrl="https://pmd.github.io/pmd/pmd_rules_java_bestpractices.html#junitassertionsshouldincludemessage" priority="3">
JUnit assertions should include a message
</violation>
<violation beginline="401" endline="405" begincolumn="2" endcolumn="2" rule="JUnitTestContainsTooManyAsserts" ruleset="Best Practices" package="org.junit.platform.commons.util" class="AnnotationUtilsTests" method="findPublicAnnotatedFieldsForDirectlyAnnotatedField" externalInfoUrl="https://pmd.github.io/pmd/pmd_rules_java_bestpractices.html#junittestcontainstoomanyasserts" priority="3">
Unit tests should not contain more than 1 assert(s).
</violation>
<violation beginline="403" endline="403" begincolumn="3" endcolumn="15" rule="JUnitAssertionsShouldIncludeMessage" ruleset="Best Practices" package="org.junit.platform.commons.util" class="AnnotationUtilsTests" method="findPublicAnnotatedFieldsForDirectlyAnnotatedField" externalInfoUrl="https://pmd.github.io/pmd/pmd_rules_java_bestpractices.html#junitassertionsshouldincludemessage" priority="3">
JUnit assertions should include a message
</violation>
<violation beginline="408" endline="413" begincolumn="2" endcolumn="2" rule="JUnitTestContainsTooManyAsserts" ruleset="Best Practices" package="org.junit.platform.commons.util" class="AnnotationUtilsTests" method="findPublicAnnotatedFieldsForMetaAnnotatedField" externalInfoUrl="https://pmd.github.io/pmd/pmd_rules_java_bestpractices.html#junittestcontainstoomanyasserts" priority="3">
Unit tests should not contain more than 1 assert(s).
</violation>
<violation beginline="410" endline="410" begincolumn="3" endcolumn="15" rule="JUnitAssertionsShouldIncludeMessage" ruleset="Best Practices" package="org.junit.platform.commons.util" class="AnnotationUtilsTests" method="findPublicAnnotatedFieldsForMetaAnnotatedField" externalInfoUrl="https://pmd.github.io/pmd/pmd_rules_java_bestpractices.html#junitassertionsshouldincludemessage" priority="3">
JUnit assertions should include a message
</violation>
<violation beginline="411" endline="411" begincolumn="3" endcolumn="14" rule="JUnitAssertionsShouldIncludeMessage" ruleset="Best Practices" package="org.junit.platform.commons.util" class="AnnotationUtilsTests" method="findPublicAnnotatedFieldsForMetaAnnotatedField" externalInfoUrl="https://pmd.github.io/pmd/pmd_rules_java_bestpractices.html#junitassertionsshouldincludemessage" priority="3">
JUnit assertions should include a message
</violation>
<violation beginline="416" endline="421" begincolumn="2" endcolumn="2" rule="JUnitTestContainsTooManyAsserts" ruleset="Best Practices" package="org.junit.platform.commons.util" class="AnnotationUtilsTests" method="findPublicAnnotatedFieldsForDirectlyAnnotatedFieldInInterface" externalInfoUrl="https://pmd.github.io/pmd/pmd_rules_java_bestpractices.html#junittestcontainstoomanyasserts" priority="3">
Unit tests should not contain more than 1 assert(s).
</violation>
<violation beginline="419" endline="419" begincolumn="3" endcolumn="15" rule="JUnitAssertionsShouldIncludeMessage" ruleset="Best Practices" package="org.junit.platform.commons.util" class="AnnotationUtilsTests" method="findPublicAnnotatedFieldsForDirectlyAnnotatedFieldInInterface" externalInfoUrl="https://pmd.github.io/pmd/pmd_rules_java_bestpractices.html#junitassertionsshouldincludemessage" priority="3">
JUnit assertions should include a message
</violation>
<violation beginline="424" endline="429" begincolumn="2" endcolumn="2" rule="JUnitTestContainsTooManyAsserts" ruleset="Best Practices" package="org.junit.platform.commons.util" class="AnnotationUtilsTests" method="findPublicAnnotatedFieldsForDirectlyAnnotatedFieldsInClassAndInterface" externalInfoUrl="https://pmd.github.io/pmd/pmd_rules_java_bestpractices.html#junittestcontainstoomanyasserts" priority="3">
Unit tests should not contain more than 1 assert(s).
</violation>
<violation beginline="427" endline="427" begincolumn="3" endcolumn="15" rule="JUnitAssertionsShouldIncludeMessage" ruleset="Best Practices" package="org.junit.platform.commons.util" class="AnnotationUtilsTests" method="findPublicAnnotatedFieldsForDirectlyAnnotatedFieldsInClassAndInterface" externalInfoUrl="https://pmd.github.io/pmd/pmd_rules_java_bestpractices.html#junitassertionsshouldincludemessage" priority="3">
JUnit assertions should include a message
</violation>
<violation beginline="428" endline="428" begincolumn="3" endcolumn="12" rule="JUnitAssertionsShouldIncludeMessage" ruleset="Best Practices" package="org.junit.platform.commons.util" class="AnnotationUtilsTests" method="findPublicAnnotatedFieldsForDirectlyAnnotatedFieldsInClassAndInterface" externalInfoUrl="https://pmd.github.io/pmd/pmd_rules_java_bestpractices.html#junitassertionsshouldincludemessage" priority="3">
JUnit assertions should include a message
</violation>
<violation beginline="551" endline="553" begincolumn="3" endcolumn="3" rule="DefaultPackage" ruleset="Code Style" package="org.junit.platform.commons.util" class="AnnotationUtilsTests$Annotation2Class" externalInfoUrl="https://pmd.github.io/pmd/pmd_rules_java_codestyle.html#defaultpackage" priority="3">
Use explicit scoping instead of the default package private level
</violation>
<violation beginline="552" endline="553" begincolumn="17" endcolumn="3" rule="UncommentedEmptyMethodBody" ruleset="Documentation" package="org.junit.platform.commons.util" class="AnnotationUtilsTests$Annotation2Class" method="method" externalInfoUrl="https://pmd.github.io/pmd/pmd_rules_java_documentation.html#uncommentedemptymethodbody" priority="3">
Document empty method body
</violation>
<violation beginline="566" endline="568" begincolumn="3" endcolumn="3" rule="DefaultPackage" ruleset="Code Style" package="org.junit.platform.commons.util" class="AnnotationUtilsTests$ComposedAnnotationClass" externalInfoUrl="https://pmd.github.io/pmd/pmd_rules_java_codestyle.html#defaultpackage" priority="3">
Use explicit scoping instead of the default package private level
</violation>
<violation beginline="567" endline="568" begincolumn="17" endcolumn="3" rule="UncommentedEmptyMethodBody" ruleset="Documentation" package="org.junit.platform.commons.util" class="AnnotationUtilsTests$ComposedAnnotationClass" method="method" externalInfoUrl="https://pmd.github.io/pmd/pmd_rules_java_documentation.html#uncommentedemptymethodbody" priority="3">
Document empty method body
</violation>
<violation beginline="574" endline="576" begincolumn="3" endcolumn="3" rule="DefaultPackage" ruleset="Code Style" package="org.junit.platform.commons.util" class="AnnotationUtilsTests$InheritedComposedAnnotationClass" externalInfoUrl="https://pmd.github.io/pmd/pmd_rules_java_codestyle.html#defaultpackage" priority="3">
Use explicit scoping instead of the default package private level
</violation>
<violation beginline="575" endline="576" begincolumn="17" endcolumn="3" rule="UncommentedEmptyMethodBody" ruleset="Documentation" package="org.junit.platform.commons.util" class="AnnotationUtilsTests$InheritedComposedAnnotationClass" method="method" externalInfoUrl="https://pmd.github.io/pmd/pmd_rules_java_documentation.html#uncommentedemptymethodbody" priority="3">
Document empty method body
</violation>
<violation beginline="693" endline="694" begincolumn="34" endcolumn="3" rule="UncommentedEmptyMethodBody" ruleset="Documentation" package="org.junit.platform.commons.util" class="AnnotationUtilsTests$InterfaceWithAnnotatedDefaultMethod" method="interfaceMethod" externalInfoUrl="https://pmd.github.io/pmd/pmd_rules_java_documentation.html#uncommentedemptymethodbody" priority="3">
Document empty method body
</violation>
<violation beginline="699" endline="701" begincolumn="3" endcolumn="3" rule="DefaultPackage" ruleset="Code Style" package="org.junit.platform.commons.util" class="AnnotationUtilsTests$SuperClassWithAnnotatedMethod" externalInfoUrl="https://pmd.github.io/pmd/pmd_rules_java_codestyle.html#defaultpackage" priority="3">
Use explicit scoping instead of the default package private level
</violation>
<violation beginline="700" endline="701" begincolumn="22" endcolumn="3" rule="UncommentedEmptyMethodBody" ruleset="Documentation" package="org.junit.platform.commons.util" class="AnnotationUtilsTests$SuperClassWithAnnotatedMethod" method="superMethod" externalInfoUrl="https://pmd.github.io/pmd/pmd_rules_java_documentation.html#uncommentedemptymethodbody" priority="3">
Document empty method body
</violation>
<violation beginline="707" endline="709" begincolumn="3" endcolumn="3" rule="DefaultPackage" ruleset="Code Style" package="org.junit.platform.commons.util" class="AnnotationUtilsTests$ClassWithAnnotatedMethods" externalInfoUrl="https://pmd.github.io/pmd/pmd_rules_java_codestyle.html#defaultpackage" priority="3">
Use explicit scoping instead of the default package private level
</violation>
<violation beginline="708" endline="709" begincolumn="18" endcolumn="3" rule="UncommentedEmptyMethodBody" ruleset="Documentation" package="org.junit.platform.commons.util" class="AnnotationUtilsTests$ClassWithAnnotatedMethods" method="method1" externalInfoUrl="https://pmd.github.io/pmd/pmd_rules_java_documentation.html#uncommentedemptymethodbody" priority="3">
Document empty method body
</violation>
<violation beginline="711" endline="713" begincolumn="3" endcolumn="3" rule="DefaultPackage" ruleset="Code Style" package="org.junit.platform.commons.util" class="AnnotationUtilsTests$ClassWithAnnotatedMethods" externalInfoUrl="https://pmd.github.io/pmd/pmd_rules_java_codestyle.html#defaultpackage" priority="3">
Use explicit scoping instead of the default package private level
</violation>
<violation beginline="712" endline="713" begincolumn="18" endcolumn="3" rule="UncommentedEmptyMethodBody" ruleset="Documentation" package="org.junit.platform.commons.util" class="AnnotationUtilsTests$ClassWithAnnotatedMethods" method="method2" externalInfoUrl="https://pmd.github.io/pmd/pmd_rules_java_documentation.html#uncommentedemptymethodbody" priority="3">
Document empty method body
</violation>
<violation beginline="715" endline="718" begincolumn="3" endcolumn="3" rule="DefaultPackage" ruleset="Code Style" package="org.junit.platform.commons.util" class="AnnotationUtilsTests$ClassWithAnnotatedMethods" externalInfoUrl="https://pmd.github.io/pmd/pmd_rules_java_codestyle.html#defaultpackage" priority="3">
Use explicit scoping instead of the default package private level
</violation>
<violation beginline="717" endline="718" begincolumn="18" endcolumn="3" rule="UncommentedEmptyMethodBody" ruleset="Documentation" package="org.junit.platform.commons.util" class="AnnotationUtilsTests$ClassWithAnnotatedMethods" method="method3" externalInfoUrl="https://pmd.github.io/pmd/pmd_rules_java_documentation.html#uncommentedemptymethodbody" priority="3">
Document empty method body
</violation>
<violation beginline="722" endline="722" begincolumn="18" endcolumn="46" rule="UnusedPrivateField" ruleset="Best Practices" package="org.junit.platform.commons.util" class="AnnotationUtilsTests" variable="privateDirectlyAnnotatedField" externalInfoUrl="https://pmd.github.io/pmd/pmd_rules_java_bestpractices.html#unusedprivatefield" priority="3">
Avoid unused private fields such as 'privateDirectlyAnnotatedField'.
</violation>
<violation beginline="722" endline="722" begincolumn="10" endcolumn="47" rule="FieldDeclarationsShouldBeAtStartOfClass" ruleset="Code Style" package="org.junit.platform.commons.util" class="AnnotationUtilsTests" variable="VariableDeclaratorId" externalInfoUrl="https://pmd.github.io/pmd/pmd_rules_java_codestyle.html#fielddeclarationsshouldbeatstartofclass" priority="3">
Fields should be declared at the top of the class, before any method declarations, constructors, initializers or inner classes.
</violation>
<violation beginline="725" endline="725" begincolumn="9" endcolumn="38" rule="FieldDeclarationsShouldBeAtStartOfClass" ruleset="Code Style" package="org.junit.platform.commons.util" class="AnnotationUtilsTests" variable="VariableDeclaratorId" externalInfoUrl="https://pmd.github.io/pmd/pmd_rules_java_codestyle.html#fielddeclarationsshouldbeatstartofclass" priority="3">
Fields should be declared at the top of the class, before any method declarations, constructors, initializers or inner classes.
</violation>
<violation beginline="728" endline="728" begincolumn="9" endcolumn="35" rule="FieldDeclarationsShouldBeAtStartOfClass" ruleset="Code Style" package="org.junit.platform.commons.util" class="AnnotationUtilsTests" variable="VariableDeclaratorId" externalInfoUrl="https://pmd.github.io/pmd/pmd_rules_java_codestyle.html#fielddeclarationsshouldbeatstartofclass" priority="3">
Fields should be declared at the top of the class, before any method declarations, constructors, initializers or inner classes.
</violation>
<violation beginline="733" endline="733" begincolumn="3" endcolumn="21" rule="ConstantsInInterface" ruleset="Best Practices" package="org.junit.platform.commons.util" class="AnnotationUtilsTests$InterfaceWithAnnotatedFields" variable="VariableDeclaratorId" externalInfoUrl="https://pmd.github.io/pmd/pmd_rules_java_bestpractices.html#constantsininterface" priority="3">
Avoid constants in interfaces. Interfaces define types, constants are implementation details better placed in classes or enums. See Effective Java, item 19.
</violation>
<violation beginline="736" endline="736" begincolumn="3" endcolumn="28" rule="ConstantsInInterface" ruleset="Best Practices" package="org.junit.platform.commons.util" class="AnnotationUtilsTests$InterfaceWithAnnotatedFields" variable="VariableDeclaratorId" externalInfoUrl="https://pmd.github.io/pmd/pmd_rules_java_bestpractices.html#constantsininterface" priority="3">
Avoid constants in interfaces. Interfaces define types, constants are implementation details better placed in classes or enums. See Effective Java, item 19.
</violation>
</file>
<file name="C:\Users\Sokaina\Downloads\Versiones-Junit5\junit5-r5.0.2\platform-tests\src\test\java\org\junit\platform\commons\util\ClassLoaderUtilsTests.java">
<violation beginline="27" endline="31" begincolumn="2" endcolumn="2" rule="JUnitTestContainsTooManyAsserts" ruleset="Best Practices" package="org.junit.platform.commons.util" class="ClassLoaderUtilsTests" method="getLocationFromNullFails" externalInfoUrl="https://pmd.github.io/pmd/pmd_rules_java_bestpractices.html#junittestcontainstoomanyasserts" priority="3">
Unit tests should not contain more than 1 assert(s).
</violation>
<violation beginline="30" endline="30" begincolumn="3" endcolumn="14" rule="JUnitAssertionsShouldIncludeMessage" ruleset="Best Practices" package="org.junit.platform.commons.util" class="ClassLoaderUtilsTests" method="getLocationFromNullFails" externalInfoUrl="https://pmd.github.io/pmd/pmd_rules_java_bestpractices.html#junitassertionsshouldincludemessage" priority="3">
JUnit assertions should include a message
</violation>
<violation beginline="34" endline="41" begincolumn="2" endcolumn="2" rule="JUnitTestContainsTooManyAsserts" ruleset="Best Practices" package="org.junit.platform.commons.util" class="ClassLoaderUtilsTests" method="getLocationFromVariousObjectsArePresent" externalInfoUrl="https://pmd.github.io/pmd/pmd_rules_java_bestpractices.html#junittestcontainstoomanyasserts" priority="3">
Unit tests should not contain more than 1 assert(s).
</violation>
<violation beginline="35" endline="35" begincolumn="3" endcolumn="12" rule="JUnitAssertionsShouldIncludeMessage" ruleset="Best Practices" package="org.junit.platform.commons.util" class="ClassLoaderUtilsTests" method="getLocationFromVariousObjectsArePresent" externalInfoUrl="https://pmd.github.io/pmd/pmd_rules_java_bestpractices.html#junitassertionsshouldincludemessage" priority="3">
JUnit assertions should include a message
</violation>
<violation beginline="36" endline="36" begincolumn="3" endcolumn="12" rule="JUnitAssertionsShouldIncludeMessage" ruleset="Best Practices" package="org.junit.platform.commons.util" class="ClassLoaderUtilsTests" method="getLocationFromVariousObjectsArePresent" externalInfoUrl="https://pmd.github.io/pmd/pmd_rules_java_bestpractices.html#junitassertionsshouldincludemessage" priority="3">
JUnit assertions should include a message
</violation>
<violation beginline="37" endline="37" begincolumn="3" endcolumn="12" rule="JUnitAssertionsShouldIncludeMessage" ruleset="Best Practices" package="org.junit.platform.commons.util" class="ClassLoaderUtilsTests" method="getLocationFromVariousObjectsArePresent" externalInfoUrl="https://pmd.github.io/pmd/pmd_rules_java_bestpractices.html#junitassertionsshouldincludemessage" priority="3">
JUnit assertions should include a message
</violation>
<violation beginline="38" endline="38" begincolumn="3" endcolumn="12" rule="JUnitAssertionsShouldIncludeMessage" ruleset="Best Practices" package="org.junit.platform.commons.util" class="ClassLoaderUtilsTests" method="getLocationFromVariousObjectsArePresent" externalInfoUrl="https://pmd.github.io/pmd/pmd_rules_java_bestpractices.html#junitassertionsshouldincludemessage" priority="3">
JUnit assertions should include a message
</violation>
<violation beginline="39" endline="39" begincolumn="3" endcolumn="12" rule="JUnitAssertionsShouldIncludeMessage" ruleset="Best Practices" package="org.junit.platform.commons.util" class="ClassLoaderUtilsTests" method="getLocationFromVariousObjectsArePresent" externalInfoUrl="https://pmd.github.io/pmd/pmd_rules_java_bestpractices.html#junitassertionsshouldincludemessage" priority="3">
JUnit assertions should include a message
</violation>
<violation beginline="40" endline="40" begincolumn="3" endcolumn="12" rule="JUnitAssertionsShouldIncludeMessage" ruleset="Best Practices" package="org.junit.platform.commons.util" class="ClassLoaderUtilsTests" method="getLocationFromVariousObjectsArePresent" externalInfoUrl="https://pmd.github.io/pmd/pmd_rules_java_bestpractices.html#junitassertionsshouldincludemessage" priority="3">
JUnit assertions should include a message
</violation>
</file>
<file name="C:\Users\Sokaina\Downloads\Versiones-Junit5\junit5-r5.0.2\platform-tests\src\test\java\org\junit\platform\commons\util\ClassUtilsTests.java">
<violation beginline="26" endline="32" begincolumn="2" endcolumn="2" rule="JUnitTestContainsTooManyAsserts" ruleset="Best Practices" package="org.junit.platform.commons.util" class="ClassUtilsTests" method="nullSafeToStringWithDefaultMapper" externalInfoUrl="https://pmd.github.io/pmd/pmd_rules_java_bestpractices.html#junittestcontainstoomanyasserts" priority="3">
Unit tests should not contain more than 1 assert(s).
</violation>
<violation beginline="27" endline="27" begincolumn="3" endcolumn="14" rule="JUnitAssertionsShouldIncludeMessage" ruleset="Best Practices" package="org.junit.platform.commons.util" class="ClassUtilsTests" method="nullSafeToStringWithDefaultMapper" externalInfoUrl="https://pmd.github.io/pmd/pmd_rules_java_bestpractices.html#junitassertionsshouldincludemessage" priority="3">
JUnit assertions should include a message
</violation>
<violation beginline="28" endline="28" begincolumn="3" endcolumn="14" rule="JUnitAssertionsShouldIncludeMessage" ruleset="Best Practices" package="org.junit.platform.commons.util" class="ClassUtilsTests" method="nullSafeToStringWithDefaultMapper" externalInfoUrl="https://pmd.github.io/pmd/pmd_rules_java_bestpractices.html#junitassertionsshouldincludemessage" priority="3">
JUnit assertions should include a message
</violation>
<violation beginline="29" endline="29" begincolumn="3" endcolumn="14" rule="JUnitAssertionsShouldIncludeMessage" ruleset="Best Practices" package="org.junit.platform.commons.util" class="ClassUtilsTests" method="nullSafeToStringWithDefaultMapper" externalInfoUrl="https://pmd.github.io/pmd/pmd_rules_java_bestpractices.html#junitassertionsshouldincludemessage" priority="3">
JUnit assertions should include a message
</violation>
<violation beginline="30" endline="30" begincolumn="3" endcolumn="14" rule="JUnitAssertionsShouldIncludeMessage" ruleset="Best Practices" package="org.junit.platform.commons.util" class="ClassUtilsTests" method="nullSafeToStringWithDefaultMapper" externalInfoUrl="https://pmd.github.io/pmd/pmd_rules_java_bestpractices.html#junitassertionsshouldincludemessage" priority="3">
JUnit assertions should include a message
</violation>
<violation beginline="31" endline="31" begincolumn="3" endcolumn="14" rule="JUnitAssertionsShouldIncludeMessage" ruleset="Best Practices" package="org.junit.platform.commons.util" class="ClassUtilsTests" method="nullSafeToStringWithDefaultMapper" externalInfoUrl="https://pmd.github.io/pmd/pmd_rules_java_bestpractices.html#junitassertionsshouldincludemessage" priority="3">
JUnit assertions should include a message
</violation>
<violation beginline="35" endline="42" begincolumn="2" endcolumn="2" rule="JUnitTestContainsTooManyAsserts" ruleset="Best Practices" package="org.junit.platform.commons.util" class="ClassUtilsTests" method="nullSafeToStringWithCustomMapper" externalInfoUrl="https://pmd.github.io/pmd/pmd_rules_java_bestpractices.html#junittestcontainstoomanyasserts" priority="3">
Unit tests should not contain more than 1 assert(s).
</violation>
<violation beginline="36" endline="36" begincolumn="3" endcolumn="14" rule="JUnitAssertionsShouldIncludeMessage" ruleset="Best Practices" package="org.junit.platform.commons.util" class="ClassUtilsTests" method="nullSafeToStringWithCustomMapper" externalInfoUrl="https://pmd.github.io/pmd/pmd_rules_java_bestpractices.html#junitassertionsshouldincludemessage" priority="3">
JUnit assertions should include a message
</violation>
<violation beginline="37" endline="37" begincolumn="3" endcolumn="14" rule="JUnitAssertionsShouldIncludeMessage" ruleset="Best Practices" package="org.junit.platform.commons.util" class="ClassUtilsTests" method="nullSafeToStringWithCustomMapper" externalInfoUrl="https://pmd.github.io/pmd/pmd_rules_java_bestpractices.html#junitassertionsshouldincludemessage" priority="3">
JUnit assertions should include a message
</violation>
<violation beginline="38" endline="38" begincolumn="3" endcolumn="14" rule="JUnitAssertionsShouldIncludeMessage" ruleset="Best Practices" package="org.junit.platform.commons.util" class="ClassUtilsTests" method="nullSafeToStringWithCustomMapper" externalInfoUrl="https://pmd.github.io/pmd/pmd_rules_java_bestpractices.html#junitassertionsshouldincludemessage" priority="3">
JUnit assertions should include a message
</violation>
<violation beginline="39" endline="39" begincolumn="3" endcolumn="14" rule="JUnitAssertionsShouldIncludeMessage" ruleset="Best Practices" package="org.junit.platform.commons.util" class="ClassUtilsTests" method="nullSafeToStringWithCustomMapper" externalInfoUrl="https://pmd.github.io/pmd/pmd_rules_java_bestpractices.html#junitassertionsshouldincludemessage" priority="3">
JUnit assertions should include a message
</violation>
<violation beginline="40" endline="40" begincolumn="3" endcolumn="14" rule="JUnitAssertionsShouldIncludeMessage" ruleset="Best Practices" package="org.junit.platform.commons.util" class="ClassUtilsTests" method="nullSafeToStringWithCustomMapper" externalInfoUrl="https://pmd.github.io/pmd/pmd_rules_java_bestpractices.html#junitassertionsshouldincludemessage" priority="3">
JUnit assertions should include a message
</violation>
</file>
<file name="C:\Users\Sokaina\Downloads\Versiones-Junit5\junit5-r5.0.2\platform-tests\src\test\java\org\junit\platform\commons\util\ClasspathScannerTests.java">
<violation beginline="11" endline="344" begincolumn="1" endcolumn="2" rule="TooManyStaticImports" ruleset="Code Style" package="org.junit.platform.commons.util" class="ClasspathScannerTests" externalInfoUrl="https://pmd.github.io/pmd/pmd_rules_java_codestyle.html#toomanystaticimports" priority="3">
Too many static imports may lead to messy code
</violation>
<violation beginline="60" endline="60" begincolumn="11" endcolumn="19" rule="SignatureDeclareThrowsException" ruleset="Design" package="org.junit.platform.commons.util" class="ClasspathScannerTests" method="scanForClassesInClasspathRootWhenMalformedClassnameInternalErrorOccursWithNullDetailedMessage" externalInfoUrl="https://pmd.github.io/pmd/pmd_rules_java_design.html#signaturedeclarethrowsexception" priority="3">
A method/constructor should not explicitly throw java.lang.Exception
</violation>
<violation beginline="73" endline="73" begincolumn="87" endcolumn="95" rule="SignatureDeclareThrowsException" ruleset="Design" package="org.junit.platform.commons.util" class="ClasspathScannerTests" method="scanForClassesInClasspathRootWhenMalformedClassnameInternalErrorOccurs" externalInfoUrl="https://pmd.github.io/pmd/pmd_rules_java_design.html#signaturedeclarethrowsexception" priority="3">
A method/constructor should not explicitly throw java.lang.Exception
</violation>
<violation beginline="85" endline="85" begincolumn="74" endcolumn="82" rule="SignatureDeclareThrowsException" ruleset="Design" package="org.junit.platform.commons.util" class="ClasspathScannerTests" method="scanForClassesInClasspathRootWhenOtherInternalErrorOccurs" externalInfoUrl="https://pmd.github.io/pmd/pmd_rules_java_design.html#signaturedeclarethrowsexception" priority="3">
A method/constructor should not explicitly throw java.lang.Exception
</violation>
<violation beginline="97" endline="97" begincolumn="79" endcolumn="87" rule="SignatureDeclareThrowsException" ruleset="Design" package="org.junit.platform.commons.util" class="ClasspathScannerTests" method="scanForClassesInClasspathRootWhenGenericRuntimeExceptionOccurs" externalInfoUrl="https://pmd.github.io/pmd/pmd_rules_java_design.html#signaturedeclarethrowsexception" priority="3">
A method/constructor should not explicitly throw java.lang.Exception
</violation>
<violation beginline="100" endline="100" begincolumn="15" endcolumn="30" rule="AvoidThrowingRawExceptionTypes" ruleset="Design" package="org.junit.platform.commons.util" class="ClasspathScannerTests" method="scanForClassesInClasspathRootWhenGenericRuntimeExceptionOccurs" externalInfoUrl="https://pmd.github.io/pmd/pmd_rules_java_design.html#avoidthrowingrawexceptiontypes" priority="1">
Avoid throwing raw exception types.
</violation>
<violation beginline="108" endline="108" begincolumn="92" endcolumn="100" rule="SignatureDeclareThrowsException" ruleset="Design" package="org.junit.platform.commons.util" class="ClasspathScannerTests" method="assertClassesScannedWhenExceptionIsThrown" externalInfoUrl="https://pmd.github.io/pmd/pmd_rules_java_design.html#signaturedeclarethrowsexception" priority="3">
A method/constructor should not explicitly throw java.lang.Exception
</violation>
<violation beginline="115" endline="115" begincolumn="72" endcolumn="80" rule="SignatureDeclareThrowsException" ruleset="Design" package="org.junit.platform.commons.util" class="ClasspathScannerTests" method="scanForClassesInClasspathRootWhenOutOfMemoryErrorOccurs" externalInfoUrl="https://pmd.github.io/pmd/pmd_rules_java_design.html#signaturedeclarethrowsexception" priority="3">
A method/constructor should not explicitly throw java.lang.Exception
</violation>
<violation beginline="129" endline="129" begincolumn="59" endcolumn="67" rule="SignatureDeclareThrowsException" ruleset="Design" package="org.junit.platform.commons.util" class="ClasspathScannerTests" method="scanForClassesInClasspathRootWithinJarFile" externalInfoUrl="https://pmd.github.io/pmd/pmd_rules_java_design.html#signaturedeclarethrowsexception" priority="3">
A method/constructor should not explicitly throw java.lang.Exception
</violation>
<violation beginline="129" endline="131" begincolumn="2" endcolumn="2" rule="JUnitTestsShouldIncludeAssert" ruleset="Best Practices" package="org.junit.platform.commons.util" class="ClasspathScannerTests" method="scanForClassesInClasspathRootWithinJarFile" externalInfoUrl="https://pmd.github.io/pmd/pmd_rules_java_bestpractices.html#junittestsshouldincludeassert" priority="3">
JUnit tests should include assert() or fail()
</violation>
<violation beginline="134" endline="134" begincolumn="71" endcolumn="79" rule="SignatureDeclareThrowsException" ruleset="Design" package="org.junit.platform.commons.util" class="ClasspathScannerTests" method="scanForClassesInClasspathRootWithinJarWithSpacesInPath" externalInfoUrl="https://pmd.github.io/pmd/pmd_rules_java_design.html#signaturedeclarethrowsexception" priority="3">
A method/constructor should not explicitly throw java.lang.Exception
</violation>
<violation beginline="134" endline="136" begincolumn="2" endcolumn="2" rule="JUnitTestsShouldIncludeAssert" ruleset="Best Practices" package="org.junit.platform.commons.util" class="ClasspathScannerTests" method="scanForClassesInClasspathRootWithinJarWithSpacesInPath" externalInfoUrl="https://pmd.github.io/pmd/pmd_rules_java_bestpractices.html#junittestsshouldincludeassert" priority="3">
JUnit tests should include assert() or fail()
</violation>
<violation beginline="138" endline="138" begincolumn="86" endcolumn="94" rule="SignatureDeclareThrowsException" ruleset="Design" package="org.junit.platform.commons.util" class="ClasspathScannerTests" method="scanForClassesInClasspathRootWithinJarFile" externalInfoUrl="https://pmd.github.io/pmd/pmd_rules_java_design.html#signaturedeclarethrowsexception" priority="3">
A method/constructor should not explicitly throw java.lang.Exception
</violation>
<violation beginline="155" endline="155" begincolumn="40" endcolumn="48" rule="SignatureDeclareThrowsException" ruleset="Design" package="org.junit.platform.commons.util" class="ClasspathScannerTests" method="scanForClassesInPackage" externalInfoUrl="https://pmd.github.io/pmd/pmd_rules_java_design.html#signaturedeclarethrowsexception" priority="3">
A method/constructor should not explicitly throw java.lang.Exception
</violation>
<violation beginline="155" endline="161" begincolumn="2" endcolumn="2" rule="JUnitTestContainsTooManyAsserts" ruleset="Best Practices" package="org.junit.platform.commons.util" class="ClasspathScannerTests" method="scanForClassesInPackage" externalInfoUrl="https://pmd.github.io/pmd/pmd_rules_java_bestpractices.html#junittestcontainstoomanyasserts" priority="3">
Unit tests should not contain more than 1 assert(s).
</violation>
<violation beginline="156" endline="156" begincolumn="69" endcolumn="96" rule="AvoidDuplicateLiterals" ruleset="Error Prone" package="org.junit.platform.commons.util" class="ClasspathScannerTests" method="scanForClassesInPackage" externalInfoUrl="https://pmd.github.io/pmd/pmd_rules_java_errorprone.html#avoidduplicateliterals" priority="3">
The String literal "org.junit.platform.commons" appears 5 times in this file; the first occurrence is on line 156
</violation>
<violation beginline="159" endline="159" begincolumn="3" endcolumn="12" rule="JUnitAssertionsShouldIncludeMessage" ruleset="Best Practices" package="org.junit.platform.commons.util" class="ClasspathScannerTests" method="scanForClassesInPackage" externalInfoUrl="https://pmd.github.io/pmd/pmd_rules_java_bestpractices.html#junitassertionsshouldincludemessage" priority="3">
JUnit assertions should include a message
</violation>
<violation beginline="160" endline="160" begincolumn="3" endcolumn="12" rule="JUnitAssertionsShouldIncludeMessage" ruleset="Best Practices" package="org.junit.platform.commons.util" class="ClasspathScannerTests" method="scanForClassesInPackage" externalInfoUrl="https://pmd.github.io/pmd/pmd_rules_java_bestpractices.html#junitassertionsshouldincludemessage" priority="3">
JUnit assertions should include a message
</violation>
<violation beginline="164" endline="164" begincolumn="53" endcolumn="61" rule="SignatureDeclareThrowsException" ruleset="Design" package="org.junit.platform.commons.util" class="ClasspathScannerTests" method="findAllClassesInPackageWithinJarFile" externalInfoUrl="https://pmd.github.io/pmd/pmd_rules_java_design.html#signaturedeclarethrowsexception" priority="3">
A method/constructor should not explicitly throw java.lang.Exception
</violation>
<violation beginline="164" endline="177" begincolumn="2" endcolumn="2" rule="JUnitTestContainsTooManyAsserts" ruleset="Best Practices" package="org.junit.platform.commons.util" class="ClasspathScannerTests" method="findAllClassesInPackageWithinJarFile" externalInfoUrl="https://pmd.github.io/pmd/pmd_rules_java_bestpractices.html#junittestcontainstoomanyasserts" priority="3">
Unit tests should not contain more than 1 assert(s).
</violation>
<violation beginline="174" endline="174" begincolumn="4" endcolumn="13" rule="JUnitAssertionsShouldIncludeMessage" ruleset="Best Practices" package="org.junit.platform.commons.util" class="ClasspathScannerTests" method="findAllClassesInPackageWithinJarFile" externalInfoUrl="https://pmd.github.io/pmd/pmd_rules_java_bestpractices.html#junitassertionsshouldincludemessage" priority="3">
JUnit assertions should include a message
</violation>
<violation beginline="175" endline="175" begincolumn="4" endcolumn="13" rule="JUnitAssertionsShouldIncludeMessage" ruleset="Best Practices" package="org.junit.platform.commons.util" class="ClasspathScannerTests" method="findAllClassesInPackageWithinJarFile" externalInfoUrl="https://pmd.github.io/pmd/pmd_rules_java_bestpractices.html#junitassertionsshouldincludemessage" priority="3">
JUnit assertions should include a message
</violation>
<violation beginline="180" endline="180" begincolumn="47" endcolumn="55" rule="SignatureDeclareThrowsException" ruleset="Design" package="org.junit.platform.commons.util" class="ClasspathScannerTests" method="scanForClassesInDefaultPackage" externalInfoUrl="https://pmd.github.io/pmd/pmd_rules_java_design.html#signaturedeclarethrowsexception" priority="3">
A method/constructor should not explicitly throw java.lang.Exception
</violation>
<violation beginline="180" endline="187" begincolumn="2" endcolumn="2" rule="JUnitTestContainsTooManyAsserts" ruleset="Best Practices" package="org.junit.platform.commons.util" class="ClasspathScannerTests" method="scanForClassesInDefaultPackage" externalInfoUrl="https://pmd.github.io/pmd/pmd_rules_java_bestpractices.html#junittestcontainstoomanyasserts" priority="3">
Unit tests should not contain more than 1 assert(s).
</violation>
<violation beginline="185" endline="185" begincolumn="3" endcolumn="12" rule="JUnitAssertionsShouldIncludeMessage" ruleset="Best Practices" package="org.junit.platform.commons.util" class="ClasspathScannerTests" method="scanForClassesInDefaultPackage" externalInfoUrl="https://pmd.github.io/pmd/pmd_rules_java_bestpractices.html#junitassertionsshouldincludemessage" priority="3">
JUnit assertions should include a message
</violation>
<violation beginline="186" endline="186" begincolumn="3" endcolumn="12" rule="JUnitAssertionsShouldIncludeMessage" ruleset="Best Practices" package="org.junit.platform.commons.util" class="ClasspathScannerTests" method="scanForClassesInDefaultPackage" externalInfoUrl="https://pmd.github.io/pmd/pmd_rules_java_bestpractices.html#junitassertionsshouldincludemessage" priority="3">
JUnit assertions should include a message
</violation>
<violation beginline="190" endline="190" begincolumn="50" endcolumn="58" rule="SignatureDeclareThrowsException" ruleset="Design" package="org.junit.platform.commons.util" class="ClasspathScannerTests" method="scanForClassesInPackageWithFilter" externalInfoUrl="https://pmd.github.io/pmd/pmd_rules_java_design.html#signaturedeclarethrowsexception" priority="3">
A method/constructor should not explicitly throw java.lang.Exception
</violation>
<violation beginline="194" endline="194" begincolumn="3" endcolumn="12" rule="JUnitAssertionsShouldIncludeMessage" ruleset="Best Practices" package="org.junit.platform.commons.util" class="ClasspathScannerTests" method="scanForClassesInPackageWithFilter" externalInfoUrl="https://pmd.github.io/pmd/pmd_rules_java_bestpractices.html#junitassertionsshouldincludemessage" priority="3">
JUnit assertions should include a message
</violation>
<violation beginline="224" endline="224" begincolumn="91" endcolumn="99" rule="SignatureDeclareThrowsException" ruleset="Design" package="org.junit.platform.commons.util" class="ClasspathScannerTests" method="scanForClassesInPackageOnlyLoadsClassesThatAreIncludedByTheClassNameFilter" externalInfoUrl="https://pmd.github.io/pmd/pmd_rules_java_design.html#signaturedeclarethrowsexception" priority="3">
A method/constructor should not explicitly throw java.lang.Exception
</violation>
<violation beginline="233" endline="233" begincolumn="46" endcolumn="54" rule="SignatureDeclareThrowsException" ruleset="Design" package="org.junit.platform.commons.util" class="ClasspathScannerTests" method="findAllClassesInClasspathRoot" externalInfoUrl="https://pmd.github.io/pmd/pmd_rules_java_design.html#signaturedeclarethrowsexception" priority="3">
A method/constructor should not explicitly throw java.lang.Exception
</violation>
<violation beginline="237" endline="237" begincolumn="3" endcolumn="12" rule="JUnitAssertionsShouldIncludeMessage" ruleset="Best Practices" package="org.junit.platform.commons.util" class="ClasspathScannerTests" method="findAllClassesInClasspathRoot" externalInfoUrl="https://pmd.github.io/pmd/pmd_rules_java_bestpractices.html#junitassertionsshouldincludemessage" priority="3">
JUnit assertions should include a message
</violation>
<violation beginline="241" endline="241" begincolumn="62" endcolumn="70" rule="SignatureDeclareThrowsException" ruleset="Design" package="org.junit.platform.commons.util" class="ClasspathScannerTests" method="findAllClassesInDefaultPackageInClasspathRoot" externalInfoUrl="https://pmd.github.io/pmd/pmd_rules_java_design.html#signaturedeclarethrowsexception" priority="3">
A method/constructor should not explicitly throw java.lang.Exception
</violation>
<violation beginline="241" endline="249" begincolumn="2" endcolumn="2" rule="JUnitTestContainsTooManyAsserts" ruleset="Best Practices" package="org.junit.platform.commons.util" class="ClasspathScannerTests" method="findAllClassesInDefaultPackageInClasspathRoot" externalInfoUrl="https://pmd.github.io/pmd/pmd_rules_java_bestpractices.html#junittestcontainstoomanyasserts" priority="3">
Unit tests should not contain more than 1 assert(s).
</violation>
<violation beginline="247" endline="247" begincolumn="3" endcolumn="12" rule="JUnitAssertionsShouldIncludeMessage" ruleset="Best Practices" package="org.junit.platform.commons.util" class="ClasspathScannerTests" method="findAllClassesInDefaultPackageInClasspathRoot" externalInfoUrl="https://pmd.github.io/pmd/pmd_rules_java_bestpractices.html#junitassertionsshouldincludemessage" priority="3">
JUnit assertions should include a message
</violation>
<violation beginline="248" endline="248" begincolumn="3" endcolumn="14" rule="JUnitAssertionsShouldIncludeMessage" ruleset="Best Practices" package="org.junit.platform.commons.util" class="ClasspathScannerTests" method="findAllClassesInDefaultPackageInClasspathRoot" externalInfoUrl="https://pmd.github.io/pmd/pmd_rules_java_bestpractices.html#junitassertionsshouldincludemessage" priority="3">
JUnit assertions should include a message
</violation>
<violation beginline="253" endline="253" begincolumn="76" endcolumn="84" rule="SignatureDeclareThrowsException" ruleset="Design" package="org.junit.platform.commons.util" class="ClasspathScannerTests" method="doesNotLoopInfinitelyWithCircularSymlinks" externalInfoUrl="https://pmd.github.io/pmd/pmd_rules_java_design.html#signaturedeclarethrowsexception" priority="3">
A method/constructor should not explicitly throw java.lang.Exception
</violation>
<violation beginline="256" endline="256" begincolumn="15" endcolumn="73" rule="UseLocaleWithCaseConversions" ruleset="Error Prone" package="org.junit.platform.commons.util" class="ClasspathScannerTests" method="doesNotLoopInfinitelyWithCircularSymlinks" externalInfoUrl="https://pmd.github.io/pmd/pmd_rules_java_errorprone.html#uselocalewithcaseconversions" priority="3">
When doing a String.toLowerCase()/toUpperCase() call, use a Locale
</violation>
<violation beginline="275" endline="275" begincolumn="56" endcolumn="64" rule="SignatureDeclareThrowsException" ruleset="Design" package="org.junit.platform.commons.util" class="ClasspathScannerTests" method="findAllClassesInClasspathRootWithFilter" externalInfoUrl="https://pmd.github.io/pmd/pmd_rules_java_design.html#signaturedeclarethrowsexception" priority="3">
A method/constructor should not explicitly throw java.lang.Exception
</violation>
<violation beginline="275" endline="281" begincolumn="2" endcolumn="2" rule="JUnitTestContainsTooManyAsserts" ruleset="Best Practices" package="org.junit.platform.commons.util" class="ClasspathScannerTests" method="findAllClassesInClasspathRootWithFilter" externalInfoUrl="https://pmd.github.io/pmd/pmd_rules_java_bestpractices.html#junittestcontainstoomanyasserts" priority="3">
Unit tests should not contain more than 1 assert(s).
</violation>
<violation beginline="280" endline="280" begincolumn="3" endcolumn="12" rule="JUnitAssertionsShouldIncludeMessage" ruleset="Best Practices" package="org.junit.platform.commons.util" class="ClasspathScannerTests" method="findAllClassesInClasspathRootWithFilter" externalInfoUrl="https://pmd.github.io/pmd/pmd_rules_java_bestpractices.html#junitassertionsshouldincludemessage" priority="3">
JUnit assertions should include a message
</violation>
<violation beginline="284" endline="284" begincolumn="57" endcolumn="65" rule="SignatureDeclareThrowsException" ruleset="Design" package="org.junit.platform.commons.util" class="ClasspathScannerTests" method="findAllClassesInClasspathRootForNullRoot" externalInfoUrl="https://pmd.github.io/pmd/pmd_rules_java_design.html#signaturedeclarethrowsexception" priority="3">
A method/constructor should not explicitly throw java.lang.Exception
</violation>
<violation beginline="290" endline="290" begincolumn="64" endcolumn="72" rule="SignatureDeclareThrowsException" ruleset="Design" package="org.junit.platform.commons.util" class="ClasspathScannerTests" method="findAllClassesInClasspathRootForNonExistingRoot" externalInfoUrl="https://pmd.github.io/pmd/pmd_rules_java_design.html#signaturedeclarethrowsexception" priority="3">
A method/constructor should not explicitly throw java.lang.Exception
</violation>
<violation beginline="297" endline="297" begincolumn="64" endcolumn="72" rule="SignatureDeclareThrowsException" ruleset="Design" package="org.junit.platform.commons.util" class="ClasspathScannerTests" method="findAllClassesInClasspathRootForNullClassFilter" externalInfoUrl="https://pmd.github.io/pmd/pmd_rules_java_design.html#signaturedeclarethrowsexception" priority="3">
A method/constructor should not explicitly throw java.lang.Exception
</violation>
<violation beginline="303" endline="303" begincolumn="83" endcolumn="91" rule="SignatureDeclareThrowsException" ruleset="Design" package="org.junit.platform.commons.util" class="ClasspathScannerTests" method="onlyLoadsClassesInClasspathRootThatAreIncludedByTheClassNameFilter" externalInfoUrl="https://pmd.github.io/pmd/pmd_rules_java_design.html#signaturedeclarethrowsexception" priority="3">
A method/constructor should not explicitly throw java.lang.Exception
</violation>
<violation beginline="313" endline="313" begincolumn="44" endcolumn="52" rule="SignatureDeclareThrowsException" ruleset="Design" package="org.junit.platform.commons.util" class="ClasspathScannerTests" method="getTestClasspathRoot" externalInfoUrl="https://pmd.github.io/pmd/pmd_rules_java_design.html#signaturedeclarethrowsexception" priority="3">
A method/constructor should not explicitly throw java.lang.Exception
</violation>
</file>
<file name="C:\Users\Sokaina\Downloads\Versiones-Junit5\junit5-r5.0.2\platform-tests\src\test\java\org\junit\platform\commons\util\CollectionUtilsTests.java">
<violation beginline="11" endline="230" begincolumn="1" endcolumn="2" rule="TooManyStaticImports" ruleset="Code Style" package="org.junit.platform.commons.util" class="CollectionUtilsTests" externalInfoUrl="https://pmd.github.io/pmd/pmd_rules_java_codestyle.html#toomanystaticimports" priority="3">
Too many static imports may lead to messy code
</violation>
<violation beginline="48" endline="53" begincolumn="2" endcolumn="2" rule="JUnitTestContainsTooManyAsserts" ruleset="Best Practices" package="org.junit.platform.commons.util" class="CollectionUtilsTests" method="getOnlyElementWithNullCollection" externalInfoUrl="https://pmd.github.io/pmd/pmd_rules_java_bestpractices.html#junittestcontainstoomanyasserts" priority="3">
Unit tests should not contain more than 1 assert(s).
</violation>
<violation beginline="52" endline="52" begincolumn="3" endcolumn="14" rule="JUnitAssertionsShouldIncludeMessage" ruleset="Best Practices" package="org.junit.platform.commons.util" class="CollectionUtilsTests" method="getOnlyElementWithNullCollection" externalInfoUrl="https://pmd.github.io/pmd/pmd_rules_java_bestpractices.html#junitassertionsshouldincludemessage" priority="3">
JUnit assertions should include a message
</violation>
<violation beginline="56" endline="61" begincolumn="2" endcolumn="2" rule="JUnitTestContainsTooManyAsserts" ruleset="Best Practices" package="org.junit.platform.commons.util" class="CollectionUtilsTests" method="getOnlyElementWithEmptyCollection" externalInfoUrl="https://pmd.github.io/pmd/pmd_rules_java_bestpractices.html#junittestcontainstoomanyasserts" priority="3">
Unit tests should not contain more than 1 assert(s).
</violation>
<violation beginline="60" endline="60" begincolumn="3" endcolumn="14" rule="JUnitAssertionsShouldIncludeMessage" ruleset="Best Practices" package="org.junit.platform.commons.util" class="CollectionUtilsTests" method="getOnlyElementWithEmptyCollection" externalInfoUrl="https://pmd.github.io/pmd/pmd_rules_java_bestpractices.html#junitassertionsshouldincludemessage" priority="3">
JUnit assertions should include a message
</violation>
<violation beginline="67" endline="67" begincolumn="3" endcolumn="12" rule="JUnitAssertionsShouldIncludeMessage" ruleset="Best Practices" package="org.junit.platform.commons.util" class="CollectionUtilsTests" method="getOnlyElementWithSingleElementCollection" externalInfoUrl="https://pmd.github.io/pmd/pmd_rules_java_bestpractices.html#junitassertionsshouldincludemessage" priority="3">
JUnit assertions should include a message
</violation>
<violation beginline="71" endline="76" begincolumn="2" endcolumn="2" rule="JUnitTestContainsTooManyAsserts" ruleset="Best Practices" package="org.junit.platform.commons.util" class="CollectionUtilsTests" method="getOnlyElementWithMultiElementCollection" externalInfoUrl="https://pmd.github.io/pmd/pmd_rules_java_bestpractices.html#junittestcontainstoomanyasserts" priority="3">
Unit tests should not contain more than 1 assert(s).
</violation>
<violation beginline="73" endline="73" begincolumn="49" endcolumn="53" rule="AvoidDuplicateLiterals" ruleset="Error Prone" package="org.junit.platform.commons.util" class="CollectionUtilsTests" method="getOnlyElementWithMultiElementCollection" externalInfoUrl="https://pmd.github.io/pmd/pmd_rules_java_errorprone.html#avoidduplicateliterals" priority="3">
The String literal "bar" appears 9 times in this file; the first occurrence is on line 73
</violation>
<violation beginline="73" endline="73" begincolumn="42" endcolumn="46" rule="AvoidDuplicateLiterals" ruleset="Error Prone" package="org.junit.platform.commons.util" class="CollectionUtilsTests" method="getOnlyElementWithMultiElementCollection" externalInfoUrl="https://pmd.github.io/pmd/pmd_rules_java_errorprone.html#avoidduplicateliterals" priority="3">
The String literal "foo" appears 10 times in this file; the first occurrence is on line 73
</violation>
<violation beginline="75" endline="75" begincolumn="3" endcolumn="14" rule="JUnitAssertionsShouldIncludeMessage" ruleset="Best Practices" package="org.junit.platform.commons.util" class="CollectionUtilsTests" method="getOnlyElementWithMultiElementCollection" externalInfoUrl="https://pmd.github.io/pmd/pmd_rules_java_bestpractices.html#junitassertionsshouldincludemessage" priority="3">
JUnit assertions should include a message
</violation>
<violation beginline="85" endline="89" begincolumn="2" endcolumn="2" rule="JUnitTestContainsTooManyAsserts" ruleset="Best Practices" package="org.junit.platform.commons.util" class="CollectionUtilsTests" method="toStreamWithNull" externalInfoUrl="https://pmd.github.io/pmd/pmd_rules_java_bestpractices.html#junittestcontainstoomanyasserts" priority="3">
Unit tests should not contain more than 1 assert(s).
</violation>
<violation beginline="92" endline="97" begincolumn="2" endcolumn="2" rule="JUnitTestContainsTooManyAsserts" ruleset="Best Practices" package="org.junit.platform.commons.util" class="CollectionUtilsTests" method="toStreamWithUnsupportedObjectType" externalInfoUrl="https://pmd.github.io/pmd/pmd_rules_java_bestpractices.html#junittestcontainstoomanyasserts" priority="3">
Unit tests should not contain more than 1 assert(s).
</violation>
<violation beginline="108" endline="108" begincolumn="20" endcolumn="30" rule="AvoidDuplicateLiterals" ruleset="Error Prone" package="org.junit.platform.commons.util" class="CollectionUtilsTests" externalInfoUrl="https://pmd.github.io/pmd/pmd_rules_java_errorprone.html#avoidduplicateliterals" priority="3">
The String literal "unchecked" appears 7 times in this file; the first occurrence is on line 108
</violation>
<violation beginline="125" endline="125" begincolumn="3" endcolumn="12" rule="JUnitAssertionsShouldIncludeMessage" ruleset="Best Practices" package="org.junit.platform.commons.util" class="CollectionUtilsTests" method="toStreamWithIntStream" externalInfoUrl="https://pmd.github.io/pmd/pmd_rules_java_bestpractices.html#junitassertionsshouldincludemessage" priority="3">
JUnit assertions should include a message
</violation>
<violation beginline="135" endline="135" begincolumn="3" endcolumn="12" rule="JUnitAssertionsShouldIncludeMessage" ruleset="Best Practices" package="org.junit.platform.commons.util" class="CollectionUtilsTests" method="toStreamWithLongStream" externalInfoUrl="https://pmd.github.io/pmd/pmd_rules_java_bestpractices.html#junitassertionsshouldincludemessage" priority="3">
JUnit assertions should include a message
</violation>
<violation beginline="140" endline="161" begincolumn="2" endcolumn="2" rule="JUnitTestContainsTooManyAsserts" ruleset="Best Practices" package="org.junit.platform.commons.util" class="CollectionUtilsTests" method="toStreamWithCollection" externalInfoUrl="https://pmd.github.io/pmd/pmd_rules_java_bestpractices.html#junittestcontainstoomanyasserts" priority="3">
Unit tests should not contain more than 1 assert(s).
</violation>
<violation beginline="157" endline="157" begincolumn="4" endcolumn="13" rule="JUnitAssertionsShouldIncludeMessage" ruleset="Best Practices" package="org.junit.platform.commons.util" class="CollectionUtilsTests" method="toStreamWithCollection" externalInfoUrl="https://pmd.github.io/pmd/pmd_rules_java_bestpractices.html#junitassertionsshouldincludemessage" priority="3">
JUnit assertions should include a message
</violation>
<violation beginline="177" endline="177" begincolumn="3" endcolumn="12" rule="JUnitAssertionsShouldIncludeMessage" ruleset="Best Practices" package="org.junit.platform.commons.util" class="CollectionUtilsTests" method="toStreamWithIterable" externalInfoUrl="https://pmd.github.io/pmd/pmd_rules_java_bestpractices.html#junitassertionsshouldincludemessage" priority="3">
JUnit assertions should include a message
</violation>
<violation beginline="187" endline="187" begincolumn="3" endcolumn="12" rule="JUnitAssertionsShouldIncludeMessage" ruleset="Best Practices" package="org.junit.platform.commons.util" class="CollectionUtilsTests" method="toStreamWithIterator" externalInfoUrl="https://pmd.github.io/pmd/pmd_rules_java_bestpractices.html#junitassertionsshouldincludemessage" priority="3">
JUnit assertions should include a message
</violation>
<violation beginline="195" endline="195" begincolumn="3" endcolumn="12" rule="JUnitAssertionsShouldIncludeMessage" ruleset="Best Practices" package="org.junit.platform.commons.util" class="CollectionUtilsTests" method="toStreamWithArray" externalInfoUrl="https://pmd.github.io/pmd/pmd_rules_java_bestpractices.html#junitassertionsshouldincludemessage" priority="3">
JUnit assertions should include a message
</violation>
<violation beginline="223" endline="223" begincolumn="3" endcolumn="12" rule="JUnitAssertionsShouldIncludeMessage" ruleset="Best Practices" package="org.junit.platform.commons.util" class="CollectionUtilsTests" method="toStreamWithPrimitiveArray" externalInfoUrl="https://pmd.github.io/pmd/pmd_rules_java_bestpractices.html#junitassertionsshouldincludemessage" priority="3">
JUnit assertions should include a message
</violation>
<violation beginline="224" endline="224" begincolumn="3" endcolumn="12" rule="JUnitAssertionsShouldIncludeMessage" ruleset="Best Practices" package="org.junit.platform.commons.util" class="CollectionUtilsTests" method="toStreamWithPrimitiveArray" externalInfoUrl="https://pmd.github.io/pmd/pmd_rules_java_bestpractices.html#junitassertionsshouldincludemessage" priority="3">
JUnit assertions should include a message
</violation>
<violation beginline="227" endline="227" begincolumn="4" endcolumn="15" rule="JUnitAssertionsShouldIncludeMessage" ruleset="Best Practices" package="org.junit.platform.commons.util" class="CollectionUtilsTests" method="toStreamWithPrimitiveArray" externalInfoUrl="https://pmd.github.io/pmd/pmd_rules_java_bestpractices.html#junitassertionsshouldincludemessage" priority="3">
JUnit assertions should include a message
</violation>
</file>
<file name="C:\Users\Sokaina\Downloads\Versiones-Junit5\junit5-r5.0.2\platform-tests\src\test\java\org\junit\platform\commons\util\FunctionUtilsTests.java">
<violation beginline="11" endline="54" begincolumn="1" endcolumn="2" rule="TooManyStaticImports" ruleset="Code Style" package="org.junit.platform.commons.util" class="FunctionUtilsTests" externalInfoUrl="https://pmd.github.io/pmd/pmd_rules_java_codestyle.html#toomanystaticimports" priority="3">
Too many static imports may lead to messy code
</violation>
<violation beginline="31" endline="36" begincolumn="2" endcolumn="2" rule="JUnitTestContainsTooManyAsserts" ruleset="Best Practices" package="org.junit.platform.commons.util" class="FunctionUtilsTests" method="whereWithNullFunction" externalInfoUrl="https://pmd.github.io/pmd/pmd_rules_java_bestpractices.html#junittestcontainstoomanyasserts" priority="3">
Unit tests should not contain more than 1 assert(s).
</violation>
<violation beginline="35" endline="35" begincolumn="3" endcolumn="14" rule="JUnitAssertionsShouldIncludeMessage" ruleset="Best Practices" package="org.junit.platform.commons.util" class="FunctionUtilsTests" method="whereWithNullFunction" externalInfoUrl="https://pmd.github.io/pmd/pmd_rules_java_bestpractices.html#junitassertionsshouldincludemessage" priority="3">
JUnit assertions should include a message
</violation>
<violation beginline="39" endline="44" begincolumn="2" endcolumn="2" rule="JUnitTestContainsTooManyAsserts" ruleset="Best Practices" package="org.junit.platform.commons.util" class="FunctionUtilsTests" method="whereWithNullPredicate" externalInfoUrl="https://pmd.github.io/pmd/pmd_rules_java_bestpractices.html#junittestcontainstoomanyasserts" priority="3">
Unit tests should not contain more than 1 assert(s).
</violation>
<violation beginline="43" endline="43" begincolumn="3" endcolumn="14" rule="JUnitAssertionsShouldIncludeMessage" ruleset="Best Practices" package="org.junit.platform.commons.util" class="FunctionUtilsTests" method="whereWithNullPredicate" externalInfoUrl="https://pmd.github.io/pmd/pmd_rules_java_bestpractices.html#junitassertionsshouldincludemessage" priority="3">
JUnit assertions should include a message
</violation>
<violation beginline="47" endline="52" begincolumn="2" endcolumn="2" rule="JUnitTestContainsTooManyAsserts" ruleset="Best Practices" package="org.junit.platform.commons.util" class="FunctionUtilsTests" method="whereWithChecksPredicateAgainstResultOfFunction" externalInfoUrl="https://pmd.github.io/pmd/pmd_rules_java_bestpractices.html#junittestcontainstoomanyasserts" priority="3">
Unit tests should not contain more than 1 assert(s).
</violation>
<violation beginline="49" endline="49" begincolumn="3" endcolumn="13" rule="JUnitAssertionsShouldIncludeMessage" ruleset="Best Practices" package="org.junit.platform.commons.util" class="FunctionUtilsTests" method="whereWithChecksPredicateAgainstResultOfFunction" externalInfoUrl="https://pmd.github.io/pmd/pmd_rules_java_bestpractices.html#junitassertionsshouldincludemessage" priority="3">
JUnit assertions should include a message
</violation>
<violation beginline="50" endline="50" begincolumn="3" endcolumn="12" rule="JUnitAssertionsShouldIncludeMessage" ruleset="Best Practices" package="org.junit.platform.commons.util" class="FunctionUtilsTests" method="whereWithChecksPredicateAgainstResultOfFunction" externalInfoUrl="https://pmd.github.io/pmd/pmd_rules_java_bestpractices.html#junitassertionsshouldincludemessage" priority="3">
JUnit assertions should include a message
</violation>
<violation beginline="51" endline="51" begincolumn="3" endcolumn="13" rule="JUnitAssertionsShouldIncludeMessage" ruleset="Best Practices" package="org.junit.platform.commons.util" class="FunctionUtilsTests" method="whereWithChecksPredicateAgainstResultOfFunction" externalInfoUrl="https://pmd.github.io/pmd/pmd_rules_java_bestpractices.html#junitassertionsshouldincludemessage" priority="3">
JUnit assertions should include a message
</violation>
</file>
<file name="C:\Users\Sokaina\Downloads\Versiones-Junit5\junit5-r5.0.2\platform-tests\src\test\java\org\junit\platform\commons\util\PackageUtilsTests.java">
<violation beginline="11" endline="123" begincolumn="1" endcolumn="2" rule="TooManyStaticImports" ruleset="Code Style" package="org.junit.platform.commons.util" class="PackageUtilsTests" externalInfoUrl="https://pmd.github.io/pmd/pmd_rules_java_codestyle.html#toomanystaticimports" priority="3">
Too many static imports may lead to messy code
</violation>
<violation beginline="38" endline="41" begincolumn="2" endcolumn="2" rule="JUnitTestsShouldIncludeAssert" ruleset="Best Practices" package="org.junit.platform.commons.util" class="PackageUtilsTests" method="assertPackageNameIsValidForValidPackageNames" externalInfoUrl="https://pmd.github.io/pmd/pmd_rules_java_bestpractices.html#junittestsshouldincludeassert" priority="3">
JUnit tests should include assert() or fail()
</violation>
<violation beginline="54" endline="59" begincolumn="2" endcolumn="2" rule="JUnitTestContainsTooManyAsserts" ruleset="Best Practices" package="org.junit.platform.commons.util" class="PackageUtilsTests" method="assertPackageNameIsValidForInvalidPackageNames" externalInfoUrl="https://pmd.github.io/pmd/pmd_rules_java_bestpractices.html#junittestcontainstoomanyasserts" priority="3">
Unit tests should not contain more than 1 assert(s).
</violation>
<violation beginline="62" endline="66" begincolumn="2" endcolumn="2" rule="JUnitTestContainsTooManyAsserts" ruleset="Best Practices" package="org.junit.platform.commons.util" class="PackageUtilsTests" method="getAttributeWithNullType" externalInfoUrl="https://pmd.github.io/pmd/pmd_rules_java_bestpractices.html#junittestcontainstoomanyasserts" priority="3">
Unit tests should not contain more than 1 assert(s).
</violation>
<violation beginline="65" endline="65" begincolumn="3" endcolumn="14" rule="JUnitAssertionsShouldIncludeMessage" ruleset="Best Practices" package="org.junit.platform.commons.util" class="PackageUtilsTests" method="getAttributeWithNullType" externalInfoUrl="https://pmd.github.io/pmd/pmd_rules_java_bestpractices.html#junitassertionsshouldincludemessage" priority="3">
JUnit assertions should include a message
</violation>
<violation beginline="69" endline="73" begincolumn="2" endcolumn="2" rule="JUnitTestContainsTooManyAsserts" ruleset="Best Practices" package="org.junit.platform.commons.util" class="PackageUtilsTests" method="getAttributeWithNullFunction" externalInfoUrl="https://pmd.github.io/pmd/pmd_rules_java_bestpractices.html#junittestcontainstoomanyasserts" priority="3">
Unit tests should not contain more than 1 assert(s).
</violation>
<violation beginline="72" endline="72" begincolumn="3" endcolumn="14" rule="JUnitAssertionsShouldIncludeMessage" ruleset="Best Practices" package="org.junit.platform.commons.util" class="PackageUtilsTests" method="getAttributeWithNullFunction" externalInfoUrl="https://pmd.github.io/pmd/pmd_rules_java_bestpractices.html#junitassertionsshouldincludemessage" priority="3">
JUnit assertions should include a message
</violation>
<violation beginline="77" endline="77" begincolumn="3" endcolumn="13" rule="JUnitAssertionsShouldIncludeMessage" ruleset="Best Practices" package="org.junit.platform.commons.util" class="PackageUtilsTests" method="getAttributeWithFunctionReturningNullIsEmpty" externalInfoUrl="https://pmd.github.io/pmd/pmd_rules_java_bestpractices.html#junitassertionsshouldincludemessage" priority="3">
JUnit assertions should include a message
</violation>
<violation beginline="84" endline="84" begincolumn="3" endcolumn="13" rule="JUnitAssertionsShouldIncludeMessage" ruleset="Best Practices" package="org.junit.platform.commons.util" class="PackageUtilsTests" method="getAttributeFromDefaultPackageMemberIsEmpty" externalInfoUrl="https://pmd.github.io/pmd/pmd_rules_java_bestpractices.html#junitassertionsshouldincludemessage" priority="3">
JUnit assertions should include a message
</violation>
<violation beginline="99" endline="99" begincolumn="16" endcolumn="25" rule="JUnitAssertionsShouldIncludeMessage" ruleset="Best Practices" package="org.junit.platform.commons.util" class="PackageUtilsTests" method="isPresent" externalInfoUrl="https://pmd.github.io/pmd/pmd_rules_java_bestpractices.html#junitassertionsshouldincludemessage" priority="3">
JUnit assertions should include a message
</violation>
<violation beginline="103" endline="107" begincolumn="2" endcolumn="2" rule="JUnitTestContainsTooManyAsserts" ruleset="Best Practices" package="org.junit.platform.commons.util" class="PackageUtilsTests" method="getAttributeWithNullTypeAndName" externalInfoUrl="https://pmd.github.io/pmd/pmd_rules_java_bestpractices.html#junittestcontainstoomanyasserts" priority="3">
Unit tests should not contain more than 1 assert(s).
</violation>
<violation beginline="106" endline="106" begincolumn="3" endcolumn="14" rule="JUnitAssertionsShouldIncludeMessage" ruleset="Best Practices" package="org.junit.platform.commons.util" class="PackageUtilsTests" method="getAttributeWithNullTypeAndName" externalInfoUrl="https://pmd.github.io/pmd/pmd_rules_java_bestpractices.html#junitassertionsshouldincludemessage" priority="3">
JUnit assertions should include a message
</violation>
<violation beginline="110" endline="114" begincolumn="2" endcolumn="2" rule="JUnitTestContainsTooManyAsserts" ruleset="Best Practices" package="org.junit.platform.commons.util" class="PackageUtilsTests" method="getAttributeWithNullName" externalInfoUrl="https://pmd.github.io/pmd/pmd_rules_java_bestpractices.html#junittestcontainstoomanyasserts" priority="3">
Unit tests should not contain more than 1 assert(s).
</violation>
<violation beginline="113" endline="113" begincolumn="3" endcolumn="14" rule="JUnitAssertionsShouldIncludeMessage" ruleset="Best Practices" package="org.junit.platform.commons.util" class="PackageUtilsTests" method="getAttributeWithNullName" externalInfoUrl="https://pmd.github.io/pmd/pmd_rules_java_bestpractices.html#junitassertionsshouldincludemessage" priority="3">
JUnit assertions should include a message
</violation>
<violation beginline="117" endline="121" begincolumn="2" endcolumn="2" rule="JUnitTestContainsTooManyAsserts" ruleset="Best Practices" package="org.junit.platform.commons.util" class="PackageUtilsTests" method="getAttributeWithEmptyName" externalInfoUrl="https://pmd.github.io/pmd/pmd_rules_java_bestpractices.html#junittestcontainstoomanyasserts" priority="3">
Unit tests should not contain more than 1 assert(s).
</violation>
<violation beginline="120" endline="120" begincolumn="3" endcolumn="14" rule="JUnitAssertionsShouldIncludeMessage" ruleset="Best Practices" package="org.junit.platform.commons.util" class="PackageUtilsTests" method="getAttributeWithEmptyName" externalInfoUrl="https://pmd.github.io/pmd/pmd_rules_java_bestpractices.html#junitassertionsshouldincludemessage" priority="3">
JUnit assertions should include a message
</violation>
</file>
<file name="C:\Users\Sokaina\Downloads\Versiones-Junit5\junit5-r5.0.2\platform-tests\src\test\java\org\junit\platform\commons\util\PreconditionsTests.java">
<violation beginline="11" endline="273" begincolumn="1" endcolumn="2" rule="TooManyStaticImports" ruleset="Code Style" package="org.junit.platform.commons.util" class="PreconditionsTests" externalInfoUrl="https://pmd.github.io/pmd/pmd_rules_java_codestyle.html#toomanystaticimports" priority="3">
Too many static imports may lead to messy code
</violation>
<violation beginline="40" endline="40" begincolumn="42" endcolumn="50" rule="AvoidDuplicateLiterals" ruleset="Error Prone" package="org.junit.platform.commons.util" class="PreconditionsTests" method="notNullPassesForNonNullObject" externalInfoUrl="https://pmd.github.io/pmd/pmd_rules_java_errorprone.html#avoidduplicateliterals" priority="3">
The String literal "message" appears 8 times in this file; the first occurrence is on line 40
</violation>
<violation beginline="41" endline="41" begincolumn="3" endcolumn="12" rule="JUnitAssertionsShouldIncludeMessage" ruleset="Best Practices" package="org.junit.platform.commons.util" class="PreconditionsTests" method="notNullPassesForNonNullObject" externalInfoUrl="https://pmd.github.io/pmd/pmd_rules_java_bestpractices.html#junitassertionsshouldincludemessage" priority="3">
JUnit assertions should include a message
</violation>
<violation beginline="45" endline="52" begincolumn="2" endcolumn="2" rule="JUnitTestContainsTooManyAsserts" ruleset="Best Practices" package="org.junit.platform.commons.util" class="PreconditionsTests" method="notNullThrowsForNullObject" externalInfoUrl="https://pmd.github.io/pmd/pmd_rules_java_bestpractices.html#junittestcontainstoomanyasserts" priority="3">
Unit tests should not contain more than 1 assert(s).
</violation>
<violation beginline="51" endline="51" begincolumn="3" endcolumn="14" rule="JUnitAssertionsShouldIncludeMessage" ruleset="Best Practices" package="org.junit.platform.commons.util" class="PreconditionsTests" method="notNullThrowsForNullObject" externalInfoUrl="https://pmd.github.io/pmd/pmd_rules_java_bestpractices.html#junitassertionsshouldincludemessage" priority="3">
JUnit assertions should include a message
</violation>
<violation beginline="55" endline="63" begincolumn="2" endcolumn="2" rule="JUnitTestContainsTooManyAsserts" ruleset="Best Practices" package="org.junit.platform.commons.util" class="PreconditionsTests" method="notNullThrowsForNullObjectAndMessageSupplier" externalInfoUrl="https://pmd.github.io/pmd/pmd_rules_java_bestpractices.html#junittestcontainstoomanyasserts" priority="3">
Unit tests should not contain more than 1 assert(s).
</violation>
<violation beginline="62" endline="62" begincolumn="3" endcolumn="14" rule="JUnitAssertionsShouldIncludeMessage" ruleset="Best Practices" package="org.junit.platform.commons.util" class="PreconditionsTests" method="notNullThrowsForNullObjectAndMessageSupplier" externalInfoUrl="https://pmd.github.io/pmd/pmd_rules_java_bestpractices.html#junitassertionsshouldincludemessage" priority="3">
JUnit assertions should include a message
</violation>
<violation beginline="67" endline="67" begincolumn="12" endcolumn="49" rule="UseShortArrayInitializer" ruleset="Code Style" package="org.junit.platform.commons.util" class="PreconditionsTests" method="notEmptyPassesForNonEmptyArray" variable="array" externalInfoUrl="https://pmd.github.io/pmd/pmd_rules_java_codestyle.html#useshortarrayinitializer" priority="3">
Array initialization can be written shorter
</violation>
<violation beginline="69" endline="69" begincolumn="3" endcolumn="12" rule="JUnitAssertionsShouldIncludeMessage" ruleset="Best Practices" package="org.junit.platform.commons.util" class="PreconditionsTests" method="notEmptyPassesForNonEmptyArray" externalInfoUrl="https://pmd.github.io/pmd/pmd_rules_java_bestpractices.html#junitassertionsshouldincludemessage" priority="3">
JUnit assertions should include a message
</violation>
<violation beginline="76" endline="76" begincolumn="3" endcolumn="12" rule="JUnitAssertionsShouldIncludeMessage" ruleset="Best Practices" package="org.junit.platform.commons.util" class="PreconditionsTests" method="notEmptyPassesForNonEmptyCollection" externalInfoUrl="https://pmd.github.io/pmd/pmd_rules_java_bestpractices.html#junitassertionsshouldincludemessage" priority="3">
JUnit assertions should include a message
</violation>
<violation beginline="80" endline="82" begincolumn="2" endcolumn="2" rule="JUnitTestsShouldIncludeAssert" ruleset="Best Practices" package="org.junit.platform.commons.util" class="PreconditionsTests" method="notEmptyPassesForArrayWithNullElements" externalInfoUrl="https://pmd.github.io/pmd/pmd_rules_java_bestpractices.html#junittestsshouldincludeassert" priority="3">
JUnit tests should include assert() or fail()
</violation>
<violation beginline="85" endline="87" begincolumn="2" endcolumn="2" rule="JUnitTestsShouldIncludeAssert" ruleset="Best Practices" package="org.junit.platform.commons.util" class="PreconditionsTests" method="notEmptyPassesForCollectionWithNullElements" externalInfoUrl="https://pmd.github.io/pmd/pmd_rules_java_bestpractices.html#junittestsshouldincludeassert" priority="3">
JUnit tests should include assert() or fail()
</violation>
<violation beginline="90" endline="97" begincolumn="2" endcolumn="2" rule="JUnitTestContainsTooManyAsserts" ruleset="Best Practices" package="org.junit.platform.commons.util" class="PreconditionsTests" method="notEmptyThrowsForNullArray" externalInfoUrl="https://pmd.github.io/pmd/pmd_rules_java_bestpractices.html#junittestcontainstoomanyasserts" priority="3">
Unit tests should not contain more than 1 assert(s).
</violation>
<violation beginline="96" endline="96" begincolumn="3" endcolumn="14" rule="JUnitAssertionsShouldIncludeMessage" ruleset="Best Practices" package="org.junit.platform.commons.util" class="PreconditionsTests" method="notEmptyThrowsForNullArray" externalInfoUrl="https://pmd.github.io/pmd/pmd_rules_java_bestpractices.html#junitassertionsshouldincludemessage" priority="3">
JUnit assertions should include a message
</violation>
<violation beginline="100" endline="107" begincolumn="2" endcolumn="2" rule="JUnitTestContainsTooManyAsserts" ruleset="Best Practices" package="org.junit.platform.commons.util" class="PreconditionsTests" method="notEmptyThrowsForNullCollection" externalInfoUrl="https://pmd.github.io/pmd/pmd_rules_java_bestpractices.html#junittestcontainstoomanyasserts" priority="3">
Unit tests should not contain more than 1 assert(s).
</violation>
<violation beginline="106" endline="106" begincolumn="3" endcolumn="14" rule="JUnitAssertionsShouldIncludeMessage" ruleset="Best Practices" package="org.junit.platform.commons.util" class="PreconditionsTests" method="notEmptyThrowsForNullCollection" externalInfoUrl="https://pmd.github.io/pmd/pmd_rules_java_bestpractices.html#junitassertionsshouldincludemessage" priority="3">
JUnit assertions should include a message
</violation>
<violation beginline="110" endline="117" begincolumn="2" endcolumn="2" rule="JUnitTestContainsTooManyAsserts" ruleset="Best Practices" package="org.junit.platform.commons.util" class="PreconditionsTests" method="notEmptyThrowsForEmptyArray" externalInfoUrl="https://pmd.github.io/pmd/pmd_rules_java_bestpractices.html#junittestcontainstoomanyasserts" priority="3">
Unit tests should not contain more than 1 assert(s).
</violation>
<violation beginline="116" endline="116" begincolumn="3" endcolumn="14" rule="JUnitAssertionsShouldIncludeMessage" ruleset="Best Practices" package="org.junit.platform.commons.util" class="PreconditionsTests" method="notEmptyThrowsForEmptyArray" externalInfoUrl="https://pmd.github.io/pmd/pmd_rules_java_bestpractices.html#junitassertionsshouldincludemessage" priority="3">
JUnit assertions should include a message
</violation>
<violation beginline="120" endline="127" begincolumn="2" endcolumn="2" rule="JUnitTestContainsTooManyAsserts" ruleset="Best Practices" package="org.junit.platform.commons.util" class="PreconditionsTests" method="notEmptyThrowsForEmptyCollection" externalInfoUrl="https://pmd.github.io/pmd/pmd_rules_java_bestpractices.html#junittestcontainstoomanyasserts" priority="3">
Unit tests should not contain more than 1 assert(s).
</violation>
<violation beginline="126" endline="126" begincolumn="3" endcolumn="14" rule="JUnitAssertionsShouldIncludeMessage" ruleset="Best Practices" package="org.junit.platform.commons.util" class="PreconditionsTests" method="notEmptyThrowsForEmptyCollection" externalInfoUrl="https://pmd.github.io/pmd/pmd_rules_java_bestpractices.html#junitassertionsshouldincludemessage" priority="3">
JUnit assertions should include a message
</violation>
<violation beginline="130" endline="133" begincolumn="2" endcolumn="2" rule="JUnitTestsShouldIncludeAssert" ruleset="Best Practices" package="org.junit.platform.commons.util" class="PreconditionsTests" method="containsNoNullElementsPassesForArrayThatIsNullOrEmpty" externalInfoUrl="https://pmd.github.io/pmd/pmd_rules_java_bestpractices.html#junittestsshouldincludeassert" priority="3">
JUnit tests should include assert() or fail()
</violation>
<violation beginline="136" endline="139" begincolumn="2" endcolumn="2" rule="JUnitTestsShouldIncludeAssert" ruleset="Best Practices" package="org.junit.platform.commons.util" class="PreconditionsTests" method="containsNoNullElementsPassesForCollectionThatIsNullOrEmpty" externalInfoUrl="https://pmd.github.io/pmd/pmd_rules_java_bestpractices.html#junittestsshouldincludeassert" priority="3">
JUnit tests should include assert() or fail()
</violation>
<violation beginline="143" endline="143" begincolumn="12" endcolumn="49" rule="UseShortArrayInitializer" ruleset="Code Style" package="org.junit.platform.commons.util" class="PreconditionsTests" method="containsNoNullElementsPassesForArrayContainingNonNullElements" variable="input" externalInfoUrl="https://pmd.github.io/pmd/pmd_rules_java_codestyle.html#useshortarrayinitializer" priority="3">
Array initialization can be written shorter
</violation>
<violation beginline="145" endline="145" begincolumn="3" endcolumn="12" rule="JUnitAssertionsShouldIncludeMessage" ruleset="Best Practices" package="org.junit.platform.commons.util" class="PreconditionsTests" method="containsNoNullElementsPassesForArrayContainingNonNullElements" externalInfoUrl="https://pmd.github.io/pmd/pmd_rules_java_bestpractices.html#junitassertionsshouldincludemessage" priority="3">
JUnit assertions should include a message
</violation>
<violation beginline="152" endline="152" begincolumn="3" endcolumn="12" rule="JUnitAssertionsShouldIncludeMessage" ruleset="Best Practices" package="org.junit.platform.commons.util" class="PreconditionsTests" method="containsNoNullElementsPassesForCollectionContainingNonNullElements" externalInfoUrl="https://pmd.github.io/pmd/pmd_rules_java_bestpractices.html#junitassertionsshouldincludemessage" priority="3">
JUnit assertions should include a message
</violation>
<violation beginline="156" endline="164" begincolumn="2" endcolumn="2" rule="JUnitTestContainsTooManyAsserts" ruleset="Best Practices" package="org.junit.platform.commons.util" class="PreconditionsTests" method="containsNoNullElementsThrowsForArrayContainingNullElements" externalInfoUrl="https://pmd.github.io/pmd/pmd_rules_java_bestpractices.html#junittestcontainstoomanyasserts" priority="3">
Unit tests should not contain more than 1 assert(s).
</violation>
<violation beginline="163" endline="163" begincolumn="3" endcolumn="14" rule="JUnitAssertionsShouldIncludeMessage" ruleset="Best Practices" package="org.junit.platform.commons.util" class="PreconditionsTests" method="containsNoNullElementsThrowsForArrayContainingNullElements" externalInfoUrl="https://pmd.github.io/pmd/pmd_rules_java_bestpractices.html#junitassertionsshouldincludemessage" priority="3">
JUnit assertions should include a message
</violation>
<violation beginline="167" endline="174" begincolumn="2" endcolumn="2" rule="JUnitTestContainsTooManyAsserts" ruleset="Best Practices" package="org.junit.platform.commons.util" class="PreconditionsTests" method="containsNoNullElementsThrowsForCollectionContainingNullElements" externalInfoUrl="https://pmd.github.io/pmd/pmd_rules_java_bestpractices.html#junittestcontainstoomanyasserts" priority="3">
Unit tests should not contain more than 1 assert(s).
</violation>
<violation beginline="173" endline="173" begincolumn="3" endcolumn="14" rule="JUnitAssertionsShouldIncludeMessage" ruleset="Best Practices" package="org.junit.platform.commons.util" class="PreconditionsTests" method="containsNoNullElementsThrowsForCollectionContainingNullElements" externalInfoUrl="https://pmd.github.io/pmd/pmd_rules_java_bestpractices.html#junitassertionsshouldincludemessage" priority="3">
JUnit assertions should include a message
</violation>
<violation beginline="180" endline="180" begincolumn="3" endcolumn="12" rule="JUnitAssertionsShouldIncludeMessage" ruleset="Best Practices" package="org.junit.platform.commons.util" class="PreconditionsTests" method="notBlankPassesForNonBlankString" externalInfoUrl="https://pmd.github.io/pmd/pmd_rules_java_bestpractices.html#junitassertionsshouldincludemessage" priority="3">
JUnit assertions should include a message
</violation>
<violation beginline="184" endline="191" begincolumn="2" endcolumn="2" rule="JUnitTestContainsTooManyAsserts" ruleset="Best Practices" package="org.junit.platform.commons.util" class="PreconditionsTests" method="notBlankThrowsForNullString" externalInfoUrl="https://pmd.github.io/pmd/pmd_rules_java_bestpractices.html#junittestcontainstoomanyasserts" priority="3">
Unit tests should not contain more than 1 assert(s).
</violation>
<violation beginline="185" endline="185" begincolumn="20" endcolumn="46" rule="AvoidDuplicateLiterals" ruleset="Error Prone" package="org.junit.platform.commons.util" class="PreconditionsTests" method="notBlankThrowsForNullString" externalInfoUrl="https://pmd.github.io/pmd/pmd_rules_java_errorprone.html#avoidduplicateliterals" priority="3">
The String literal "string shouldn't be blank" appears 6 times in this file; the first occurrence is on line 185
</violation>
<violation beginline="190" endline="190" begincolumn="3" endcolumn="14" rule="JUnitAssertionsShouldIncludeMessage" ruleset="Best Practices" package="org.junit.platform.commons.util" class="PreconditionsTests" method="notBlankThrowsForNullString" externalInfoUrl="https://pmd.github.io/pmd/pmd_rules_java_bestpractices.html#junitassertionsshouldincludemessage" priority="3">
JUnit assertions should include a message
</violation>
<violation beginline="194" endline="201" begincolumn="2" endcolumn="2" rule="JUnitTestContainsTooManyAsserts" ruleset="Best Practices" package="org.junit.platform.commons.util" class="PreconditionsTests" method="notBlankThrowsForNullStringWithMessageSupplier" externalInfoUrl="https://pmd.github.io/pmd/pmd_rules_java_bestpractices.html#junittestcontainstoomanyasserts" priority="3">
Unit tests should not contain more than 1 assert(s).
</violation>
<violation beginline="200" endline="200" begincolumn="3" endcolumn="14" rule="JUnitAssertionsShouldIncludeMessage" ruleset="Best Practices" package="org.junit.platform.commons.util" class="PreconditionsTests" method="notBlankThrowsForNullStringWithMessageSupplier" externalInfoUrl="https://pmd.github.io/pmd/pmd_rules_java_bestpractices.html#junitassertionsshouldincludemessage" priority="3">
JUnit assertions should include a message
</violation>
<violation beginline="204" endline="211" begincolumn="2" endcolumn="2" rule="JUnitTestContainsTooManyAsserts" ruleset="Best Practices" package="org.junit.platform.commons.util" class="PreconditionsTests" method="notBlankThrowsForEmptyString" externalInfoUrl="https://pmd.github.io/pmd/pmd_rules_java_bestpractices.html#junittestcontainstoomanyasserts" priority="3">
Unit tests should not contain more than 1 assert(s).
</violation>
<violation beginline="210" endline="210" begincolumn="3" endcolumn="14" rule="JUnitAssertionsShouldIncludeMessage" ruleset="Best Practices" package="org.junit.platform.commons.util" class="PreconditionsTests" method="notBlankThrowsForEmptyString" externalInfoUrl="https://pmd.github.io/pmd/pmd_rules_java_bestpractices.html#junitassertionsshouldincludemessage" priority="3">
JUnit assertions should include a message
</violation>
<violation beginline="214" endline="221" begincolumn="2" endcolumn="2" rule="JUnitTestContainsTooManyAsserts" ruleset="Best Practices" package="org.junit.platform.commons.util" class="PreconditionsTests" method="notBlankThrowsForEmptyStringWithMessageSupplier" externalInfoUrl="https://pmd.github.io/pmd/pmd_rules_java_bestpractices.html#junittestcontainstoomanyasserts" priority="3">
Unit tests should not contain more than 1 assert(s).
</violation>
<violation beginline="220" endline="220" begincolumn="3" endcolumn="14" rule="JUnitAssertionsShouldIncludeMessage" ruleset="Best Practices" package="org.junit.platform.commons.util" class="PreconditionsTests" method="notBlankThrowsForEmptyStringWithMessageSupplier" externalInfoUrl="https://pmd.github.io/pmd/pmd_rules_java_bestpractices.html#junitassertionsshouldincludemessage" priority="3">
JUnit assertions should include a message
</violation>
<violation beginline="224" endline="231" begincolumn="2" endcolumn="2" rule="JUnitTestContainsTooManyAsserts" ruleset="Best Practices" package="org.junit.platform.commons.util" class="PreconditionsTests" method="notBlankThrowsForBlankString" externalInfoUrl="https://pmd.github.io/pmd/pmd_rules_java_bestpractices.html#junittestcontainstoomanyasserts" priority="3">
Unit tests should not contain more than 1 assert(s).
</violation>
<violation beginline="230" endline="230" begincolumn="3" endcolumn="14" rule="JUnitAssertionsShouldIncludeMessage" ruleset="Best Practices" package="org.junit.platform.commons.util" class="PreconditionsTests" method="notBlankThrowsForBlankString" externalInfoUrl="https://pmd.github.io/pmd/pmd_rules_java_bestpractices.html#junitassertionsshouldincludemessage" priority="3">
JUnit assertions should include a message
</violation>
<violation beginline="234" endline="241" begincolumn="2" endcolumn="2" rule="JUnitTestContainsTooManyAsserts" ruleset="Best Practices" package="org.junit.platform.commons.util" class="PreconditionsTests" method="notBlankThrowsForBlankStringWithMessageSupplier" externalInfoUrl="https://pmd.github.io/pmd/pmd_rules_java_bestpractices.html#junittestcontainstoomanyasserts" priority="3">
Unit tests should not contain more than 1 assert(s).
</violation>
<violation beginline="240" endline="240" begincolumn="3" endcolumn="14" rule="JUnitAssertionsShouldIncludeMessage" ruleset="Best Practices" package="org.junit.platform.commons.util" class="PreconditionsTests" method="notBlankThrowsForBlankStringWithMessageSupplier" externalInfoUrl="https://pmd.github.io/pmd/pmd_rules_java_bestpractices.html#junitassertionsshouldincludemessage" priority="3">
JUnit assertions should include a message
</violation>
<violation beginline="244" endline="246" begincolumn="2" endcolumn="2" rule="JUnitTestsShouldIncludeAssert" ruleset="Best Practices" package="org.junit.platform.commons.util" class="PreconditionsTests" method="conditionPassesForTruePredicate" externalInfoUrl="https://pmd.github.io/pmd/pmd_rules_java_bestpractices.html#junittestsshouldincludeassert" priority="3">
JUnit tests should include assert() or fail()
</violation>
<violation beginline="249" endline="251" begincolumn="2" endcolumn="2" rule="JUnitTestsShouldIncludeAssert" ruleset="Best Practices" package="org.junit.platform.commons.util" class="PreconditionsTests" method="conditionPassesForTruePredicateWithMessageSupplier" externalInfoUrl="https://pmd.github.io/pmd/pmd_rules_java_bestpractices.html#junittestsshouldincludeassert" priority="3">
JUnit tests should include assert() or fail()
</violation>
<violation beginline="254" endline="261" begincolumn="2" endcolumn="2" rule="JUnitTestContainsTooManyAsserts" ruleset="Best Practices" package="org.junit.platform.commons.util" class="PreconditionsTests" method="conditionThrowsForFalsePredicate" externalInfoUrl="https://pmd.github.io/pmd/pmd_rules_java_bestpractices.html#junittestcontainstoomanyasserts" priority="3">
Unit tests should not contain more than 1 assert(s).
</violation>
<violation beginline="260" endline="260" begincolumn="3" endcolumn="14" rule="JUnitAssertionsShouldIncludeMessage" ruleset="Best Practices" package="org.junit.platform.commons.util" class="PreconditionsTests" method="conditionThrowsForFalsePredicate" externalInfoUrl="https://pmd.github.io/pmd/pmd_rules_java_bestpractices.html#junitassertionsshouldincludemessage" priority="3">
JUnit assertions should include a message
</violation>
<violation beginline="264" endline="271" begincolumn="2" endcolumn="2" rule="JUnitTestContainsTooManyAsserts" ruleset="Best Practices" package="org.junit.platform.commons.util" class="PreconditionsTests" method="conditionThrowsForFalsePredicateWithMessageSupplier" externalInfoUrl="https://pmd.github.io/pmd/pmd_rules_java_bestpractices.html#junittestcontainstoomanyasserts" priority="3">
Unit tests should not contain more than 1 assert(s).
</violation>
<violation beginline="270" endline="270" begincolumn="3" endcolumn="14" rule="JUnitAssertionsShouldIncludeMessage" ruleset="Best Practices" package="org.junit.platform.commons.util" class="PreconditionsTests" method="conditionThrowsForFalsePredicateWithMessageSupplier" externalInfoUrl="https://pmd.github.io/pmd/pmd_rules_java_bestpractices.html#junitassertionsshouldincludemessage" priority="3">
JUnit assertions should include a message
</violation>
</file>
<file name="C:\Users\Sokaina\Downloads\Versiones-Junit5\junit5-r5.0.2\platform-tests\src\test\java\org\junit\platform\commons\util\ReflectionUtilsTests.java">
<violation beginline="11" endline="1402" begincolumn="1" endcolumn="2" rule="TooManyStaticImports" ruleset="Code Style" package="org.junit.platform.commons.util" class="ReflectionUtilsTests" externalInfoUrl="https://pmd.github.io/pmd/pmd_rules_java_codestyle.html#toomanystaticimports" priority="3">
Too many static imports may lead to messy code
</violation>
<violation beginline="65" endline="65" begincolumn="65" endcolumn="94" rule="LiteralsFirstInComparisons" ruleset="Best Practices" package="org.junit.platform.commons.util" class="ReflectionUtilsTests" externalInfoUrl="https://pmd.github.io/pmd/pmd_rules_java_bestpractices.html#literalsfirstincomparisons" priority="3">
Position literals first in String comparisons
</violation>
<violation beginline="65" endline="65" begincolumn="89" endcolumn="93" rule="AvoidDuplicateLiterals" ruleset="Error Prone" package="org.junit.platform.commons.util" class="ReflectionUtilsTests" externalInfoUrl="https://pmd.github.io/pmd/pmd_rules_java_errorprone.html#avoidduplicateliterals" priority="3">
The String literal "foo" appears 7 times in this file; the first occurrence is on line 65
</violation>
<violation beginline="77" endline="77" begincolumn="4" endcolumn="13" rule="JUnitAssertionsShouldIncludeMessage" ruleset="Best Practices" package="org.junit.platform.commons.util" class="ReflectionUtilsTests" method="getDefaultClassLoaderWithExplicitContextClassLoader" externalInfoUrl="https://pmd.github.io/pmd/pmd_rules_java_bestpractices.html#junitassertionsshouldincludemessage" priority="3">
JUnit assertions should include a message
</violation>
<violation beginline="89" endline="89" begincolumn="4" endcolumn="13" rule="JUnitAssertionsShouldIncludeMessage" ruleset="Best Practices" package="org.junit.platform.commons.util" class="ReflectionUtilsTests" method="getDefaultClassLoaderWithNullContextClassLoader" externalInfoUrl="https://pmd.github.io/pmd/pmd_rules_java_bestpractices.html#junitassertionsshouldincludemessage" priority="3">
JUnit assertions should include a message
</violation>
<violation beginline="97" endline="97" begincolumn="25" endcolumn="33" rule="SignatureDeclareThrowsException" ruleset="Design" package="org.junit.platform.commons.util" class="ReflectionUtilsTests" method="isPublic" externalInfoUrl="https://pmd.github.io/pmd/pmd_rules_java_design.html#signaturedeclarethrowsexception" priority="3">
A method/constructor should not explicitly throw java.lang.Exception
</violation>
<violation beginline="97" endline="103" begincolumn="2" endcolumn="2" rule="JUnitTestContainsTooManyAsserts" ruleset="Best Practices" package="org.junit.platform.commons.util" class="ReflectionUtilsTests" method="isPublic" externalInfoUrl="https://pmd.github.io/pmd/pmd_rules_java_bestpractices.html#junittestcontainstoomanyasserts" priority="3">
Unit tests should not contain more than 1 assert(s).
</violation>
<violation beginline="98" endline="98" begincolumn="3" endcolumn="12" rule="JUnitAssertionsShouldIncludeMessage" ruleset="Best Practices" package="org.junit.platform.commons.util" class="ReflectionUtilsTests" method="isPublic" externalInfoUrl="https://pmd.github.io/pmd/pmd_rules_java_bestpractices.html#junitassertionsshouldincludemessage" priority="3">
JUnit assertions should include a message
</violation>
<violation beginline="99" endline="99" begincolumn="3" endcolumn="12" rule="JUnitAssertionsShouldIncludeMessage" ruleset="Best Practices" package="org.junit.platform.commons.util" class="ReflectionUtilsTests" method="isPublic" externalInfoUrl="https://pmd.github.io/pmd/pmd_rules_java_bestpractices.html#junitassertionsshouldincludemessage" priority="3">
JUnit assertions should include a message
</violation>
<violation beginline="99" endline="99" begincolumn="67" endcolumn="80" rule="AvoidDuplicateLiterals" ruleset="Error Prone" package="org.junit.platform.commons.util" class="ReflectionUtilsTests" method="isPublic" externalInfoUrl="https://pmd.github.io/pmd/pmd_rules_java_errorprone.html#avoidduplicateliterals" priority="3">
The String literal "publicMethod" appears 4 times in this file; the first occurrence is on line 99
</violation>
<violation beginline="101" endline="101" begincolumn="3" endcolumn="13" rule="JUnitAssertionsShouldIncludeMessage" ruleset="Best Practices" package="org.junit.platform.commons.util" class="ReflectionUtilsTests" method="isPublic" externalInfoUrl="https://pmd.github.io/pmd/pmd_rules_java_bestpractices.html#junitassertionsshouldincludemessage" priority="3">
JUnit assertions should include a message
</violation>
<violation beginline="102" endline="102" begincolumn="3" endcolumn="13" rule="JUnitAssertionsShouldIncludeMessage" ruleset="Best Practices" package="org.junit.platform.commons.util" class="ReflectionUtilsTests" method="isPublic" externalInfoUrl="https://pmd.github.io/pmd/pmd_rules_java_bestpractices.html#junitassertionsshouldincludemessage" priority="3">
JUnit assertions should include a message
</violation>
<violation beginline="106" endline="106" begincolumn="27" endcolumn="35" rule="SignatureDeclareThrowsException" ruleset="Design" package="org.junit.platform.commons.util" class="ReflectionUtilsTests" method="isAbstract" externalInfoUrl="https://pmd.github.io/pmd/pmd_rules_java_design.html#signaturedeclarethrowsexception" priority="3">
A method/constructor should not explicitly throw java.lang.Exception
</violation>
<violation beginline="106" endline="112" begincolumn="2" endcolumn="2" rule="JUnitTestContainsTooManyAsserts" ruleset="Best Practices" package="org.junit.platform.commons.util" class="ReflectionUtilsTests" method="isAbstract" externalInfoUrl="https://pmd.github.io/pmd/pmd_rules_java_bestpractices.html#junittestcontainstoomanyasserts" priority="3">
Unit tests should not contain more than 1 assert(s).
</violation>
<violation beginline="107" endline="107" begincolumn="3" endcolumn="12" rule="JUnitAssertionsShouldIncludeMessage" ruleset="Best Practices" package="org.junit.platform.commons.util" class="ReflectionUtilsTests" method="isAbstract" externalInfoUrl="https://pmd.github.io/pmd/pmd_rules_java_bestpractices.html#junitassertionsshouldincludemessage" priority="3">
JUnit assertions should include a message
</violation>
<violation beginline="108" endline="108" begincolumn="3" endcolumn="12" rule="JUnitAssertionsShouldIncludeMessage" ruleset="Best Practices" package="org.junit.platform.commons.util" class="ReflectionUtilsTests" method="isAbstract" externalInfoUrl="https://pmd.github.io/pmd/pmd_rules_java_bestpractices.html#junitassertionsshouldincludemessage" priority="3">
JUnit assertions should include a message
</violation>
<violation beginline="110" endline="110" begincolumn="3" endcolumn="13" rule="JUnitAssertionsShouldIncludeMessage" ruleset="Best Practices" package="org.junit.platform.commons.util" class="ReflectionUtilsTests" method="isAbstract" externalInfoUrl="https://pmd.github.io/pmd/pmd_rules_java_bestpractices.html#junitassertionsshouldincludemessage" priority="3">
JUnit assertions should include a message
</violation>
<violation beginline="111" endline="111" begincolumn="3" endcolumn="13" rule="JUnitAssertionsShouldIncludeMessage" ruleset="Best Practices" package="org.junit.platform.commons.util" class="ReflectionUtilsTests" method="isAbstract" externalInfoUrl="https://pmd.github.io/pmd/pmd_rules_java_bestpractices.html#junitassertionsshouldincludemessage" priority="3">
JUnit assertions should include a message
</violation>
<violation beginline="115" endline="115" begincolumn="25" endcolumn="33" rule="SignatureDeclareThrowsException" ruleset="Design" package="org.junit.platform.commons.util" class="ReflectionUtilsTests" method="isStatic" externalInfoUrl="https://pmd.github.io/pmd/pmd_rules_java_design.html#signaturedeclarethrowsexception" priority="3">
A method/constructor should not explicitly throw java.lang.Exception
</violation>
<violation beginline="115" endline="121" begincolumn="2" endcolumn="2" rule="JUnitTestContainsTooManyAsserts" ruleset="Best Practices" package="org.junit.platform.commons.util" class="ReflectionUtilsTests" method="isStatic" externalInfoUrl="https://pmd.github.io/pmd/pmd_rules_java_bestpractices.html#junittestcontainstoomanyasserts" priority="3">
Unit tests should not contain more than 1 assert(s).
</violation>
<violation beginline="116" endline="116" begincolumn="3" endcolumn="12" rule="JUnitAssertionsShouldIncludeMessage" ruleset="Best Practices" package="org.junit.platform.commons.util" class="ReflectionUtilsTests" method="isStatic" externalInfoUrl="https://pmd.github.io/pmd/pmd_rules_java_bestpractices.html#junitassertionsshouldincludemessage" priority="3">
JUnit assertions should include a message
</violation>
<violation beginline="117" endline="117" begincolumn="3" endcolumn="12" rule="JUnitAssertionsShouldIncludeMessage" ruleset="Best Practices" package="org.junit.platform.commons.util" class="ReflectionUtilsTests" method="isStatic" externalInfoUrl="https://pmd.github.io/pmd/pmd_rules_java_bestpractices.html#junitassertionsshouldincludemessage" priority="3">
JUnit assertions should include a message
</violation>
<violation beginline="119" endline="119" begincolumn="3" endcolumn="13" rule="JUnitAssertionsShouldIncludeMessage" ruleset="Best Practices" package="org.junit.platform.commons.util" class="ReflectionUtilsTests" method="isStatic" externalInfoUrl="https://pmd.github.io/pmd/pmd_rules_java_bestpractices.html#junitassertionsshouldincludemessage" priority="3">
JUnit assertions should include a message
</violation>
<violation beginline="120" endline="120" begincolumn="3" endcolumn="13" rule="JUnitAssertionsShouldIncludeMessage" ruleset="Best Practices" package="org.junit.platform.commons.util" class="ReflectionUtilsTests" method="isStatic" externalInfoUrl="https://pmd.github.io/pmd/pmd_rules_java_bestpractices.html#junitassertionsshouldincludemessage" priority="3">
JUnit assertions should include a message
</violation>
<violation beginline="124" endline="124" begincolumn="28" endcolumn="36" rule="SignatureDeclareThrowsException" ruleset="Design" package="org.junit.platform.commons.util" class="ReflectionUtilsTests" method="returnsVoid" externalInfoUrl="https://pmd.github.io/pmd/pmd_rules_java_design.html#signaturedeclarethrowsexception" priority="3">
A method/constructor should not explicitly throw java.lang.Exception
</violation>
<violation beginline="124" endline="131" begincolumn="2" endcolumn="2" rule="JUnitTestContainsTooManyAsserts" ruleset="Best Practices" package="org.junit.platform.commons.util" class="ReflectionUtilsTests" method="returnsVoid" externalInfoUrl="https://pmd.github.io/pmd/pmd_rules_java_bestpractices.html#junittestcontainstoomanyasserts" priority="3">
Unit tests should not contain more than 1 assert(s).
</violation>
<violation beginline="126" endline="126" begincolumn="3" endcolumn="12" rule="JUnitAssertionsShouldIncludeMessage" ruleset="Best Practices" package="org.junit.platform.commons.util" class="ReflectionUtilsTests" method="returnsVoid" externalInfoUrl="https://pmd.github.io/pmd/pmd_rules_java_bestpractices.html#junitassertionsshouldincludemessage" priority="3">
JUnit assertions should include a message
</violation>
<violation beginline="128" endline="128" begincolumn="3" endcolumn="13" rule="JUnitAssertionsShouldIncludeMessage" ruleset="Best Practices" package="org.junit.platform.commons.util" class="ReflectionUtilsTests" method="returnsVoid" externalInfoUrl="https://pmd.github.io/pmd/pmd_rules_java_bestpractices.html#junitassertionsshouldincludemessage" priority="3">
JUnit assertions should include a message
</violation>
<violation beginline="129" endline="129" begincolumn="3" endcolumn="13" rule="JUnitAssertionsShouldIncludeMessage" ruleset="Best Practices" package="org.junit.platform.commons.util" class="ReflectionUtilsTests" method="returnsVoid" externalInfoUrl="https://pmd.github.io/pmd/pmd_rules_java_bestpractices.html#junitassertionsshouldincludemessage" priority="3">
JUnit assertions should include a message
</violation>
<violation beginline="130" endline="130" begincolumn="3" endcolumn="13" rule="JUnitAssertionsShouldIncludeMessage" ruleset="Best Practices" package="org.junit.platform.commons.util" class="ReflectionUtilsTests" method="returnsVoid" externalInfoUrl="https://pmd.github.io/pmd/pmd_rules_java_bestpractices.html#junitassertionsshouldincludemessage" priority="3">
JUnit assertions should include a message
</violation>
<violation beginline="140" endline="145" begincolumn="2" endcolumn="2" rule="JUnitTestContainsTooManyAsserts" ruleset="Best Practices" package="org.junit.platform.commons.util" class="ReflectionUtilsTests" method="getAllAssignmentCompatibleClasses" externalInfoUrl="https://pmd.github.io/pmd/pmd_rules_java_bestpractices.html#junittestcontainstoomanyasserts" priority="3">
Unit tests should not contain more than 1 assert(s).
</violation>
<violation beginline="144" endline="144" begincolumn="3" endcolumn="12" rule="JUnitAssertionsShouldIncludeMessage" ruleset="Best Practices" package="org.junit.platform.commons.util" class="ReflectionUtilsTests" method="getAllAssignmentCompatibleClasses" externalInfoUrl="https://pmd.github.io/pmd/pmd_rules_java_bestpractices.html#junitassertionsshouldincludemessage" priority="3">
JUnit assertions should include a message
</violation>
<violation beginline="148" endline="162" begincolumn="2" endcolumn="2" rule="JUnitTestContainsTooManyAsserts" ruleset="Best Practices" package="org.junit.platform.commons.util" class="ReflectionUtilsTests" method="newInstance" externalInfoUrl="https://pmd.github.io/pmd/pmd_rules_java_bestpractices.html#junittestcontainstoomanyasserts" priority="3">
Unit tests should not contain more than 1 assert(s).
</violation>
<violation beginline="180" endline="201" begincolumn="2" endcolumn="2" rule="JUnitTestContainsTooManyAsserts" ruleset="Best Practices" package="org.junit.platform.commons.util" class="ReflectionUtilsTests" method="isAssignableTo" externalInfoUrl="https://pmd.github.io/pmd/pmd_rules_java_bestpractices.html#junittestcontainstoomanyasserts" priority="3">
Unit tests should not contain more than 1 assert(s).
</violation>
<violation beginline="181" endline="181" begincolumn="3" endcolumn="12" rule="JUnitAssertionsShouldIncludeMessage" ruleset="Best Practices" package="org.junit.platform.commons.util" class="ReflectionUtilsTests" method="isAssignableTo" externalInfoUrl="https://pmd.github.io/pmd/pmd_rules_java_bestpractices.html#junitassertionsshouldincludemessage" priority="3">
JUnit assertions should include a message
</violation>
<violation beginline="182" endline="182" begincolumn="3" endcolumn="12" rule="JUnitAssertionsShouldIncludeMessage" ruleset="Best Practices" package="org.junit.platform.commons.util" class="ReflectionUtilsTests" method="isAssignableTo" externalInfoUrl="https://pmd.github.io/pmd/pmd_rules_java_bestpractices.html#junitassertionsshouldincludemessage" priority="3">
JUnit assertions should include a message
</violation>
<violation beginline="183" endline="183" begincolumn="3" endcolumn="12" rule="JUnitAssertionsShouldIncludeMessage" ruleset="Best Practices" package="org.junit.platform.commons.util" class="ReflectionUtilsTests" method="isAssignableTo" externalInfoUrl="https://pmd.github.io/pmd/pmd_rules_java_bestpractices.html#junitassertionsshouldincludemessage" priority="3">
JUnit assertions should include a message
</violation>
<violation beginline="185" endline="185" begincolumn="3" endcolumn="13" rule="JUnitAssertionsShouldIncludeMessage" ruleset="Best Practices" package="org.junit.platform.commons.util" class="ReflectionUtilsTests" method="isAssignableTo" externalInfoUrl="https://pmd.github.io/pmd/pmd_rules_java_bestpractices.html#junitassertionsshouldincludemessage" priority="3">
JUnit assertions should include a message
</violation>
<violation beginline="186" endline="186" begincolumn="3" endcolumn="13" rule="JUnitAssertionsShouldIncludeMessage" ruleset="Best Practices" package="org.junit.platform.commons.util" class="ReflectionUtilsTests" method="isAssignableTo" externalInfoUrl="https://pmd.github.io/pmd/pmd_rules_java_bestpractices.html#junitassertionsshouldincludemessage" priority="3">
JUnit assertions should include a message
</violation>
<violation beginline="187" endline="187" begincolumn="3" endcolumn="13" rule="JUnitAssertionsShouldIncludeMessage" ruleset="Best Practices" package="org.junit.platform.commons.util" class="ReflectionUtilsTests" method="isAssignableTo" externalInfoUrl="https://pmd.github.io/pmd/pmd_rules_java_bestpractices.html#junitassertionsshouldincludemessage" priority="3">
JUnit assertions should include a message
</violation>
<violation beginline="189" endline="189" begincolumn="3" endcolumn="12" rule="JUnitAssertionsShouldIncludeMessage" ruleset="Best Practices" package="org.junit.platform.commons.util" class="ReflectionUtilsTests" method="isAssignableTo" externalInfoUrl="https://pmd.github.io/pmd/pmd_rules_java_bestpractices.html#junitassertionsshouldincludemessage" priority="3">
JUnit assertions should include a message
</violation>
<violation beginline="190" endline="190" begincolumn="3" endcolumn="12" rule="JUnitAssertionsShouldIncludeMessage" ruleset="Best Practices" package="org.junit.platform.commons.util" class="ReflectionUtilsTests" method="isAssignableTo" externalInfoUrl="https://pmd.github.io/pmd/pmd_rules_java_bestpractices.html#junitassertionsshouldincludemessage" priority="3">
JUnit assertions should include a message
</violation>
<violation beginline="191" endline="191" begincolumn="3" endcolumn="12" rule="JUnitAssertionsShouldIncludeMessage" ruleset="Best Practices" package="org.junit.platform.commons.util" class="ReflectionUtilsTests" method="isAssignableTo" externalInfoUrl="https://pmd.github.io/pmd/pmd_rules_java_bestpractices.html#junitassertionsshouldincludemessage" priority="3">
JUnit assertions should include a message
</violation>
<violation beginline="192" endline="192" begincolumn="3" endcolumn="12" rule="JUnitAssertionsShouldIncludeMessage" ruleset="Best Practices" package="org.junit.platform.commons.util" class="ReflectionUtilsTests" method="isAssignableTo" externalInfoUrl="https://pmd.github.io/pmd/pmd_rules_java_bestpractices.html#junitassertionsshouldincludemessage" priority="3">
JUnit assertions should include a message
</violation>
<violation beginline="194" endline="194" begincolumn="3" endcolumn="12" rule="JUnitAssertionsShouldIncludeMessage" ruleset="Best Practices" package="org.junit.platform.commons.util" class="ReflectionUtilsTests" method="isAssignableTo" externalInfoUrl="https://pmd.github.io/pmd/pmd_rules_java_bestpractices.html#junitassertionsshouldincludemessage" priority="3">
JUnit assertions should include a message
</violation>
<violation beginline="195" endline="195" begincolumn="3" endcolumn="12" rule="JUnitAssertionsShouldIncludeMessage" ruleset="Best Practices" package="org.junit.platform.commons.util" class="ReflectionUtilsTests" method="isAssignableTo" externalInfoUrl="https://pmd.github.io/pmd/pmd_rules_java_bestpractices.html#junitassertionsshouldincludemessage" priority="3">
JUnit assertions should include a message
</violation>
<violation beginline="196" endline="196" begincolumn="3" endcolumn="12" rule="JUnitAssertionsShouldIncludeMessage" ruleset="Best Practices" package="org.junit.platform.commons.util" class="ReflectionUtilsTests" method="isAssignableTo" externalInfoUrl="https://pmd.github.io/pmd/pmd_rules_java_bestpractices.html#junitassertionsshouldincludemessage" priority="3">
JUnit assertions should include a message
</violation>
<violation beginline="198" endline="198" begincolumn="3" endcolumn="13" rule="JUnitAssertionsShouldIncludeMessage" ruleset="Best Practices" package="org.junit.platform.commons.util" class="ReflectionUtilsTests" method="isAssignableTo" externalInfoUrl="https://pmd.github.io/pmd/pmd_rules_java_bestpractices.html#junitassertionsshouldincludemessage" priority="3">
JUnit assertions should include a message
</violation>
<violation beginline="199" endline="199" begincolumn="3" endcolumn="13" rule="JUnitAssertionsShouldIncludeMessage" ruleset="Best Practices" package="org.junit.platform.commons.util" class="ReflectionUtilsTests" method="isAssignableTo" externalInfoUrl="https://pmd.github.io/pmd/pmd_rules_java_bestpractices.html#junitassertionsshouldincludemessage" priority="3">
JUnit assertions should include a message
</violation>
<violation beginline="200" endline="200" begincolumn="3" endcolumn="13" rule="JUnitAssertionsShouldIncludeMessage" ruleset="Best Practices" package="org.junit.platform.commons.util" class="ReflectionUtilsTests" method="isAssignableTo" externalInfoUrl="https://pmd.github.io/pmd/pmd_rules_java_bestpractices.html#junitassertionsshouldincludemessage" priority="3">
JUnit assertions should include a message
</violation>
<violation beginline="204" endline="209" begincolumn="2" endcolumn="2" rule="JUnitTestContainsTooManyAsserts" ruleset="Best Practices" package="org.junit.platform.commons.util" class="ReflectionUtilsTests" method="isAssignableToForNullObject" externalInfoUrl="https://pmd.github.io/pmd/pmd_rules_java_bestpractices.html#junittestcontainstoomanyasserts" priority="3">
Unit tests should not contain more than 1 assert(s).
</violation>
<violation beginline="205" endline="205" begincolumn="3" endcolumn="12" rule="JUnitAssertionsShouldIncludeMessage" ruleset="Best Practices" package="org.junit.platform.commons.util" class="ReflectionUtilsTests" method="isAssignableToForNullObject" externalInfoUrl="https://pmd.github.io/pmd/pmd_rules_java_bestpractices.html#junitassertionsshouldincludemessage" priority="3">
JUnit assertions should include a message
</violation>
<violation beginline="206" endline="206" begincolumn="3" endcolumn="12" rule="JUnitAssertionsShouldIncludeMessage" ruleset="Best Practices" package="org.junit.platform.commons.util" class="ReflectionUtilsTests" method="isAssignableToForNullObject" externalInfoUrl="https://pmd.github.io/pmd/pmd_rules_java_bestpractices.html#junitassertionsshouldincludemessage" priority="3">
JUnit assertions should include a message
</violation>
<violation beginline="207" endline="207" begincolumn="3" endcolumn="12" rule="JUnitAssertionsShouldIncludeMessage" ruleset="Best Practices" package="org.junit.platform.commons.util" class="ReflectionUtilsTests" method="isAssignableToForNullObject" externalInfoUrl="https://pmd.github.io/pmd/pmd_rules_java_bestpractices.html#junitassertionsshouldincludemessage" priority="3">
JUnit assertions should include a message
</violation>
<violation beginline="208" endline="208" begincolumn="3" endcolumn="12" rule="JUnitAssertionsShouldIncludeMessage" ruleset="Best Practices" package="org.junit.platform.commons.util" class="ReflectionUtilsTests" method="isAssignableToForNullObject" externalInfoUrl="https://pmd.github.io/pmd/pmd_rules_java_bestpractices.html#junitassertionsshouldincludemessage" priority="3">
JUnit assertions should include a message
</violation>
<violation beginline="212" endline="217" begincolumn="2" endcolumn="2" rule="JUnitTestContainsTooManyAsserts" ruleset="Best Practices" package="org.junit.platform.commons.util" class="ReflectionUtilsTests" method="isAssignableToForNullObjectAndPrimitive" externalInfoUrl="https://pmd.github.io/pmd/pmd_rules_java_bestpractices.html#junittestcontainstoomanyasserts" priority="3">
Unit tests should not contain more than 1 assert(s).
</violation>
<violation beginline="213" endline="213" begincolumn="3" endcolumn="13" rule="JUnitAssertionsShouldIncludeMessage" ruleset="Best Practices" package="org.junit.platform.commons.util" class="ReflectionUtilsTests" method="isAssignableToForNullObjectAndPrimitive" externalInfoUrl="https://pmd.github.io/pmd/pmd_rules_java_bestpractices.html#junitassertionsshouldincludemessage" priority="3">
JUnit assertions should include a message
</violation>
<violation beginline="214" endline="214" begincolumn="3" endcolumn="13" rule="JUnitAssertionsShouldIncludeMessage" ruleset="Best Practices" package="org.junit.platform.commons.util" class="ReflectionUtilsTests" method="isAssignableToForNullObjectAndPrimitive" externalInfoUrl="https://pmd.github.io/pmd/pmd_rules_java_bestpractices.html#junitassertionsshouldincludemessage" priority="3">
JUnit assertions should include a message
</violation>
<violation beginline="215" endline="215" begincolumn="3" endcolumn="13" rule="JUnitAssertionsShouldIncludeMessage" ruleset="Best Practices" package="org.junit.platform.commons.util" class="ReflectionUtilsTests" method="isAssignableToForNullObjectAndPrimitive" externalInfoUrl="https://pmd.github.io/pmd/pmd_rules_java_bestpractices.html#junitassertionsshouldincludemessage" priority="3">
JUnit assertions should include a message
</violation>
<violation beginline="216" endline="216" begincolumn="3" endcolumn="13" rule="JUnitAssertionsShouldIncludeMessage" ruleset="Best Practices" package="org.junit.platform.commons.util" class="ReflectionUtilsTests" method="isAssignableToForNullObjectAndPrimitive" externalInfoUrl="https://pmd.github.io/pmd/pmd_rules_java_bestpractices.html#junitassertionsshouldincludemessage" priority="3">
JUnit assertions should include a message
</violation>
<violation beginline="220" endline="225" begincolumn="2" endcolumn="2" rule="JUnitTestContainsTooManyAsserts" ruleset="Best Practices" package="org.junit.platform.commons.util" class="ReflectionUtilsTests" method="invokeMethodPreconditions" externalInfoUrl="https://pmd.github.io/pmd/pmd_rules_java_bestpractices.html#junittestcontainstoomanyasserts" priority="3">
Unit tests should not contain more than 1 assert(s).
</violation>
<violation beginline="223" endline="223" begincolumn="96" endcolumn="105" rule="AvoidDuplicateLiterals" ruleset="Error Prone" package="org.junit.platform.commons.util" class="ReflectionUtilsTests" method="invokeMethodPreconditions" externalInfoUrl="https://pmd.github.io/pmd/pmd_rules_java_errorprone.html#avoidduplicateliterals" priority="3">
The String literal "hashCode" appears 4 times in this file; the first occurrence is on line 223
</violation>
<violation beginline="228" endline="228" begincolumn="35" endcolumn="43" rule="SignatureDeclareThrowsException" ruleset="Design" package="org.junit.platform.commons.util" class="ReflectionUtilsTests" method="invokePublicMethod" externalInfoUrl="https://pmd.github.io/pmd/pmd_rules_java_design.html#signaturedeclarethrowsexception" priority="3">
A method/constructor should not explicitly throw java.lang.Exception
</violation>
<violation beginline="231" endline="231" begincolumn="3" endcolumn="12" rule="JUnitAssertionsShouldIncludeMessage" ruleset="Best Practices" package="org.junit.platform.commons.util" class="ReflectionUtilsTests" method="invokePublicMethod" externalInfoUrl="https://pmd.github.io/pmd/pmd_rules_java_bestpractices.html#junitassertionsshouldincludemessage" priority="3">
JUnit assertions should include a message
</violation>
<violation beginline="235" endline="235" begincolumn="36" endcolumn="44" rule="SignatureDeclareThrowsException" ruleset="Design" package="org.junit.platform.commons.util" class="ReflectionUtilsTests" method="invokePrivateMethod" externalInfoUrl="https://pmd.github.io/pmd/pmd_rules_java_design.html#signaturedeclarethrowsexception" priority="3">
A method/constructor should not explicitly throw java.lang.Exception
</violation>
<violation beginline="238" endline="238" begincolumn="3" endcolumn="12" rule="JUnitAssertionsShouldIncludeMessage" ruleset="Best Practices" package="org.junit.platform.commons.util" class="ReflectionUtilsTests" method="invokePrivateMethod" externalInfoUrl="https://pmd.github.io/pmd/pmd_rules_java_bestpractices.html#junitassertionsshouldincludemessage" priority="3">
JUnit assertions should include a message
</violation>
<violation beginline="242" endline="242" begincolumn="41" endcolumn="49" rule="SignatureDeclareThrowsException" ruleset="Design" package="org.junit.platform.commons.util" class="ReflectionUtilsTests" method="invokePublicStaticMethod" externalInfoUrl="https://pmd.github.io/pmd/pmd_rules_java_design.html#signaturedeclarethrowsexception" priority="3">
A method/constructor should not explicitly throw java.lang.Exception
</violation>
<violation beginline="244" endline="244" begincolumn="3" endcolumn="12" rule="JUnitAssertionsShouldIncludeMessage" ruleset="Best Practices" package="org.junit.platform.commons.util" class="ReflectionUtilsTests" method="invokePublicStaticMethod" externalInfoUrl="https://pmd.github.io/pmd/pmd_rules_java_bestpractices.html#junitassertionsshouldincludemessage" priority="3">
JUnit assertions should include a message
</violation>
<violation beginline="248" endline="248" begincolumn="42" endcolumn="50" rule="SignatureDeclareThrowsException" ruleset="Design" package="org.junit.platform.commons.util" class="ReflectionUtilsTests" method="invokePrivateStaticMethod" externalInfoUrl="https://pmd.github.io/pmd/pmd_rules_java_design.html#signaturedeclarethrowsexception" priority="3">
A method/constructor should not explicitly throw java.lang.Exception
</violation>
<violation beginline="250" endline="250" begincolumn="3" endcolumn="12" rule="JUnitAssertionsShouldIncludeMessage" ruleset="Best Practices" package="org.junit.platform.commons.util" class="ReflectionUtilsTests" method="invokePrivateStaticMethod" externalInfoUrl="https://pmd.github.io/pmd/pmd_rules_java_bestpractices.html#junitassertionsshouldincludemessage" priority="3">
JUnit assertions should include a message
</violation>
<violation beginline="254" endline="261" begincolumn="2" endcolumn="2" rule="JUnitTestContainsTooManyAsserts" ruleset="Best Practices" package="org.junit.platform.commons.util" class="ReflectionUtilsTests" method="loadClassPreconditions" externalInfoUrl="https://pmd.github.io/pmd/pmd_rules_java_bestpractices.html#junittestcontainstoomanyasserts" priority="3">
Unit tests should not contain more than 1 assert(s).
</violation>
<violation beginline="264" endline="264" begincolumn="52" endcolumn="60" rule="SignatureDeclareThrowsException" ruleset="Design" package="org.junit.platform.commons.util" class="ReflectionUtilsTests" method="loadClassWhenClassNotFoundException" externalInfoUrl="https://pmd.github.io/pmd/pmd_rules_java_design.html#signaturedeclarethrowsexception" priority="3">
A method/constructor should not explicitly throw java.lang.Exception
</violation>
<violation beginline="269" endline="269" begincolumn="26" endcolumn="34" rule="SignatureDeclareThrowsException" ruleset="Design" package="org.junit.platform.commons.util" class="ReflectionUtilsTests" method="loadClass" externalInfoUrl="https://pmd.github.io/pmd/pmd_rules_java_design.html#signaturedeclarethrowsexception" priority="3">
A method/constructor should not explicitly throw java.lang.Exception
</violation>
<violation beginline="275" endline="275" begincolumn="40" endcolumn="48" rule="SignatureDeclareThrowsException" ruleset="Design" package="org.junit.platform.commons.util" class="ReflectionUtilsTests" method="loadClassTrimsClassName" externalInfoUrl="https://pmd.github.io/pmd/pmd_rules_java_design.html#signaturedeclarethrowsexception" priority="3">
A method/constructor should not explicitly throw java.lang.Exception
</violation>
<violation beginline="281" endline="281" begincolumn="38" endcolumn="46" rule="SignatureDeclareThrowsException" ruleset="Design" package="org.junit.platform.commons.util" class="ReflectionUtilsTests" method="loadClassForPrimitive" externalInfoUrl="https://pmd.github.io/pmd/pmd_rules_java_design.html#signaturedeclarethrowsexception" priority="3">
A method/constructor should not explicitly throw java.lang.Exception
</violation>
<violation beginline="287" endline="287" begincolumn="43" endcolumn="51" rule="SignatureDeclareThrowsException" ruleset="Design" package="org.junit.platform.commons.util" class="ReflectionUtilsTests" method="loadClassForPrimitiveArray" externalInfoUrl="https://pmd.github.io/pmd/pmd_rules_java_design.html#signaturedeclarethrowsexception" priority="3">
A method/constructor should not explicitly throw java.lang.Exception
</violation>
<violation beginline="293" endline="293" begincolumn="64" endcolumn="72" rule="SignatureDeclareThrowsException" ruleset="Design" package="org.junit.platform.commons.util" class="ReflectionUtilsTests" method="loadClassForPrimitiveArrayUsingSourceCodeSyntax" externalInfoUrl="https://pmd.github.io/pmd/pmd_rules_java_design.html#signaturedeclarethrowsexception" priority="3">
A method/constructor should not explicitly throw java.lang.Exception
</violation>
<violation beginline="299" endline="299" begincolumn="40" endcolumn="48" rule="SignatureDeclareThrowsException" ruleset="Design" package="org.junit.platform.commons.util" class="ReflectionUtilsTests" method="loadClassForObjectArray" externalInfoUrl="https://pmd.github.io/pmd/pmd_rules_java_design.html#signaturedeclarethrowsexception" priority="3">
A method/constructor should not explicitly throw java.lang.Exception
</violation>
<violation beginline="305" endline="305" begincolumn="61" endcolumn="69" rule="SignatureDeclareThrowsException" ruleset="Design" package="org.junit.platform.commons.util" class="ReflectionUtilsTests" method="loadClassForObjectArrayUsingSourceCodeSyntax" externalInfoUrl="https://pmd.github.io/pmd/pmd_rules_java_design.html#signaturedeclarethrowsexception" priority="3">
A method/constructor should not explicitly throw java.lang.Exception
</violation>
<violation beginline="311" endline="311" begincolumn="57" endcolumn="65" rule="SignatureDeclareThrowsException" ruleset="Design" package="org.junit.platform.commons.util" class="ReflectionUtilsTests" method="loadClassForTwoDimensionalPrimitiveArray" externalInfoUrl="https://pmd.github.io/pmd/pmd_rules_java_design.html#signaturedeclarethrowsexception" priority="3">
A method/constructor should not explicitly throw java.lang.Exception
</violation>
<violation beginline="317" endline="317" begincolumn="89" endcolumn="97" rule="SignatureDeclareThrowsException" ruleset="Design" package="org.junit.platform.commons.util" class="ReflectionUtilsTests" method="loadClassForTwoDimensionaldimensionalPrimitiveArrayUsingSourceCodeSyntax" externalInfoUrl="https://pmd.github.io/pmd/pmd_rules_java_design.html#signaturedeclarethrowsexception" priority="3">
A method/constructor should not explicitly throw java.lang.Exception
</violation>
<violation beginline="323" endline="323" begincolumn="59" endcolumn="67" rule="SignatureDeclareThrowsException" ruleset="Design" package="org.junit.platform.commons.util" class="ReflectionUtilsTests" method="loadClassForMultidimensionalPrimitiveArray" externalInfoUrl="https://pmd.github.io/pmd/pmd_rules_java_design.html#signaturedeclarethrowsexception" priority="3">
A method/constructor should not explicitly throw java.lang.Exception
</violation>
<violation beginline="330" endline="330" begincolumn="80" endcolumn="88" rule="SignatureDeclareThrowsException" ruleset="Design" package="org.junit.platform.commons.util" class="ReflectionUtilsTests" method="loadClassForMultidimensionalPrimitiveArrayUsingSourceCodeSyntax" externalInfoUrl="https://pmd.github.io/pmd/pmd_rules_java_design.html#signaturedeclarethrowsexception" priority="3">
A method/constructor should not explicitly throw java.lang.Exception
</violation>
<violation beginline="337" endline="337" begincolumn="56" endcolumn="64" rule="SignatureDeclareThrowsException" ruleset="Design" package="org.junit.platform.commons.util" class="ReflectionUtilsTests" method="loadClassForMultidimensionalObjectArray" externalInfoUrl="https://pmd.github.io/pmd/pmd_rules_java_design.html#signaturedeclarethrowsexception" priority="3">
A method/constructor should not explicitly throw java.lang.Exception
</violation>
<violation beginline="344" endline="344" begincolumn="77" endcolumn="85" rule="SignatureDeclareThrowsException" ruleset="Design" package="org.junit.platform.commons.util" class="ReflectionUtilsTests" method="loadClassForMultidimensionalObjectArrayUsingSourceCodeSyntax" externalInfoUrl="https://pmd.github.io/pmd/pmd_rules_java_design.html#signaturedeclarethrowsexception" priority="3">
A method/constructor should not explicitly throw java.lang.Exception
</violation>
<violation beginline="350" endline="354" begincolumn="2" endcolumn="2" rule="JUnitTestContainsTooManyAsserts" ruleset="Best Practices" package="org.junit.platform.commons.util" class="ReflectionUtilsTests" method="loadMethodPreconditions" externalInfoUrl="https://pmd.github.io/pmd/pmd_rules_java_bestpractices.html#junittestcontainstoomanyasserts" priority="3">
Unit tests should not contain more than 1 assert(s).
</violation>
<violation beginline="357" endline="366" begincolumn="2" endcolumn="2" rule="JUnitTestContainsTooManyAsserts" ruleset="Best Practices" package="org.junit.platform.commons.util" class="ReflectionUtilsTests" method="loadMethodWithInvalidFormatForFullyQualifiedMethodName" externalInfoUrl="https://pmd.github.io/pmd/pmd_rules_java_bestpractices.html#junittestcontainstoomanyasserts" priority="3">
Unit tests should not contain more than 1 assert(s).
</violation>
<violation beginline="361" endline="361" begincolumn="87" endcolumn="94" rule="AvoidDuplicateLiterals" ruleset="Error Prone" package="org.junit.platform.commons.util" class="ReflectionUtilsTests" method="loadMethodWithInvalidFormatForFullyQualifiedMethodName" externalInfoUrl="https://pmd.github.io/pmd/pmd_rules_java_errorprone.html#avoidduplicateliterals" priority="3">
The String literal "method" appears 14 times in this file; the first occurrence is on line 361
</violation>
<violation beginline="369" endline="379" begincolumn="2" endcolumn="2" rule="JUnitTestContainsTooManyAsserts" ruleset="Best Practices" package="org.junit.platform.commons.util" class="ReflectionUtilsTests" method="loadMethod" externalInfoUrl="https://pmd.github.io/pmd/pmd_rules_java_bestpractices.html#junittestcontainstoomanyasserts" priority="3">
Unit tests should not contain more than 1 assert(s).
</violation>
<violation beginline="463" endline="463" begincolumn="52" endcolumn="60" rule="SignatureDeclareThrowsException" ruleset="Design" package="org.junit.platform.commons.util" class="ReflectionUtilsTests" method="loadMethodFromSuperclassOrInterface" externalInfoUrl="https://pmd.github.io/pmd/pmd_rules_java_design.html#signaturedeclarethrowsexception" priority="3">
A method/constructor should not explicitly throw java.lang.Exception
</violation>
<violation beginline="463" endline="470" begincolumn="2" endcolumn="2" rule="JUnitTestContainsTooManyAsserts" ruleset="Best Practices" package="org.junit.platform.commons.util" class="ReflectionUtilsTests" method="loadMethodFromSuperclassOrInterface" externalInfoUrl="https://pmd.github.io/pmd/pmd_rules_java_bestpractices.html#junittestcontainstoomanyasserts" priority="3">
Unit tests should not contain more than 1 assert(s).
</violation>
<violation beginline="465" endline="465" begincolumn="44" endcolumn="52" rule="AvoidDuplicateLiterals" ruleset="Error Prone" package="org.junit.platform.commons.util" class="ReflectionUtilsTests" method="loadMethodFromSuperclassOrInterface" externalInfoUrl="https://pmd.github.io/pmd/pmd_rules_java_errorprone.html#avoidduplicateliterals" priority="3">
The String literal "method1" appears 15 times in this file; the first occurrence is on line 465
</violation>
<violation beginline="466" endline="466" begincolumn="44" endcolumn="52" rule="AvoidDuplicateLiterals" ruleset="Error Prone" package="org.junit.platform.commons.util" class="ReflectionUtilsTests" method="loadMethodFromSuperclassOrInterface" externalInfoUrl="https://pmd.github.io/pmd/pmd_rules_java_errorprone.html#avoidduplicateliterals" priority="3">
The String literal "method2" appears 21 times in this file; the first occurrence is on line 466
</violation>
<violation beginline="467" endline="467" begincolumn="44" endcolumn="52" rule="AvoidDuplicateLiterals" ruleset="Error Prone" package="org.junit.platform.commons.util" class="ReflectionUtilsTests" method="loadMethodFromSuperclassOrInterface" externalInfoUrl="https://pmd.github.io/pmd/pmd_rules_java_errorprone.html#avoidduplicateliterals" priority="3">
The String literal "method3" appears 6 times in this file; the first occurrence is on line 467
</violation>
<violation beginline="468" endline="468" begincolumn="44" endcolumn="52" rule="AvoidDuplicateLiterals" ruleset="Error Prone" package="org.junit.platform.commons.util" class="ReflectionUtilsTests" method="loadMethodFromSuperclassOrInterface" externalInfoUrl="https://pmd.github.io/pmd/pmd_rules_java_errorprone.html#avoidduplicateliterals" priority="3">
The String literal "method4" appears 9 times in this file; the first occurrence is on line 468
</violation>
<violation beginline="489" endline="495" begincolumn="2" endcolumn="2" rule="JUnitTestContainsTooManyAsserts" ruleset="Best Practices" package="org.junit.platform.commons.util" class="ReflectionUtilsTests" method="getOutermostInstancePreconditions" externalInfoUrl="https://pmd.github.io/pmd/pmd_rules_java_bestpractices.html#junittestcontainstoomanyasserts" priority="3">
Unit tests should not contain more than 1 assert(s).
</violation>
<violation beginline="498" endline="509" begincolumn="2" endcolumn="2" rule="JUnitTestContainsTooManyAsserts" ruleset="Best Practices" package="org.junit.platform.commons.util" class="ReflectionUtilsTests" method="getOutermostInstance" externalInfoUrl="https://pmd.github.io/pmd/pmd_rules_java_bestpractices.html#junittestcontainstoomanyasserts" priority="3">
Unit tests should not contain more than 1 assert(s).
</violation>
<violation beginline="513" endline="513" begincolumn="71" endcolumn="79" rule="SignatureDeclareThrowsException" ruleset="Design" package="org.junit.platform.commons.util" class="ReflectionUtilsTests" method="getAllClasspathRootDirectories" externalInfoUrl="https://pmd.github.io/pmd/pmd_rules_java_design.html#signaturedeclarethrowsexception" priority="3">
A method/constructor should not explicitly throw java.lang.Exception
</violation>
<violation beginline="522" endline="522" begincolumn="4" endcolumn="13" rule="JUnitAssertionsShouldIncludeMessage" ruleset="Best Practices" package="org.junit.platform.commons.util" class="ReflectionUtilsTests" method="getAllClasspathRootDirectories" externalInfoUrl="https://pmd.github.io/pmd/pmd_rules_java_bestpractices.html#junitassertionsshouldincludemessage" priority="3">
JUnit assertions should include a message
</violation>
<violation beginline="530" endline="536" begincolumn="2" endcolumn="2" rule="JUnitTestContainsTooManyAsserts" ruleset="Best Practices" package="org.junit.platform.commons.util" class="ReflectionUtilsTests" method="findNestedClassesPreconditions" externalInfoUrl="https://pmd.github.io/pmd/pmd_rules_java_bestpractices.html#junittestcontainstoomanyasserts" priority="3">
Unit tests should not contain more than 1 assert(s).
</violation>
<violation beginline="539" endline="555" begincolumn="2" endcolumn="2" rule="JUnitTestContainsTooManyAsserts" ruleset="Best Practices" package="org.junit.platform.commons.util" class="ReflectionUtilsTests" method="findNestedClasses" externalInfoUrl="https://pmd.github.io/pmd/pmd_rules_java_bestpractices.html#junittestcontainstoomanyasserts" priority="3">
Unit tests should not contain more than 1 assert(s).
</violation>
<violation beginline="558" endline="563" begincolumn="2" endcolumn="2" rule="JUnitTestContainsTooManyAsserts" ruleset="Best Practices" package="org.junit.platform.commons.util" class="ReflectionUtilsTests" method="getDeclaredConstructorPreconditions" externalInfoUrl="https://pmd.github.io/pmd/pmd_rules_java_bestpractices.html#junittestcontainstoomanyasserts" priority="3">
Unit tests should not contain more than 1 assert(s).
</violation>
<violation beginline="566" endline="575" begincolumn="2" endcolumn="2" rule="JUnitTestContainsTooManyAsserts" ruleset="Best Practices" package="org.junit.platform.commons.util" class="ReflectionUtilsTests" method="getDeclaredConstructor" externalInfoUrl="https://pmd.github.io/pmd/pmd_rules_java_bestpractices.html#junittestcontainstoomanyasserts" priority="3">
Unit tests should not contain more than 1 assert(s).
</violation>
<violation beginline="568" endline="568" begincolumn="3" endcolumn="15" rule="JUnitAssertionsShouldIncludeMessage" ruleset="Best Practices" package="org.junit.platform.commons.util" class="ReflectionUtilsTests" method="getDeclaredConstructor" externalInfoUrl="https://pmd.github.io/pmd/pmd_rules_java_bestpractices.html#junitassertionsshouldincludemessage" priority="3">
JUnit assertions should include a message
</violation>
<violation beginline="569" endline="569" begincolumn="3" endcolumn="14" rule="JUnitAssertionsShouldIncludeMessage" ruleset="Best Practices" package="org.junit.platform.commons.util" class="ReflectionUtilsTests" method="getDeclaredConstructor" externalInfoUrl="https://pmd.github.io/pmd/pmd_rules_java_bestpractices.html#junitassertionsshouldincludemessage" priority="3">
JUnit assertions should include a message
</violation>
<violation beginline="572" endline="572" begincolumn="3" endcolumn="15" rule="JUnitAssertionsShouldIncludeMessage" ruleset="Best Practices" package="org.junit.platform.commons.util" class="ReflectionUtilsTests" method="getDeclaredConstructor" externalInfoUrl="https://pmd.github.io/pmd/pmd_rules_java_bestpractices.html#junitassertionsshouldincludemessage" priority="3">
JUnit assertions should include a message
</violation>
<violation beginline="573" endline="573" begincolumn="3" endcolumn="14" rule="JUnitAssertionsShouldIncludeMessage" ruleset="Best Practices" package="org.junit.platform.commons.util" class="ReflectionUtilsTests" method="getDeclaredConstructor" externalInfoUrl="https://pmd.github.io/pmd/pmd_rules_java_bestpractices.html#junitassertionsshouldincludemessage" priority="3">
JUnit assertions should include a message
</violation>
<violation beginline="574" endline="574" begincolumn="3" endcolumn="14" rule="JUnitAssertionsShouldIncludeMessage" ruleset="Best Practices" package="org.junit.platform.commons.util" class="ReflectionUtilsTests" method="getDeclaredConstructor" externalInfoUrl="https://pmd.github.io/pmd/pmd_rules_java_bestpractices.html#junitassertionsshouldincludemessage" priority="3">
JUnit assertions should include a message
</violation>
<violation beginline="578" endline="582" begincolumn="2" endcolumn="2" rule="JUnitTestContainsTooManyAsserts" ruleset="Best Practices" package="org.junit.platform.commons.util" class="ReflectionUtilsTests" method="getMethodPreconditions" externalInfoUrl="https://pmd.github.io/pmd/pmd_rules_java_bestpractices.html#junittestcontainstoomanyasserts" priority="3">
Unit tests should not contain more than 1 assert(s).
</violation>
<violation beginline="585" endline="585" begincolumn="26" endcolumn="34" rule="SignatureDeclareThrowsException" ruleset="Design" package="org.junit.platform.commons.util" class="ReflectionUtilsTests" method="getMethod" externalInfoUrl="https://pmd.github.io/pmd/pmd_rules_java_design.html#signaturedeclarethrowsexception" priority="3">
A method/constructor should not explicitly throw java.lang.Exception
</violation>
<violation beginline="585" endline="596" begincolumn="2" endcolumn="2" rule="JUnitTestContainsTooManyAsserts" ruleset="Best Practices" package="org.junit.platform.commons.util" class="ReflectionUtilsTests" method="getMethod" externalInfoUrl="https://pmd.github.io/pmd/pmd_rules_java_bestpractices.html#junittestcontainstoomanyasserts" priority="3">
Unit tests should not contain more than 1 assert(s).
</violation>
<violation beginline="592" endline="592" begincolumn="54" endcolumn="60" rule="AvoidDuplicateLiterals" ruleset="Error Prone" package="org.junit.platform.commons.util" class="ReflectionUtilsTests" method="getMethod" externalInfoUrl="https://pmd.github.io/pmd/pmd_rules_java_errorprone.html#avoidduplicateliterals" priority="3">
The String literal "chars" appears 4 times in this file; the first occurrence is on line 592
</violation>
<violation beginline="599" endline="602" begincolumn="2" endcolumn="2" rule="JUnitTestContainsTooManyAsserts" ruleset="Best Practices" package="org.junit.platform.commons.util" class="ReflectionUtilsTests" method="isMethodPresentPreconditions" externalInfoUrl="https://pmd.github.io/pmd/pmd_rules_java_bestpractices.html#junittestcontainstoomanyasserts" priority="3">
Unit tests should not contain more than 1 assert(s).
</violation>
<violation beginline="605" endline="612" begincolumn="2" endcolumn="2" rule="JUnitTestContainsTooManyAsserts" ruleset="Best Practices" package="org.junit.platform.commons.util" class="ReflectionUtilsTests" method="isMethodPresent" externalInfoUrl="https://pmd.github.io/pmd/pmd_rules_java_bestpractices.html#junittestcontainstoomanyasserts" priority="3">
Unit tests should not contain more than 1 assert(s).
</violation>
<violation beginline="606" endline="606" begincolumn="44" endcolumn="77" rule="LiteralsFirstInComparisons" ruleset="Best Practices" package="org.junit.platform.commons.util" class="ReflectionUtilsTests" method="isMethodPresent" externalInfoUrl="https://pmd.github.io/pmd/pmd_rules_java_bestpractices.html#literalsfirstincomparisons" priority="3">
Position literals first in String comparisons
</violation>
<violation beginline="615" endline="615" begincolumn="56" endcolumn="64" rule="SignatureDeclareThrowsException" ruleset="Design" package="org.junit.platform.commons.util" class="ReflectionUtilsTests" method="findMethodByParameterTypesPreconditions" externalInfoUrl="https://pmd.github.io/pmd/pmd_rules_java_design.html#signaturedeclarethrowsexception" priority="3">
A method/constructor should not explicitly throw java.lang.Exception
</violation>
<violation beginline="615" endline="635" begincolumn="2" endcolumn="2" rule="JUnitTestContainsTooManyAsserts" ruleset="Best Practices" package="org.junit.platform.commons.util" class="ReflectionUtilsTests" method="findMethodByParameterTypesPreconditions" externalInfoUrl="https://pmd.github.io/pmd/pmd_rules_java_bestpractices.html#junittestcontainstoomanyasserts" priority="3">
Unit tests should not contain more than 1 assert(s).
</violation>
<violation beginline="626" endline="626" begincolumn="96" endcolumn="101" rule="AvoidDuplicateLiterals" ruleset="Error Prone" package="org.junit.platform.commons.util" class="ReflectionUtilsTests" method="findMethodByParameterTypesPreconditions" externalInfoUrl="https://pmd.github.io/pmd/pmd_rules_java_errorprone.html#avoidduplicateliterals" priority="3">
The String literal "copy" appears 5 times in this file; the first occurrence is on line 626
</violation>
<violation beginline="638" endline="638" begincolumn="43" endcolumn="51" rule="SignatureDeclareThrowsException" ruleset="Design" package="org.junit.platform.commons.util" class="ReflectionUtilsTests" method="findMethodByParameterTypes" externalInfoUrl="https://pmd.github.io/pmd/pmd_rules_java_design.html#signaturedeclarethrowsexception" priority="3">
A method/constructor should not explicitly throw java.lang.Exception
</violation>
<violation beginline="638" endline="648" begincolumn="2" endcolumn="2" rule="JUnitTestContainsTooManyAsserts" ruleset="Best Practices" package="org.junit.platform.commons.util" class="ReflectionUtilsTests" method="findMethodByParameterTypes" externalInfoUrl="https://pmd.github.io/pmd/pmd_rules_java_bestpractices.html#junittestcontainstoomanyasserts" priority="3">
Unit tests should not contain more than 1 assert(s).
</violation>
<violation beginline="651" endline="656" begincolumn="2" endcolumn="2" rule="JUnitTestContainsTooManyAsserts" ruleset="Best Practices" package="org.junit.platform.commons.util" class="ReflectionUtilsTests" method="findMethodByParameterTypesInGenericInterface" externalInfoUrl="https://pmd.github.io/pmd/pmd_rules_java_bestpractices.html#junittestcontainstoomanyasserts" priority="3">
Unit tests should not contain more than 1 assert(s).
</violation>
<violation beginline="662" endline="674" begincolumn="2" endcolumn="2" rule="JUnitTestContainsTooManyAsserts" ruleset="Best Practices" package="org.junit.platform.commons.util" class="ReflectionUtilsTests" method="findMethodByParameterTypesInGenericInterfaceViaParameterizedSubclass" externalInfoUrl="https://pmd.github.io/pmd/pmd_rules_java_bestpractices.html#junittestcontainstoomanyasserts" priority="3">
Unit tests should not contain more than 1 assert(s).
</violation>
<violation beginline="684" endline="691" begincolumn="2" endcolumn="2" rule="JUnitTestContainsTooManyAsserts" ruleset="Best Practices" package="org.junit.platform.commons.util" class="ReflectionUtilsTests" method="findMethodByParameterTypesWithOverloadedMethodNextToGenericDefaultMethod" externalInfoUrl="https://pmd.github.io/pmd/pmd_rules_java_bestpractices.html#junittestcontainstoomanyasserts" priority="3">
Unit tests should not contain more than 1 assert(s).
</violation>
<violation beginline="694" endline="694" begincolumn="70" endcolumn="78" rule="SignatureDeclareThrowsException" ruleset="Design" package="org.junit.platform.commons.util" class="ReflectionUtilsTests" method="findMethodByParameterNamesWithPrimitiveArrayParameter" externalInfoUrl="https://pmd.github.io/pmd/pmd_rules_java_design.html#signaturedeclarethrowsexception" priority="3">
A method/constructor should not explicitly throw java.lang.Exception
</violation>
<violation beginline="699" endline="699" begincolumn="84" endcolumn="92" rule="SignatureDeclareThrowsException" ruleset="Design" package="org.junit.platform.commons.util" class="ReflectionUtilsTests" method="findMethodByParameterNamesWithTwoDimensionalPrimitiveArrayParameter" externalInfoUrl="https://pmd.github.io/pmd/pmd_rules_java_design.html#signaturedeclarethrowsexception" priority="3">
A method/constructor should not explicitly throw java.lang.Exception
</violation>
<violation beginline="704" endline="704" begincolumn="86" endcolumn="94" rule="SignatureDeclareThrowsException" ruleset="Design" package="org.junit.platform.commons.util" class="ReflectionUtilsTests" method="findMethodByParameterNamesWithMultidimensionalPrimitiveArrayParameter" externalInfoUrl="https://pmd.github.io/pmd/pmd_rules_java_design.html#signaturedeclarethrowsexception" priority="3">
A method/constructor should not explicitly throw java.lang.Exception
</violation>
<violation beginline="709" endline="709" begincolumn="67" endcolumn="75" rule="SignatureDeclareThrowsException" ruleset="Design" package="org.junit.platform.commons.util" class="ReflectionUtilsTests" method="findMethodByParameterNamesWithObjectArrayParameter" externalInfoUrl="https://pmd.github.io/pmd/pmd_rules_java_design.html#signaturedeclarethrowsexception" priority="3">
A method/constructor should not explicitly throw java.lang.Exception
</violation>
<violation beginline="714" endline="714" begincolumn="83" endcolumn="91" rule="SignatureDeclareThrowsException" ruleset="Design" package="org.junit.platform.commons.util" class="ReflectionUtilsTests" method="findMethodByParameterNamesWithMultidimensionalObjectArrayParameter" externalInfoUrl="https://pmd.github.io/pmd/pmd_rules_java_design.html#signaturedeclarethrowsexception" priority="3">
A method/constructor should not explicitly throw java.lang.Exception
</violation>
<violation beginline="719" endline="719" begincolumn="72" endcolumn="80" rule="SignatureDeclareThrowsException" ruleset="Design" package="org.junit.platform.commons.util" class="ReflectionUtilsTests" method="findMethodByParameterNamesWithParameterizedMapParameter" externalInfoUrl="https://pmd.github.io/pmd/pmd_rules_java_design.html#signaturedeclarethrowsexception" priority="3">
A method/constructor should not explicitly throw java.lang.Exception
</violation>
<violation beginline="719" endline="732" begincolumn="2" endcolumn="2" rule="JUnitTestContainsTooManyAsserts" ruleset="Best Practices" package="org.junit.platform.commons.util" class="ReflectionUtilsTests" method="findMethodByParameterNamesWithParameterizedMapParameter" externalInfoUrl="https://pmd.github.io/pmd/pmd_rules_java_bestpractices.html#junittestcontainstoomanyasserts" priority="3">
Unit tests should not contain more than 1 assert(s).
</violation>
<violation beginline="743" endline="754" begincolumn="2" endcolumn="2" rule="JUnitTestContainsTooManyAsserts" ruleset="Best Practices" package="org.junit.platform.commons.util" class="ReflectionUtilsTests" method="findMethodsPreconditions" externalInfoUrl="https://pmd.github.io/pmd/pmd_rules_java_bestpractices.html#junittestcontainstoomanyasserts" priority="3">
Unit tests should not contain more than 1 assert(s).
</violation>
<violation beginline="757" endline="763" begincolumn="2" endcolumn="2" rule="JUnitTestContainsTooManyAsserts" ruleset="Best Practices" package="org.junit.platform.commons.util" class="ReflectionUtilsTests" method="findMethodsInInterface" externalInfoUrl="https://pmd.github.io/pmd/pmd_rules_java_bestpractices.html#junittestcontainstoomanyasserts" priority="3">
Unit tests should not contain more than 1 assert(s).
</violation>
<violation beginline="770" endline="774" begincolumn="2" endcolumn="2" rule="JUnitTestContainsTooManyAsserts" ruleset="Best Practices" package="org.junit.platform.commons.util" class="ReflectionUtilsTests" method="findMethodsInObject" externalInfoUrl="https://pmd.github.io/pmd/pmd_rules_java_bestpractices.html#junittestcontainstoomanyasserts" priority="3">
Unit tests should not contain more than 1 assert(s).
</violation>
<violation beginline="772" endline="772" begincolumn="3" endcolumn="15" rule="JUnitAssertionsShouldIncludeMessage" ruleset="Best Practices" package="org.junit.platform.commons.util" class="ReflectionUtilsTests" method="findMethodsInObject" externalInfoUrl="https://pmd.github.io/pmd/pmd_rules_java_bestpractices.html#junitassertionsshouldincludemessage" priority="3">
JUnit assertions should include a message
</violation>
<violation beginline="773" endline="773" begincolumn="3" endcolumn="12" rule="JUnitAssertionsShouldIncludeMessage" ruleset="Best Practices" package="org.junit.platform.commons.util" class="ReflectionUtilsTests" method="findMethodsInObject" externalInfoUrl="https://pmd.github.io/pmd/pmd_rules_java_bestpractices.html#junitassertionsshouldincludemessage" priority="3">
JUnit assertions should include a message
</violation>
<violation beginline="777" endline="780" begincolumn="2" endcolumn="2" rule="JUnitTestContainsTooManyAsserts" ruleset="Best Practices" package="org.junit.platform.commons.util" class="ReflectionUtilsTests" method="findMethodsInVoid" externalInfoUrl="https://pmd.github.io/pmd/pmd_rules_java_bestpractices.html#junittestcontainstoomanyasserts" priority="3">
Unit tests should not contain more than 1 assert(s).
</violation>
<violation beginline="788" endline="791" begincolumn="2" endcolumn="2" rule="JUnitTestContainsTooManyAsserts" ruleset="Best Practices" package="org.junit.platform.commons.util" class="ReflectionUtilsTests" method="findMethodsInArrays" externalInfoUrl="https://pmd.github.io/pmd/pmd_rules_java_bestpractices.html#junittestcontainstoomanyasserts" priority="3">
Unit tests should not contain more than 1 assert(s).
</violation>
<violation beginline="794" endline="800" begincolumn="2" endcolumn="2" rule="JUnitTestContainsTooManyAsserts" ruleset="Best Practices" package="org.junit.platform.commons.util" class="ReflectionUtilsTests" method="findMethodsIgnoresSyntheticMethods" externalInfoUrl="https://pmd.github.io/pmd/pmd_rules_java_bestpractices.html#junittestcontainstoomanyasserts" priority="3">
Unit tests should not contain more than 1 assert(s).
</violation>
<violation beginline="803" endline="803" begincolumn="48" endcolumn="56" rule="SignatureDeclareThrowsException" ruleset="Design" package="org.junit.platform.commons.util" class="ReflectionUtilsTests" method="findMethodsUsingHierarchyUpMode" externalInfoUrl="https://pmd.github.io/pmd/pmd_rules_java_design.html#signaturedeclarethrowsexception" priority="3">
A method/constructor should not explicitly throw java.lang.Exception
</violation>
<violation beginline="803" endline="820" begincolumn="2" endcolumn="2" rule="JUnitTestContainsTooManyAsserts" ruleset="Best Practices" package="org.junit.platform.commons.util" class="ReflectionUtilsTests" method="findMethodsUsingHierarchyUpMode" externalInfoUrl="https://pmd.github.io/pmd/pmd_rules_java_bestpractices.html#junittestcontainstoomanyasserts" priority="3">
Unit tests should not contain more than 1 assert(s).
</violation>
<violation beginline="812" endline="812" begincolumn="54" endcolumn="87" rule="LiteralsFirstInComparisons" ruleset="Best Practices" package="org.junit.platform.commons.util" class="ReflectionUtilsTests" method="findMethodsUsingHierarchyUpMode" externalInfoUrl="https://pmd.github.io/pmd/pmd_rules_java_bestpractices.html#literalsfirstincomparisons" priority="3">
Position literals first in String comparisons
</violation>
<violation beginline="815" endline="815" begincolumn="54" endcolumn="89" rule="LiteralsFirstInComparisons" ruleset="Best Practices" package="org.junit.platform.commons.util" class="ReflectionUtilsTests" method="findMethodsUsingHierarchyUpMode" externalInfoUrl="https://pmd.github.io/pmd/pmd_rules_java_bestpractices.html#literalsfirstincomparisons" priority="3">
Position literals first in String comparisons
</violation>
<violation beginline="823" endline="823" begincolumn="50" endcolumn="58" rule="SignatureDeclareThrowsException" ruleset="Design" package="org.junit.platform.commons.util" class="ReflectionUtilsTests" method="findMethodsUsingHierarchyDownMode" externalInfoUrl="https://pmd.github.io/pmd/pmd_rules_java_design.html#signaturedeclarethrowsexception" priority="3">
A method/constructor should not explicitly throw java.lang.Exception
</violation>
<violation beginline="823" endline="841" begincolumn="2" endcolumn="2" rule="JUnitTestContainsTooManyAsserts" ruleset="Best Practices" package="org.junit.platform.commons.util" class="ReflectionUtilsTests" method="findMethodsUsingHierarchyDownMode" externalInfoUrl="https://pmd.github.io/pmd/pmd_rules_java_bestpractices.html#junittestcontainstoomanyasserts" priority="3">
Unit tests should not contain more than 1 assert(s).
</violation>
<violation beginline="833" endline="833" begincolumn="54" endcolumn="87" rule="LiteralsFirstInComparisons" ruleset="Best Practices" package="org.junit.platform.commons.util" class="ReflectionUtilsTests" method="findMethodsUsingHierarchyDownMode" externalInfoUrl="https://pmd.github.io/pmd/pmd_rules_java_bestpractices.html#literalsfirstincomparisons" priority="3">
Position literals first in String comparisons
</violation>
<violation beginline="836" endline="836" begincolumn="54" endcolumn="89" rule="LiteralsFirstInComparisons" ruleset="Best Practices" package="org.junit.platform.commons.util" class="ReflectionUtilsTests" method="findMethodsUsingHierarchyDownMode" externalInfoUrl="https://pmd.github.io/pmd/pmd_rules_java_bestpractices.html#literalsfirstincomparisons" priority="3">
Position literals first in String comparisons
</violation>
<violation beginline="844" endline="844" begincolumn="61" endcolumn="69" rule="SignatureDeclareThrowsException" ruleset="Design" package="org.junit.platform.commons.util" class="ReflectionUtilsTests" method="findMethodsWithShadowingUsingHierarchyUpMode" externalInfoUrl="https://pmd.github.io/pmd/pmd_rules_java_design.html#signaturedeclarethrowsexception" priority="3">
A method/constructor should not explicitly throw java.lang.Exception
</violation>
<violation beginline="844" endline="868" begincolumn="2" endcolumn="2" rule="JUnitTestContainsTooManyAsserts" ruleset="Best Practices" package="org.junit.platform.commons.util" class="ReflectionUtilsTests" method="findMethodsWithShadowingUsingHierarchyUpMode" externalInfoUrl="https://pmd.github.io/pmd/pmd_rules_java_bestpractices.html#junittestcontainstoomanyasserts" priority="3">
Unit tests should not contain more than 1 assert(s).
</violation>
<violation beginline="848" endline="848" begincolumn="3" endcolumn="12" rule="JUnitAssertionsShouldIncludeMessage" ruleset="Best Practices" package="org.junit.platform.commons.util" class="ReflectionUtilsTests" method="findMethodsWithShadowingUsingHierarchyUpMode" externalInfoUrl="https://pmd.github.io/pmd/pmd_rules_java_bestpractices.html#junitassertionsshouldincludemessage" priority="3">
JUnit assertions should include a message
</violation>
<violation beginline="855" endline="855" begincolumn="3" endcolumn="12" rule="JUnitAssertionsShouldIncludeMessage" ruleset="Best Practices" package="org.junit.platform.commons.util" class="ReflectionUtilsTests" method="findMethodsWithShadowingUsingHierarchyUpMode" externalInfoUrl="https://pmd.github.io/pmd/pmd_rules_java_bestpractices.html#junitassertionsshouldincludemessage" priority="3">
JUnit assertions should include a message
</violation>
<violation beginline="856" endline="856" begincolumn="59" endcolumn="67" rule="AvoidDuplicateLiterals" ruleset="Error Prone" package="org.junit.platform.commons.util" class="ReflectionUtilsTests" method="findMethodsWithShadowingUsingHierarchyUpMode" externalInfoUrl="https://pmd.github.io/pmd/pmd_rules_java_errorprone.html#avoidduplicateliterals" priority="3">
The String literal "method5" appears 12 times in this file; the first occurrence is on line 856
</violation>
<violation beginline="860" endline="860" begincolumn="3" endcolumn="14" rule="JUnitAssertionsShouldIncludeMessage" ruleset="Best Practices" package="org.junit.platform.commons.util" class="ReflectionUtilsTests" method="findMethodsWithShadowingUsingHierarchyUpMode" externalInfoUrl="https://pmd.github.io/pmd/pmd_rules_java_bestpractices.html#junitassertionsshouldincludemessage" priority="3">
JUnit assertions should include a message
</violation>
<violation beginline="864" endline="864" begincolumn="3" endcolumn="12" rule="JUnitAssertionsShouldIncludeMessage" ruleset="Best Practices" package="org.junit.platform.commons.util" class="ReflectionUtilsTests" method="findMethodsWithShadowingUsingHierarchyUpMode" externalInfoUrl="https://pmd.github.io/pmd/pmd_rules_java_bestpractices.html#junitassertionsshouldincludemessage" priority="3">
JUnit assertions should include a message
</violation>
<violation beginline="867" endline="867" begincolumn="3" endcolumn="14" rule="JUnitAssertionsShouldIncludeMessage" ruleset="Best Practices" package="org.junit.platform.commons.util" class="ReflectionUtilsTests" method="findMethodsWithShadowingUsingHierarchyUpMode" externalInfoUrl="https://pmd.github.io/pmd/pmd_rules_java_bestpractices.html#junitassertionsshouldincludemessage" priority="3">
JUnit assertions should include a message
</violation>
<violation beginline="871" endline="871" begincolumn="63" endcolumn="71" rule="SignatureDeclareThrowsException" ruleset="Design" package="org.junit.platform.commons.util" class="ReflectionUtilsTests" method="findMethodsWithShadowingUsingHierarchyDownMode" externalInfoUrl="https://pmd.github.io/pmd/pmd_rules_java_design.html#signaturedeclarethrowsexception" priority="3">
A method/constructor should not explicitly throw java.lang.Exception
</violation>
<violation beginline="871" endline="895" begincolumn="2" endcolumn="2" rule="JUnitTestContainsTooManyAsserts" ruleset="Best Practices" package="org.junit.platform.commons.util" class="ReflectionUtilsTests" method="findMethodsWithShadowingUsingHierarchyDownMode" externalInfoUrl="https://pmd.github.io/pmd/pmd_rules_java_bestpractices.html#junittestcontainstoomanyasserts" priority="3">
Unit tests should not contain more than 1 assert(s).
</violation>
<violation beginline="875" endline="875" begincolumn="3" endcolumn="12" rule="JUnitAssertionsShouldIncludeMessage" ruleset="Best Practices" package="org.junit.platform.commons.util" class="ReflectionUtilsTests" method="findMethodsWithShadowingUsingHierarchyDownMode" externalInfoUrl="https://pmd.github.io/pmd/pmd_rules_java_bestpractices.html#junitassertionsshouldincludemessage" priority="3">
JUnit assertions should include a message
</violation>
<violation beginline="882" endline="882" begincolumn="3" endcolumn="12" rule="JUnitAssertionsShouldIncludeMessage" ruleset="Best Practices" package="org.junit.platform.commons.util" class="ReflectionUtilsTests" method="findMethodsWithShadowingUsingHierarchyDownMode" externalInfoUrl="https://pmd.github.io/pmd/pmd_rules_java_bestpractices.html#junitassertionsshouldincludemessage" priority="3">
JUnit assertions should include a message
</violation>
<violation beginline="887" endline="887" begincolumn="3" endcolumn="14" rule="JUnitAssertionsShouldIncludeMessage" ruleset="Best Practices" package="org.junit.platform.commons.util" class="ReflectionUtilsTests" method="findMethodsWithShadowingUsingHierarchyDownMode" externalInfoUrl="https://pmd.github.io/pmd/pmd_rules_java_bestpractices.html#junitassertionsshouldincludemessage" priority="3">
JUnit assertions should include a message
</violation>
<violation beginline="888" endline="888" begincolumn="3" endcolumn="14" rule="JUnitAssertionsShouldIncludeMessage" ruleset="Best Practices" package="org.junit.platform.commons.util" class="ReflectionUtilsTests" method="findMethodsWithShadowingUsingHierarchyDownMode" externalInfoUrl="https://pmd.github.io/pmd/pmd_rules_java_bestpractices.html#junitassertionsshouldincludemessage" priority="3">
JUnit assertions should include a message
</violation>
<violation beginline="889" endline="889" begincolumn="3" endcolumn="12" rule="JUnitAssertionsShouldIncludeMessage" ruleset="Best Practices" package="org.junit.platform.commons.util" class="ReflectionUtilsTests" method="findMethodsWithShadowingUsingHierarchyDownMode" externalInfoUrl="https://pmd.github.io/pmd/pmd_rules_java_bestpractices.html#junitassertionsshouldincludemessage" priority="3">
JUnit assertions should include a message
</violation>
<violation beginline="898" endline="898" begincolumn="64" endcolumn="72" rule="SignatureDeclareThrowsException" ruleset="Design" package="org.junit.platform.commons.util" class="ReflectionUtilsTests" method="findMethodsWithStaticHidingUsingHierarchyUpMode" externalInfoUrl="https://pmd.github.io/pmd/pmd_rules_java_design.html#signaturedeclarethrowsexception" priority="3">
A method/constructor should not explicitly throw java.lang.Exception
</violation>
<violation beginline="898" endline="920" begincolumn="2" endcolumn="2" rule="JUnitTestContainsTooManyAsserts" ruleset="Best Practices" package="org.junit.platform.commons.util" class="ReflectionUtilsTests" method="findMethodsWithStaticHidingUsingHierarchyUpMode" externalInfoUrl="https://pmd.github.io/pmd/pmd_rules_java_bestpractices.html#junittestcontainstoomanyasserts" priority="3">
Unit tests should not contain more than 1 assert(s).
</violation>
<violation beginline="911" endline="911" begincolumn="3" endcolumn="12" rule="JUnitAssertionsShouldIncludeMessage" ruleset="Best Practices" package="org.junit.platform.commons.util" class="ReflectionUtilsTests" method="findMethodsWithStaticHidingUsingHierarchyUpMode" externalInfoUrl="https://pmd.github.io/pmd/pmd_rules_java_bestpractices.html#junitassertionsshouldincludemessage" priority="3">
JUnit assertions should include a message
</violation>
<violation beginline="913" endline="913" begincolumn="3" endcolumn="12" rule="JUnitAssertionsShouldIncludeMessage" ruleset="Best Practices" package="org.junit.platform.commons.util" class="ReflectionUtilsTests" method="findMethodsWithStaticHidingUsingHierarchyUpMode" externalInfoUrl="https://pmd.github.io/pmd/pmd_rules_java_bestpractices.html#junitassertionsshouldincludemessage" priority="3">
JUnit assertions should include a message
</violation>
<violation beginline="916" endline="916" begincolumn="3" endcolumn="14" rule="JUnitAssertionsShouldIncludeMessage" ruleset="Best Practices" package="org.junit.platform.commons.util" class="ReflectionUtilsTests" method="findMethodsWithStaticHidingUsingHierarchyUpMode" externalInfoUrl="https://pmd.github.io/pmd/pmd_rules_java_bestpractices.html#junitassertionsshouldincludemessage" priority="3">
JUnit assertions should include a message
</violation>
<violation beginline="918" endline="918" begincolumn="3" endcolumn="12" rule="JUnitAssertionsShouldIncludeMessage" ruleset="Best Practices" package="org.junit.platform.commons.util" class="ReflectionUtilsTests" method="findMethodsWithStaticHidingUsingHierarchyUpMode" externalInfoUrl="https://pmd.github.io/pmd/pmd_rules_java_bestpractices.html#junitassertionsshouldincludemessage" priority="3">
JUnit assertions should include a message
</violation>
<violation beginline="919" endline="919" begincolumn="3" endcolumn="14" rule="JUnitAssertionsShouldIncludeMessage" ruleset="Best Practices" package="org.junit.platform.commons.util" class="ReflectionUtilsTests" method="findMethodsWithStaticHidingUsingHierarchyUpMode" externalInfoUrl="https://pmd.github.io/pmd/pmd_rules_java_bestpractices.html#junitassertionsshouldincludemessage" priority="3">
JUnit assertions should include a message
</violation>
<violation beginline="923" endline="923" begincolumn="66" endcolumn="74" rule="SignatureDeclareThrowsException" ruleset="Design" package="org.junit.platform.commons.util" class="ReflectionUtilsTests" method="findMethodsWithStaticHidingUsingHierarchyDownMode" externalInfoUrl="https://pmd.github.io/pmd/pmd_rules_java_design.html#signaturedeclarethrowsexception" priority="3">
A method/constructor should not explicitly throw java.lang.Exception
</violation>
<violation beginline="923" endline="945" begincolumn="2" endcolumn="2" rule="JUnitTestContainsTooManyAsserts" ruleset="Best Practices" package="org.junit.platform.commons.util" class="ReflectionUtilsTests" method="findMethodsWithStaticHidingUsingHierarchyDownMode" externalInfoUrl="https://pmd.github.io/pmd/pmd_rules_java_bestpractices.html#junittestcontainstoomanyasserts" priority="3">
Unit tests should not contain more than 1 assert(s).
</violation>
<violation beginline="936" endline="936" begincolumn="3" endcolumn="12" rule="JUnitAssertionsShouldIncludeMessage" ruleset="Best Practices" package="org.junit.platform.commons.util" class="ReflectionUtilsTests" method="findMethodsWithStaticHidingUsingHierarchyDownMode" externalInfoUrl="https://pmd.github.io/pmd/pmd_rules_java_bestpractices.html#junitassertionsshouldincludemessage" priority="3">
JUnit assertions should include a message
</violation>
<violation beginline="938" endline="938" begincolumn="3" endcolumn="12" rule="JUnitAssertionsShouldIncludeMessage" ruleset="Best Practices" package="org.junit.platform.commons.util" class="ReflectionUtilsTests" method="findMethodsWithStaticHidingUsingHierarchyDownMode" externalInfoUrl="https://pmd.github.io/pmd/pmd_rules_java_bestpractices.html#junitassertionsshouldincludemessage" priority="3">
JUnit assertions should include a message
</violation>
<violation beginline="941" endline="941" begincolumn="3" endcolumn="14" rule="JUnitAssertionsShouldIncludeMessage" ruleset="Best Practices" package="org.junit.platform.commons.util" class="ReflectionUtilsTests" method="findMethodsWithStaticHidingUsingHierarchyDownMode" externalInfoUrl="https://pmd.github.io/pmd/pmd_rules_java_bestpractices.html#junitassertionsshouldincludemessage" priority="3">
JUnit assertions should include a message
</violation>
<violation beginline="942" endline="942" begincolumn="3" endcolumn="14" rule="JUnitAssertionsShouldIncludeMessage" ruleset="Best Practices" package="org.junit.platform.commons.util" class="ReflectionUtilsTests" method="findMethodsWithStaticHidingUsingHierarchyDownMode" externalInfoUrl="https://pmd.github.io/pmd/pmd_rules_java_bestpractices.html#junitassertionsshouldincludemessage" priority="3">
JUnit assertions should include a message
</violation>
<violation beginline="943" endline="943" begincolumn="3" endcolumn="12" rule="JUnitAssertionsShouldIncludeMessage" ruleset="Best Practices" package="org.junit.platform.commons.util" class="ReflectionUtilsTests" method="findMethodsWithStaticHidingUsingHierarchyDownMode" externalInfoUrl="https://pmd.github.io/pmd/pmd_rules_java_bestpractices.html#junitassertionsshouldincludemessage" priority="3">
JUnit assertions should include a message
</violation>
<violation beginline="948" endline="948" begincolumn="73" endcolumn="81" rule="SignatureDeclareThrowsException" ruleset="Design" package="org.junit.platform.commons.util" class="ReflectionUtilsTests" method="findMethodsReturnsAllOverloadedMethodsThatAreNotShadowed" externalInfoUrl="https://pmd.github.io/pmd/pmd_rules_java_design.html#signaturedeclarethrowsexception" priority="3">
A method/constructor should not explicitly throw java.lang.Exception
</violation>
<violation beginline="958" endline="958" begincolumn="3" endcolumn="12" rule="JUnitAssertionsShouldIncludeMessage" ruleset="Best Practices" package="org.junit.platform.commons.util" class="ReflectionUtilsTests" method="findMethodsReturnsAllOverloadedMethodsThatAreNotShadowed" externalInfoUrl="https://pmd.github.io/pmd/pmd_rules_java_bestpractices.html#junitassertionsshouldincludemessage" priority="3">
JUnit assertions should include a message
</violation>
<violation beginline="962" endline="962" begincolumn="65" endcolumn="73" rule="SignatureDeclareThrowsException" ruleset="Design" package="org.junit.platform.commons.util" class="ReflectionUtilsTests" method="findMethodsDoesNotReturnOverriddenDefaultMethods" externalInfoUrl="https://pmd.github.io/pmd/pmd_rules_java_design.html#signaturedeclarethrowsexception" priority="3">
A method/constructor should not explicitly throw java.lang.Exception
</violation>
<violation beginline="962" endline="974" begincolumn="2" endcolumn="2" rule="JUnitTestContainsTooManyAsserts" ruleset="Best Practices" package="org.junit.platform.commons.util" class="ReflectionUtilsTests" method="findMethodsDoesNotReturnOverriddenDefaultMethods" externalInfoUrl="https://pmd.github.io/pmd/pmd_rules_java_bestpractices.html#junittestcontainstoomanyasserts" priority="3">
Unit tests should not contain more than 1 assert(s).
</violation>
<violation beginline="973" endline="973" begincolumn="3" endcolumn="12" rule="JUnitAssertionsShouldIncludeMessage" ruleset="Best Practices" package="org.junit.platform.commons.util" class="ReflectionUtilsTests" method="findMethodsDoesNotReturnOverriddenDefaultMethods" externalInfoUrl="https://pmd.github.io/pmd/pmd_rules_java_bestpractices.html#junitassertionsshouldincludemessage" priority="3">
JUnit assertions should include a message
</violation>
<violation beginline="985" endline="985" begincolumn="48" endcolumn="56" rule="SignatureDeclareThrowsException" ruleset="Design" package="org.junit.platform.commons.util" class="ReflectionUtilsTests" method="findMethodsIgnoresBridgeMethods" externalInfoUrl="https://pmd.github.io/pmd/pmd_rules_java_design.html#signaturedeclarethrowsexception" priority="3">
A method/constructor should not explicitly throw java.lang.Exception
</violation>
<violation beginline="985" endline="995" begincolumn="2" endcolumn="2" rule="JUnitTestContainsTooManyAsserts" ruleset="Best Practices" package="org.junit.platform.commons.util" class="ReflectionUtilsTests" method="findMethodsIgnoresBridgeMethods" externalInfoUrl="https://pmd.github.io/pmd/pmd_rules_java_bestpractices.html#junittestcontainstoomanyasserts" priority="3">
Unit tests should not contain more than 1 assert(s).
</violation>
<violation beginline="986" endline="986" begincolumn="3" endcolumn="13" rule="JUnitAssertionsShouldIncludeMessage" ruleset="Best Practices" package="org.junit.platform.commons.util" class="ReflectionUtilsTests" method="findMethodsIgnoresBridgeMethods" externalInfoUrl="https://pmd.github.io/pmd/pmd_rules_java_bestpractices.html#junitassertionsshouldincludemessage" priority="3">
JUnit assertions should include a message
</violation>
<violation beginline="987" endline="987" begincolumn="3" endcolumn="12" rule="JUnitAssertionsShouldIncludeMessage" ruleset="Best Practices" package="org.junit.platform.commons.util" class="ReflectionUtilsTests" method="findMethodsIgnoresBridgeMethods" externalInfoUrl="https://pmd.github.io/pmd/pmd_rules_java_bestpractices.html#junitassertionsshouldincludemessage" priority="3">
JUnit assertions should include a message
</violation>
<violation beginline="988" endline="988" begincolumn="3" endcolumn="12" rule="JUnitAssertionsShouldIncludeMessage" ruleset="Best Practices" package="org.junit.platform.commons.util" class="ReflectionUtilsTests" method="findMethodsIgnoresBridgeMethods" externalInfoUrl="https://pmd.github.io/pmd/pmd_rules_java_bestpractices.html#junitassertionsshouldincludemessage" priority="3">
JUnit assertions should include a message
</violation>
<violation beginline="989" endline="989" begincolumn="3" endcolumn="12" rule="JUnitAssertionsShouldIncludeMessage" ruleset="Best Practices" package="org.junit.platform.commons.util" class="ReflectionUtilsTests" method="findMethodsIgnoresBridgeMethods" externalInfoUrl="https://pmd.github.io/pmd/pmd_rules_java_bestpractices.html#junitassertionsshouldincludemessage" priority="3">
JUnit assertions should include a message
</violation>
<violation beginline="994" endline="994" begincolumn="3" endcolumn="14" rule="JUnitAssertionsShouldIncludeMessage" ruleset="Best Practices" package="org.junit.platform.commons.util" class="ReflectionUtilsTests" method="findMethodsIgnoresBridgeMethods" externalInfoUrl="https://pmd.github.io/pmd/pmd_rules_java_bestpractices.html#junitassertionsshouldincludemessage" priority="3">
JUnit assertions should include a message
</violation>
<violation beginline="998" endline="998" begincolumn="26" endcolumn="34" rule="SignatureDeclareThrowsException" ruleset="Design" package="org.junit.platform.commons.util" class="ReflectionUtilsTests" method="isGeneric" externalInfoUrl="https://pmd.github.io/pmd/pmd_rules_java_design.html#signaturedeclarethrowsexception" priority="3">
A method/constructor should not explicitly throw java.lang.Exception
</violation>
<violation beginline="998" endline="1005" begincolumn="2" endcolumn="2" rule="JUnitTestContainsTooManyAsserts" ruleset="Best Practices" package="org.junit.platform.commons.util" class="ReflectionUtilsTests" method="isGeneric" externalInfoUrl="https://pmd.github.io/pmd/pmd_rules_java_bestpractices.html#junittestcontainstoomanyasserts" priority="3">
Unit tests should not contain more than 1 assert(s).
</violation>
<violation beginline="1000" endline="1000" begincolumn="4" endcolumn="13" rule="JUnitAssertionsShouldIncludeMessage" ruleset="Best Practices" package="org.junit.platform.commons.util" class="ReflectionUtilsTests" method="isGeneric" externalInfoUrl="https://pmd.github.io/pmd/pmd_rules_java_bestpractices.html#junitassertionsshouldincludemessage" priority="3">
JUnit assertions should include a message
</violation>
<violation beginline="1003" endline="1003" begincolumn="4" endcolumn="14" rule="JUnitAssertionsShouldIncludeMessage" ruleset="Best Practices" package="org.junit.platform.commons.util" class="ReflectionUtilsTests" method="isGeneric" externalInfoUrl="https://pmd.github.io/pmd/pmd_rules_java_bestpractices.html#junitassertionsshouldincludemessage" priority="3">
JUnit assertions should include a message
</violation>
<violation beginline="1015" endline="1015" begincolumn="32" endcolumn="41" rule="UseVarargs" ruleset="Best Practices" package="org.junit.platform.commons.util" class="ReflectionUtilsTests" method="methodWithPrimitiveArray" variable="nums" externalInfoUrl="https://pmd.github.io/pmd/pmd_rules_java_bestpractices.html#usevarargs" priority="4">
Consider using varargs for methods or constructors which take an array the last parameter.
</violation>
<violation beginline="1015" endline="1016" begincolumn="44" endcolumn="2" rule="UncommentedEmptyMethodBody" ruleset="Documentation" package="org.junit.platform.commons.util" class="ReflectionUtilsTests" method="methodWithPrimitiveArray" externalInfoUrl="https://pmd.github.io/pmd/pmd_rules_java_documentation.html#uncommentedemptymethodbody" priority="3">
Document empty method body
</violation>
<violation beginline="1015" endline="1016" begincolumn="2" endcolumn="2" rule="DefaultPackage" ruleset="Code Style" package="org.junit.platform.commons.util" class="ReflectionUtilsTests" externalInfoUrl="https://pmd.github.io/pmd/pmd_rules_java_codestyle.html#defaultpackage" priority="3">
Use explicit scoping instead of the default package private level
</violation>
<violation beginline="1018" endline="1018" begincolumn="46" endcolumn="57" rule="UseVarargs" ruleset="Best Practices" package="org.junit.platform.commons.util" class="ReflectionUtilsTests" method="methodWithTwoDimensionalPrimitiveArray" variable="grid" externalInfoUrl="https://pmd.github.io/pmd/pmd_rules_java_bestpractices.html#usevarargs" priority="4">
Consider using varargs for methods or constructors which take an array the last parameter.
</violation>
<violation beginline="1018" endline="1019" begincolumn="60" endcolumn="2" rule="UncommentedEmptyMethodBody" ruleset="Documentation" package="org.junit.platform.commons.util" class="ReflectionUtilsTests" method="methodWithTwoDimensionalPrimitiveArray" externalInfoUrl="https://pmd.github.io/pmd/pmd_rules_java_documentation.html#uncommentedemptymethodbody" priority="3">
Document empty method body
</violation>
<violation beginline="1018" endline="1019" begincolumn="2" endcolumn="2" rule="DefaultPackage" ruleset="Code Style" package="org.junit.platform.commons.util" class="ReflectionUtilsTests" externalInfoUrl="https://pmd.github.io/pmd/pmd_rules_java_codestyle.html#defaultpackage" priority="3">
Use explicit scoping instead of the default package private level
</violation>
<violation beginline="1021" endline="1021" begincolumn="48" endcolumn="65" rule="UseVarargs" ruleset="Best Practices" package="org.junit.platform.commons.util" class="ReflectionUtilsTests" method="methodWithMultidimensionalPrimitiveArray" variable="grid" externalInfoUrl="https://pmd.github.io/pmd/pmd_rules_java_bestpractices.html#usevarargs" priority="4">
Consider using varargs for methods or constructors which take an array the last parameter.
</violation>
<violation beginline="1021" endline="1022" begincolumn="68" endcolumn="2" rule="UncommentedEmptyMethodBody" ruleset="Documentation" package="org.junit.platform.commons.util" class="ReflectionUtilsTests" method="methodWithMultidimensionalPrimitiveArray" externalInfoUrl="https://pmd.github.io/pmd/pmd_rules_java_documentation.html#uncommentedemptymethodbody" priority="3">
Document empty method body
</violation>
<violation beginline="1021" endline="1022" begincolumn="2" endcolumn="2" rule="DefaultPackage" ruleset="Code Style" package="org.junit.platform.commons.util" class="ReflectionUtilsTests" externalInfoUrl="https://pmd.github.io/pmd/pmd_rules_java_codestyle.html#defaultpackage" priority="3">
Use explicit scoping instead of the default package private level
</violation>
<violation beginline="1024" endline="1024" begincolumn="29" endcolumn="41" rule="UseVarargs" ruleset="Best Practices" package="org.junit.platform.commons.util" class="ReflectionUtilsTests" method="methodWithObjectArray" variable="info" externalInfoUrl="https://pmd.github.io/pmd/pmd_rules_java_bestpractices.html#usevarargs" priority="4">
Consider using varargs for methods or constructors which take an array the last parameter.
</violation>
<violation beginline="1024" endline="1025" begincolumn="44" endcolumn="2" rule="UncommentedEmptyMethodBody" ruleset="Documentation" package="org.junit.platform.commons.util" class="ReflectionUtilsTests" method="methodWithObjectArray" externalInfoUrl="https://pmd.github.io/pmd/pmd_rules_java_documentation.html#uncommentedemptymethodbody" priority="3">
Document empty method body
</violation>
<violation beginline="1024" endline="1025" begincolumn="2" endcolumn="2" rule="DefaultPackage" ruleset="Code Style" package="org.junit.platform.commons.util" class="ReflectionUtilsTests" externalInfoUrl="https://pmd.github.io/pmd/pmd_rules_java_codestyle.html#defaultpackage" priority="3">
Use explicit scoping instead of the default package private level
</violation>
<violation beginline="1027" endline="1027" begincolumn="43" endcolumn="57" rule="UseVarargs" ruleset="Best Practices" package="org.junit.platform.commons.util" class="ReflectionUtilsTests" method="methodWithTwoDimensionalObjectArray" variable="info" externalInfoUrl="https://pmd.github.io/pmd/pmd_rules_java_bestpractices.html#usevarargs" priority="4">
Consider using varargs for methods or constructors which take an array the last parameter.
</violation>
<violation beginline="1027" endline="1028" begincolumn="60" endcolumn="2" rule="UncommentedEmptyMethodBody" ruleset="Documentation" package="org.junit.platform.commons.util" class="ReflectionUtilsTests" method="methodWithTwoDimensionalObjectArray" externalInfoUrl="https://pmd.github.io/pmd/pmd_rules_java_documentation.html#uncommentedemptymethodbody" priority="3">
Document empty method body
</violation>
<violation beginline="1027" endline="1028" begincolumn="2" endcolumn="2" rule="DefaultPackage" ruleset="Code Style" package="org.junit.platform.commons.util" class="ReflectionUtilsTests" externalInfoUrl="https://pmd.github.io/pmd/pmd_rules_java_codestyle.html#defaultpackage" priority="3">
Use explicit scoping instead of the default package private level
</violation>
<violation beginline="1030" endline="1030" begincolumn="45" endcolumn="65" rule="UseVarargs" ruleset="Best Practices" package="org.junit.platform.commons.util" class="ReflectionUtilsTests" method="methodWithMultidimensionalObjectArray" variable="data" externalInfoUrl="https://pmd.github.io/pmd/pmd_rules_java_bestpractices.html#usevarargs" priority="4">
Consider using varargs for methods or constructors which take an array the last parameter.
</violation>
<violation beginline="1030" endline="1031" begincolumn="68" endcolumn="2" rule="UncommentedEmptyMethodBody" ruleset="Documentation" package="org.junit.platform.commons.util" class="ReflectionUtilsTests" method="methodWithMultidimensionalObjectArray" externalInfoUrl="https://pmd.github.io/pmd/pmd_rules_java_documentation.html#uncommentedemptymethodbody" priority="3">
Document empty method body
</violation>
<violation beginline="1030" endline="1031" begincolumn="2" endcolumn="2" rule="DefaultPackage" ruleset="Code Style" package="org.junit.platform.commons.util" class="ReflectionUtilsTests" externalInfoUrl="https://pmd.github.io/pmd/pmd_rules_java_codestyle.html#defaultpackage" priority="3">
Use explicit scoping instead of the default package private level
</violation>
<violation beginline="1033" endline="1034" begincolumn="59" endcolumn="2" rule="UncommentedEmptyMethodBody" ruleset="Documentation" package="org.junit.platform.commons.util" class="ReflectionUtilsTests" method="methodWithParameterizedMap" externalInfoUrl="https://pmd.github.io/pmd/pmd_rules_java_documentation.html#uncommentedemptymethodbody" priority="3">
Document empty method body
</violation>
<violation beginline="1033" endline="1034" begincolumn="2" endcolumn="2" rule="DefaultPackage" ruleset="Code Style" package="org.junit.platform.commons.util" class="ReflectionUtilsTests" externalInfoUrl="https://pmd.github.io/pmd/pmd_rules_java_codestyle.html#defaultpackage" priority="3">
Use explicit scoping instead of the default package private level
</violation>
<violation beginline="1042" endline="1042" begincolumn="9" endcolumn="18" rule="UseVarargs" ruleset="Best Practices" package="org.junit.platform.commons.util" class="ReflectionUtilsTests$Generic" method="foo" variable="zees" externalInfoUrl="https://pmd.github.io/pmd/pmd_rules_java_bestpractices.html#usevarargs" priority="4">
Consider using varargs for methods or constructors which take an array the last parameter.
</violation>
<violation beginline="1053" endline="1053" begincolumn="3" endcolumn="45" rule="DefaultPackage" ruleset="Code Style" package="org.junit.platform.commons.util" class="ReflectionUtilsTests$ClassWithSyntheticMethod" externalInfoUrl="https://pmd.github.io/pmd/pmd_rules_java_codestyle.html#defaultpackage" priority="3">
Use explicit scoping instead of the default package private level
</violation>
<violation beginline="1063" endline="1064" begincolumn="22" endcolumn="3" rule="UncommentedEmptyMethodBody" ruleset="Documentation" package="org.junit.platform.commons.util" class="ReflectionUtilsTests$InterfaceWithDefaultMethod" method="foo" externalInfoUrl="https://pmd.github.io/pmd/pmd_rules_java_documentation.html#uncommentedemptymethodbody" priority="3">
Document empty method body
</violation>
<violation beginline="1072" endline="1073" begincolumn="30" endcolumn="3" rule="UncommentedEmptyMethodBody" ruleset="Documentation" package="org.junit.platform.commons.util" class="ReflectionUtilsTests$InterfaceWithGenericDefaultMethod" method="foo" externalInfoUrl="https://pmd.github.io/pmd/pmd_rules_java_documentation.html#uncommentedemptymethodbody" priority="3">
Document empty method body
</violation>
<violation beginline="1078" endline="1079" begincolumn="27" endcolumn="3" rule="UncommentedEmptyMethodBody" ruleset="Documentation" package="org.junit.platform.commons.util" class="ReflectionUtilsTests$InterfaceWithGenericDefaultMethodImpl" method="foo" externalInfoUrl="https://pmd.github.io/pmd/pmd_rules_java_documentation.html#uncommentedemptymethodbody" priority="3">
Document empty method body
</violation>
<violation beginline="1078" endline="1079" begincolumn="3" endcolumn="3" rule="DefaultPackage" ruleset="Code Style" package="org.junit.platform.commons.util" class="ReflectionUtilsTests$InterfaceWithGenericDefaultMethodImpl" externalInfoUrl="https://pmd.github.io/pmd/pmd_rules_java_codestyle.html#defaultpackage" priority="3">
Use explicit scoping instead of the default package private level
</violation>
<violation beginline="1085" endline="1086" begincolumn="32" endcolumn="3" rule="UncommentedEmptyMethodBody" ruleset="Documentation" package="org.junit.platform.commons.util" class="ReflectionUtilsTests$InterfaceWithOverriddenGenericDefaultMethodImpl" method="foo" externalInfoUrl="https://pmd.github.io/pmd/pmd_rules_java_documentation.html#uncommentedemptymethodbody" priority="3">
Document empty method body
</violation>
<violation beginline="1088" endline="1089" begincolumn="27" endcolumn="3" rule="UncommentedEmptyMethodBody" ruleset="Documentation" package="org.junit.platform.commons.util" class="ReflectionUtilsTests$InterfaceWithOverriddenGenericDefaultMethodImpl" method="foo" externalInfoUrl="https://pmd.github.io/pmd/pmd_rules_java_documentation.html#uncommentedemptymethodbody" priority="3">
Document empty method body
</violation>
<violation beginline="1088" endline="1089" begincolumn="3" endcolumn="3" rule="DefaultPackage" ruleset="Code Style" package="org.junit.platform.commons.util" class="ReflectionUtilsTests$InterfaceWithOverriddenGenericDefaultMethodImpl" externalInfoUrl="https://pmd.github.io/pmd/pmd_rules_java_codestyle.html#defaultpackage" priority="3">
Use explicit scoping instead of the default package private level
</violation>
<violation beginline="1094" endline="1095" begincolumn="21" endcolumn="3" rule="UncommentedEmptyMethodBody" ruleset="Documentation" package="org.junit.platform.commons.util" class="ReflectionUtilsTests$InterfaceWithStaticMethod" method="foo" externalInfoUrl="https://pmd.github.io/pmd/pmd_rules_java_documentation.html#uncommentedemptymethodbody" priority="3">
Document empty method body
</violation>
<violation beginline="1113" endline="1114" begincolumn="9" endcolumn="2" rule="ShortClassName" ruleset="Code Style" package="org.junit.platform.commons.util" class="ReflectionUtilsTests$A" externalInfoUrl="https://pmd.github.io/pmd/pmd_rules_java_codestyle.html#shortclassname" priority="4">
Avoid short class names like A
</violation>
<violation beginline="1116" endline="1117" begincolumn="9" endcolumn="2" rule="ShortClassName" ruleset="Code Style" package="org.junit.platform.commons.util" class="ReflectionUtilsTests$B" externalInfoUrl="https://pmd.github.io/pmd/pmd_rules_java_codestyle.html#shortclassname" priority="4">
Avoid short class names like B
</violation>
<violation beginline="1119" endline="1127" begincolumn="9" endcolumn="2" rule="ShortClassName" ruleset="Code Style" package="org.junit.platform.commons.util" class="ReflectionUtilsTests$C" externalInfoUrl="https://pmd.github.io/pmd/pmd_rules_java_codestyle.html#shortclassname" priority="4">
Avoid short class names like C
</violation>
<violation beginline="1121" endline="1122" begincolumn="3" endcolumn="3" rule="UncommentedEmptyConstructor" ruleset="Documentation" package="org.junit.platform.commons.util" class="ReflectionUtilsTests$C" method="C" externalInfoUrl="https://pmd.github.io/pmd/pmd_rules_java_documentation.html#uncommentedemptyconstructor" priority="3">
Document empty constructor
</violation>
<violation beginline="1124" endline="1125" begincolumn="3" endcolumn="3" rule="UncommentedEmptyConstructor" ruleset="Documentation" package="org.junit.platform.commons.util" class="ReflectionUtilsTests$C" method="C" externalInfoUrl="https://pmd.github.io/pmd/pmd_rules_java_documentation.html#uncommentedemptyconstructor" priority="3">
Document empty constructor
</violation>
<violation beginline="1132" endline="1132" begincolumn="14" endcolumn="29" rule="AvoidThrowingRawExceptionTypes" ruleset="Design" package="org.junit.platform.commons.util" class="ReflectionUtilsTests$Exploder" method="Exploder" externalInfoUrl="https://pmd.github.io/pmd/pmd_rules_java_design.html#avoidthrowingrawexceptiontypes" priority="1">
Avoid throwing raw exception types.
</violation>
<violation beginline="1139" endline="1139" begincolumn="3" endcolumn="18" rule="DefaultPackage" ruleset="Code Style" package="org.junit.platform.commons.util" class="ReflectionUtilsTests$MyClass" externalInfoUrl="https://pmd.github.io/pmd/pmd_rules_java_codestyle.html#defaultpackage" priority="3">
Use explicit scoping instead of the default package private level
</violation>
<violation beginline="1149" endline="1150" begincolumn="30" endcolumn="3" rule="UncommentedEmptyMethodBody" ruleset="Documentation" package="org.junit.platform.commons.util" class="ReflectionUtilsTests$PublicClass" method="publicMethod" externalInfoUrl="https://pmd.github.io/pmd/pmd_rules_java_documentation.html#uncommentedemptymethodbody" priority="3">
Document empty method body
</violation>
<violation beginline="1152" endline="1153" begincolumn="47" endcolumn="3" rule="UncommentedEmptyMethodBody" ruleset="Documentation" package="org.junit.platform.commons.util" class="ReflectionUtilsTests$PublicClass" method="method" externalInfoUrl="https://pmd.github.io/pmd/pmd_rules_java_documentation.html#uncommentedemptymethodbody" priority="3">
Document empty method body
</violation>
<violation beginline="1155" endline="1155" begincolumn="40" endcolumn="53" rule="UseVarargs" ruleset="Best Practices" package="org.junit.platform.commons.util" class="ReflectionUtilsTests$PublicClass" method="method" variable="nums" externalInfoUrl="https://pmd.github.io/pmd/pmd_rules_java_bestpractices.html#usevarargs" priority="4">
Consider using varargs for methods or constructors which take an array the last parameter.
</violation>
<violation beginline="1155" endline="1156" begincolumn="56" endcolumn="3" rule="UncommentedEmptyMethodBody" ruleset="Documentation" package="org.junit.platform.commons.util" class="ReflectionUtilsTests$PublicClass" method="method" externalInfoUrl="https://pmd.github.io/pmd/pmd_rules_java_documentation.html#uncommentedemptymethodbody" priority="3">
Document empty method body
</violation>
<violation beginline="1158" endline="1159" begincolumn="41" endcolumn="3" rule="UncommentedEmptyMethodBody" ruleset="Documentation" package="org.junit.platform.commons.util" class="ReflectionUtilsTests$PublicClass" method="method" externalInfoUrl="https://pmd.github.io/pmd/pmd_rules_java_documentation.html#uncommentedemptymethodbody" priority="3">
Document empty method body
</violation>
<violation beginline="1161" endline="1161" begincolumn="41" endcolumn="50" rule="UseVarargs" ruleset="Best Practices" package="org.junit.platform.commons.util" class="ReflectionUtilsTests$PublicClass" method="method" variable="nums" externalInfoUrl="https://pmd.github.io/pmd/pmd_rules_java_bestpractices.html#usevarargs" priority="4">
Consider using varargs for methods or constructors which take an array the last parameter.
</violation>
<violation beginline="1161" endline="1162" begincolumn="53" endcolumn="3" rule="UncommentedEmptyMethodBody" ruleset="Documentation" package="org.junit.platform.commons.util" class="ReflectionUtilsTests$PublicClass" method="method" externalInfoUrl="https://pmd.github.io/pmd/pmd_rules_java_documentation.html#uncommentedemptymethodbody" priority="3">
Document empty method body
</violation>
<violation beginline="1167" endline="1167" begincolumn="21" endcolumn="28" rule="AvoidDuplicateLiterals" ruleset="Error Prone" package="org.junit.platform.commons.util" class="ReflectionUtilsTests$PrivateClass" externalInfoUrl="https://pmd.github.io/pmd/pmd_rules_java_errorprone.html#avoidduplicateliterals" priority="3">
The String literal "unused" appears 5 times in this file; the first occurrence is on line 1.167
</violation>
<violation beginline="1168" endline="1169" begincolumn="32" endcolumn="3" rule="UncommentedEmptyMethodBody" ruleset="Documentation" package="org.junit.platform.commons.util" class="ReflectionUtilsTests$PrivateClass" method="privateMethod" externalInfoUrl="https://pmd.github.io/pmd/pmd_rules_java_documentation.html#uncommentedemptymethodbody" priority="3">
Document empty method body
</violation>
<violation beginline="1174" endline="1174" begincolumn="3" endcolumn="33" rule="DefaultPackage" ruleset="Code Style" package="org.junit.platform.commons.util" class="ReflectionUtilsTests$AbstractClass" externalInfoUrl="https://pmd.github.io/pmd/pmd_rules_java_codestyle.html#defaultpackage" priority="3">
Use explicit scoping instead of the default package private level
</violation>
<violation beginline="1179" endline="1180" begincolumn="30" endcolumn="3" rule="UncommentedEmptyMethodBody" ruleset="Documentation" package="org.junit.platform.commons.util" class="ReflectionUtilsTests$StaticClass" method="staticMethod" externalInfoUrl="https://pmd.github.io/pmd/pmd_rules_java_documentation.html#uncommentedemptymethodbody" priority="3">
Document empty method body
</violation>
<violation beginline="1179" endline="1180" begincolumn="3" endcolumn="3" rule="DefaultPackage" ruleset="Code Style" package="org.junit.platform.commons.util" class="ReflectionUtilsTests$StaticClass" externalInfoUrl="https://pmd.github.io/pmd/pmd_rules_java_codestyle.html#defaultpackage" priority="3">
Use explicit scoping instead of the default package private level
</violation>
<violation beginline="1185" endline="1186" begincolumn="21" endcolumn="3" rule="UncommentedEmptyMethodBody" ruleset="Documentation" package="org.junit.platform.commons.util" class="ReflectionUtilsTests$ClassWithVoidAndNonVoidMethods" method="voidMethod" externalInfoUrl="https://pmd.github.io/pmd/pmd_rules_java_documentation.html#uncommentedemptymethodbody" priority="3">
Document empty method body
</violation>
<violation beginline="1185" endline="1186" begincolumn="3" endcolumn="3" rule="DefaultPackage" ruleset="Code Style" package="org.junit.platform.commons.util" class="ReflectionUtilsTests$ClassWithVoidAndNonVoidMethods" externalInfoUrl="https://pmd.github.io/pmd/pmd_rules_java_codestyle.html#defaultpackage" priority="3">
Use explicit scoping instead of the default package private level
</violation>
<violation beginline="1188" endline="1190" begincolumn="3" endcolumn="3" rule="DefaultPackage" ruleset="Code Style" package="org.junit.platform.commons.util" class="ReflectionUtilsTests$ClassWithVoidAndNonVoidMethods" externalInfoUrl="https://pmd.github.io/pmd/pmd_rules_java_codestyle.html#defaultpackage" priority="3">
Use explicit scoping instead of the default package private level
</violation>
<violation beginline="1192" endline="1194" begincolumn="3" endcolumn="3" rule="DefaultPackage" ruleset="Code Style" package="org.junit.platform.commons.util" class="ReflectionUtilsTests$ClassWithVoidAndNonVoidMethods" externalInfoUrl="https://pmd.github.io/pmd/pmd_rules_java_codestyle.html#defaultpackage" priority="3">
Use explicit scoping instead of the default package private level
</violation>
<violation beginline="1196" endline="1198" begincolumn="3" endcolumn="3" rule="DefaultPackage" ruleset="Code Style" package="org.junit.platform.commons.util" class="ReflectionUtilsTests$ClassWithVoidAndNonVoidMethods" externalInfoUrl="https://pmd.github.io/pmd/pmd_rules_java_codestyle.html#defaultpackage" priority="3">
Use explicit scoping instead of the default package private level
</violation>
<violation beginline="1204" endline="1204" begincolumn="3" endcolumn="43" rule="DefaultPackage" ruleset="Code Style" package="org.junit.platform.commons.util" class="ReflectionUtilsTests$InvocationTracker" externalInfoUrl="https://pmd.github.io/pmd/pmd_rules_java_codestyle.html#defaultpackage" priority="3">
Use explicit scoping instead of the default package private level
</violation>
<violation beginline="1205" endline="1205" begincolumn="3" endcolumn="44" rule="DefaultPackage" ruleset="Code Style" package="org.junit.platform.commons.util" class="ReflectionUtilsTests$InvocationTracker" externalInfoUrl="https://pmd.github.io/pmd/pmd_rules_java_codestyle.html#defaultpackage" priority="3">
Use explicit scoping instead of the default package private level
</violation>
<violation beginline="1207" endline="1207" begincolumn="3" endcolumn="30" rule="DefaultPackage" ruleset="Code Style" package="org.junit.platform.commons.util" class="ReflectionUtilsTests$InvocationTracker" externalInfoUrl="https://pmd.github.io/pmd/pmd_rules_java_codestyle.html#defaultpackage" priority="3">
Use explicit scoping instead of the default package private level
</violation>
<violation beginline="1208" endline="1208" begincolumn="3" endcolumn="31" rule="DefaultPackage" ruleset="Code Style" package="org.junit.platform.commons.util" class="ReflectionUtilsTests$InvocationTracker" externalInfoUrl="https://pmd.github.io/pmd/pmd_rules_java_codestyle.html#defaultpackage" priority="3">
Use explicit scoping instead of the default package private level
</violation>
<violation beginline="1267" endline="1268" begincolumn="25" endcolumn="3" rule="UncommentedEmptyMethodBody" ruleset="Documentation" package="org.junit.platform.commons.util" class="ReflectionUtilsTests$GrandparentClass" method="method1" externalInfoUrl="https://pmd.github.io/pmd/pmd_rules_java_documentation.html#uncommentedemptymethodbody" priority="3">
Document empty method body
</violation>
<violation beginline="1270" endline="1271" begincolumn="30" endcolumn="3" rule="UncommentedEmptyMethodBody" ruleset="Documentation" package="org.junit.platform.commons.util" class="ReflectionUtilsTests$GrandparentClass" method="otherMethod1" externalInfoUrl="https://pmd.github.io/pmd/pmd_rules_java_documentation.html#uncommentedemptymethodbody" priority="3">
Document empty method body
</violation>
<violation beginline="1276" endline="1277" begincolumn="26" endcolumn="3" rule="UncommentedEmptyMethodBody" ruleset="Documentation" package="org.junit.platform.commons.util" class="ReflectionUtilsTests$GrandparentInterface" method="method2" externalInfoUrl="https://pmd.github.io/pmd/pmd_rules_java_documentation.html#uncommentedemptymethodbody" priority="3">
Document empty method body
</violation>
<violation beginline="1282" endline="1283" begincolumn="25" endcolumn="3" rule="UncommentedEmptyMethodBody" ruleset="Documentation" package="org.junit.platform.commons.util" class="ReflectionUtilsTests$ParentClass" method="method3" externalInfoUrl="https://pmd.github.io/pmd/pmd_rules_java_documentation.html#uncommentedemptymethodbody" priority="3">
Document empty method body
</violation>
<violation beginline="1285" endline="1286" begincolumn="30" endcolumn="3" rule="UncommentedEmptyMethodBody" ruleset="Documentation" package="org.junit.platform.commons.util" class="ReflectionUtilsTests$ParentClass" method="otherMethod2" externalInfoUrl="https://pmd.github.io/pmd/pmd_rules_java_documentation.html#uncommentedemptymethodbody" priority="3">
Document empty method body
</violation>
<violation beginline="1291" endline="1292" begincolumn="25" endcolumn="3" rule="UncommentedEmptyMethodBody" ruleset="Documentation" package="org.junit.platform.commons.util" class="ReflectionUtilsTests$ChildClass" method="method4" externalInfoUrl="https://pmd.github.io/pmd/pmd_rules_java_documentation.html#uncommentedemptymethodbody" priority="3">
Document empty method body
</violation>
<violation beginline="1294" endline="1295" begincolumn="30" endcolumn="3" rule="UncommentedEmptyMethodBody" ruleset="Documentation" package="org.junit.platform.commons.util" class="ReflectionUtilsTests$ChildClass" method="otherMethod3" externalInfoUrl="https://pmd.github.io/pmd/pmd_rules_java_documentation.html#uncommentedemptymethodbody" priority="3">
Document empty method body
</violation>
<violation beginline="1300" endline="1301" begincolumn="39" endcolumn="3" rule="UncommentedEmptyMethodBody" ruleset="Documentation" package="org.junit.platform.commons.util" class="ReflectionUtilsTests$MethodShadowingInterface" method="method1" externalInfoUrl="https://pmd.github.io/pmd/pmd_rules_java_documentation.html#uncommentedemptymethodbody" priority="3">
Document empty method body
</violation>
<violation beginline="1303" endline="1304" begincolumn="38" endcolumn="3" rule="UncommentedEmptyMethodBody" ruleset="Documentation" package="org.junit.platform.commons.util" class="ReflectionUtilsTests$MethodShadowingInterface" method="method2" externalInfoUrl="https://pmd.github.io/pmd/pmd_rules_java_documentation.html#uncommentedemptymethodbody" priority="3">
Document empty method body
</violation>
<violation beginline="1310" endline="1311" begincolumn="38" endcolumn="3" rule="UncommentedEmptyMethodBody" ruleset="Documentation" package="org.junit.platform.commons.util" class="ReflectionUtilsTests$MethodShadowingParent" method="method1" externalInfoUrl="https://pmd.github.io/pmd/pmd_rules_java_documentation.html#uncommentedemptymethodbody" priority="3">
Document empty method body
</violation>
<violation beginline="1313" endline="1314" begincolumn="44" endcolumn="3" rule="UncommentedEmptyMethodBody" ruleset="Documentation" package="org.junit.platform.commons.util" class="ReflectionUtilsTests$MethodShadowingParent" method="method2" externalInfoUrl="https://pmd.github.io/pmd/pmd_rules_java_documentation.html#uncommentedemptymethodbody" priority="3">
Document empty method body
</violation>
<violation beginline="1316" endline="1317" begincolumn="37" endcolumn="3" rule="UncommentedEmptyMethodBody" ruleset="Documentation" package="org.junit.platform.commons.util" class="ReflectionUtilsTests$MethodShadowingParent" method="method4" externalInfoUrl="https://pmd.github.io/pmd/pmd_rules_java_documentation.html#uncommentedemptymethodbody" priority="3">
Document empty method body
</violation>
<violation beginline="1319" endline="1320" begincolumn="38" endcolumn="3" rule="UncommentedEmptyMethodBody" ruleset="Documentation" package="org.junit.platform.commons.util" class="ReflectionUtilsTests$MethodShadowingParent" method="method5" externalInfoUrl="https://pmd.github.io/pmd/pmd_rules_java_documentation.html#uncommentedemptymethodbody" priority="3">
Document empty method body
</violation>
<violation beginline="1326" endline="1327" begincolumn="38" endcolumn="3" rule="UncommentedEmptyMethodBody" ruleset="Documentation" package="org.junit.platform.commons.util" class="ReflectionUtilsTests$MethodShadowingChild" method="method1" externalInfoUrl="https://pmd.github.io/pmd/pmd_rules_java_documentation.html#uncommentedemptymethodbody" priority="3">
Document empty method body
</violation>
<violation beginline="1330" endline="1331" begincolumn="37" endcolumn="3" rule="UncommentedEmptyMethodBody" ruleset="Documentation" package="org.junit.platform.commons.util" class="ReflectionUtilsTests$MethodShadowingChild" method="method4" externalInfoUrl="https://pmd.github.io/pmd/pmd_rules_java_documentation.html#uncommentedemptymethodbody" priority="3">
Document empty method body
</violation>
<violation beginline="1333" endline="1334" begincolumn="31" endcolumn="3" rule="UncommentedEmptyMethodBody" ruleset="Documentation" package="org.junit.platform.commons.util" class="ReflectionUtilsTests$MethodShadowingChild" method="method5" externalInfoUrl="https://pmd.github.io/pmd/pmd_rules_java_documentation.html#uncommentedemptymethodbody" priority="3">
Document empty method body
</violation>
<violation beginline="1339" endline="1340" begincolumn="38" endcolumn="3" rule="UncommentedEmptyMethodBody" ruleset="Documentation" package="org.junit.platform.commons.util" class="ReflectionUtilsTests$StaticMethodHidingInterface" method="method1" externalInfoUrl="https://pmd.github.io/pmd/pmd_rules_java_documentation.html#uncommentedemptymethodbody" priority="3">
Document empty method body
</violation>
<violation beginline="1342" endline="1343" begincolumn="37" endcolumn="3" rule="UncommentedEmptyMethodBody" ruleset="Documentation" package="org.junit.platform.commons.util" class="ReflectionUtilsTests$StaticMethodHidingInterface" method="method2" externalInfoUrl="https://pmd.github.io/pmd/pmd_rules_java_documentation.html#uncommentedemptymethodbody" priority="3">
Document empty method body
</violation>
<violation beginline="1348" endline="1349" begincolumn="38" endcolumn="3" rule="UncommentedEmptyMethodBody" ruleset="Documentation" package="org.junit.platform.commons.util" class="ReflectionUtilsTests$StaticMethodHidingParent" method="method1" externalInfoUrl="https://pmd.github.io/pmd/pmd_rules_java_documentation.html#uncommentedemptymethodbody" priority="3">
Document empty method body
</violation>
<violation beginline="1348" endline="1349" begincolumn="3" endcolumn="3" rule="DefaultPackage" ruleset="Code Style" package="org.junit.platform.commons.util" class="ReflectionUtilsTests$StaticMethodHidingParent" externalInfoUrl="https://pmd.github.io/pmd/pmd_rules_java_codestyle.html#defaultpackage" priority="3">
Use explicit scoping instead of the default package private level
</violation>
<violation beginline="1351" endline="1352" begincolumn="44" endcolumn="3" rule="UncommentedEmptyMethodBody" ruleset="Documentation" package="org.junit.platform.commons.util" class="ReflectionUtilsTests$StaticMethodHidingParent" method="method2" externalInfoUrl="https://pmd.github.io/pmd/pmd_rules_java_documentation.html#uncommentedemptymethodbody" priority="3">
Document empty method body
</violation>
<violation beginline="1351" endline="1352" begincolumn="3" endcolumn="3" rule="DefaultPackage" ruleset="Code Style" package="org.junit.platform.commons.util" class="ReflectionUtilsTests$StaticMethodHidingParent" externalInfoUrl="https://pmd.github.io/pmd/pmd_rules_java_codestyle.html#defaultpackage" priority="3">
Use explicit scoping instead of the default package private level
</violation>
<violation beginline="1354" endline="1355" begincolumn="37" endcolumn="3" rule="UncommentedEmptyMethodBody" ruleset="Documentation" package="org.junit.platform.commons.util" class="ReflectionUtilsTests$StaticMethodHidingParent" method="method4" externalInfoUrl="https://pmd.github.io/pmd/pmd_rules_java_documentation.html#uncommentedemptymethodbody" priority="3">
Document empty method body
</violation>
<violation beginline="1354" endline="1355" begincolumn="3" endcolumn="3" rule="DefaultPackage" ruleset="Code Style" package="org.junit.platform.commons.util" class="ReflectionUtilsTests$StaticMethodHidingParent" externalInfoUrl="https://pmd.github.io/pmd/pmd_rules_java_codestyle.html#defaultpackage" priority="3">
Use explicit scoping instead of the default package private level
</violation>
<violation beginline="1357" endline="1358" begincolumn="38" endcolumn="3" rule="UncommentedEmptyMethodBody" ruleset="Documentation" package="org.junit.platform.commons.util" class="ReflectionUtilsTests$StaticMethodHidingParent" method="method5" externalInfoUrl="https://pmd.github.io/pmd/pmd_rules_java_documentation.html#uncommentedemptymethodbody" priority="3">
Document empty method body
</violation>
<violation beginline="1357" endline="1358" begincolumn="3" endcolumn="3" rule="DefaultPackage" ruleset="Code Style" package="org.junit.platform.commons.util" class="ReflectionUtilsTests$StaticMethodHidingParent" externalInfoUrl="https://pmd.github.io/pmd/pmd_rules_java_codestyle.html#defaultpackage" priority="3">
Use explicit scoping instead of the default package private level
</violation>
<violation beginline="1363" endline="1364" begincolumn="38" endcolumn="3" rule="UncommentedEmptyMethodBody" ruleset="Documentation" package="org.junit.platform.commons.util" class="ReflectionUtilsTests$StaticMethodHidingChild" method="method1" externalInfoUrl="https://pmd.github.io/pmd/pmd_rules_java_documentation.html#uncommentedemptymethodbody" priority="3">
Document empty method body
</violation>
<violation beginline="1363" endline="1364" begincolumn="3" endcolumn="3" rule="DefaultPackage" ruleset="Code Style" package="org.junit.platform.commons.util" class="ReflectionUtilsTests$StaticMethodHidingChild" externalInfoUrl="https://pmd.github.io/pmd/pmd_rules_java_codestyle.html#defaultpackage" priority="3">
Use explicit scoping instead of the default package private level
</violation>
<violation beginline="1366" endline="1367" begincolumn="37" endcolumn="3" rule="UncommentedEmptyMethodBody" ruleset="Documentation" package="org.junit.platform.commons.util" class="ReflectionUtilsTests$StaticMethodHidingChild" method="method4" externalInfoUrl="https://pmd.github.io/pmd/pmd_rules_java_documentation.html#uncommentedemptymethodbody" priority="3">
Document empty method body
</violation>
<violation beginline="1366" endline="1367" begincolumn="3" endcolumn="3" rule="DefaultPackage" ruleset="Code Style" package="org.junit.platform.commons.util" class="ReflectionUtilsTests$StaticMethodHidingChild" externalInfoUrl="https://pmd.github.io/pmd/pmd_rules_java_codestyle.html#defaultpackage" priority="3">
Use explicit scoping instead of the default package private level
</violation>
<violation beginline="1369" endline="1370" begincolumn="31" endcolumn="3" rule="UncommentedEmptyMethodBody" ruleset="Documentation" package="org.junit.platform.commons.util" class="ReflectionUtilsTests$StaticMethodHidingChild" method="method5" externalInfoUrl="https://pmd.github.io/pmd/pmd_rules_java_documentation.html#uncommentedemptymethodbody" priority="3">
Document empty method body
</violation>
<violation beginline="1369" endline="1370" begincolumn="3" endcolumn="3" rule="DefaultPackage" ruleset="Code Style" package="org.junit.platform.commons.util" class="ReflectionUtilsTests$StaticMethodHidingChild" externalInfoUrl="https://pmd.github.io/pmd/pmd_rules_java_codestyle.html#defaultpackage" priority="3">
Use explicit scoping instead of the default package private level
</violation>
<violation beginline="1377" endline="1378" begincolumn="30" endcolumn="3" rule="UncommentedEmptyMethodBody" ruleset="Documentation" package="org.junit.platform.commons.util" class="ReflectionUtilsTests$PublicChildClass" method="otherMethod1" externalInfoUrl="https://pmd.github.io/pmd/pmd_rules_java_documentation.html#uncommentedemptymethodbody" priority="3">
Document empty method body
</violation>
<violation beginline="1381" endline="1382" begincolumn="30" endcolumn="3" rule="UncommentedEmptyMethodBody" ruleset="Documentation" package="org.junit.platform.commons.util" class="ReflectionUtilsTests$PublicChildClass" method="otherMethod2" externalInfoUrl="https://pmd.github.io/pmd/pmd_rules_java_documentation.html#uncommentedemptymethodbody" priority="3">
Document empty method body
</violation>
<violation beginline="1388" endline="1389" begincolumn="3" endcolumn="3" rule="UncommentedEmptyConstructor" ruleset="Documentation" package="org.junit.platform.commons.util" class="ReflectionUtilsTests$ClassWithOneCustomConstructor" method="ClassWithOneCustomConstructor" externalInfoUrl="https://pmd.github.io/pmd/pmd_rules_java_documentation.html#uncommentedemptyconstructor" priority="3">
Document empty constructor
</violation>
<violation beginline="1395" endline="1396" begincolumn="3" endcolumn="3" rule="UncommentedEmptyConstructor" ruleset="Documentation" package="org.junit.platform.commons.util" class="ReflectionUtilsTests$ClassWithTwoConstructors" method="ClassWithTwoConstructors" externalInfoUrl="https://pmd.github.io/pmd/pmd_rules_java_documentation.html#uncommentedemptyconstructor" priority="3">
Document empty constructor
</violation>
<violation beginline="1398" endline="1399" begincolumn="3" endcolumn="3" rule="UncommentedEmptyConstructor" ruleset="Documentation" package="org.junit.platform.commons.util" class="ReflectionUtilsTests$ClassWithTwoConstructors" method="ClassWithTwoConstructors" externalInfoUrl="https://pmd.github.io/pmd/pmd_rules_java_documentation.html#uncommentedemptyconstructor" priority="3">
Document empty constructor
</violation>
</file>
<file name="C:\Users\Sokaina\Downloads\Versiones-Junit5\junit5-r5.0.2\platform-tests\src\test\java\org\junit\platform\commons\util\SerializationUtils.java">
<violation beginline="22" endline="22" begincolumn="84" endcolumn="92" rule="SignatureDeclareThrowsException" ruleset="Design" package="org.junit.platform.commons.util" class="SerializationUtils" externalInfoUrl="https://pmd.github.io/pmd/pmd_rules_java_design.html#signaturedeclarethrowsexception" priority="3">
A method/constructor should not explicitly throw java.lang.Exception
</violation>
<violation beginline="27" endline="27" begincolumn="57" endcolumn="65" rule="SignatureDeclareThrowsException" ruleset="Design" package="org.junit.platform.commons.util" class="SerializationUtils" method="deserialize" externalInfoUrl="https://pmd.github.io/pmd/pmd_rules_java_design.html#signaturedeclarethrowsexception" priority="3">
A method/constructor should not explicitly throw java.lang.Exception
</violation>
<violation beginline="33" endline="33" begincolumn="56" endcolumn="64" rule="SignatureDeclareThrowsException" ruleset="Design" package="org.junit.platform.commons.util" class="SerializationUtils" method="serialize" externalInfoUrl="https://pmd.github.io/pmd/pmd_rules_java_design.html#signaturedeclarethrowsexception" priority="3">
A method/constructor should not explicitly throw java.lang.Exception
</violation>
</file>
<file name="C:\Users\Sokaina\Downloads\Versiones-Junit5\junit5-r5.0.2\platform-tests\src\test\java\org\junit\platform\commons\util\StringUtilsTests.java">
<violation beginline="11" endline="130" begincolumn="1" endcolumn="2" rule="TooManyStaticImports" ruleset="Code Style" package="org.junit.platform.commons.util" class="StringUtilsTests" externalInfoUrl="https://pmd.github.io/pmd/pmd_rules_java_codestyle.html#toomanystaticimports" priority="3">
Too many static imports may lead to messy code
</violation>
<violation beginline="35" endline="44" begincolumn="2" endcolumn="2" rule="JUnitTestContainsTooManyAsserts" ruleset="Best Practices" package="org.junit.platform.commons.util" class="StringUtilsTests" method="blankness" externalInfoUrl="https://pmd.github.io/pmd/pmd_rules_java_bestpractices.html#junittestcontainstoomanyasserts" priority="3">
Unit tests should not contain more than 1 assert(s).
</violation>
<violation beginline="38" endline="38" begincolumn="10" endcolumn="19" rule="JUnitAssertionsShouldIncludeMessage" ruleset="Best Practices" package="org.junit.platform.commons.util" class="StringUtilsTests" method="blankness" externalInfoUrl="https://pmd.github.io/pmd/pmd_rules_java_bestpractices.html#junitassertionsshouldincludemessage" priority="3">
JUnit assertions should include a message
</violation>
<violation beginline="39" endline="39" begincolumn="10" endcolumn="19" rule="JUnitAssertionsShouldIncludeMessage" ruleset="Best Practices" package="org.junit.platform.commons.util" class="StringUtilsTests" method="blankness" externalInfoUrl="https://pmd.github.io/pmd/pmd_rules_java_bestpractices.html#junitassertionsshouldincludemessage" priority="3">
JUnit assertions should include a message
</violation>
<violation beginline="40" endline="40" begincolumn="10" endcolumn="19" rule="JUnitAssertionsShouldIncludeMessage" ruleset="Best Practices" package="org.junit.platform.commons.util" class="StringUtilsTests" method="blankness" externalInfoUrl="https://pmd.github.io/pmd/pmd_rules_java_bestpractices.html#junitassertionsshouldincludemessage" priority="3">
JUnit assertions should include a message
</violation>
<violation beginline="41" endline="41" begincolumn="10" endcolumn="19" rule="JUnitAssertionsShouldIncludeMessage" ruleset="Best Practices" package="org.junit.platform.commons.util" class="StringUtilsTests" method="blankness" externalInfoUrl="https://pmd.github.io/pmd/pmd_rules_java_bestpractices.html#junitassertionsshouldincludemessage" priority="3">
JUnit assertions should include a message
</violation>
<violation beginline="93" endline="104" begincolumn="2" endcolumn="2" rule="JUnitTestContainsTooManyAsserts" ruleset="Best Practices" package="org.junit.platform.commons.util" class="StringUtilsTests" method="nullSafeToStringChecks" externalInfoUrl="https://pmd.github.io/pmd/pmd_rules_java_bestpractices.html#junittestcontainstoomanyasserts" priority="3">
Unit tests should not contain more than 1 assert(s).
</violation>
<violation beginline="94" endline="94" begincolumn="3" endcolumn="14" rule="JUnitAssertionsShouldIncludeMessage" ruleset="Best Practices" package="org.junit.platform.commons.util" class="StringUtilsTests" method="nullSafeToStringChecks" externalInfoUrl="https://pmd.github.io/pmd/pmd_rules_java_bestpractices.html#junitassertionsshouldincludemessage" priority="3">
JUnit assertions should include a message
</violation>
<violation beginline="95" endline="95" begincolumn="3" endcolumn="14" rule="JUnitAssertionsShouldIncludeMessage" ruleset="Best Practices" package="org.junit.platform.commons.util" class="StringUtilsTests" method="nullSafeToStringChecks" externalInfoUrl="https://pmd.github.io/pmd/pmd_rules_java_bestpractices.html#junitassertionsshouldincludemessage" priority="3">
JUnit assertions should include a message
</violation>
<violation beginline="96" endline="96" begincolumn="3" endcolumn="14" rule="JUnitAssertionsShouldIncludeMessage" ruleset="Best Practices" package="org.junit.platform.commons.util" class="StringUtilsTests" method="nullSafeToStringChecks" externalInfoUrl="https://pmd.github.io/pmd/pmd_rules_java_bestpractices.html#junitassertionsshouldincludemessage" priority="3">
JUnit assertions should include a message
</violation>
<violation beginline="97" endline="97" begincolumn="3" endcolumn="14" rule="JUnitAssertionsShouldIncludeMessage" ruleset="Best Practices" package="org.junit.platform.commons.util" class="StringUtilsTests" method="nullSafeToStringChecks" externalInfoUrl="https://pmd.github.io/pmd/pmd_rules_java_bestpractices.html#junitassertionsshouldincludemessage" priority="3">
JUnit assertions should include a message
</violation>
<violation beginline="98" endline="98" begincolumn="3" endcolumn="14" rule="JUnitAssertionsShouldIncludeMessage" ruleset="Best Practices" package="org.junit.platform.commons.util" class="StringUtilsTests" method="nullSafeToStringChecks" externalInfoUrl="https://pmd.github.io/pmd/pmd_rules_java_bestpractices.html#junitassertionsshouldincludemessage" priority="3">
JUnit assertions should include a message
</violation>
<violation beginline="99" endline="99" begincolumn="3" endcolumn="14" rule="JUnitAssertionsShouldIncludeMessage" ruleset="Best Practices" package="org.junit.platform.commons.util" class="StringUtilsTests" method="nullSafeToStringChecks" externalInfoUrl="https://pmd.github.io/pmd/pmd_rules_java_bestpractices.html#junitassertionsshouldincludemessage" priority="3">
JUnit assertions should include a message
</violation>
<violation beginline="100" endline="100" begincolumn="3" endcolumn="14" rule="JUnitAssertionsShouldIncludeMessage" ruleset="Best Practices" package="org.junit.platform.commons.util" class="StringUtilsTests" method="nullSafeToStringChecks" externalInfoUrl="https://pmd.github.io/pmd/pmd_rules_java_bestpractices.html#junitassertionsshouldincludemessage" priority="3">
JUnit assertions should include a message
</violation>
<violation beginline="101" endline="101" begincolumn="3" endcolumn="14" rule="JUnitAssertionsShouldIncludeMessage" ruleset="Best Practices" package="org.junit.platform.commons.util" class="StringUtilsTests" method="nullSafeToStringChecks" externalInfoUrl="https://pmd.github.io/pmd/pmd_rules_java_bestpractices.html#junitassertionsshouldincludemessage" priority="3">
JUnit assertions should include a message
</violation>
<violation beginline="102" endline="102" begincolumn="3" endcolumn="14" rule="JUnitAssertionsShouldIncludeMessage" ruleset="Best Practices" package="org.junit.platform.commons.util" class="StringUtilsTests" method="nullSafeToStringChecks" externalInfoUrl="https://pmd.github.io/pmd/pmd_rules_java_bestpractices.html#junitassertionsshouldincludemessage" priority="3">
JUnit assertions should include a message
</violation>
<violation beginline="103" endline="103" begincolumn="3" endcolumn="14" rule="JUnitAssertionsShouldIncludeMessage" ruleset="Best Practices" package="org.junit.platform.commons.util" class="StringUtilsTests" method="nullSafeToStringChecks" externalInfoUrl="https://pmd.github.io/pmd/pmd_rules_java_bestpractices.html#junitassertionsshouldincludemessage" priority="3">
JUnit assertions should include a message
</violation>
</file>
<file name="C:\Users\Sokaina\Downloads\Versiones-Junit5\junit5-r5.0.2\platform-tests\src\test\java\org\junit\platform\commons\util\ToStringBuilderTests.java">
<violation beginline="43" endline="49" begincolumn="2" endcolumn="2" rule="JUnitTestContainsTooManyAsserts" ruleset="Best Practices" package="org.junit.platform.commons.util" class="ToStringBuilderTests" method="appendWithIllegalName" externalInfoUrl="https://pmd.github.io/pmd/pmd_rules_java_bestpractices.html#junittestcontainstoomanyasserts" priority="3">
Unit tests should not contain more than 1 assert(s).
</violation>
<violation beginline="52" endline="55" begincolumn="2" endcolumn="2" rule="JUnitTestContainsTooManyAsserts" ruleset="Best Practices" package="org.junit.platform.commons.util" class="ToStringBuilderTests" method="withZeroFields" externalInfoUrl="https://pmd.github.io/pmd/pmd_rules_java_bestpractices.html#junittestcontainstoomanyasserts" priority="3">
Unit tests should not contain more than 1 assert(s).
</violation>
<violation beginline="53" endline="53" begincolumn="3" endcolumn="14" rule="JUnitAssertionsShouldIncludeMessage" ruleset="Best Practices" package="org.junit.platform.commons.util" class="ToStringBuilderTests" method="withZeroFields" externalInfoUrl="https://pmd.github.io/pmd/pmd_rules_java_bestpractices.html#junitassertionsshouldincludemessage" priority="3">
JUnit assertions should include a message
</violation>
<violation beginline="54" endline="54" begincolumn="3" endcolumn="14" rule="JUnitAssertionsShouldIncludeMessage" ruleset="Best Practices" package="org.junit.platform.commons.util" class="ToStringBuilderTests" method="withZeroFields" externalInfoUrl="https://pmd.github.io/pmd/pmd_rules_java_bestpractices.html#junitassertionsshouldincludemessage" priority="3">
JUnit assertions should include a message
</violation>
<violation beginline="59" endline="59" begincolumn="3" endcolumn="14" rule="JUnitAssertionsShouldIncludeMessage" ruleset="Best Practices" package="org.junit.platform.commons.util" class="ToStringBuilderTests" method="withOneField" externalInfoUrl="https://pmd.github.io/pmd/pmd_rules_java_bestpractices.html#junitassertionsshouldincludemessage" priority="3">
JUnit assertions should include a message
</violation>
<violation beginline="60" endline="60" begincolumn="48" endcolumn="53" rule="AvoidDuplicateLiterals" ruleset="Error Prone" package="org.junit.platform.commons.util" class="ToStringBuilderTests" method="withOneField" externalInfoUrl="https://pmd.github.io/pmd/pmd_rules_java_errorprone.html#avoidduplicateliterals" priority="3">
The String literal "name" appears 4 times in this file; the first occurrence is on line 60
</violation>
<violation beginline="65" endline="65" begincolumn="3" endcolumn="14" rule="JUnitAssertionsShouldIncludeMessage" ruleset="Best Practices" package="org.junit.platform.commons.util" class="ToStringBuilderTests" method="withNullField" externalInfoUrl="https://pmd.github.io/pmd/pmd_rules_java_bestpractices.html#junitassertionsshouldincludemessage" priority="3">
JUnit assertions should include a message
</violation>
<violation beginline="70" endline="70" begincolumn="3" endcolumn="14" rule="JUnitAssertionsShouldIncludeMessage" ruleset="Best Practices" package="org.junit.platform.commons.util" class="ToStringBuilderTests" method="withTwoFields" externalInfoUrl="https://pmd.github.io/pmd/pmd_rules_java_bestpractices.html#junitassertionsshouldincludemessage" priority="3">
JUnit assertions should include a message
</violation>
<violation beginline="76" endline="76" begincolumn="3" endcolumn="14" rule="JUnitAssertionsShouldIncludeMessage" ruleset="Best Practices" package="org.junit.platform.commons.util" class="ToStringBuilderTests" method="withIntegerArrayField" externalInfoUrl="https://pmd.github.io/pmd/pmd_rules_java_bestpractices.html#junitassertionsshouldincludemessage" priority="3">
JUnit assertions should include a message
</violation>
<violation beginline="82" endline="82" begincolumn="3" endcolumn="14" rule="JUnitAssertionsShouldIncludeMessage" ruleset="Best Practices" package="org.junit.platform.commons.util" class="ToStringBuilderTests" method="withIntArrayField" externalInfoUrl="https://pmd.github.io/pmd/pmd_rules_java_bestpractices.html#junitassertionsshouldincludemessage" priority="3">
JUnit assertions should include a message
</violation>
<violation beginline="88" endline="88" begincolumn="3" endcolumn="14" rule="JUnitAssertionsShouldIncludeMessage" ruleset="Best Practices" package="org.junit.platform.commons.util" class="ToStringBuilderTests" method="withCharArrayField" externalInfoUrl="https://pmd.github.io/pmd/pmd_rules_java_bestpractices.html#junitassertionsshouldincludemessage" priority="3">
JUnit assertions should include a message
</violation>
<violation beginline="94" endline="94" begincolumn="3" endcolumn="14" rule="JUnitAssertionsShouldIncludeMessage" ruleset="Best Practices" package="org.junit.platform.commons.util" class="ToStringBuilderTests" method="withPrimitiveBooleanArrayField" externalInfoUrl="https://pmd.github.io/pmd/pmd_rules_java_bestpractices.html#junitassertionsshouldincludemessage" priority="3">
JUnit assertions should include a message
</violation>
<violation beginline="100" endline="100" begincolumn="3" endcolumn="14" rule="JUnitAssertionsShouldIncludeMessage" ruleset="Best Practices" package="org.junit.platform.commons.util" class="ToStringBuilderTests" method="withShortArrayField" externalInfoUrl="https://pmd.github.io/pmd/pmd_rules_java_bestpractices.html#junitassertionsshouldincludemessage" priority="3">
JUnit assertions should include a message
</violation>
<violation beginline="101" endline="101" begincolumn="48" endcolumn="55" rule="AvoidDuplicateLiterals" ruleset="Error Prone" package="org.junit.platform.commons.util" class="ToStringBuilderTests" method="withShortArrayField" externalInfoUrl="https://pmd.github.io/pmd/pmd_rules_java_errorprone.html#avoidduplicateliterals" priority="3">
The String literal "values" appears 5 times in this file; the first occurrence is on line 101
</violation>
<violation beginline="106" endline="106" begincolumn="3" endcolumn="14" rule="JUnitAssertionsShouldIncludeMessage" ruleset="Best Practices" package="org.junit.platform.commons.util" class="ToStringBuilderTests" method="withByteArrayField" externalInfoUrl="https://pmd.github.io/pmd/pmd_rules_java_bestpractices.html#junitassertionsshouldincludemessage" priority="3">
JUnit assertions should include a message
</violation>
<violation beginline="112" endline="112" begincolumn="3" endcolumn="14" rule="JUnitAssertionsShouldIncludeMessage" ruleset="Best Practices" package="org.junit.platform.commons.util" class="ToStringBuilderTests" method="withPrimitiveLongArrayField" externalInfoUrl="https://pmd.github.io/pmd/pmd_rules_java_bestpractices.html#junitassertionsshouldincludemessage" priority="3">
JUnit assertions should include a message
</violation>
<violation beginline="118" endline="118" begincolumn="3" endcolumn="14" rule="JUnitAssertionsShouldIncludeMessage" ruleset="Best Practices" package="org.junit.platform.commons.util" class="ToStringBuilderTests" method="withPrimitiveFloatArrayField" externalInfoUrl="https://pmd.github.io/pmd/pmd_rules_java_bestpractices.html#junitassertionsshouldincludemessage" priority="3">
JUnit assertions should include a message
</violation>
<violation beginline="124" endline="124" begincolumn="3" endcolumn="14" rule="JUnitAssertionsShouldIncludeMessage" ruleset="Best Practices" package="org.junit.platform.commons.util" class="ToStringBuilderTests" method="withPrimitiveDoubleArrayField" externalInfoUrl="https://pmd.github.io/pmd/pmd_rules_java_bestpractices.html#junitassertionsshouldincludemessage" priority="3">
JUnit assertions should include a message
</violation>
<violation beginline="132" endline="135" begincolumn="64" endcolumn="3" rule="DoubleBraceInitialization" ruleset="Best Practices" package="org.junit.platform.commons.util" class="ToStringBuilderTests" method="withMapField" externalInfoUrl="https://pmd.github.io/pmd/pmd_rules_java_bestpractices.html#doublebraceinitialization" priority="3">
Double-brace initialization should be avoided
</violation>
<violation beginline="137" endline="137" begincolumn="3" endcolumn="14" rule="JUnitAssertionsShouldIncludeMessage" ruleset="Best Practices" package="org.junit.platform.commons.util" class="ToStringBuilderTests" method="withMapField" externalInfoUrl="https://pmd.github.io/pmd/pmd_rules_java_bestpractices.html#junitassertionsshouldincludemessage" priority="3">
JUnit assertions should include a message
</violation>
<violation beginline="144" endline="144" begincolumn="3" endcolumn="14" rule="JUnitAssertionsShouldIncludeMessage" ruleset="Best Practices" package="org.junit.platform.commons.util" class="ToStringBuilderTests" method="withDemoImplementation" externalInfoUrl="https://pmd.github.io/pmd/pmd_rules_java_bestpractices.html#junitassertionsshouldincludemessage" priority="3">
JUnit assertions should include a message
</violation>
<violation beginline="149" endline="149" begincolumn="3" endcolumn="14" rule="DefaultPackage" ruleset="Code Style" package="org.junit.platform.commons.util" class="ToStringBuilderTests$RoleModel" externalInfoUrl="https://pmd.github.io/pmd/pmd_rules_java_codestyle.html#defaultpackage" priority="3">
Use explicit scoping instead of the default package private level
</violation>
<violation beginline="150" endline="150" begincolumn="3" endcolumn="10" rule="DefaultPackage" ruleset="Code Style" package="org.junit.platform.commons.util" class="ToStringBuilderTests$RoleModel" externalInfoUrl="https://pmd.github.io/pmd/pmd_rules_java_codestyle.html#defaultpackage" priority="3">
Use explicit scoping instead of the default package private level
</violation>
<violation beginline="152" endline="153" begincolumn="3" endcolumn="3" rule="UncommentedEmptyConstructor" ruleset="Documentation" package="org.junit.platform.commons.util" class="ToStringBuilderTests$RoleModel" method="RoleModel" externalInfoUrl="https://pmd.github.io/pmd/pmd_rules_java_documentation.html#uncommentedemptyconstructor" priority="3">
Document empty constructor
</violation>
</file>
<file name="C:\Users\Sokaina\Downloads\Versiones-Junit5\junit5-r5.0.2\platform-tests\src\test\java\org\junit\platform\console\ConsoleDetailsTests.java">
<violation beginline="11" endline="220" begincolumn="1" endcolumn="2" rule="TooManyStaticImports" ruleset="Code Style" package="org.junit.platform.console" class="ConsoleDetailsTests" externalInfoUrl="https://pmd.github.io/pmd/pmd_rules_java_codestyle.html#toomanystaticimports" priority="3">
Too many static imports may lead to messy code
</violation>
<violation beginline="55" endline="56" begincolumn="16" endcolumn="3" rule="UncommentedEmptyMethodBody" ruleset="Documentation" package="org.junit.platform.console" class="ConsoleDetailsTests$Basic" method="empty" externalInfoUrl="https://pmd.github.io/pmd/pmd_rules_java_documentation.html#uncommentedemptymethodbody" priority="3">
Document empty method body
</violation>
<violation beginline="60" endline="61" begincolumn="28" endcolumn="3" rule="UncommentedEmptyMethodBody" ruleset="Documentation" package="org.junit.platform.console" class="ConsoleDetailsTests$Basic" method="changeDisplayName" externalInfoUrl="https://pmd.github.io/pmd/pmd_rules_java_documentation.html#uncommentedemptymethodbody" priority="3">
Document empty method body
</violation>
<violation beginline="66" endline="78" begincolumn="17" endcolumn="2" rule="ShortClassName" ruleset="Code Style" package="org.junit.platform.console" class="ConsoleDetailsTests$Skip" externalInfoUrl="https://pmd.github.io/pmd/pmd_rules_java_codestyle.html#shortclassname" priority="4">
Avoid short class names like Skip
</violation>
<violation beginline="70" endline="71" begincolumn="35" endcolumn="3" rule="UncommentedEmptyMethodBody" ruleset="Documentation" package="org.junit.platform.console" class="ConsoleDetailsTests$Skip" method="skipWithSingleLineReason" externalInfoUrl="https://pmd.github.io/pmd/pmd_rules_java_documentation.html#uncommentedemptymethodbody" priority="3">
Document empty method body
</violation>
<violation beginline="75" endline="76" begincolumn="35" endcolumn="3" rule="UncommentedEmptyMethodBody" ruleset="Documentation" package="org.junit.platform.console" class="ConsoleDetailsTests$Skip" method="skipWithMultiLineMessage" externalInfoUrl="https://pmd.github.io/pmd/pmd_rules_java_documentation.html#uncommentedemptymethodbody" priority="3">
Document empty method body
</violation>
<violation beginline="81" endline="93" begincolumn="17" endcolumn="2" rule="ShortClassName" ruleset="Code Style" package="org.junit.platform.console" class="ConsoleDetailsTests$Fail" externalInfoUrl="https://pmd.github.io/pmd/pmd_rules_java_codestyle.html#shortclassname" priority="4">
Avoid short class names like Fail
</violation>
<violation beginline="169" endline="169" begincolumn="44" endcolumn="70" rule="UseLocaleWithCaseConversions" ruleset="Error Prone" package="org.junit.platform.console" class="ConsoleDetailsTests" method="scanContainerClassAndCreateDynamicTests" externalInfoUrl="https://pmd.github.io/pmd/pmd_rules_java_errorprone.html#uselocalewithcaseconversions" priority="3">
When doing a String.toLowerCase()/toUpperCase() call, use a Locale
</violation>
</file>
<file name="C:\Users\Sokaina\Downloads\Versiones-Junit5\junit5-r5.0.2\platform-tests\src\test\java\org\junit\platform\console\ConsoleLauncherIntegrationTests.java">
<violation beginline="11" endline="57" begincolumn="1" endcolumn="2" rule="TooManyStaticImports" ruleset="Code Style" package="org.junit.platform.console" class="ConsoleLauncherIntegrationTests" externalInfoUrl="https://pmd.github.io/pmd/pmd_rules_java_codestyle.html#toomanystaticimports" priority="3">
Too many static imports may lead to messy code
</violation>
<violation beginline="29" endline="35" begincolumn="2" endcolumn="2" rule="JUnitTestContainsTooManyAsserts" ruleset="Best Practices" package="org.junit.platform.console" class="ConsoleLauncherIntegrationTests" method="executeWithoutArgumentsFailsAndPrintsHelpInformation" externalInfoUrl="https://pmd.github.io/pmd/pmd_rules_java_bestpractices.html#junittestcontainstoomanyasserts" priority="3">
Unit tests should not contain more than 1 assert(s).
</violation>
<violation beginline="32" endline="32" begincolumn="10" endcolumn="19" rule="JUnitAssertionsShouldIncludeMessage" ruleset="Best Practices" package="org.junit.platform.console" class="ConsoleLauncherIntegrationTests" method="executeWithoutArgumentsFailsAndPrintsHelpInformation" externalInfoUrl="https://pmd.github.io/pmd/pmd_rules_java_bestpractices.html#junitassertionsshouldincludemessage" priority="3">
JUnit assertions should include a message
</violation>
<violation beginline="33" endline="33" begincolumn="10" endcolumn="19" rule="JUnitAssertionsShouldIncludeMessage" ruleset="Best Practices" package="org.junit.platform.console" class="ConsoleLauncherIntegrationTests" method="executeWithoutArgumentsFailsAndPrintsHelpInformation" externalInfoUrl="https://pmd.github.io/pmd/pmd_rules_java_bestpractices.html#junitassertionsshouldincludemessage" priority="3">
JUnit assertions should include a message
</violation>
<violation beginline="40" endline="40" begincolumn="3" endcolumn="14" rule="JUnitAssertionsShouldIncludeMessage" ruleset="Best Practices" package="org.junit.platform.console" class="ConsoleLauncherIntegrationTests" method="executeWithoutExcludeClassnameOptionDoesNotExcludeClasses" externalInfoUrl="https://pmd.github.io/pmd/pmd_rules_java_bestpractices.html#junitassertionsshouldincludemessage" priority="3">
JUnit assertions should include a message
</violation>
<violation beginline="44" endline="55" begincolumn="2" endcolumn="2" rule="JUnitTestContainsTooManyAsserts" ruleset="Best Practices" package="org.junit.platform.console" class="ConsoleLauncherIntegrationTests" method="executeWithExcludeClassnameOptionExcludesClasses" externalInfoUrl="https://pmd.github.io/pmd/pmd_rules_java_bestpractices.html#junittestcontainstoomanyasserts" priority="3">
Unit tests should not contain more than 1 assert(s).
</violation>
<violation beginline="49" endline="49" begincolumn="10" endcolumn="26" rule="JUnitAssertionsShouldIncludeMessage" ruleset="Best Practices" package="org.junit.platform.console" class="ConsoleLauncherIntegrationTests" method="executeWithExcludeClassnameOptionExcludesClasses" externalInfoUrl="https://pmd.github.io/pmd/pmd_rules_java_bestpractices.html#junitassertionsshouldincludemessage" priority="3">
JUnit assertions should include a message
</violation>
<violation beginline="50" endline="50" begincolumn="10" endcolumn="21" rule="JUnitAssertionsShouldIncludeMessage" ruleset="Best Practices" package="org.junit.platform.console" class="ConsoleLauncherIntegrationTests" method="executeWithExcludeClassnameOptionExcludesClasses" externalInfoUrl="https://pmd.github.io/pmd/pmd_rules_java_bestpractices.html#junitassertionsshouldincludemessage" priority="3">
JUnit assertions should include a message
</violation>
<violation beginline="51" endline="51" begincolumn="10" endcolumn="21" rule="JUnitAssertionsShouldIncludeMessage" ruleset="Best Practices" package="org.junit.platform.console" class="ConsoleLauncherIntegrationTests" method="executeWithExcludeClassnameOptionExcludesClasses" externalInfoUrl="https://pmd.github.io/pmd/pmd_rules_java_bestpractices.html#junitassertionsshouldincludemessage" priority="3">
JUnit assertions should include a message
</violation>
<violation beginline="52" endline="52" begincolumn="10" endcolumn="21" rule="JUnitAssertionsShouldIncludeMessage" ruleset="Best Practices" package="org.junit.platform.console" class="ConsoleLauncherIntegrationTests" method="executeWithExcludeClassnameOptionExcludesClasses" externalInfoUrl="https://pmd.github.io/pmd/pmd_rules_java_bestpractices.html#junitassertionsshouldincludemessage" priority="3">
JUnit assertions should include a message
</violation>
<violation beginline="53" endline="53" begincolumn="10" endcolumn="19" rule="JUnitAssertionsShouldIncludeMessage" ruleset="Best Practices" package="org.junit.platform.console" class="ConsoleLauncherIntegrationTests" method="executeWithExcludeClassnameOptionExcludesClasses" externalInfoUrl="https://pmd.github.io/pmd/pmd_rules_java_bestpractices.html#junitassertionsshouldincludemessage" priority="3">
JUnit assertions should include a message
</violation>
</file>
<file name="C:\Users\Sokaina\Downloads\Versiones-Junit5\junit5-r5.0.2\platform-tests\src\test\java\org\junit\platform\console\ConsoleLauncherTests.java">
<violation beginline="11" endline="72" begincolumn="1" endcolumn="2" rule="TooManyStaticImports" ruleset="Code Style" package="org.junit.platform.console" class="ConsoleLauncherTests" externalInfoUrl="https://pmd.github.io/pmd/pmd_rules_java_codestyle.html#toomanystaticimports" priority="3">
Too many static imports may lead to messy code
</violation>
<violation beginline="44" endline="44" begincolumn="3" endcolumn="14" rule="JUnitAssertionsShouldIncludeMessage" ruleset="Best Practices" package="org.junit.platform.console" class="ConsoleLauncherTests" method="displayHelp" externalInfoUrl="https://pmd.github.io/pmd/pmd_rules_java_bestpractices.html#junitassertionsshouldincludemessage" priority="3">
JUnit assertions should include a message
</violation>
<violation beginline="56" endline="56" begincolumn="3" endcolumn="14" rule="JUnitAssertionsShouldIncludeMessage" ruleset="Best Practices" package="org.junit.platform.console" class="ConsoleLauncherTests" method="executeWithUnknownCommandLineOption" externalInfoUrl="https://pmd.github.io/pmd/pmd_rules_java_bestpractices.html#junitassertionsshouldincludemessage" priority="3">
JUnit assertions should include a message
</violation>
<violation beginline="68" endline="68" begincolumn="3" endcolumn="14" rule="JUnitAssertionsShouldIncludeMessage" ruleset="Best Practices" package="org.junit.platform.console" class="ConsoleLauncherTests" method="executeWithSupportedCommandLineOption" externalInfoUrl="https://pmd.github.io/pmd/pmd_rules_java_bestpractices.html#junitassertionsshouldincludemessage" priority="3">
JUnit assertions should include a message
</violation>
</file>
<file name="C:\Users\Sokaina\Downloads\Versiones-Junit5\junit5-r5.0.2\platform-tests\src\test\java\org\junit\platform\console\ConsoleLauncherWrapper.java">
<violation beginline="11" endline="82" begincolumn="1" endcolumn="2" rule="TooManyStaticImports" ruleset="Code Style" package="org.junit.platform.console" class="ConsoleLauncherWrapper" externalInfoUrl="https://pmd.github.io/pmd/pmd_rules_java_codestyle.html#toomanystaticimports" priority="3">
Too many static imports may lead to messy code
</violation>
</file>
<file name="C:\Users\Sokaina\Downloads\Versiones-Junit5\junit5-r5.0.2\platform-tests\src\test\java\org\junit\platform\console\ConsoleLauncherWrapperResult.java">
<violation beginline="24" endline="24" begincolumn="2" endcolumn="21" rule="DefaultPackage" ruleset="Code Style" package="org.junit.platform.console" class="ConsoleLauncherWrapperResult" externalInfoUrl="https://pmd.github.io/pmd/pmd_rules_java_codestyle.html#defaultpackage" priority="3">
Use explicit scoping instead of the default package private level
</violation>
<violation beginline="25" endline="25" begincolumn="2" endcolumn="23" rule="DefaultPackage" ruleset="Code Style" package="org.junit.platform.console" class="ConsoleLauncherWrapperResult" externalInfoUrl="https://pmd.github.io/pmd/pmd_rules_java_codestyle.html#defaultpackage" priority="3">
Use explicit scoping instead of the default package private level
</violation>
<violation beginline="26" endline="26" begincolumn="2" endcolumn="18" rule="DefaultPackage" ruleset="Code Style" package="org.junit.platform.console" class="ConsoleLauncherWrapperResult" externalInfoUrl="https://pmd.github.io/pmd/pmd_rules_java_codestyle.html#defaultpackage" priority="3">
Use explicit scoping instead of the default package private level
</violation>
<violation beginline="27" endline="27" begincolumn="2" endcolumn="18" rule="DefaultPackage" ruleset="Code Style" package="org.junit.platform.console" class="ConsoleLauncherWrapperResult" externalInfoUrl="https://pmd.github.io/pmd/pmd_rules_java_codestyle.html#defaultpackage" priority="3">
Use explicit scoping instead of the default package private level
</violation>
<violation beginline="28" endline="28" begincolumn="2" endcolumn="16" rule="DefaultPackage" ruleset="Code Style" package="org.junit.platform.console" class="ConsoleLauncherWrapperResult" externalInfoUrl="https://pmd.github.io/pmd/pmd_rules_java_codestyle.html#defaultpackage" priority="3">
Use explicit scoping instead of the default package private level
</violation>
<violation beginline="31" endline="31" begincolumn="31" endcolumn="43" rule="ArrayIsStoredDirectly" ruleset="Best Practices" package="org.junit.platform.console" class="ConsoleLauncherWrapperResult" method="ConsoleLauncherWrapperResult" variable="args" externalInfoUrl="https://pmd.github.io/pmd/pmd_rules_java_bestpractices.html#arrayisstoreddirectly" priority="3">
The user-supplied array 'args' is stored directly.
</violation>
</file>
<file name="C:\Users\Sokaina\Downloads\Versiones-Junit5\junit5-r5.0.2\platform-tests\src\test\java\org\junit\platform\console\options\JOptSimpleCommandLineOptionsParserTests.java">
<violation beginline="11" endline="530" begincolumn="1" endcolumn="2" rule="TooManyStaticImports" ruleset="Code Style" package="org.junit.platform.console.options" class="JOptSimpleCommandLineOptionsParserTests" externalInfoUrl="https://pmd.github.io/pmd/pmd_rules_java_codestyle.html#toomanystaticimports" priority="3">
Too many static imports may lead to messy code
</violation>
<violation beginline="46" endline="71" begincolumn="2" endcolumn="2" rule="JUnitTestContainsTooManyAsserts" ruleset="Best Practices" package="org.junit.platform.console.options" class="JOptSimpleCommandLineOptionsParserTests" method="parseNoArguments" externalInfoUrl="https://pmd.github.io/pmd/pmd_rules_java_bestpractices.html#junittestcontainstoomanyasserts" priority="3">
Unit tests should not contain more than 1 assert(s).
</violation>
<violation beginline="52" endline="52" begincolumn="10" endcolumn="20" rule="JUnitAssertionsShouldIncludeMessage" ruleset="Best Practices" package="org.junit.platform.console.options" class="JOptSimpleCommandLineOptionsParserTests" method="parseNoArguments" externalInfoUrl="https://pmd.github.io/pmd/pmd_rules_java_bestpractices.html#junitassertionsshouldincludemessage" priority="3">
JUnit assertions should include a message
</violation>
<violation beginline="53" endline="53" begincolumn="10" endcolumn="20" rule="JUnitAssertionsShouldIncludeMessage" ruleset="Best Practices" package="org.junit.platform.console.options" class="JOptSimpleCommandLineOptionsParserTests" method="parseNoArguments" externalInfoUrl="https://pmd.github.io/pmd/pmd_rules_java_bestpractices.html#junitassertionsshouldincludemessage" priority="3">
JUnit assertions should include a message
</violation>
<violation beginline="54" endline="54" begincolumn="10" endcolumn="21" rule="JUnitAssertionsShouldIncludeMessage" ruleset="Best Practices" package="org.junit.platform.console.options" class="JOptSimpleCommandLineOptionsParserTests" method="parseNoArguments" externalInfoUrl="https://pmd.github.io/pmd/pmd_rules_java_bestpractices.html#junitassertionsshouldincludemessage" priority="3">
JUnit assertions should include a message
</violation>
<violation beginline="55" endline="55" begincolumn="10" endcolumn="20" rule="JUnitAssertionsShouldIncludeMessage" ruleset="Best Practices" package="org.junit.platform.console.options" class="JOptSimpleCommandLineOptionsParserTests" method="parseNoArguments" externalInfoUrl="https://pmd.github.io/pmd/pmd_rules_java_bestpractices.html#junitassertionsshouldincludemessage" priority="3">
JUnit assertions should include a message
</violation>
<violation beginline="56" endline="56" begincolumn="10" endcolumn="21" rule="JUnitAssertionsShouldIncludeMessage" ruleset="Best Practices" package="org.junit.platform.console.options" class="JOptSimpleCommandLineOptionsParserTests" method="parseNoArguments" externalInfoUrl="https://pmd.github.io/pmd/pmd_rules_java_bestpractices.html#junitassertionsshouldincludemessage" priority="3">
JUnit assertions should include a message
</violation>
<violation beginline="57" endline="57" begincolumn="10" endcolumn="21" rule="JUnitAssertionsShouldIncludeMessage" ruleset="Best Practices" package="org.junit.platform.console.options" class="JOptSimpleCommandLineOptionsParserTests" method="parseNoArguments" externalInfoUrl="https://pmd.github.io/pmd/pmd_rules_java_bestpractices.html#junitassertionsshouldincludemessage" priority="3">
JUnit assertions should include a message
</violation>
<violation beginline="58" endline="58" begincolumn="10" endcolumn="21" rule="JUnitAssertionsShouldIncludeMessage" ruleset="Best Practices" package="org.junit.platform.console.options" class="JOptSimpleCommandLineOptionsParserTests" method="parseNoArguments" externalInfoUrl="https://pmd.github.io/pmd/pmd_rules_java_bestpractices.html#junitassertionsshouldincludemessage" priority="3">
JUnit assertions should include a message
</violation>
<violation beginline="59" endline="59" begincolumn="10" endcolumn="21" rule="JUnitAssertionsShouldIncludeMessage" ruleset="Best Practices" package="org.junit.platform.console.options" class="JOptSimpleCommandLineOptionsParserTests" method="parseNoArguments" externalInfoUrl="https://pmd.github.io/pmd/pmd_rules_java_bestpractices.html#junitassertionsshouldincludemessage" priority="3">
JUnit assertions should include a message
</violation>
<violation beginline="60" endline="60" begincolumn="10" endcolumn="21" rule="JUnitAssertionsShouldIncludeMessage" ruleset="Best Practices" package="org.junit.platform.console.options" class="JOptSimpleCommandLineOptionsParserTests" method="parseNoArguments" externalInfoUrl="https://pmd.github.io/pmd/pmd_rules_java_bestpractices.html#junitassertionsshouldincludemessage" priority="3">
JUnit assertions should include a message
</violation>
<violation beginline="61" endline="61" begincolumn="10" endcolumn="21" rule="JUnitAssertionsShouldIncludeMessage" ruleset="Best Practices" package="org.junit.platform.console.options" class="JOptSimpleCommandLineOptionsParserTests" method="parseNoArguments" externalInfoUrl="https://pmd.github.io/pmd/pmd_rules_java_bestpractices.html#junitassertionsshouldincludemessage" priority="3">
JUnit assertions should include a message
</violation>
<violation beginline="62" endline="62" begincolumn="10" endcolumn="21" rule="JUnitAssertionsShouldIncludeMessage" ruleset="Best Practices" package="org.junit.platform.console.options" class="JOptSimpleCommandLineOptionsParserTests" method="parseNoArguments" externalInfoUrl="https://pmd.github.io/pmd/pmd_rules_java_bestpractices.html#junitassertionsshouldincludemessage" priority="3">
JUnit assertions should include a message
</violation>
<violation beginline="63" endline="63" begincolumn="10" endcolumn="21" rule="JUnitAssertionsShouldIncludeMessage" ruleset="Best Practices" package="org.junit.platform.console.options" class="JOptSimpleCommandLineOptionsParserTests" method="parseNoArguments" externalInfoUrl="https://pmd.github.io/pmd/pmd_rules_java_bestpractices.html#junitassertionsshouldincludemessage" priority="3">
JUnit assertions should include a message
</violation>
<violation beginline="64" endline="64" begincolumn="10" endcolumn="21" rule="JUnitAssertionsShouldIncludeMessage" ruleset="Best Practices" package="org.junit.platform.console.options" class="JOptSimpleCommandLineOptionsParserTests" method="parseNoArguments" externalInfoUrl="https://pmd.github.io/pmd/pmd_rules_java_bestpractices.html#junitassertionsshouldincludemessage" priority="3">
JUnit assertions should include a message
</violation>
<violation beginline="65" endline="65" begincolumn="10" endcolumn="21" rule="JUnitAssertionsShouldIncludeMessage" ruleset="Best Practices" package="org.junit.platform.console.options" class="JOptSimpleCommandLineOptionsParserTests" method="parseNoArguments" externalInfoUrl="https://pmd.github.io/pmd/pmd_rules_java_bestpractices.html#junitassertionsshouldincludemessage" priority="3">
JUnit assertions should include a message
</violation>
<violation beginline="66" endline="66" begincolumn="10" endcolumn="21" rule="JUnitAssertionsShouldIncludeMessage" ruleset="Best Practices" package="org.junit.platform.console.options" class="JOptSimpleCommandLineOptionsParserTests" method="parseNoArguments" externalInfoUrl="https://pmd.github.io/pmd/pmd_rules_java_bestpractices.html#junitassertionsshouldincludemessage" priority="3">
JUnit assertions should include a message
</violation>
<violation beginline="67" endline="67" begincolumn="10" endcolumn="21" rule="JUnitAssertionsShouldIncludeMessage" ruleset="Best Practices" package="org.junit.platform.console.options" class="JOptSimpleCommandLineOptionsParserTests" method="parseNoArguments" externalInfoUrl="https://pmd.github.io/pmd/pmd_rules_java_bestpractices.html#junitassertionsshouldincludemessage" priority="3">
JUnit assertions should include a message
</violation>
<violation beginline="68" endline="68" begincolumn="10" endcolumn="21" rule="JUnitAssertionsShouldIncludeMessage" ruleset="Best Practices" package="org.junit.platform.console.options" class="JOptSimpleCommandLineOptionsParserTests" method="parseNoArguments" externalInfoUrl="https://pmd.github.io/pmd/pmd_rules_java_bestpractices.html#junitassertionsshouldincludemessage" priority="3">
JUnit assertions should include a message
</violation>
<violation beginline="74" endline="82" begincolumn="2" endcolumn="2" rule="JUnitTestContainsTooManyAsserts" ruleset="Best Practices" package="org.junit.platform.console.options" class="JOptSimpleCommandLineOptionsParserTests" method="parseSwitches" externalInfoUrl="https://pmd.github.io/pmd/pmd_rules_java_bestpractices.html#junittestcontainstoomanyasserts" priority="3">
Unit tests should not contain more than 1 assert(s).
</violation>
<violation beginline="85" endline="96" begincolumn="2" endcolumn="2" rule="JUnitTestContainsTooManyAsserts" ruleset="Best Practices" package="org.junit.platform.console.options" class="JOptSimpleCommandLineOptionsParserTests" method="parseValidDetails" externalInfoUrl="https://pmd.github.io/pmd/pmd_rules_java_bestpractices.html#junittestcontainstoomanyasserts" priority="3">
Unit tests should not contain more than 1 assert(s).
</violation>
<violation beginline="88" endline="88" begincolumn="10" endcolumn="21" rule="JUnitAssertionsShouldIncludeMessage" ruleset="Best Practices" package="org.junit.platform.console.options" class="JOptSimpleCommandLineOptionsParserTests" method="parseValidDetails" externalInfoUrl="https://pmd.github.io/pmd/pmd_rules_java_bestpractices.html#junitassertionsshouldincludemessage" priority="3">
JUnit assertions should include a message
</violation>
<violation beginline="89" endline="89" begincolumn="10" endcolumn="21" rule="JUnitAssertionsShouldIncludeMessage" ruleset="Best Practices" package="org.junit.platform.console.options" class="JOptSimpleCommandLineOptionsParserTests" method="parseValidDetails" externalInfoUrl="https://pmd.github.io/pmd/pmd_rules_java_bestpractices.html#junitassertionsshouldincludemessage" priority="3">
JUnit assertions should include a message
</violation>
<violation beginline="90" endline="90" begincolumn="10" endcolumn="21" rule="JUnitAssertionsShouldIncludeMessage" ruleset="Best Practices" package="org.junit.platform.console.options" class="JOptSimpleCommandLineOptionsParserTests" method="parseValidDetails" externalInfoUrl="https://pmd.github.io/pmd/pmd_rules_java_bestpractices.html#junitassertionsshouldincludemessage" priority="3">
JUnit assertions should include a message
</violation>
<violation beginline="91" endline="91" begincolumn="10" endcolumn="21" rule="JUnitAssertionsShouldIncludeMessage" ruleset="Best Practices" package="org.junit.platform.console.options" class="JOptSimpleCommandLineOptionsParserTests" method="parseValidDetails" externalInfoUrl="https://pmd.github.io/pmd/pmd_rules_java_bestpractices.html#junitassertionsshouldincludemessage" priority="3">
JUnit assertions should include a message
</violation>
<violation beginline="92" endline="92" begincolumn="10" endcolumn="21" rule="JUnitAssertionsShouldIncludeMessage" ruleset="Best Practices" package="org.junit.platform.console.options" class="JOptSimpleCommandLineOptionsParserTests" method="parseValidDetails" externalInfoUrl="https://pmd.github.io/pmd/pmd_rules_java_bestpractices.html#junitassertionsshouldincludemessage" priority="3">
JUnit assertions should include a message
</violation>
<violation beginline="93" endline="93" begincolumn="10" endcolumn="21" rule="JUnitAssertionsShouldIncludeMessage" ruleset="Best Practices" package="org.junit.platform.console.options" class="JOptSimpleCommandLineOptionsParserTests" method="parseValidDetails" externalInfoUrl="https://pmd.github.io/pmd/pmd_rules_java_bestpractices.html#junitassertionsshouldincludemessage" priority="3">
JUnit assertions should include a message
</violation>
<violation beginline="99" endline="99" begincolumn="36" endcolumn="44" rule="SignatureDeclareThrowsException" ruleset="Design" package="org.junit.platform.console.options" class="JOptSimpleCommandLineOptionsParserTests" method="parseInvalidDetails" externalInfoUrl="https://pmd.github.io/pmd/pmd_rules_java_design.html#signaturedeclarethrowsexception" priority="3">
A method/constructor should not explicitly throw java.lang.Exception
</violation>
<violation beginline="104" endline="114" begincolumn="2" endcolumn="2" rule="JUnitTestContainsTooManyAsserts" ruleset="Best Practices" package="org.junit.platform.console.options" class="JOptSimpleCommandLineOptionsParserTests" method="parseValidDetailsTheme" externalInfoUrl="https://pmd.github.io/pmd/pmd_rules_java_bestpractices.html#junittestcontainstoomanyasserts" priority="3">
Unit tests should not contain more than 1 assert(s).
</violation>
<violation beginline="107" endline="107" begincolumn="10" endcolumn="21" rule="JUnitAssertionsShouldIncludeMessage" ruleset="Best Practices" package="org.junit.platform.console.options" class="JOptSimpleCommandLineOptionsParserTests" method="parseValidDetailsTheme" externalInfoUrl="https://pmd.github.io/pmd/pmd_rules_java_bestpractices.html#junitassertionsshouldincludemessage" priority="3">
JUnit assertions should include a message
</violation>
<violation beginline="108" endline="108" begincolumn="10" endcolumn="21" rule="JUnitAssertionsShouldIncludeMessage" ruleset="Best Practices" package="org.junit.platform.console.options" class="JOptSimpleCommandLineOptionsParserTests" method="parseValidDetailsTheme" externalInfoUrl="https://pmd.github.io/pmd/pmd_rules_java_bestpractices.html#junitassertionsshouldincludemessage" priority="3">
JUnit assertions should include a message
</violation>
<violation beginline="109" endline="109" begincolumn="10" endcolumn="21" rule="JUnitAssertionsShouldIncludeMessage" ruleset="Best Practices" package="org.junit.platform.console.options" class="JOptSimpleCommandLineOptionsParserTests" method="parseValidDetailsTheme" externalInfoUrl="https://pmd.github.io/pmd/pmd_rules_java_bestpractices.html#junitassertionsshouldincludemessage" priority="3">
JUnit assertions should include a message
</violation>
<violation beginline="110" endline="110" begincolumn="10" endcolumn="21" rule="JUnitAssertionsShouldIncludeMessage" ruleset="Best Practices" package="org.junit.platform.console.options" class="JOptSimpleCommandLineOptionsParserTests" method="parseValidDetailsTheme" externalInfoUrl="https://pmd.github.io/pmd/pmd_rules_java_bestpractices.html#junitassertionsshouldincludemessage" priority="3">
JUnit assertions should include a message
</violation>
<violation beginline="111" endline="111" begincolumn="10" endcolumn="21" rule="JUnitAssertionsShouldIncludeMessage" ruleset="Best Practices" package="org.junit.platform.console.options" class="JOptSimpleCommandLineOptionsParserTests" method="parseValidDetailsTheme" externalInfoUrl="https://pmd.github.io/pmd/pmd_rules_java_bestpractices.html#junitassertionsshouldincludemessage" priority="3">
JUnit assertions should include a message
</violation>
<violation beginline="117" endline="117" begincolumn="41" endcolumn="49" rule="SignatureDeclareThrowsException" ruleset="Design" package="org.junit.platform.console.options" class="JOptSimpleCommandLineOptionsParserTests" method="parseInvalidDetailsTheme" externalInfoUrl="https://pmd.github.io/pmd/pmd_rules_java_design.html#signaturedeclarethrowsexception" priority="3">
A method/constructor should not explicitly throw java.lang.Exception
</violation>
<violation beginline="122" endline="130" begincolumn="2" endcolumn="2" rule="JUnitTestContainsTooManyAsserts" ruleset="Best Practices" package="org.junit.platform.console.options" class="JOptSimpleCommandLineOptionsParserTests" method="parseValidIncludeClassNamePatterns" externalInfoUrl="https://pmd.github.io/pmd/pmd_rules_java_bestpractices.html#junittestcontainstoomanyasserts" priority="3">
Unit tests should not contain more than 1 assert(s).
</violation>
<violation beginline="125" endline="125" begincolumn="10" endcolumn="21" rule="JUnitAssertionsShouldIncludeMessage" ruleset="Best Practices" package="org.junit.platform.console.options" class="JOptSimpleCommandLineOptionsParserTests" method="parseValidIncludeClassNamePatterns" externalInfoUrl="https://pmd.github.io/pmd/pmd_rules_java_bestpractices.html#junitassertionsshouldincludemessage" priority="3">
JUnit assertions should include a message
</violation>
<violation beginline="125" endline="125" begincolumn="37" endcolumn="44" rule="AvoidDuplicateLiterals" ruleset="Error Prone" package="org.junit.platform.console.options" class="JOptSimpleCommandLineOptionsParserTests" method="parseValidIncludeClassNamePatterns" externalInfoUrl="https://pmd.github.io/pmd/pmd_rules_java_errorprone.html#avoidduplicateliterals" priority="3">
The String literal ".*Test" appears 6 times in this file; the first occurrence is on line 125
</violation>
<violation beginline="126" endline="126" begincolumn="10" endcolumn="21" rule="JUnitAssertionsShouldIncludeMessage" ruleset="Best Practices" package="org.junit.platform.console.options" class="JOptSimpleCommandLineOptionsParserTests" method="parseValidIncludeClassNamePatterns" externalInfoUrl="https://pmd.github.io/pmd/pmd_rules_java_bestpractices.html#junitassertionsshouldincludemessage" priority="3">
JUnit assertions should include a message
</violation>
<violation beginline="127" endline="127" begincolumn="10" endcolumn="21" rule="JUnitAssertionsShouldIncludeMessage" ruleset="Best Practices" package="org.junit.platform.console.options" class="JOptSimpleCommandLineOptionsParserTests" method="parseValidIncludeClassNamePatterns" externalInfoUrl="https://pmd.github.io/pmd/pmd_rules_java_bestpractices.html#junitassertionsshouldincludemessage" priority="3">
JUnit assertions should include a message
</violation>
<violation beginline="133" endline="141" begincolumn="2" endcolumn="2" rule="JUnitTestContainsTooManyAsserts" ruleset="Best Practices" package="org.junit.platform.console.options" class="JOptSimpleCommandLineOptionsParserTests" method="parseValidExcludeClassNamePatterns" externalInfoUrl="https://pmd.github.io/pmd/pmd_rules_java_bestpractices.html#junittestcontainstoomanyasserts" priority="3">
Unit tests should not contain more than 1 assert(s).
</violation>
<violation beginline="136" endline="136" begincolumn="10" endcolumn="21" rule="JUnitAssertionsShouldIncludeMessage" ruleset="Best Practices" package="org.junit.platform.console.options" class="JOptSimpleCommandLineOptionsParserTests" method="parseValidExcludeClassNamePatterns" externalInfoUrl="https://pmd.github.io/pmd/pmd_rules_java_bestpractices.html#junitassertionsshouldincludemessage" priority="3">
JUnit assertions should include a message
</violation>
<violation beginline="137" endline="137" begincolumn="10" endcolumn="21" rule="JUnitAssertionsShouldIncludeMessage" ruleset="Best Practices" package="org.junit.platform.console.options" class="JOptSimpleCommandLineOptionsParserTests" method="parseValidExcludeClassNamePatterns" externalInfoUrl="https://pmd.github.io/pmd/pmd_rules_java_bestpractices.html#junitassertionsshouldincludemessage" priority="3">
JUnit assertions should include a message
</violation>
<violation beginline="138" endline="138" begincolumn="10" endcolumn="21" rule="JUnitAssertionsShouldIncludeMessage" ruleset="Best Practices" package="org.junit.platform.console.options" class="JOptSimpleCommandLineOptionsParserTests" method="parseValidExcludeClassNamePatterns" externalInfoUrl="https://pmd.github.io/pmd/pmd_rules_java_bestpractices.html#junitassertionsshouldincludemessage" priority="3">
JUnit assertions should include a message
</violation>
<violation beginline="145" endline="145" begincolumn="3" endcolumn="14" rule="JUnitAssertionsShouldIncludeMessage" ruleset="Best Practices" package="org.junit.platform.console.options" class="JOptSimpleCommandLineOptionsParserTests" method="usesDefaultClassNamePatternWithoutExplicitArgument" externalInfoUrl="https://pmd.github.io/pmd/pmd_rules_java_bestpractices.html#junitassertionsshouldincludemessage" priority="3">
JUnit assertions should include a message
</violation>
<violation beginline="149" endline="149" begincolumn="53" endcolumn="61" rule="SignatureDeclareThrowsException" ruleset="Design" package="org.junit.platform.console.options" class="JOptSimpleCommandLineOptionsParserTests" method="parseInvalidIncludeClassNamePatterns" externalInfoUrl="https://pmd.github.io/pmd/pmd_rules_java_design.html#signaturedeclarethrowsexception" priority="3">
A method/constructor should not explicitly throw java.lang.Exception
</violation>
<violation beginline="154" endline="154" begincolumn="53" endcolumn="61" rule="SignatureDeclareThrowsException" ruleset="Design" package="org.junit.platform.console.options" class="JOptSimpleCommandLineOptionsParserTests" method="parseInvalidExcludeClassNamePatterns" externalInfoUrl="https://pmd.github.io/pmd/pmd_rules_java_design.html#signaturedeclarethrowsexception" priority="3">
A method/constructor should not explicitly throw java.lang.Exception
</violation>
<violation beginline="159" endline="170" begincolumn="2" endcolumn="2" rule="JUnitTestContainsTooManyAsserts" ruleset="Best Practices" package="org.junit.platform.console.options" class="JOptSimpleCommandLineOptionsParserTests" method="parseValidIncludedPackages" externalInfoUrl="https://pmd.github.io/pmd/pmd_rules_java_bestpractices.html#junittestcontainstoomanyasserts" priority="3">
Unit tests should not contain more than 1 assert(s).
</violation>
<violation beginline="162" endline="162" begincolumn="11" endcolumn="22" rule="JUnitAssertionsShouldIncludeMessage" ruleset="Best Practices" package="org.junit.platform.console.options" class="JOptSimpleCommandLineOptionsParserTests" method="parseValidIncludedPackages" externalInfoUrl="https://pmd.github.io/pmd/pmd_rules_java_bestpractices.html#junitassertionsshouldincludemessage" priority="3">
JUnit assertions should include a message
</violation>
<violation beginline="164" endline="164" begincolumn="11" endcolumn="22" rule="JUnitAssertionsShouldIncludeMessage" ruleset="Best Practices" package="org.junit.platform.console.options" class="JOptSimpleCommandLineOptionsParserTests" method="parseValidIncludedPackages" externalInfoUrl="https://pmd.github.io/pmd/pmd_rules_java_bestpractices.html#junitassertionsshouldincludemessage" priority="3">
JUnit assertions should include a message
</violation>
<violation beginline="166" endline="166" begincolumn="11" endcolumn="22" rule="JUnitAssertionsShouldIncludeMessage" ruleset="Best Practices" package="org.junit.platform.console.options" class="JOptSimpleCommandLineOptionsParserTests" method="parseValidIncludedPackages" externalInfoUrl="https://pmd.github.io/pmd/pmd_rules_java_bestpractices.html#junitassertionsshouldincludemessage" priority="3">
JUnit assertions should include a message
</violation>
<violation beginline="173" endline="184" begincolumn="2" endcolumn="2" rule="JUnitTestContainsTooManyAsserts" ruleset="Best Practices" package="org.junit.platform.console.options" class="JOptSimpleCommandLineOptionsParserTests" method="parseValidExcludedPackages" externalInfoUrl="https://pmd.github.io/pmd/pmd_rules_java_bestpractices.html#junittestcontainstoomanyasserts" priority="3">
Unit tests should not contain more than 1 assert(s).
</violation>
<violation beginline="176" endline="176" begincolumn="11" endcolumn="22" rule="JUnitAssertionsShouldIncludeMessage" ruleset="Best Practices" package="org.junit.platform.console.options" class="JOptSimpleCommandLineOptionsParserTests" method="parseValidExcludedPackages" externalInfoUrl="https://pmd.github.io/pmd/pmd_rules_java_bestpractices.html#junitassertionsshouldincludemessage" priority="3">
JUnit assertions should include a message
</violation>
<violation beginline="178" endline="178" begincolumn="11" endcolumn="22" rule="JUnitAssertionsShouldIncludeMessage" ruleset="Best Practices" package="org.junit.platform.console.options" class="JOptSimpleCommandLineOptionsParserTests" method="parseValidExcludedPackages" externalInfoUrl="https://pmd.github.io/pmd/pmd_rules_java_bestpractices.html#junitassertionsshouldincludemessage" priority="3">
JUnit assertions should include a message
</violation>
<violation beginline="180" endline="180" begincolumn="11" endcolumn="22" rule="JUnitAssertionsShouldIncludeMessage" ruleset="Best Practices" package="org.junit.platform.console.options" class="JOptSimpleCommandLineOptionsParserTests" method="parseValidExcludedPackages" externalInfoUrl="https://pmd.github.io/pmd/pmd_rules_java_bestpractices.html#junitassertionsshouldincludemessage" priority="3">
JUnit assertions should include a message
</violation>
<violation beginline="187" endline="196" begincolumn="2" endcolumn="2" rule="JUnitTestContainsTooManyAsserts" ruleset="Best Practices" package="org.junit.platform.console.options" class="JOptSimpleCommandLineOptionsParserTests" method="parseValidIncludedTags" externalInfoUrl="https://pmd.github.io/pmd/pmd_rules_java_bestpractices.html#junittestcontainstoomanyasserts" priority="3">
Unit tests should not contain more than 1 assert(s).
</violation>
<violation beginline="190" endline="190" begincolumn="10" endcolumn="21" rule="JUnitAssertionsShouldIncludeMessage" ruleset="Best Practices" package="org.junit.platform.console.options" class="JOptSimpleCommandLineOptionsParserTests" method="parseValidIncludedTags" externalInfoUrl="https://pmd.github.io/pmd/pmd_rules_java_bestpractices.html#junitassertionsshouldincludemessage" priority="3">
JUnit assertions should include a message
</violation>
<violation beginline="190" endline="190" begincolumn="30" endcolumn="35" rule="AvoidDuplicateLiterals" ruleset="Error Prone" package="org.junit.platform.console.options" class="JOptSimpleCommandLineOptionsParserTests" method="parseValidIncludedTags" externalInfoUrl="https://pmd.github.io/pmd/pmd_rules_java_errorprone.html#avoidduplicateliterals" priority="3">
The String literal "fast" appears 8 times in this file; the first occurrence is on line 190
</violation>
<violation beginline="191" endline="191" begincolumn="10" endcolumn="21" rule="JUnitAssertionsShouldIncludeMessage" ruleset="Best Practices" package="org.junit.platform.console.options" class="JOptSimpleCommandLineOptionsParserTests" method="parseValidIncludedTags" externalInfoUrl="https://pmd.github.io/pmd/pmd_rules_java_bestpractices.html#junitassertionsshouldincludemessage" priority="3">
JUnit assertions should include a message
</violation>
<violation beginline="192" endline="192" begincolumn="10" endcolumn="21" rule="JUnitAssertionsShouldIncludeMessage" ruleset="Best Practices" package="org.junit.platform.console.options" class="JOptSimpleCommandLineOptionsParserTests" method="parseValidIncludedTags" externalInfoUrl="https://pmd.github.io/pmd/pmd_rules_java_bestpractices.html#junitassertionsshouldincludemessage" priority="3">
JUnit assertions should include a message
</violation>
<violation beginline="193" endline="193" begincolumn="10" endcolumn="21" rule="JUnitAssertionsShouldIncludeMessage" ruleset="Best Practices" package="org.junit.platform.console.options" class="JOptSimpleCommandLineOptionsParserTests" method="parseValidIncludedTags" externalInfoUrl="https://pmd.github.io/pmd/pmd_rules_java_bestpractices.html#junitassertionsshouldincludemessage" priority="3">
JUnit assertions should include a message
</violation>
<violation beginline="204" endline="213" begincolumn="2" endcolumn="2" rule="JUnitTestContainsTooManyAsserts" ruleset="Best Practices" package="org.junit.platform.console.options" class="JOptSimpleCommandLineOptionsParserTests" method="parseValidExcludedTags" externalInfoUrl="https://pmd.github.io/pmd/pmd_rules_java_bestpractices.html#junittestcontainstoomanyasserts" priority="3">
Unit tests should not contain more than 1 assert(s).
</violation>
<violation beginline="207" endline="207" begincolumn="10" endcolumn="21" rule="JUnitAssertionsShouldIncludeMessage" ruleset="Best Practices" package="org.junit.platform.console.options" class="JOptSimpleCommandLineOptionsParserTests" method="parseValidExcludedTags" externalInfoUrl="https://pmd.github.io/pmd/pmd_rules_java_bestpractices.html#junitassertionsshouldincludemessage" priority="3">
JUnit assertions should include a message
</violation>
<violation beginline="208" endline="208" begincolumn="10" endcolumn="21" rule="JUnitAssertionsShouldIncludeMessage" ruleset="Best Practices" package="org.junit.platform.console.options" class="JOptSimpleCommandLineOptionsParserTests" method="parseValidExcludedTags" externalInfoUrl="https://pmd.github.io/pmd/pmd_rules_java_bestpractices.html#junitassertionsshouldincludemessage" priority="3">
JUnit assertions should include a message
</violation>
<violation beginline="209" endline="209" begincolumn="10" endcolumn="21" rule="JUnitAssertionsShouldIncludeMessage" ruleset="Best Practices" package="org.junit.platform.console.options" class="JOptSimpleCommandLineOptionsParserTests" method="parseValidExcludedTags" externalInfoUrl="https://pmd.github.io/pmd/pmd_rules_java_bestpractices.html#junitassertionsshouldincludemessage" priority="3">
JUnit assertions should include a message
</violation>
<violation beginline="210" endline="210" begincolumn="10" endcolumn="21" rule="JUnitAssertionsShouldIncludeMessage" ruleset="Best Practices" package="org.junit.platform.console.options" class="JOptSimpleCommandLineOptionsParserTests" method="parseValidExcludedTags" externalInfoUrl="https://pmd.github.io/pmd/pmd_rules_java_bestpractices.html#junitassertionsshouldincludemessage" priority="3">
JUnit assertions should include a message
</violation>
<violation beginline="221" endline="229" begincolumn="2" endcolumn="2" rule="JUnitTestContainsTooManyAsserts" ruleset="Best Practices" package="org.junit.platform.console.options" class="JOptSimpleCommandLineOptionsParserTests" method="parseValidIncludedEngines" externalInfoUrl="https://pmd.github.io/pmd/pmd_rules_java_bestpractices.html#junittestcontainstoomanyasserts" priority="3">
Unit tests should not contain more than 1 assert(s).
</violation>
<violation beginline="224" endline="224" begincolumn="10" endcolumn="21" rule="JUnitAssertionsShouldIncludeMessage" ruleset="Best Practices" package="org.junit.platform.console.options" class="JOptSimpleCommandLineOptionsParserTests" method="parseValidIncludedEngines" externalInfoUrl="https://pmd.github.io/pmd/pmd_rules_java_bestpractices.html#junitassertionsshouldincludemessage" priority="3">
JUnit assertions should include a message
</violation>
<violation beginline="225" endline="225" begincolumn="10" endcolumn="21" rule="JUnitAssertionsShouldIncludeMessage" ruleset="Best Practices" package="org.junit.platform.console.options" class="JOptSimpleCommandLineOptionsParserTests" method="parseValidIncludedEngines" externalInfoUrl="https://pmd.github.io/pmd/pmd_rules_java_bestpractices.html#junitassertionsshouldincludemessage" priority="3">
JUnit assertions should include a message
</violation>
<violation beginline="226" endline="226" begincolumn="10" endcolumn="21" rule="JUnitAssertionsShouldIncludeMessage" ruleset="Best Practices" package="org.junit.platform.console.options" class="JOptSimpleCommandLineOptionsParserTests" method="parseValidIncludedEngines" externalInfoUrl="https://pmd.github.io/pmd/pmd_rules_java_bestpractices.html#junitassertionsshouldincludemessage" priority="3">
JUnit assertions should include a message
</violation>
<violation beginline="232" endline="232" begincolumn="44" endcolumn="52" rule="SignatureDeclareThrowsException" ruleset="Design" package="org.junit.platform.console.options" class="JOptSimpleCommandLineOptionsParserTests" method="parseInvalidIncludedEngines" externalInfoUrl="https://pmd.github.io/pmd/pmd_rules_java_design.html#signaturedeclarethrowsexception" priority="3">
A method/constructor should not explicitly throw java.lang.Exception
</violation>
<violation beginline="237" endline="245" begincolumn="2" endcolumn="2" rule="JUnitTestContainsTooManyAsserts" ruleset="Best Practices" package="org.junit.platform.console.options" class="JOptSimpleCommandLineOptionsParserTests" method="parseValidExcludedEngines" externalInfoUrl="https://pmd.github.io/pmd/pmd_rules_java_bestpractices.html#junittestcontainstoomanyasserts" priority="3">
Unit tests should not contain more than 1 assert(s).
</violation>
<violation beginline="240" endline="240" begincolumn="10" endcolumn="21" rule="JUnitAssertionsShouldIncludeMessage" ruleset="Best Practices" package="org.junit.platform.console.options" class="JOptSimpleCommandLineOptionsParserTests" method="parseValidExcludedEngines" externalInfoUrl="https://pmd.github.io/pmd/pmd_rules_java_bestpractices.html#junitassertionsshouldincludemessage" priority="3">
JUnit assertions should include a message
</violation>
<violation beginline="241" endline="241" begincolumn="10" endcolumn="21" rule="JUnitAssertionsShouldIncludeMessage" ruleset="Best Practices" package="org.junit.platform.console.options" class="JOptSimpleCommandLineOptionsParserTests" method="parseValidExcludedEngines" externalInfoUrl="https://pmd.github.io/pmd/pmd_rules_java_bestpractices.html#junitassertionsshouldincludemessage" priority="3">
JUnit assertions should include a message
</violation>
<violation beginline="242" endline="242" begincolumn="10" endcolumn="21" rule="JUnitAssertionsShouldIncludeMessage" ruleset="Best Practices" package="org.junit.platform.console.options" class="JOptSimpleCommandLineOptionsParserTests" method="parseValidExcludedEngines" externalInfoUrl="https://pmd.github.io/pmd/pmd_rules_java_bestpractices.html#junitassertionsshouldincludemessage" priority="3">
JUnit assertions should include a message
</violation>
<violation beginline="248" endline="248" begincolumn="44" endcolumn="52" rule="SignatureDeclareThrowsException" ruleset="Design" package="org.junit.platform.console.options" class="JOptSimpleCommandLineOptionsParserTests" method="parseInvalidExcludedEngines" externalInfoUrl="https://pmd.github.io/pmd/pmd_rules_java_design.html#signaturedeclarethrowsexception" priority="3">
A method/constructor should not explicitly throw java.lang.Exception
</violation>
<violation beginline="253" endline="269" begincolumn="2" endcolumn="2" rule="JUnitTestContainsTooManyAsserts" ruleset="Best Practices" package="org.junit.platform.console.options" class="JOptSimpleCommandLineOptionsParserTests" method="parseValidAdditionalClasspathEntries" externalInfoUrl="https://pmd.github.io/pmd/pmd_rules_java_bestpractices.html#junittestcontainstoomanyasserts" priority="3">
Unit tests should not contain more than 1 assert(s).
</violation>
<violation beginline="257" endline="257" begincolumn="10" endcolumn="21" rule="JUnitAssertionsShouldIncludeMessage" ruleset="Best Practices" package="org.junit.platform.console.options" class="JOptSimpleCommandLineOptionsParserTests" method="parseValidAdditionalClasspathEntries" externalInfoUrl="https://pmd.github.io/pmd/pmd_rules_java_bestpractices.html#junitassertionsshouldincludemessage" priority="3">
JUnit assertions should include a message
</violation>
<violation beginline="258" endline="258" begincolumn="10" endcolumn="21" rule="JUnitAssertionsShouldIncludeMessage" ruleset="Best Practices" package="org.junit.platform.console.options" class="JOptSimpleCommandLineOptionsParserTests" method="parseValidAdditionalClasspathEntries" externalInfoUrl="https://pmd.github.io/pmd/pmd_rules_java_bestpractices.html#junitassertionsshouldincludemessage" priority="3">
JUnit assertions should include a message
</violation>
<violation beginline="259" endline="259" begincolumn="10" endcolumn="21" rule="JUnitAssertionsShouldIncludeMessage" ruleset="Best Practices" package="org.junit.platform.console.options" class="JOptSimpleCommandLineOptionsParserTests" method="parseValidAdditionalClasspathEntries" externalInfoUrl="https://pmd.github.io/pmd/pmd_rules_java_bestpractices.html#junitassertionsshouldincludemessage" priority="3">
JUnit assertions should include a message
</violation>
<violation beginline="260" endline="260" begincolumn="10" endcolumn="21" rule="JUnitAssertionsShouldIncludeMessage" ruleset="Best Practices" package="org.junit.platform.console.options" class="JOptSimpleCommandLineOptionsParserTests" method="parseValidAdditionalClasspathEntries" externalInfoUrl="https://pmd.github.io/pmd/pmd_rules_java_bestpractices.html#junitassertionsshouldincludemessage" priority="3">
JUnit assertions should include a message
</violation>
<violation beginline="261" endline="261" begincolumn="10" endcolumn="21" rule="JUnitAssertionsShouldIncludeMessage" ruleset="Best Practices" package="org.junit.platform.console.options" class="JOptSimpleCommandLineOptionsParserTests" method="parseValidAdditionalClasspathEntries" externalInfoUrl="https://pmd.github.io/pmd/pmd_rules_java_bestpractices.html#junitassertionsshouldincludemessage" priority="3">
JUnit assertions should include a message
</violation>
<violation beginline="262" endline="262" begincolumn="10" endcolumn="21" rule="JUnitAssertionsShouldIncludeMessage" ruleset="Best Practices" package="org.junit.platform.console.options" class="JOptSimpleCommandLineOptionsParserTests" method="parseValidAdditionalClasspathEntries" externalInfoUrl="https://pmd.github.io/pmd/pmd_rules_java_bestpractices.html#junitassertionsshouldincludemessage" priority="3">
JUnit assertions should include a message
</violation>
<violation beginline="263" endline="263" begincolumn="10" endcolumn="21" rule="JUnitAssertionsShouldIncludeMessage" ruleset="Best Practices" package="org.junit.platform.console.options" class="JOptSimpleCommandLineOptionsParserTests" method="parseValidAdditionalClasspathEntries" externalInfoUrl="https://pmd.github.io/pmd/pmd_rules_java_bestpractices.html#junitassertionsshouldincludemessage" priority="3">
JUnit assertions should include a message
</violation>
<violation beginline="264" endline="264" begincolumn="10" endcolumn="21" rule="JUnitAssertionsShouldIncludeMessage" ruleset="Best Practices" package="org.junit.platform.console.options" class="JOptSimpleCommandLineOptionsParserTests" method="parseValidAdditionalClasspathEntries" externalInfoUrl="https://pmd.github.io/pmd/pmd_rules_java_bestpractices.html#junitassertionsshouldincludemessage" priority="3">
JUnit assertions should include a message
</violation>
<violation beginline="265" endline="265" begincolumn="10" endcolumn="21" rule="JUnitAssertionsShouldIncludeMessage" ruleset="Best Practices" package="org.junit.platform.console.options" class="JOptSimpleCommandLineOptionsParserTests" method="parseValidAdditionalClasspathEntries" externalInfoUrl="https://pmd.github.io/pmd/pmd_rules_java_bestpractices.html#junitassertionsshouldincludemessage" priority="3">
JUnit assertions should include a message
</violation>
<violation beginline="266" endline="266" begincolumn="10" endcolumn="21" rule="JUnitAssertionsShouldIncludeMessage" ruleset="Best Practices" package="org.junit.platform.console.options" class="JOptSimpleCommandLineOptionsParserTests" method="parseValidAdditionalClasspathEntries" externalInfoUrl="https://pmd.github.io/pmd/pmd_rules_java_bestpractices.html#junitassertionsshouldincludemessage" priority="3">
JUnit assertions should include a message
</violation>
<violation beginline="266" endline="266" begincolumn="114" endcolumn="128" rule="AvoidDuplicateLiterals" ruleset="Error Prone" package="org.junit.platform.console.options" class="JOptSimpleCommandLineOptionsParserTests" method="parseValidAdditionalClasspathEntries" externalInfoUrl="https://pmd.github.io/pmd/pmd_rules_java_errorprone.html#avoidduplicateliterals" priority="3">
The String literal "src/test/java" appears 4 times in this file; the first occurrence is on line 266
</violation>
<violation beginline="277" endline="285" begincolumn="2" endcolumn="2" rule="JUnitTestContainsTooManyAsserts" ruleset="Best Practices" package="org.junit.platform.console.options" class="JOptSimpleCommandLineOptionsParserTests" method="parseValidXmlReportsDirs" externalInfoUrl="https://pmd.github.io/pmd/pmd_rules_java_bestpractices.html#junittestcontainstoomanyasserts" priority="3">
Unit tests should not contain more than 1 assert(s).
</violation>
<violation beginline="281" endline="281" begincolumn="10" endcolumn="21" rule="JUnitAssertionsShouldIncludeMessage" ruleset="Best Practices" package="org.junit.platform.console.options" class="JOptSimpleCommandLineOptionsParserTests" method="parseValidXmlReportsDirs" externalInfoUrl="https://pmd.github.io/pmd/pmd_rules_java_bestpractices.html#junitassertionsshouldincludemessage" priority="3">
JUnit assertions should include a message
</violation>
<violation beginline="282" endline="282" begincolumn="10" endcolumn="21" rule="JUnitAssertionsShouldIncludeMessage" ruleset="Best Practices" package="org.junit.platform.console.options" class="JOptSimpleCommandLineOptionsParserTests" method="parseValidXmlReportsDirs" externalInfoUrl="https://pmd.github.io/pmd/pmd_rules_java_bestpractices.html#junitassertionsshouldincludemessage" priority="3">
JUnit assertions should include a message
</violation>
<violation beginline="288" endline="288" begincolumn="43" endcolumn="51" rule="SignatureDeclareThrowsException" ruleset="Design" package="org.junit.platform.console.options" class="JOptSimpleCommandLineOptionsParserTests" method="parseInvalidXmlReportsDirs" externalInfoUrl="https://pmd.github.io/pmd/pmd_rules_java_design.html#signaturedeclarethrowsexception" priority="3">
A method/constructor should not explicitly throw java.lang.Exception
</violation>
<violation beginline="293" endline="305" begincolumn="2" endcolumn="2" rule="JUnitTestContainsTooManyAsserts" ruleset="Best Practices" package="org.junit.platform.console.options" class="JOptSimpleCommandLineOptionsParserTests" method="parseValidUriSelectors" externalInfoUrl="https://pmd.github.io/pmd/pmd_rules_java_bestpractices.html#junittestcontainstoomanyasserts" priority="3">
Unit tests should not contain more than 1 assert(s).
</violation>
<violation beginline="296" endline="296" begincolumn="11" endcolumn="22" rule="JUnitAssertionsShouldIncludeMessage" ruleset="Best Practices" package="org.junit.platform.console.options" class="JOptSimpleCommandLineOptionsParserTests" method="parseValidUriSelectors" externalInfoUrl="https://pmd.github.io/pmd/pmd_rules_java_bestpractices.html#junitassertionsshouldincludemessage" priority="3">
JUnit assertions should include a message
</violation>
<violation beginline="296" endline="296" begincolumn="46" endcolumn="62" rule="AvoidDuplicateLiterals" ruleset="Error Prone" package="org.junit.platform.console.options" class="JOptSimpleCommandLineOptionsParserTests" method="parseValidUriSelectors" externalInfoUrl="https://pmd.github.io/pmd/pmd_rules_java_errorprone.html#avoidduplicateliterals" priority="3">
The String literal "file:///foo.txt" appears 7 times in this file; the first occurrence is on line 296
</violation>
<violation beginline="297" endline="297" begincolumn="11" endcolumn="22" rule="JUnitAssertionsShouldIncludeMessage" ruleset="Best Practices" package="org.junit.platform.console.options" class="JOptSimpleCommandLineOptionsParserTests" method="parseValidUriSelectors" externalInfoUrl="https://pmd.github.io/pmd/pmd_rules_java_bestpractices.html#junitassertionsshouldincludemessage" priority="3">
JUnit assertions should include a message
</violation>
<violation beginline="298" endline="298" begincolumn="11" endcolumn="22" rule="JUnitAssertionsShouldIncludeMessage" ruleset="Best Practices" package="org.junit.platform.console.options" class="JOptSimpleCommandLineOptionsParserTests" method="parseValidUriSelectors" externalInfoUrl="https://pmd.github.io/pmd/pmd_rules_java_bestpractices.html#junitassertionsshouldincludemessage" priority="3">
JUnit assertions should include a message
</violation>
<violation beginline="299" endline="299" begincolumn="11" endcolumn="22" rule="JUnitAssertionsShouldIncludeMessage" ruleset="Best Practices" package="org.junit.platform.console.options" class="JOptSimpleCommandLineOptionsParserTests" method="parseValidUriSelectors" externalInfoUrl="https://pmd.github.io/pmd/pmd_rules_java_bestpractices.html#junitassertionsshouldincludemessage" priority="3">
JUnit assertions should include a message
</violation>
<violation beginline="300" endline="300" begincolumn="11" endcolumn="22" rule="JUnitAssertionsShouldIncludeMessage" ruleset="Best Practices" package="org.junit.platform.console.options" class="JOptSimpleCommandLineOptionsParserTests" method="parseValidUriSelectors" externalInfoUrl="https://pmd.github.io/pmd/pmd_rules_java_bestpractices.html#junitassertionsshouldincludemessage" priority="3">
JUnit assertions should include a message
</violation>
<violation beginline="301" endline="301" begincolumn="11" endcolumn="22" rule="JUnitAssertionsShouldIncludeMessage" ruleset="Best Practices" package="org.junit.platform.console.options" class="JOptSimpleCommandLineOptionsParserTests" method="parseValidUriSelectors" externalInfoUrl="https://pmd.github.io/pmd/pmd_rules_java_bestpractices.html#junitassertionsshouldincludemessage" priority="3">
JUnit assertions should include a message
</violation>
<violation beginline="302" endline="302" begincolumn="11" endcolumn="22" rule="JUnitAssertionsShouldIncludeMessage" ruleset="Best Practices" package="org.junit.platform.console.options" class="JOptSimpleCommandLineOptionsParserTests" method="parseValidUriSelectors" externalInfoUrl="https://pmd.github.io/pmd/pmd_rules_java_bestpractices.html#junitassertionsshouldincludemessage" priority="3">
JUnit assertions should include a message
</violation>
<violation beginline="313" endline="325" begincolumn="2" endcolumn="2" rule="JUnitTestContainsTooManyAsserts" ruleset="Best Practices" package="org.junit.platform.console.options" class="JOptSimpleCommandLineOptionsParserTests" method="parseValidFileSelectors" externalInfoUrl="https://pmd.github.io/pmd/pmd_rules_java_bestpractices.html#junittestcontainstoomanyasserts" priority="3">
Unit tests should not contain more than 1 assert(s).
</violation>
<violation beginline="316" endline="316" begincolumn="11" endcolumn="22" rule="JUnitAssertionsShouldIncludeMessage" ruleset="Best Practices" package="org.junit.platform.console.options" class="JOptSimpleCommandLineOptionsParserTests" method="parseValidFileSelectors" externalInfoUrl="https://pmd.github.io/pmd/pmd_rules_java_bestpractices.html#junitassertionsshouldincludemessage" priority="3">
JUnit assertions should include a message
</violation>
<violation beginline="316" endline="316" begincolumn="38" endcolumn="46" rule="AvoidDuplicateLiterals" ruleset="Error Prone" package="org.junit.platform.console.options" class="JOptSimpleCommandLineOptionsParserTests" method="parseValidFileSelectors" externalInfoUrl="https://pmd.github.io/pmd/pmd_rules_java_errorprone.html#avoidduplicateliterals" priority="3">
The String literal "foo.txt" appears 7 times in this file; the first occurrence is on line 316
</violation>
<violation beginline="317" endline="317" begincolumn="11" endcolumn="22" rule="JUnitAssertionsShouldIncludeMessage" ruleset="Best Practices" package="org.junit.platform.console.options" class="JOptSimpleCommandLineOptionsParserTests" method="parseValidFileSelectors" externalInfoUrl="https://pmd.github.io/pmd/pmd_rules_java_bestpractices.html#junitassertionsshouldincludemessage" priority="3">
JUnit assertions should include a message
</violation>
<violation beginline="318" endline="318" begincolumn="11" endcolumn="22" rule="JUnitAssertionsShouldIncludeMessage" ruleset="Best Practices" package="org.junit.platform.console.options" class="JOptSimpleCommandLineOptionsParserTests" method="parseValidFileSelectors" externalInfoUrl="https://pmd.github.io/pmd/pmd_rules_java_bestpractices.html#junitassertionsshouldincludemessage" priority="3">
JUnit assertions should include a message
</violation>
<violation beginline="319" endline="319" begincolumn="11" endcolumn="22" rule="JUnitAssertionsShouldIncludeMessage" ruleset="Best Practices" package="org.junit.platform.console.options" class="JOptSimpleCommandLineOptionsParserTests" method="parseValidFileSelectors" externalInfoUrl="https://pmd.github.io/pmd/pmd_rules_java_bestpractices.html#junitassertionsshouldincludemessage" priority="3">
JUnit assertions should include a message
</violation>
<violation beginline="320" endline="320" begincolumn="11" endcolumn="22" rule="JUnitAssertionsShouldIncludeMessage" ruleset="Best Practices" package="org.junit.platform.console.options" class="JOptSimpleCommandLineOptionsParserTests" method="parseValidFileSelectors" externalInfoUrl="https://pmd.github.io/pmd/pmd_rules_java_bestpractices.html#junitassertionsshouldincludemessage" priority="3">
JUnit assertions should include a message
</violation>
<violation beginline="321" endline="321" begincolumn="11" endcolumn="22" rule="JUnitAssertionsShouldIncludeMessage" ruleset="Best Practices" package="org.junit.platform.console.options" class="JOptSimpleCommandLineOptionsParserTests" method="parseValidFileSelectors" externalInfoUrl="https://pmd.github.io/pmd/pmd_rules_java_bestpractices.html#junitassertionsshouldincludemessage" priority="3">
JUnit assertions should include a message
</violation>
<violation beginline="322" endline="322" begincolumn="11" endcolumn="22" rule="JUnitAssertionsShouldIncludeMessage" ruleset="Best Practices" package="org.junit.platform.console.options" class="JOptSimpleCommandLineOptionsParserTests" method="parseValidFileSelectors" externalInfoUrl="https://pmd.github.io/pmd/pmd_rules_java_bestpractices.html#junitassertionsshouldincludemessage" priority="3">
JUnit assertions should include a message
</violation>
<violation beginline="333" endline="345" begincolumn="2" endcolumn="2" rule="JUnitTestContainsTooManyAsserts" ruleset="Best Practices" package="org.junit.platform.console.options" class="JOptSimpleCommandLineOptionsParserTests" method="parseValidDirectorySelectors" externalInfoUrl="https://pmd.github.io/pmd/pmd_rules_java_bestpractices.html#junittestcontainstoomanyasserts" priority="3">
Unit tests should not contain more than 1 assert(s).
</violation>
<violation beginline="336" endline="336" begincolumn="11" endcolumn="22" rule="JUnitAssertionsShouldIncludeMessage" ruleset="Best Practices" package="org.junit.platform.console.options" class="JOptSimpleCommandLineOptionsParserTests" method="parseValidDirectorySelectors" externalInfoUrl="https://pmd.github.io/pmd/pmd_rules_java_bestpractices.html#junitassertionsshouldincludemessage" priority="3">
JUnit assertions should include a message
</violation>
<violation beginline="336" endline="336" begincolumn="38" endcolumn="46" rule="AvoidDuplicateLiterals" ruleset="Error Prone" package="org.junit.platform.console.options" class="JOptSimpleCommandLineOptionsParserTests" method="parseValidDirectorySelectors" externalInfoUrl="https://pmd.github.io/pmd/pmd_rules_java_errorprone.html#avoidduplicateliterals" priority="3">
The String literal "foo/bar" appears 7 times in this file; the first occurrence is on line 336
</violation>
<violation beginline="337" endline="337" begincolumn="11" endcolumn="22" rule="JUnitAssertionsShouldIncludeMessage" ruleset="Best Practices" package="org.junit.platform.console.options" class="JOptSimpleCommandLineOptionsParserTests" method="parseValidDirectorySelectors" externalInfoUrl="https://pmd.github.io/pmd/pmd_rules_java_bestpractices.html#junitassertionsshouldincludemessage" priority="3">
JUnit assertions should include a message
</violation>
<violation beginline="338" endline="338" begincolumn="11" endcolumn="22" rule="JUnitAssertionsShouldIncludeMessage" ruleset="Best Practices" package="org.junit.platform.console.options" class="JOptSimpleCommandLineOptionsParserTests" method="parseValidDirectorySelectors" externalInfoUrl="https://pmd.github.io/pmd/pmd_rules_java_bestpractices.html#junitassertionsshouldincludemessage" priority="3">
JUnit assertions should include a message
</violation>
<violation beginline="339" endline="339" begincolumn="11" endcolumn="22" rule="JUnitAssertionsShouldIncludeMessage" ruleset="Best Practices" package="org.junit.platform.console.options" class="JOptSimpleCommandLineOptionsParserTests" method="parseValidDirectorySelectors" externalInfoUrl="https://pmd.github.io/pmd/pmd_rules_java_bestpractices.html#junitassertionsshouldincludemessage" priority="3">
JUnit assertions should include a message
</violation>
<violation beginline="340" endline="340" begincolumn="11" endcolumn="22" rule="JUnitAssertionsShouldIncludeMessage" ruleset="Best Practices" package="org.junit.platform.console.options" class="JOptSimpleCommandLineOptionsParserTests" method="parseValidDirectorySelectors" externalInfoUrl="https://pmd.github.io/pmd/pmd_rules_java_bestpractices.html#junitassertionsshouldincludemessage" priority="3">
JUnit assertions should include a message
</violation>
<violation beginline="341" endline="341" begincolumn="11" endcolumn="22" rule="JUnitAssertionsShouldIncludeMessage" ruleset="Best Practices" package="org.junit.platform.console.options" class="JOptSimpleCommandLineOptionsParserTests" method="parseValidDirectorySelectors" externalInfoUrl="https://pmd.github.io/pmd/pmd_rules_java_bestpractices.html#junitassertionsshouldincludemessage" priority="3">
JUnit assertions should include a message
</violation>
<violation beginline="342" endline="342" begincolumn="11" endcolumn="22" rule="JUnitAssertionsShouldIncludeMessage" ruleset="Best Practices" package="org.junit.platform.console.options" class="JOptSimpleCommandLineOptionsParserTests" method="parseValidDirectorySelectors" externalInfoUrl="https://pmd.github.io/pmd/pmd_rules_java_bestpractices.html#junitassertionsshouldincludemessage" priority="3">
JUnit assertions should include a message
</violation>
<violation beginline="353" endline="365" begincolumn="2" endcolumn="2" rule="JUnitTestContainsTooManyAsserts" ruleset="Best Practices" package="org.junit.platform.console.options" class="JOptSimpleCommandLineOptionsParserTests" method="parseValidPackageSelectors" externalInfoUrl="https://pmd.github.io/pmd/pmd_rules_java_bestpractices.html#junittestcontainstoomanyasserts" priority="3">
Unit tests should not contain more than 1 assert(s).
</violation>
<violation beginline="356" endline="356" begincolumn="11" endcolumn="22" rule="JUnitAssertionsShouldIncludeMessage" ruleset="Best Practices" package="org.junit.platform.console.options" class="JOptSimpleCommandLineOptionsParserTests" method="parseValidPackageSelectors" externalInfoUrl="https://pmd.github.io/pmd/pmd_rules_java_bestpractices.html#junitassertionsshouldincludemessage" priority="3">
JUnit assertions should include a message
</violation>
<violation beginline="356" endline="356" begincolumn="38" endcolumn="51" rule="AvoidDuplicateLiterals" ruleset="Error Prone" package="org.junit.platform.console.options" class="JOptSimpleCommandLineOptionsParserTests" method="parseValidPackageSelectors" externalInfoUrl="https://pmd.github.io/pmd/pmd_rules_java_errorprone.html#avoidduplicateliterals" priority="3">
The String literal "com.acme.foo" appears 7 times in this file; the first occurrence is on line 356
</violation>
<violation beginline="357" endline="357" begincolumn="11" endcolumn="22" rule="JUnitAssertionsShouldIncludeMessage" ruleset="Best Practices" package="org.junit.platform.console.options" class="JOptSimpleCommandLineOptionsParserTests" method="parseValidPackageSelectors" externalInfoUrl="https://pmd.github.io/pmd/pmd_rules_java_bestpractices.html#junitassertionsshouldincludemessage" priority="3">
JUnit assertions should include a message
</violation>
<violation beginline="358" endline="358" begincolumn="11" endcolumn="22" rule="JUnitAssertionsShouldIncludeMessage" ruleset="Best Practices" package="org.junit.platform.console.options" class="JOptSimpleCommandLineOptionsParserTests" method="parseValidPackageSelectors" externalInfoUrl="https://pmd.github.io/pmd/pmd_rules_java_bestpractices.html#junitassertionsshouldincludemessage" priority="3">
JUnit assertions should include a message
</violation>
<violation beginline="359" endline="359" begincolumn="11" endcolumn="22" rule="JUnitAssertionsShouldIncludeMessage" ruleset="Best Practices" package="org.junit.platform.console.options" class="JOptSimpleCommandLineOptionsParserTests" method="parseValidPackageSelectors" externalInfoUrl="https://pmd.github.io/pmd/pmd_rules_java_bestpractices.html#junitassertionsshouldincludemessage" priority="3">
JUnit assertions should include a message
</violation>
<violation beginline="360" endline="360" begincolumn="11" endcolumn="22" rule="JUnitAssertionsShouldIncludeMessage" ruleset="Best Practices" package="org.junit.platform.console.options" class="JOptSimpleCommandLineOptionsParserTests" method="parseValidPackageSelectors" externalInfoUrl="https://pmd.github.io/pmd/pmd_rules_java_bestpractices.html#junitassertionsshouldincludemessage" priority="3">
JUnit assertions should include a message
</violation>
<violation beginline="361" endline="361" begincolumn="11" endcolumn="22" rule="JUnitAssertionsShouldIncludeMessage" ruleset="Best Practices" package="org.junit.platform.console.options" class="JOptSimpleCommandLineOptionsParserTests" method="parseValidPackageSelectors" externalInfoUrl="https://pmd.github.io/pmd/pmd_rules_java_bestpractices.html#junitassertionsshouldincludemessage" priority="3">
JUnit assertions should include a message
</violation>
<violation beginline="362" endline="362" begincolumn="11" endcolumn="22" rule="JUnitAssertionsShouldIncludeMessage" ruleset="Best Practices" package="org.junit.platform.console.options" class="JOptSimpleCommandLineOptionsParserTests" method="parseValidPackageSelectors" externalInfoUrl="https://pmd.github.io/pmd/pmd_rules_java_bestpractices.html#junitassertionsshouldincludemessage" priority="3">
JUnit assertions should include a message
</violation>
<violation beginline="373" endline="385" begincolumn="2" endcolumn="2" rule="JUnitTestContainsTooManyAsserts" ruleset="Best Practices" package="org.junit.platform.console.options" class="JOptSimpleCommandLineOptionsParserTests" method="parseValidClassSelectors" externalInfoUrl="https://pmd.github.io/pmd/pmd_rules_java_bestpractices.html#junittestcontainstoomanyasserts" priority="3">
Unit tests should not contain more than 1 assert(s).
</violation>
<violation beginline="376" endline="376" begincolumn="11" endcolumn="22" rule="JUnitAssertionsShouldIncludeMessage" ruleset="Best Practices" package="org.junit.platform.console.options" class="JOptSimpleCommandLineOptionsParserTests" method="parseValidClassSelectors" externalInfoUrl="https://pmd.github.io/pmd/pmd_rules_java_bestpractices.html#junitassertionsshouldincludemessage" priority="3">
JUnit assertions should include a message
</violation>
<violation beginline="376" endline="376" begincolumn="38" endcolumn="51" rule="AvoidDuplicateLiterals" ruleset="Error Prone" package="org.junit.platform.console.options" class="JOptSimpleCommandLineOptionsParserTests" method="parseValidClassSelectors" externalInfoUrl="https://pmd.github.io/pmd/pmd_rules_java_errorprone.html#avoidduplicateliterals" priority="3">
The String literal "com.acme.Foo" appears 7 times in this file; the first occurrence is on line 376
</violation>
<violation beginline="377" endline="377" begincolumn="11" endcolumn="22" rule="JUnitAssertionsShouldIncludeMessage" ruleset="Best Practices" package="org.junit.platform.console.options" class="JOptSimpleCommandLineOptionsParserTests" method="parseValidClassSelectors" externalInfoUrl="https://pmd.github.io/pmd/pmd_rules_java_bestpractices.html#junitassertionsshouldincludemessage" priority="3">
JUnit assertions should include a message
</violation>
<violation beginline="378" endline="378" begincolumn="11" endcolumn="22" rule="JUnitAssertionsShouldIncludeMessage" ruleset="Best Practices" package="org.junit.platform.console.options" class="JOptSimpleCommandLineOptionsParserTests" method="parseValidClassSelectors" externalInfoUrl="https://pmd.github.io/pmd/pmd_rules_java_bestpractices.html#junitassertionsshouldincludemessage" priority="3">
JUnit assertions should include a message
</violation>
<violation beginline="379" endline="379" begincolumn="11" endcolumn="22" rule="JUnitAssertionsShouldIncludeMessage" ruleset="Best Practices" package="org.junit.platform.console.options" class="JOptSimpleCommandLineOptionsParserTests" method="parseValidClassSelectors" externalInfoUrl="https://pmd.github.io/pmd/pmd_rules_java_bestpractices.html#junitassertionsshouldincludemessage" priority="3">
JUnit assertions should include a message
</violation>
<violation beginline="380" endline="380" begincolumn="11" endcolumn="22" rule="JUnitAssertionsShouldIncludeMessage" ruleset="Best Practices" package="org.junit.platform.console.options" class="JOptSimpleCommandLineOptionsParserTests" method="parseValidClassSelectors" externalInfoUrl="https://pmd.github.io/pmd/pmd_rules_java_bestpractices.html#junitassertionsshouldincludemessage" priority="3">
JUnit assertions should include a message
</violation>
<violation beginline="381" endline="381" begincolumn="11" endcolumn="22" rule="JUnitAssertionsShouldIncludeMessage" ruleset="Best Practices" package="org.junit.platform.console.options" class="JOptSimpleCommandLineOptionsParserTests" method="parseValidClassSelectors" externalInfoUrl="https://pmd.github.io/pmd/pmd_rules_java_bestpractices.html#junitassertionsshouldincludemessage" priority="3">
JUnit assertions should include a message
</violation>
<violation beginline="382" endline="382" begincolumn="11" endcolumn="22" rule="JUnitAssertionsShouldIncludeMessage" ruleset="Best Practices" package="org.junit.platform.console.options" class="JOptSimpleCommandLineOptionsParserTests" method="parseValidClassSelectors" externalInfoUrl="https://pmd.github.io/pmd/pmd_rules_java_bestpractices.html#junitassertionsshouldincludemessage" priority="3">
JUnit assertions should include a message
</violation>
<violation beginline="393" endline="406" begincolumn="2" endcolumn="2" rule="JUnitTestContainsTooManyAsserts" ruleset="Best Practices" package="org.junit.platform.console.options" class="JOptSimpleCommandLineOptionsParserTests" method="parseValidMethodSelectors" externalInfoUrl="https://pmd.github.io/pmd/pmd_rules_java_bestpractices.html#junittestcontainstoomanyasserts" priority="3">
Unit tests should not contain more than 1 assert(s).
</violation>
<violation beginline="396" endline="396" begincolumn="11" endcolumn="22" rule="JUnitAssertionsShouldIncludeMessage" ruleset="Best Practices" package="org.junit.platform.console.options" class="JOptSimpleCommandLineOptionsParserTests" method="parseValidMethodSelectors" externalInfoUrl="https://pmd.github.io/pmd/pmd_rules_java_bestpractices.html#junitassertionsshouldincludemessage" priority="3">
JUnit assertions should include a message
</violation>
<violation beginline="396" endline="396" begincolumn="38" endcolumn="55" rule="AvoidDuplicateLiterals" ruleset="Error Prone" package="org.junit.platform.console.options" class="JOptSimpleCommandLineOptionsParserTests" method="parseValidMethodSelectors" externalInfoUrl="https://pmd.github.io/pmd/pmd_rules_java_errorprone.html#avoidduplicateliterals" priority="3">
The String literal "com.acme.Foo#m()" appears 7 times in this file; the first occurrence is on line 396
</violation>
<violation beginline="397" endline="397" begincolumn="11" endcolumn="22" rule="JUnitAssertionsShouldIncludeMessage" ruleset="Best Practices" package="org.junit.platform.console.options" class="JOptSimpleCommandLineOptionsParserTests" method="parseValidMethodSelectors" externalInfoUrl="https://pmd.github.io/pmd/pmd_rules_java_bestpractices.html#junitassertionsshouldincludemessage" priority="3">
JUnit assertions should include a message
</violation>
<violation beginline="398" endline="398" begincolumn="11" endcolumn="22" rule="JUnitAssertionsShouldIncludeMessage" ruleset="Best Practices" package="org.junit.platform.console.options" class="JOptSimpleCommandLineOptionsParserTests" method="parseValidMethodSelectors" externalInfoUrl="https://pmd.github.io/pmd/pmd_rules_java_bestpractices.html#junitassertionsshouldincludemessage" priority="3">
JUnit assertions should include a message
</violation>
<violation beginline="399" endline="399" begincolumn="11" endcolumn="22" rule="JUnitAssertionsShouldIncludeMessage" ruleset="Best Practices" package="org.junit.platform.console.options" class="JOptSimpleCommandLineOptionsParserTests" method="parseValidMethodSelectors" externalInfoUrl="https://pmd.github.io/pmd/pmd_rules_java_bestpractices.html#junitassertionsshouldincludemessage" priority="3">
JUnit assertions should include a message
</violation>
<violation beginline="400" endline="400" begincolumn="11" endcolumn="22" rule="JUnitAssertionsShouldIncludeMessage" ruleset="Best Practices" package="org.junit.platform.console.options" class="JOptSimpleCommandLineOptionsParserTests" method="parseValidMethodSelectors" externalInfoUrl="https://pmd.github.io/pmd/pmd_rules_java_bestpractices.html#junitassertionsshouldincludemessage" priority="3">
JUnit assertions should include a message
</violation>
<violation beginline="401" endline="401" begincolumn="11" endcolumn="22" rule="JUnitAssertionsShouldIncludeMessage" ruleset="Best Practices" package="org.junit.platform.console.options" class="JOptSimpleCommandLineOptionsParserTests" method="parseValidMethodSelectors" externalInfoUrl="https://pmd.github.io/pmd/pmd_rules_java_bestpractices.html#junitassertionsshouldincludemessage" priority="3">
JUnit assertions should include a message
</violation>
<violation beginline="402" endline="402" begincolumn="11" endcolumn="22" rule="JUnitAssertionsShouldIncludeMessage" ruleset="Best Practices" package="org.junit.platform.console.options" class="JOptSimpleCommandLineOptionsParserTests" method="parseValidMethodSelectors" externalInfoUrl="https://pmd.github.io/pmd/pmd_rules_java_bestpractices.html#junitassertionsshouldincludemessage" priority="3">
JUnit assertions should include a message
</violation>
<violation beginline="414" endline="426" begincolumn="2" endcolumn="2" rule="JUnitTestContainsTooManyAsserts" ruleset="Best Practices" package="org.junit.platform.console.options" class="JOptSimpleCommandLineOptionsParserTests" method="parseValidClasspathResourceSelectors" externalInfoUrl="https://pmd.github.io/pmd/pmd_rules_java_bestpractices.html#junittestcontainstoomanyasserts" priority="3">
Unit tests should not contain more than 1 assert(s).
</violation>
<violation beginline="417" endline="417" begincolumn="11" endcolumn="22" rule="JUnitAssertionsShouldIncludeMessage" ruleset="Best Practices" package="org.junit.platform.console.options" class="JOptSimpleCommandLineOptionsParserTests" method="parseValidClasspathResourceSelectors" externalInfoUrl="https://pmd.github.io/pmd/pmd_rules_java_bestpractices.html#junitassertionsshouldincludemessage" priority="3">
JUnit assertions should include a message
</violation>
<violation beginline="417" endline="417" begincolumn="38" endcolumn="47" rule="AvoidDuplicateLiterals" ruleset="Error Prone" package="org.junit.platform.console.options" class="JOptSimpleCommandLineOptionsParserTests" method="parseValidClasspathResourceSelectors" externalInfoUrl="https://pmd.github.io/pmd/pmd_rules_java_errorprone.html#avoidduplicateliterals" priority="3">
The String literal "/foo.csv" appears 7 times in this file; the first occurrence is on line 417
</violation>
<violation beginline="418" endline="418" begincolumn="11" endcolumn="22" rule="JUnitAssertionsShouldIncludeMessage" ruleset="Best Practices" package="org.junit.platform.console.options" class="JOptSimpleCommandLineOptionsParserTests" method="parseValidClasspathResourceSelectors" externalInfoUrl="https://pmd.github.io/pmd/pmd_rules_java_bestpractices.html#junitassertionsshouldincludemessage" priority="3">
JUnit assertions should include a message
</violation>
<violation beginline="419" endline="419" begincolumn="11" endcolumn="22" rule="JUnitAssertionsShouldIncludeMessage" ruleset="Best Practices" package="org.junit.platform.console.options" class="JOptSimpleCommandLineOptionsParserTests" method="parseValidClasspathResourceSelectors" externalInfoUrl="https://pmd.github.io/pmd/pmd_rules_java_bestpractices.html#junitassertionsshouldincludemessage" priority="3">
JUnit assertions should include a message
</violation>
<violation beginline="420" endline="420" begincolumn="11" endcolumn="22" rule="JUnitAssertionsShouldIncludeMessage" ruleset="Best Practices" package="org.junit.platform.console.options" class="JOptSimpleCommandLineOptionsParserTests" method="parseValidClasspathResourceSelectors" externalInfoUrl="https://pmd.github.io/pmd/pmd_rules_java_bestpractices.html#junitassertionsshouldincludemessage" priority="3">
JUnit assertions should include a message
</violation>
<violation beginline="421" endline="421" begincolumn="11" endcolumn="22" rule="JUnitAssertionsShouldIncludeMessage" ruleset="Best Practices" package="org.junit.platform.console.options" class="JOptSimpleCommandLineOptionsParserTests" method="parseValidClasspathResourceSelectors" externalInfoUrl="https://pmd.github.io/pmd/pmd_rules_java_bestpractices.html#junitassertionsshouldincludemessage" priority="3">
JUnit assertions should include a message
</violation>
<violation beginline="422" endline="422" begincolumn="11" endcolumn="22" rule="JUnitAssertionsShouldIncludeMessage" ruleset="Best Practices" package="org.junit.platform.console.options" class="JOptSimpleCommandLineOptionsParserTests" method="parseValidClasspathResourceSelectors" externalInfoUrl="https://pmd.github.io/pmd/pmd_rules_java_bestpractices.html#junitassertionsshouldincludemessage" priority="3">
JUnit assertions should include a message
</violation>
<violation beginline="423" endline="423" begincolumn="11" endcolumn="22" rule="JUnitAssertionsShouldIncludeMessage" ruleset="Best Practices" package="org.junit.platform.console.options" class="JOptSimpleCommandLineOptionsParserTests" method="parseValidClasspathResourceSelectors" externalInfoUrl="https://pmd.github.io/pmd/pmd_rules_java_bestpractices.html#junitassertionsshouldincludemessage" priority="3">
JUnit assertions should include a message
</violation>
<violation beginline="434" endline="451" begincolumn="2" endcolumn="2" rule="JUnitTestContainsTooManyAsserts" ruleset="Best Practices" package="org.junit.platform.console.options" class="JOptSimpleCommandLineOptionsParserTests" method="parseClasspathScanningEntries" externalInfoUrl="https://pmd.github.io/pmd/pmd_rules_java_bestpractices.html#junittestcontainstoomanyasserts" priority="3">
Unit tests should not contain more than 1 assert(s).
</violation>
<violation beginline="438" endline="438" begincolumn="10" endcolumn="19" rule="JUnitAssertionsShouldIncludeMessage" ruleset="Best Practices" package="org.junit.platform.console.options" class="JOptSimpleCommandLineOptionsParserTests" method="parseClasspathScanningEntries" externalInfoUrl="https://pmd.github.io/pmd/pmd_rules_java_bestpractices.html#junitassertionsshouldincludemessage" priority="3">
JUnit assertions should include a message
</violation>
<violation beginline="439" endline="439" begincolumn="10" endcolumn="21" rule="JUnitAssertionsShouldIncludeMessage" ruleset="Best Practices" package="org.junit.platform.console.options" class="JOptSimpleCommandLineOptionsParserTests" method="parseClasspathScanningEntries" externalInfoUrl="https://pmd.github.io/pmd/pmd_rules_java_bestpractices.html#junitassertionsshouldincludemessage" priority="3">
JUnit assertions should include a message
</violation>
<violation beginline="440" endline="440" begincolumn="10" endcolumn="19" rule="JUnitAssertionsShouldIncludeMessage" ruleset="Best Practices" package="org.junit.platform.console.options" class="JOptSimpleCommandLineOptionsParserTests" method="parseClasspathScanningEntries" externalInfoUrl="https://pmd.github.io/pmd/pmd_rules_java_bestpractices.html#junitassertionsshouldincludemessage" priority="3">
JUnit assertions should include a message
</violation>
<violation beginline="441" endline="441" begincolumn="10" endcolumn="21" rule="JUnitAssertionsShouldIncludeMessage" ruleset="Best Practices" package="org.junit.platform.console.options" class="JOptSimpleCommandLineOptionsParserTests" method="parseClasspathScanningEntries" externalInfoUrl="https://pmd.github.io/pmd/pmd_rules_java_bestpractices.html#junitassertionsshouldincludemessage" priority="3">
JUnit assertions should include a message
</violation>
<violation beginline="442" endline="442" begincolumn="10" endcolumn="19" rule="JUnitAssertionsShouldIncludeMessage" ruleset="Best Practices" package="org.junit.platform.console.options" class="JOptSimpleCommandLineOptionsParserTests" method="parseClasspathScanningEntries" externalInfoUrl="https://pmd.github.io/pmd/pmd_rules_java_bestpractices.html#junitassertionsshouldincludemessage" priority="3">
JUnit assertions should include a message
</violation>
<violation beginline="443" endline="443" begincolumn="10" endcolumn="21" rule="JUnitAssertionsShouldIncludeMessage" ruleset="Best Practices" package="org.junit.platform.console.options" class="JOptSimpleCommandLineOptionsParserTests" method="parseClasspathScanningEntries" externalInfoUrl="https://pmd.github.io/pmd/pmd_rules_java_bestpractices.html#junitassertionsshouldincludemessage" priority="3">
JUnit assertions should include a message
</violation>
<violation beginline="444" endline="444" begincolumn="10" endcolumn="21" rule="JUnitAssertionsShouldIncludeMessage" ruleset="Best Practices" package="org.junit.platform.console.options" class="JOptSimpleCommandLineOptionsParserTests" method="parseClasspathScanningEntries" externalInfoUrl="https://pmd.github.io/pmd/pmd_rules_java_bestpractices.html#junitassertionsshouldincludemessage" priority="3">
JUnit assertions should include a message
</violation>
<violation beginline="445" endline="445" begincolumn="10" endcolumn="21" rule="JUnitAssertionsShouldIncludeMessage" ruleset="Best Practices" package="org.junit.platform.console.options" class="JOptSimpleCommandLineOptionsParserTests" method="parseClasspathScanningEntries" externalInfoUrl="https://pmd.github.io/pmd/pmd_rules_java_bestpractices.html#junitassertionsshouldincludemessage" priority="3">
JUnit assertions should include a message
</violation>
<violation beginline="446" endline="446" begincolumn="10" endcolumn="21" rule="JUnitAssertionsShouldIncludeMessage" ruleset="Best Practices" package="org.junit.platform.console.options" class="JOptSimpleCommandLineOptionsParserTests" method="parseClasspathScanningEntries" externalInfoUrl="https://pmd.github.io/pmd/pmd_rules_java_bestpractices.html#junitassertionsshouldincludemessage" priority="3">
JUnit assertions should include a message
</violation>
<violation beginline="447" endline="447" begincolumn="10" endcolumn="21" rule="JUnitAssertionsShouldIncludeMessage" ruleset="Best Practices" package="org.junit.platform.console.options" class="JOptSimpleCommandLineOptionsParserTests" method="parseClasspathScanningEntries" externalInfoUrl="https://pmd.github.io/pmd/pmd_rules_java_bestpractices.html#junitassertionsshouldincludemessage" priority="3">
JUnit assertions should include a message
</violation>
<violation beginline="448" endline="448" begincolumn="10" endcolumn="21" rule="JUnitAssertionsShouldIncludeMessage" ruleset="Best Practices" package="org.junit.platform.console.options" class="JOptSimpleCommandLineOptionsParserTests" method="parseClasspathScanningEntries" externalInfoUrl="https://pmd.github.io/pmd/pmd_rules_java_bestpractices.html#junitassertionsshouldincludemessage" priority="3">
JUnit assertions should include a message
</violation>
<violation beginline="454" endline="469" begincolumn="2" endcolumn="2" rule="JUnitTestContainsTooManyAsserts" ruleset="Best Practices" package="org.junit.platform.console.options" class="JOptSimpleCommandLineOptionsParserTests" method="parseValidConfigurationParameters" externalInfoUrl="https://pmd.github.io/pmd/pmd_rules_java_bestpractices.html#junittestcontainstoomanyasserts" priority="3">
Unit tests should not contain more than 1 assert(s).
</violation>
<violation beginline="458" endline="458" begincolumn="34" endcolumn="38" rule="AvoidDuplicateLiterals" ruleset="Error Prone" package="org.junit.platform.console.options" class="JOptSimpleCommandLineOptionsParserTests" method="parseValidConfigurationParameters" externalInfoUrl="https://pmd.github.io/pmd/pmd_rules_java_errorprone.html#avoidduplicateliterals" priority="3">
The String literal "bar" appears 5 times in this file; the first occurrence is on line 458
</violation>
<violation beginline="458" endline="458" begincolumn="27" endcolumn="31" rule="AvoidDuplicateLiterals" ruleset="Error Prone" package="org.junit.platform.console.options" class="JOptSimpleCommandLineOptionsParserTests" method="parseValidConfigurationParameters" externalInfoUrl="https://pmd.github.io/pmd/pmd_rules_java_errorprone.html#avoidduplicateliterals" priority="3">
The String literal "foo" appears 5 times in this file; the first occurrence is on line 458
</violation>
<violation beginline="465" endline="465" begincolumn="11" endcolumn="20" rule="JUnitAssertionsShouldIncludeMessage" ruleset="Best Practices" package="org.junit.platform.console.options" class="JOptSimpleCommandLineOptionsParserTests" method="parseValidConfigurationParameters" externalInfoUrl="https://pmd.github.io/pmd/pmd_rules_java_bestpractices.html#junitassertionsshouldincludemessage" priority="3">
JUnit assertions should include a message
</violation>
<violation beginline="486" endline="508" begincolumn="2" endcolumn="2" rule="JUnitTestContainsTooManyAsserts" ruleset="Best Practices" package="org.junit.platform.console.options" class="JOptSimpleCommandLineOptionsParserTests" method="printHelpPreservesOriginalIOException" externalInfoUrl="https://pmd.github.io/pmd/pmd_rules_java_bestpractices.html#junittestcontainstoomanyasserts" priority="3">
Unit tests should not contain more than 1 assert(s).
</violation>
<violation beginline="487" endline="487" begincolumn="10" endcolumn="15" rule="CloseResource" ruleset="Error Prone" package="org.junit.platform.console.options" class="JOptSimpleCommandLineOptionsParserTests" method="printHelpPreservesOriginalIOException" variable="writer" externalInfoUrl="https://pmd.github.io/pmd/pmd_rules_java_errorprone.html#closeresource" priority="3">
Ensure that resources like this Writer object are closed after use
</violation>
<violation beginline="495" endline="496" begincolumn="24" endcolumn="4" rule="UncommentedEmptyMethodBody" ruleset="Documentation" package="org.junit.platform.console.options" class="JOptSimpleCommandLineOptionsParserTests" method="flush" externalInfoUrl="https://pmd.github.io/pmd/pmd_rules_java_documentation.html#uncommentedemptymethodbody" priority="3">
Document empty method body
</violation>
<violation beginline="499" endline="500" begincolumn="24" endcolumn="4" rule="UncommentedEmptyMethodBody" ruleset="Documentation" package="org.junit.platform.console.options" class="JOptSimpleCommandLineOptionsParserTests" method="close" externalInfoUrl="https://pmd.github.io/pmd/pmd_rules_java_documentation.html#uncommentedemptymethodbody" priority="3">
Document empty method body
</violation>
</file>
<file name="C:\Users\Sokaina\Downloads\Versiones-Junit5\junit5-r5.0.2\platform-tests\src\test\java\org\junit\platform\console\options\ThemeTests.java">
<violation beginline="24" endline="24" begincolumn="3" endcolumn="14" rule="JUnitAssertionsShouldIncludeMessage" ruleset="Best Practices" package="org.junit.platform.console.options" class="ThemeTests" method="givenUtf8ShouldReturnUnicode" externalInfoUrl="https://pmd.github.io/pmd/pmd_rules_java_bestpractices.html#junitassertionsshouldincludemessage" priority="3">
JUnit assertions should include a message
</violation>
<violation beginline="28" endline="34" begincolumn="2" endcolumn="2" rule="JUnitTestContainsTooManyAsserts" ruleset="Best Practices" package="org.junit.platform.console.options" class="ThemeTests" method="givenAnythingElseShouldReturnAscii" externalInfoUrl="https://pmd.github.io/pmd/pmd_rules_java_bestpractices.html#junittestcontainstoomanyasserts" priority="3">
Unit tests should not contain more than 1 assert(s).
</violation>
<violation beginline="30" endline="30" begincolumn="4" endcolumn="15" rule="JUnitAssertionsShouldIncludeMessage" ruleset="Best Practices" package="org.junit.platform.console.options" class="ThemeTests" method="givenAnythingElseShouldReturnAscii" externalInfoUrl="https://pmd.github.io/pmd/pmd_rules_java_bestpractices.html#junitassertionsshouldincludemessage" priority="3">
JUnit assertions should include a message
</violation>
<violation beginline="31" endline="31" begincolumn="4" endcolumn="15" rule="JUnitAssertionsShouldIncludeMessage" ruleset="Best Practices" package="org.junit.platform.console.options" class="ThemeTests" method="givenAnythingElseShouldReturnAscii" externalInfoUrl="https://pmd.github.io/pmd/pmd_rules_java_bestpractices.html#junitassertionsshouldincludemessage" priority="3">
JUnit assertions should include a message
</violation>
<violation beginline="32" endline="32" begincolumn="4" endcolumn="15" rule="JUnitAssertionsShouldIncludeMessage" ruleset="Best Practices" package="org.junit.platform.console.options" class="ThemeTests" method="givenAnythingElseShouldReturnAscii" externalInfoUrl="https://pmd.github.io/pmd/pmd_rules_java_bestpractices.html#junitassertionsshouldincludemessage" priority="3">
JUnit assertions should include a message
</violation>
</file>
<file name="C:\Users\Sokaina\Downloads\Versiones-Junit5\junit5-r5.0.2\platform-tests\src\test\java\org\junit\platform\console\subpackage\OneTest.java">
<violation beginline="18" endline="19" begincolumn="2" endcolumn="2" rule="ShortMethodName" ruleset="Code Style" package="org.junit.platform.console.subpackage" class="OneTest" method="m1" externalInfoUrl="https://pmd.github.io/pmd/pmd_rules_java_codestyle.html#shortmethodname" priority="3">
Avoid using short method names
</violation>
<violation beginline="18" endline="19" begincolumn="12" endcolumn="2" rule="UncommentedEmptyMethodBody" ruleset="Documentation" package="org.junit.platform.console.subpackage" class="OneTest" method="m1" externalInfoUrl="https://pmd.github.io/pmd/pmd_rules_java_documentation.html#uncommentedemptymethodbody" priority="3">
Document empty method body
</violation>
<violation beginline="18" endline="19" begincolumn="2" endcolumn="2" rule="JUnitTestsShouldIncludeAssert" ruleset="Best Practices" package="org.junit.platform.console.subpackage" class="OneTest" method="m1" externalInfoUrl="https://pmd.github.io/pmd/pmd_rules_java_bestpractices.html#junittestsshouldincludeassert" priority="3">
JUnit tests should include assert() or fail()
</violation>
</file>
<file name="C:\Users\Sokaina\Downloads\Versiones-Junit5\junit5-r5.0.2\platform-tests\src\test\java\org\junit\platform\console\subpackage\TwoTest.java">
<violation beginline="18" endline="19" begincolumn="2" endcolumn="2" rule="ShortMethodName" ruleset="Code Style" package="org.junit.platform.console.subpackage" class="TwoTest" method="m2" externalInfoUrl="https://pmd.github.io/pmd/pmd_rules_java_codestyle.html#shortmethodname" priority="3">
Avoid using short method names
</violation>
<violation beginline="18" endline="19" begincolumn="12" endcolumn="2" rule="UncommentedEmptyMethodBody" ruleset="Documentation" package="org.junit.platform.console.subpackage" class="TwoTest" method="m2" externalInfoUrl="https://pmd.github.io/pmd/pmd_rules_java_documentation.html#uncommentedemptymethodbody" priority="3">
Document empty method body
</violation>
<violation beginline="18" endline="19" begincolumn="2" endcolumn="2" rule="JUnitTestsShouldIncludeAssert" ruleset="Best Practices" package="org.junit.platform.console.subpackage" class="TwoTest" method="m2" externalInfoUrl="https://pmd.github.io/pmd/pmd_rules_java_bestpractices.html#junittestsshouldincludeassert" priority="3">
JUnit tests should include assert() or fail()
</violation>
</file>
<file name="C:\Users\Sokaina\Downloads\Versiones-Junit5\junit5-r5.0.2\platform-tests\src\test\java\org\junit\platform\console\tasks\ConsoleTestExecutorTests.java">
<violation beginline="11" endline="160" begincolumn="1" endcolumn="2" rule="TooManyStaticImports" ruleset="Code Style" package="org.junit.platform.console.tasks" class="ConsoleTestExecutorTests" externalInfoUrl="https://pmd.github.io/pmd/pmd_rules_java_codestyle.html#toomanystaticimports" priority="3">
Too many static imports may lead to messy code
</violation>
<violation beginline="37" endline="37" begincolumn="59" endcolumn="71" rule="AvoidDuplicateLiterals" ruleset="Error Prone" package="org.junit.platform.console.tasks" class="ConsoleTestExecutorTests" externalInfoUrl="https://pmd.github.io/pmd/pmd_rules_java_errorprone.html#avoidduplicateliterals" priority="3">
The String literal "should fail" appears 5 times in this file; the first occurrence is on line 37
</violation>
<violation beginline="43" endline="43" begincolumn="37" endcolumn="51" rule="ImmutableField" ruleset="Design" package="org.junit.platform.console.tasks" class="ConsoleTestExecutorTests" variable="dummyTestEngine" externalInfoUrl="https://pmd.github.io/pmd/pmd_rules_java_design.html#immutablefield" priority="3">
Private field 'dummyTestEngine' could be made final; it is only initialized in the declaration or constructor.
</violation>
<violation beginline="45" endline="47" begincolumn="2" endcolumn="2" rule="NonStaticInitializer" ruleset="Error Prone" package="org.junit.platform.console.tasks" class="ConsoleTestExecutorTests" externalInfoUrl="https://pmd.github.io/pmd/pmd_rules_java_errorprone.html#nonstaticinitializer" priority="3">
Non-static initializers are confusing
</violation>
<violation beginline="50" endline="50" begincolumn="30" endcolumn="38" rule="SignatureDeclareThrowsException" ruleset="Design" package="org.junit.platform.console.tasks" class="ConsoleTestExecutorTests" method="printsSummary" externalInfoUrl="https://pmd.github.io/pmd/pmd_rules_java_design.html#signaturedeclarethrowsexception" priority="3">
A method/constructor should not explicitly throw java.lang.Exception
</violation>
<violation beginline="52" endline="52" begincolumn="27" endcolumn="39" rule="AvoidDuplicateLiterals" ruleset="Error Prone" package="org.junit.platform.console.tasks" class="ConsoleTestExecutorTests" method="printsSummary" externalInfoUrl="https://pmd.github.io/pmd/pmd_rules_java_errorprone.html#avoidduplicateliterals" priority="3">
The String literal "failingTest" appears 10 times in this file; the first occurrence is on line 52
</violation>
<violation beginline="62" endline="62" begincolumn="48" endcolumn="56" rule="SignatureDeclareThrowsException" ruleset="Design" package="org.junit.platform.console.tasks" class="ConsoleTestExecutorTests" method="printsDetailsIfTheyAreNotHidden" externalInfoUrl="https://pmd.github.io/pmd/pmd_rules_java_design.html#signaturedeclarethrowsexception" priority="3">
A method/constructor should not explicitly throw java.lang.Exception
</violation>
<violation beginline="74" endline="74" begincolumn="47" endcolumn="55" rule="SignatureDeclareThrowsException" ruleset="Design" package="org.junit.platform.console.tasks" class="ConsoleTestExecutorTests" method="printsNoDetailsIfTheyAreHidden" externalInfoUrl="https://pmd.github.io/pmd/pmd_rules_java_design.html#signaturedeclarethrowsexception" priority="3">
A method/constructor should not explicitly throw java.lang.Exception
</violation>
<violation beginline="86" endline="86" begincolumn="53" endcolumn="61" rule="SignatureDeclareThrowsException" ruleset="Design" package="org.junit.platform.console.tasks" class="ConsoleTestExecutorTests" method="printsFailuresEvenIfDetailsAreHidden" externalInfoUrl="https://pmd.github.io/pmd/pmd_rules_java_design.html#signaturedeclarethrowsexception" priority="3">
A method/constructor should not explicitly throw java.lang.Exception
</violation>
<violation beginline="99" endline="99" begincolumn="48" endcolumn="56" rule="SignatureDeclareThrowsException" ruleset="Design" package="org.junit.platform.console.tasks" class="ConsoleTestExecutorTests" method="hasStatusCode0ForSucceedingTest" externalInfoUrl="https://pmd.github.io/pmd/pmd_rules_java_design.html#signaturedeclarethrowsexception" priority="3">
A method/constructor should not explicitly throw java.lang.Exception
</violation>
<violation beginline="109" endline="109" begincolumn="45" endcolumn="53" rule="SignatureDeclareThrowsException" ruleset="Design" package="org.junit.platform.console.tasks" class="ConsoleTestExecutorTests" method="hasStatusCode1ForFailingTest" externalInfoUrl="https://pmd.github.io/pmd/pmd_rules_java_design.html#signaturedeclarethrowsexception" priority="3">
A method/constructor should not explicitly throw java.lang.Exception
</violation>
<violation beginline="119" endline="119" begincolumn="50" endcolumn="58" rule="SignatureDeclareThrowsException" ruleset="Design" package="org.junit.platform.console.tasks" class="ConsoleTestExecutorTests" method="hasStatusCode1ForFailingContainer" externalInfoUrl="https://pmd.github.io/pmd/pmd_rules_java_design.html#signaturedeclarethrowsexception" priority="3">
A method/constructor should not explicitly throw java.lang.Exception
</violation>
<violation beginline="129" endline="129" begincolumn="76" endcolumn="84" rule="SignatureDeclareThrowsException" ruleset="Design" package="org.junit.platform.console.tasks" class="ConsoleTestExecutorTests" method="usesCustomClassLoaderIfAdditionalClassPathEntriesArePresent" externalInfoUrl="https://pmd.github.io/pmd/pmd_rules_java_design.html#signaturedeclarethrowsexception" priority="3">
A method/constructor should not explicitly throw java.lang.Exception
</violation>
<violation beginline="129" endline="140" begincolumn="2" endcolumn="2" rule="JUnitTestContainsTooManyAsserts" ruleset="Best Practices" package="org.junit.platform.console.tasks" class="ConsoleTestExecutorTests" method="usesCustomClassLoaderIfAdditionalClassPathEntriesArePresent" externalInfoUrl="https://pmd.github.io/pmd/pmd_rules_java_bestpractices.html#junittestcontainstoomanyasserts" priority="3">
Unit tests should not contain more than 1 assert(s).
</violation>
<violation beginline="143" endline="143" begincolumn="76" endcolumn="84" rule="SignatureDeclareThrowsException" ruleset="Design" package="org.junit.platform.console.tasks" class="ConsoleTestExecutorTests" method="usesSameClassLoaderIfNoAdditionalClassPathEntriesArePresent" externalInfoUrl="https://pmd.github.io/pmd/pmd_rules_java_design.html#signaturedeclarethrowsexception" priority="3">
A method/constructor should not explicitly throw java.lang.Exception
</violation>
<violation beginline="143" endline="154" begincolumn="2" endcolumn="2" rule="JUnitTestContainsTooManyAsserts" ruleset="Best Practices" package="org.junit.platform.console.tasks" class="ConsoleTestExecutorTests" method="usesSameClassLoaderIfNoAdditionalClassPathEntriesArePresent" externalInfoUrl="https://pmd.github.io/pmd/pmd_rules_java_bestpractices.html#junittestcontainstoomanyasserts" priority="3">
Unit tests should not contain more than 1 assert(s).
</violation>
</file>
<file name="C:\Users\Sokaina\Downloads\Versiones-Junit5\junit5-r5.0.2\platform-tests\src\test\java\org\junit\platform\console\tasks\CustomContextClassLoaderExecutorTests.java">
<violation beginline="28" endline="28" begincolumn="68" endcolumn="76" rule="SignatureDeclareThrowsException" ruleset="Design" package="org.junit.platform.console.tasks" class="CustomContextClassLoaderExecutorTests" method="invokeWithoutCustomClassLoaderDoesNotSetClassLoader" externalInfoUrl="https://pmd.github.io/pmd/pmd_rules_java_design.html#signaturedeclarethrowsexception" priority="3">
A method/constructor should not explicitly throw java.lang.Exception
</violation>
<violation beginline="28" endline="39" begincolumn="2" endcolumn="2" rule="JUnitTestContainsTooManyAsserts" ruleset="Best Practices" package="org.junit.platform.console.tasks" class="CustomContextClassLoaderExecutorTests" method="invokeWithoutCustomClassLoaderDoesNotSetClassLoader" externalInfoUrl="https://pmd.github.io/pmd/pmd_rules_java_bestpractices.html#junittestcontainstoomanyasserts" priority="3">
Unit tests should not contain more than 1 assert(s).
</violation>
<violation beginline="33" endline="33" begincolumn="4" endcolumn="13" rule="JUnitAssertionsShouldIncludeMessage" ruleset="Best Practices" package="org.junit.platform.console.tasks" class="CustomContextClassLoaderExecutorTests" method="invokeWithoutCustomClassLoaderDoesNotSetClassLoader" externalInfoUrl="https://pmd.github.io/pmd/pmd_rules_java_bestpractices.html#junitassertionsshouldincludemessage" priority="3">
JUnit assertions should include a message
</violation>
<violation beginline="37" endline="37" begincolumn="3" endcolumn="14" rule="JUnitAssertionsShouldIncludeMessage" ruleset="Best Practices" package="org.junit.platform.console.tasks" class="CustomContextClassLoaderExecutorTests" method="invokeWithoutCustomClassLoaderDoesNotSetClassLoader" externalInfoUrl="https://pmd.github.io/pmd/pmd_rules_java_bestpractices.html#junitassertionsshouldincludemessage" priority="3">
JUnit assertions should include a message
</violation>
<violation beginline="38" endline="38" begincolumn="3" endcolumn="12" rule="JUnitAssertionsShouldIncludeMessage" ruleset="Best Practices" package="org.junit.platform.console.tasks" class="CustomContextClassLoaderExecutorTests" method="invokeWithoutCustomClassLoaderDoesNotSetClassLoader" externalInfoUrl="https://pmd.github.io/pmd/pmd_rules_java_bestpractices.html#junitassertionsshouldincludemessage" priority="3">
JUnit assertions should include a message
</violation>
<violation beginline="42" endline="42" begincolumn="73" endcolumn="81" rule="SignatureDeclareThrowsException" ruleset="Design" package="org.junit.platform.console.tasks" class="CustomContextClassLoaderExecutorTests" method="invokeWithCustomClassLoaderSetsCustomAndResetsToOriginal" externalInfoUrl="https://pmd.github.io/pmd/pmd_rules_java_design.html#signaturedeclarethrowsexception" priority="3">
A method/constructor should not explicitly throw java.lang.Exception
</violation>
<violation beginline="42" endline="55" begincolumn="2" endcolumn="2" rule="JUnitTestContainsTooManyAsserts" ruleset="Best Practices" package="org.junit.platform.console.tasks" class="CustomContextClassLoaderExecutorTests" method="invokeWithCustomClassLoaderSetsCustomAndResetsToOriginal" externalInfoUrl="https://pmd.github.io/pmd/pmd_rules_java_bestpractices.html#junittestcontainstoomanyasserts" priority="3">
Unit tests should not contain more than 1 assert(s).
</violation>
<violation beginline="49" endline="49" begincolumn="4" endcolumn="13" rule="JUnitAssertionsShouldIncludeMessage" ruleset="Best Practices" package="org.junit.platform.console.tasks" class="CustomContextClassLoaderExecutorTests" method="invokeWithCustomClassLoaderSetsCustomAndResetsToOriginal" externalInfoUrl="https://pmd.github.io/pmd/pmd_rules_java_bestpractices.html#junitassertionsshouldincludemessage" priority="3">
JUnit assertions should include a message
</violation>
<violation beginline="53" endline="53" begincolumn="3" endcolumn="14" rule="JUnitAssertionsShouldIncludeMessage" ruleset="Best Practices" package="org.junit.platform.console.tasks" class="CustomContextClassLoaderExecutorTests" method="invokeWithCustomClassLoaderSetsCustomAndResetsToOriginal" externalInfoUrl="https://pmd.github.io/pmd/pmd_rules_java_bestpractices.html#junitassertionsshouldincludemessage" priority="3">
JUnit assertions should include a message
</violation>
<violation beginline="54" endline="54" begincolumn="3" endcolumn="12" rule="JUnitAssertionsShouldIncludeMessage" ruleset="Best Practices" package="org.junit.platform.console.tasks" class="CustomContextClassLoaderExecutorTests" method="invokeWithCustomClassLoaderSetsCustomAndResetsToOriginal" externalInfoUrl="https://pmd.github.io/pmd/pmd_rules_java_bestpractices.html#junitassertionsshouldincludemessage" priority="3">
JUnit assertions should include a message
</violation>
</file>
<file name="C:\Users\Sokaina\Downloads\Versiones-Junit5\junit5-r5.0.2\platform-tests\src\test\java\org\junit\platform\console\tasks\DiscoveryRequestCreatorTests.java">
<violation beginline="11" endline="291" begincolumn="1" endcolumn="2" rule="TooManyStaticImports" ruleset="Code Style" package="org.junit.platform.console.tasks" class="DiscoveryRequestCreatorTests" externalInfoUrl="https://pmd.github.io/pmd/pmd_rules_java_codestyle.html#toomanystaticimports" priority="3">
Too many static imports may lead to messy code
</violation>
<violation beginline="77" endline="77" begincolumn="3" endcolumn="12" rule="JUnitAssertionsShouldIncludeMessage" ruleset="Best Practices" package="org.junit.platform.console.tasks" class="DiscoveryRequestCreatorTests" method="convertsScanClasspathOptionWithExplicitRootDirectories" externalInfoUrl="https://pmd.github.io/pmd/pmd_rules_java_bestpractices.html#junitassertionsshouldincludemessage" priority="3">
JUnit assertions should include a message
</violation>
<violation beginline="91" endline="91" begincolumn="3" endcolumn="12" rule="JUnitAssertionsShouldIncludeMessage" ruleset="Best Practices" package="org.junit.platform.console.tasks" class="DiscoveryRequestCreatorTests" method="convertsScanClasspathOptionWithAdditionalClasspathEntries" externalInfoUrl="https://pmd.github.io/pmd/pmd_rules_java_bestpractices.html#junitassertionsshouldincludemessage" priority="3">
JUnit assertions should include a message
</violation>
<violation beginline="97" endline="104" begincolumn="2" endcolumn="2" rule="JUnitTestContainsTooManyAsserts" ruleset="Best Practices" package="org.junit.platform.console.tasks" class="DiscoveryRequestCreatorTests" method="doesNotSupportScanClasspathAndExplicitSelectors" externalInfoUrl="https://pmd.github.io/pmd/pmd_rules_java_bestpractices.html#junittestcontainstoomanyasserts" priority="3">
Unit tests should not contain more than 1 assert(s).
</violation>
<violation beginline="107" endline="115" begincolumn="2" endcolumn="2" rule="JUnitTestContainsTooManyAsserts" ruleset="Best Practices" package="org.junit.platform.console.tasks" class="DiscoveryRequestCreatorTests" method="convertsDefaultIncludeClassNamePatternOption" externalInfoUrl="https://pmd.github.io/pmd/pmd_rules_java_bestpractices.html#junittestcontainstoomanyasserts" priority="3">
Unit tests should not contain more than 1 assert(s).
</violation>
<violation beginline="118" endline="128" begincolumn="2" endcolumn="2" rule="JUnitTestContainsTooManyAsserts" ruleset="Best Practices" package="org.junit.platform.console.tasks" class="DiscoveryRequestCreatorTests" method="convertsExplicitIncludeClassNamePatternOption" externalInfoUrl="https://pmd.github.io/pmd/pmd_rules_java_bestpractices.html#junittestcontainstoomanyasserts" priority="3">
Unit tests should not contain more than 1 assert(s).
</violation>
<violation beginline="120" endline="120" begincolumn="59" endcolumn="68" rule="AvoidDuplicateLiterals" ruleset="Error Prone" package="org.junit.platform.console.tasks" class="DiscoveryRequestCreatorTests" method="convertsExplicitIncludeClassNamePatternOption" externalInfoUrl="https://pmd.github.io/pmd/pmd_rules_java_errorprone.html#avoidduplicateliterals" priority="3">
The String literal "Bar.*Foo" appears 4 times in this file; the first occurrence is on line 120
</violation>
<violation beginline="120" endline="120" begincolumn="47" endcolumn="56" rule="AvoidDuplicateLiterals" ruleset="Error Prone" package="org.junit.platform.console.tasks" class="DiscoveryRequestCreatorTests" method="convertsExplicitIncludeClassNamePatternOption" externalInfoUrl="https://pmd.github.io/pmd/pmd_rules_java_errorprone.html#avoidduplicateliterals" priority="3">
The String literal "Foo.*Bar" appears 4 times in this file; the first occurrence is on line 120
</violation>
<violation beginline="131" endline="141" begincolumn="2" endcolumn="2" rule="JUnitTestContainsTooManyAsserts" ruleset="Best Practices" package="org.junit.platform.console.tasks" class="DiscoveryRequestCreatorTests" method="convertsExcludeClassNamePatternOption" externalInfoUrl="https://pmd.github.io/pmd/pmd_rules_java_bestpractices.html#junittestcontainstoomanyasserts" priority="3">
Unit tests should not contain more than 1 assert(s).
</violation>
<violation beginline="144" endline="157" begincolumn="2" endcolumn="2" rule="JUnitTestContainsTooManyAsserts" ruleset="Best Practices" package="org.junit.platform.console.tasks" class="DiscoveryRequestCreatorTests" method="convertsPackageOptions" externalInfoUrl="https://pmd.github.io/pmd/pmd_rules_java_bestpractices.html#junittestcontainstoomanyasserts" priority="3">
Unit tests should not contain more than 1 assert(s).
</violation>
<violation beginline="160" endline="171" begincolumn="2" endcolumn="2" rule="JUnitTestContainsTooManyAsserts" ruleset="Best Practices" package="org.junit.platform.console.tasks" class="DiscoveryRequestCreatorTests" method="convertsTagOptions" externalInfoUrl="https://pmd.github.io/pmd/pmd_rules_java_bestpractices.html#junittestcontainstoomanyasserts" priority="3">
Unit tests should not contain more than 1 assert(s).
</violation>
<violation beginline="174" endline="185" begincolumn="2" endcolumn="2" rule="JUnitTestContainsTooManyAsserts" ruleset="Best Practices" package="org.junit.platform.console.tasks" class="DiscoveryRequestCreatorTests" method="convertsEngineOptions" externalInfoUrl="https://pmd.github.io/pmd/pmd_rules_java_bestpractices.html#junittestcontainstoomanyasserts" priority="3">
Unit tests should not contain more than 1 assert(s).
</violation>
<violation beginline="183" endline="183" begincolumn="3" endcolumn="12" rule="JUnitAssertionsShouldIncludeMessage" ruleset="Best Practices" package="org.junit.platform.console.tasks" class="DiscoveryRequestCreatorTests" method="convertsEngineOptions" externalInfoUrl="https://pmd.github.io/pmd/pmd_rules_java_bestpractices.html#junitassertionsshouldincludemessage" priority="3">
JUnit assertions should include a message
</violation>
<violation beginline="184" endline="184" begincolumn="3" endcolumn="12" rule="JUnitAssertionsShouldIncludeMessage" ruleset="Best Practices" package="org.junit.platform.console.tasks" class="DiscoveryRequestCreatorTests" method="convertsEngineOptions" externalInfoUrl="https://pmd.github.io/pmd/pmd_rules_java_bestpractices.html#junitassertionsshouldincludemessage" priority="3">
JUnit assertions should include a message
</violation>
<violation beginline="194" endline="194" begincolumn="3" endcolumn="12" rule="JUnitAssertionsShouldIncludeMessage" ruleset="Best Practices" package="org.junit.platform.console.tasks" class="DiscoveryRequestCreatorTests" method="convertsUriSelectors" externalInfoUrl="https://pmd.github.io/pmd/pmd_rules_java_bestpractices.html#junitassertionsshouldincludemessage" priority="3">
JUnit assertions should include a message
</violation>
<violation beginline="204" endline="204" begincolumn="3" endcolumn="12" rule="JUnitAssertionsShouldIncludeMessage" ruleset="Best Practices" package="org.junit.platform.console.tasks" class="DiscoveryRequestCreatorTests" method="convertsFileSelectors" externalInfoUrl="https://pmd.github.io/pmd/pmd_rules_java_bestpractices.html#junitassertionsshouldincludemessage" priority="3">
JUnit assertions should include a message
</violation>
<violation beginline="214" endline="214" begincolumn="3" endcolumn="12" rule="JUnitAssertionsShouldIncludeMessage" ruleset="Best Practices" package="org.junit.platform.console.tasks" class="DiscoveryRequestCreatorTests" method="convertsDirectorySelectors" externalInfoUrl="https://pmd.github.io/pmd/pmd_rules_java_bestpractices.html#junitassertionsshouldincludemessage" priority="3">
JUnit assertions should include a message
</violation>
<violation beginline="224" endline="224" begincolumn="3" endcolumn="12" rule="JUnitAssertionsShouldIncludeMessage" ruleset="Best Practices" package="org.junit.platform.console.tasks" class="DiscoveryRequestCreatorTests" method="convertsPackageSelectors" externalInfoUrl="https://pmd.github.io/pmd/pmd_rules_java_bestpractices.html#junitassertionsshouldincludemessage" priority="3">
JUnit assertions should include a message
</violation>
<violation beginline="235" endline="235" begincolumn="3" endcolumn="12" rule="JUnitAssertionsShouldIncludeMessage" ruleset="Best Practices" package="org.junit.platform.console.tasks" class="DiscoveryRequestCreatorTests" method="convertsClassSelectors" externalInfoUrl="https://pmd.github.io/pmd/pmd_rules_java_bestpractices.html#junitassertionsshouldincludemessage" priority="3">
JUnit assertions should include a message
</violation>
<violation beginline="240" endline="253" begincolumn="2" endcolumn="2" rule="JUnitTestContainsTooManyAsserts" ruleset="Best Practices" package="org.junit.platform.console.tasks" class="DiscoveryRequestCreatorTests" method="convertsMethodSelectors" externalInfoUrl="https://pmd.github.io/pmd/pmd_rules_java_bestpractices.html#junittestcontainstoomanyasserts" priority="3">
Unit tests should not contain more than 1 assert(s).
</violation>
<violation beginline="263" endline="263" begincolumn="3" endcolumn="12" rule="JUnitAssertionsShouldIncludeMessage" ruleset="Best Practices" package="org.junit.platform.console.tasks" class="DiscoveryRequestCreatorTests" method="convertsClasspathResourceSelectors" externalInfoUrl="https://pmd.github.io/pmd/pmd_rules_java_bestpractices.html#junitassertionsshouldincludemessage" priority="3">
JUnit assertions should include a message
</violation>
<violation beginline="268" endline="278" begincolumn="2" endcolumn="2" rule="JUnitTestContainsTooManyAsserts" ruleset="Best Practices" package="org.junit.platform.console.tasks" class="DiscoveryRequestCreatorTests" method="convertsConfigurationParameters" externalInfoUrl="https://pmd.github.io/pmd/pmd_rules_java_bestpractices.html#junittestcontainstoomanyasserts" priority="3">
Unit tests should not contain more than 1 assert(s).
</violation>
</file>
<file name="C:\Users\Sokaina\Downloads\Versiones-Junit5\junit5-r5.0.2\platform-tests\src\test\java\org\junit\platform\console\tasks\FlatPrintingListenerTests.java">
<violation beginline="11" endline="85" begincolumn="1" endcolumn="2" rule="TooManyStaticImports" ruleset="Code Style" package="org.junit.platform.console.tasks" class="FlatPrintingListenerTests" externalInfoUrl="https://pmd.github.io/pmd/pmd_rules_java_codestyle.html#toomanystaticimports" priority="3">
Too many static imports may lead to messy code
</violation>
<violation beginline="36" endline="46" begincolumn="2" endcolumn="2" rule="JUnitTestContainsTooManyAsserts" ruleset="Best Practices" package="org.junit.platform.console.tasks" class="FlatPrintingListenerTests" method="executionSkipped" externalInfoUrl="https://pmd.github.io/pmd/pmd_rules_java_bestpractices.html#junittestcontainstoomanyasserts" priority="3">
Unit tests should not contain more than 1 assert(s).
</violation>
<violation beginline="41" endline="41" begincolumn="3" endcolumn="14" rule="JUnitAssertionsShouldIncludeMessage" ruleset="Best Practices" package="org.junit.platform.console.tasks" class="FlatPrintingListenerTests" method="executionSkipped" externalInfoUrl="https://pmd.github.io/pmd/pmd_rules_java_bestpractices.html#junitassertionsshouldincludemessage" priority="3">
JUnit assertions should include a message
</violation>
<violation beginline="43" endline="43" begincolumn="10" endcolumn="21" rule="JUnitAssertionsShouldIncludeMessage" ruleset="Best Practices" package="org.junit.platform.console.tasks" class="FlatPrintingListenerTests" method="executionSkipped" externalInfoUrl="https://pmd.github.io/pmd/pmd_rules_java_bestpractices.html#junitassertionsshouldincludemessage" priority="3">
JUnit assertions should include a message
</violation>
<violation beginline="44" endline="44" begincolumn="10" endcolumn="21" rule="JUnitAssertionsShouldIncludeMessage" ruleset="Best Practices" package="org.junit.platform.console.tasks" class="FlatPrintingListenerTests" method="executionSkipped" externalInfoUrl="https://pmd.github.io/pmd/pmd_rules_java_bestpractices.html#junitassertionsshouldincludemessage" priority="3">
JUnit assertions should include a message
</violation>
<violation beginline="45" endline="45" begincolumn="10" endcolumn="21" rule="JUnitAssertionsShouldIncludeMessage" ruleset="Best Practices" package="org.junit.platform.console.tasks" class="FlatPrintingListenerTests" method="executionSkipped" externalInfoUrl="https://pmd.github.io/pmd/pmd_rules_java_bestpractices.html#junitassertionsshouldincludemessage" priority="3">
JUnit assertions should include a message
</violation>
<violation beginline="49" endline="59" begincolumn="2" endcolumn="2" rule="JUnitTestContainsTooManyAsserts" ruleset="Best Practices" package="org.junit.platform.console.tasks" class="FlatPrintingListenerTests" method="reportingEntryPublished" externalInfoUrl="https://pmd.github.io/pmd/pmd_rules_java_bestpractices.html#junittestcontainstoomanyasserts" priority="3">
Unit tests should not contain more than 1 assert(s).
</violation>
<violation beginline="54" endline="54" begincolumn="3" endcolumn="14" rule="JUnitAssertionsShouldIncludeMessage" ruleset="Best Practices" package="org.junit.platform.console.tasks" class="FlatPrintingListenerTests" method="reportingEntryPublished" externalInfoUrl="https://pmd.github.io/pmd/pmd_rules_java_bestpractices.html#junitassertionsshouldincludemessage" priority="3">
JUnit assertions should include a message
</violation>
<violation beginline="56" endline="56" begincolumn="10" endcolumn="21" rule="JUnitAssertionsShouldIncludeMessage" ruleset="Best Practices" package="org.junit.platform.console.tasks" class="FlatPrintingListenerTests" method="reportingEntryPublished" externalInfoUrl="https://pmd.github.io/pmd/pmd_rules_java_bestpractices.html#junitassertionsshouldincludemessage" priority="3">
JUnit assertions should include a message
</violation>
<violation beginline="57" endline="57" begincolumn="10" endcolumn="19" rule="JUnitAssertionsShouldIncludeMessage" ruleset="Best Practices" package="org.junit.platform.console.tasks" class="FlatPrintingListenerTests" method="reportingEntryPublished" externalInfoUrl="https://pmd.github.io/pmd/pmd_rules_java_bestpractices.html#junitassertionsshouldincludemessage" priority="3">
JUnit assertions should include a message
</violation>
<violation beginline="58" endline="58" begincolumn="10" endcolumn="19" rule="JUnitAssertionsShouldIncludeMessage" ruleset="Best Practices" package="org.junit.platform.console.tasks" class="FlatPrintingListenerTests" method="reportingEntryPublished" externalInfoUrl="https://pmd.github.io/pmd/pmd_rules_java_bestpractices.html#junitassertionsshouldincludemessage" priority="3">
JUnit assertions should include a message
</violation>
<violation beginline="62" endline="70" begincolumn="2" endcolumn="2" rule="JUnitTestContainsTooManyAsserts" ruleset="Best Practices" package="org.junit.platform.console.tasks" class="FlatPrintingListenerTests" method="executionFinishedWithFailure" externalInfoUrl="https://pmd.github.io/pmd/pmd_rules_java_bestpractices.html#junittestcontainstoomanyasserts" priority="3">
Unit tests should not contain more than 1 assert(s).
</violation>
<violation beginline="68" endline="68" begincolumn="10" endcolumn="21" rule="JUnitAssertionsShouldIncludeMessage" ruleset="Best Practices" package="org.junit.platform.console.tasks" class="FlatPrintingListenerTests" method="executionFinishedWithFailure" externalInfoUrl="https://pmd.github.io/pmd/pmd_rules_java_bestpractices.html#junitassertionsshouldincludemessage" priority="3">
JUnit assertions should include a message
</violation>
<violation beginline="69" endline="69" begincolumn="10" endcolumn="21" rule="JUnitAssertionsShouldIncludeMessage" ruleset="Best Practices" package="org.junit.platform.console.tasks" class="FlatPrintingListenerTests" method="executionFinishedWithFailure" externalInfoUrl="https://pmd.github.io/pmd/pmd_rules_java_bestpractices.html#junitassertionsshouldincludemessage" priority="3">
JUnit assertions should include a message
</violation>
</file>
<file name="C:\Users\Sokaina\Downloads\Versiones-Junit5\junit5-r5.0.2\platform-tests\src\test\java\org\junit\platform\console\tasks\TreePrinterTests.java">
<violation beginline="11" endline="93" begincolumn="1" endcolumn="2" rule="TooManyStaticImports" ruleset="Code Style" package="org.junit.platform.console.tasks" class="TreePrinterTests" externalInfoUrl="https://pmd.github.io/pmd/pmd_rules_java_codestyle.html#toomanystaticimports" priority="3">
Too many static imports may lead to messy code
</violation>
<violation beginline="79" endline="79" begincolumn="32" endcolumn="57" rule="UnnecessaryFullyQualifiedName" ruleset="Code Style" package="org.junit.platform.console.tasks" class="TreePrinterTests" method="printNodeHandlesNullMessageThrowableGracefully" externalInfoUrl="https://pmd.github.io/pmd/pmd_rules_java_codestyle.html#unnecessaryfullyqualifiedname" priority="4">
Unnecessary use of fully qualified name 'TestExecutionResult.failed' due to existing static import 'org.junit.platform.engine.TestExecutionResult.failed'
</violation>
</file>
<file name="C:\Users\Sokaina\Downloads\Versiones-Junit5\junit5-r5.0.2\platform-tests\src\test\java\org\junit\platform\console\tasks\XmlReportAssertions.java">
<violation beginline="31" endline="31" begincolumn="75" endcolumn="83" rule="SignatureDeclareThrowsException" ruleset="Design" package="org.junit.platform.console.tasks" class="XmlReportAssertions" method="ensureValidAccordingToJenkinsSchema" externalInfoUrl="https://pmd.github.io/pmd/pmd_rules_java_design.html#signaturedeclarethrowsexception" priority="3">
A method/constructor should not explicitly throw java.lang.Exception
</violation>
<violation beginline="31" endline="39" begincolumn="2" endcolumn="2" rule="DefaultPackage" ruleset="Code Style" package="org.junit.platform.console.tasks" class="XmlReportAssertions" externalInfoUrl="https://pmd.github.io/pmd/pmd_rules_java_codestyle.html#defaultpackage" priority="3">
Use explicit scoping instead of the default package private level
</violation>
<violation beginline="42" endline="46" begincolumn="3" endcolumn="3" rule="NonThreadSafeSingleton" ruleset="Multithreading" package="org.junit.platform.console.tasks" class="XmlReportAssertions" method="getSchemaValidator" externalInfoUrl="https://pmd.github.io/pmd/pmd_rules_java_multithreading.html#nonthreadsafesingleton" priority="3">
Singleton is not thread safe
</violation>
</file>
<file name="C:\Users\Sokaina\Downloads\Versiones-Junit5\junit5-r5.0.2\platform-tests\src\test\java\org\junit\platform\console\tasks\XmlReportDataTests.java">
<violation beginline="36" endline="36" begincolumn="75" endcolumn="80" rule="AvoidDuplicateLiterals" ruleset="Error Prone" package="org.junit.platform.console.tasks" class="XmlReportDataTests" method="resultOfTestIdentifierWithoutAnyReportedEventsIsEmpty" externalInfoUrl="https://pmd.github.io/pmd/pmd_rules_java_errorprone.html#avoidduplicateliterals" priority="3">
The String literal "test" appears 6 times in this file; the first occurrence is on line 36
</violation>
</file>
<file name="C:\Users\Sokaina\Downloads\Versiones-Junit5\junit5-r5.0.2\platform-tests\src\test\java\org\junit\platform\console\tasks\XmlReportWriterTests.java">
<violation beginline="11" endline="160" begincolumn="1" endcolumn="2" rule="TooManyStaticImports" ruleset="Code Style" package="org.junit.platform.console.tasks" class="XmlReportWriterTests" externalInfoUrl="https://pmd.github.io/pmd/pmd_rules_java_codestyle.html#toomanystaticimports" priority="3">
Too many static imports may lead to messy code
</violation>
<violation beginline="37" endline="37" begincolumn="78" endcolumn="86" rule="SignatureDeclareThrowsException" ruleset="Design" package="org.junit.platform.console.tasks" class="XmlReportWriterTests" method="writesTestsuiteElementsWithoutTestcaseElementsWithoutAnyTests" externalInfoUrl="https://pmd.github.io/pmd/pmd_rules_java_design.html#signaturedeclarethrowsexception" priority="3">
A method/constructor should not explicitly throw java.lang.Exception
</violation>
<violation beginline="47" endline="47" begincolumn="3" endcolumn="12" rule="JUnitAssertionsShouldIncludeMessage" ruleset="Best Practices" package="org.junit.platform.console.tasks" class="XmlReportWriterTests" method="writesTestsuiteElementsWithoutTestcaseElementsWithoutAnyTests" externalInfoUrl="https://pmd.github.io/pmd/pmd_rules_java_bestpractices.html#junitassertionsshouldincludemessage" priority="3">
JUnit assertions should include a message
</violation>
<violation beginline="56" endline="56" begincolumn="34" endcolumn="42" rule="SignatureDeclareThrowsException" ruleset="Design" package="org.junit.platform.console.tasks" class="XmlReportWriterTests" method="writesReportEntry" externalInfoUrl="https://pmd.github.io/pmd/pmd_rules_java_design.html#signaturedeclarethrowsexception" priority="3">
A method/constructor should not explicitly throw java.lang.Exception
</violation>
<violation beginline="58" endline="58" begincolumn="76" endcolumn="81" rule="AvoidDuplicateLiterals" ruleset="Error Prone" package="org.junit.platform.console.tasks" class="XmlReportWriterTests" method="writesReportEntry" externalInfoUrl="https://pmd.github.io/pmd/pmd_rules_java_errorprone.html#avoidduplicateliterals" priority="3">
The String literal "test" appears 4 times in this file; the first occurrence is on line 58
</violation>
<violation beginline="84" endline="84" begincolumn="69" endcolumn="77" rule="SignatureDeclareThrowsException" ruleset="Design" package="org.junit.platform.console.tasks" class="XmlReportWriterTests" method="writesEmptySkippedElementForSkippedTestWithoutReason" externalInfoUrl="https://pmd.github.io/pmd/pmd_rules_java_design.html#signaturedeclarethrowsexception" priority="3">
A method/constructor should not explicitly throw java.lang.Exception
</violation>
<violation beginline="106" endline="106" begincolumn="65" endcolumn="73" rule="SignatureDeclareThrowsException" ruleset="Design" package="org.junit.platform.console.tasks" class="XmlReportWriterTests" method="writesEmptyErrorElementForFailedTestWithoutCause" externalInfoUrl="https://pmd.github.io/pmd/pmd_rules_java_design.html#signaturedeclarethrowsexception" priority="3">
A method/constructor should not explicitly throw java.lang.Exception
</violation>
<violation beginline="114" endline="114" begincolumn="76" endcolumn="87" rule="AvoidDuplicateLiterals" ruleset="Error Prone" package="org.junit.platform.console.tasks" class="XmlReportWriterTests" method="writesEmptyErrorElementForFailedTestWithoutCause" externalInfoUrl="https://pmd.github.io/pmd/pmd_rules_java_errorprone.html#avoidduplicateliterals" priority="3">
The String literal "failedTest" appears 4 times in this file; the first occurrence is on line 114
</violation>
<violation beginline="139" endline="139" begincolumn="78" endcolumn="86" rule="SignatureDeclareThrowsException" ruleset="Design" package="org.junit.platform.console.tasks" class="XmlReportWriterTests" method="omitsMessageAttributeForFailedTestWithThrowableWithoutMessage" externalInfoUrl="https://pmd.github.io/pmd/pmd_rules_java_design.html#signaturedeclarethrowsexception" priority="3">
A method/constructor should not explicitly throw java.lang.Exception
</violation>
</file>
<file name="C:\Users\Sokaina\Downloads\Versiones-Junit5\junit5-r5.0.2\platform-tests\src\test\java\org\junit\platform\console\tasks\XmlReportsWritingListenerTests.java">
<violation beginline="11" endline="428" begincolumn="1" endcolumn="2" rule="TooManyStaticImports" ruleset="Code Style" package="org.junit.platform.console.tasks" class="XmlReportsWritingListenerTests" externalInfoUrl="https://pmd.github.io/pmd/pmd_rules_java_codestyle.html#toomanystaticimports" priority="3">
Too many static imports may lead to messy code
</violation>
<violation beginline="67" endline="67" begincolumn="74" endcolumn="82" rule="SignatureDeclareThrowsException" ruleset="Design" package="org.junit.platform.console.tasks" class="XmlReportsWritingListenerTests" method="writesFileForSingleSucceedingTest" externalInfoUrl="https://pmd.github.io/pmd/pmd_rules_java_design.html#signaturedeclarethrowsexception" priority="3">
A method/constructor should not explicitly throw java.lang.Exception
</violation>
<violation beginline="68" endline="68" begincolumn="70" endcolumn="76" rule="AvoidDuplicateLiterals" ruleset="Error Prone" package="org.junit.platform.console.tasks" class="XmlReportsWritingListenerTests" method="writesFileForSingleSucceedingTest" externalInfoUrl="https://pmd.github.io/pmd/pmd_rules_java_errorprone.html#avoidduplicateliterals" priority="3">
The String literal "dummy" appears 11 times in this file; the first occurrence is on line 68
</violation>
<violation beginline="74" endline="74" begincolumn="59" endcolumn="74" rule="AvoidDuplicateLiterals" ruleset="Error Prone" package="org.junit.platform.console.tasks" class="XmlReportsWritingListenerTests" method="writesFileForSingleSucceedingTest" externalInfoUrl="https://pmd.github.io/pmd/pmd_rules_java_errorprone.html#avoidduplicateliterals" priority="3">
The String literal "TEST-dummy.xml" appears 11 times in this file; the first occurrence is on line 74
</violation>
<violation beginline="85" endline="85" begincolumn="6" endcolumn="18" rule="AvoidDuplicateLiterals" ruleset="Error Prone" package="org.junit.platform.console.tasks" class="XmlReportsWritingListenerTests" method="writesFileForSingleSucceedingTest" externalInfoUrl="https://pmd.github.io/pmd/pmd_rules_java_errorprone.html#avoidduplicateliterals" priority="3">
The String literal "&lt;/testcase&gt;" appears 8 times in this file; the first occurrence is on line 85
</violation>
<violation beginline="91" endline="91" begincolumn="5" endcolumn="18" rule="AvoidDuplicateLiterals" ruleset="Error Prone" package="org.junit.platform.console.tasks" class="XmlReportsWritingListenerTests" method="writesFileForSingleSucceedingTest" externalInfoUrl="https://pmd.github.io/pmd/pmd_rules_java_errorprone.html#avoidduplicateliterals" priority="3">
The String literal "&lt;/testsuite&gt;" appears 10 times in this file; the first occurrence is on line 91
</violation>
<violation beginline="93" endline="93" begincolumn="20" endcolumn="29" rule="AvoidDuplicateLiterals" ruleset="Error Prone" package="org.junit.platform.console.tasks" class="XmlReportsWritingListenerTests" method="writesFileForSingleSucceedingTest" externalInfoUrl="https://pmd.github.io/pmd/pmd_rules_java_errorprone.html#avoidduplicateliterals" priority="3">
The String literal "&lt;failure" appears 4 times in this file; the first occurrence is on line 93
</violation>
<violation beginline="94" endline="94" begincolumn="20" endcolumn="27" rule="AvoidDuplicateLiterals" ruleset="Error Prone" package="org.junit.platform.console.tasks" class="XmlReportsWritingListenerTests" method="writesFileForSingleSucceedingTest" externalInfoUrl="https://pmd.github.io/pmd/pmd_rules_java_errorprone.html#avoidduplicateliterals" priority="3">
The String literal "&lt;error" appears 4 times in this file; the first occurrence is on line 94
</violation>
<violation beginline="99" endline="99" begincolumn="71" endcolumn="79" rule="SignatureDeclareThrowsException" ruleset="Design" package="org.junit.platform.console.tasks" class="XmlReportsWritingListenerTests" method="writesFileForSingleFailingTest" externalInfoUrl="https://pmd.github.io/pmd/pmd_rules_java_design.html#signaturedeclarethrowsexception" priority="3">
A method/constructor should not explicitly throw java.lang.Exception
</violation>
<violation beginline="124" endline="124" begincolumn="73" endcolumn="81" rule="SignatureDeclareThrowsException" ruleset="Design" package="org.junit.platform.console.tasks" class="XmlReportsWritingListenerTests" method="writesFileForSingleErroneousTest" externalInfoUrl="https://pmd.github.io/pmd/pmd_rules_java_design.html#signaturedeclarethrowsexception" priority="3">
A method/constructor should not explicitly throw java.lang.Exception
</violation>
<violation beginline="127" endline="127" begincolumn="14" endcolumn="29" rule="AvoidThrowingRawExceptionTypes" ruleset="Design" package="org.junit.platform.console.tasks" class="XmlReportsWritingListenerTests" method="writesFileForSingleErroneousTest" externalInfoUrl="https://pmd.github.io/pmd/pmd_rules_java_design.html#avoidthrowingrawexceptiontypes" priority="1">
Avoid throwing raw exception types.
</violation>
<violation beginline="151" endline="151" begincolumn="71" endcolumn="79" rule="SignatureDeclareThrowsException" ruleset="Design" package="org.junit.platform.console.tasks" class="XmlReportsWritingListenerTests" method="writesFileForSingleSkippedTest" externalInfoUrl="https://pmd.github.io/pmd/pmd_rules_java_design.html#signaturedeclarethrowsexception" priority="3">
A method/constructor should not explicitly throw java.lang.Exception
</violation>
<violation beginline="176" endline="176" begincolumn="71" endcolumn="79" rule="SignatureDeclareThrowsException" ruleset="Design" package="org.junit.platform.console.tasks" class="XmlReportsWritingListenerTests" method="writesFileForSingleAbortedTest" externalInfoUrl="https://pmd.github.io/pmd/pmd_rules_java_design.html#signaturedeclarethrowsexception" priority="3">
A method/constructor should not explicitly throw java.lang.Exception
</violation>
<violation beginline="202" endline="202" begincolumn="63" endcolumn="71" rule="SignatureDeclareThrowsException" ruleset="Design" package="org.junit.platform.console.tasks" class="XmlReportsWritingListenerTests" method="measuresTimesInSeconds" externalInfoUrl="https://pmd.github.io/pmd/pmd_rules_java_design.html#signaturedeclarethrowsexception" priority="3">
A method/constructor should not explicitly throw java.lang.Exception
</violation>
<violation beginline="221" endline="221" begincolumn="5" endcolumn="16" rule="AvoidDuplicateLiterals" ruleset="Error Prone" package="org.junit.platform.console.tasks" class="XmlReportsWritingListenerTests" method="measuresTimesInSeconds" externalInfoUrl="https://pmd.github.io/pmd/pmd_rules_java_errorprone.html#avoidduplicateliterals" priority="3">
The String literal "&lt;testsuite" appears 5 times in this file; the first occurrence is on line 221
</violation>
<violation beginline="230" endline="230" begincolumn="18" endcolumn="23" rule="AvoidDuplicateLiterals" ruleset="Error Prone" package="org.junit.platform.console.tasks" class="XmlReportsWritingListenerTests" method="testWithImmeasurableTimeIsOutputCorrectly" externalInfoUrl="https://pmd.github.io/pmd/pmd_rules_java_errorprone.html#avoidduplicateliterals" priority="3">
The String literal "test" appears 7 times in this file; the first occurrence is on line 230
</violation>
<violation beginline="238" endline="238" begincolumn="3" endcolumn="12" rule="JUnitAssertionsShouldIncludeMessage" ruleset="Best Practices" package="org.junit.platform.console.tasks" class="XmlReportsWritingListenerTests" method="testWithImmeasurableTimeIsOutputCorrectly" externalInfoUrl="https://pmd.github.io/pmd/pmd_rules_java_bestpractices.html#junitassertionsshouldincludemessage" priority="3">
JUnit assertions should include a message
</violation>
<violation beginline="246" endline="246" begincolumn="70" endcolumn="78" rule="SignatureDeclareThrowsException" ruleset="Design" package="org.junit.platform.console.tasks" class="XmlReportsWritingListenerTests" method="writesFileForSkippedContainer" externalInfoUrl="https://pmd.github.io/pmd/pmd_rules_java_design.html#signaturedeclarethrowsexception" priority="3">
A method/constructor should not explicitly throw java.lang.Exception
</violation>
<violation beginline="269" endline="269" begincolumn="70" endcolumn="78" rule="SignatureDeclareThrowsException" ruleset="Design" package="org.junit.platform.console.tasks" class="XmlReportsWritingListenerTests" method="writesFileForFailingContainer" externalInfoUrl="https://pmd.github.io/pmd/pmd_rules_java_design.html#signaturedeclarethrowsexception" priority="3">
A method/constructor should not explicitly throw java.lang.Exception
</violation>
<violation beginline="293" endline="293" begincolumn="63" endcolumn="71" rule="SignatureDeclareThrowsException" ruleset="Design" package="org.junit.platform.console.tasks" class="XmlReportsWritingListenerTests" method="writesSystemProperties" externalInfoUrl="https://pmd.github.io/pmd/pmd_rules_java_design.html#signaturedeclarethrowsexception" priority="3">
A method/constructor should not explicitly throw java.lang.Exception
</violation>
<violation beginline="316" endline="316" begincolumn="67" endcolumn="75" rule="SignatureDeclareThrowsException" ruleset="Design" package="org.junit.platform.console.tasks" class="XmlReportsWritingListenerTests" method="writesHostNameAndTimestamp" externalInfoUrl="https://pmd.github.io/pmd/pmd_rules_java_design.html#signaturedeclarethrowsexception" priority="3">
A method/constructor should not explicitly throw java.lang.Exception
</violation>
<violation beginline="340" endline="340" begincolumn="85" endcolumn="93" rule="SignatureDeclareThrowsException" ruleset="Design" package="org.junit.platform.console.tasks" class="XmlReportsWritingListenerTests" method="printsExceptionWhenReportsDirCannotBeCreated" externalInfoUrl="https://pmd.github.io/pmd/pmd_rules_java_design.html#signaturedeclarethrowsexception" priority="3">
A method/constructor should not explicitly throw java.lang.Exception
</violation>
<violation beginline="354" endline="354" begincolumn="83" endcolumn="91" rule="SignatureDeclareThrowsException" ruleset="Design" package="org.junit.platform.console.tasks" class="XmlReportsWritingListenerTests" method="printsExceptionWhenReportCouldNotBeWritten" externalInfoUrl="https://pmd.github.io/pmd/pmd_rules_java_design.html#signaturedeclarethrowsexception" priority="3">
A method/constructor should not explicitly throw java.lang.Exception
</violation>
<violation beginline="370" endline="370" begincolumn="105" endcolumn="113" rule="SignatureDeclareThrowsException" ruleset="Design" package="org.junit.platform.console.tasks" class="XmlReportsWritingListenerTests" method="writesReportEntriesToSystemOutElement" externalInfoUrl="https://pmd.github.io/pmd/pmd_rules_java_design.html#signaturedeclarethrowsexception" priority="3">
A method/constructor should not explicitly throw java.lang.Exception
</violation>
<violation beginline="409" endline="409" begincolumn="15" endcolumn="65" rule="UnusedPrivateMethod" ruleset="Best Practices" package="org.junit.platform.console.tasks" class="XmlReportsWritingListenerTests" method="executeTests" externalInfoUrl="https://pmd.github.io/pmd/pmd_rules_java_bestpractices.html#unusedprivatemethod" priority="3">
Avoid unused private methods such as 'executeTests(TestEngine,Path)'.
</violation>
<violation beginline="422" endline="422" begincolumn="55" endcolumn="63" rule="SignatureDeclareThrowsException" ruleset="Design" package="org.junit.platform.console.tasks" class="XmlReportsWritingListenerTests" method="readValidXmlFile" externalInfoUrl="https://pmd.github.io/pmd/pmd_rules_java_design.html#signaturedeclarethrowsexception" priority="3">
A method/constructor should not explicitly throw java.lang.Exception
</violation>
</file>
<file name="C:\Users\Sokaina\Downloads\Versiones-Junit5\junit5-r5.0.2\platform-tests\src\test\java\org\junit\platform\engine\FilterCompositionTests.java">
<violation beginline="11" endline="74" begincolumn="1" endcolumn="2" rule="TooManyStaticImports" ruleset="Code Style" package="org.junit.platform.engine" class="FilterCompositionTests" externalInfoUrl="https://pmd.github.io/pmd/pmd_rules_java_codestyle.html#toomanystaticimports" priority="3">
Too many static imports may lead to messy code
</violation>
<violation beginline="34" endline="41" begincolumn="2" endcolumn="2" rule="JUnitTestContainsTooManyAsserts" ruleset="Best Practices" package="org.junit.platform.engine" class="FilterCompositionTests" method="composingNoFiltersCreatesFilterThatIncludesEverything" externalInfoUrl="https://pmd.github.io/pmd/pmd_rules_java_bestpractices.html#junittestcontainstoomanyasserts" priority="3">
Unit tests should not contain more than 1 assert(s).
</violation>
<violation beginline="37" endline="37" begincolumn="3" endcolumn="12" rule="JUnitAssertionsShouldIncludeMessage" ruleset="Best Practices" package="org.junit.platform.engine" class="FilterCompositionTests" method="composingNoFiltersCreatesFilterThatIncludesEverything" externalInfoUrl="https://pmd.github.io/pmd/pmd_rules_java_bestpractices.html#junitassertionsshouldincludemessage" priority="3">
JUnit assertions should include a message
</violation>
<violation beginline="38" endline="38" begincolumn="3" endcolumn="12" rule="JUnitAssertionsShouldIncludeMessage" ruleset="Best Practices" package="org.junit.platform.engine" class="FilterCompositionTests" method="composingNoFiltersCreatesFilterThatIncludesEverything" externalInfoUrl="https://pmd.github.io/pmd/pmd_rules_java_bestpractices.html#junitassertionsshouldincludemessage" priority="3">
JUnit assertions should include a message
</violation>
<violation beginline="39" endline="39" begincolumn="3" endcolumn="12" rule="JUnitAssertionsShouldIncludeMessage" ruleset="Best Practices" package="org.junit.platform.engine" class="FilterCompositionTests" method="composingNoFiltersCreatesFilterThatIncludesEverything" externalInfoUrl="https://pmd.github.io/pmd/pmd_rules_java_bestpractices.html#junitassertionsshouldincludemessage" priority="3">
JUnit assertions should include a message
</violation>
<violation beginline="40" endline="40" begincolumn="3" endcolumn="12" rule="JUnitAssertionsShouldIncludeMessage" ruleset="Best Practices" package="org.junit.platform.engine" class="FilterCompositionTests" method="composingNoFiltersCreatesFilterThatIncludesEverything" externalInfoUrl="https://pmd.github.io/pmd/pmd_rules_java_bestpractices.html#junitassertionsshouldincludemessage" priority="3">
JUnit assertions should include a message
</violation>
<violation beginline="47" endline="47" begincolumn="3" endcolumn="12" rule="JUnitAssertionsShouldIncludeMessage" ruleset="Best Practices" package="org.junit.platform.engine" class="FilterCompositionTests" method="composingSingleFilterWillReturnTheOriginalOne" externalInfoUrl="https://pmd.github.io/pmd/pmd_rules_java_bestpractices.html#junitassertionsshouldincludemessage" priority="3">
JUnit assertions should include a message
</violation>
<violation beginline="51" endline="61" begincolumn="2" endcolumn="2" rule="JUnitTestContainsTooManyAsserts" ruleset="Best Practices" package="org.junit.platform.engine" class="FilterCompositionTests" method="composingMultipleFiltersIsAConjunctionOfFilters" externalInfoUrl="https://pmd.github.io/pmd/pmd_rules_java_bestpractices.html#junittestcontainstoomanyasserts" priority="3">
Unit tests should not contain more than 1 assert(s).
</violation>
<violation beginline="57" endline="57" begincolumn="3" endcolumn="13" rule="JUnitAssertionsShouldIncludeMessage" ruleset="Best Practices" package="org.junit.platform.engine" class="FilterCompositionTests" method="composingMultipleFiltersIsAConjunctionOfFilters" externalInfoUrl="https://pmd.github.io/pmd/pmd_rules_java_bestpractices.html#junitassertionsshouldincludemessage" priority="3">
JUnit assertions should include a message
</violation>
<violation beginline="58" endline="58" begincolumn="3" endcolumn="13" rule="JUnitAssertionsShouldIncludeMessage" ruleset="Best Practices" package="org.junit.platform.engine" class="FilterCompositionTests" method="composingMultipleFiltersIsAConjunctionOfFilters" externalInfoUrl="https://pmd.github.io/pmd/pmd_rules_java_bestpractices.html#junitassertionsshouldincludemessage" priority="3">
JUnit assertions should include a message
</violation>
<violation beginline="59" endline="59" begincolumn="3" endcolumn="12" rule="JUnitAssertionsShouldIncludeMessage" ruleset="Best Practices" package="org.junit.platform.engine" class="FilterCompositionTests" method="composingMultipleFiltersIsAConjunctionOfFilters" externalInfoUrl="https://pmd.github.io/pmd/pmd_rules_java_bestpractices.html#junitassertionsshouldincludemessage" priority="3">
JUnit assertions should include a message
</violation>
<violation beginline="60" endline="60" begincolumn="3" endcolumn="12" rule="JUnitAssertionsShouldIncludeMessage" ruleset="Best Practices" package="org.junit.platform.engine" class="FilterCompositionTests" method="composingMultipleFiltersIsAConjunctionOfFilters" externalInfoUrl="https://pmd.github.io/pmd/pmd_rules_java_bestpractices.html#junitassertionsshouldincludemessage" priority="3">
JUnit assertions should include a message
</violation>
<violation beginline="64" endline="72" begincolumn="2" endcolumn="2" rule="JUnitTestContainsTooManyAsserts" ruleset="Best Practices" package="org.junit.platform.engine" class="FilterCompositionTests" method="aFilterComposedOfMultipleFiltersHasReadableDescription" externalInfoUrl="https://pmd.github.io/pmd/pmd_rules_java_bestpractices.html#junittestcontainstoomanyasserts" priority="3">
Unit tests should not contain more than 1 assert(s).
</violation>
<violation beginline="70" endline="70" begincolumn="3" endcolumn="13" rule="JUnitAssertionsShouldIncludeMessage" ruleset="Best Practices" package="org.junit.platform.engine" class="FilterCompositionTests" method="aFilterComposedOfMultipleFiltersHasReadableDescription" externalInfoUrl="https://pmd.github.io/pmd/pmd_rules_java_bestpractices.html#junitassertionsshouldincludemessage" priority="3">
JUnit assertions should include a message
</violation>
<violation beginline="71" endline="71" begincolumn="3" endcolumn="14" rule="JUnitAssertionsShouldIncludeMessage" ruleset="Best Practices" package="org.junit.platform.engine" class="FilterCompositionTests" method="aFilterComposedOfMultipleFiltersHasReadableDescription" externalInfoUrl="https://pmd.github.io/pmd/pmd_rules_java_bestpractices.html#junitassertionsshouldincludemessage" priority="3">
JUnit assertions should include a message
</violation>
</file>
<file name="C:\Users\Sokaina\Downloads\Versiones-Junit5\junit5-r5.0.2\platform-tests\src\test\java\org\junit\platform\engine\TestDescriptorTests.java">
<violation beginline="26" endline="26" begincolumn="62" endcolumn="67" rule="AvoidDuplicateLiterals" ruleset="Error Prone" package="org.junit.platform.engine" class="TestDescriptorTests" method="isRootWithoutParent" externalInfoUrl="https://pmd.github.io/pmd/pmd_rules_java_errorprone.html#avoidduplicateliterals" priority="3">
The String literal "root" appears 4 times in this file; the first occurrence is on line 26
</violation>
<violation beginline="28" endline="28" begincolumn="3" endcolumn="12" rule="JUnitAssertionsShouldIncludeMessage" ruleset="Best Practices" package="org.junit.platform.engine" class="TestDescriptorTests" method="isRootWithoutParent" externalInfoUrl="https://pmd.github.io/pmd/pmd_rules_java_bestpractices.html#junitassertionsshouldincludemessage" priority="3">
JUnit assertions should include a message
</violation>
<violation beginline="36" endline="36" begincolumn="3" endcolumn="13" rule="JUnitAssertionsShouldIncludeMessage" ruleset="Best Practices" package="org.junit.platform.engine" class="TestDescriptorTests" method="isRootWithParent" externalInfoUrl="https://pmd.github.io/pmd/pmd_rules_java_bestpractices.html#junitassertionsshouldincludemessage" priority="3">
JUnit assertions should include a message
</violation>
</file>
<file name="C:\Users\Sokaina\Downloads\Versiones-Junit5\junit5-r5.0.2\platform-tests\src\test\java\org\junit\platform\engine\TestTagTests.java">
<violation beginline="11" endline="106" begincolumn="1" endcolumn="2" rule="TooManyStaticImports" ruleset="Code Style" package="org.junit.platform.engine" class="TestTagTests" externalInfoUrl="https://pmd.github.io/pmd/pmd_rules_java_codestyle.html#toomanystaticimports" priority="3">
Too many static imports may lead to messy code
</violation>
<violation beginline="35" endline="35" begincolumn="14" endcolumn="19" rule="AvoidDuplicateLiterals" ruleset="Error Prone" package="org.junit.platform.engine" class="TestTagTests" method="validSyntax" externalInfoUrl="https://pmd.github.io/pmd/pmd_rules_java_errorprone.html#avoidduplicateliterals" priority="3">
The String literal "fast" appears 9 times in this file; the first occurrence is on line 35
</violation>
<violation beginline="60" endline="66" begincolumn="2" endcolumn="2" rule="JUnitTestContainsTooManyAsserts" ruleset="Best Practices" package="org.junit.platform.engine" class="TestTagTests" method="factory" externalInfoUrl="https://pmd.github.io/pmd/pmd_rules_java_bestpractices.html#junittestcontainstoomanyasserts" priority="3">
Unit tests should not contain more than 1 assert(s).
</violation>
<violation beginline="61" endline="61" begincolumn="3" endcolumn="14" rule="JUnitAssertionsShouldIncludeMessage" ruleset="Best Practices" package="org.junit.platform.engine" class="TestTagTests" method="factory" externalInfoUrl="https://pmd.github.io/pmd/pmd_rules_java_bestpractices.html#junitassertionsshouldincludemessage" priority="3">
JUnit assertions should include a message
</violation>
<violation beginline="62" endline="62" begincolumn="3" endcolumn="14" rule="JUnitAssertionsShouldIncludeMessage" ruleset="Best Practices" package="org.junit.platform.engine" class="TestTagTests" method="factory" externalInfoUrl="https://pmd.github.io/pmd/pmd_rules_java_bestpractices.html#junitassertionsshouldincludemessage" priority="3">
JUnit assertions should include a message
</violation>
<violation beginline="63" endline="63" begincolumn="3" endcolumn="14" rule="JUnitAssertionsShouldIncludeMessage" ruleset="Best Practices" package="org.junit.platform.engine" class="TestTagTests" method="factory" externalInfoUrl="https://pmd.github.io/pmd/pmd_rules_java_bestpractices.html#junitassertionsshouldincludemessage" priority="3">
JUnit assertions should include a message
</violation>
<violation beginline="63" endline="63" begincolumn="16" endcolumn="24" rule="AvoidDuplicateLiterals" ruleset="Error Prone" package="org.junit.platform.engine" class="TestTagTests" method="factory" externalInfoUrl="https://pmd.github.io/pmd/pmd_rules_java_errorprone.html#avoidduplicateliterals" priority="3">
The String literal "foo-tag" appears 4 times in this file; the first occurrence is on line 63
</violation>
<violation beginline="64" endline="64" begincolumn="3" endcolumn="14" rule="JUnitAssertionsShouldIncludeMessage" ruleset="Best Practices" package="org.junit.platform.engine" class="TestTagTests" method="factory" externalInfoUrl="https://pmd.github.io/pmd/pmd_rules_java_bestpractices.html#junitassertionsshouldincludemessage" priority="3">
JUnit assertions should include a message
</violation>
<violation beginline="65" endline="65" begincolumn="3" endcolumn="14" rule="JUnitAssertionsShouldIncludeMessage" ruleset="Best Practices" package="org.junit.platform.engine" class="TestTagTests" method="factory" externalInfoUrl="https://pmd.github.io/pmd/pmd_rules_java_bestpractices.html#junitassertionsshouldincludemessage" priority="3">
JUnit assertions should include a message
</violation>
<violation beginline="69" endline="76" begincolumn="2" endcolumn="2" rule="JUnitTestContainsTooManyAsserts" ruleset="Best Practices" package="org.junit.platform.engine" class="TestTagTests" method="factoryPreconditions" externalInfoUrl="https://pmd.github.io/pmd/pmd_rules_java_bestpractices.html#junittestcontainstoomanyasserts" priority="3">
Unit tests should not contain more than 1 assert(s).
</violation>
<violation beginline="79" endline="84" begincolumn="2" endcolumn="2" rule="JUnitTestContainsTooManyAsserts" ruleset="Best Practices" package="org.junit.platform.engine" class="TestTagTests" method="tagEqualsOtherTagWithSameName" externalInfoUrl="https://pmd.github.io/pmd/pmd_rules_java_bestpractices.html#junittestcontainstoomanyasserts" priority="3">
Unit tests should not contain more than 1 assert(s).
</violation>
<violation beginline="80" endline="80" begincolumn="3" endcolumn="14" rule="JUnitAssertionsShouldIncludeMessage" ruleset="Best Practices" package="org.junit.platform.engine" class="TestTagTests" method="tagEqualsOtherTagWithSameName" externalInfoUrl="https://pmd.github.io/pmd/pmd_rules_java_bestpractices.html#junitassertionsshouldincludemessage" priority="3">
JUnit assertions should include a message
</violation>
<violation beginline="81" endline="81" begincolumn="3" endcolumn="14" rule="JUnitAssertionsShouldIncludeMessage" ruleset="Best Practices" package="org.junit.platform.engine" class="TestTagTests" method="tagEqualsOtherTagWithSameName" externalInfoUrl="https://pmd.github.io/pmd/pmd_rules_java_bestpractices.html#junitassertionsshouldincludemessage" priority="3">
JUnit assertions should include a message
</violation>
<violation beginline="88" endline="88" begincolumn="3" endcolumn="14" rule="JUnitAssertionsShouldIncludeMessage" ruleset="Best Practices" package="org.junit.platform.engine" class="TestTagTests" method="toStringPrintsName" externalInfoUrl="https://pmd.github.io/pmd/pmd_rules_java_bestpractices.html#junitassertionsshouldincludemessage" priority="3">
JUnit assertions should include a message
</violation>
</file>
<file name="C:\Users\Sokaina\Downloads\Versiones-Junit5\junit5-r5.0.2\platform-tests\src\test\java\org\junit\platform\engine\UniqueIdFormatTests.java">
<violation beginline="35" endline="38" begincolumn="3" endcolumn="3" rule="JUnitTestContainsTooManyAsserts" ruleset="Best Practices" package="org.junit.platform.engine" class="UniqueIdFormatTests$Formatting" method="engineIdOnly" externalInfoUrl="https://pmd.github.io/pmd/pmd_rules_java_bestpractices.html#junittestcontainstoomanyasserts" priority="3">
Unit tests should not contain more than 1 assert(s).
</violation>
<violation beginline="41" endline="45" begincolumn="3" endcolumn="3" rule="JUnitTestContainsTooManyAsserts" ruleset="Best Practices" package="org.junit.platform.engine" class="UniqueIdFormatTests$Formatting" method="withTwoSegments" externalInfoUrl="https://pmd.github.io/pmd/pmd_rules_java_bestpractices.html#junittestcontainstoomanyasserts" priority="3">
Unit tests should not contain more than 1 assert(s).
</violation>
<violation beginline="48" endline="52" begincolumn="3" endcolumn="3" rule="JUnitTestContainsTooManyAsserts" ruleset="Best Practices" package="org.junit.platform.engine" class="UniqueIdFormatTests$Formatting" method="withManySegments" externalInfoUrl="https://pmd.github.io/pmd/pmd_rules_java_bestpractices.html#junittestcontainstoomanyasserts" priority="3">
Unit tests should not contain more than 1 assert(s).
</violation>
<violation beginline="116" endline="119" begincolumn="11" endcolumn="3" rule="JUnitTestContainsTooManyAsserts" ruleset="Best Practices" package="org.junit.platform.engine" class="UniqueIdFormatTests$ParsingTest" method="parseMalformedUid" externalInfoUrl="https://pmd.github.io/pmd/pmd_rules_java_bestpractices.html#junittestcontainstoomanyasserts" priority="3">
Unit tests should not contain more than 1 assert(s).
</violation>
<violation beginline="122" endline="127" begincolumn="11" endcolumn="3" rule="JUnitTestContainsTooManyAsserts" ruleset="Best Practices" package="org.junit.platform.engine" class="UniqueIdFormatTests$ParsingTest" method="parseEngineUid" externalInfoUrl="https://pmd.github.io/pmd/pmd_rules_java_bestpractices.html#junittestcontainstoomanyasserts" priority="3">
Unit tests should not contain more than 1 assert(s).
</violation>
<violation beginline="130" endline="137" begincolumn="11" endcolumn="3" rule="JUnitTestContainsTooManyAsserts" ruleset="Best Practices" package="org.junit.platform.engine" class="UniqueIdFormatTests$ParsingTest" method="parseMethodUid" externalInfoUrl="https://pmd.github.io/pmd/pmd_rules_java_bestpractices.html#junittestcontainstoomanyasserts" priority="3">
Unit tests should not contain more than 1 assert(s).
</violation>
</file>
<file name="C:\Users\Sokaina\Downloads\Versiones-Junit5\junit5-r5.0.2\platform-tests\src\test\java\org\junit\platform\engine\UniqueIdTests.java">
<violation beginline="33" endline="33" begincolumn="34" endcolumn="48" rule="AvoidDuplicateLiterals" ruleset="Error Prone" package="org.junit.platform.engine" class="UniqueIdTests" externalInfoUrl="https://pmd.github.io/pmd/pmd_rules_java_errorprone.html#avoidduplicateliterals" priority="3">
The String literal "junit-jupiter" appears 11 times in this file; the first occurrence is on line 33
</violation>
<violation beginline="33" endline="33" begincolumn="2" endcolumn="49" rule="DefaultPackage" ruleset="Code Style" package="org.junit.platform.engine" class="UniqueIdTests" externalInfoUrl="https://pmd.github.io/pmd/pmd_rules_java_codestyle.html#defaultpackage" priority="3">
Use explicit scoping instead of the default package private level
</violation>
<violation beginline="39" endline="44" begincolumn="3" endcolumn="3" rule="JUnitTestContainsTooManyAsserts" ruleset="Best Practices" package="org.junit.platform.engine" class="UniqueIdTests$Creation" method="uniqueIdCanBeCreatedFromEngineId" externalInfoUrl="https://pmd.github.io/pmd/pmd_rules_java_bestpractices.html#junittestcontainstoomanyasserts" priority="3">
Unit tests should not contain more than 1 assert(s).
</violation>
<violation beginline="43" endline="43" begincolumn="49" endcolumn="56" rule="AvoidDuplicateLiterals" ruleset="Error Prone" package="org.junit.platform.engine" class="UniqueIdTests$Creation" method="uniqueIdCanBeCreatedFromEngineId" externalInfoUrl="https://pmd.github.io/pmd/pmd_rules_java_errorprone.html#avoidduplicateliterals" priority="3">
The String literal "engine" appears 16 times in this file; the first occurrence is on line 43
</violation>
<violation beginline="47" endline="53" begincolumn="3" endcolumn="3" rule="JUnitTestContainsTooManyAsserts" ruleset="Best Practices" package="org.junit.platform.engine" class="UniqueIdTests$Creation" method="retrievingOptionalEngineId" externalInfoUrl="https://pmd.github.io/pmd/pmd_rules_java_bestpractices.html#junittestcontainstoomanyasserts" priority="3">
Unit tests should not contain more than 1 assert(s).
</violation>
<violation beginline="56" endline="61" begincolumn="3" endcolumn="3" rule="JUnitTestContainsTooManyAsserts" ruleset="Best Practices" package="org.junit.platform.engine" class="UniqueIdTests$Creation" method="uniqueIdCanBeCreatedFromTypeAndValue" externalInfoUrl="https://pmd.github.io/pmd/pmd_rules_java_bestpractices.html#junittestcontainstoomanyasserts" priority="3">
Unit tests should not contain more than 1 assert(s).
</violation>
<violation beginline="57" endline="57" begincolumn="38" endcolumn="44" rule="AvoidDuplicateLiterals" ruleset="Error Prone" package="org.junit.platform.engine" class="UniqueIdTests$Creation" method="uniqueIdCanBeCreatedFromTypeAndValue" externalInfoUrl="https://pmd.github.io/pmd/pmd_rules_java_errorprone.html#avoidduplicateliterals" priority="3">
The String literal "aType" appears 4 times in this file; the first occurrence is on line 57
</violation>
<violation beginline="57" endline="57" begincolumn="47" endcolumn="54" rule="AvoidDuplicateLiterals" ruleset="Error Prone" package="org.junit.platform.engine" class="UniqueIdTests$Creation" method="uniqueIdCanBeCreatedFromTypeAndValue" externalInfoUrl="https://pmd.github.io/pmd/pmd_rules_java_errorprone.html#avoidduplicateliterals" priority="3">
The String literal "aValue" appears 4 times in this file; the first occurrence is on line 57
</violation>
<violation beginline="71" endline="78" begincolumn="3" endcolumn="3" rule="JUnitTestContainsTooManyAsserts" ruleset="Best Practices" package="org.junit.platform.engine" class="UniqueIdTests$Creation" method="appendingOneSegment" externalInfoUrl="https://pmd.github.io/pmd/pmd_rules_java_bestpractices.html#junittestcontainstoomanyasserts" priority="3">
Unit tests should not contain more than 1 assert(s).
</violation>
<violation beginline="81" endline="87" begincolumn="3" endcolumn="3" rule="JUnitTestContainsTooManyAsserts" ruleset="Best Practices" package="org.junit.platform.engine" class="UniqueIdTests$Creation" method="appendingSegmentLeavesOriginalUnchanged" externalInfoUrl="https://pmd.github.io/pmd/pmd_rules_java_bestpractices.html#junittestcontainstoomanyasserts" priority="3">
Unit tests should not contain more than 1 assert(s).
</violation>
<violation beginline="90" endline="99" begincolumn="3" endcolumn="3" rule="JUnitTestContainsTooManyAsserts" ruleset="Best Practices" package="org.junit.platform.engine" class="UniqueIdTests$Creation" method="appendingSeveralSegments" externalInfoUrl="https://pmd.github.io/pmd/pmd_rules_java_bestpractices.html#junittestcontainstoomanyasserts" priority="3">
Unit tests should not contain more than 1 assert(s).
</violation>
<violation beginline="106" endline="106" begincolumn="24" endcolumn="37" rule="FinalFieldCouldBeStatic" ruleset="Design" package="org.junit.platform.engine" class="UniqueIdTests$ParsingAndFormatting" variable="uniqueIdString" externalInfoUrl="https://pmd.github.io/pmd/pmd_rules_java_design.html#finalfieldcouldbestatic" priority="3">
This final field could be made static
</violation>
<violation beginline="122" endline="126" begincolumn="3" endcolumn="3" rule="JUnitTestContainsTooManyAsserts" ruleset="Best Practices" package="org.junit.platform.engine" class="UniqueIdTests$ParsingAndFormatting" method="ensureDefaultUniqueIdFormatDecodingEncodesSegmentParts" externalInfoUrl="https://pmd.github.io/pmd/pmd_rules_java_bestpractices.html#junittestcontainstoomanyasserts" priority="3">
Unit tests should not contain more than 1 assert(s).
</violation>
<violation beginline="138" endline="142" begincolumn="3" endcolumn="3" rule="DefaultPackage" ruleset="Code Style" package="org.junit.platform.engine" class="UniqueIdTests$ParsingAndFormatting" externalInfoUrl="https://pmd.github.io/pmd/pmd_rules_java_codestyle.html#defaultpackage" priority="3">
Use explicit scoping instead of the default package private level
</violation>
<violation beginline="149" endline="156" begincolumn="3" endcolumn="3" rule="JUnitTestContainsTooManyAsserts" ruleset="Best Practices" package="org.junit.platform.engine" class="UniqueIdTests$EqualsContract" method="sameEnginesAreEqual" externalInfoUrl="https://pmd.github.io/pmd/pmd_rules_java_bestpractices.html#junittestcontainstoomanyasserts" priority="3">
Unit tests should not contain more than 1 assert(s).
</violation>
<violation beginline="153" endline="153" begincolumn="4" endcolumn="30" rule="UseAssertEqualsInsteadOfAssertTrue" ruleset="Best Practices" package="org.junit.platform.engine" class="UniqueIdTests$EqualsContract" method="sameEnginesAreEqual" externalInfoUrl="https://pmd.github.io/pmd/pmd_rules_java_bestpractices.html#useassertequalsinsteadofasserttrue" priority="3">
Use assertEquals(x, y) instead of assertTrue(x.equals(y))
</violation>
<violation beginline="153" endline="153" begincolumn="4" endcolumn="30" rule="UseAssertEqualsInsteadOfAssertTrue" ruleset="Best Practices" package="org.junit.platform.engine" class="UniqueIdTests$EqualsContract" method="sameEnginesAreEqual" externalInfoUrl="https://pmd.github.io/pmd/pmd_rules_java_bestpractices.html#useassertequalsinsteadofasserttrue" priority="3">
Use assertEquals(x, y) instead of assertTrue(x.equals(y))
</violation>
<violation beginline="154" endline="154" begincolumn="4" endcolumn="30" rule="UseAssertEqualsInsteadOfAssertTrue" ruleset="Best Practices" package="org.junit.platform.engine" class="UniqueIdTests$EqualsContract" method="sameEnginesAreEqual" externalInfoUrl="https://pmd.github.io/pmd/pmd_rules_java_bestpractices.html#useassertequalsinsteadofasserttrue" priority="3">
Use assertEquals(x, y) instead of assertTrue(x.equals(y))
</violation>
<violation beginline="154" endline="154" begincolumn="4" endcolumn="30" rule="UseAssertEqualsInsteadOfAssertTrue" ruleset="Best Practices" package="org.junit.platform.engine" class="UniqueIdTests$EqualsContract" method="sameEnginesAreEqual" externalInfoUrl="https://pmd.github.io/pmd/pmd_rules_java_bestpractices.html#useassertequalsinsteadofasserttrue" priority="3">
Use assertEquals(x, y) instead of assertTrue(x.equals(y))
</violation>
<violation beginline="159" endline="165" begincolumn="3" endcolumn="3" rule="JUnitTestContainsTooManyAsserts" ruleset="Best Practices" package="org.junit.platform.engine" class="UniqueIdTests$EqualsContract" method="differentEnginesAreNotEqual" externalInfoUrl="https://pmd.github.io/pmd/pmd_rules_java_bestpractices.html#junittestcontainstoomanyasserts" priority="3">
Unit tests should not contain more than 1 assert(s).
</violation>
<violation beginline="168" endline="175" begincolumn="3" endcolumn="3" rule="JUnitTestContainsTooManyAsserts" ruleset="Best Practices" package="org.junit.platform.engine" class="UniqueIdTests$EqualsContract" method="uniqueIdWithSameSegmentsAreEqual" externalInfoUrl="https://pmd.github.io/pmd/pmd_rules_java_bestpractices.html#junittestcontainstoomanyasserts" priority="3">
Unit tests should not contain more than 1 assert(s).
</violation>
<violation beginline="172" endline="172" begincolumn="4" endcolumn="30" rule="UseAssertEqualsInsteadOfAssertTrue" ruleset="Best Practices" package="org.junit.platform.engine" class="UniqueIdTests$EqualsContract" method="uniqueIdWithSameSegmentsAreEqual" externalInfoUrl="https://pmd.github.io/pmd/pmd_rules_java_bestpractices.html#useassertequalsinsteadofasserttrue" priority="3">
Use assertEquals(x, y) instead of assertTrue(x.equals(y))
</violation>
<violation beginline="172" endline="172" begincolumn="4" endcolumn="30" rule="UseAssertEqualsInsteadOfAssertTrue" ruleset="Best Practices" package="org.junit.platform.engine" class="UniqueIdTests$EqualsContract" method="uniqueIdWithSameSegmentsAreEqual" externalInfoUrl="https://pmd.github.io/pmd/pmd_rules_java_bestpractices.html#useassertequalsinsteadofasserttrue" priority="3">
Use assertEquals(x, y) instead of assertTrue(x.equals(y))
</violation>
<violation beginline="173" endline="173" begincolumn="4" endcolumn="30" rule="UseAssertEqualsInsteadOfAssertTrue" ruleset="Best Practices" package="org.junit.platform.engine" class="UniqueIdTests$EqualsContract" method="uniqueIdWithSameSegmentsAreEqual" externalInfoUrl="https://pmd.github.io/pmd/pmd_rules_java_bestpractices.html#useassertequalsinsteadofasserttrue" priority="3">
Use assertEquals(x, y) instead of assertTrue(x.equals(y))
</violation>
<violation beginline="173" endline="173" begincolumn="4" endcolumn="30" rule="UseAssertEqualsInsteadOfAssertTrue" ruleset="Best Practices" package="org.junit.platform.engine" class="UniqueIdTests$EqualsContract" method="uniqueIdWithSameSegmentsAreEqual" externalInfoUrl="https://pmd.github.io/pmd/pmd_rules_java_bestpractices.html#useassertequalsinsteadofasserttrue" priority="3">
Use assertEquals(x, y) instead of assertTrue(x.equals(y))
</violation>
<violation beginline="178" endline="184" begincolumn="3" endcolumn="3" rule="JUnitTestContainsTooManyAsserts" ruleset="Best Practices" package="org.junit.platform.engine" class="UniqueIdTests$EqualsContract" method="differentOrderOfSegmentsAreNotEqual" externalInfoUrl="https://pmd.github.io/pmd/pmd_rules_java_bestpractices.html#junittestcontainstoomanyasserts" priority="3">
Unit tests should not contain more than 1 assert(s).
</violation>
<violation beginline="187" endline="193" begincolumn="3" endcolumn="3" rule="JUnitTestContainsTooManyAsserts" ruleset="Best Practices" package="org.junit.platform.engine" class="UniqueIdTests$EqualsContract" method="additionalSegmentMakesItNotEqual" externalInfoUrl="https://pmd.github.io/pmd/pmd_rules_java_bestpractices.html#junittestcontainstoomanyasserts" priority="3">
Unit tests should not contain more than 1 assert(s).
</violation>
</file>
<file name="C:\Users\Sokaina\Downloads\Versiones-Junit5\junit5-r5.0.2\platform-tests\src\test\java\org\junit\platform\engine\discovery\ClassNameFilterTests.java">
<violation beginline="27" endline="37" begincolumn="2" endcolumn="2" rule="JUnitTestContainsTooManyAsserts" ruleset="Best Practices" package="org.junit.platform.engine.discovery" class="ClassNameFilterTests" method="includeClassNamePatternsChecksPreconditions" externalInfoUrl="https://pmd.github.io/pmd/pmd_rules_java_bestpractices.html#junittestcontainstoomanyasserts" priority="3">
Unit tests should not contain more than 1 assert(s).
</violation>
<violation beginline="30" endline="30" begincolumn="17" endcolumn="52" rule="AvoidDuplicateLiterals" ruleset="Error Prone" package="org.junit.platform.engine.discovery" class="ClassNameFilterTests" method="includeClassNamePatternsChecksPreconditions" externalInfoUrl="https://pmd.github.io/pmd/pmd_rules_java_errorprone.html#avoidduplicateliterals" priority="3">
The String literal "patterns must not be null or empty" appears 4 times in this file; the first occurrence is on line 30
</violation>
<violation beginline="40" endline="56" begincolumn="2" endcolumn="2" rule="JUnitTestContainsTooManyAsserts" ruleset="Best Practices" package="org.junit.platform.engine.discovery" class="ClassNameFilterTests" method="includeClassNamePatternsWithSinglePattern" externalInfoUrl="https://pmd.github.io/pmd/pmd_rules_java_bestpractices.html#junittestcontainstoomanyasserts" priority="3">
Unit tests should not contain more than 1 assert(s).
</violation>
<violation beginline="41" endline="41" begincolumn="18" endcolumn="36" rule="AvoidDuplicateLiterals" ruleset="Error Prone" package="org.junit.platform.engine.discovery" class="ClassNameFilterTests" method="includeClassNamePatternsWithSinglePattern" externalInfoUrl="https://pmd.github.io/pmd/pmd_rules_java_errorprone.html#avoidduplicateliterals" priority="3">
The String literal "^java\\.lang\\..*" appears 4 times in this file; the first occurrence is on line 41
</violation>
<violation beginline="47" endline="47" begincolumn="3" endcolumn="12" rule="JUnitAssertionsShouldIncludeMessage" ruleset="Best Practices" package="org.junit.platform.engine.discovery" class="ClassNameFilterTests" method="includeClassNamePatternsWithSinglePattern" externalInfoUrl="https://pmd.github.io/pmd/pmd_rules_java_bestpractices.html#junitassertionsshouldincludemessage" priority="3">
JUnit assertions should include a message
</violation>
<violation beginline="47" endline="47" begincolumn="27" endcolumn="44" rule="AvoidDuplicateLiterals" ruleset="Error Prone" package="org.junit.platform.engine.discovery" class="ClassNameFilterTests" method="includeClassNamePatternsWithSinglePattern" externalInfoUrl="https://pmd.github.io/pmd/pmd_rules_java_errorprone.html#avoidduplicateliterals" priority="3">
The String literal "java.lang.String" appears 12 times in this file; the first occurrence is on line 47
</violation>
<violation beginline="48" endline="48" begincolumn="3" endcolumn="12" rule="JUnitAssertionsShouldIncludeMessage" ruleset="Best Practices" package="org.junit.platform.engine.discovery" class="ClassNameFilterTests" method="includeClassNamePatternsWithSinglePattern" externalInfoUrl="https://pmd.github.io/pmd/pmd_rules_java_bestpractices.html#junitassertionsshouldincludemessage" priority="3">
JUnit assertions should include a message
</violation>
<violation beginline="52" endline="52" begincolumn="3" endcolumn="13" rule="JUnitAssertionsShouldIncludeMessage" ruleset="Best Practices" package="org.junit.platform.engine.discovery" class="ClassNameFilterTests" method="includeClassNamePatternsWithSinglePattern" externalInfoUrl="https://pmd.github.io/pmd/pmd_rules_java_bestpractices.html#junitassertionsshouldincludemessage" priority="3">
JUnit assertions should include a message
</violation>
<violation beginline="52" endline="52" begincolumn="28" endcolumn="46" rule="AvoidDuplicateLiterals" ruleset="Error Prone" package="org.junit.platform.engine.discovery" class="ClassNameFilterTests" method="includeClassNamePatternsWithSinglePattern" externalInfoUrl="https://pmd.github.io/pmd/pmd_rules_java_errorprone.html#avoidduplicateliterals" priority="3">
The String literal "java.time.Instant" appears 12 times in this file; the first occurrence is on line 52
</violation>
<violation beginline="53" endline="53" begincolumn="3" endcolumn="13" rule="JUnitAssertionsShouldIncludeMessage" ruleset="Best Practices" package="org.junit.platform.engine.discovery" class="ClassNameFilterTests" method="includeClassNamePatternsWithSinglePattern" externalInfoUrl="https://pmd.github.io/pmd/pmd_rules_java_bestpractices.html#junitassertionsshouldincludemessage" priority="3">
JUnit assertions should include a message
</violation>
<violation beginline="59" endline="83" begincolumn="2" endcolumn="2" rule="JUnitTestContainsTooManyAsserts" ruleset="Best Practices" package="org.junit.platform.engine.discovery" class="ClassNameFilterTests" method="includeClassNamePatternsWithMultiplePatterns" externalInfoUrl="https://pmd.github.io/pmd/pmd_rules_java_bestpractices.html#junittestcontainstoomanyasserts" priority="3">
Unit tests should not contain more than 1 assert(s).
</violation>
<violation beginline="66" endline="66" begincolumn="74" endcolumn="81" rule="AvoidDuplicateLiterals" ruleset="Error Prone" package="org.junit.platform.engine.discovery" class="ClassNameFilterTests" method="includeClassNamePatternsWithMultiplePatterns" externalInfoUrl="https://pmd.github.io/pmd/pmd_rules_java_errorprone.html#avoidduplicateliterals" priority="3">
The String literal "' OR '" appears 4 times in this file; the first occurrence is on line 66
</violation>
<violation beginline="68" endline="68" begincolumn="3" endcolumn="12" rule="JUnitAssertionsShouldIncludeMessage" ruleset="Best Practices" package="org.junit.platform.engine.discovery" class="ClassNameFilterTests" method="includeClassNamePatternsWithMultiplePatterns" externalInfoUrl="https://pmd.github.io/pmd/pmd_rules_java_bestpractices.html#junitassertionsshouldincludemessage" priority="3">
JUnit assertions should include a message
</violation>
<violation beginline="69" endline="69" begincolumn="3" endcolumn="12" rule="JUnitAssertionsShouldIncludeMessage" ruleset="Best Practices" package="org.junit.platform.engine.discovery" class="ClassNameFilterTests" method="includeClassNamePatternsWithMultiplePatterns" externalInfoUrl="https://pmd.github.io/pmd/pmd_rules_java_bestpractices.html#junitassertionsshouldincludemessage" priority="3">
JUnit assertions should include a message
</violation>
<violation beginline="73" endline="73" begincolumn="3" endcolumn="12" rule="JUnitAssertionsShouldIncludeMessage" ruleset="Best Practices" package="org.junit.platform.engine.discovery" class="ClassNameFilterTests" method="includeClassNamePatternsWithMultiplePatterns" externalInfoUrl="https://pmd.github.io/pmd/pmd_rules_java_bestpractices.html#junitassertionsshouldincludemessage" priority="3">
JUnit assertions should include a message
</violation>
<violation beginline="73" endline="73" begincolumn="27" endcolumn="48" rule="AvoidDuplicateLiterals" ruleset="Error Prone" package="org.junit.platform.engine.discovery" class="ClassNameFilterTests" method="includeClassNamePatternsWithMultiplePatterns" externalInfoUrl="https://pmd.github.io/pmd/pmd_rules_java_errorprone.html#avoidduplicateliterals" priority="3">
The String literal "java.util.Collection" appears 6 times in this file; the first occurrence is on line 73
</violation>
<violation beginline="74" endline="74" begincolumn="3" endcolumn="12" rule="JUnitAssertionsShouldIncludeMessage" ruleset="Best Practices" package="org.junit.platform.engine.discovery" class="ClassNameFilterTests" method="includeClassNamePatternsWithMultiplePatterns" externalInfoUrl="https://pmd.github.io/pmd/pmd_rules_java_bestpractices.html#junitassertionsshouldincludemessage" priority="3">
JUnit assertions should include a message
</violation>
<violation beginline="78" endline="78" begincolumn="3" endcolumn="13" rule="JUnitAssertionsShouldIncludeMessage" ruleset="Best Practices" package="org.junit.platform.engine.discovery" class="ClassNameFilterTests" method="includeClassNamePatternsWithMultiplePatterns" externalInfoUrl="https://pmd.github.io/pmd/pmd_rules_java_bestpractices.html#junitassertionsshouldincludemessage" priority="3">
JUnit assertions should include a message
</violation>
<violation beginline="79" endline="79" begincolumn="3" endcolumn="13" rule="JUnitAssertionsShouldIncludeMessage" ruleset="Best Practices" package="org.junit.platform.engine.discovery" class="ClassNameFilterTests" method="includeClassNamePatternsWithMultiplePatterns" externalInfoUrl="https://pmd.github.io/pmd/pmd_rules_java_bestpractices.html#junitassertionsshouldincludemessage" priority="3">
JUnit assertions should include a message
</violation>
<violation beginline="86" endline="96" begincolumn="2" endcolumn="2" rule="JUnitTestContainsTooManyAsserts" ruleset="Best Practices" package="org.junit.platform.engine.discovery" class="ClassNameFilterTests" method="excludeClassNamePatternsChecksPreconditions" externalInfoUrl="https://pmd.github.io/pmd/pmd_rules_java_bestpractices.html#junittestcontainstoomanyasserts" priority="3">
Unit tests should not contain more than 1 assert(s).
</violation>
<violation beginline="99" endline="116" begincolumn="2" endcolumn="2" rule="JUnitTestContainsTooManyAsserts" ruleset="Best Practices" package="org.junit.platform.engine.discovery" class="ClassNameFilterTests" method="excludeClassNamePatternsWithSinglePattern" externalInfoUrl="https://pmd.github.io/pmd/pmd_rules_java_bestpractices.html#junittestcontainstoomanyasserts" priority="3">
Unit tests should not contain more than 1 assert(s).
</violation>
<violation beginline="106" endline="106" begincolumn="3" endcolumn="12" rule="JUnitAssertionsShouldIncludeMessage" ruleset="Best Practices" package="org.junit.platform.engine.discovery" class="ClassNameFilterTests" method="excludeClassNamePatternsWithSinglePattern" externalInfoUrl="https://pmd.github.io/pmd/pmd_rules_java_bestpractices.html#junitassertionsshouldincludemessage" priority="3">
JUnit assertions should include a message
</violation>
<violation beginline="107" endline="107" begincolumn="3" endcolumn="13" rule="JUnitAssertionsShouldIncludeMessage" ruleset="Best Practices" package="org.junit.platform.engine.discovery" class="ClassNameFilterTests" method="excludeClassNamePatternsWithSinglePattern" externalInfoUrl="https://pmd.github.io/pmd/pmd_rules_java_bestpractices.html#junitassertionsshouldincludemessage" priority="3">
JUnit assertions should include a message
</violation>
<violation beginline="112" endline="112" begincolumn="3" endcolumn="12" rule="JUnitAssertionsShouldIncludeMessage" ruleset="Best Practices" package="org.junit.platform.engine.discovery" class="ClassNameFilterTests" method="excludeClassNamePatternsWithSinglePattern" externalInfoUrl="https://pmd.github.io/pmd/pmd_rules_java_bestpractices.html#junitassertionsshouldincludemessage" priority="3">
JUnit assertions should include a message
</violation>
<violation beginline="113" endline="113" begincolumn="3" endcolumn="12" rule="JUnitAssertionsShouldIncludeMessage" ruleset="Best Practices" package="org.junit.platform.engine.discovery" class="ClassNameFilterTests" method="excludeClassNamePatternsWithSinglePattern" externalInfoUrl="https://pmd.github.io/pmd/pmd_rules_java_bestpractices.html#junitassertionsshouldincludemessage" priority="3">
JUnit assertions should include a message
</violation>
<violation beginline="119" endline="143" begincolumn="2" endcolumn="2" rule="JUnitTestContainsTooManyAsserts" ruleset="Best Practices" package="org.junit.platform.engine.discovery" class="ClassNameFilterTests" method="excludeClassNamePatternsWithMultiplePatterns" externalInfoUrl="https://pmd.github.io/pmd/pmd_rules_java_bestpractices.html#junittestcontainstoomanyasserts" priority="3">
Unit tests should not contain more than 1 assert(s).
</violation>
<violation beginline="128" endline="128" begincolumn="3" endcolumn="12" rule="JUnitAssertionsShouldIncludeMessage" ruleset="Best Practices" package="org.junit.platform.engine.discovery" class="ClassNameFilterTests" method="excludeClassNamePatternsWithMultiplePatterns" externalInfoUrl="https://pmd.github.io/pmd/pmd_rules_java_bestpractices.html#junitassertionsshouldincludemessage" priority="3">
JUnit assertions should include a message
</violation>
<violation beginline="129" endline="129" begincolumn="3" endcolumn="13" rule="JUnitAssertionsShouldIncludeMessage" ruleset="Best Practices" package="org.junit.platform.engine.discovery" class="ClassNameFilterTests" method="excludeClassNamePatternsWithMultiplePatterns" externalInfoUrl="https://pmd.github.io/pmd/pmd_rules_java_bestpractices.html#junitassertionsshouldincludemessage" priority="3">
JUnit assertions should include a message
</violation>
<violation beginline="133" endline="133" begincolumn="3" endcolumn="12" rule="JUnitAssertionsShouldIncludeMessage" ruleset="Best Practices" package="org.junit.platform.engine.discovery" class="ClassNameFilterTests" method="excludeClassNamePatternsWithMultiplePatterns" externalInfoUrl="https://pmd.github.io/pmd/pmd_rules_java_bestpractices.html#junitassertionsshouldincludemessage" priority="3">
JUnit assertions should include a message
</violation>
<violation beginline="134" endline="134" begincolumn="3" endcolumn="13" rule="JUnitAssertionsShouldIncludeMessage" ruleset="Best Practices" package="org.junit.platform.engine.discovery" class="ClassNameFilterTests" method="excludeClassNamePatternsWithMultiplePatterns" externalInfoUrl="https://pmd.github.io/pmd/pmd_rules_java_bestpractices.html#junitassertionsshouldincludemessage" priority="3">
JUnit assertions should include a message
</violation>
<violation beginline="138" endline="138" begincolumn="3" endcolumn="13" rule="JUnitAssertionsShouldIncludeMessage" ruleset="Best Practices" package="org.junit.platform.engine.discovery" class="ClassNameFilterTests" method="excludeClassNamePatternsWithMultiplePatterns" externalInfoUrl="https://pmd.github.io/pmd/pmd_rules_java_bestpractices.html#junitassertionsshouldincludemessage" priority="3">
JUnit assertions should include a message
</violation>
<violation beginline="139" endline="139" begincolumn="3" endcolumn="12" rule="JUnitAssertionsShouldIncludeMessage" ruleset="Best Practices" package="org.junit.platform.engine.discovery" class="ClassNameFilterTests" method="excludeClassNamePatternsWithMultiplePatterns" externalInfoUrl="https://pmd.github.io/pmd/pmd_rules_java_bestpractices.html#junitassertionsshouldincludemessage" priority="3">
JUnit assertions should include a message
</violation>
</file>
<file name="C:\Users\Sokaina\Downloads\Versiones-Junit5\junit5-r5.0.2\platform-tests\src\test\java\org\junit\platform\engine\discovery\DiscoverySelectorsTests.java">
<violation beginline="11" endline="528" begincolumn="1" endcolumn="2" rule="TooManyStaticImports" ruleset="Code Style" package="org.junit.platform.engine.discovery" class="DiscoverySelectorsTests" externalInfoUrl="https://pmd.github.io/pmd/pmd_rules_java_codestyle.html#toomanystaticimports" priority="3">
Too many static imports may lead to messy code
</violation>
<violation beginline="49" endline="49" begincolumn="32" endcolumn="40" rule="SignatureDeclareThrowsException" ruleset="Design" package="org.junit.platform.engine.discovery" class="DiscoverySelectorsTests" method="selectUriByName" externalInfoUrl="https://pmd.github.io/pmd/pmd_rules_java_design.html#signaturedeclarethrowsexception" priority="3">
A method/constructor should not explicitly throw java.lang.Exception
</violation>
<violation beginline="49" endline="58" begincolumn="2" endcolumn="2" rule="JUnitTestContainsTooManyAsserts" ruleset="Best Practices" package="org.junit.platform.engine.discovery" class="DiscoverySelectorsTests" method="selectUriByName" externalInfoUrl="https://pmd.github.io/pmd/pmd_rules_java_bestpractices.html#junittestcontainstoomanyasserts" priority="3">
Unit tests should not contain more than 1 assert(s).
</violation>
<violation beginline="51" endline="51" begincolumn="70" endcolumn="74" rule="AvoidDuplicateLiterals" ruleset="Error Prone" package="org.junit.platform.engine.discovery" class="DiscoverySelectorsTests" method="selectUriByName" externalInfoUrl="https://pmd.github.io/pmd/pmd_rules_java_errorprone.html#avoidduplicateliterals" priority="3">
The String literal "   " appears 8 times in this file; the first occurrence is on line 51
</violation>
<violation beginline="57" endline="57" begincolumn="3" endcolumn="14" rule="JUnitAssertionsShouldIncludeMessage" ruleset="Best Practices" package="org.junit.platform.engine.discovery" class="DiscoverySelectorsTests" method="selectUriByName" externalInfoUrl="https://pmd.github.io/pmd/pmd_rules_java_bestpractices.html#junitassertionsshouldincludemessage" priority="3">
JUnit assertions should include a message
</violation>
<violation beginline="61" endline="61" begincolumn="31" endcolumn="39" rule="SignatureDeclareThrowsException" ruleset="Design" package="org.junit.platform.engine.discovery" class="DiscoverySelectorsTests" method="selectUriByURI" externalInfoUrl="https://pmd.github.io/pmd/pmd_rules_java_design.html#signaturedeclarethrowsexception" priority="3">
A method/constructor should not explicitly throw java.lang.Exception
</violation>
<violation beginline="61" endline="69" begincolumn="2" endcolumn="2" rule="JUnitTestContainsTooManyAsserts" ruleset="Best Practices" package="org.junit.platform.engine.discovery" class="DiscoverySelectorsTests" method="selectUriByURI" externalInfoUrl="https://pmd.github.io/pmd/pmd_rules_java_bestpractices.html#junittestcontainstoomanyasserts" priority="3">
Unit tests should not contain more than 1 assert(s).
</violation>
<violation beginline="68" endline="68" begincolumn="3" endcolumn="14" rule="JUnitAssertionsShouldIncludeMessage" ruleset="Best Practices" package="org.junit.platform.engine.discovery" class="DiscoverySelectorsTests" method="selectUriByURI" externalInfoUrl="https://pmd.github.io/pmd/pmd_rules_java_bestpractices.html#junitassertionsshouldincludemessage" priority="3">
JUnit assertions should include a message
</violation>
<violation beginline="72" endline="72" begincolumn="33" endcolumn="41" rule="SignatureDeclareThrowsException" ruleset="Design" package="org.junit.platform.engine.discovery" class="DiscoverySelectorsTests" method="selectFileByName" externalInfoUrl="https://pmd.github.io/pmd/pmd_rules_java_design.html#signaturedeclarethrowsexception" priority="3">
A method/constructor should not explicitly throw java.lang.Exception
</violation>
<violation beginline="72" endline="82" begincolumn="2" endcolumn="2" rule="JUnitTestContainsTooManyAsserts" ruleset="Best Practices" package="org.junit.platform.engine.discovery" class="DiscoverySelectorsTests" method="selectFileByName" externalInfoUrl="https://pmd.github.io/pmd/pmd_rules_java_bestpractices.html#junittestcontainstoomanyasserts" priority="3">
Unit tests should not contain more than 1 assert(s).
</violation>
<violation beginline="79" endline="79" begincolumn="3" endcolumn="14" rule="JUnitAssertionsShouldIncludeMessage" ruleset="Best Practices" package="org.junit.platform.engine.discovery" class="DiscoverySelectorsTests" method="selectFileByName" externalInfoUrl="https://pmd.github.io/pmd/pmd_rules_java_bestpractices.html#junitassertionsshouldincludemessage" priority="3">
JUnit assertions should include a message
</violation>
<violation beginline="80" endline="80" begincolumn="3" endcolumn="14" rule="JUnitAssertionsShouldIncludeMessage" ruleset="Best Practices" package="org.junit.platform.engine.discovery" class="DiscoverySelectorsTests" method="selectFileByName" externalInfoUrl="https://pmd.github.io/pmd/pmd_rules_java_bestpractices.html#junitassertionsshouldincludemessage" priority="3">
JUnit assertions should include a message
</violation>
<violation beginline="81" endline="81" begincolumn="3" endcolumn="14" rule="JUnitAssertionsShouldIncludeMessage" ruleset="Best Practices" package="org.junit.platform.engine.discovery" class="DiscoverySelectorsTests" method="selectFileByName" externalInfoUrl="https://pmd.github.io/pmd/pmd_rules_java_bestpractices.html#junitassertionsshouldincludemessage" priority="3">
JUnit assertions should include a message
</violation>
<violation beginline="85" endline="85" begincolumn="42" endcolumn="50" rule="SignatureDeclareThrowsException" ruleset="Design" package="org.junit.platform.engine.discovery" class="DiscoverySelectorsTests" method="selectFileByFileReference" externalInfoUrl="https://pmd.github.io/pmd/pmd_rules_java_design.html#signaturedeclarethrowsexception" priority="3">
A method/constructor should not explicitly throw java.lang.Exception
</violation>
<violation beginline="85" endline="98" begincolumn="2" endcolumn="2" rule="JUnitTestContainsTooManyAsserts" ruleset="Best Practices" package="org.junit.platform.engine.discovery" class="DiscoverySelectorsTests" method="selectFileByFileReference" externalInfoUrl="https://pmd.github.io/pmd/pmd_rules_java_bestpractices.html#junittestcontainstoomanyasserts" priority="3">
Unit tests should not contain more than 1 assert(s).
</violation>
<violation beginline="95" endline="95" begincolumn="3" endcolumn="14" rule="JUnitAssertionsShouldIncludeMessage" ruleset="Best Practices" package="org.junit.platform.engine.discovery" class="DiscoverySelectorsTests" method="selectFileByFileReference" externalInfoUrl="https://pmd.github.io/pmd/pmd_rules_java_bestpractices.html#junitassertionsshouldincludemessage" priority="3">
JUnit assertions should include a message
</violation>
<violation beginline="96" endline="96" begincolumn="3" endcolumn="14" rule="JUnitAssertionsShouldIncludeMessage" ruleset="Best Practices" package="org.junit.platform.engine.discovery" class="DiscoverySelectorsTests" method="selectFileByFileReference" externalInfoUrl="https://pmd.github.io/pmd/pmd_rules_java_bestpractices.html#junitassertionsshouldincludemessage" priority="3">
JUnit assertions should include a message
</violation>
<violation beginline="97" endline="97" begincolumn="3" endcolumn="14" rule="JUnitAssertionsShouldIncludeMessage" ruleset="Best Practices" package="org.junit.platform.engine.discovery" class="DiscoverySelectorsTests" method="selectFileByFileReference" externalInfoUrl="https://pmd.github.io/pmd/pmd_rules_java_bestpractices.html#junitassertionsshouldincludemessage" priority="3">
JUnit assertions should include a message
</violation>
<violation beginline="101" endline="101" begincolumn="38" endcolumn="46" rule="SignatureDeclareThrowsException" ruleset="Design" package="org.junit.platform.engine.discovery" class="DiscoverySelectorsTests" method="selectDirectoryByName" externalInfoUrl="https://pmd.github.io/pmd/pmd_rules_java_design.html#signaturedeclarethrowsexception" priority="3">
A method/constructor should not explicitly throw java.lang.Exception
</violation>
<violation beginline="101" endline="111" begincolumn="2" endcolumn="2" rule="JUnitTestContainsTooManyAsserts" ruleset="Best Practices" package="org.junit.platform.engine.discovery" class="DiscoverySelectorsTests" method="selectDirectoryByName" externalInfoUrl="https://pmd.github.io/pmd/pmd_rules_java_bestpractices.html#junittestcontainstoomanyasserts" priority="3">
Unit tests should not contain more than 1 assert(s).
</violation>
<violation beginline="108" endline="108" begincolumn="3" endcolumn="14" rule="JUnitAssertionsShouldIncludeMessage" ruleset="Best Practices" package="org.junit.platform.engine.discovery" class="DiscoverySelectorsTests" method="selectDirectoryByName" externalInfoUrl="https://pmd.github.io/pmd/pmd_rules_java_bestpractices.html#junitassertionsshouldincludemessage" priority="3">
JUnit assertions should include a message
</violation>
<violation beginline="109" endline="109" begincolumn="3" endcolumn="14" rule="JUnitAssertionsShouldIncludeMessage" ruleset="Best Practices" package="org.junit.platform.engine.discovery" class="DiscoverySelectorsTests" method="selectDirectoryByName" externalInfoUrl="https://pmd.github.io/pmd/pmd_rules_java_bestpractices.html#junitassertionsshouldincludemessage" priority="3">
JUnit assertions should include a message
</violation>
<violation beginline="110" endline="110" begincolumn="3" endcolumn="14" rule="JUnitAssertionsShouldIncludeMessage" ruleset="Best Practices" package="org.junit.platform.engine.discovery" class="DiscoverySelectorsTests" method="selectDirectoryByName" externalInfoUrl="https://pmd.github.io/pmd/pmd_rules_java_bestpractices.html#junitassertionsshouldincludemessage" priority="3">
JUnit assertions should include a message
</violation>
<violation beginline="114" endline="114" begincolumn="47" endcolumn="55" rule="SignatureDeclareThrowsException" ruleset="Design" package="org.junit.platform.engine.discovery" class="DiscoverySelectorsTests" method="selectDirectoryByFileReference" externalInfoUrl="https://pmd.github.io/pmd/pmd_rules_java_design.html#signaturedeclarethrowsexception" priority="3">
A method/constructor should not explicitly throw java.lang.Exception
</violation>
<violation beginline="114" endline="127" begincolumn="2" endcolumn="2" rule="JUnitTestContainsTooManyAsserts" ruleset="Best Practices" package="org.junit.platform.engine.discovery" class="DiscoverySelectorsTests" method="selectDirectoryByFileReference" externalInfoUrl="https://pmd.github.io/pmd/pmd_rules_java_bestpractices.html#junittestcontainstoomanyasserts" priority="3">
Unit tests should not contain more than 1 assert(s).
</violation>
<violation beginline="124" endline="124" begincolumn="3" endcolumn="14" rule="JUnitAssertionsShouldIncludeMessage" ruleset="Best Practices" package="org.junit.platform.engine.discovery" class="DiscoverySelectorsTests" method="selectDirectoryByFileReference" externalInfoUrl="https://pmd.github.io/pmd/pmd_rules_java_bestpractices.html#junitassertionsshouldincludemessage" priority="3">
JUnit assertions should include a message
</violation>
<violation beginline="125" endline="125" begincolumn="3" endcolumn="14" rule="JUnitAssertionsShouldIncludeMessage" ruleset="Best Practices" package="org.junit.platform.engine.discovery" class="DiscoverySelectorsTests" method="selectDirectoryByFileReference" externalInfoUrl="https://pmd.github.io/pmd/pmd_rules_java_bestpractices.html#junitassertionsshouldincludemessage" priority="3">
JUnit assertions should include a message
</violation>
<violation beginline="126" endline="126" begincolumn="3" endcolumn="14" rule="JUnitAssertionsShouldIncludeMessage" ruleset="Best Practices" package="org.junit.platform.engine.discovery" class="DiscoverySelectorsTests" method="selectDirectoryByFileReference" externalInfoUrl="https://pmd.github.io/pmd/pmd_rules_java_bestpractices.html#junitassertionsshouldincludemessage" priority="3">
JUnit assertions should include a message
</violation>
<violation beginline="130" endline="143" begincolumn="2" endcolumn="2" rule="JUnitTestContainsTooManyAsserts" ruleset="Best Practices" package="org.junit.platform.engine.discovery" class="DiscoverySelectorsTests" method="selectClasspathResources" externalInfoUrl="https://pmd.github.io/pmd/pmd_rules_java_bestpractices.html#junittestcontainstoomanyasserts" priority="3">
Unit tests should not contain more than 1 assert(s).
</violation>
<violation beginline="138" endline="138" begincolumn="3" endcolumn="14" rule="JUnitAssertionsShouldIncludeMessage" ruleset="Best Practices" package="org.junit.platform.engine.discovery" class="DiscoverySelectorsTests" method="selectClasspathResources" externalInfoUrl="https://pmd.github.io/pmd/pmd_rules_java_bestpractices.html#junitassertionsshouldincludemessage" priority="3">
JUnit assertions should include a message
</violation>
<violation beginline="142" endline="142" begincolumn="3" endcolumn="14" rule="JUnitAssertionsShouldIncludeMessage" ruleset="Best Practices" package="org.junit.platform.engine.discovery" class="DiscoverySelectorsTests" method="selectClasspathResources" externalInfoUrl="https://pmd.github.io/pmd/pmd_rules_java_bestpractices.html#junitassertionsshouldincludemessage" priority="3">
JUnit assertions should include a message
</violation>
<violation beginline="148" endline="148" begincolumn="3" endcolumn="14" rule="JUnitAssertionsShouldIncludeMessage" ruleset="Best Practices" package="org.junit.platform.engine.discovery" class="DiscoverySelectorsTests" method="selectPackageByName" externalInfoUrl="https://pmd.github.io/pmd/pmd_rules_java_bestpractices.html#junitassertionsshouldincludemessage" priority="3">
JUnit assertions should include a message
</violation>
<violation beginline="154" endline="154" begincolumn="3" endcolumn="14" rule="JUnitAssertionsShouldIncludeMessage" ruleset="Best Practices" package="org.junit.platform.engine.discovery" class="DiscoverySelectorsTests" method="selectClassByName" externalInfoUrl="https://pmd.github.io/pmd/pmd_rules_java_bestpractices.html#junitassertionsshouldincludemessage" priority="3">
JUnit assertions should include a message
</violation>
<violation beginline="158" endline="158" begincolumn="62" endcolumn="70" rule="SignatureDeclareThrowsException" ruleset="Design" package="org.junit.platform.engine.discovery" class="DiscoverySelectorsTests" method="selectMethodByFullyQualifiedNamePreconditions" externalInfoUrl="https://pmd.github.io/pmd/pmd_rules_java_design.html#signaturedeclarethrowsexception" priority="3">
A method/constructor should not explicitly throw java.lang.Exception
</violation>
<violation beginline="158" endline="168" begincolumn="2" endcolumn="2" rule="JUnitTestContainsTooManyAsserts" ruleset="Best Practices" package="org.junit.platform.engine.discovery" class="DiscoverySelectorsTests" method="selectMethodByFullyQualifiedNamePreconditions" externalInfoUrl="https://pmd.github.io/pmd/pmd_rules_java_bestpractices.html#junittestcontainstoomanyasserts" priority="3">
Unit tests should not contain more than 1 assert(s).
</violation>
<violation beginline="164" endline="164" begincolumn="73" endcolumn="80" rule="AvoidDuplicateLiterals" ruleset="Error Prone" package="org.junit.platform.engine.discovery" class="DiscoverySelectorsTests" method="selectMethodByFullyQualifiedNamePreconditions" externalInfoUrl="https://pmd.github.io/pmd/pmd_rules_java_errorprone.html#avoidduplicateliterals" priority="3">
The String literal "method" appears 13 times in this file; the first occurrence is on line 164
</violation>
<violation beginline="171" endline="171" begincolumn="66" endcolumn="74" rule="SignatureDeclareThrowsException" ruleset="Design" package="org.junit.platform.engine.discovery" class="DiscoverySelectorsTests" method="selectMethodByClassNameAndMethodNamePreconditions" externalInfoUrl="https://pmd.github.io/pmd/pmd_rules_java_design.html#signaturedeclarethrowsexception" priority="3">
A method/constructor should not explicitly throw java.lang.Exception
</violation>
<violation beginline="171" endline="178" begincolumn="2" endcolumn="2" rule="JUnitTestContainsTooManyAsserts" ruleset="Best Practices" package="org.junit.platform.engine.discovery" class="DiscoverySelectorsTests" method="selectMethodByClassNameAndMethodNamePreconditions" externalInfoUrl="https://pmd.github.io/pmd/pmd_rules_java_bestpractices.html#junittestcontainstoomanyasserts" priority="3">
Unit tests should not contain more than 1 assert(s).
</violation>
<violation beginline="172" endline="172" begincolumn="73" endcolumn="83" rule="AvoidDuplicateLiterals" ruleset="Error Prone" package="org.junit.platform.engine.discovery" class="DiscoverySelectorsTests" method="selectMethodByClassNameAndMethodNamePreconditions" externalInfoUrl="https://pmd.github.io/pmd/pmd_rules_java_errorprone.html#avoidduplicateliterals" priority="3">
The String literal "TestClass" appears 7 times in this file; the first occurrence is on line 172
</violation>
<violation beginline="181" endline="181" begincolumn="86" endcolumn="94" rule="SignatureDeclareThrowsException" ruleset="Design" package="org.junit.platform.engine.discovery" class="DiscoverySelectorsTests" method="selectMethodByClassNameMethodNameAndMethodParameterTypesPreconditions" externalInfoUrl="https://pmd.github.io/pmd/pmd_rules_java_design.html#signaturedeclarethrowsexception" priority="3">
A method/constructor should not explicitly throw java.lang.Exception
</violation>
<violation beginline="181" endline="189" begincolumn="2" endcolumn="2" rule="JUnitTestContainsTooManyAsserts" ruleset="Best Practices" package="org.junit.platform.engine.discovery" class="DiscoverySelectorsTests" method="selectMethodByClassNameMethodNameAndMethodParameterTypesPreconditions" externalInfoUrl="https://pmd.github.io/pmd/pmd_rules_java_bestpractices.html#junittestcontainstoomanyasserts" priority="3">
Unit tests should not contain more than 1 assert(s).
</violation>
<violation beginline="182" endline="182" begincolumn="92" endcolumn="96" rule="AvoidDuplicateLiterals" ruleset="Error Prone" package="org.junit.platform.engine.discovery" class="DiscoverySelectorsTests" method="selectMethodByClassNameMethodNameAndMethodParameterTypesPreconditions" externalInfoUrl="https://pmd.github.io/pmd/pmd_rules_java_errorprone.html#avoidduplicateliterals" priority="3">
The String literal "int" appears 13 times in this file; the first occurrence is on line 182
</violation>
<violation beginline="192" endline="192" begincolumn="62" endcolumn="70" rule="SignatureDeclareThrowsException" ruleset="Design" package="org.junit.platform.engine.discovery" class="DiscoverySelectorsTests" method="selectMethodByClassAndMethodNamePreconditions" externalInfoUrl="https://pmd.github.io/pmd/pmd_rules_java_design.html#signaturedeclarethrowsexception" priority="3">
A method/constructor should not explicitly throw java.lang.Exception
</violation>
<violation beginline="192" endline="199" begincolumn="2" endcolumn="2" rule="JUnitTestContainsTooManyAsserts" ruleset="Best Practices" package="org.junit.platform.engine.discovery" class="DiscoverySelectorsTests" method="selectMethodByClassAndMethodNamePreconditions" externalInfoUrl="https://pmd.github.io/pmd/pmd_rules_java_bestpractices.html#junittestcontainstoomanyasserts" priority="3">
Unit tests should not contain more than 1 assert(s).
</violation>
<violation beginline="202" endline="202" begincolumn="82" endcolumn="90" rule="SignatureDeclareThrowsException" ruleset="Design" package="org.junit.platform.engine.discovery" class="DiscoverySelectorsTests" method="selectMethodByClassMethodNameAndMethodParameterTypesPreconditions" externalInfoUrl="https://pmd.github.io/pmd/pmd_rules_java_design.html#signaturedeclarethrowsexception" priority="3">
A method/constructor should not explicitly throw java.lang.Exception
</violation>
<violation beginline="202" endline="208" begincolumn="2" endcolumn="2" rule="JUnitTestContainsTooManyAsserts" ruleset="Best Practices" package="org.junit.platform.engine.discovery" class="DiscoverySelectorsTests" method="selectMethodByClassMethodNameAndMethodParameterTypesPreconditions" externalInfoUrl="https://pmd.github.io/pmd/pmd_rules_java_bestpractices.html#junittestcontainstoomanyasserts" priority="3">
Unit tests should not contain more than 1 assert(s).
</violation>
<violation beginline="211" endline="211" begincolumn="58" endcolumn="66" rule="SignatureDeclareThrowsException" ruleset="Design" package="org.junit.platform.engine.discovery" class="DiscoverySelectorsTests" method="selectMethodByClassAndMethodPreconditions" externalInfoUrl="https://pmd.github.io/pmd/pmd_rules_java_design.html#signaturedeclarethrowsexception" priority="3">
A method/constructor should not explicitly throw java.lang.Exception
</violation>
<violation beginline="211" endline="215" begincolumn="2" endcolumn="2" rule="JUnitTestContainsTooManyAsserts" ruleset="Best Practices" package="org.junit.platform.engine.discovery" class="DiscoverySelectorsTests" method="selectMethodByClassAndMethodPreconditions" externalInfoUrl="https://pmd.github.io/pmd/pmd_rules_java_bestpractices.html#junittestcontainstoomanyasserts" priority="3">
Unit tests should not contain more than 1 assert(s).
</violation>
<violation beginline="218" endline="218" begincolumn="49" endcolumn="57" rule="SignatureDeclareThrowsException" ruleset="Design" package="org.junit.platform.engine.discovery" class="DiscoverySelectorsTests" method="selectMethodByFullyQualifiedName" externalInfoUrl="https://pmd.github.io/pmd/pmd_rules_java_design.html#signaturedeclarethrowsexception" priority="3">
A method/constructor should not explicitly throw java.lang.Exception
</violation>
<violation beginline="220" endline="220" begincolumn="43" endcolumn="50" rule="AvoidDuplicateLiterals" ruleset="Error Prone" package="org.junit.platform.engine.discovery" class="DiscoverySelectorsTests" method="selectMethodByFullyQualifiedName" externalInfoUrl="https://pmd.github.io/pmd/pmd_rules_java_errorprone.html#avoidduplicateliterals" priority="3">
The String literal "myTest" appears 28 times in this file; the first occurrence is on line 220
</violation>
<violation beginline="225" endline="225" begincolumn="76" endcolumn="84" rule="SignatureDeclareThrowsException" ruleset="Design" package="org.junit.platform.engine.discovery" class="DiscoverySelectorsTests" method="selectMethodByFullyQualifiedNameForDefaultMethodInInterface" externalInfoUrl="https://pmd.github.io/pmd/pmd_rules_java_design.html#signaturedeclarethrowsexception" priority="3">
A method/constructor should not explicitly throw java.lang.Exception
</violation>
<violation beginline="232" endline="232" begincolumn="71" endcolumn="79" rule="SignatureDeclareThrowsException" ruleset="Design" package="org.junit.platform.engine.discovery" class="DiscoverySelectorsTests" method="selectMethodByFullyQualifiedNameWithPrimitiveParameter" externalInfoUrl="https://pmd.github.io/pmd/pmd_rules_java_design.html#signaturedeclarethrowsexception" priority="3">
A method/constructor should not explicitly throw java.lang.Exception
</violation>
<violation beginline="238" endline="238" begincolumn="92" endcolumn="100" rule="SignatureDeclareThrowsException" ruleset="Design" package="org.junit.platform.engine.discovery" class="DiscoverySelectorsTests" method="selectMethodByFullyQualifiedNameWithPrimitiveParameterUsingSourceCodeSyntax" externalInfoUrl="https://pmd.github.io/pmd/pmd_rules_java_design.html#signaturedeclarethrowsexception" priority="3">
A method/constructor should not explicitly throw java.lang.Exception
</violation>
<violation beginline="244" endline="244" begincolumn="68" endcolumn="76" rule="SignatureDeclareThrowsException" ruleset="Design" package="org.junit.platform.engine.discovery" class="DiscoverySelectorsTests" method="selectMethodByFullyQualifiedNameWithObjectParameter" externalInfoUrl="https://pmd.github.io/pmd/pmd_rules_java_design.html#signaturedeclarethrowsexception" priority="3">
A method/constructor should not explicitly throw java.lang.Exception
</violation>
<violation beginline="250" endline="250" begincolumn="89" endcolumn="97" rule="SignatureDeclareThrowsException" ruleset="Design" package="org.junit.platform.engine.discovery" class="DiscoverySelectorsTests" method="selectMethodByFullyQualifiedNameWithObjectParameterUsingSourceCodeSyntax" externalInfoUrl="https://pmd.github.io/pmd/pmd_rules_java_design.html#signaturedeclarethrowsexception" priority="3">
A method/constructor should not explicitly throw java.lang.Exception
</violation>
<violation beginline="256" endline="256" begincolumn="76" endcolumn="84" rule="SignatureDeclareThrowsException" ruleset="Design" package="org.junit.platform.engine.discovery" class="DiscoverySelectorsTests" method="selectMethodByFullyQualifiedNameWithPrimitiveArrayParameter" externalInfoUrl="https://pmd.github.io/pmd/pmd_rules_java_design.html#signaturedeclarethrowsexception" priority="3">
A method/constructor should not explicitly throw java.lang.Exception
</violation>
<violation beginline="262" endline="262" begincolumn="97" endcolumn="105" rule="SignatureDeclareThrowsException" ruleset="Design" package="org.junit.platform.engine.discovery" class="DiscoverySelectorsTests" method="selectMethodByFullyQualifiedNameWithPrimitiveArrayParameterUsingSourceCodeSyntax" externalInfoUrl="https://pmd.github.io/pmd/pmd_rules_java_design.html#signaturedeclarethrowsexception" priority="3">
A method/constructor should not explicitly throw java.lang.Exception
</violation>
<violation beginline="268" endline="268" begincolumn="73" endcolumn="81" rule="SignatureDeclareThrowsException" ruleset="Design" package="org.junit.platform.engine.discovery" class="DiscoverySelectorsTests" method="selectMethodByFullyQualifiedNameWithObjectArrayParameter" externalInfoUrl="https://pmd.github.io/pmd/pmd_rules_java_design.html#signaturedeclarethrowsexception" priority="3">
A method/constructor should not explicitly throw java.lang.Exception
</violation>
<violation beginline="274" endline="274" begincolumn="94" endcolumn="102" rule="SignatureDeclareThrowsException" ruleset="Design" package="org.junit.platform.engine.discovery" class="DiscoverySelectorsTests" method="selectMethodByFullyQualifiedNameWithObjectArrayParameterUsingSourceCodeSyntax" externalInfoUrl="https://pmd.github.io/pmd/pmd_rules_java_design.html#signaturedeclarethrowsexception" priority="3">
A method/constructor should not explicitly throw java.lang.Exception
</violation>
<violation beginline="280" endline="280" begincolumn="90" endcolumn="98" rule="SignatureDeclareThrowsException" ruleset="Design" package="org.junit.platform.engine.discovery" class="DiscoverySelectorsTests" method="selectMethodByFullyQualifiedNameWithTwoDimensionalPrimitiveArrayParameter" externalInfoUrl="https://pmd.github.io/pmd/pmd_rules_java_design.html#signaturedeclarethrowsexception" priority="3">
A method/constructor should not explicitly throw java.lang.Exception
</violation>
<violation beginline="287" endline="287" begincolumn="11" endcolumn="19" rule="SignatureDeclareThrowsException" ruleset="Design" package="org.junit.platform.engine.discovery" class="DiscoverySelectorsTests" method="selectMethodByFullyQualifiedNameWithTwoDimensionalPrimitiveArrayParameterUsingSourceCodeSyntax" externalInfoUrl="https://pmd.github.io/pmd/pmd_rules_java_design.html#signaturedeclarethrowsexception" priority="3">
A method/constructor should not explicitly throw java.lang.Exception
</violation>
<violation beginline="293" endline="293" begincolumn="87" endcolumn="95" rule="SignatureDeclareThrowsException" ruleset="Design" package="org.junit.platform.engine.discovery" class="DiscoverySelectorsTests" method="selectMethodByFullyQualifiedNameWithTwoDimensionalObjectArrayParameter" externalInfoUrl="https://pmd.github.io/pmd/pmd_rules_java_design.html#signaturedeclarethrowsexception" priority="3">
A method/constructor should not explicitly throw java.lang.Exception
</violation>
<violation beginline="300" endline="300" begincolumn="11" endcolumn="19" rule="SignatureDeclareThrowsException" ruleset="Design" package="org.junit.platform.engine.discovery" class="DiscoverySelectorsTests" method="selectMethodByFullyQualifiedNameWithTwoDimensionalObjectArrayParameterUsingSourceCodeSyntax" externalInfoUrl="https://pmd.github.io/pmd/pmd_rules_java_design.html#signaturedeclarethrowsexception" priority="3">
A method/constructor should not explicitly throw java.lang.Exception
</violation>
<violation beginline="306" endline="306" begincolumn="92" endcolumn="100" rule="SignatureDeclareThrowsException" ruleset="Design" package="org.junit.platform.engine.discovery" class="DiscoverySelectorsTests" method="selectMethodByFullyQualifiedNameWithMultidimensionalPrimitiveArrayParameter" externalInfoUrl="https://pmd.github.io/pmd/pmd_rules_java_design.html#signaturedeclarethrowsexception" priority="3">
A method/constructor should not explicitly throw java.lang.Exception
</violation>
<violation beginline="313" endline="313" begincolumn="11" endcolumn="19" rule="SignatureDeclareThrowsException" ruleset="Design" package="org.junit.platform.engine.discovery" class="DiscoverySelectorsTests" method="selectMethodByFullyQualifiedNameWithMultidimensionalPrimitiveArrayParameterUsingSourceCodeSyntax" externalInfoUrl="https://pmd.github.io/pmd/pmd_rules_java_design.html#signaturedeclarethrowsexception" priority="3">
A method/constructor should not explicitly throw java.lang.Exception
</violation>
<violation beginline="320" endline="320" begincolumn="89" endcolumn="97" rule="SignatureDeclareThrowsException" ruleset="Design" package="org.junit.platform.engine.discovery" class="DiscoverySelectorsTests" method="selectMethodByFullyQualifiedNameWithMultidimensionalObjectArrayParameter" externalInfoUrl="https://pmd.github.io/pmd/pmd_rules_java_design.html#signaturedeclarethrowsexception" priority="3">
A method/constructor should not explicitly throw java.lang.Exception
</violation>
<violation beginline="328" endline="328" begincolumn="11" endcolumn="19" rule="SignatureDeclareThrowsException" ruleset="Design" package="org.junit.platform.engine.discovery" class="DiscoverySelectorsTests" method="selectMethodByFullyQualifiedNameWithMultidimensionalObjectArrayParameterUsingSourceCodeSyntax" externalInfoUrl="https://pmd.github.io/pmd/pmd_rules_java_design.html#signaturedeclarethrowsexception" priority="3">
A method/constructor should not explicitly throw java.lang.Exception
</violation>
<violation beginline="337" endline="337" begincolumn="3" endcolumn="14" rule="JUnitAssertionsShouldIncludeMessage" ruleset="Best Practices" package="org.junit.platform.engine.discovery" class="DiscoverySelectorsTests" method="assertSelectMethodByFullyQualifiedName" externalInfoUrl="https://pmd.github.io/pmd/pmd_rules_java_bestpractices.html#junitassertionsshouldincludemessage" priority="3">
JUnit assertions should include a message
</violation>
<violation beginline="338" endline="338" begincolumn="3" endcolumn="14" rule="JUnitAssertionsShouldIncludeMessage" ruleset="Best Practices" package="org.junit.platform.engine.discovery" class="DiscoverySelectorsTests" method="assertSelectMethodByFullyQualifiedName" externalInfoUrl="https://pmd.github.io/pmd/pmd_rules_java_bestpractices.html#junitassertionsshouldincludemessage" priority="3">
JUnit assertions should include a message
</violation>
<violation beginline="339" endline="339" begincolumn="3" endcolumn="14" rule="JUnitAssertionsShouldIncludeMessage" ruleset="Best Practices" package="org.junit.platform.engine.discovery" class="DiscoverySelectorsTests" method="assertSelectMethodByFullyQualifiedName" externalInfoUrl="https://pmd.github.io/pmd/pmd_rules_java_bestpractices.html#junitassertionsshouldincludemessage" priority="3">
JUnit assertions should include a message
</violation>
<violation beginline="340" endline="340" begincolumn="3" endcolumn="14" rule="JUnitAssertionsShouldIncludeMessage" ruleset="Best Practices" package="org.junit.platform.engine.discovery" class="DiscoverySelectorsTests" method="assertSelectMethodByFullyQualifiedName" externalInfoUrl="https://pmd.github.io/pmd/pmd_rules_java_bestpractices.html#junitassertionsshouldincludemessage" priority="3">
JUnit assertions should include a message
</violation>
<violation beginline="341" endline="341" begincolumn="3" endcolumn="14" rule="JUnitAssertionsShouldIncludeMessage" ruleset="Best Practices" package="org.junit.platform.engine.discovery" class="DiscoverySelectorsTests" method="assertSelectMethodByFullyQualifiedName" externalInfoUrl="https://pmd.github.io/pmd/pmd_rules_java_bestpractices.html#junitassertionsshouldincludemessage" priority="3">
JUnit assertions should include a message
</violation>
<violation beginline="348" endline="348" begincolumn="3" endcolumn="14" rule="JUnitAssertionsShouldIncludeMessage" ruleset="Best Practices" package="org.junit.platform.engine.discovery" class="DiscoverySelectorsTests" method="assertSelectMethodByFullyQualifiedName" externalInfoUrl="https://pmd.github.io/pmd/pmd_rules_java_bestpractices.html#junitassertionsshouldincludemessage" priority="3">
JUnit assertions should include a message
</violation>
<violation beginline="349" endline="349" begincolumn="3" endcolumn="14" rule="JUnitAssertionsShouldIncludeMessage" ruleset="Best Practices" package="org.junit.platform.engine.discovery" class="DiscoverySelectorsTests" method="assertSelectMethodByFullyQualifiedName" externalInfoUrl="https://pmd.github.io/pmd/pmd_rules_java_bestpractices.html#junitassertionsshouldincludemessage" priority="3">
JUnit assertions should include a message
</violation>
<violation beginline="350" endline="350" begincolumn="3" endcolumn="14" rule="JUnitAssertionsShouldIncludeMessage" ruleset="Best Practices" package="org.junit.platform.engine.discovery" class="DiscoverySelectorsTests" method="assertSelectMethodByFullyQualifiedName" externalInfoUrl="https://pmd.github.io/pmd/pmd_rules_java_bestpractices.html#junitassertionsshouldincludemessage" priority="3">
JUnit assertions should include a message
</violation>
<violation beginline="351" endline="351" begincolumn="3" endcolumn="14" rule="JUnitAssertionsShouldIncludeMessage" ruleset="Best Practices" package="org.junit.platform.engine.discovery" class="DiscoverySelectorsTests" method="assertSelectMethodByFullyQualifiedName" externalInfoUrl="https://pmd.github.io/pmd/pmd_rules_java_bestpractices.html#junitassertionsshouldincludemessage" priority="3">
JUnit assertions should include a message
</violation>
<violation beginline="352" endline="352" begincolumn="3" endcolumn="14" rule="JUnitAssertionsShouldIncludeMessage" ruleset="Best Practices" package="org.junit.platform.engine.discovery" class="DiscoverySelectorsTests" method="assertSelectMethodByFullyQualifiedName" externalInfoUrl="https://pmd.github.io/pmd/pmd_rules_java_bestpractices.html#junitassertionsshouldincludemessage" priority="3">
JUnit assertions should include a message
</violation>
<violation beginline="359" endline="359" begincolumn="3" endcolumn="14" rule="JUnitAssertionsShouldIncludeMessage" ruleset="Best Practices" package="org.junit.platform.engine.discovery" class="DiscoverySelectorsTests" method="assertSelectMethodByFullyQualifiedName" externalInfoUrl="https://pmd.github.io/pmd/pmd_rules_java_bestpractices.html#junitassertionsshouldincludemessage" priority="3">
JUnit assertions should include a message
</violation>
<violation beginline="360" endline="360" begincolumn="3" endcolumn="14" rule="JUnitAssertionsShouldIncludeMessage" ruleset="Best Practices" package="org.junit.platform.engine.discovery" class="DiscoverySelectorsTests" method="assertSelectMethodByFullyQualifiedName" externalInfoUrl="https://pmd.github.io/pmd/pmd_rules_java_bestpractices.html#junitassertionsshouldincludemessage" priority="3">
JUnit assertions should include a message
</violation>
<violation beginline="361" endline="361" begincolumn="3" endcolumn="14" rule="JUnitAssertionsShouldIncludeMessage" ruleset="Best Practices" package="org.junit.platform.engine.discovery" class="DiscoverySelectorsTests" method="assertSelectMethodByFullyQualifiedName" externalInfoUrl="https://pmd.github.io/pmd/pmd_rules_java_bestpractices.html#junitassertionsshouldincludemessage" priority="3">
JUnit assertions should include a message
</violation>
<violation beginline="362" endline="362" begincolumn="3" endcolumn="14" rule="JUnitAssertionsShouldIncludeMessage" ruleset="Best Practices" package="org.junit.platform.engine.discovery" class="DiscoverySelectorsTests" method="assertSelectMethodByFullyQualifiedName" externalInfoUrl="https://pmd.github.io/pmd/pmd_rules_java_bestpractices.html#junitassertionsshouldincludemessage" priority="3">
JUnit assertions should include a message
</violation>
<violation beginline="363" endline="363" begincolumn="3" endcolumn="14" rule="JUnitAssertionsShouldIncludeMessage" ruleset="Best Practices" package="org.junit.platform.engine.discovery" class="DiscoverySelectorsTests" method="assertSelectMethodByFullyQualifiedName" externalInfoUrl="https://pmd.github.io/pmd/pmd_rules_java_bestpractices.html#junitassertionsshouldincludemessage" priority="3">
JUnit assertions should include a message
</violation>
<violation beginline="367" endline="367" begincolumn="49" endcolumn="57" rule="SignatureDeclareThrowsException" ruleset="Design" package="org.junit.platform.engine.discovery" class="DiscoverySelectorsTests" method="selectMethodByClassAndMethodName" externalInfoUrl="https://pmd.github.io/pmd/pmd_rules_java_design.html#signaturedeclarethrowsexception" priority="3">
A method/constructor should not explicitly throw java.lang.Exception
</violation>
<violation beginline="367" endline="376" begincolumn="2" endcolumn="2" rule="JUnitTestContainsTooManyAsserts" ruleset="Best Practices" package="org.junit.platform.engine.discovery" class="DiscoverySelectorsTests" method="selectMethodByClassAndMethodName" externalInfoUrl="https://pmd.github.io/pmd/pmd_rules_java_bestpractices.html#junittestcontainstoomanyasserts" priority="3">
Unit tests should not contain more than 1 assert(s).
</violation>
<violation beginline="371" endline="371" begincolumn="3" endcolumn="14" rule="JUnitAssertionsShouldIncludeMessage" ruleset="Best Practices" package="org.junit.platform.engine.discovery" class="DiscoverySelectorsTests" method="selectMethodByClassAndMethodName" externalInfoUrl="https://pmd.github.io/pmd/pmd_rules_java_bestpractices.html#junitassertionsshouldincludemessage" priority="3">
JUnit assertions should include a message
</violation>
<violation beginline="372" endline="372" begincolumn="3" endcolumn="14" rule="JUnitAssertionsShouldIncludeMessage" ruleset="Best Practices" package="org.junit.platform.engine.discovery" class="DiscoverySelectorsTests" method="selectMethodByClassAndMethodName" externalInfoUrl="https://pmd.github.io/pmd/pmd_rules_java_bestpractices.html#junitassertionsshouldincludemessage" priority="3">
JUnit assertions should include a message
</violation>
<violation beginline="373" endline="373" begincolumn="3" endcolumn="14" rule="JUnitAssertionsShouldIncludeMessage" ruleset="Best Practices" package="org.junit.platform.engine.discovery" class="DiscoverySelectorsTests" method="selectMethodByClassAndMethodName" externalInfoUrl="https://pmd.github.io/pmd/pmd_rules_java_bestpractices.html#junitassertionsshouldincludemessage" priority="3">
JUnit assertions should include a message
</violation>
<violation beginline="374" endline="374" begincolumn="3" endcolumn="14" rule="JUnitAssertionsShouldIncludeMessage" ruleset="Best Practices" package="org.junit.platform.engine.discovery" class="DiscoverySelectorsTests" method="selectMethodByClassAndMethodName" externalInfoUrl="https://pmd.github.io/pmd/pmd_rules_java_bestpractices.html#junitassertionsshouldincludemessage" priority="3">
JUnit assertions should include a message
</violation>
<violation beginline="375" endline="375" begincolumn="3" endcolumn="14" rule="JUnitAssertionsShouldIncludeMessage" ruleset="Best Practices" package="org.junit.platform.engine.discovery" class="DiscoverySelectorsTests" method="selectMethodByClassAndMethodName" externalInfoUrl="https://pmd.github.io/pmd/pmd_rules_java_bestpractices.html#junitassertionsshouldincludemessage" priority="3">
JUnit assertions should include a message
</violation>
<violation beginline="379" endline="379" begincolumn="67" endcolumn="75" rule="SignatureDeclareThrowsException" ruleset="Design" package="org.junit.platform.engine.discovery" class="DiscoverySelectorsTests" method="selectMethodByClassAndMethodNameWithParameterTypes" externalInfoUrl="https://pmd.github.io/pmd/pmd_rules_java_design.html#signaturedeclarethrowsexception" priority="3">
A method/constructor should not explicitly throw java.lang.Exception
</violation>
<violation beginline="379" endline="388" begincolumn="2" endcolumn="2" rule="JUnitTestContainsTooManyAsserts" ruleset="Best Practices" package="org.junit.platform.engine.discovery" class="DiscoverySelectorsTests" method="selectMethodByClassAndMethodNameWithParameterTypes" externalInfoUrl="https://pmd.github.io/pmd/pmd_rules_java_bestpractices.html#junittestcontainstoomanyasserts" priority="3">
Unit tests should not contain more than 1 assert(s).
</violation>
<violation beginline="383" endline="383" begincolumn="3" endcolumn="14" rule="JUnitAssertionsShouldIncludeMessage" ruleset="Best Practices" package="org.junit.platform.engine.discovery" class="DiscoverySelectorsTests" method="selectMethodByClassAndMethodNameWithParameterTypes" externalInfoUrl="https://pmd.github.io/pmd/pmd_rules_java_bestpractices.html#junitassertionsshouldincludemessage" priority="3">
JUnit assertions should include a message
</violation>
<violation beginline="384" endline="384" begincolumn="3" endcolumn="14" rule="JUnitAssertionsShouldIncludeMessage" ruleset="Best Practices" package="org.junit.platform.engine.discovery" class="DiscoverySelectorsTests" method="selectMethodByClassAndMethodNameWithParameterTypes" externalInfoUrl="https://pmd.github.io/pmd/pmd_rules_java_bestpractices.html#junitassertionsshouldincludemessage" priority="3">
JUnit assertions should include a message
</violation>
<violation beginline="385" endline="385" begincolumn="3" endcolumn="14" rule="JUnitAssertionsShouldIncludeMessage" ruleset="Best Practices" package="org.junit.platform.engine.discovery" class="DiscoverySelectorsTests" method="selectMethodByClassAndMethodNameWithParameterTypes" externalInfoUrl="https://pmd.github.io/pmd/pmd_rules_java_bestpractices.html#junitassertionsshouldincludemessage" priority="3">
JUnit assertions should include a message
</violation>
<violation beginline="386" endline="386" begincolumn="3" endcolumn="14" rule="JUnitAssertionsShouldIncludeMessage" ruleset="Best Practices" package="org.junit.platform.engine.discovery" class="DiscoverySelectorsTests" method="selectMethodByClassAndMethodNameWithParameterTypes" externalInfoUrl="https://pmd.github.io/pmd/pmd_rules_java_bestpractices.html#junitassertionsshouldincludemessage" priority="3">
JUnit assertions should include a message
</violation>
<violation beginline="387" endline="387" begincolumn="3" endcolumn="14" rule="JUnitAssertionsShouldIncludeMessage" ruleset="Best Practices" package="org.junit.platform.engine.discovery" class="DiscoverySelectorsTests" method="selectMethodByClassAndMethodNameWithParameterTypes" externalInfoUrl="https://pmd.github.io/pmd/pmd_rules_java_bestpractices.html#junitassertionsshouldincludemessage" priority="3">
JUnit assertions should include a message
</violation>
<violation beginline="391" endline="391" begincolumn="60" endcolumn="68" rule="SignatureDeclareThrowsException" ruleset="Design" package="org.junit.platform.engine.discovery" class="DiscoverySelectorsTests" method="selectMethodWithParametersByMethodReference" externalInfoUrl="https://pmd.github.io/pmd/pmd_rules_java_design.html#signaturedeclarethrowsexception" priority="3">
A method/constructor should not explicitly throw java.lang.Exception
</violation>
<violation beginline="391" endline="400" begincolumn="2" endcolumn="2" rule="JUnitTestContainsTooManyAsserts" ruleset="Best Practices" package="org.junit.platform.engine.discovery" class="DiscoverySelectorsTests" method="selectMethodWithParametersByMethodReference" externalInfoUrl="https://pmd.github.io/pmd/pmd_rules_java_bestpractices.html#junittestcontainstoomanyasserts" priority="3">
Unit tests should not contain more than 1 assert(s).
</violation>
<violation beginline="395" endline="395" begincolumn="3" endcolumn="14" rule="JUnitAssertionsShouldIncludeMessage" ruleset="Best Practices" package="org.junit.platform.engine.discovery" class="DiscoverySelectorsTests" method="selectMethodWithParametersByMethodReference" externalInfoUrl="https://pmd.github.io/pmd/pmd_rules_java_bestpractices.html#junitassertionsshouldincludemessage" priority="3">
JUnit assertions should include a message
</violation>
<violation beginline="396" endline="396" begincolumn="3" endcolumn="14" rule="JUnitAssertionsShouldIncludeMessage" ruleset="Best Practices" package="org.junit.platform.engine.discovery" class="DiscoverySelectorsTests" method="selectMethodWithParametersByMethodReference" externalInfoUrl="https://pmd.github.io/pmd/pmd_rules_java_bestpractices.html#junitassertionsshouldincludemessage" priority="3">
JUnit assertions should include a message
</violation>
<violation beginline="397" endline="397" begincolumn="3" endcolumn="14" rule="JUnitAssertionsShouldIncludeMessage" ruleset="Best Practices" package="org.junit.platform.engine.discovery" class="DiscoverySelectorsTests" method="selectMethodWithParametersByMethodReference" externalInfoUrl="https://pmd.github.io/pmd/pmd_rules_java_bestpractices.html#junitassertionsshouldincludemessage" priority="3">
JUnit assertions should include a message
</violation>
<violation beginline="398" endline="398" begincolumn="3" endcolumn="14" rule="JUnitAssertionsShouldIncludeMessage" ruleset="Best Practices" package="org.junit.platform.engine.discovery" class="DiscoverySelectorsTests" method="selectMethodWithParametersByMethodReference" externalInfoUrl="https://pmd.github.io/pmd/pmd_rules_java_bestpractices.html#junitassertionsshouldincludemessage" priority="3">
JUnit assertions should include a message
</violation>
<violation beginline="399" endline="399" begincolumn="3" endcolumn="14" rule="JUnitAssertionsShouldIncludeMessage" ruleset="Best Practices" package="org.junit.platform.engine.discovery" class="DiscoverySelectorsTests" method="selectMethodWithParametersByMethodReference" externalInfoUrl="https://pmd.github.io/pmd/pmd_rules_java_bestpractices.html#junitassertionsshouldincludemessage" priority="3">
JUnit assertions should include a message
</violation>
<violation beginline="404" endline="404" begincolumn="27" endcolumn="54" rule="AvoidDuplicateLiterals" ruleset="Error Prone" package="org.junit.platform.engine.discovery" class="DiscoverySelectorsTests" method="selectClassByNameForSpockSpec" externalInfoUrl="https://pmd.github.io/pmd/pmd_rules_java_errorprone.html#avoidduplicateliterals" priority="3">
The String literal "org.example.CalculatorSpec" appears 4 times in this file; the first occurrence is on line 404
</violation>
<violation beginline="406" endline="406" begincolumn="3" endcolumn="14" rule="JUnitAssertionsShouldIncludeMessage" ruleset="Best Practices" package="org.junit.platform.engine.discovery" class="DiscoverySelectorsTests" method="selectClassByNameForSpockSpec" externalInfoUrl="https://pmd.github.io/pmd/pmd_rules_java_bestpractices.html#junitassertionsshouldincludemessage" priority="3">
JUnit assertions should include a message
</violation>
<violation beginline="410" endline="418" begincolumn="2" endcolumn="2" rule="JUnitTestContainsTooManyAsserts" ruleset="Best Practices" package="org.junit.platform.engine.discovery" class="DiscoverySelectorsTests" method="selectMethodByClassAndNameForSpockSpec" externalInfoUrl="https://pmd.github.io/pmd/pmd_rules_java_bestpractices.html#junittestcontainstoomanyasserts" priority="3">
Unit tests should not contain more than 1 assert(s).
</violation>
<violation beginline="415" endline="415" begincolumn="3" endcolumn="14" rule="JUnitAssertionsShouldIncludeMessage" ruleset="Best Practices" package="org.junit.platform.engine.discovery" class="DiscoverySelectorsTests" method="selectMethodByClassAndNameForSpockSpec" externalInfoUrl="https://pmd.github.io/pmd/pmd_rules_java_bestpractices.html#junitassertionsshouldincludemessage" priority="3">
JUnit assertions should include a message
</violation>
<violation beginline="416" endline="416" begincolumn="3" endcolumn="14" rule="JUnitAssertionsShouldIncludeMessage" ruleset="Best Practices" package="org.junit.platform.engine.discovery" class="DiscoverySelectorsTests" method="selectMethodByClassAndNameForSpockSpec" externalInfoUrl="https://pmd.github.io/pmd/pmd_rules_java_bestpractices.html#junitassertionsshouldincludemessage" priority="3">
JUnit assertions should include a message
</violation>
<violation beginline="417" endline="417" begincolumn="3" endcolumn="14" rule="JUnitAssertionsShouldIncludeMessage" ruleset="Best Practices" package="org.junit.platform.engine.discovery" class="DiscoverySelectorsTests" method="selectMethodByClassAndNameForSpockSpec" externalInfoUrl="https://pmd.github.io/pmd/pmd_rules_java_bestpractices.html#junitassertionsshouldincludemessage" priority="3">
JUnit assertions should include a message
</violation>
<violation beginline="421" endline="430" begincolumn="2" endcolumn="2" rule="JUnitTestContainsTooManyAsserts" ruleset="Best Practices" package="org.junit.platform.engine.discovery" class="DiscoverySelectorsTests" method="selectMethodByFullyQualifiedNameForSpockSpec" externalInfoUrl="https://pmd.github.io/pmd/pmd_rules_java_bestpractices.html#junittestcontainstoomanyasserts" priority="3">
Unit tests should not contain more than 1 assert(s).
</violation>
<violation beginline="427" endline="427" begincolumn="3" endcolumn="14" rule="JUnitAssertionsShouldIncludeMessage" ruleset="Best Practices" package="org.junit.platform.engine.discovery" class="DiscoverySelectorsTests" method="selectMethodByFullyQualifiedNameForSpockSpec" externalInfoUrl="https://pmd.github.io/pmd/pmd_rules_java_bestpractices.html#junitassertionsshouldincludemessage" priority="3">
JUnit assertions should include a message
</violation>
<violation beginline="428" endline="428" begincolumn="3" endcolumn="14" rule="JUnitAssertionsShouldIncludeMessage" ruleset="Best Practices" package="org.junit.platform.engine.discovery" class="DiscoverySelectorsTests" method="selectMethodByFullyQualifiedNameForSpockSpec" externalInfoUrl="https://pmd.github.io/pmd/pmd_rules_java_bestpractices.html#junitassertionsshouldincludemessage" priority="3">
JUnit assertions should include a message
</violation>
<violation beginline="429" endline="429" begincolumn="3" endcolumn="14" rule="JUnitAssertionsShouldIncludeMessage" ruleset="Best Practices" package="org.junit.platform.engine.discovery" class="DiscoverySelectorsTests" method="selectMethodByFullyQualifiedNameForSpockSpec" externalInfoUrl="https://pmd.github.io/pmd/pmd_rules_java_bestpractices.html#junitassertionsshouldincludemessage" priority="3">
JUnit assertions should include a message
</violation>
<violation beginline="433" endline="443" begincolumn="2" endcolumn="2" rule="JUnitTestContainsTooManyAsserts" ruleset="Best Practices" package="org.junit.platform.engine.discovery" class="DiscoverySelectorsTests" method="selectMethodByFullyQualifiedNameForSpockSpecWithParameters" externalInfoUrl="https://pmd.github.io/pmd/pmd_rules_java_bestpractices.html#junittestcontainstoomanyasserts" priority="3">
Unit tests should not contain more than 1 assert(s).
</violation>
<violation beginline="440" endline="440" begincolumn="3" endcolumn="14" rule="JUnitAssertionsShouldIncludeMessage" ruleset="Best Practices" package="org.junit.platform.engine.discovery" class="DiscoverySelectorsTests" method="selectMethodByFullyQualifiedNameForSpockSpecWithParameters" externalInfoUrl="https://pmd.github.io/pmd/pmd_rules_java_bestpractices.html#junitassertionsshouldincludemessage" priority="3">
JUnit assertions should include a message
</violation>
<violation beginline="441" endline="441" begincolumn="3" endcolumn="14" rule="JUnitAssertionsShouldIncludeMessage" ruleset="Best Practices" package="org.junit.platform.engine.discovery" class="DiscoverySelectorsTests" method="selectMethodByFullyQualifiedNameForSpockSpecWithParameters" externalInfoUrl="https://pmd.github.io/pmd/pmd_rules_java_bestpractices.html#junitassertionsshouldincludemessage" priority="3">
JUnit assertions should include a message
</violation>
<violation beginline="442" endline="442" begincolumn="3" endcolumn="14" rule="JUnitAssertionsShouldIncludeMessage" ruleset="Best Practices" package="org.junit.platform.engine.discovery" class="DiscoverySelectorsTests" method="selectMethodByFullyQualifiedNameForSpockSpecWithParameters" externalInfoUrl="https://pmd.github.io/pmd/pmd_rules_java_bestpractices.html#junitassertionsshouldincludemessage" priority="3">
JUnit assertions should include a message
</violation>
<violation beginline="446" endline="446" begincolumn="61" endcolumn="69" rule="SignatureDeclareThrowsException" ruleset="Design" package="org.junit.platform.engine.discovery" class="DiscoverySelectorsTests" method="selectClasspathRootsWithNonExistingDirectory" externalInfoUrl="https://pmd.github.io/pmd/pmd_rules_java_design.html#signaturedeclarethrowsexception" priority="3">
A method/constructor should not explicitly throw java.lang.Exception
</violation>
<violation beginline="453" endline="453" begincolumn="59" endcolumn="67" rule="SignatureDeclareThrowsException" ruleset="Design" package="org.junit.platform.engine.discovery" class="DiscoverySelectorsTests" method="selectClasspathRootsWithNonExistingJarFile" externalInfoUrl="https://pmd.github.io/pmd/pmd_rules_java_design.html#signaturedeclarethrowsexception" priority="3">
A method/constructor should not explicitly throw java.lang.Exception
</violation>
<violation beginline="461" endline="461" begincolumn="83" endcolumn="91" rule="SignatureDeclareThrowsException" ruleset="Design" package="org.junit.platform.engine.discovery" class="DiscoverySelectorsTests" method="selectClasspathRootsWithExistingDirectory" externalInfoUrl="https://pmd.github.io/pmd/pmd_rules_java_design.html#signaturedeclarethrowsexception" priority="3">
A method/constructor should not explicitly throw java.lang.Exception
</violation>
<violation beginline="468" endline="468" begincolumn="56" endcolumn="64" rule="SignatureDeclareThrowsException" ruleset="Design" package="org.junit.platform.engine.discovery" class="DiscoverySelectorsTests" method="selectClasspathRootsWithExistingJarFile" externalInfoUrl="https://pmd.github.io/pmd/pmd_rules_java_design.html#signaturedeclarethrowsexception" priority="3">
A method/constructor should not explicitly throw java.lang.Exception
</violation>
<violation beginline="494" endline="495" begincolumn="25" endcolumn="3" rule="UncommentedEmptyMethodBody" ruleset="Documentation" package="org.junit.platform.engine.discovery" class="DiscoverySelectorsTests$TestInterface" method="myTest" externalInfoUrl="https://pmd.github.io/pmd/pmd_rules_java_documentation.html#uncommentedemptymethodbody" priority="3">
Document empty method body
</violation>
<violation beginline="501" endline="502" begincolumn="16" endcolumn="2" rule="UncommentedEmptyMethodBody" ruleset="Documentation" package="org.junit.platform.engine.discovery" class="DiscoverySelectorsTests" method="myTest" externalInfoUrl="https://pmd.github.io/pmd/pmd_rules_java_documentation.html#uncommentedemptymethodbody" priority="3">
Document empty method body
</violation>
<violation beginline="501" endline="502" begincolumn="2" endcolumn="2" rule="DetachedTestCase" ruleset="Error Prone" package="org.junit.platform.engine.discovery" class="DiscoverySelectorsTests" externalInfoUrl="https://pmd.github.io/pmd/pmd_rules_java_errorprone.html#detachedtestcase" priority="3">
Probable detached JUnit test case.
</violation>
<violation beginline="501" endline="502" begincolumn="2" endcolumn="2" rule="DefaultPackage" ruleset="Code Style" package="org.junit.platform.engine.discovery" class="DiscoverySelectorsTests" externalInfoUrl="https://pmd.github.io/pmd/pmd_rules_java_codestyle.html#defaultpackage" priority="3">
Use explicit scoping instead of the default package private level
</violation>
<violation beginline="504" endline="505" begincolumn="23" endcolumn="2" rule="UncommentedEmptyMethodBody" ruleset="Documentation" package="org.junit.platform.engine.discovery" class="DiscoverySelectorsTests" method="myTest" externalInfoUrl="https://pmd.github.io/pmd/pmd_rules_java_documentation.html#uncommentedemptymethodbody" priority="3">
Document empty method body
</violation>
<violation beginline="504" endline="505" begincolumn="2" endcolumn="2" rule="DefaultPackage" ruleset="Code Style" package="org.junit.platform.engine.discovery" class="DiscoverySelectorsTests" externalInfoUrl="https://pmd.github.io/pmd/pmd_rules_java_codestyle.html#defaultpackage" priority="3">
Use explicit scoping instead of the default package private level
</violation>
<violation beginline="507" endline="507" begincolumn="14" endcolumn="23" rule="UseVarargs" ruleset="Best Practices" package="org.junit.platform.engine.discovery" class="DiscoverySelectorsTests" method="myTest" variable="nums" externalInfoUrl="https://pmd.github.io/pmd/pmd_rules_java_bestpractices.html#usevarargs" priority="4">
Consider using varargs for methods or constructors which take an array the last parameter.
</violation>
<violation beginline="507" endline="508" begincolumn="26" endcolumn="2" rule="UncommentedEmptyMethodBody" ruleset="Documentation" package="org.junit.platform.engine.discovery" class="DiscoverySelectorsTests" method="myTest" externalInfoUrl="https://pmd.github.io/pmd/pmd_rules_java_documentation.html#uncommentedemptymethodbody" priority="3">
Document empty method body
</violation>
<violation beginline="507" endline="508" begincolumn="2" endcolumn="2" rule="DefaultPackage" ruleset="Code Style" package="org.junit.platform.engine.discovery" class="DiscoverySelectorsTests" externalInfoUrl="https://pmd.github.io/pmd/pmd_rules_java_codestyle.html#defaultpackage" priority="3">
Use explicit scoping instead of the default package private level
</violation>
<violation beginline="510" endline="510" begincolumn="14" endcolumn="25" rule="UseVarargs" ruleset="Best Practices" package="org.junit.platform.engine.discovery" class="DiscoverySelectorsTests" method="myTest" variable="grid" externalInfoUrl="https://pmd.github.io/pmd/pmd_rules_java_bestpractices.html#usevarargs" priority="4">
Consider using varargs for methods or constructors which take an array the last parameter.
</violation>
<violation beginline="510" endline="511" begincolumn="28" endcolumn="2" rule="UncommentedEmptyMethodBody" ruleset="Documentation" package="org.junit.platform.engine.discovery" class="DiscoverySelectorsTests" method="myTest" externalInfoUrl="https://pmd.github.io/pmd/pmd_rules_java_documentation.html#uncommentedemptymethodbody" priority="3">
Document empty method body
</violation>
<violation beginline="510" endline="511" begincolumn="2" endcolumn="2" rule="DefaultPackage" ruleset="Code Style" package="org.junit.platform.engine.discovery" class="DiscoverySelectorsTests" externalInfoUrl="https://pmd.github.io/pmd/pmd_rules_java_codestyle.html#defaultpackage" priority="3">
Use explicit scoping instead of the default package private level
</violation>
<violation beginline="513" endline="513" begincolumn="14" endcolumn="31" rule="UseVarargs" ruleset="Best Practices" package="org.junit.platform.engine.discovery" class="DiscoverySelectorsTests" method="myTest" variable="grid" externalInfoUrl="https://pmd.github.io/pmd/pmd_rules_java_bestpractices.html#usevarargs" priority="4">
Consider using varargs for methods or constructors which take an array the last parameter.
</violation>
<violation beginline="513" endline="514" begincolumn="34" endcolumn="2" rule="UncommentedEmptyMethodBody" ruleset="Documentation" package="org.junit.platform.engine.discovery" class="DiscoverySelectorsTests" method="myTest" externalInfoUrl="https://pmd.github.io/pmd/pmd_rules_java_documentation.html#uncommentedemptymethodbody" priority="3">
Document empty method body
</violation>
<violation beginline="513" endline="514" begincolumn="2" endcolumn="2" rule="DefaultPackage" ruleset="Code Style" package="org.junit.platform.engine.discovery" class="DiscoverySelectorsTests" externalInfoUrl="https://pmd.github.io/pmd/pmd_rules_java_codestyle.html#defaultpackage" priority="3">
Use explicit scoping instead of the default package private level
</violation>
<violation beginline="516" endline="517" begincolumn="27" endcolumn="2" rule="UncommentedEmptyMethodBody" ruleset="Documentation" package="org.junit.platform.engine.discovery" class="DiscoverySelectorsTests" method="myTest" externalInfoUrl="https://pmd.github.io/pmd/pmd_rules_java_documentation.html#uncommentedemptymethodbody" priority="3">
Document empty method body
</violation>
<violation beginline="516" endline="517" begincolumn="2" endcolumn="2" rule="DefaultPackage" ruleset="Code Style" package="org.junit.platform.engine.discovery" class="DiscoverySelectorsTests" externalInfoUrl="https://pmd.github.io/pmd/pmd_rules_java_codestyle.html#defaultpackage" priority="3">
Use explicit scoping instead of the default package private level
</violation>
<violation beginline="519" endline="519" begincolumn="14" endcolumn="26" rule="UseVarargs" ruleset="Best Practices" package="org.junit.platform.engine.discovery" class="DiscoverySelectorsTests" method="myTest" variable="info" externalInfoUrl="https://pmd.github.io/pmd/pmd_rules_java_bestpractices.html#usevarargs" priority="4">
Consider using varargs for methods or constructors which take an array the last parameter.
</violation>
<violation beginline="519" endline="520" begincolumn="29" endcolumn="2" rule="UncommentedEmptyMethodBody" ruleset="Documentation" package="org.junit.platform.engine.discovery" class="DiscoverySelectorsTests" method="myTest" externalInfoUrl="https://pmd.github.io/pmd/pmd_rules_java_documentation.html#uncommentedemptymethodbody" priority="3">
Document empty method body
</violation>
<violation beginline="519" endline="520" begincolumn="2" endcolumn="2" rule="DefaultPackage" ruleset="Code Style" package="org.junit.platform.engine.discovery" class="DiscoverySelectorsTests" externalInfoUrl="https://pmd.github.io/pmd/pmd_rules_java_codestyle.html#defaultpackage" priority="3">
Use explicit scoping instead of the default package private level
</violation>
<violation beginline="522" endline="522" begincolumn="14" endcolumn="28" rule="UseVarargs" ruleset="Best Practices" package="org.junit.platform.engine.discovery" class="DiscoverySelectorsTests" method="myTest" variable="info" externalInfoUrl="https://pmd.github.io/pmd/pmd_rules_java_bestpractices.html#usevarargs" priority="4">
Consider using varargs for methods or constructors which take an array the last parameter.
</violation>
<violation beginline="522" endline="523" begincolumn="31" endcolumn="2" rule="UncommentedEmptyMethodBody" ruleset="Documentation" package="org.junit.platform.engine.discovery" class="DiscoverySelectorsTests" method="myTest" externalInfoUrl="https://pmd.github.io/pmd/pmd_rules_java_documentation.html#uncommentedemptymethodbody" priority="3">
Document empty method body
</violation>
<violation beginline="522" endline="523" begincolumn="2" endcolumn="2" rule="DefaultPackage" ruleset="Code Style" package="org.junit.platform.engine.discovery" class="DiscoverySelectorsTests" externalInfoUrl="https://pmd.github.io/pmd/pmd_rules_java_codestyle.html#defaultpackage" priority="3">
Use explicit scoping instead of the default package private level
</violation>
<violation beginline="525" endline="525" begincolumn="14" endcolumn="34" rule="UseVarargs" ruleset="Best Practices" package="org.junit.platform.engine.discovery" class="DiscoverySelectorsTests" method="myTest" variable="data" externalInfoUrl="https://pmd.github.io/pmd/pmd_rules_java_bestpractices.html#usevarargs" priority="4">
Consider using varargs for methods or constructors which take an array the last parameter.
</violation>
<violation beginline="525" endline="526" begincolumn="37" endcolumn="2" rule="UncommentedEmptyMethodBody" ruleset="Documentation" package="org.junit.platform.engine.discovery" class="DiscoverySelectorsTests" method="myTest" externalInfoUrl="https://pmd.github.io/pmd/pmd_rules_java_documentation.html#uncommentedemptymethodbody" priority="3">
Document empty method body
</violation>
<violation beginline="525" endline="526" begincolumn="2" endcolumn="2" rule="DefaultPackage" ruleset="Code Style" package="org.junit.platform.engine.discovery" class="DiscoverySelectorsTests" externalInfoUrl="https://pmd.github.io/pmd/pmd_rules_java_codestyle.html#defaultpackage" priority="3">
Use explicit scoping instead of the default package private level
</violation>
</file>
<file name="C:\Users\Sokaina\Downloads\Versiones-Junit5\junit5-r5.0.2\platform-tests\src\test\java\org\junit\platform\engine\discovery\PackageNameFilterTests.java">
<violation beginline="27" endline="37" begincolumn="2" endcolumn="2" rule="JUnitTestContainsTooManyAsserts" ruleset="Best Practices" package="org.junit.platform.engine.discovery" class="PackageNameFilterTests" method="includePackageChecksPreconditions" externalInfoUrl="https://pmd.github.io/pmd/pmd_rules_java_bestpractices.html#junittestcontainstoomanyasserts" priority="3">
Unit tests should not contain more than 1 assert(s).
</violation>
<violation beginline="30" endline="30" begincolumn="17" endcolumn="56" rule="AvoidDuplicateLiterals" ruleset="Error Prone" package="org.junit.platform.engine.discovery" class="PackageNameFilterTests" method="includePackageChecksPreconditions" externalInfoUrl="https://pmd.github.io/pmd/pmd_rules_java_errorprone.html#avoidduplicateliterals" priority="3">
The String literal "packageNames must not be null or empty" appears 4 times in this file; the first occurrence is on line 30
</violation>
<violation beginline="40" endline="74" begincolumn="2" endcolumn="2" rule="JUnitTestContainsTooManyAsserts" ruleset="Best Practices" package="org.junit.platform.engine.discovery" class="PackageNameFilterTests" method="includePackageWithMultiplePackages" externalInfoUrl="https://pmd.github.io/pmd/pmd_rules_java_bestpractices.html#junittestcontainstoomanyasserts" priority="3">
Unit tests should not contain more than 1 assert(s).
</violation>
<violation beginline="46" endline="46" begincolumn="26" endcolumn="33" rule="AvoidDuplicateLiterals" ruleset="Error Prone" package="org.junit.platform.engine.discovery" class="PackageNameFilterTests" method="includePackageWithMultiplePackages" externalInfoUrl="https://pmd.github.io/pmd/pmd_rules_java_errorprone.html#avoidduplicateliterals" priority="3">
The String literal "' OR '" appears 6 times in this file; the first occurrence is on line 46
</violation>
<violation beginline="48" endline="48" begincolumn="3" endcolumn="12" rule="JUnitAssertionsShouldIncludeMessage" ruleset="Best Practices" package="org.junit.platform.engine.discovery" class="PackageNameFilterTests" method="includePackageWithMultiplePackages" externalInfoUrl="https://pmd.github.io/pmd/pmd_rules_java_bestpractices.html#junitassertionsshouldincludemessage" priority="3">
JUnit assertions should include a message
</violation>
<violation beginline="48" endline="48" begincolumn="27" endcolumn="44" rule="AvoidDuplicateLiterals" ruleset="Error Prone" package="org.junit.platform.engine.discovery" class="PackageNameFilterTests" method="includePackageWithMultiplePackages" externalInfoUrl="https://pmd.github.io/pmd/pmd_rules_java_errorprone.html#avoidduplicateliterals" priority="3">
The String literal "java.lang.String" appears 6 times in this file; the first occurrence is on line 48
</violation>
<violation beginline="49" endline="49" begincolumn="3" endcolumn="12" rule="JUnitAssertionsShouldIncludeMessage" ruleset="Best Practices" package="org.junit.platform.engine.discovery" class="PackageNameFilterTests" method="includePackageWithMultiplePackages" externalInfoUrl="https://pmd.github.io/pmd/pmd_rules_java_bestpractices.html#junitassertionsshouldincludemessage" priority="3">
JUnit assertions should include a message
</violation>
<violation beginline="53" endline="53" begincolumn="3" endcolumn="12" rule="JUnitAssertionsShouldIncludeMessage" ruleset="Best Practices" package="org.junit.platform.engine.discovery" class="PackageNameFilterTests" method="includePackageWithMultiplePackages" externalInfoUrl="https://pmd.github.io/pmd/pmd_rules_java_bestpractices.html#junitassertionsshouldincludemessage" priority="3">
JUnit assertions should include a message
</violation>
<violation beginline="53" endline="53" begincolumn="27" endcolumn="48" rule="AvoidDuplicateLiterals" ruleset="Error Prone" package="org.junit.platform.engine.discovery" class="PackageNameFilterTests" method="includePackageWithMultiplePackages" externalInfoUrl="https://pmd.github.io/pmd/pmd_rules_java_errorprone.html#avoidduplicateliterals" priority="3">
The String literal "java.util.Collection" appears 6 times in this file; the first occurrence is on line 53
</violation>
<violation beginline="54" endline="54" begincolumn="3" endcolumn="12" rule="JUnitAssertionsShouldIncludeMessage" ruleset="Best Practices" package="org.junit.platform.engine.discovery" class="PackageNameFilterTests" method="includePackageWithMultiplePackages" externalInfoUrl="https://pmd.github.io/pmd/pmd_rules_java_bestpractices.html#junitassertionsshouldincludemessage" priority="3">
JUnit assertions should include a message
</violation>
<violation beginline="58" endline="58" begincolumn="3" endcolumn="12" rule="JUnitAssertionsShouldIncludeMessage" ruleset="Best Practices" package="org.junit.platform.engine.discovery" class="PackageNameFilterTests" method="includePackageWithMultiplePackages" externalInfoUrl="https://pmd.github.io/pmd/pmd_rules_java_bestpractices.html#junitassertionsshouldincludemessage" priority="3">
JUnit assertions should include a message
</violation>
<violation beginline="58" endline="58" begincolumn="27" endcolumn="55" rule="AvoidDuplicateLiterals" ruleset="Error Prone" package="org.junit.platform.engine.discovery" class="PackageNameFilterTests" method="includePackageWithMultiplePackages" externalInfoUrl="https://pmd.github.io/pmd/pmd_rules_java_errorprone.html#avoidduplicateliterals" priority="3">
The String literal "java.util.function.Consumer" appears 6 times in this file; the first occurrence is on line 58
</violation>
<violation beginline="59" endline="59" begincolumn="3" endcolumn="12" rule="JUnitAssertionsShouldIncludeMessage" ruleset="Best Practices" package="org.junit.platform.engine.discovery" class="PackageNameFilterTests" method="includePackageWithMultiplePackages" externalInfoUrl="https://pmd.github.io/pmd/pmd_rules_java_bestpractices.html#junitassertionsshouldincludemessage" priority="3">
JUnit assertions should include a message
</violation>
<violation beginline="63" endline="63" begincolumn="3" endcolumn="13" rule="JUnitAssertionsShouldIncludeMessage" ruleset="Best Practices" package="org.junit.platform.engine.discovery" class="PackageNameFilterTests" method="includePackageWithMultiplePackages" externalInfoUrl="https://pmd.github.io/pmd/pmd_rules_java_bestpractices.html#junitassertionsshouldincludemessage" priority="3">
JUnit assertions should include a message
</violation>
<violation beginline="63" endline="63" begincolumn="28" endcolumn="46" rule="AvoidDuplicateLiterals" ruleset="Error Prone" package="org.junit.platform.engine.discovery" class="PackageNameFilterTests" method="includePackageWithMultiplePackages" externalInfoUrl="https://pmd.github.io/pmd/pmd_rules_java_errorprone.html#avoidduplicateliterals" priority="3">
The String literal "java.time.Instant" appears 6 times in this file; the first occurrence is on line 63
</violation>
<violation beginline="64" endline="64" begincolumn="3" endcolumn="13" rule="JUnitAssertionsShouldIncludeMessage" ruleset="Best Practices" package="org.junit.platform.engine.discovery" class="PackageNameFilterTests" method="includePackageWithMultiplePackages" externalInfoUrl="https://pmd.github.io/pmd/pmd_rules_java_bestpractices.html#junitassertionsshouldincludemessage" priority="3">
JUnit assertions should include a message
</violation>
<violation beginline="69" endline="69" begincolumn="3" endcolumn="13" rule="JUnitAssertionsShouldIncludeMessage" ruleset="Best Practices" package="org.junit.platform.engine.discovery" class="PackageNameFilterTests" method="includePackageWithMultiplePackages" externalInfoUrl="https://pmd.github.io/pmd/pmd_rules_java_bestpractices.html#junitassertionsshouldincludemessage" priority="3">
JUnit assertions should include a message
</violation>
<violation beginline="69" endline="69" begincolumn="28" endcolumn="47" rule="AvoidDuplicateLiterals" ruleset="Error Prone" package="org.junit.platform.engine.discovery" class="PackageNameFilterTests" method="includePackageWithMultiplePackages" externalInfoUrl="https://pmd.github.io/pmd/pmd_rules_java_errorprone.html#avoidduplicateliterals" priority="3">
The String literal "java.language.Test" appears 6 times in this file; the first occurrence is on line 69
</violation>
<violation beginline="70" endline="70" begincolumn="3" endcolumn="13" rule="JUnitAssertionsShouldIncludeMessage" ruleset="Best Practices" package="org.junit.platform.engine.discovery" class="PackageNameFilterTests" method="includePackageWithMultiplePackages" externalInfoUrl="https://pmd.github.io/pmd/pmd_rules_java_bestpractices.html#junitassertionsshouldincludemessage" priority="3">
JUnit assertions should include a message
</violation>
<violation beginline="77" endline="87" begincolumn="2" endcolumn="2" rule="JUnitTestContainsTooManyAsserts" ruleset="Best Practices" package="org.junit.platform.engine.discovery" class="PackageNameFilterTests" method="excludePackageChecksPreconditions" externalInfoUrl="https://pmd.github.io/pmd/pmd_rules_java_bestpractices.html#junittestcontainstoomanyasserts" priority="3">
Unit tests should not contain more than 1 assert(s).
</violation>
<violation beginline="90" endline="124" begincolumn="2" endcolumn="2" rule="JUnitTestContainsTooManyAsserts" ruleset="Best Practices" package="org.junit.platform.engine.discovery" class="PackageNameFilterTests" method="excludePackageWithMultiplePackages" externalInfoUrl="https://pmd.github.io/pmd/pmd_rules_java_bestpractices.html#junittestcontainstoomanyasserts" priority="3">
Unit tests should not contain more than 1 assert(s).
</violation>
<violation beginline="98" endline="98" begincolumn="3" endcolumn="12" rule="JUnitAssertionsShouldIncludeMessage" ruleset="Best Practices" package="org.junit.platform.engine.discovery" class="PackageNameFilterTests" method="excludePackageWithMultiplePackages" externalInfoUrl="https://pmd.github.io/pmd/pmd_rules_java_bestpractices.html#junitassertionsshouldincludemessage" priority="3">
JUnit assertions should include a message
</violation>
<violation beginline="99" endline="99" begincolumn="3" endcolumn="13" rule="JUnitAssertionsShouldIncludeMessage" ruleset="Best Practices" package="org.junit.platform.engine.discovery" class="PackageNameFilterTests" method="excludePackageWithMultiplePackages" externalInfoUrl="https://pmd.github.io/pmd/pmd_rules_java_bestpractices.html#junitassertionsshouldincludemessage" priority="3">
JUnit assertions should include a message
</violation>
<violation beginline="103" endline="103" begincolumn="3" endcolumn="12" rule="JUnitAssertionsShouldIncludeMessage" ruleset="Best Practices" package="org.junit.platform.engine.discovery" class="PackageNameFilterTests" method="excludePackageWithMultiplePackages" externalInfoUrl="https://pmd.github.io/pmd/pmd_rules_java_bestpractices.html#junitassertionsshouldincludemessage" priority="3">
JUnit assertions should include a message
</violation>
<violation beginline="104" endline="104" begincolumn="3" endcolumn="13" rule="JUnitAssertionsShouldIncludeMessage" ruleset="Best Practices" package="org.junit.platform.engine.discovery" class="PackageNameFilterTests" method="excludePackageWithMultiplePackages" externalInfoUrl="https://pmd.github.io/pmd/pmd_rules_java_bestpractices.html#junitassertionsshouldincludemessage" priority="3">
JUnit assertions should include a message
</violation>
<violation beginline="108" endline="108" begincolumn="3" endcolumn="12" rule="JUnitAssertionsShouldIncludeMessage" ruleset="Best Practices" package="org.junit.platform.engine.discovery" class="PackageNameFilterTests" method="excludePackageWithMultiplePackages" externalInfoUrl="https://pmd.github.io/pmd/pmd_rules_java_bestpractices.html#junitassertionsshouldincludemessage" priority="3">
JUnit assertions should include a message
</violation>
<violation beginline="109" endline="109" begincolumn="3" endcolumn="13" rule="JUnitAssertionsShouldIncludeMessage" ruleset="Best Practices" package="org.junit.platform.engine.discovery" class="PackageNameFilterTests" method="excludePackageWithMultiplePackages" externalInfoUrl="https://pmd.github.io/pmd/pmd_rules_java_bestpractices.html#junitassertionsshouldincludemessage" priority="3">
JUnit assertions should include a message
</violation>
<violation beginline="113" endline="113" begincolumn="3" endcolumn="12" rule="JUnitAssertionsShouldIncludeMessage" ruleset="Best Practices" package="org.junit.platform.engine.discovery" class="PackageNameFilterTests" method="excludePackageWithMultiplePackages" externalInfoUrl="https://pmd.github.io/pmd/pmd_rules_java_bestpractices.html#junitassertionsshouldincludemessage" priority="3">
JUnit assertions should include a message
</violation>
<violation beginline="114" endline="114" begincolumn="3" endcolumn="12" rule="JUnitAssertionsShouldIncludeMessage" ruleset="Best Practices" package="org.junit.platform.engine.discovery" class="PackageNameFilterTests" method="excludePackageWithMultiplePackages" externalInfoUrl="https://pmd.github.io/pmd/pmd_rules_java_bestpractices.html#junitassertionsshouldincludemessage" priority="3">
JUnit assertions should include a message
</violation>
<violation beginline="119" endline="119" begincolumn="3" endcolumn="12" rule="JUnitAssertionsShouldIncludeMessage" ruleset="Best Practices" package="org.junit.platform.engine.discovery" class="PackageNameFilterTests" method="excludePackageWithMultiplePackages" externalInfoUrl="https://pmd.github.io/pmd/pmd_rules_java_bestpractices.html#junitassertionsshouldincludemessage" priority="3">
JUnit assertions should include a message
</violation>
<violation beginline="120" endline="120" begincolumn="3" endcolumn="12" rule="JUnitAssertionsShouldIncludeMessage" ruleset="Best Practices" package="org.junit.platform.engine.discovery" class="PackageNameFilterTests" method="excludePackageWithMultiplePackages" externalInfoUrl="https://pmd.github.io/pmd/pmd_rules_java_bestpractices.html#junitassertionsshouldincludemessage" priority="3">
JUnit assertions should include a message
</violation>
</file>
<file name="C:\Users\Sokaina\Downloads\Versiones-Junit5\junit5-r5.0.2\platform-tests\src\test\java\org\junit\platform\engine\support\descriptor\AbstractTestDescriptorTests.java">
<violation beginline="11" endline="163" begincolumn="1" endcolumn="2" rule="TooManyStaticImports" ruleset="Code Style" package="org.junit.platform.engine.support.descriptor" class="AbstractTestDescriptorTests" externalInfoUrl="https://pmd.github.io/pmd/pmd_rules_java_codestyle.html#toomanystaticimports" priority="3">
Too many static imports may lead to messy code
</violation>
<violation beginline="37" endline="37" begincolumn="2" endcolumn="35" rule="DefaultPackage" ruleset="Code Style" package="org.junit.platform.engine.support.descriptor" class="AbstractTestDescriptorTests" externalInfoUrl="https://pmd.github.io/pmd/pmd_rules_java_codestyle.html#defaultpackage" priority="3">
Use explicit scoping instead of the default package private level
</violation>
<violation beginline="42" endline="42" begincolumn="62" endcolumn="68" rule="AvoidDuplicateLiterals" ruleset="Error Prone" package="org.junit.platform.engine.support.descriptor" class="AbstractTestDescriptorTests" method="initTree" externalInfoUrl="https://pmd.github.io/pmd/pmd_rules_java_errorprone.html#avoidduplicateliterals" priority="3">
The String literal "group" appears 6 times in this file; the first occurrence is on line 42
</violation>
<violation beginline="42" endline="42" begincolumn="71" endcolumn="78" rule="AvoidDuplicateLiterals" ruleset="Error Prone" package="org.junit.platform.engine.support.descriptor" class="AbstractTestDescriptorTests" method="initTree" externalInfoUrl="https://pmd.github.io/pmd/pmd_rules_java_errorprone.html#avoidduplicateliterals" priority="3">
The String literal "group1" appears 4 times in this file; the first occurrence is on line 42
</violation>
<violation beginline="49" endline="49" begincolumn="52" endcolumn="57" rule="AvoidDuplicateLiterals" ruleset="Error Prone" package="org.junit.platform.engine.support.descriptor" class="AbstractTestDescriptorTests" method="initTree" externalInfoUrl="https://pmd.github.io/pmd/pmd_rules_java_errorprone.html#avoidduplicateliterals" priority="3">
The String literal "leaf" appears 6 times in this file; the first occurrence is on line 49
</violation>
<violation beginline="58" endline="61" begincolumn="2" endcolumn="2" rule="JUnitTestContainsTooManyAsserts" ruleset="Best Practices" package="org.junit.platform.engine.support.descriptor" class="AbstractTestDescriptorTests" method="removeRootFromHierarchyFails" externalInfoUrl="https://pmd.github.io/pmd/pmd_rules_java_bestpractices.html#junittestcontainstoomanyasserts" priority="3">
Unit tests should not contain more than 1 assert(s).
</violation>
<violation beginline="60" endline="60" begincolumn="3" endcolumn="12" rule="JUnitAssertionsShouldIncludeMessage" ruleset="Best Practices" package="org.junit.platform.engine.support.descriptor" class="AbstractTestDescriptorTests" method="removeRootFromHierarchyFails" externalInfoUrl="https://pmd.github.io/pmd/pmd_rules_java_bestpractices.html#junitassertionsshouldincludemessage" priority="3">
JUnit assertions should include a message
</violation>
<violation beginline="64" endline="75" begincolumn="2" endcolumn="2" rule="JUnitTestContainsTooManyAsserts" ruleset="Best Practices" package="org.junit.platform.engine.support.descriptor" class="AbstractTestDescriptorTests" method="removeFromHierarchyClearsParentFromAllChildren" externalInfoUrl="https://pmd.github.io/pmd/pmd_rules_java_bestpractices.html#junittestcontainstoomanyasserts" priority="3">
Unit tests should not contain more than 1 assert(s).
</violation>
<violation beginline="66" endline="66" begincolumn="3" endcolumn="12" rule="JUnitAssertionsShouldIncludeMessage" ruleset="Best Practices" package="org.junit.platform.engine.support.descriptor" class="AbstractTestDescriptorTests" method="removeFromHierarchyClearsParentFromAllChildren" externalInfoUrl="https://pmd.github.io/pmd/pmd_rules_java_bestpractices.html#junitassertionsshouldincludemessage" priority="3">
JUnit assertions should include a message
</violation>
<violation beginline="67" endline="67" begincolumn="3" endcolumn="12" rule="JUnitAssertionsShouldIncludeMessage" ruleset="Best Practices" package="org.junit.platform.engine.support.descriptor" class="AbstractTestDescriptorTests" method="removeFromHierarchyClearsParentFromAllChildren" externalInfoUrl="https://pmd.github.io/pmd/pmd_rules_java_bestpractices.html#junitassertionsshouldincludemessage" priority="3">
JUnit assertions should include a message
</violation>
<violation beginline="72" endline="72" begincolumn="3" endcolumn="13" rule="JUnitAssertionsShouldIncludeMessage" ruleset="Best Practices" package="org.junit.platform.engine.support.descriptor" class="AbstractTestDescriptorTests" method="removeFromHierarchyClearsParentFromAllChildren" externalInfoUrl="https://pmd.github.io/pmd/pmd_rules_java_bestpractices.html#junitassertionsshouldincludemessage" priority="3">
JUnit assertions should include a message
</violation>
<violation beginline="73" endline="73" begincolumn="3" endcolumn="12" rule="JUnitAssertionsShouldIncludeMessage" ruleset="Best Practices" package="org.junit.platform.engine.support.descriptor" class="AbstractTestDescriptorTests" method="removeFromHierarchyClearsParentFromAllChildren" externalInfoUrl="https://pmd.github.io/pmd/pmd_rules_java_bestpractices.html#junitassertionsshouldincludemessage" priority="3">
JUnit assertions should include a message
</violation>
<violation beginline="74" endline="74" begincolumn="3" endcolumn="12" rule="JUnitAssertionsShouldIncludeMessage" ruleset="Best Practices" package="org.junit.platform.engine.support.descriptor" class="AbstractTestDescriptorTests" method="removeFromHierarchyClearsParentFromAllChildren" externalInfoUrl="https://pmd.github.io/pmd/pmd_rules_java_bestpractices.html#junitassertionsshouldincludemessage" priority="3">
JUnit assertions should include a message
</violation>
<violation beginline="78" endline="84" begincolumn="2" endcolumn="2" rule="JUnitTestContainsTooManyAsserts" ruleset="Best Practices" package="org.junit.platform.engine.support.descriptor" class="AbstractTestDescriptorTests" method="setParentToOtherInstance" externalInfoUrl="https://pmd.github.io/pmd/pmd_rules_java_bestpractices.html#junittestcontainstoomanyasserts" priority="3">
Unit tests should not contain more than 1 assert(s).
</violation>
<violation beginline="81" endline="81" begincolumn="3" endcolumn="12" rule="JUnitAssertionsShouldIncludeMessage" ruleset="Best Practices" package="org.junit.platform.engine.support.descriptor" class="AbstractTestDescriptorTests" method="setParentToOtherInstance" externalInfoUrl="https://pmd.github.io/pmd/pmd_rules_java_bestpractices.html#junitassertionsshouldincludemessage" priority="3">
JUnit assertions should include a message
</violation>
<violation beginline="83" endline="83" begincolumn="3" endcolumn="12" rule="JUnitAssertionsShouldIncludeMessage" ruleset="Best Practices" package="org.junit.platform.engine.support.descriptor" class="AbstractTestDescriptorTests" method="setParentToOtherInstance" externalInfoUrl="https://pmd.github.io/pmd/pmd_rules_java_bestpractices.html#junitassertionsshouldincludemessage" priority="3">
JUnit assertions should include a message
</violation>
<violation beginline="87" endline="92" begincolumn="2" endcolumn="2" rule="JUnitTestContainsTooManyAsserts" ruleset="Best Practices" package="org.junit.platform.engine.support.descriptor" class="AbstractTestDescriptorTests" method="setParentToNull" externalInfoUrl="https://pmd.github.io/pmd/pmd_rules_java_bestpractices.html#junittestcontainstoomanyasserts" priority="3">
Unit tests should not contain more than 1 assert(s).
</violation>
<violation beginline="89" endline="89" begincolumn="3" endcolumn="12" rule="JUnitAssertionsShouldIncludeMessage" ruleset="Best Practices" package="org.junit.platform.engine.support.descriptor" class="AbstractTestDescriptorTests" method="setParentToNull" externalInfoUrl="https://pmd.github.io/pmd/pmd_rules_java_bestpractices.html#junitassertionsshouldincludemessage" priority="3">
JUnit assertions should include a message
</violation>
<violation beginline="91" endline="91" begincolumn="3" endcolumn="13" rule="JUnitAssertionsShouldIncludeMessage" ruleset="Best Practices" package="org.junit.platform.engine.support.descriptor" class="AbstractTestDescriptorTests" method="setParentToNull" externalInfoUrl="https://pmd.github.io/pmd/pmd_rules_java_bestpractices.html#junitassertionsshouldincludemessage" priority="3">
JUnit assertions should include a message
</violation>
<violation beginline="99" endline="99" begincolumn="3" endcolumn="14" rule="JUnitAssertionsShouldIncludeMessage" ruleset="Best Practices" package="org.junit.platform.engine.support.descriptor" class="AbstractTestDescriptorTests" method="visitAllNodes" externalInfoUrl="https://pmd.github.io/pmd/pmd_rules_java_bestpractices.html#junitassertionsshouldincludemessage" priority="3">
JUnit assertions should include a message
</violation>
<violation beginline="103" endline="116" begincolumn="2" endcolumn="2" rule="JUnitTestContainsTooManyAsserts" ruleset="Best Practices" package="org.junit.platform.engine.support.descriptor" class="AbstractTestDescriptorTests" method="pruneLeaf" externalInfoUrl="https://pmd.github.io/pmd/pmd_rules_java_bestpractices.html#junittestcontainstoomanyasserts" priority="3">
Unit tests should not contain more than 1 assert(s).
</violation>
<violation beginline="106" endline="106" begincolumn="5" endcolumn="37" rule="ControlStatementBraces" ruleset="Code Style" package="org.junit.platform.engine.support.descriptor" class="AbstractTestDescriptorTests" method="pruneLeaf" externalInfoUrl="https://pmd.github.io/pmd/pmd_rules_java_codestyle.html#controlstatementbraces" priority="3">
This statement should have braces
</violation>
<violation beginline="113" endline="113" begincolumn="3" endcolumn="14" rule="JUnitAssertionsShouldIncludeMessage" ruleset="Best Practices" package="org.junit.platform.engine.support.descriptor" class="AbstractTestDescriptorTests" method="pruneLeaf" externalInfoUrl="https://pmd.github.io/pmd/pmd_rules_java_bestpractices.html#junitassertionsshouldincludemessage" priority="3">
JUnit assertions should include a message
</violation>
<violation beginline="114" endline="114" begincolumn="3" endcolumn="12" rule="JUnitAssertionsShouldIncludeMessage" ruleset="Best Practices" package="org.junit.platform.engine.support.descriptor" class="AbstractTestDescriptorTests" method="pruneLeaf" externalInfoUrl="https://pmd.github.io/pmd/pmd_rules_java_bestpractices.html#junitassertionsshouldincludemessage" priority="3">
JUnit assertions should include a message
</violation>
<violation beginline="115" endline="115" begincolumn="3" endcolumn="13" rule="JUnitAssertionsShouldIncludeMessage" ruleset="Best Practices" package="org.junit.platform.engine.support.descriptor" class="AbstractTestDescriptorTests" method="pruneLeaf" externalInfoUrl="https://pmd.github.io/pmd/pmd_rules_java_bestpractices.html#junitassertionsshouldincludemessage" priority="3">
JUnit assertions should include a message
</violation>
<violation beginline="119" endline="135" begincolumn="2" endcolumn="2" rule="JUnitTestContainsTooManyAsserts" ruleset="Best Practices" package="org.junit.platform.engine.support.descriptor" class="AbstractTestDescriptorTests" method="pruneGroup" externalInfoUrl="https://pmd.github.io/pmd/pmd_rules_java_bestpractices.html#junittestcontainstoomanyasserts" priority="3">
Unit tests should not contain more than 1 assert(s).
</violation>
<violation beginline="123" endline="123" begincolumn="5" endcolumn="37" rule="ControlStatementBraces" ruleset="Code Style" package="org.junit.platform.engine.support.descriptor" class="AbstractTestDescriptorTests" method="pruneGroup" externalInfoUrl="https://pmd.github.io/pmd/pmd_rules_java_codestyle.html#controlstatementbraces" priority="3">
This statement should have braces
</violation>
<violation beginline="133" endline="133" begincolumn="3" endcolumn="14" rule="JUnitAssertionsShouldIncludeMessage" ruleset="Best Practices" package="org.junit.platform.engine.support.descriptor" class="AbstractTestDescriptorTests" method="pruneGroup" externalInfoUrl="https://pmd.github.io/pmd/pmd_rules_java_bestpractices.html#junitassertionsshouldincludemessage" priority="3">
JUnit assertions should include a message
</violation>
<violation beginline="134" endline="134" begincolumn="3" endcolumn="13" rule="JUnitAssertionsShouldIncludeMessage" ruleset="Best Practices" package="org.junit.platform.engine.support.descriptor" class="AbstractTestDescriptorTests" method="pruneGroup" externalInfoUrl="https://pmd.github.io/pmd/pmd_rules_java_bestpractices.html#junitassertionsshouldincludemessage" priority="3">
JUnit assertions should include a message
</violation>
<violation beginline="139" endline="150" begincolumn="1" endcolumn="1" rule="TestClassWithoutTestCases" ruleset="Error Prone" package="org.junit.platform.engine.support.descriptor" class="GroupDescriptor" externalInfoUrl="https://pmd.github.io/pmd/pmd_rules_java_errorprone.html#testclasswithouttestcases" priority="3">
This class name ends with Test but contains no test cases
</violation>
<violation beginline="152" endline="163" begincolumn="1" endcolumn="1" rule="TestClassWithoutTestCases" ruleset="Error Prone" package="org.junit.platform.engine.support.descriptor" class="LeafDescriptor" externalInfoUrl="https://pmd.github.io/pmd/pmd_rules_java_errorprone.html#testclasswithouttestcases" priority="3">
This class name ends with Test but contains no test cases
</violation>
</file>
<file name="C:\Users\Sokaina\Downloads\Versiones-Junit5\junit5-r5.0.2\platform-tests\src\test\java\org\junit\platform\engine\support\descriptor\AbstractTestSourceTests.java">
<violation beginline="11" endline="47" begincolumn="1" endcolumn="2" rule="TooManyStaticImports" ruleset="Code Style" package="org.junit.platform.engine.support.descriptor" class="AbstractTestSourceTests" externalInfoUrl="https://pmd.github.io/pmd/pmd_rules_java_codestyle.html#toomanystaticimports" priority="3">
Too many static imports may lead to messy code
</violation>
<violation beginline="28" endline="47" begincolumn="10" endcolumn="1" rule="AbstractClassWithoutAbstractMethod" ruleset="Best Practices" package="org.junit.platform.engine.support.descriptor" class="AbstractTestSourceTests" externalInfoUrl="https://pmd.github.io/pmd/pmd_rules_java_bestpractices.html#abstractclasswithoutabstractmethod" priority="3">
This abstract class does not have any abstract methods
</violation>
<violation beginline="36" endline="36" begincolumn="15" endcolumn="33" rule="EqualsNull" ruleset="Error Prone" package="org.junit.platform.engine.support.descriptor" class="AbstractTestSourceTests" externalInfoUrl="https://pmd.github.io/pmd/pmd_rules_java_errorprone.html#equalsnull" priority="1">
Avoid using equals() to compare against null
</violation>
</file>
<file name="C:\Users\Sokaina\Downloads\Versiones-Junit5\junit5-r5.0.2\platform-tests\src\test\java\org\junit\platform\engine\support\descriptor\ClasspathResourceSourceTests.java">
<violation beginline="30" endline="34" begincolumn="2" endcolumn="2" rule="JUnitTestContainsTooManyAsserts" ruleset="Best Practices" package="org.junit.platform.engine.support.descriptor" class="ClasspathResourceSourceTests" method="preconditions" externalInfoUrl="https://pmd.github.io/pmd/pmd_rules_java_bestpractices.html#junittestcontainstoomanyasserts" priority="3">
Unit tests should not contain more than 1 assert(s).
</violation>
<violation beginline="37" endline="37" begincolumn="40" endcolumn="48" rule="SignatureDeclareThrowsException" ruleset="Design" package="org.junit.platform.engine.support.descriptor" class="ClasspathResourceSourceTests" method="resourceWithoutPosition" externalInfoUrl="https://pmd.github.io/pmd/pmd_rules_java_design.html#signaturedeclarethrowsexception" priority="3">
A method/constructor should not explicitly throw java.lang.Exception
</violation>
<violation beginline="37" endline="42" begincolumn="2" endcolumn="2" rule="JUnitTestContainsTooManyAsserts" ruleset="Best Practices" package="org.junit.platform.engine.support.descriptor" class="ClasspathResourceSourceTests" method="resourceWithoutPosition" externalInfoUrl="https://pmd.github.io/pmd/pmd_rules_java_bestpractices.html#junittestcontainstoomanyasserts" priority="3">
Unit tests should not contain more than 1 assert(s).
</violation>
<violation beginline="45" endline="45" begincolumn="56" endcolumn="64" rule="SignatureDeclareThrowsException" ruleset="Design" package="org.junit.platform.engine.support.descriptor" class="ClasspathResourceSourceTests" method="resourceWithLeadingSlashWithoutPosition" externalInfoUrl="https://pmd.github.io/pmd/pmd_rules_java_design.html#signaturedeclarethrowsexception" priority="3">
A method/constructor should not explicitly throw java.lang.Exception
</violation>
<violation beginline="45" endline="50" begincolumn="2" endcolumn="2" rule="JUnitTestContainsTooManyAsserts" ruleset="Best Practices" package="org.junit.platform.engine.support.descriptor" class="ClasspathResourceSourceTests" method="resourceWithLeadingSlashWithoutPosition" externalInfoUrl="https://pmd.github.io/pmd/pmd_rules_java_bestpractices.html#junittestcontainstoomanyasserts" priority="3">
Unit tests should not contain more than 1 assert(s).
</violation>
<violation beginline="53" endline="53" begincolumn="37" endcolumn="45" rule="SignatureDeclareThrowsException" ruleset="Design" package="org.junit.platform.engine.support.descriptor" class="ClasspathResourceSourceTests" method="resourceWithPosition" externalInfoUrl="https://pmd.github.io/pmd/pmd_rules_java_design.html#signaturedeclarethrowsexception" priority="3">
A method/constructor should not explicitly throw java.lang.Exception
</violation>
<violation beginline="53" endline="59" begincolumn="2" endcolumn="2" rule="JUnitTestContainsTooManyAsserts" ruleset="Best Practices" package="org.junit.platform.engine.support.descriptor" class="ClasspathResourceSourceTests" method="resourceWithPosition" externalInfoUrl="https://pmd.github.io/pmd/pmd_rules_java_bestpractices.html#junittestcontainstoomanyasserts" priority="3">
Unit tests should not contain more than 1 assert(s).
</violation>
<violation beginline="62" endline="69" begincolumn="2" endcolumn="2" rule="JUnitTestContainsTooManyAsserts" ruleset="Best Practices" package="org.junit.platform.engine.support.descriptor" class="ClasspathResourceSourceTests" method="equalsAndHashCode" externalInfoUrl="https://pmd.github.io/pmd/pmd_rules_java_bestpractices.html#junittestcontainstoomanyasserts" priority="3">
Unit tests should not contain more than 1 assert(s).
</violation>
</file>
<file name="C:\Users\Sokaina\Downloads\Versiones-Junit5\junit5-r5.0.2\platform-tests\src\test\java\org\junit\platform\engine\support\descriptor\CompositeTestSourceTests.java">
<violation beginline="44" endline="59" begincolumn="2" endcolumn="2" rule="JUnitTestContainsTooManyAsserts" ruleset="Best Practices" package="org.junit.platform.engine.support.descriptor" class="CompositeTestSourceTests" method="createCompositeTestSourceFromClassAndFileSources" externalInfoUrl="https://pmd.github.io/pmd/pmd_rules_java_bestpractices.html#junittestcontainstoomanyasserts" priority="3">
Unit tests should not contain more than 1 assert(s).
</violation>
<violation beginline="51" endline="51" begincolumn="3" endcolumn="12" rule="JUnitAssertionsShouldIncludeMessage" ruleset="Best Practices" package="org.junit.platform.engine.support.descriptor" class="CompositeTestSourceTests" method="createCompositeTestSourceFromClassAndFileSources" externalInfoUrl="https://pmd.github.io/pmd/pmd_rules_java_bestpractices.html#junitassertionsshouldincludemessage" priority="3">
JUnit assertions should include a message
</violation>
</file>
<file name="C:\Users\Sokaina\Downloads\Versiones-Junit5\junit5-r5.0.2\platform-tests\src\test\java\org\junit\platform\engine\support\descriptor\FilePositionTests.java">
<violation beginline="30" endline="33" begincolumn="2" endcolumn="2" rule="JUnitTestContainsTooManyAsserts" ruleset="Best Practices" package="org.junit.platform.engine.support.descriptor" class="FilePositionTests" method="preconditions" externalInfoUrl="https://pmd.github.io/pmd/pmd_rules_java_bestpractices.html#junittestcontainstoomanyasserts" priority="3">
Unit tests should not contain more than 1 assert(s).
</violation>
<violation beginline="37" endline="37" begincolumn="37" endcolumn="45" rule="SignatureDeclareThrowsException" ruleset="Design" package="org.junit.platform.engine.support.descriptor" class="FilePositionTests" method="filePositionFromLine" externalInfoUrl="https://pmd.github.io/pmd/pmd_rules_java_design.html#signaturedeclarethrowsexception" priority="3">
A method/constructor should not explicitly throw java.lang.Exception
</violation>
<violation beginline="37" endline="42" begincolumn="2" endcolumn="2" rule="JUnitTestContainsTooManyAsserts" ruleset="Best Practices" package="org.junit.platform.engine.support.descriptor" class="FilePositionTests" method="filePositionFromLine" externalInfoUrl="https://pmd.github.io/pmd/pmd_rules_java_bestpractices.html#junittestcontainstoomanyasserts" priority="3">
Unit tests should not contain more than 1 assert(s).
</violation>
<violation beginline="46" endline="46" begincolumn="46" endcolumn="54" rule="SignatureDeclareThrowsException" ruleset="Design" package="org.junit.platform.engine.support.descriptor" class="FilePositionTests" method="filePositionFromLineAndColumn" externalInfoUrl="https://pmd.github.io/pmd/pmd_rules_java_design.html#signaturedeclarethrowsexception" priority="3">
A method/constructor should not explicitly throw java.lang.Exception
</violation>
<violation beginline="46" endline="51" begincolumn="2" endcolumn="2" rule="JUnitTestContainsTooManyAsserts" ruleset="Best Practices" package="org.junit.platform.engine.support.descriptor" class="FilePositionTests" method="filePositionFromLineAndColumn" externalInfoUrl="https://pmd.github.io/pmd/pmd_rules_java_bestpractices.html#junittestcontainstoomanyasserts" priority="3">
Unit tests should not contain more than 1 assert(s).
</violation>
<violation beginline="66" endline="66" begincolumn="45" endcolumn="49" rule="UseUnderscoresInNumericLiterals" ruleset="Code Style" package="org.junit.platform.engine.support.descriptor" class="FilePositionTests" method="equalsAndHashCodeWithColumnNumberNotCachedByJavaLangIntegerDotValueOf" externalInfoUrl="https://pmd.github.io/pmd/pmd_rules_java_codestyle.html#useunderscoresinnumericliterals" priority="3">
Number 99999 should separate every third digit with an underscore
</violation>
<violation beginline="67" endline="67" begincolumn="49" endcolumn="53" rule="UseUnderscoresInNumericLiterals" ruleset="Code Style" package="org.junit.platform.engine.support.descriptor" class="FilePositionTests" method="equalsAndHashCodeWithColumnNumberNotCachedByJavaLangIntegerDotValueOf" externalInfoUrl="https://pmd.github.io/pmd/pmd_rules_java_codestyle.html#useunderscoresinnumericliterals" priority="3">
Number 99999 should separate every third digit with an underscore
</violation>
</file>
<file name="C:\Users\Sokaina\Downloads\Versiones-Junit5\junit5-r5.0.2\platform-tests\src\test\java\org\junit\platform\engine\support\descriptor\FileSystemSourceTests.java">
<violation beginline="34" endline="34" begincolumn="26" endcolumn="34" rule="SignatureDeclareThrowsException" ruleset="Design" package="org.junit.platform.engine.support.descriptor" class="FileSystemSourceTests" method="directory" externalInfoUrl="https://pmd.github.io/pmd/pmd_rules_java_design.html#signaturedeclarethrowsexception" priority="3">
A method/constructor should not explicitly throw java.lang.Exception
</violation>
<violation beginline="34" endline="42" begincolumn="2" endcolumn="2" rule="JUnitTestContainsTooManyAsserts" ruleset="Best Practices" package="org.junit.platform.engine.support.descriptor" class="FileSystemSourceTests" method="directory" externalInfoUrl="https://pmd.github.io/pmd/pmd_rules_java_bestpractices.html#junittestcontainstoomanyasserts" priority="3">
Unit tests should not contain more than 1 assert(s).
</violation>
<violation beginline="45" endline="45" begincolumn="36" endcolumn="44" rule="SignatureDeclareThrowsException" ruleset="Design" package="org.junit.platform.engine.support.descriptor" class="FileSystemSourceTests" method="fileWithoutPosition" externalInfoUrl="https://pmd.github.io/pmd/pmd_rules_java_design.html#signaturedeclarethrowsexception" priority="3">
A method/constructor should not explicitly throw java.lang.Exception
</violation>
<violation beginline="45" endline="56" begincolumn="2" endcolumn="2" rule="JUnitTestContainsTooManyAsserts" ruleset="Best Practices" package="org.junit.platform.engine.support.descriptor" class="FileSystemSourceTests" method="fileWithoutPosition" externalInfoUrl="https://pmd.github.io/pmd/pmd_rules_java_bestpractices.html#junittestcontainstoomanyasserts" priority="3">
Unit tests should not contain more than 1 assert(s).
</violation>
<violation beginline="59" endline="59" begincolumn="33" endcolumn="41" rule="SignatureDeclareThrowsException" ruleset="Design" package="org.junit.platform.engine.support.descriptor" class="FileSystemSourceTests" method="fileWithPosition" externalInfoUrl="https://pmd.github.io/pmd/pmd_rules_java_design.html#signaturedeclarethrowsexception" priority="3">
A method/constructor should not explicitly throw java.lang.Exception
</violation>
<violation beginline="59" endline="67" begincolumn="2" endcolumn="2" rule="JUnitTestContainsTooManyAsserts" ruleset="Best Practices" package="org.junit.platform.engine.support.descriptor" class="FileSystemSourceTests" method="fileWithPosition" externalInfoUrl="https://pmd.github.io/pmd/pmd_rules_java_bestpractices.html#junittestcontainstoomanyasserts" priority="3">
Unit tests should not contain more than 1 assert(s).
</violation>
<violation beginline="70" endline="78" begincolumn="2" endcolumn="2" rule="JUnitTestContainsTooManyAsserts" ruleset="Best Practices" package="org.junit.platform.engine.support.descriptor" class="FileSystemSourceTests" method="equalsAndHashCodeForFileSource" externalInfoUrl="https://pmd.github.io/pmd/pmd_rules_java_bestpractices.html#junittestcontainstoomanyasserts" priority="3">
Unit tests should not contain more than 1 assert(s).
</violation>
</file>
<file name="C:\Users\Sokaina\Downloads\Versiones-Junit5\junit5-r5.0.2\platform-tests\src\test\java\org\junit\platform\engine\support\descriptor\GenericSourceTests.java">
<violation beginline="62" endline="68" begincolumn="2" endcolumn="2" rule="JUnitTestContainsTooManyAsserts" ruleset="Best Practices" package="org.junit.platform.engine.support.descriptor" class="GenericSourceTests" method="classNameSource" externalInfoUrl="https://pmd.github.io/pmd/pmd_rules_java_bestpractices.html#junittestcontainstoomanyasserts" priority="3">
Unit tests should not contain more than 1 assert(s).
</violation>
<violation beginline="71" endline="79" begincolumn="2" endcolumn="2" rule="JUnitTestContainsTooManyAsserts" ruleset="Best Practices" package="org.junit.platform.engine.support.descriptor" class="GenericSourceTests" method="classNameSourceWithFilePosition" externalInfoUrl="https://pmd.github.io/pmd/pmd_rules_java_bestpractices.html#junittestcontainstoomanyasserts" priority="3">
Unit tests should not contain more than 1 assert(s).
</violation>
<violation beginline="82" endline="88" begincolumn="2" endcolumn="2" rule="JUnitTestContainsTooManyAsserts" ruleset="Best Practices" package="org.junit.platform.engine.support.descriptor" class="GenericSourceTests" method="classSource" externalInfoUrl="https://pmd.github.io/pmd/pmd_rules_java_bestpractices.html#junittestcontainstoomanyasserts" priority="3">
Unit tests should not contain more than 1 assert(s).
</violation>
<violation beginline="91" endline="99" begincolumn="2" endcolumn="2" rule="JUnitTestContainsTooManyAsserts" ruleset="Best Practices" package="org.junit.platform.engine.support.descriptor" class="GenericSourceTests" method="classSourceWithFilePosition" externalInfoUrl="https://pmd.github.io/pmd/pmd_rules_java_bestpractices.html#junittestcontainstoomanyasserts" priority="3">
Unit tests should not contain more than 1 assert(s).
</violation>
<violation beginline="102" endline="102" begincolumn="29" endcolumn="37" rule="SignatureDeclareThrowsException" ruleset="Design" package="org.junit.platform.engine.support.descriptor" class="GenericSourceTests" method="methodSource" externalInfoUrl="https://pmd.github.io/pmd/pmd_rules_java_design.html#signaturedeclarethrowsexception" priority="3">
A method/constructor should not explicitly throw java.lang.Exception
</violation>
<violation beginline="102" endline="109" begincolumn="2" endcolumn="2" rule="JUnitTestContainsTooManyAsserts" ruleset="Best Practices" package="org.junit.platform.engine.support.descriptor" class="GenericSourceTests" method="methodSource" externalInfoUrl="https://pmd.github.io/pmd/pmd_rules_java_bestpractices.html#junittestcontainstoomanyasserts" priority="3">
Unit tests should not contain more than 1 assert(s).
</violation>
<violation beginline="126" endline="126" begincolumn="66" endcolumn="74" rule="SignatureDeclareThrowsException" ruleset="Design" package="org.junit.platform.engine.support.descriptor" class="GenericSourceTests" method="equalsAndHashCodeForMethodSource" externalInfoUrl="https://pmd.github.io/pmd/pmd_rules_java_design.html#signaturedeclarethrowsexception" priority="3">
A method/constructor should not explicitly throw java.lang.Exception
</violation>
<violation beginline="132" endline="132" begincolumn="47" endcolumn="55" rule="SignatureDeclareThrowsException" ruleset="Design" package="org.junit.platform.engine.support.descriptor" class="GenericSourceTests" method="getMethod" externalInfoUrl="https://pmd.github.io/pmd/pmd_rules_java_design.html#signaturedeclarethrowsexception" priority="3">
A method/constructor should not explicitly throw java.lang.Exception
</violation>
<violation beginline="136" endline="137" begincolumn="28" endcolumn="2" rule="UncommentedEmptyMethodBody" ruleset="Documentation" package="org.junit.platform.engine.support.descriptor" class="GenericSourceTests" method="method1" externalInfoUrl="https://pmd.github.io/pmd/pmd_rules_java_documentation.html#uncommentedemptymethodbody" priority="3">
Document empty method body
</violation>
<violation beginline="136" endline="137" begincolumn="2" endcolumn="2" rule="DefaultPackage" ruleset="Code Style" package="org.junit.platform.engine.support.descriptor" class="GenericSourceTests" externalInfoUrl="https://pmd.github.io/pmd/pmd_rules_java_codestyle.html#defaultpackage" priority="3">
Use explicit scoping instead of the default package private level
</violation>
<violation beginline="139" endline="140" begincolumn="28" endcolumn="2" rule="UncommentedEmptyMethodBody" ruleset="Documentation" package="org.junit.platform.engine.support.descriptor" class="GenericSourceTests" method="method2" externalInfoUrl="https://pmd.github.io/pmd/pmd_rules_java_documentation.html#uncommentedemptymethodbody" priority="3">
Document empty method body
</violation>
<violation beginline="139" endline="140" begincolumn="2" endcolumn="2" rule="DefaultPackage" ruleset="Code Style" package="org.junit.platform.engine.support.descriptor" class="GenericSourceTests" externalInfoUrl="https://pmd.github.io/pmd/pmd_rules_java_codestyle.html#defaultpackage" priority="3">
Use explicit scoping instead of the default package private level
</violation>
</file>
<file name="C:\Users\Sokaina\Downloads\Versiones-Junit5\junit5-r5.0.2\platform-tests\src\test\java\org\junit\platform\engine\support\descriptor\MethodSourceTests.java">
<violation beginline="30" endline="33" begincolumn="2" endcolumn="2" rule="JUnitTestContainsTooManyAsserts" ruleset="Best Practices" package="org.junit.platform.engine.support.descriptor" class="MethodSourceTests" method="instantiatingWithNullNamesShouldThrowPreconditionViolationException" externalInfoUrl="https://pmd.github.io/pmd/pmd_rules_java_bestpractices.html#junittestcontainstoomanyasserts" priority="3">
Unit tests should not contain more than 1 assert(s).
</violation>
<violation beginline="31" endline="31" begincolumn="78" endcolumn="82" rule="AvoidDuplicateLiterals" ruleset="Error Prone" package="org.junit.platform.engine.support.descriptor" class="MethodSourceTests" method="instantiatingWithNullNamesShouldThrowPreconditionViolationException" externalInfoUrl="https://pmd.github.io/pmd/pmd_rules_java_errorprone.html#avoidduplicateliterals" priority="3">
The String literal "foo" appears 6 times in this file; the first occurrence is on line 31
</violation>
<violation beginline="36" endline="39" begincolumn="2" endcolumn="2" rule="JUnitTestContainsTooManyAsserts" ruleset="Best Practices" package="org.junit.platform.engine.support.descriptor" class="MethodSourceTests" method="instantiatingWithEmptyNamesShouldThrowPreconditionViolationException" externalInfoUrl="https://pmd.github.io/pmd/pmd_rules_java_bestpractices.html#junittestcontainstoomanyasserts" priority="3">
Unit tests should not contain more than 1 assert(s).
</violation>
<violation beginline="42" endline="45" begincolumn="2" endcolumn="2" rule="JUnitTestContainsTooManyAsserts" ruleset="Best Practices" package="org.junit.platform.engine.support.descriptor" class="MethodSourceTests" method="instantiatingWithBlankNamesShouldThrowPreconditionViolationException" externalInfoUrl="https://pmd.github.io/pmd/pmd_rules_java_bestpractices.html#junittestcontainstoomanyasserts" priority="3">
Unit tests should not contain more than 1 assert(s).
</violation>
<violation beginline="54" endline="54" begincolumn="3" endcolumn="14" rule="JUnitAssertionsShouldIncludeMessage" ruleset="Best Practices" package="org.junit.platform.engine.support.descriptor" class="MethodSourceTests" method="twoEqualMethodsShouldHaveEqualMethodSourceObjects" externalInfoUrl="https://pmd.github.io/pmd/pmd_rules_java_bestpractices.html#junitassertionsshouldincludemessage" priority="3">
JUnit assertions should include a message
</violation>
<violation beginline="54" endline="54" begincolumn="34" endcolumn="45" rule="AvoidDuplicateLiterals" ruleset="Error Prone" package="org.junit.platform.engine.support.descriptor" class="MethodSourceTests" method="twoEqualMethodsShouldHaveEqualMethodSourceObjects" externalInfoUrl="https://pmd.github.io/pmd/pmd_rules_java_errorprone.html#avoidduplicateliterals" priority="3">
The String literal "TestClass1" appears 17 times in this file; the first occurrence is on line 54
</violation>
<violation beginline="54" endline="54" begincolumn="48" endcolumn="60" rule="AvoidDuplicateLiterals" ruleset="Error Prone" package="org.junit.platform.engine.support.descriptor" class="MethodSourceTests" method="twoEqualMethodsShouldHaveEqualMethodSourceObjects" externalInfoUrl="https://pmd.github.io/pmd/pmd_rules_java_errorprone.html#avoidduplicateliterals" priority="3">
The String literal "testMethod1" appears 16 times in this file; the first occurrence is on line 54
</violation>
<violation beginline="69" endline="69" begincolumn="3" endcolumn="14" rule="JUnitAssertionsShouldIncludeMessage" ruleset="Best Practices" package="org.junit.platform.engine.support.descriptor" class="MethodSourceTests" method="twoEqualMethodSourceObjectsShouldHaveEqualHashCodes" externalInfoUrl="https://pmd.github.io/pmd/pmd_rules_java_bestpractices.html#junitassertionsshouldincludemessage" priority="3">
JUnit assertions should include a message
</violation>
<violation beginline="75" endline="75" begincolumn="3" endcolumn="14" rule="JUnitAssertionsShouldIncludeMessage" ruleset="Best Practices" package="org.junit.platform.engine.support.descriptor" class="MethodSourceTests" method="twoEqualMethodsWithEqualParametersShouldHaveEqualMethodSourceObjects" externalInfoUrl="https://pmd.github.io/pmd/pmd_rules_java_bestpractices.html#junitassertionsshouldincludemessage" priority="3">
JUnit assertions should include a message
</violation>
<violation beginline="75" endline="75" begincolumn="63" endcolumn="75" rule="AvoidDuplicateLiterals" ruleset="Error Prone" package="org.junit.platform.engine.support.descriptor" class="MethodSourceTests" method="twoEqualMethodsWithEqualParametersShouldHaveEqualMethodSourceObjects" externalInfoUrl="https://pmd.github.io/pmd/pmd_rules_java_errorprone.html#avoidduplicateliterals" priority="3">
The String literal "int, String" appears 8 times in this file; the first occurrence is on line 75
</violation>
<violation beginline="93" endline="93" begincolumn="3" endcolumn="14" rule="JUnitAssertionsShouldIncludeMessage" ruleset="Best Practices" package="org.junit.platform.engine.support.descriptor" class="MethodSourceTests" method="twoEqualMethodsWithEqualParametersShouldHaveEqualMethodSourceHashCodes" externalInfoUrl="https://pmd.github.io/pmd/pmd_rules_java_bestpractices.html#junitassertionsshouldincludemessage" priority="3">
JUnit assertions should include a message
</violation>
<violation beginline="104" endline="104" begincolumn="61" endcolumn="69" rule="SignatureDeclareThrowsException" ruleset="Design" package="org.junit.platform.engine.support.descriptor" class="MethodSourceTests" method="aReflectedMethodsClassNameShouldBeConsistent" externalInfoUrl="https://pmd.github.io/pmd/pmd_rules_java_design.html#signaturedeclarethrowsexception" priority="3">
A method/constructor should not explicitly throw java.lang.Exception
</violation>
<violation beginline="105" endline="105" begincolumn="45" endcolumn="53" rule="AvoidDuplicateLiterals" ruleset="Error Prone" package="org.junit.platform.engine.support.descriptor" class="MethodSourceTests" method="aReflectedMethodsClassNameShouldBeConsistent" externalInfoUrl="https://pmd.github.io/pmd/pmd_rules_java_errorprone.html#avoidduplicateliterals" priority="3">
The String literal "valueOf" appears 10 times in this file; the first occurrence is on line 105
</violation>
<violation beginline="107" endline="107" begincolumn="3" endcolumn="14" rule="JUnitAssertionsShouldIncludeMessage" ruleset="Best Practices" package="org.junit.platform.engine.support.descriptor" class="MethodSourceTests" method="aReflectedMethodsClassNameShouldBeConsistent" externalInfoUrl="https://pmd.github.io/pmd/pmd_rules_java_bestpractices.html#junitassertionsshouldincludemessage" priority="3">
JUnit assertions should include a message
</violation>
<violation beginline="111" endline="111" begincolumn="62" endcolumn="70" rule="SignatureDeclareThrowsException" ruleset="Design" package="org.junit.platform.engine.support.descriptor" class="MethodSourceTests" method="aReflectedMethodsMethodNameShouldBeConsistent" externalInfoUrl="https://pmd.github.io/pmd/pmd_rules_java_design.html#signaturedeclarethrowsexception" priority="3">
A method/constructor should not explicitly throw java.lang.Exception
</violation>
<violation beginline="114" endline="114" begincolumn="3" endcolumn="14" rule="JUnitAssertionsShouldIncludeMessage" ruleset="Best Practices" package="org.junit.platform.engine.support.descriptor" class="MethodSourceTests" method="aReflectedMethodsMethodNameShouldBeConsistent" externalInfoUrl="https://pmd.github.io/pmd/pmd_rules_java_bestpractices.html#junitassertionsshouldincludemessage" priority="3">
JUnit assertions should include a message
</violation>
<violation beginline="118" endline="118" begincolumn="66" endcolumn="74" rule="SignatureDeclareThrowsException" ruleset="Design" package="org.junit.platform.engine.support.descriptor" class="MethodSourceTests" method="aReflectedMethodsParameterTypesShouldBeConsistent" externalInfoUrl="https://pmd.github.io/pmd/pmd_rules_java_design.html#signaturedeclarethrowsexception" priority="3">
A method/constructor should not explicitly throw java.lang.Exception
</violation>
<violation beginline="121" endline="121" begincolumn="3" endcolumn="14" rule="JUnitAssertionsShouldIncludeMessage" ruleset="Best Practices" package="org.junit.platform.engine.support.descriptor" class="MethodSourceTests" method="aReflectedMethodsParameterTypesShouldBeConsistent" externalInfoUrl="https://pmd.github.io/pmd/pmd_rules_java_bestpractices.html#junitassertionsshouldincludemessage" priority="3">
JUnit assertions should include a message
</violation>
<violation beginline="125" endline="125" begincolumn="75" endcolumn="83" rule="SignatureDeclareThrowsException" ruleset="Design" package="org.junit.platform.engine.support.descriptor" class="MethodSourceTests" method="twoEqualReflectedMethodsShouldHaveEqualMethodSourceObjects" externalInfoUrl="https://pmd.github.io/pmd/pmd_rules_java_design.html#signaturedeclarethrowsexception" priority="3">
A method/constructor should not explicitly throw java.lang.Exception
</violation>
<violation beginline="129" endline="129" begincolumn="3" endcolumn="14" rule="JUnitAssertionsShouldIncludeMessage" ruleset="Best Practices" package="org.junit.platform.engine.support.descriptor" class="MethodSourceTests" method="twoEqualReflectedMethodsShouldHaveEqualMethodSourceObjects" externalInfoUrl="https://pmd.github.io/pmd/pmd_rules_java_bestpractices.html#junitassertionsshouldincludemessage" priority="3">
JUnit assertions should include a message
</violation>
<violation beginline="133" endline="133" begincolumn="77" endcolumn="85" rule="SignatureDeclareThrowsException" ruleset="Design" package="org.junit.platform.engine.support.descriptor" class="MethodSourceTests" method="twoEqualReflectedMethodsShouldHaveEqualMethodSourceHashCodes" externalInfoUrl="https://pmd.github.io/pmd/pmd_rules_java_design.html#signaturedeclarethrowsexception" priority="3">
A method/constructor should not explicitly throw java.lang.Exception
</violation>
<violation beginline="137" endline="137" begincolumn="3" endcolumn="14" rule="JUnitAssertionsShouldIncludeMessage" ruleset="Best Practices" package="org.junit.platform.engine.support.descriptor" class="MethodSourceTests" method="twoEqualReflectedMethodsShouldHaveEqualMethodSourceHashCodes" externalInfoUrl="https://pmd.github.io/pmd/pmd_rules_java_bestpractices.html#junitassertionsshouldincludemessage" priority="3">
JUnit assertions should include a message
</violation>
<violation beginline="141" endline="141" begincolumn="80" endcolumn="88" rule="SignatureDeclareThrowsException" ruleset="Design" package="org.junit.platform.engine.support.descriptor" class="MethodSourceTests" method="twoUnequalReflectedMethodsShouldNotHaveEqualMethodSourceObjects" externalInfoUrl="https://pmd.github.io/pmd/pmd_rules_java_design.html#signaturedeclarethrowsexception" priority="3">
A method/constructor should not explicitly throw java.lang.Exception
</violation>
<violation beginline="149" endline="149" begincolumn="82" endcolumn="90" rule="SignatureDeclareThrowsException" ruleset="Design" package="org.junit.platform.engine.support.descriptor" class="MethodSourceTests" method="twoUnequalReflectedMethodsShouldNotHaveEqualMethodSourceHashCodes" externalInfoUrl="https://pmd.github.io/pmd/pmd_rules_java_design.html#signaturedeclarethrowsexception" priority="3">
A method/constructor should not explicitly throw java.lang.Exception
</violation>
</file>
<file name="C:\Users\Sokaina\Downloads\Versiones-Junit5\junit5-r5.0.2\platform-tests\src\test\java\org\junit\platform\engine\support\hierarchical\HierarchicalTestExecutorTests.java">
<violation beginline="11" endline="508" begincolumn="1" endcolumn="2" rule="TooManyStaticImports" ruleset="Code Style" package="org.junit.platform.engine.support.hierarchical" class="HierarchicalTestExecutorTests" externalInfoUrl="https://pmd.github.io/pmd/pmd_rules_java_codestyle.html#toomanystaticimports" priority="3">
Too many static imports may lead to messy code
</violation>
<violation beginline="49" endline="49" begincolumn="2" endcolumn="18" rule="DefaultPackage" ruleset="Code Style" package="org.junit.platform.engine.support.hierarchical" class="HierarchicalTestExecutorTests" externalInfoUrl="https://pmd.github.io/pmd/pmd_rules_java_codestyle.html#defaultpackage" priority="3">
Use explicit scoping instead of the default package private level
</violation>
<violation beginline="50" endline="50" begincolumn="2" endcolumn="34" rule="DefaultPackage" ruleset="Code Style" package="org.junit.platform.engine.support.hierarchical" class="HierarchicalTestExecutorTests" externalInfoUrl="https://pmd.github.io/pmd/pmd_rules_java_codestyle.html#defaultpackage" priority="3">
Use explicit scoping instead of the default package private level
</violation>
<violation beginline="51" endline="51" begincolumn="2" endcolumn="38" rule="DefaultPackage" ruleset="Code Style" package="org.junit.platform.engine.support.hierarchical" class="HierarchicalTestExecutorTests" externalInfoUrl="https://pmd.github.io/pmd/pmd_rules_java_codestyle.html#defaultpackage" priority="3">
Use explicit scoping instead of the default package private level
</violation>
<violation beginline="52" endline="52" begincolumn="2" endcolumn="61" rule="DefaultPackage" ruleset="Code Style" package="org.junit.platform.engine.support.hierarchical" class="HierarchicalTestExecutorTests" externalInfoUrl="https://pmd.github.io/pmd/pmd_rules_java_codestyle.html#defaultpackage" priority="3">
Use explicit scoping instead of the default package private level
</violation>
<violation beginline="56" endline="56" begincolumn="44" endcolumn="54" rule="AvoidDuplicateLiterals" ruleset="Error Prone" package="org.junit.platform.engine.support.hierarchical" class="HierarchicalTestExecutorTests" method="init" externalInfoUrl="https://pmd.github.io/pmd/pmd_rules_java_errorprone.html#avoidduplicateliterals" priority="3">
The String literal "container" appears 7 times in this file; the first occurrence is on line 56
</violation>
<violation beginline="64" endline="64" begincolumn="36" endcolumn="44" rule="SignatureDeclareThrowsException" ruleset="Design" package="org.junit.platform.engine.support.hierarchical" class="HierarchicalTestExecutorTests" method="emptyRootDescriptor" externalInfoUrl="https://pmd.github.io/pmd/pmd_rules_java_design.html#signaturedeclarethrowsexception" priority="3">
A method/constructor should not explicitly throw java.lang.Exception
</violation>
<violation beginline="78" endline="79" begincolumn="3" endcolumn="45" rule="UseAssertSameInsteadOfAssertTrue" ruleset="Best Practices" package="org.junit.platform.engine.support.hierarchical" class="HierarchicalTestExecutorTests" method="emptyRootDescriptor" externalInfoUrl="https://pmd.github.io/pmd/pmd_rules_java_bestpractices.html#useassertsameinsteadofasserttrue" priority="3">
Use assertSame(x, y) instead of assertTrue(x==y), or assertNotSame(x,y) vs assertFalse(x==y)
</violation>
<violation beginline="83" endline="83" begincolumn="52" endcolumn="60" rule="SignatureDeclareThrowsException" ruleset="Design" package="org.junit.platform.engine.support.hierarchical" class="HierarchicalTestExecutorTests" method="rootDescriptorWithOneChildContainer" externalInfoUrl="https://pmd.github.io/pmd/pmd_rules_java_design.html#signaturedeclarethrowsexception" priority="3">
A method/constructor should not explicitly throw java.lang.Exception
</violation>
<violation beginline="85" endline="85" begincolumn="70" endcolumn="86" rule="AvoidDuplicateLiterals" ruleset="Error Prone" package="org.junit.platform.engine.support.hierarchical" class="HierarchicalTestExecutorTests" method="rootDescriptorWithOneChildContainer" externalInfoUrl="https://pmd.github.io/pmd/pmd_rules_java_errorprone.html#avoidduplicateliterals" priority="3">
The String literal "child container" appears 7 times in this file; the first occurrence is on line 85
</violation>
<violation beginline="102" endline="103" begincolumn="3" endcolumn="56" rule="UseAssertSameInsteadOfAssertTrue" ruleset="Best Practices" package="org.junit.platform.engine.support.hierarchical" class="HierarchicalTestExecutorTests" method="rootDescriptorWithOneChildContainer" externalInfoUrl="https://pmd.github.io/pmd/pmd_rules_java_bestpractices.html#useassertsameinsteadofasserttrue" priority="3">
Use assertSame(x, y) instead of assertTrue(x==y), or assertNotSame(x,y) vs assertFalse(x==y)
</violation>
<violation beginline="107" endline="107" begincolumn="47" endcolumn="55" rule="SignatureDeclareThrowsException" ruleset="Design" package="org.junit.platform.engine.support.hierarchical" class="HierarchicalTestExecutorTests" method="rootDescriptorWithOneChildLeaf" externalInfoUrl="https://pmd.github.io/pmd/pmd_rules_java_design.html#signaturedeclarethrowsexception" priority="3">
A method/constructor should not explicitly throw java.lang.Exception
</violation>
<violation beginline="109" endline="109" begincolumn="47" endcolumn="52" rule="AvoidDuplicateLiterals" ruleset="Error Prone" package="org.junit.platform.engine.support.hierarchical" class="HierarchicalTestExecutorTests" method="rootDescriptorWithOneChildLeaf" externalInfoUrl="https://pmd.github.io/pmd/pmd_rules_java_errorprone.html#avoidduplicateliterals" priority="3">
The String literal "leaf" appears 10 times in this file; the first occurrence is on line 109
</violation>
<violation beginline="125" endline="126" begincolumn="3" endcolumn="44" rule="UseAssertSameInsteadOfAssertTrue" ruleset="Best Practices" package="org.junit.platform.engine.support.hierarchical" class="HierarchicalTestExecutorTests" method="rootDescriptorWithOneChildLeaf" externalInfoUrl="https://pmd.github.io/pmd/pmd_rules_java_bestpractices.html#useassertsameinsteadofasserttrue" priority="3">
Use assertSame(x, y) instead of assertTrue(x==y), or assertNotSame(x,y) vs assertFalse(x==y)
</violation>
<violation beginline="130" endline="130" begincolumn="35" endcolumn="43" rule="SignatureDeclareThrowsException" ruleset="Design" package="org.junit.platform.engine.support.hierarchical" class="HierarchicalTestExecutorTests" method="skippingAContainer" externalInfoUrl="https://pmd.github.io/pmd/pmd_rules_java_design.html#signaturedeclarethrowsexception" priority="3">
A method/constructor should not explicitly throw java.lang.Exception
</violation>
<violation beginline="133" endline="133" begincolumn="76" endcolumn="84" rule="AvoidDuplicateLiterals" ruleset="Error Prone" package="org.junit.platform.engine.support.hierarchical" class="HierarchicalTestExecutorTests" method="skippingAContainer" externalInfoUrl="https://pmd.github.io/pmd/pmd_rules_java_errorprone.html#avoidduplicateliterals" priority="3">
The String literal "in test" appears 7 times in this file; the first occurrence is on line 133
</violation>
<violation beginline="151" endline="151" begincolumn="30" endcolumn="38" rule="SignatureDeclareThrowsException" ruleset="Design" package="org.junit.platform.engine.support.hierarchical" class="HierarchicalTestExecutorTests" method="skippingALeaf" externalInfoUrl="https://pmd.github.io/pmd/pmd_rules_java_design.html#signaturedeclarethrowsexception" priority="3">
A method/constructor should not explicitly throw java.lang.Exception
</violation>
<violation beginline="172" endline="172" begincolumn="43" endcolumn="51" rule="SignatureDeclareThrowsException" ruleset="Design" package="org.junit.platform.engine.support.hierarchical" class="HierarchicalTestExecutorTests" method="exceptionInShouldBeSkipped" externalInfoUrl="https://pmd.github.io/pmd/pmd_rules_java_design.html#signaturedeclarethrowsexception" priority="3">
A method/constructor should not explicitly throw java.lang.Exception
</violation>
<violation beginline="172" endline="196" begincolumn="2" endcolumn="2" rule="JUnitTestContainsTooManyAsserts" ruleset="Best Practices" package="org.junit.platform.engine.support.hierarchical" class="HierarchicalTestExecutorTests" method="exceptionInShouldBeSkipped" externalInfoUrl="https://pmd.github.io/pmd/pmd_rules_java_bestpractices.html#junittestcontainstoomanyasserts" priority="3">
Unit tests should not contain more than 1 assert(s).
</violation>
<violation beginline="193" endline="194" begincolumn="3" endcolumn="37" rule="UseAssertSameInsteadOfAssertTrue" ruleset="Best Practices" package="org.junit.platform.engine.support.hierarchical" class="HierarchicalTestExecutorTests" method="exceptionInShouldBeSkipped" externalInfoUrl="https://pmd.github.io/pmd/pmd_rules_java_bestpractices.html#useassertsameinsteadofasserttrue" priority="3">
Use assertSame(x, y) instead of assertTrue(x==y), or assertNotSame(x,y) vs assertFalse(x==y)
</violation>
<violation beginline="195" endline="195" begincolumn="3" endcolumn="12" rule="JUnitAssertionsShouldIncludeMessage" ruleset="Best Practices" package="org.junit.platform.engine.support.hierarchical" class="HierarchicalTestExecutorTests" method="exceptionInShouldBeSkipped" externalInfoUrl="https://pmd.github.io/pmd/pmd_rules_java_bestpractices.html#junitassertionsshouldincludemessage" priority="3">
JUnit assertions should include a message
</violation>
<violation beginline="199" endline="199" begincolumn="46" endcolumn="54" rule="SignatureDeclareThrowsException" ruleset="Design" package="org.junit.platform.engine.support.hierarchical" class="HierarchicalTestExecutorTests" method="exceptionInContainerBeforeAll" externalInfoUrl="https://pmd.github.io/pmd/pmd_rules_java_design.html#signaturedeclarethrowsexception" priority="3">
A method/constructor should not explicitly throw java.lang.Exception
</violation>
<violation beginline="199" endline="223" begincolumn="2" endcolumn="2" rule="JUnitTestContainsTooManyAsserts" ruleset="Best Practices" package="org.junit.platform.engine.support.hierarchical" class="HierarchicalTestExecutorTests" method="exceptionInContainerBeforeAll" externalInfoUrl="https://pmd.github.io/pmd/pmd_rules_java_bestpractices.html#junittestcontainstoomanyasserts" priority="3">
Unit tests should not contain more than 1 assert(s).
</violation>
<violation beginline="218" endline="219" begincolumn="3" endcolumn="36" rule="UseAssertSameInsteadOfAssertTrue" ruleset="Best Practices" package="org.junit.platform.engine.support.hierarchical" class="HierarchicalTestExecutorTests" method="exceptionInContainerBeforeAll" externalInfoUrl="https://pmd.github.io/pmd/pmd_rules_java_bestpractices.html#useassertsameinsteadofasserttrue" priority="3">
Use assertSame(x, y) instead of assertTrue(x==y), or assertNotSame(x,y) vs assertFalse(x==y)
</violation>
<violation beginline="220" endline="220" begincolumn="3" endcolumn="12" rule="JUnitAssertionsShouldIncludeMessage" ruleset="Best Practices" package="org.junit.platform.engine.support.hierarchical" class="HierarchicalTestExecutorTests" method="exceptionInContainerBeforeAll" externalInfoUrl="https://pmd.github.io/pmd/pmd_rules_java_bestpractices.html#junitassertionsshouldincludemessage" priority="3">
JUnit assertions should include a message
</violation>
<violation beginline="226" endline="226" begincolumn="45" endcolumn="53" rule="SignatureDeclareThrowsException" ruleset="Design" package="org.junit.platform.engine.support.hierarchical" class="HierarchicalTestExecutorTests" method="exceptionInContainerAfterAll" externalInfoUrl="https://pmd.github.io/pmd/pmd_rules_java_design.html#signaturedeclarethrowsexception" priority="3">
A method/constructor should not explicitly throw java.lang.Exception
</violation>
<violation beginline="226" endline="251" begincolumn="2" endcolumn="2" rule="JUnitTestContainsTooManyAsserts" ruleset="Best Practices" package="org.junit.platform.engine.support.hierarchical" class="HierarchicalTestExecutorTests" method="exceptionInContainerAfterAll" externalInfoUrl="https://pmd.github.io/pmd/pmd_rules_java_bestpractices.html#junittestcontainstoomanyasserts" priority="3">
Unit tests should not contain more than 1 assert(s).
</violation>
<violation beginline="248" endline="249" begincolumn="3" endcolumn="36" rule="UseAssertSameInsteadOfAssertTrue" ruleset="Best Practices" package="org.junit.platform.engine.support.hierarchical" class="HierarchicalTestExecutorTests" method="exceptionInContainerAfterAll" externalInfoUrl="https://pmd.github.io/pmd/pmd_rules_java_bestpractices.html#useassertsameinsteadofasserttrue" priority="3">
Use assertSame(x, y) instead of assertTrue(x==y), or assertNotSame(x,y) vs assertFalse(x==y)
</violation>
<violation beginline="250" endline="250" begincolumn="3" endcolumn="12" rule="JUnitAssertionsShouldIncludeMessage" ruleset="Best Practices" package="org.junit.platform.engine.support.hierarchical" class="HierarchicalTestExecutorTests" method="exceptionInContainerAfterAll" externalInfoUrl="https://pmd.github.io/pmd/pmd_rules_java_bestpractices.html#junitassertionsshouldincludemessage" priority="3">
JUnit assertions should include a message
</violation>
<violation beginline="254" endline="254" begincolumn="39" endcolumn="47" rule="SignatureDeclareThrowsException" ruleset="Design" package="org.junit.platform.engine.support.hierarchical" class="HierarchicalTestExecutorTests" method="exceptionInLeafExecute" externalInfoUrl="https://pmd.github.io/pmd/pmd_rules_java_design.html#signaturedeclarethrowsexception" priority="3">
A method/constructor should not explicitly throw java.lang.Exception
</violation>
<violation beginline="254" endline="277" begincolumn="2" endcolumn="2" rule="JUnitTestContainsTooManyAsserts" ruleset="Best Practices" package="org.junit.platform.engine.support.hierarchical" class="HierarchicalTestExecutorTests" method="exceptionInLeafExecute" externalInfoUrl="https://pmd.github.io/pmd/pmd_rules_java_bestpractices.html#junittestcontainstoomanyasserts" priority="3">
Unit tests should not contain more than 1 assert(s).
</violation>
<violation beginline="274" endline="275" begincolumn="3" endcolumn="37" rule="UseAssertSameInsteadOfAssertTrue" ruleset="Best Practices" package="org.junit.platform.engine.support.hierarchical" class="HierarchicalTestExecutorTests" method="exceptionInLeafExecute" externalInfoUrl="https://pmd.github.io/pmd/pmd_rules_java_bestpractices.html#useassertsameinsteadofasserttrue" priority="3">
Use assertSame(x, y) instead of assertTrue(x==y), or assertNotSame(x,y) vs assertFalse(x==y)
</violation>
<violation beginline="276" endline="276" begincolumn="3" endcolumn="12" rule="JUnitAssertionsShouldIncludeMessage" ruleset="Best Practices" package="org.junit.platform.engine.support.hierarchical" class="HierarchicalTestExecutorTests" method="exceptionInLeafExecute" externalInfoUrl="https://pmd.github.io/pmd/pmd_rules_java_bestpractices.html#junitassertionsshouldincludemessage" priority="3">
JUnit assertions should include a message
</violation>
<violation beginline="280" endline="280" begincolumn="42" endcolumn="50" rule="SignatureDeclareThrowsException" ruleset="Design" package="org.junit.platform.engine.support.hierarchical" class="HierarchicalTestExecutorTests" method="abortInContainerBeforeAll" externalInfoUrl="https://pmd.github.io/pmd/pmd_rules_java_design.html#signaturedeclarethrowsexception" priority="3">
A method/constructor should not explicitly throw java.lang.Exception
</violation>
<violation beginline="280" endline="304" begincolumn="2" endcolumn="2" rule="JUnitTestContainsTooManyAsserts" ruleset="Best Practices" package="org.junit.platform.engine.support.hierarchical" class="HierarchicalTestExecutorTests" method="abortInContainerBeforeAll" externalInfoUrl="https://pmd.github.io/pmd/pmd_rules_java_bestpractices.html#junittestcontainstoomanyasserts" priority="3">
Unit tests should not contain more than 1 assert(s).
</violation>
<violation beginline="299" endline="300" begincolumn="3" endcolumn="37" rule="UseAssertSameInsteadOfAssertTrue" ruleset="Best Practices" package="org.junit.platform.engine.support.hierarchical" class="HierarchicalTestExecutorTests" method="abortInContainerBeforeAll" externalInfoUrl="https://pmd.github.io/pmd/pmd_rules_java_bestpractices.html#useassertsameinsteadofasserttrue" priority="3">
Use assertSame(x, y) instead of assertTrue(x==y), or assertNotSame(x,y) vs assertFalse(x==y)
</violation>
<violation beginline="301" endline="301" begincolumn="3" endcolumn="12" rule="JUnitAssertionsShouldIncludeMessage" ruleset="Best Practices" package="org.junit.platform.engine.support.hierarchical" class="HierarchicalTestExecutorTests" method="abortInContainerBeforeAll" externalInfoUrl="https://pmd.github.io/pmd/pmd_rules_java_bestpractices.html#junitassertionsshouldincludemessage" priority="3">
JUnit assertions should include a message
</violation>
<violation beginline="307" endline="307" begincolumn="35" endcolumn="43" rule="SignatureDeclareThrowsException" ruleset="Design" package="org.junit.platform.engine.support.hierarchical" class="HierarchicalTestExecutorTests" method="abortInLeafExecute" externalInfoUrl="https://pmd.github.io/pmd/pmd_rules_java_design.html#signaturedeclarethrowsexception" priority="3">
A method/constructor should not explicitly throw java.lang.Exception
</violation>
<violation beginline="307" endline="330" begincolumn="2" endcolumn="2" rule="JUnitTestContainsTooManyAsserts" ruleset="Best Practices" package="org.junit.platform.engine.support.hierarchical" class="HierarchicalTestExecutorTests" method="abortInLeafExecute" externalInfoUrl="https://pmd.github.io/pmd/pmd_rules_java_bestpractices.html#junittestcontainstoomanyasserts" priority="3">
Unit tests should not contain more than 1 assert(s).
</violation>
<violation beginline="327" endline="328" begincolumn="3" endcolumn="38" rule="UseAssertSameInsteadOfAssertTrue" ruleset="Best Practices" package="org.junit.platform.engine.support.hierarchical" class="HierarchicalTestExecutorTests" method="abortInLeafExecute" externalInfoUrl="https://pmd.github.io/pmd/pmd_rules_java_bestpractices.html#useassertsameinsteadofasserttrue" priority="3">
Use assertSame(x, y) instead of assertTrue(x==y), or assertNotSame(x,y) vs assertFalse(x==y)
</violation>
<violation beginline="329" endline="329" begincolumn="3" endcolumn="12" rule="JUnitAssertionsShouldIncludeMessage" ruleset="Best Practices" package="org.junit.platform.engine.support.hierarchical" class="HierarchicalTestExecutorTests" method="abortInLeafExecute" externalInfoUrl="https://pmd.github.io/pmd/pmd_rules_java_bestpractices.html#junitassertionsshouldincludemessage" priority="3">
JUnit assertions should include a message
</violation>
<violation beginline="333" endline="333" begincolumn="47" endcolumn="55" rule="SignatureDeclareThrowsException" ruleset="Design" package="org.junit.platform.engine.support.hierarchical" class="HierarchicalTestExecutorTests" method="executesDynamicTestDescriptors" externalInfoUrl="https://pmd.github.io/pmd/pmd_rules_java_design.html#signaturedeclarethrowsexception" priority="3">
A method/constructor should not explicitly throw java.lang.Exception
</violation>
<violation beginline="365" endline="365" begincolumn="3" endcolumn="12" rule="JUnitAssertionsShouldIncludeMessage" ruleset="Best Practices" package="org.junit.platform.engine.support.hierarchical" class="HierarchicalTestExecutorTests" method="executesDynamicTestDescriptors" externalInfoUrl="https://pmd.github.io/pmd/pmd_rules_java_bestpractices.html#junitassertionsshouldincludemessage" priority="3">
JUnit assertions should include a message
</violation>
<violation beginline="370" endline="370" begincolumn="72" endcolumn="80" rule="SignatureDeclareThrowsException" ruleset="Design" package="org.junit.platform.engine.support.hierarchical" class="HierarchicalTestExecutorTests" method="executesDynamicTestDescriptorsUsingContainerAndTestType" externalInfoUrl="https://pmd.github.io/pmd/pmd_rules_java_design.html#signaturedeclarethrowsexception" priority="3">
A method/constructor should not explicitly throw java.lang.Exception
</violation>
<violation beginline="418" endline="418" begincolumn="25" endcolumn="71" rule="UnusedPrivateMethod" ruleset="Best Practices" package="org.junit.platform.engine.support.hierarchical" class="HierarchicalTestExecutorTests" method="registerAndExecute" externalInfoUrl="https://pmd.github.io/pmd/pmd_rules_java_bestpractices.html#unusedprivatemethod" priority="3">
Avoid unused private methods such as 'registerAndExecute(TestDescriptor)'.
</violation>
<violation beginline="430" endline="430" begincolumn="50" endcolumn="58" rule="SignatureDeclareThrowsException" ruleset="Design" package="org.junit.platform.engine.support.hierarchical" class="HierarchicalTestExecutorTests" method="outOfMemoryErrorInShouldBeSkipped" externalInfoUrl="https://pmd.github.io/pmd/pmd_rules_java_design.html#signaturedeclarethrowsexception" priority="3">
A method/constructor should not explicitly throw java.lang.Exception
</violation>
<violation beginline="430" endline="438" begincolumn="2" endcolumn="2" rule="JUnitTestContainsTooManyAsserts" ruleset="Best Practices" package="org.junit.platform.engine.support.hierarchical" class="HierarchicalTestExecutorTests" method="outOfMemoryErrorInShouldBeSkipped" externalInfoUrl="https://pmd.github.io/pmd/pmd_rules_java_bestpractices.html#junittestcontainstoomanyasserts" priority="3">
Unit tests should not contain more than 1 assert(s).
</violation>
<violation beginline="437" endline="437" begincolumn="3" endcolumn="12" rule="JUnitAssertionsShouldIncludeMessage" ruleset="Best Practices" package="org.junit.platform.engine.support.hierarchical" class="HierarchicalTestExecutorTests" method="outOfMemoryErrorInShouldBeSkipped" externalInfoUrl="https://pmd.github.io/pmd/pmd_rules_java_bestpractices.html#junitassertionsshouldincludemessage" priority="3">
JUnit assertions should include a message
</violation>
<violation beginline="444" endline="444" begincolumn="48" endcolumn="56" rule="SignatureDeclareThrowsException" ruleset="Design" package="org.junit.platform.engine.support.hierarchical" class="HierarchicalTestExecutorTests" method="outOfMemoryErrorInLeafExecution" externalInfoUrl="https://pmd.github.io/pmd/pmd_rules_java_design.html#signaturedeclarethrowsexception" priority="3">
A method/constructor should not explicitly throw java.lang.Exception
</violation>
<violation beginline="444" endline="452" begincolumn="2" endcolumn="2" rule="JUnitTestContainsTooManyAsserts" ruleset="Best Practices" package="org.junit.platform.engine.support.hierarchical" class="HierarchicalTestExecutorTests" method="outOfMemoryErrorInLeafExecution" externalInfoUrl="https://pmd.github.io/pmd/pmd_rules_java_bestpractices.html#junittestcontainstoomanyasserts" priority="3">
Unit tests should not contain more than 1 assert(s).
</violation>
<violation beginline="451" endline="451" begincolumn="3" endcolumn="12" rule="JUnitAssertionsShouldIncludeMessage" ruleset="Best Practices" package="org.junit.platform.engine.support.hierarchical" class="HierarchicalTestExecutorTests" method="outOfMemoryErrorInLeafExecution" externalInfoUrl="https://pmd.github.io/pmd/pmd_rules_java_bestpractices.html#junitassertionsshouldincludemessage" priority="3">
JUnit assertions should include a message
</violation>
</file>
<file name="C:\Users\Sokaina\Downloads\Versiones-Junit5\junit5-r5.0.2\platform-tests\src\test\java\org\junit\platform\engine\support\hierarchical\SingleTestExecutorTests.java">
<violation beginline="11" endline="62" begincolumn="1" endcolumn="2" rule="TooManyStaticImports" ruleset="Code Style" package="org.junit.platform.engine.support.hierarchical" class="SingleTestExecutorTests" externalInfoUrl="https://pmd.github.io/pmd/pmd_rules_java_codestyle.html#toomanystaticimports" priority="3">
Too many static imports may lead to messy code
</violation>
<violation beginline="31" endline="37" begincolumn="2" endcolumn="2" rule="JUnitTestContainsTooManyAsserts" ruleset="Best Practices" package="org.junit.platform.engine.support.hierarchical" class="SingleTestExecutorTests" method="executeSafelySuccessful" externalInfoUrl="https://pmd.github.io/pmd/pmd_rules_java_bestpractices.html#junittestcontainstoomanyasserts" priority="3">
Unit tests should not contain more than 1 assert(s).
</violation>
<violation beginline="35" endline="35" begincolumn="3" endcolumn="14" rule="JUnitAssertionsShouldIncludeMessage" ruleset="Best Practices" package="org.junit.platform.engine.support.hierarchical" class="SingleTestExecutorTests" method="executeSafelySuccessful" externalInfoUrl="https://pmd.github.io/pmd/pmd_rules_java_bestpractices.html#junitassertionsshouldincludemessage" priority="3">
JUnit assertions should include a message
</violation>
<violation beginline="36" endline="36" begincolumn="3" endcolumn="14" rule="JUnitAssertionsShouldIncludeMessage" ruleset="Best Practices" package="org.junit.platform.engine.support.hierarchical" class="SingleTestExecutorTests" method="executeSafelySuccessful" externalInfoUrl="https://pmd.github.io/pmd/pmd_rules_java_bestpractices.html#junitassertionsshouldincludemessage" priority="3">
JUnit assertions should include a message
</violation>
<violation beginline="40" endline="49" begincolumn="2" endcolumn="2" rule="JUnitTestContainsTooManyAsserts" ruleset="Best Practices" package="org.junit.platform.engine.support.hierarchical" class="SingleTestExecutorTests" method="executeSafelyAborted" externalInfoUrl="https://pmd.github.io/pmd/pmd_rules_java_bestpractices.html#junittestcontainstoomanyasserts" priority="3">
Unit tests should not contain more than 1 assert(s).
</violation>
<violation beginline="47" endline="47" begincolumn="3" endcolumn="14" rule="JUnitAssertionsShouldIncludeMessage" ruleset="Best Practices" package="org.junit.platform.engine.support.hierarchical" class="SingleTestExecutorTests" method="executeSafelyAborted" externalInfoUrl="https://pmd.github.io/pmd/pmd_rules_java_bestpractices.html#junitassertionsshouldincludemessage" priority="3">
JUnit assertions should include a message
</violation>
<violation beginline="48" endline="48" begincolumn="3" endcolumn="12" rule="JUnitAssertionsShouldIncludeMessage" ruleset="Best Practices" package="org.junit.platform.engine.support.hierarchical" class="SingleTestExecutorTests" method="executeSafelyAborted" externalInfoUrl="https://pmd.github.io/pmd/pmd_rules_java_bestpractices.html#junitassertionsshouldincludemessage" priority="3">
JUnit assertions should include a message
</violation>
<violation beginline="52" endline="61" begincolumn="2" endcolumn="2" rule="JUnitTestContainsTooManyAsserts" ruleset="Best Practices" package="org.junit.platform.engine.support.hierarchical" class="SingleTestExecutorTests" method="executeSafelyFailed" externalInfoUrl="https://pmd.github.io/pmd/pmd_rules_java_bestpractices.html#junittestcontainstoomanyasserts" priority="3">
Unit tests should not contain more than 1 assert(s).
</violation>
<violation beginline="59" endline="59" begincolumn="3" endcolumn="14" rule="JUnitAssertionsShouldIncludeMessage" ruleset="Best Practices" package="org.junit.platform.engine.support.hierarchical" class="SingleTestExecutorTests" method="executeSafelyFailed" externalInfoUrl="https://pmd.github.io/pmd/pmd_rules_java_bestpractices.html#junitassertionsshouldincludemessage" priority="3">
JUnit assertions should include a message
</violation>
<violation beginline="60" endline="60" begincolumn="3" endcolumn="12" rule="JUnitAssertionsShouldIncludeMessage" ruleset="Best Practices" package="org.junit.platform.engine.support.hierarchical" class="SingleTestExecutorTests" method="executeSafelyFailed" externalInfoUrl="https://pmd.github.io/pmd/pmd_rules_java_bestpractices.html#junitassertionsshouldincludemessage" priority="3">
JUnit assertions should include a message
</violation>
</file>
<file name="C:\Users\Sokaina\Downloads\Versiones-Junit5\junit5-r5.0.2\platform-tests\src\test\java\org\junit\platform\launcher\FilterStub.java">
<violation beginline="25" endline="25" begincolumn="16" endcolumn="41" rule="AvoidFieldNameMatchingMethodName" ruleset="Error Prone" package="org.junit.platform.launcher" class="FilterStub" variable="VariableDeclaratorId" externalInfoUrl="https://pmd.github.io/pmd/pmd_rules_java_errorprone.html#avoidfieldnamematchingmethodname" priority="3">
Field toString has the same name as a method
</violation>
</file>
<file name="C:\Users\Sokaina\Downloads\Versiones-Junit5\junit5-r5.0.2\platform-tests\src\test\java\org\junit\platform\launcher\TagFilterTests.java">
<violation beginline="11" endline="195" begincolumn="1" endcolumn="2" rule="TooManyStaticImports" ruleset="Code Style" package="org.junit.platform.launcher" class="TagFilterTests" externalInfoUrl="https://pmd.github.io/pmd/pmd_rules_java_codestyle.html#toomanystaticimports" priority="3">
Too many static imports may lead to messy code
</violation>
<violation beginline="51" endline="60" begincolumn="2" endcolumn="2" rule="JUnitTestContainsTooManyAsserts" ruleset="Best Practices" package="org.junit.platform.launcher" class="TagFilterTests" method="includeTagsWithInvalidSyntax" externalInfoUrl="https://pmd.github.io/pmd/pmd_rules_java_bestpractices.html#junittestcontainstoomanyasserts" priority="3">
Unit tests should not contain more than 1 assert(s).
</violation>
<violation beginline="69" endline="78" begincolumn="2" endcolumn="2" rule="JUnitTestContainsTooManyAsserts" ruleset="Best Practices" package="org.junit.platform.launcher" class="TagFilterTests" method="excludeTagsWithInvalidSyntax" externalInfoUrl="https://pmd.github.io/pmd/pmd_rules_java_bestpractices.html#junittestcontainstoomanyasserts" priority="3">
Unit tests should not contain more than 1 assert(s).
</violation>
<violation beginline="87" endline="89" begincolumn="2" endcolumn="2" rule="JUnitTestsShouldIncludeAssert" ruleset="Best Practices" package="org.junit.platform.launcher" class="TagFilterTests" method="includeSingleTag" externalInfoUrl="https://pmd.github.io/pmd/pmd_rules_java_bestpractices.html#junittestsshouldincludeassert" priority="3">
JUnit tests should include assert() or fail()
</violation>
<violation beginline="88" endline="88" begincolumn="32" endcolumn="37" rule="AvoidDuplicateLiterals" ruleset="Error Prone" package="org.junit.platform.launcher" class="TagFilterTests" method="includeSingleTag" externalInfoUrl="https://pmd.github.io/pmd/pmd_rules_java_errorprone.html#avoidduplicateliterals" priority="3">
The String literal "tag1" appears 5 times in this file; the first occurrence is on line 88
</violation>
<violation beginline="92" endline="94" begincolumn="2" endcolumn="2" rule="JUnitTestsShouldIncludeAssert" ruleset="Best Practices" package="org.junit.platform.launcher" class="TagFilterTests" method="includeSingleTagAndWhitespace" externalInfoUrl="https://pmd.github.io/pmd/pmd_rules_java_bestpractices.html#junittestsshouldincludeassert" priority="3">
JUnit tests should include assert() or fail()
</violation>
<violation beginline="97" endline="107" begincolumn="2" endcolumn="2" rule="JUnitTestContainsTooManyAsserts" ruleset="Best Practices" package="org.junit.platform.launcher" class="TagFilterTests" method="includeMultipleTags" externalInfoUrl="https://pmd.github.io/pmd/pmd_rules_java_bestpractices.html#junittestcontainstoomanyasserts" priority="3">
Unit tests should not contain more than 1 assert(s).
</violation>
<violation beginline="100" endline="100" begincolumn="3" endcolumn="12" rule="JUnitAssertionsShouldIncludeMessage" ruleset="Best Practices" package="org.junit.platform.launcher" class="TagFilterTests" method="includeMultipleTags" externalInfoUrl="https://pmd.github.io/pmd/pmd_rules_java_bestpractices.html#junitassertionsshouldincludemessage" priority="3">
JUnit assertions should include a message
</violation>
<violation beginline="101" endline="101" begincolumn="3" endcolumn="12" rule="JUnitAssertionsShouldIncludeMessage" ruleset="Best Practices" package="org.junit.platform.launcher" class="TagFilterTests" method="includeMultipleTags" externalInfoUrl="https://pmd.github.io/pmd/pmd_rules_java_bestpractices.html#junitassertionsshouldincludemessage" priority="3">
JUnit assertions should include a message
</violation>
<violation beginline="102" endline="102" begincolumn="3" endcolumn="12" rule="JUnitAssertionsShouldIncludeMessage" ruleset="Best Practices" package="org.junit.platform.launcher" class="TagFilterTests" method="includeMultipleTags" externalInfoUrl="https://pmd.github.io/pmd/pmd_rules_java_bestpractices.html#junitassertionsshouldincludemessage" priority="3">
JUnit assertions should include a message
</violation>
<violation beginline="103" endline="103" begincolumn="3" endcolumn="12" rule="JUnitAssertionsShouldIncludeMessage" ruleset="Best Practices" package="org.junit.platform.launcher" class="TagFilterTests" method="includeMultipleTags" externalInfoUrl="https://pmd.github.io/pmd/pmd_rules_java_bestpractices.html#junitassertionsshouldincludemessage" priority="3">
JUnit assertions should include a message
</violation>
<violation beginline="105" endline="105" begincolumn="3" endcolumn="12" rule="JUnitAssertionsShouldIncludeMessage" ruleset="Best Practices" package="org.junit.platform.launcher" class="TagFilterTests" method="includeMultipleTags" externalInfoUrl="https://pmd.github.io/pmd/pmd_rules_java_bestpractices.html#junitassertionsshouldincludemessage" priority="3">
JUnit assertions should include a message
</violation>
<violation beginline="106" endline="106" begincolumn="3" endcolumn="12" rule="JUnitAssertionsShouldIncludeMessage" ruleset="Best Practices" package="org.junit.platform.launcher" class="TagFilterTests" method="includeMultipleTags" externalInfoUrl="https://pmd.github.io/pmd/pmd_rules_java_bestpractices.html#junitassertionsshouldincludemessage" priority="3">
JUnit assertions should include a message
</violation>
<violation beginline="110" endline="112" begincolumn="2" endcolumn="2" rule="JUnitTestsShouldIncludeAssert" ruleset="Best Practices" package="org.junit.platform.launcher" class="TagFilterTests" method="excludeSingleTag" externalInfoUrl="https://pmd.github.io/pmd/pmd_rules_java_bestpractices.html#junittestsshouldincludeassert" priority="3">
JUnit tests should include assert() or fail()
</violation>
<violation beginline="115" endline="117" begincolumn="2" endcolumn="2" rule="JUnitTestsShouldIncludeAssert" ruleset="Best Practices" package="org.junit.platform.launcher" class="TagFilterTests" method="excludeSingleTagAndWhitespace" externalInfoUrl="https://pmd.github.io/pmd/pmd_rules_java_bestpractices.html#junittestsshouldincludeassert" priority="3">
JUnit tests should include assert() or fail()
</violation>
<violation beginline="120" endline="130" begincolumn="2" endcolumn="2" rule="JUnitTestContainsTooManyAsserts" ruleset="Best Practices" package="org.junit.platform.launcher" class="TagFilterTests" method="excludeMultipleTags" externalInfoUrl="https://pmd.github.io/pmd/pmd_rules_java_bestpractices.html#junittestcontainstoomanyasserts" priority="3">
Unit tests should not contain more than 1 assert(s).
</violation>
<violation beginline="123" endline="123" begincolumn="3" endcolumn="12" rule="JUnitAssertionsShouldIncludeMessage" ruleset="Best Practices" package="org.junit.platform.launcher" class="TagFilterTests" method="excludeMultipleTags" externalInfoUrl="https://pmd.github.io/pmd/pmd_rules_java_bestpractices.html#junitassertionsshouldincludemessage" priority="3">
JUnit assertions should include a message
</violation>
<violation beginline="124" endline="124" begincolumn="3" endcolumn="12" rule="JUnitAssertionsShouldIncludeMessage" ruleset="Best Practices" package="org.junit.platform.launcher" class="TagFilterTests" method="excludeMultipleTags" externalInfoUrl="https://pmd.github.io/pmd/pmd_rules_java_bestpractices.html#junitassertionsshouldincludemessage" priority="3">
JUnit assertions should include a message
</violation>
<violation beginline="125" endline="125" begincolumn="3" endcolumn="12" rule="JUnitAssertionsShouldIncludeMessage" ruleset="Best Practices" package="org.junit.platform.launcher" class="TagFilterTests" method="excludeMultipleTags" externalInfoUrl="https://pmd.github.io/pmd/pmd_rules_java_bestpractices.html#junitassertionsshouldincludemessage" priority="3">
JUnit assertions should include a message
</violation>
<violation beginline="126" endline="126" begincolumn="3" endcolumn="12" rule="JUnitAssertionsShouldIncludeMessage" ruleset="Best Practices" package="org.junit.platform.launcher" class="TagFilterTests" method="excludeMultipleTags" externalInfoUrl="https://pmd.github.io/pmd/pmd_rules_java_bestpractices.html#junitassertionsshouldincludemessage" priority="3">
JUnit assertions should include a message
</violation>
<violation beginline="128" endline="128" begincolumn="3" endcolumn="12" rule="JUnitAssertionsShouldIncludeMessage" ruleset="Best Practices" package="org.junit.platform.launcher" class="TagFilterTests" method="excludeMultipleTags" externalInfoUrl="https://pmd.github.io/pmd/pmd_rules_java_bestpractices.html#junitassertionsshouldincludemessage" priority="3">
JUnit assertions should include a message
</violation>
<violation beginline="129" endline="129" begincolumn="3" endcolumn="12" rule="JUnitAssertionsShouldIncludeMessage" ruleset="Best Practices" package="org.junit.platform.launcher" class="TagFilterTests" method="excludeMultipleTags" externalInfoUrl="https://pmd.github.io/pmd/pmd_rules_java_bestpractices.html#junitassertionsshouldincludemessage" priority="3">
JUnit assertions should include a message
</violation>
<violation beginline="133" endline="133" begincolumn="3" endcolumn="12" rule="JUnitAssertionsShouldIncludeMessage" ruleset="Best Practices" package="org.junit.platform.launcher" class="TagFilterTests" method="includeSingleTag" externalInfoUrl="https://pmd.github.io/pmd/pmd_rules_java_bestpractices.html#junitassertionsshouldincludemessage" priority="3">
JUnit assertions should include a message
</violation>
<violation beginline="134" endline="134" begincolumn="3" endcolumn="12" rule="JUnitAssertionsShouldIncludeMessage" ruleset="Best Practices" package="org.junit.platform.launcher" class="TagFilterTests" method="includeSingleTag" externalInfoUrl="https://pmd.github.io/pmd/pmd_rules_java_bestpractices.html#junitassertionsshouldincludemessage" priority="3">
JUnit assertions should include a message
</violation>
<violation beginline="135" endline="135" begincolumn="3" endcolumn="12" rule="JUnitAssertionsShouldIncludeMessage" ruleset="Best Practices" package="org.junit.platform.launcher" class="TagFilterTests" method="includeSingleTag" externalInfoUrl="https://pmd.github.io/pmd/pmd_rules_java_bestpractices.html#junitassertionsshouldincludemessage" priority="3">
JUnit assertions should include a message
</violation>
<violation beginline="137" endline="137" begincolumn="3" endcolumn="12" rule="JUnitAssertionsShouldIncludeMessage" ruleset="Best Practices" package="org.junit.platform.launcher" class="TagFilterTests" method="includeSingleTag" externalInfoUrl="https://pmd.github.io/pmd/pmd_rules_java_bestpractices.html#junitassertionsshouldincludemessage" priority="3">
JUnit assertions should include a message
</violation>
<violation beginline="138" endline="138" begincolumn="3" endcolumn="12" rule="JUnitAssertionsShouldIncludeMessage" ruleset="Best Practices" package="org.junit.platform.launcher" class="TagFilterTests" method="includeSingleTag" externalInfoUrl="https://pmd.github.io/pmd/pmd_rules_java_bestpractices.html#junitassertionsshouldincludemessage" priority="3">
JUnit assertions should include a message
</violation>
<violation beginline="139" endline="139" begincolumn="3" endcolumn="12" rule="JUnitAssertionsShouldIncludeMessage" ruleset="Best Practices" package="org.junit.platform.launcher" class="TagFilterTests" method="includeSingleTag" externalInfoUrl="https://pmd.github.io/pmd/pmd_rules_java_bestpractices.html#junitassertionsshouldincludemessage" priority="3">
JUnit assertions should include a message
</violation>
<violation beginline="143" endline="143" begincolumn="3" endcolumn="12" rule="JUnitAssertionsShouldIncludeMessage" ruleset="Best Practices" package="org.junit.platform.launcher" class="TagFilterTests" method="excludeSingleTag" externalInfoUrl="https://pmd.github.io/pmd/pmd_rules_java_bestpractices.html#junitassertionsshouldincludemessage" priority="3">
JUnit assertions should include a message
</violation>
<violation beginline="144" endline="144" begincolumn="3" endcolumn="12" rule="JUnitAssertionsShouldIncludeMessage" ruleset="Best Practices" package="org.junit.platform.launcher" class="TagFilterTests" method="excludeSingleTag" externalInfoUrl="https://pmd.github.io/pmd/pmd_rules_java_bestpractices.html#junitassertionsshouldincludemessage" priority="3">
JUnit assertions should include a message
</violation>
<violation beginline="145" endline="145" begincolumn="3" endcolumn="12" rule="JUnitAssertionsShouldIncludeMessage" ruleset="Best Practices" package="org.junit.platform.launcher" class="TagFilterTests" method="excludeSingleTag" externalInfoUrl="https://pmd.github.io/pmd/pmd_rules_java_bestpractices.html#junitassertionsshouldincludemessage" priority="3">
JUnit assertions should include a message
</violation>
<violation beginline="147" endline="147" begincolumn="3" endcolumn="12" rule="JUnitAssertionsShouldIncludeMessage" ruleset="Best Practices" package="org.junit.platform.launcher" class="TagFilterTests" method="excludeSingleTag" externalInfoUrl="https://pmd.github.io/pmd/pmd_rules_java_bestpractices.html#junitassertionsshouldincludemessage" priority="3">
JUnit assertions should include a message
</violation>
<violation beginline="148" endline="148" begincolumn="3" endcolumn="12" rule="JUnitAssertionsShouldIncludeMessage" ruleset="Best Practices" package="org.junit.platform.launcher" class="TagFilterTests" method="excludeSingleTag" externalInfoUrl="https://pmd.github.io/pmd/pmd_rules_java_bestpractices.html#junitassertionsshouldincludemessage" priority="3">
JUnit assertions should include a message
</violation>
<violation beginline="149" endline="149" begincolumn="3" endcolumn="12" rule="JUnitAssertionsShouldIncludeMessage" ruleset="Best Practices" package="org.junit.platform.launcher" class="TagFilterTests" method="excludeSingleTag" externalInfoUrl="https://pmd.github.io/pmd/pmd_rules_java_bestpractices.html#junitassertionsshouldincludemessage" priority="3">
JUnit assertions should include a message
</violation>
</file>
<file name="C:\Users\Sokaina\Downloads\Versiones-Junit5\junit5-r5.0.2\platform-tests\src\test\java\org\junit\platform\launcher\TestIdentifierTests.java">
<violation beginline="11" endline="73" begincolumn="1" endcolumn="2" rule="TooManyStaticImports" ruleset="Code Style" package="org.junit.platform.launcher" class="TestIdentifierTests" externalInfoUrl="https://pmd.github.io/pmd/pmd_rules_java_codestyle.html#toomanystaticimports" priority="3">
Too many static imports may lead to messy code
</violation>
<violation beginline="33" endline="39" begincolumn="2" endcolumn="2" rule="JUnitTestContainsTooManyAsserts" ruleset="Best Practices" package="org.junit.platform.launcher" class="TestIdentifierTests" method="inheritsIdAndNamesFromDescriptor" externalInfoUrl="https://pmd.github.io/pmd/pmd_rules_java_bestpractices.html#junittestcontainstoomanyasserts" priority="3">
Unit tests should not contain more than 1 assert(s).
</violation>
<violation beginline="34" endline="34" begincolumn="94" endcolumn="106" rule="AvoidDuplicateLiterals" ruleset="Error Prone" package="org.junit.platform.launcher" class="TestIdentifierTests" method="inheritsIdAndNamesFromDescriptor" externalInfoUrl="https://pmd.github.io/pmd/pmd_rules_java_errorprone.html#avoidduplicateliterals" priority="3">
The String literal "displayName" appears 6 times in this file; the first occurrence is on line 34
</violation>
<violation beginline="34" endline="34" begincolumn="81" endcolumn="90" rule="AvoidDuplicateLiterals" ruleset="Error Prone" package="org.junit.platform.launcher" class="TestIdentifierTests" method="inheritsIdAndNamesFromDescriptor" externalInfoUrl="https://pmd.github.io/pmd/pmd_rules_java_errorprone.html#avoidduplicateliterals" priority="3">
The String literal "uniqueId" appears 5 times in this file; the first occurrence is on line 34
</violation>
<violation beginline="37" endline="37" begincolumn="3" endcolumn="14" rule="JUnitAssertionsShouldIncludeMessage" ruleset="Best Practices" package="org.junit.platform.launcher" class="TestIdentifierTests" method="inheritsIdAndNamesFromDescriptor" externalInfoUrl="https://pmd.github.io/pmd/pmd_rules_java_bestpractices.html#junitassertionsshouldincludemessage" priority="3">
JUnit assertions should include a message
</violation>
<violation beginline="38" endline="38" begincolumn="3" endcolumn="14" rule="JUnitAssertionsShouldIncludeMessage" ruleset="Best Practices" package="org.junit.platform.launcher" class="TestIdentifierTests" method="inheritsIdAndNamesFromDescriptor" externalInfoUrl="https://pmd.github.io/pmd/pmd_rules_java_bestpractices.html#junitassertionsshouldincludemessage" priority="3">
JUnit assertions should include a message
</violation>
<violation beginline="42" endline="54" begincolumn="2" endcolumn="2" rule="JUnitTestContainsTooManyAsserts" ruleset="Best Practices" package="org.junit.platform.launcher" class="TestIdentifierTests" method="inheritsTypeFromDescriptor" externalInfoUrl="https://pmd.github.io/pmd/pmd_rules_java_bestpractices.html#junittestcontainstoomanyasserts" priority="3">
Unit tests should not contain more than 1 assert(s).
</violation>
<violation beginline="45" endline="45" begincolumn="3" endcolumn="14" rule="JUnitAssertionsShouldIncludeMessage" ruleset="Best Practices" package="org.junit.platform.launcher" class="TestIdentifierTests" method="inheritsTypeFromDescriptor" externalInfoUrl="https://pmd.github.io/pmd/pmd_rules_java_bestpractices.html#junitassertionsshouldincludemessage" priority="3">
JUnit assertions should include a message
</violation>
<violation beginline="46" endline="46" begincolumn="3" endcolumn="12" rule="JUnitAssertionsShouldIncludeMessage" ruleset="Best Practices" package="org.junit.platform.launcher" class="TestIdentifierTests" method="inheritsTypeFromDescriptor" externalInfoUrl="https://pmd.github.io/pmd/pmd_rules_java_bestpractices.html#junitassertionsshouldincludemessage" priority="3">
JUnit assertions should include a message
</violation>
<violation beginline="47" endline="47" begincolumn="3" endcolumn="13" rule="JUnitAssertionsShouldIncludeMessage" ruleset="Best Practices" package="org.junit.platform.launcher" class="TestIdentifierTests" method="inheritsTypeFromDescriptor" externalInfoUrl="https://pmd.github.io/pmd/pmd_rules_java_bestpractices.html#junitassertionsshouldincludemessage" priority="3">
JUnit assertions should include a message
</violation>
<violation beginline="51" endline="51" begincolumn="3" endcolumn="14" rule="JUnitAssertionsShouldIncludeMessage" ruleset="Best Practices" package="org.junit.platform.launcher" class="TestIdentifierTests" method="inheritsTypeFromDescriptor" externalInfoUrl="https://pmd.github.io/pmd/pmd_rules_java_bestpractices.html#junitassertionsshouldincludemessage" priority="3">
JUnit assertions should include a message
</violation>
<violation beginline="52" endline="52" begincolumn="3" endcolumn="13" rule="JUnitAssertionsShouldIncludeMessage" ruleset="Best Practices" package="org.junit.platform.launcher" class="TestIdentifierTests" method="inheritsTypeFromDescriptor" externalInfoUrl="https://pmd.github.io/pmd/pmd_rules_java_bestpractices.html#junitassertionsshouldincludemessage" priority="3">
JUnit assertions should include a message
</violation>
<violation beginline="53" endline="53" begincolumn="3" endcolumn="12" rule="JUnitAssertionsShouldIncludeMessage" ruleset="Best Practices" package="org.junit.platform.launcher" class="TestIdentifierTests" method="inheritsTypeFromDescriptor" externalInfoUrl="https://pmd.github.io/pmd/pmd_rules_java_bestpractices.html#junitassertionsshouldincludemessage" priority="3">
JUnit assertions should include a message
</violation>
<violation beginline="57" endline="57" begincolumn="30" endcolumn="38" rule="SignatureDeclareThrowsException" ruleset="Design" package="org.junit.platform.launcher" class="TestIdentifierTests" method="serialization" externalInfoUrl="https://pmd.github.io/pmd/pmd_rules_java_design.html#signaturedeclarethrowsexception" priority="3">
A method/constructor should not explicitly throw java.lang.Exception
</violation>
<violation beginline="57" endline="71" begincolumn="2" endcolumn="2" rule="JUnitTestContainsTooManyAsserts" ruleset="Best Practices" package="org.junit.platform.launcher" class="TestIdentifierTests" method="serialization" externalInfoUrl="https://pmd.github.io/pmd/pmd_rules_java_bestpractices.html#junittestcontainstoomanyasserts" priority="3">
Unit tests should not contain more than 1 assert(s).
</violation>
<violation beginline="62" endline="62" begincolumn="3" endcolumn="14" rule="JUnitAssertionsShouldIncludeMessage" ruleset="Best Practices" package="org.junit.platform.launcher" class="TestIdentifierTests" method="serialization" externalInfoUrl="https://pmd.github.io/pmd/pmd_rules_java_bestpractices.html#junitassertionsshouldincludemessage" priority="3">
JUnit assertions should include a message
</violation>
<violation beginline="63" endline="63" begincolumn="3" endcolumn="14" rule="JUnitAssertionsShouldIncludeMessage" ruleset="Best Practices" package="org.junit.platform.launcher" class="TestIdentifierTests" method="serialization" externalInfoUrl="https://pmd.github.io/pmd/pmd_rules_java_bestpractices.html#junitassertionsshouldincludemessage" priority="3">
JUnit assertions should include a message
</violation>
<violation beginline="64" endline="64" begincolumn="3" endcolumn="14" rule="JUnitAssertionsShouldIncludeMessage" ruleset="Best Practices" package="org.junit.platform.launcher" class="TestIdentifierTests" method="serialization" externalInfoUrl="https://pmd.github.io/pmd/pmd_rules_java_bestpractices.html#junitassertionsshouldincludemessage" priority="3">
JUnit assertions should include a message
</violation>
<violation beginline="66" endline="66" begincolumn="3" endcolumn="14" rule="JUnitAssertionsShouldIncludeMessage" ruleset="Best Practices" package="org.junit.platform.launcher" class="TestIdentifierTests" method="serialization" externalInfoUrl="https://pmd.github.io/pmd/pmd_rules_java_bestpractices.html#junitassertionsshouldincludemessage" priority="3">
JUnit assertions should include a message
</violation>
<violation beginline="67" endline="67" begincolumn="3" endcolumn="14" rule="JUnitAssertionsShouldIncludeMessage" ruleset="Best Practices" package="org.junit.platform.launcher" class="TestIdentifierTests" method="serialization" externalInfoUrl="https://pmd.github.io/pmd/pmd_rules_java_bestpractices.html#junitassertionsshouldincludemessage" priority="3">
JUnit assertions should include a message
</violation>
<violation beginline="68" endline="68" begincolumn="3" endcolumn="12" rule="JUnitAssertionsShouldIncludeMessage" ruleset="Best Practices" package="org.junit.platform.launcher" class="TestIdentifierTests" method="serialization" externalInfoUrl="https://pmd.github.io/pmd/pmd_rules_java_bestpractices.html#junitassertionsshouldincludemessage" priority="3">
JUnit assertions should include a message
</violation>
<violation beginline="69" endline="69" begincolumn="3" endcolumn="13" rule="JUnitAssertionsShouldIncludeMessage" ruleset="Best Practices" package="org.junit.platform.launcher" class="TestIdentifierTests" method="serialization" externalInfoUrl="https://pmd.github.io/pmd/pmd_rules_java_bestpractices.html#junitassertionsshouldincludemessage" priority="3">
JUnit assertions should include a message
</violation>
</file>
<file name="C:\Users\Sokaina\Downloads\Versiones-Junit5\junit5-r5.0.2\platform-tests\src\test\java\org\junit\platform\launcher\TestPlanTests.java">
<violation beginline="23" endline="23" begincolumn="27" endcolumn="42" rule="ImmutableField" ruleset="Design" package="org.junit.platform.launcher" class="TestPlanTests" variable="engineDescriptor" externalInfoUrl="https://pmd.github.io/pmd/pmd_rules_java_design.html#immutablefield" priority="3">
Private field 'engineDescriptor' could be made final; it is only initialized in the declaration or constructor.
</violation>
</file>
<file name="C:\Users\Sokaina\Downloads\Versiones-Junit5\junit5-r5.0.2\platform-tests\src\test\java\org\junit\platform\launcher\core\DefaultLauncherTests.java">
<violation beginline="11" endline="494" begincolumn="1" endcolumn="2" rule="TooManyStaticImports" ruleset="Code Style" package="org.junit.platform.launcher.core" class="DefaultLauncherTests" externalInfoUrl="https://pmd.github.io/pmd/pmd_rules_java_codestyle.html#toomanystaticimports" priority="3">
Too many static imports may lead to messy code
</violation>
<violation beginline="68" endline="72" begincolumn="2" endcolumn="2" rule="JUnitTestContainsTooManyAsserts" ruleset="Best Practices" package="org.junit.platform.launcher.core" class="DefaultLauncherTests" method="constructLauncherWithoutAnyEngines" externalInfoUrl="https://pmd.github.io/pmd/pmd_rules_java_bestpractices.html#junittestcontainstoomanyasserts" priority="3">
Unit tests should not contain more than 1 assert(s).
</violation>
<violation beginline="75" endline="81" begincolumn="2" endcolumn="2" rule="JUnitTestContainsTooManyAsserts" ruleset="Best Practices" package="org.junit.platform.launcher.core" class="DefaultLauncherTests" method="constructLauncherWithMultipleTestEnginesWithDuplicateIds" externalInfoUrl="https://pmd.github.io/pmd/pmd_rules_java_bestpractices.html#junittestcontainstoomanyasserts" priority="3">
Unit tests should not contain more than 1 assert(s).
</violation>
<violation beginline="77" endline="77" begincolumn="56" endcolumn="65" rule="AvoidDuplicateLiterals" ruleset="Error Prone" package="org.junit.platform.launcher.core" class="DefaultLauncherTests" method="constructLauncherWithMultipleTestEnginesWithDuplicateIds" externalInfoUrl="https://pmd.github.io/pmd/pmd_rules_java_errorprone.html#avoidduplicateliterals" priority="3">
The String literal "dummy id" appears 5 times in this file; the first occurrence is on line 77
</violation>
<violation beginline="84" endline="91" begincolumn="2" endcolumn="2" rule="JUnitTestContainsTooManyAsserts" ruleset="Best Practices" package="org.junit.platform.launcher.core" class="DefaultLauncherTests" method="registerTestExecutionListenersWithNullArray" externalInfoUrl="https://pmd.github.io/pmd/pmd_rules_java_bestpractices.html#junittestcontainstoomanyasserts" priority="3">
Unit tests should not contain more than 1 assert(s).
</violation>
<violation beginline="94" endline="101" begincolumn="2" endcolumn="2" rule="JUnitTestContainsTooManyAsserts" ruleset="Best Practices" package="org.junit.platform.launcher.core" class="DefaultLauncherTests" method="registerTestExecutionListenersWithEmptyArray" externalInfoUrl="https://pmd.github.io/pmd/pmd_rules_java_bestpractices.html#junittestcontainstoomanyasserts" priority="3">
Unit tests should not contain more than 1 assert(s).
</violation>
<violation beginline="104" endline="111" begincolumn="2" endcolumn="2" rule="JUnitTestContainsTooManyAsserts" ruleset="Best Practices" package="org.junit.platform.launcher.core" class="DefaultLauncherTests" method="registerTestExecutionListenersWithArrayContainingNullElements" externalInfoUrl="https://pmd.github.io/pmd/pmd_rules_java_bestpractices.html#junittestcontainstoomanyasserts" priority="3">
Unit tests should not contain more than 1 assert(s).
</violation>
<violation beginline="127" endline="127" begincolumn="35" endcolumn="82" rule="UnnecessaryFullyQualifiedName" ruleset="Code Style" package="org.junit.platform.launcher.core" class="DefaultLauncherTests" method="discover" externalInfoUrl="https://pmd.github.io/pmd/pmd_rules_java_codestyle.html#unnecessaryfullyqualifiedname" priority="4">
Unnecessary use of fully qualified name 'org.junit.platform.engine.EngineDiscoveryRequest' due to existing import 'org.junit.platform.engine.EngineDiscoveryRequest'
</violation>
<violation beginline="142" endline="142" begincolumn="35" endcolumn="82" rule="UnnecessaryFullyQualifiedName" ruleset="Code Style" package="org.junit.platform.launcher.core" class="DefaultLauncherTests" method="discover" externalInfoUrl="https://pmd.github.io/pmd/pmd_rules_java_codestyle.html#unnecessaryfullyqualifiedname" priority="4">
Unnecessary use of fully qualified name 'org.junit.platform.engine.EngineDiscoveryRequest' due to existing import 'org.junit.platform.engine.EngineDiscoveryRequest'
</violation>
<violation beginline="144" endline="144" begincolumn="15" endcolumn="19" rule="AvoidThrowingRawExceptionTypes" ruleset="Design" package="org.junit.platform.launcher.core" class="DefaultLauncherTests" method="discover" externalInfoUrl="https://pmd.github.io/pmd/pmd_rules_java_design.html#avoidthrowingrawexceptiontypes" priority="1">
Avoid throwing raw exception types.
</violation>
<violation beginline="157" endline="157" begincolumn="35" endcolumn="82" rule="UnnecessaryFullyQualifiedName" ruleset="Code Style" package="org.junit.platform.launcher.core" class="DefaultLauncherTests" method="discover" externalInfoUrl="https://pmd.github.io/pmd/pmd_rules_java_codestyle.html#unnecessaryfullyqualifiedname" priority="4">
Unnecessary use of fully qualified name 'org.junit.platform.engine.EngineDiscoveryRequest' due to existing import 'org.junit.platform.engine.EngineDiscoveryRequest'
</violation>
<violation beginline="159" endline="159" begincolumn="15" endcolumn="30" rule="AvoidThrowingRawExceptionTypes" ruleset="Design" package="org.junit.platform.launcher.core" class="DefaultLauncherTests" method="discover" externalInfoUrl="https://pmd.github.io/pmd/pmd_rules_java_design.html#avoidthrowingrawexceptiontypes" priority="1">
Avoid throwing raw exception types.
</violation>
<violation beginline="168" endline="181" begincolumn="2" endcolumn="2" rule="JUnitTestContainsTooManyAsserts" ruleset="Best Practices" package="org.junit.platform.launcher.core" class="DefaultLauncherTests" method="discoverTestPlanForSingleEngine" externalInfoUrl="https://pmd.github.io/pmd/pmd_rules_java_bestpractices.html#junittestcontainstoomanyasserts" priority="3">
Unit tests should not contain more than 1 assert(s).
</violation>
<violation beginline="170" endline="170" begincolumn="18" endcolumn="24" rule="AvoidDuplicateLiterals" ruleset="Error Prone" package="org.junit.platform.launcher.core" class="DefaultLauncherTests" method="discoverTestPlanForSingleEngine" externalInfoUrl="https://pmd.github.io/pmd/pmd_rules_java_errorprone.html#avoidduplicateliterals" priority="3">
The String literal "test1" appears 8 times in this file; the first occurrence is on line 170
</violation>
<violation beginline="171" endline="171" begincolumn="18" endcolumn="24" rule="AvoidDuplicateLiterals" ruleset="Error Prone" package="org.junit.platform.launcher.core" class="DefaultLauncherTests" method="discoverTestPlanForSingleEngine" externalInfoUrl="https://pmd.github.io/pmd/pmd_rules_java_errorprone.html#avoidduplicateliterals" priority="3">
The String literal "test2" appears 8 times in this file; the first occurrence is on line 171
</violation>
<violation beginline="184" endline="198" begincolumn="2" endcolumn="2" rule="JUnitTestContainsTooManyAsserts" ruleset="Best Practices" package="org.junit.platform.launcher.core" class="DefaultLauncherTests" method="discoverTestPlanForMultipleEngines" externalInfoUrl="https://pmd.github.io/pmd/pmd_rules_java_bestpractices.html#junittestcontainstoomanyasserts" priority="3">
Unit tests should not contain more than 1 assert(s).
</violation>
<violation beginline="201" endline="221" begincolumn="2" endcolumn="2" rule="JUnitTestContainsTooManyAsserts" ruleset="Best Practices" package="org.junit.platform.launcher.core" class="DefaultLauncherTests" method="launcherWillNotExecuteEnginesIfNotIncludedByAnEngineFilter" externalInfoUrl="https://pmd.github.io/pmd/pmd_rules_java_bestpractices.html#junittestcontainstoomanyasserts" priority="3">
Unit tests should not contain more than 1 assert(s).
</violation>
<violation beginline="202" endline="202" begincolumn="75" endcolumn="81" rule="AvoidDuplicateLiterals" ruleset="Error Prone" package="org.junit.platform.launcher.core" class="DefaultLauncherTests" method="launcherWillNotExecuteEnginesIfNotIncludedByAnEngineFilter" externalInfoUrl="https://pmd.github.io/pmd/pmd_rules_java_errorprone.html#avoidduplicateliterals" priority="3">
The String literal "first" appears 12 times in this file; the first occurrence is on line 202
</violation>
<violation beginline="204" endline="204" begincolumn="76" endcolumn="83" rule="AvoidDuplicateLiterals" ruleset="Error Prone" package="org.junit.platform.launcher.core" class="DefaultLauncherTests" method="launcherWillNotExecuteEnginesIfNotIncludedByAnEngineFilter" externalInfoUrl="https://pmd.github.io/pmd/pmd_rules_java_errorprone.html#avoidduplicateliterals" priority="3">
The String literal "second" appears 10 times in this file; the first occurrence is on line 204
</violation>
<violation beginline="264" endline="284" begincolumn="2" endcolumn="2" rule="JUnitTestContainsTooManyAsserts" ruleset="Best Practices" package="org.junit.platform.launcher.core" class="DefaultLauncherTests" method="launcherWillNotExecuteEnginesExplicitlyExcludedByAnEngineFilter" externalInfoUrl="https://pmd.github.io/pmd/pmd_rules_java_bestpractices.html#junittestcontainstoomanyasserts" priority="3">
Unit tests should not contain more than 1 assert(s).
</violation>
<violation beginline="287" endline="309" begincolumn="2" endcolumn="2" rule="JUnitTestContainsTooManyAsserts" ruleset="Best Practices" package="org.junit.platform.launcher.core" class="DefaultLauncherTests" method="launcherWillExecuteEnginesHonoringBothIncludeAndExcludeEngineFilters" externalInfoUrl="https://pmd.github.io/pmd/pmd_rules_java_bestpractices.html#junittestcontainstoomanyasserts" priority="3">
Unit tests should not contain more than 1 assert(s).
</violation>
<violation beginline="312" endline="333" begincolumn="2" endcolumn="2" rule="JUnitTestContainsTooManyAsserts" ruleset="Best Practices" package="org.junit.platform.launcher.core" class="DefaultLauncherTests" method="launcherAppliesPostDiscoveryFilters" externalInfoUrl="https://pmd.github.io/pmd/pmd_rules_java_bestpractices.html#junittestcontainstoomanyasserts" priority="3">
Unit tests should not contain more than 1 assert(s).
</violation>
<violation beginline="320" endline="320" begincolumn="87" endcolumn="92" rule="AvoidDuplicateLiterals" ruleset="Error Prone" package="org.junit.platform.launcher.core" class="DefaultLauncherTests" method="launcherAppliesPostDiscoveryFilters" externalInfoUrl="https://pmd.github.io/pmd/pmd_rules_java_errorprone.html#avoidduplicateliterals" priority="3">
The String literal "test" appears 6 times in this file; the first occurrence is on line 320
</violation>
<violation beginline="336" endline="345" begincolumn="2" endcolumn="2" rule="JUnitTestContainsTooManyAsserts" ruleset="Best Practices" package="org.junit.platform.launcher.core" class="DefaultLauncherTests" method="withoutConfigurationParameters_launcherPassesEmptyConfigurationParametersIntoTheExecutionRequest" externalInfoUrl="https://pmd.github.io/pmd/pmd_rules_java_bestpractices.html#junittestcontainstoomanyasserts" priority="3">
Unit tests should not contain more than 1 assert(s).
</violation>
<violation beginline="343" endline="343" begincolumn="42" endcolumn="46" rule="AvoidDuplicateLiterals" ruleset="Error Prone" package="org.junit.platform.launcher.core" class="DefaultLauncherTests" method="withoutConfigurationParameters_launcherPassesEmptyConfigurationParametersIntoTheExecutionRequest" externalInfoUrl="https://pmd.github.io/pmd/pmd_rules_java_errorprone.html#avoidduplicateliterals" priority="3">
The String literal "key" appears 4 times in this file; the first occurrence is on line 343
</violation>
<violation beginline="348" endline="358" begincolumn="2" endcolumn="2" rule="JUnitTestContainsTooManyAsserts" ruleset="Best Practices" package="org.junit.platform.launcher.core" class="DefaultLauncherTests" method="withConfigurationParameters_launcherPassesPopulatedConfigurationParametersIntoTheExecutionRequest" externalInfoUrl="https://pmd.github.io/pmd/pmd_rules_java_bestpractices.html#junittestcontainstoomanyasserts" priority="3">
Unit tests should not contain more than 1 assert(s).
</violation>
<violation beginline="361" endline="379" begincolumn="2" endcolumn="2" rule="JUnitTestContainsTooManyAsserts" ruleset="Best Practices" package="org.junit.platform.launcher.core" class="DefaultLauncherTests" method="withoutConfigurationParameters_LookupFallsBackToSystemProperty" externalInfoUrl="https://pmd.github.io/pmd/pmd_rules_java_bestpractices.html#junittestcontainstoomanyasserts" priority="3">
Unit tests should not contain more than 1 assert(s).
</violation>
<violation beginline="382" endline="392" begincolumn="2" endcolumn="2" rule="JUnitTestContainsTooManyAsserts" ruleset="Best Practices" package="org.junit.platform.launcher.core" class="DefaultLauncherTests" method="withAdditionalListener" externalInfoUrl="https://pmd.github.io/pmd/pmd_rules_java_bestpractices.html#junittestcontainstoomanyasserts" priority="3">
Unit tests should not contain more than 1 assert(s).
</violation>
<violation beginline="395" endline="424" begincolumn="2" endcolumn="2" rule="JUnitTestContainsTooManyAsserts" ruleset="Best Practices" package="org.junit.platform.launcher.core" class="DefaultLauncherTests" method="prunesTestDescriptorsAfterApplyingPostDiscoveryFilters" externalInfoUrl="https://pmd.github.io/pmd/pmd_rules_java_bestpractices.html#junittestcontainstoomanyasserts" priority="3">
Unit tests should not contain more than 1 assert(s).
</violation>
<violation beginline="427" endline="492" begincolumn="2" endcolumn="2" rule="JUnitTestContainsTooManyAsserts" ruleset="Best Practices" package="org.junit.platform.launcher.core" class="DefaultLauncherTests" method="reportsDynamicTestDescriptorsCorrectly" externalInfoUrl="https://pmd.github.io/pmd/pmd_rules_java_bestpractices.html#junittestcontainstoomanyasserts" priority="3">
Unit tests should not contain more than 1 assert(s).
</violation>
</file>
<file name="C:\Users\Sokaina\Downloads\Versiones-Junit5\junit5-r5.0.2\platform-tests\src\test\java\org\junit\platform\launcher\core\ExecutionListenerAdapterTests.java">
<violation beginline="35" endline="52" begincolumn="2" endcolumn="2" rule="JUnitTestContainsTooManyAsserts" ruleset="Best Practices" package="org.junit.platform.launcher.core" class="ExecutionListenerAdapterTests" method="testReportingEntryPublished" externalInfoUrl="https://pmd.github.io/pmd/pmd_rules_java_bestpractices.html#junittestcontainstoomanyasserts" priority="3">
Unit tests should not contain more than 1 assert(s).
</violation>
<violation beginline="61" endline="62" begincolumn="17" endcolumn="2" rule="UncommentedEmptyMethodBody" ruleset="Documentation" package="org.junit.platform.launcher.core" class="ExecutionListenerAdapterTests" method="nothing" externalInfoUrl="https://pmd.github.io/pmd/pmd_rules_java_documentation.html#uncommentedemptymethodbody" priority="3">
Document empty method body
</violation>
<violation beginline="61" endline="62" begincolumn="2" endcolumn="2" rule="DetachedTestCase" ruleset="Error Prone" package="org.junit.platform.launcher.core" class="ExecutionListenerAdapterTests" externalInfoUrl="https://pmd.github.io/pmd/pmd_rules_java_errorprone.html#detachedtestcase" priority="3">
Probable detached JUnit test case.
</violation>
<violation beginline="61" endline="62" begincolumn="2" endcolumn="2" rule="DefaultPackage" ruleset="Code Style" package="org.junit.platform.launcher.core" class="ExecutionListenerAdapterTests" externalInfoUrl="https://pmd.github.io/pmd/pmd_rules_java_codestyle.html#defaultpackage" priority="3">
Use explicit scoping instead of the default package private level
</violation>
</file>
<file name="C:\Users\Sokaina\Downloads\Versiones-Junit5\junit5-r5.0.2\platform-tests\src\test\java\org\junit\platform\launcher\core\LauncherConfigurationParametersTests.java">
<violation beginline="46" endline="51" begincolumn="2" endcolumn="2" rule="JUnitTestContainsTooManyAsserts" ruleset="Best Practices" package="org.junit.platform.launcher.core" class="LauncherConfigurationParametersTests" method="constructorPreconditions" externalInfoUrl="https://pmd.github.io/pmd/pmd_rules_java_bestpractices.html#junittestcontainstoomanyasserts" priority="3">
Unit tests should not contain more than 1 assert(s).
</violation>
<violation beginline="54" endline="59" begincolumn="2" endcolumn="2" rule="JUnitTestContainsTooManyAsserts" ruleset="Best Practices" package="org.junit.platform.launcher.core" class="LauncherConfigurationParametersTests" method="getPreconditions" externalInfoUrl="https://pmd.github.io/pmd/pmd_rules_java_bestpractices.html#junittestcontainstoomanyasserts" priority="3">
Unit tests should not contain more than 1 assert(s).
</violation>
<violation beginline="62" endline="67" begincolumn="2" endcolumn="2" rule="JUnitTestContainsTooManyAsserts" ruleset="Best Practices" package="org.junit.platform.launcher.core" class="LauncherConfigurationParametersTests" method="noConfigParams" externalInfoUrl="https://pmd.github.io/pmd/pmd_rules_java_bestpractices.html#junittestcontainstoomanyasserts" priority="3">
Unit tests should not contain more than 1 assert(s).
</violation>
<violation beginline="70" endline="74" begincolumn="2" endcolumn="2" rule="JUnitTestContainsTooManyAsserts" ruleset="Best Practices" package="org.junit.platform.launcher.core" class="LauncherConfigurationParametersTests" method="explicitConfigParam" externalInfoUrl="https://pmd.github.io/pmd/pmd_rules_java_bestpractices.html#junittestcontainstoomanyasserts" priority="3">
Unit tests should not contain more than 1 assert(s).
</violation>
<violation beginline="77" endline="82" begincolumn="2" endcolumn="2" rule="JUnitTestContainsTooManyAsserts" ruleset="Best Practices" package="org.junit.platform.launcher.core" class="LauncherConfigurationParametersTests" method="systemProperty" externalInfoUrl="https://pmd.github.io/pmd/pmd_rules_java_bestpractices.html#junittestcontainstoomanyasserts" priority="3">
Unit tests should not contain more than 1 assert(s).
</violation>
<violation beginline="85" endline="89" begincolumn="2" endcolumn="2" rule="JUnitTestContainsTooManyAsserts" ruleset="Best Practices" package="org.junit.platform.launcher.core" class="LauncherConfigurationParametersTests" method="configFile" externalInfoUrl="https://pmd.github.io/pmd/pmd_rules_java_bestpractices.html#junittestcontainstoomanyasserts" priority="3">
Unit tests should not contain more than 1 assert(s).
</violation>
<violation beginline="92" endline="97" begincolumn="2" endcolumn="2" rule="JUnitTestContainsTooManyAsserts" ruleset="Best Practices" package="org.junit.platform.launcher.core" class="LauncherConfigurationParametersTests" method="explicitConfigParamOverridesSystemProperty" externalInfoUrl="https://pmd.github.io/pmd/pmd_rules_java_bestpractices.html#junittestcontainstoomanyasserts" priority="3">
Unit tests should not contain more than 1 assert(s).
</violation>
<violation beginline="100" endline="105" begincolumn="2" endcolumn="2" rule="JUnitTestContainsTooManyAsserts" ruleset="Best Practices" package="org.junit.platform.launcher.core" class="LauncherConfigurationParametersTests" method="explicitConfigParamOverridesConfigFile" externalInfoUrl="https://pmd.github.io/pmd/pmd_rules_java_bestpractices.html#junittestcontainstoomanyasserts" priority="3">
Unit tests should not contain more than 1 assert(s).
</violation>
<violation beginline="108" endline="113" begincolumn="2" endcolumn="2" rule="JUnitTestContainsTooManyAsserts" ruleset="Best Practices" package="org.junit.platform.launcher.core" class="LauncherConfigurationParametersTests" method="systemPropertyOverridesConfigFile" externalInfoUrl="https://pmd.github.io/pmd/pmd_rules_java_bestpractices.html#junittestcontainstoomanyasserts" priority="3">
Unit tests should not contain more than 1 assert(s).
</violation>
</file>
<file name="C:\Users\Sokaina\Downloads\Versiones-Junit5\junit5-r5.0.2\platform-tests\src\test\java\org\junit\platform\launcher\core\LauncherDiscoveryRequestBuilderTests.java">
<violation beginline="11" endline="332" begincolumn="1" endcolumn="2" rule="TooManyStaticImports" ruleset="Code Style" package="org.junit.platform.launcher.core" class="LauncherDiscoveryRequestBuilderTests" externalInfoUrl="https://pmd.github.io/pmd/pmd_rules_java_codestyle.html#toomanystaticimports" priority="3">
Too many static imports may lead to messy code
</violation>
<violation beginline="88" endline="101" begincolumn="3" endcolumn="3" rule="JUnitTestContainsTooManyAsserts" ruleset="Best Practices" package="org.junit.platform.launcher.core" class="LauncherDiscoveryRequestBuilderTests$DiscoverySelectionTests" method="methodsByFullyQualifiedNameAreStoredInDiscoveryRequest" externalInfoUrl="https://pmd.github.io/pmd/pmd_rules_java_bestpractices.html#junittestcontainstoomanyasserts" priority="3">
Unit tests should not contain more than 1 assert(s).
</violation>
<violation beginline="104" endline="104" begincolumn="58" endcolumn="66" rule="SignatureDeclareThrowsException" ruleset="Design" package="org.junit.platform.launcher.core" class="LauncherDiscoveryRequestBuilderTests$DiscoverySelectionTests" method="methodsByNameAreStoredInDiscoveryRequest" externalInfoUrl="https://pmd.github.io/pmd/pmd_rules_java_design.html#signaturedeclarethrowsexception" priority="3">
A method/constructor should not explicitly throw java.lang.Exception
</violation>
<violation beginline="104" endline="120" begincolumn="3" endcolumn="3" rule="JUnitTestContainsTooManyAsserts" ruleset="Best Practices" package="org.junit.platform.launcher.core" class="LauncherDiscoveryRequestBuilderTests$DiscoverySelectionTests" method="methodsByNameAreStoredInDiscoveryRequest" externalInfoUrl="https://pmd.github.io/pmd/pmd_rules_java_bestpractices.html#junittestcontainstoomanyasserts" priority="3">
Unit tests should not contain more than 1 assert(s).
</violation>
<violation beginline="106" endline="106" begincolumn="52" endcolumn="57" rule="AvoidDuplicateLiterals" ruleset="Error Prone" package="org.junit.platform.launcher.core" class="LauncherDiscoveryRequestBuilderTests$DiscoverySelectionTests" method="methodsByNameAreStoredInDiscoveryRequest" externalInfoUrl="https://pmd.github.io/pmd/pmd_rules_java_errorprone.html#avoidduplicateliterals" priority="3">
The String literal "test" appears 4 times in this file; the first occurrence is on line 106
</violation>
<violation beginline="123" endline="123" begincolumn="59" endcolumn="67" rule="SignatureDeclareThrowsException" ruleset="Design" package="org.junit.platform.launcher.core" class="LauncherDiscoveryRequestBuilderTests$DiscoverySelectionTests" method="methodsByClassAreStoredInDiscoveryRequest" externalInfoUrl="https://pmd.github.io/pmd/pmd_rules_java_design.html#signaturedeclarethrowsexception" priority="3">
A method/constructor should not explicitly throw java.lang.Exception
</violation>
<violation beginline="123" endline="140" begincolumn="3" endcolumn="3" rule="JUnitTestContainsTooManyAsserts" ruleset="Best Practices" package="org.junit.platform.launcher.core" class="LauncherDiscoveryRequestBuilderTests$DiscoverySelectionTests" method="methodsByClassAreStoredInDiscoveryRequest" externalInfoUrl="https://pmd.github.io/pmd/pmd_rules_java_bestpractices.html#junittestcontainstoomanyasserts" priority="3">
Unit tests should not contain more than 1 assert(s).
</violation>
<violation beginline="166" endline="183" begincolumn="3" endcolumn="3" rule="JUnitTestContainsTooManyAsserts" ruleset="Best Practices" package="org.junit.platform.launcher.core" class="LauncherDiscoveryRequestBuilderTests$DiscoveryFilterTests" method="engineFiltersAreStoredInDiscoveryRequest" externalInfoUrl="https://pmd.github.io/pmd/pmd_rules_java_bestpractices.html#junittestcontainstoomanyasserts" priority="3">
Unit tests should not contain more than 1 assert(s).
</violation>
<violation beginline="187" endline="200" begincolumn="3" endcolumn="3" rule="JUnitTestContainsTooManyAsserts" ruleset="Best Practices" package="org.junit.platform.launcher.core" class="LauncherDiscoveryRequestBuilderTests$DiscoveryFilterTests" method="discoveryFiltersAreStoredInDiscoveryRequest" externalInfoUrl="https://pmd.github.io/pmd/pmd_rules_java_bestpractices.html#junittestcontainstoomanyasserts" priority="3">
Unit tests should not contain more than 1 assert(s).
</violation>
<violation beginline="203" endline="216" begincolumn="3" endcolumn="3" rule="JUnitTestContainsTooManyAsserts" ruleset="Best Practices" package="org.junit.platform.launcher.core" class="LauncherDiscoveryRequestBuilderTests$DiscoveryFilterTests" method="postDiscoveryFiltersAreStoredInDiscoveryRequest" externalInfoUrl="https://pmd.github.io/pmd/pmd_rules_java_bestpractices.html#junittestcontainstoomanyasserts" priority="3">
Unit tests should not contain more than 1 assert(s).
</violation>
<violation beginline="219" endline="226" begincolumn="3" endcolumn="3" rule="JUnitTestContainsTooManyAsserts" ruleset="Best Practices" package="org.junit.platform.launcher.core" class="LauncherDiscoveryRequestBuilderTests$DiscoveryFilterTests" method="exceptionForIllegalFilterClass" externalInfoUrl="https://pmd.github.io/pmd/pmd_rules_java_bestpractices.html#junittestcontainstoomanyasserts" priority="3">
Unit tests should not contain more than 1 assert(s).
</violation>
<violation beginline="237" endline="237" begincolumn="32" endcolumn="36" rule="AvoidDuplicateLiterals" ruleset="Error Prone" package="org.junit.platform.launcher.core" class="LauncherDiscoveryRequestBuilderTests$DiscoveryConfigurationParameterTests" method="withoutConfigurationParametersSet_NoConfigurationParametersAreStoredInDiscoveryRequest" externalInfoUrl="https://pmd.github.io/pmd/pmd_rules_java_errorprone.html#avoidduplicateliterals" priority="3">
The String literal "key" appears 8 times in this file; the first occurrence is on line 237
</violation>
<violation beginline="244" endline="244" begincolumn="37" endcolumn="43" rule="AvoidDuplicateLiterals" ruleset="Error Prone" package="org.junit.platform.launcher.core" class="LauncherDiscoveryRequestBuilderTests$DiscoveryConfigurationParameterTests" method="configurationParameterAddedDirectly_isStoredInDiscoveryRequest" externalInfoUrl="https://pmd.github.io/pmd/pmd_rules_java_errorprone.html#avoidduplicateliterals" priority="3">
The String literal "value" appears 5 times in this file; the first occurrence is on line 244
</violation>
<violation beginline="266" endline="277" begincolumn="3" endcolumn="3" rule="JUnitTestContainsTooManyAsserts" ruleset="Best Practices" package="org.junit.platform.launcher.core" class="LauncherDiscoveryRequestBuilderTests$DiscoveryConfigurationParameterTests" method="multipleConfigurationParametersAddedDirectly_areStoredInDiscoveryRequest" externalInfoUrl="https://pmd.github.io/pmd/pmd_rules_java_bestpractices.html#junittestcontainstoomanyasserts" priority="3">
Unit tests should not contain more than 1 assert(s).
</violation>
<violation beginline="269" endline="269" begincolumn="30" endcolumn="35" rule="AvoidDuplicateLiterals" ruleset="Error Prone" package="org.junit.platform.launcher.core" class="LauncherDiscoveryRequestBuilderTests$DiscoveryConfigurationParameterTests" method="multipleConfigurationParametersAddedDirectly_areStoredInDiscoveryRequest" externalInfoUrl="https://pmd.github.io/pmd/pmd_rules_java_errorprone.html#avoidduplicateliterals" priority="3">
The String literal "key1" appears 4 times in this file; the first occurrence is on line 269
</violation>
<violation beginline="269" endline="269" begincolumn="38" endcolumn="45" rule="AvoidDuplicateLiterals" ruleset="Error Prone" package="org.junit.platform.launcher.core" class="LauncherDiscoveryRequestBuilderTests$DiscoveryConfigurationParameterTests" method="multipleConfigurationParametersAddedDirectly_areStoredInDiscoveryRequest" externalInfoUrl="https://pmd.github.io/pmd/pmd_rules_java_errorprone.html#avoidduplicateliterals" priority="3">
The String literal "value1" appears 4 times in this file; the first occurrence is on line 269
</violation>
<violation beginline="270" endline="270" begincolumn="30" endcolumn="35" rule="AvoidDuplicateLiterals" ruleset="Error Prone" package="org.junit.platform.launcher.core" class="LauncherDiscoveryRequestBuilderTests$DiscoveryConfigurationParameterTests" method="multipleConfigurationParametersAddedDirectly_areStoredInDiscoveryRequest" externalInfoUrl="https://pmd.github.io/pmd/pmd_rules_java_errorprone.html#avoidduplicateliterals" priority="3">
The String literal "key2" appears 4 times in this file; the first occurrence is on line 270
</violation>
<violation beginline="270" endline="270" begincolumn="38" endcolumn="45" rule="AvoidDuplicateLiterals" ruleset="Error Prone" package="org.junit.platform.launcher.core" class="LauncherDiscoveryRequestBuilderTests$DiscoveryConfigurationParameterTests" method="multipleConfigurationParametersAddedDirectly_areStoredInDiscoveryRequest" externalInfoUrl="https://pmd.github.io/pmd/pmd_rules_java_errorprone.html#avoidduplicateliterals" priority="3">
The String literal "value2" appears 4 times in this file; the first occurrence is on line 270
</violation>
<violation beginline="292" endline="292" begincolumn="87" endcolumn="95" rule="SignatureDeclareThrowsException" ruleset="Design" package="org.junit.platform.launcher.core" class="LauncherDiscoveryRequestBuilderTests$DiscoveryConfigurationParameterTests" method="multipleConfigurationParametersAddedByMap_areStoredInDiscoveryRequest" externalInfoUrl="https://pmd.github.io/pmd/pmd_rules_java_design.html#signaturedeclarethrowsexception" priority="3">
A method/constructor should not explicitly throw java.lang.Exception
</violation>
<violation beginline="292" endline="306" begincolumn="3" endcolumn="3" rule="JUnitTestContainsTooManyAsserts" ruleset="Best Practices" package="org.junit.platform.launcher.core" class="LauncherDiscoveryRequestBuilderTests$DiscoveryConfigurationParameterTests" method="multipleConfigurationParametersAddedByMap_areStoredInDiscoveryRequest" externalInfoUrl="https://pmd.github.io/pmd/pmd_rules_java_bestpractices.html#junittestcontainstoomanyasserts" priority="3">
Unit tests should not contain more than 1 assert(s).
</violation>
<violation beginline="312" endline="313" begincolumn="15" endcolumn="3" rule="UncommentedEmptyMethodBody" ruleset="Documentation" package="org.junit.platform.launcher.core" class="LauncherDiscoveryRequestBuilderTests$SampleTestClass" method="test" externalInfoUrl="https://pmd.github.io/pmd/pmd_rules_java_documentation.html#uncommentedemptymethodbody" priority="3">
Document empty method body
</violation>
<violation beginline="324" endline="324" begincolumn="10" endcolumn="18" rule="AvoidCatchingGenericException" ruleset="Design" package="org.junit.platform.launcher.core" class="LauncherDiscoveryRequestBuilderTests" method="fullyQualifiedMethod" externalInfoUrl="https://pmd.github.io/pmd/pmd_rules_java_design.html#avoidcatchinggenericexception" priority="3">
Avoid catching generic exceptions such as NullPointerException, RuntimeException, Exception in try-catch block
</violation>
<violation beginline="329" endline="330" begincolumn="16" endcolumn="2" rule="UncommentedEmptyMethodBody" ruleset="Documentation" package="org.junit.platform.launcher.core" class="LauncherDiscoveryRequestBuilderTests" method="myTest" externalInfoUrl="https://pmd.github.io/pmd/pmd_rules_java_documentation.html#uncommentedemptymethodbody" priority="3">
Document empty method body
</violation>
<violation beginline="329" endline="330" begincolumn="2" endcolumn="2" rule="DefaultPackage" ruleset="Code Style" package="org.junit.platform.launcher.core" class="LauncherDiscoveryRequestBuilderTests" externalInfoUrl="https://pmd.github.io/pmd/pmd_rules_java_codestyle.html#defaultpackage" priority="3">
Use explicit scoping instead of the default package private level
</violation>
</file>
<file name="C:\Users\Sokaina\Downloads\Versiones-Junit5\junit5-r5.0.2\platform-tests\src\test\java\org\junit\platform\launcher\core\LauncherFactoryTests.java">
<violation beginline="44" endline="58" begincolumn="2" endcolumn="2" rule="JUnitTestContainsTooManyAsserts" ruleset="Best Practices" package="org.junit.platform.launcher.core" class="LauncherFactoryTests" method="create" externalInfoUrl="https://pmd.github.io/pmd/pmd_rules_java_bestpractices.html#junittestcontainstoomanyasserts" priority="3">
Unit tests should not contain more than 1 assert(s).
</violation>
<violation beginline="57" endline="57" begincolumn="3" endcolumn="12" rule="JUnitAssertionsShouldIncludeMessage" ruleset="Best Practices" package="org.junit.platform.launcher.core" class="LauncherFactoryTests" method="create" externalInfoUrl="https://pmd.github.io/pmd/pmd_rules_java_bestpractices.html#junitassertionsshouldincludemessage" priority="3">
JUnit assertions should include a message
</violation>
<violation beginline="72" endline="73" begincolumn="24" endcolumn="3" rule="UncommentedEmptyMethodBody" ruleset="Documentation" package="org.junit.platform.launcher.core" class="LauncherFactoryTests$JUnit4Example" method="testJ4" externalInfoUrl="https://pmd.github.io/pmd/pmd_rules_java_documentation.html#uncommentedemptymethodbody" priority="3">
Document empty method body
</violation>
<violation beginline="80" endline="81" begincolumn="17" endcolumn="3" rule="UncommentedEmptyMethodBody" ruleset="Documentation" package="org.junit.platform.launcher.core" class="LauncherFactoryTests$JUnit5Example" method="testJ5" externalInfoUrl="https://pmd.github.io/pmd/pmd_rules_java_documentation.html#uncommentedemptymethodbody" priority="3">
Document empty method body
</violation>
<violation beginline="80" endline="81" begincolumn="3" endcolumn="3" rule="JUnitTestsShouldIncludeAssert" ruleset="Best Practices" package="org.junit.platform.launcher.core" class="LauncherFactoryTests$JUnit5Example" method="testJ5" externalInfoUrl="https://pmd.github.io/pmd/pmd_rules_java_bestpractices.html#junittestsshouldincludeassert" priority="3">
JUnit tests should include assert() or fail()
</violation>
</file>
<file name="C:\Users\Sokaina\Downloads\Versiones-Junit5\junit5-r5.0.2\platform-tests\src\test\java\org\junit\platform\launcher\listener\SummaryGenerationTests.java">
<violation beginline="40" endline="40" begincolumn="2" endcolumn="70" rule="DefaultPackage" ruleset="Code Style" package="org.junit.platform.launcher.listener" class="SummaryGenerationTests" externalInfoUrl="https://pmd.github.io/pmd/pmd_rules_java_codestyle.html#defaultpackage" priority="3">
Use explicit scoping instead of the default package private level
</violation>
<violation beginline="41" endline="41" begincolumn="2" endcolumn="60" rule="DefaultPackage" ruleset="Code Style" package="org.junit.platform.launcher.listener" class="SummaryGenerationTests" externalInfoUrl="https://pmd.github.io/pmd/pmd_rules_java_codestyle.html#defaultpackage" priority="3">
Use explicit scoping instead of the default package private level
</violation>
<violation beginline="44" endline="44" begincolumn="28" endcolumn="36" rule="SignatureDeclareThrowsException" ruleset="Design" package="org.junit.platform.launcher.listener" class="SummaryGenerationTests" method="emptyReport" externalInfoUrl="https://pmd.github.io/pmd/pmd_rules_java_design.html#signaturedeclarethrowsexception" priority="3">
A method/constructor should not explicitly throw java.lang.Exception
</violation>
<violation beginline="44" endline="70" begincolumn="2" endcolumn="2" rule="JUnitTestContainsTooManyAsserts" ruleset="Best Practices" package="org.junit.platform.launcher.listener" class="SummaryGenerationTests" method="emptyReport" externalInfoUrl="https://pmd.github.io/pmd/pmd_rules_java_bestpractices.html#junittestcontainstoomanyasserts" priority="3">
Unit tests should not contain more than 1 assert(s).
</violation>
<violation beginline="48" endline="48" begincolumn="3" endcolumn="14" rule="JUnitAssertionsShouldIncludeMessage" ruleset="Best Practices" package="org.junit.platform.launcher.listener" class="SummaryGenerationTests" method="emptyReport" externalInfoUrl="https://pmd.github.io/pmd/pmd_rules_java_bestpractices.html#junitassertionsshouldincludemessage" priority="3">
JUnit assertions should include a message
</violation>
<violation beginline="69" endline="69" begincolumn="3" endcolumn="14" rule="JUnitAssertionsShouldIncludeMessage" ruleset="Best Practices" package="org.junit.platform.launcher.listener" class="SummaryGenerationTests" method="emptyReport" externalInfoUrl="https://pmd.github.io/pmd/pmd_rules_java_bestpractices.html#junitassertionsshouldincludemessage" priority="3">
JUnit assertions should include a message
</violation>
<violation beginline="73" endline="73" begincolumn="39" endcolumn="47" rule="SignatureDeclareThrowsException" ruleset="Design" package="org.junit.platform.launcher.listener" class="SummaryGenerationTests" method="reportingCorrectCounts" externalInfoUrl="https://pmd.github.io/pmd/pmd_rules_java_design.html#signaturedeclarethrowsexception" priority="3">
A method/constructor should not explicitly throw java.lang.Exception
</violation>
<violation beginline="73" endline="131" begincolumn="2" endcolumn="2" rule="JUnitTestContainsTooManyAsserts" ruleset="Best Practices" package="org.junit.platform.launcher.listener" class="SummaryGenerationTests" method="reportingCorrectCounts" externalInfoUrl="https://pmd.github.io/pmd/pmd_rules_java_bestpractices.html#junittestcontainstoomanyasserts" priority="3">
Unit tests should not contain more than 1 assert(s).
</violation>
<violation beginline="128" endline="128" begincolumn="4" endcolumn="21" rule="SystemPrintln" ruleset="Best Practices" package="org.junit.platform.launcher.listener" class="SummaryGenerationTests" method="reportingCorrectCounts" externalInfoUrl="https://pmd.github.io/pmd/pmd_rules_java_bestpractices.html#systemprintln" priority="2">
System.err.println is used
</violation>
<violation beginline="134" endline="152" begincolumn="2" endcolumn="2" rule="JUnitTestContainsTooManyAsserts" ruleset="Best Practices" package="org.junit.platform.launcher.listener" class="SummaryGenerationTests" method="canGetListOfFailures" externalInfoUrl="https://pmd.github.io/pmd/pmd_rules_java_bestpractices.html#junittestcontainstoomanyasserts" priority="3">
Unit tests should not contain more than 1 assert(s).
</violation>
<violation beginline="155" endline="155" begincolumn="41" endcolumn="49" rule="SignatureDeclareThrowsException" ruleset="Design" package="org.junit.platform.launcher.listener" class="SummaryGenerationTests" method="reportingCorrectFailures" externalInfoUrl="https://pmd.github.io/pmd/pmd_rules_java_design.html#signaturedeclarethrowsexception" priority="3">
A method/constructor should not explicitly throw java.lang.Exception
</violation>
<violation beginline="155" endline="185" begincolumn="2" endcolumn="2" rule="JUnitTestContainsTooManyAsserts" ruleset="Best Practices" package="org.junit.platform.launcher.listener" class="SummaryGenerationTests" method="reportingCorrectFailures" externalInfoUrl="https://pmd.github.io/pmd/pmd_rules_java_bestpractices.html#junittestcontainstoomanyasserts" priority="3">
Unit tests should not contain more than 1 assert(s).
</violation>
<violation beginline="176" endline="176" begincolumn="3" endcolumn="14" rule="JUnitAssertionsShouldIncludeMessage" ruleset="Best Practices" package="org.junit.platform.launcher.listener" class="SummaryGenerationTests" method="reportingCorrectFailures" externalInfoUrl="https://pmd.github.io/pmd/pmd_rules_java_bestpractices.html#junitassertionsshouldincludemessage" priority="3">
JUnit assertions should include a message
</violation>
</file>
<file name="C:\Users\Sokaina\Downloads\Versiones-Junit5\junit5-r5.0.2\platform-tests\src\test\java\org\junit\platform\runner\JUnitPlatformRunnerTests.java">
<violation beginline="11" endline="786" begincolumn="1" endcolumn="2" rule="TooManyStaticImports" ruleset="Code Style" package="org.junit.platform.runner" class="JUnitPlatformRunnerTests" externalInfoUrl="https://pmd.github.io/pmd/pmd_rules_java_codestyle.html#toomanystaticimports" priority="3">
Too many static imports may lead to messy code
</violation>
<violation beginline="102" endline="102" begincolumn="93" endcolumn="101" rule="SignatureDeclareThrowsException" ruleset="Design" package="org.junit.platform.runner" class="JUnitPlatformRunnerTests$Discovery" method="requestsClassSelectorForAnnotatedClassWhenNoAdditionalAnnotationsArePresent" externalInfoUrl="https://pmd.github.io/pmd/pmd_rules_java_design.html#signaturedeclarethrowsexception" priority="3">
A method/constructor should not explicitly throw java.lang.Exception
</violation>
<violation beginline="102" endline="113" begincolumn="3" endcolumn="3" rule="JUnitTestContainsTooManyAsserts" ruleset="Best Practices" package="org.junit.platform.runner" class="JUnitPlatformRunnerTests$Discovery" method="requestsClassSelectorForAnnotatedClassWhenNoAdditionalAnnotationsArePresent" externalInfoUrl="https://pmd.github.io/pmd/pmd_rules_java_bestpractices.html#junittestcontainstoomanyasserts" priority="3">
Unit tests should not contain more than 1 assert(s).
</violation>
<violation beginline="116" endline="116" begincolumn="76" endcolumn="84" rule="SignatureDeclareThrowsException" ruleset="Design" package="org.junit.platform.runner" class="JUnitPlatformRunnerTests$Discovery" method="requestsClassSelectorsWhenSelectClassesAnnotationIsPresent" externalInfoUrl="https://pmd.github.io/pmd/pmd_rules_java_design.html#signaturedeclarethrowsexception" priority="3">
A method/constructor should not explicitly throw java.lang.Exception
</violation>
<violation beginline="116" endline="128" begincolumn="3" endcolumn="3" rule="JUnitTestContainsTooManyAsserts" ruleset="Best Practices" package="org.junit.platform.runner" class="JUnitPlatformRunnerTests$Discovery" method="requestsClassSelectorsWhenSelectClassesAnnotationIsPresent" externalInfoUrl="https://pmd.github.io/pmd/pmd_rules_java_bestpractices.html#junittestcontainstoomanyasserts" priority="3">
Unit tests should not contain more than 1 assert(s).
</violation>
<violation beginline="131" endline="131" begincolumn="73" endcolumn="81" rule="SignatureDeclareThrowsException" ruleset="Design" package="org.junit.platform.runner" class="JUnitPlatformRunnerTests$Discovery" method="requestsPackageSelectorsWhenPackagesAnnotationIsPresent" externalInfoUrl="https://pmd.github.io/pmd/pmd_rules_java_design.html#signaturedeclarethrowsexception" priority="3">
A method/constructor should not explicitly throw java.lang.Exception
</violation>
<violation beginline="131" endline="143" begincolumn="3" endcolumn="3" rule="JUnitTestContainsTooManyAsserts" ruleset="Best Practices" package="org.junit.platform.runner" class="JUnitPlatformRunnerTests$Discovery" method="requestsPackageSelectorsWhenPackagesAnnotationIsPresent" externalInfoUrl="https://pmd.github.io/pmd/pmd_rules_java_bestpractices.html#junittestcontainstoomanyasserts" priority="3">
Unit tests should not contain more than 1 assert(s).
</violation>
<violation beginline="133" endline="133" begincolumn="29" endcolumn="33" rule="AvoidDuplicateLiterals" ruleset="Error Prone" package="org.junit.platform.runner" class="JUnitPlatformRunnerTests$Discovery" method="requestsPackageSelectorsWhenPackagesAnnotationIsPresent" externalInfoUrl="https://pmd.github.io/pmd/pmd_rules_java_errorprone.html#avoidduplicateliterals" priority="3">
The String literal "bar" appears 9 times in this file; the first occurrence is on line 133
</violation>
<violation beginline="133" endline="133" begincolumn="22" endcolumn="26" rule="AvoidDuplicateLiterals" ruleset="Error Prone" package="org.junit.platform.runner" class="JUnitPlatformRunnerTests$Discovery" method="requestsPackageSelectorsWhenPackagesAnnotationIsPresent" externalInfoUrl="https://pmd.github.io/pmd/pmd_rules_java_errorprone.html#avoidduplicateliterals" priority="3">
The String literal "foo" appears 9 times in this file; the first occurrence is on line 133
</violation>
<violation beginline="146" endline="146" begincolumn="82" endcolumn="90" rule="SignatureDeclareThrowsException" ruleset="Design" package="org.junit.platform.runner" class="JUnitPlatformRunnerTests$Discovery" method="addsPackageFiltersToRequestWhenIncludePackageAnnotationIsPresent" externalInfoUrl="https://pmd.github.io/pmd/pmd_rules_java_design.html#signaturedeclarethrowsexception" priority="3">
A method/constructor should not explicitly throw java.lang.Exception
</violation>
<violation beginline="146" endline="161" begincolumn="3" endcolumn="3" rule="JUnitTestContainsTooManyAsserts" ruleset="Best Practices" package="org.junit.platform.runner" class="JUnitPlatformRunnerTests$Discovery" method="addsPackageFiltersToRequestWhenIncludePackageAnnotationIsPresent" externalInfoUrl="https://pmd.github.io/pmd/pmd_rules_java_bestpractices.html#junittestcontainstoomanyasserts" priority="3">
Unit tests should not contain more than 1 assert(s).
</violation>
<violation beginline="164" endline="164" begincolumn="82" endcolumn="90" rule="SignatureDeclareThrowsException" ruleset="Design" package="org.junit.platform.runner" class="JUnitPlatformRunnerTests$Discovery" method="addsPackageFiltersToRequestWhenExcludePackageAnnotationIsPresent" externalInfoUrl="https://pmd.github.io/pmd/pmd_rules_java_design.html#signaturedeclarethrowsexception" priority="3">
A method/constructor should not explicitly throw java.lang.Exception
</violation>
<violation beginline="164" endline="179" begincolumn="3" endcolumn="3" rule="JUnitTestContainsTooManyAsserts" ruleset="Best Practices" package="org.junit.platform.runner" class="JUnitPlatformRunnerTests$Discovery" method="addsPackageFiltersToRequestWhenExcludePackageAnnotationIsPresent" externalInfoUrl="https://pmd.github.io/pmd/pmd_rules_java_bestpractices.html#junittestcontainstoomanyasserts" priority="3">
Unit tests should not contain more than 1 assert(s).
</violation>
<violation beginline="182" endline="182" begincolumn="74" endcolumn="82" rule="SignatureDeclareThrowsException" ruleset="Design" package="org.junit.platform.runner" class="JUnitPlatformRunnerTests$Discovery" method="addsTagFilterToRequestWhenIncludeTagsAnnotationIsPresent" externalInfoUrl="https://pmd.github.io/pmd/pmd_rules_java_design.html#signaturedeclarethrowsexception" priority="3">
A method/constructor should not explicitly throw java.lang.Exception
</violation>
<violation beginline="182" endline="197" begincolumn="3" endcolumn="3" rule="JUnitTestContainsTooManyAsserts" ruleset="Best Practices" package="org.junit.platform.runner" class="JUnitPlatformRunnerTests$Discovery" method="addsTagFilterToRequestWhenIncludeTagsAnnotationIsPresent" externalInfoUrl="https://pmd.github.io/pmd/pmd_rules_java_bestpractices.html#junittestcontainstoomanyasserts" priority="3">
Unit tests should not contain more than 1 assert(s).
</violation>
<violation beginline="196" endline="196" begincolumn="50" endcolumn="54" rule="AvoidDuplicateLiterals" ruleset="Error Prone" package="org.junit.platform.runner" class="JUnitPlatformRunnerTests$Discovery" method="addsTagFilterToRequestWhenIncludeTagsAnnotationIsPresent" externalInfoUrl="https://pmd.github.io/pmd/pmd_rules_java_errorprone.html#avoidduplicateliterals" priority="3">
The String literal "baz" appears 4 times in this file; the first occurrence is on line 196
</violation>
<violation beginline="200" endline="200" begincolumn="74" endcolumn="82" rule="SignatureDeclareThrowsException" ruleset="Design" package="org.junit.platform.runner" class="JUnitPlatformRunnerTests$Discovery" method="addsTagFilterToRequestWhenExcludeTagsAnnotationIsPresent" externalInfoUrl="https://pmd.github.io/pmd/pmd_rules_java_design.html#signaturedeclarethrowsexception" priority="3">
A method/constructor should not explicitly throw java.lang.Exception
</violation>
<violation beginline="200" endline="215" begincolumn="3" endcolumn="3" rule="JUnitTestContainsTooManyAsserts" ruleset="Best Practices" package="org.junit.platform.runner" class="JUnitPlatformRunnerTests$Discovery" method="addsTagFilterToRequestWhenExcludeTagsAnnotationIsPresent" externalInfoUrl="https://pmd.github.io/pmd/pmd_rules_java_bestpractices.html#junittestcontainstoomanyasserts" priority="3">
Unit tests should not contain more than 1 assert(s).
</violation>
<violation beginline="218" endline="218" begincolumn="99" endcolumn="107" rule="SignatureDeclareThrowsException" ruleset="Design" package="org.junit.platform.runner" class="JUnitPlatformRunnerTests$Discovery" method="addsEngineFiltersToRequestWhenIncludeEnginesOrExcludeEnginesAnnotationsArePresent" externalInfoUrl="https://pmd.github.io/pmd/pmd_rules_java_design.html#signaturedeclarethrowsexception" priority="3">
A method/constructor should not explicitly throw java.lang.Exception
</violation>
<violation beginline="218" endline="246" begincolumn="3" endcolumn="3" rule="JUnitTestContainsTooManyAsserts" ruleset="Best Practices" package="org.junit.platform.runner" class="JUnitPlatformRunnerTests$Discovery" method="addsEngineFiltersToRequestWhenIncludeEnginesOrExcludeEnginesAnnotationsArePresent" externalInfoUrl="https://pmd.github.io/pmd/pmd_rules_java_bestpractices.html#junittestcontainstoomanyasserts" priority="3">
Unit tests should not contain more than 1 assert(s).
</violation>
<violation beginline="250" endline="250" begincolumn="12" endcolumn="20" rule="SignatureDeclareThrowsException" ruleset="Design" package="org.junit.platform.runner" class="JUnitPlatformRunnerTests$Discovery" method="addsDefaultClassNameFilterToRequestWhenFilterClassNameAnnotationIsNotPresentOnTestSuite" externalInfoUrl="https://pmd.github.io/pmd/pmd_rules_java_design.html#signaturedeclarethrowsexception" priority="3">
A method/constructor should not explicitly throw java.lang.Exception
</violation>
<violation beginline="264" endline="264" begincolumn="12" endcolumn="20" rule="SignatureDeclareThrowsException" ruleset="Design" package="org.junit.platform.runner" class="JUnitPlatformRunnerTests$Discovery" method="addsDefaultClassNameFilterToRequestWhenFilterClassNameAnnotationIsNotPresentOnTestClass" externalInfoUrl="https://pmd.github.io/pmd/pmd_rules_java_design.html#signaturedeclarethrowsexception" priority="3">
A method/constructor should not explicitly throw java.lang.Exception
</violation>
<violation beginline="277" endline="277" begincolumn="12" endcolumn="20" rule="SignatureDeclareThrowsException" ruleset="Design" package="org.junit.platform.runner" class="JUnitPlatformRunnerTests$Discovery" method="addsSingleExplicitClassNameFilterToRequestWhenIncludeClassNamePatternsAnnotationIsPresent" externalInfoUrl="https://pmd.github.io/pmd/pmd_rules_java_design.html#signaturedeclarethrowsexception" priority="3">
A method/constructor should not explicitly throw java.lang.Exception
</violation>
<violation beginline="279" endline="279" begincolumn="30" endcolumn="36" rule="AvoidDuplicateLiterals" ruleset="Error Prone" package="org.junit.platform.runner" class="JUnitPlatformRunnerTests$Discovery" method="addsSingleExplicitClassNameFilterToRequestWhenIncludeClassNamePatternsAnnotationIsPresent" externalInfoUrl="https://pmd.github.io/pmd/pmd_rules_java_errorprone.html#avoidduplicateliterals" priority="3">
The String literal ".*Foo" appears 8 times in this file; the first occurrence is on line 279
</violation>
<violation beginline="290" endline="290" begincolumn="99" endcolumn="107" rule="SignatureDeclareThrowsException" ruleset="Design" package="org.junit.platform.runner" class="JUnitPlatformRunnerTests$Discovery" method="addsSingleClassNameFilterToRequestWhenExcludeClassNamePatternsAnnotationIsPresent" externalInfoUrl="https://pmd.github.io/pmd/pmd_rules_java_design.html#signaturedeclarethrowsexception" priority="3">
A method/constructor should not explicitly throw java.lang.Exception
</violation>
<violation beginline="304" endline="304" begincolumn="12" endcolumn="20" rule="SignatureDeclareThrowsException" ruleset="Design" package="org.junit.platform.runner" class="JUnitPlatformRunnerTests$Discovery" method="addsMultipleExplicitClassNameFilterToRequestWhenIncludeClassNamePatternsAnnotationIsPresent" externalInfoUrl="https://pmd.github.io/pmd/pmd_rules_java_design.html#signaturedeclarethrowsexception" priority="3">
A method/constructor should not explicitly throw java.lang.Exception
</violation>
<violation beginline="306" endline="306" begincolumn="41" endcolumn="47" rule="AvoidDuplicateLiterals" ruleset="Error Prone" package="org.junit.platform.runner" class="JUnitPlatformRunnerTests$Discovery" method="addsMultipleExplicitClassNameFilterToRequestWhenIncludeClassNamePatternsAnnotationIsPresent" externalInfoUrl="https://pmd.github.io/pmd/pmd_rules_java_errorprone.html#avoidduplicateliterals" priority="3">
The String literal "Bar.*" appears 4 times in this file; the first occurrence is on line 306
</violation>
<violation beginline="317" endline="317" begincolumn="101" endcolumn="109" rule="SignatureDeclareThrowsException" ruleset="Design" package="org.junit.platform.runner" class="JUnitPlatformRunnerTests$Discovery" method="addsMultipleClassNameFilterToRequestWhenExcludeClassNamePatternsAnnotationIsPresent" externalInfoUrl="https://pmd.github.io/pmd/pmd_rules_java_design.html#signaturedeclarethrowsexception" priority="3">
A method/constructor should not explicitly throw java.lang.Exception
</violation>
<violation beginline="331" endline="331" begincolumn="12" endcolumn="20" rule="SignatureDeclareThrowsException" ruleset="Design" package="org.junit.platform.runner" class="JUnitPlatformRunnerTests$Discovery" method="usesStandardIncludePatternWhenIncludeClassNamePatternsAnnotationIsPresentWithoutArguments" externalInfoUrl="https://pmd.github.io/pmd/pmd_rules_java_design.html#signaturedeclarethrowsexception" priority="3">
A method/constructor should not explicitly throw java.lang.Exception
</violation>
<violation beginline="345" endline="345" begincolumn="12" endcolumn="20" rule="SignatureDeclareThrowsException" ruleset="Design" package="org.junit.platform.runner" class="JUnitPlatformRunnerTests$Discovery" method="doesNotAddClassNameFilterWhenIncludeClassNamePatternsAnnotationIsPresentWithEmptyArguments" externalInfoUrl="https://pmd.github.io/pmd/pmd_rules_java_design.html#signaturedeclarethrowsexception" priority="3">
A method/constructor should not explicitly throw java.lang.Exception
</violation>
<violation beginline="359" endline="359" begincolumn="12" endcolumn="20" rule="SignatureDeclareThrowsException" ruleset="Design" package="org.junit.platform.runner" class="JUnitPlatformRunnerTests$Discovery" method="doesNotAddClassNameFilterWhenExcludeClassNamePatternsAnnotationIsPresentWithEmptyArguments" externalInfoUrl="https://pmd.github.io/pmd/pmd_rules_java_design.html#signaturedeclarethrowsexception" priority="3">
A method/constructor should not explicitly throw java.lang.Exception
</violation>
<violation beginline="372" endline="372" begincolumn="68" endcolumn="76" rule="SignatureDeclareThrowsException" ruleset="Design" package="org.junit.platform.runner" class="JUnitPlatformRunnerTests$Discovery" method="trimsArgumentsOfIncludeClassNamePatternsAnnotation" externalInfoUrl="https://pmd.github.io/pmd/pmd_rules_java_design.html#signaturedeclarethrowsexception" priority="3">
A method/constructor should not explicitly throw java.lang.Exception
</violation>
<violation beginline="385" endline="385" begincolumn="68" endcolumn="76" rule="SignatureDeclareThrowsException" ruleset="Design" package="org.junit.platform.runner" class="JUnitPlatformRunnerTests$Discovery" method="trimsArgumentsOfExcludeClassNamePatternsAnnotation" externalInfoUrl="https://pmd.github.io/pmd/pmd_rules_java_design.html#signaturedeclarethrowsexception" priority="3">
A method/constructor should not explicitly throw java.lang.Exception
</violation>
<violation beginline="398" endline="398" begincolumn="57" endcolumn="65" rule="SignatureDeclareThrowsException" ruleset="Design" package="org.junit.platform.runner" class="JUnitPlatformRunnerTests$Discovery" method="convertsTestIdentifiersIntoDescriptions" externalInfoUrl="https://pmd.github.io/pmd/pmd_rules_java_design.html#signaturedeclarethrowsexception" priority="3">
A method/constructor should not explicitly throw java.lang.Exception
</violation>
<violation beginline="398" endline="427" begincolumn="3" endcolumn="3" rule="JUnitTestContainsTooManyAsserts" ruleset="Best Practices" package="org.junit.platform.runner" class="JUnitPlatformRunnerTests$Discovery" method="convertsTestIdentifiersIntoDescriptions" externalInfoUrl="https://pmd.github.io/pmd/pmd_rules_java_bestpractices.html#junittestcontainstoomanyasserts" priority="3">
Unit tests should not contain more than 1 assert(s).
</violation>
<violation beginline="400" endline="400" begincolumn="69" endcolumn="74" rule="AvoidDuplicateLiterals" ruleset="Error Prone" package="org.junit.platform.runner" class="JUnitPlatformRunnerTests$Discovery" method="convertsTestIdentifiersIntoDescriptions" externalInfoUrl="https://pmd.github.io/pmd/pmd_rules_java_errorprone.html#avoidduplicateliterals" priority="3">
The String literal "root" appears 15 times in this file; the first occurrence is on line 400
</violation>
<violation beginline="435" endline="435" begincolumn="31" endcolumn="39" rule="SignatureDeclareThrowsException" ruleset="Design" package="org.junit.platform.runner" class="JUnitPlatformRunnerTests$Filtering" method="appliesFilter" externalInfoUrl="https://pmd.github.io/pmd/pmd_rules_java_design.html#signaturedeclarethrowsexception" priority="3">
A method/constructor should not explicitly throw java.lang.Exception
</violation>
<violation beginline="435" endline="464" begincolumn="3" endcolumn="3" rule="JUnitTestContainsTooManyAsserts" ruleset="Best Practices" package="org.junit.platform.runner" class="JUnitPlatformRunnerTests$Filtering" method="appliesFilter" externalInfoUrl="https://pmd.github.io/pmd/pmd_rules_java_bestpractices.html#junittestcontainstoomanyasserts" priority="3">
Unit tests should not contain more than 1 assert(s).
</violation>
<violation beginline="439" endline="439" begincolumn="82" endcolumn="90" rule="AvoidDuplicateLiterals" ruleset="Error Prone" package="org.junit.platform.runner" class="JUnitPlatformRunnerTests$Filtering" method="appliesFilter" externalInfoUrl="https://pmd.github.io/pmd/pmd_rules_java_errorprone.html#avoidduplicateliterals" priority="3">
The String literal "parent2" appears 4 times in this file; the first occurrence is on line 439
</violation>
<violation beginline="441" endline="441" begincolumn="74" endcolumn="81" rule="AvoidDuplicateLiterals" ruleset="Error Prone" package="org.junit.platform.runner" class="JUnitPlatformRunnerTests$Filtering" method="appliesFilter" externalInfoUrl="https://pmd.github.io/pmd/pmd_rules_java_errorprone.html#avoidduplicateliterals" priority="3">
The String literal "leaf2b" appears 4 times in this file; the first occurrence is on line 441
</violation>
<violation beginline="467" endline="467" begincolumn="79" endcolumn="87" rule="SignatureDeclareThrowsException" ruleset="Design" package="org.junit.platform.runner" class="JUnitPlatformRunnerTests$Filtering" method="throwsNoTestsRemainExceptionWhenNoTestIdentifierMatchesFilter" externalInfoUrl="https://pmd.github.io/pmd/pmd_rules_java_design.html#signaturedeclarethrowsexception" priority="3">
A method/constructor should not explicitly throw java.lang.Exception
</violation>
<violation beginline="468" endline="468" begincolumn="93" endcolumn="98" rule="AvoidDuplicateLiterals" ruleset="Error Prone" package="org.junit.platform.runner" class="JUnitPlatformRunnerTests$Filtering" method="throwsNoTestsRemainExceptionWhenNoTestIdentifierMatchesFilter" externalInfoUrl="https://pmd.github.io/pmd/pmd_rules_java_errorprone.html#avoidduplicateliterals" priority="3">
The String literal "test" appears 8 times in this file; the first occurrence is on line 468
</violation>
<violation beginline="485" endline="485" begincolumn="52" endcolumn="60" rule="SignatureDeclareThrowsException" ruleset="Design" package="org.junit.platform.runner" class="JUnitPlatformRunnerTests$Execution" method="notifiesRunListenerOfTestExecution" externalInfoUrl="https://pmd.github.io/pmd/pmd_rules_java_design.html#signaturedeclarethrowsexception" priority="3">
A method/constructor should not explicitly throw java.lang.Exception
</violation>
<violation beginline="486" endline="486" begincolumn="71" endcolumn="77" rule="AvoidDuplicateLiterals" ruleset="Error Prone" package="org.junit.platform.runner" class="JUnitPlatformRunnerTests$Execution" method="notifiesRunListenerOfTestExecution" externalInfoUrl="https://pmd.github.io/pmd/pmd_rules_java_errorprone.html#avoidduplicateliterals" priority="3">
The String literal "dummy" appears 9 times in this file; the first occurrence is on line 486
</violation>
<violation beginline="487" endline="487" begincolumn="19" endcolumn="31" rule="AvoidDuplicateLiterals" ruleset="Error Prone" package="org.junit.platform.runner" class="JUnitPlatformRunnerTests$Execution" method="notifiesRunListenerOfTestExecution" externalInfoUrl="https://pmd.github.io/pmd/pmd_rules_java_errorprone.html#avoidduplicateliterals" priority="3">
The String literal "failingTest" appears 6 times in this file; the first occurrence is on line 487
</violation>
<violation beginline="518" endline="518" begincolumn="49" endcolumn="57" rule="SignatureDeclareThrowsException" ruleset="Design" package="org.junit.platform.runner" class="JUnitPlatformRunnerTests$Execution" method="supportsDynamicTestRegistration" externalInfoUrl="https://pmd.github.io/pmd/pmd_rules_java_design.html#signaturedeclarethrowsexception" priority="3">
A method/constructor should not explicitly throw java.lang.Exception
</violation>
<violation beginline="545" endline="545" begincolumn="69" endcolumn="77" rule="SignatureDeclareThrowsException" ruleset="Design" package="org.junit.platform.runner" class="JUnitPlatformRunnerTests$Execution" method="reportsIgnoredEventsForLeavesWhenContainerIsSkipped" externalInfoUrl="https://pmd.github.io/pmd/pmd_rules_java_design.html#signaturedeclarethrowsexception" priority="3">
A method/constructor should not explicitly throw java.lang.Exception
</violation>
<violation beginline="580" endline="580" begincolumn="57" endcolumn="65" rule="SignatureDeclareThrowsException" ruleset="Design" package="org.junit.platform.runner" class="JUnitPlatformRunnerTests$Descriptions" method="descriptionForJavaMethodAndClassSources" externalInfoUrl="https://pmd.github.io/pmd/pmd_rules_java_design.html#signaturedeclarethrowsexception" priority="3">
A method/constructor should not explicitly throw java.lang.Exception
</violation>
<violation beginline="580" endline="613" begincolumn="3" endcolumn="3" rule="JUnitTestContainsTooManyAsserts" ruleset="Best Practices" package="org.junit.platform.runner" class="JUnitPlatformRunnerTests$Descriptions" method="descriptionForJavaMethodAndClassSources" externalInfoUrl="https://pmd.github.io/pmd/pmd_rules_java_bestpractices.html#junittestcontainstoomanyasserts" priority="3">
Unit tests should not contain more than 1 assert(s).
</violation>
<violation beginline="584" endline="584" begincolumn="5" endcolumn="26" rule="AvoidDuplicateLiterals" ruleset="Error Prone" package="org.junit.platform.runner" class="JUnitPlatformRunnerTests$Descriptions" method="descriptionForJavaMethodAndClassSources" externalInfoUrl="https://pmd.github.io/pmd/pmd_rules_java_errorprone.html#avoidduplicateliterals" priority="3">
The String literal "containerDisplayName" appears 5 times in this file; the first occurrence is on line 584
</violation>
<violation beginline="616" endline="616" begincolumn="76" endcolumn="84" rule="SignatureDeclareThrowsException" ruleset="Design" package="org.junit.platform.runner" class="JUnitPlatformRunnerTests$Descriptions" method="descriptionForJavaMethodAndClassSourcesUsingTechnicalNames" externalInfoUrl="https://pmd.github.io/pmd/pmd_rules_java_design.html#signaturedeclarethrowsexception" priority="3">
A method/constructor should not explicitly throw java.lang.Exception
</violation>
<violation beginline="616" endline="649" begincolumn="3" endcolumn="3" rule="JUnitTestContainsTooManyAsserts" ruleset="Best Practices" package="org.junit.platform.runner" class="JUnitPlatformRunnerTests$Descriptions" method="descriptionForJavaMethodAndClassSourcesUsingTechnicalNames" externalInfoUrl="https://pmd.github.io/pmd/pmd_rules_java_bestpractices.html#junittestcontainstoomanyasserts" priority="3">
Unit tests should not contain more than 1 assert(s).
</violation>
<violation beginline="651" endline="653" begincolumn="3" endcolumn="3" rule="DetachedTestCase" ruleset="Error Prone" package="org.junit.platform.runner" class="JUnitPlatformRunnerTests$Descriptions" externalInfoUrl="https://pmd.github.io/pmd/pmd_rules_java_errorprone.html#detachedtestcase" priority="3">
Probable detached JUnit test case.
</violation>
<violation beginline="651" endline="653" begincolumn="3" endcolumn="3" rule="DefaultPackage" ruleset="Code Style" package="org.junit.platform.runner" class="JUnitPlatformRunnerTests$Descriptions" externalInfoUrl="https://pmd.github.io/pmd/pmd_rules_java_codestyle.html#defaultpackage" priority="3">
Use explicit scoping instead of the default package private level
</violation>
<violation beginline="722" endline="722" begincolumn="60" endcolumn="89" rule="UnnecessaryFullyQualifiedName" ruleset="Code Style" package="org.junit.platform.runner" class="JUnitPlatformRunnerTests$DynamicTestEngine" method="execute" externalInfoUrl="https://pmd.github.io/pmd/pmd_rules_java_codestyle.html#unnecessaryfullyqualifiedname" priority="4">
Unnecessary use of fully qualified name 'TestExecutionResult.successful' due to existing static import 'org.junit.platform.engine.TestExecutionResult.successful'
</violation>
<violation beginline="729" endline="729" begincolumn="60" endcolumn="89" rule="UnnecessaryFullyQualifiedName" ruleset="Code Style" package="org.junit.platform.runner" class="JUnitPlatformRunnerTests$DynamicTestEngine" method="execute" externalInfoUrl="https://pmd.github.io/pmd/pmd_rules_java_codestyle.html#unnecessaryfullyqualifiedname" priority="4">
Unnecessary use of fully qualified name 'TestExecutionResult.successful' due to existing static import 'org.junit.platform.engine.TestExecutionResult.successful'
</violation>
<violation beginline="736" endline="736" begincolumn="60" endcolumn="89" rule="UnnecessaryFullyQualifiedName" ruleset="Code Style" package="org.junit.platform.runner" class="JUnitPlatformRunnerTests$DynamicTestEngine" method="execute" externalInfoUrl="https://pmd.github.io/pmd/pmd_rules_java_codestyle.html#unnecessaryfullyqualifiedname" priority="4">
Unnecessary use of fully qualified name 'TestExecutionResult.successful' due to existing static import 'org.junit.platform.engine.TestExecutionResult.successful'
</violation>
<violation beginline="743" endline="743" begincolumn="61" endcolumn="90" rule="UnnecessaryFullyQualifiedName" ruleset="Code Style" package="org.junit.platform.runner" class="JUnitPlatformRunnerTests$DynamicTestEngine" method="execute" externalInfoUrl="https://pmd.github.io/pmd/pmd_rules_java_codestyle.html#unnecessaryfullyqualifiedname" priority="4">
Unnecessary use of fully qualified name 'TestExecutionResult.successful' due to existing static import 'org.junit.platform.engine.TestExecutionResult.successful'
</violation>
<violation beginline="745" endline="745" begincolumn="57" endcolumn="86" rule="UnnecessaryFullyQualifiedName" ruleset="Code Style" package="org.junit.platform.runner" class="JUnitPlatformRunnerTests$DynamicTestEngine" method="execute" externalInfoUrl="https://pmd.github.io/pmd/pmd_rules_java_codestyle.html#unnecessaryfullyqualifiedname" priority="4">
Unnecessary use of fully qualified name 'TestExecutionResult.successful' due to existing static import 'org.junit.platform.engine.TestExecutionResult.successful'
</violation>
</file>
<file name="C:\Users\Sokaina\Downloads\Versiones-Junit5\junit5-r5.0.2\platform-tests\src\test\java\org\junit\platform\runner\LoggingRunListener.java">
<violation beginline="28" endline="28" begincolumn="3" endcolumn="20" rule="SystemPrintln" ruleset="Best Practices" package="org.junit.platform.runner" class="LoggingRunListener" method="testRunStarted" externalInfoUrl="https://pmd.github.io/pmd/pmd_rules_java_bestpractices.html#systemprintln" priority="2">
System.err.println is used
</violation>
<violation beginline="33" endline="33" begincolumn="3" endcolumn="20" rule="SystemPrintln" ruleset="Best Practices" package="org.junit.platform.runner" class="LoggingRunListener" method="testRunFinished" externalInfoUrl="https://pmd.github.io/pmd/pmd_rules_java_bestpractices.html#systemprintln" priority="2">
System.err.println is used
</violation>
<violation beginline="38" endline="38" begincolumn="3" endcolumn="20" rule="SystemPrintln" ruleset="Best Practices" package="org.junit.platform.runner" class="LoggingRunListener" method="testStarted" externalInfoUrl="https://pmd.github.io/pmd/pmd_rules_java_bestpractices.html#systemprintln" priority="2">
System.err.println is used
</violation>
<violation beginline="43" endline="43" begincolumn="3" endcolumn="20" rule="SystemPrintln" ruleset="Best Practices" package="org.junit.platform.runner" class="LoggingRunListener" method="testFinished" externalInfoUrl="https://pmd.github.io/pmd/pmd_rules_java_bestpractices.html#systemprintln" priority="2">
System.err.println is used
</violation>
<violation beginline="48" endline="48" begincolumn="3" endcolumn="20" rule="SystemPrintln" ruleset="Best Practices" package="org.junit.platform.runner" class="LoggingRunListener" method="testFailure" externalInfoUrl="https://pmd.github.io/pmd/pmd_rules_java_bestpractices.html#systemprintln" priority="2">
System.err.println is used
</violation>
<violation beginline="53" endline="53" begincolumn="3" endcolumn="20" rule="SystemPrintln" ruleset="Best Practices" package="org.junit.platform.runner" class="LoggingRunListener" method="testAssumptionFailure" externalInfoUrl="https://pmd.github.io/pmd/pmd_rules_java_bestpractices.html#systemprintln" priority="2">
System.err.println is used
</violation>
<violation beginline="58" endline="58" begincolumn="3" endcolumn="20" rule="SystemPrintln" ruleset="Best Practices" package="org.junit.platform.runner" class="LoggingRunListener" method="testIgnored" externalInfoUrl="https://pmd.github.io/pmd/pmd_rules_java_bestpractices.html#systemprintln" priority="2">
System.err.println is used
</violation>
</file>
</pmd>
