<?xml version="1.0" encoding="utf-8"?>
<graph>
  <header>
    <info name = "RTEHunter-mode" value = "inactive"/>
    <info name = "FindBugs2Graph-mode" value = "full"/>
    <info name = "FaultHunter-mode" value = "inactive"/>
    <info name = "AndroidHunter-mode" value = "inactive"/>
    <info name = "DuplicatedCodeFinder-mode" value = "full"/>
    <info name = "asg" value = "java"/>
    <info name = "LIM2Metrics-mode" value = "full"/>
    <info name = "PMD2Graph-mode" value = "full"/>
  </header>
  <data>
    <node name = "L102" type = "Component">
      <attribute type = "string" name = "Name" context = "attribute" value = "&lt;System&gt;"/>
      <attribute type = "string" name = "LongName" context = "attribute" value = "&lt;System&gt;"/>
      <attribute type = "string" name = "ChangesetID" context = "attribute" value = ""/>
      <attribute type = "string" name = "AnalysisTime" context = "attribute" value = "now"/>
      <attribute type = "int" name = "CCL" context = "metric" value = "137"/>
      <attribute type = "int" name = "CCO" context = "metric" value = "442"/>
      <attribute type = "float" name = "CEE" context = "metric" value = "7040.36"/>
      <attribute type = "int" name = "CI" context = "metric" value = "329"/>
      <attribute type = "int" name = "LDC" context = "metric" value = "4187"/>
      <attribute type = "int" name = "LLDC" context = "metric" value = "3542"/>
      <attribute type = "float" name = "CC" context = "metric" value = "0.0830286"/>
      <attribute type = "float" name = "CLLC" context = "metric" value = "0.0809822"/>
      <attribute type = "float" name = "CLC" context = "metric" value = "0.056552"/>
      <attribute type = "float" name = "NCR" context = "metric" value = "0.0606323"/>
      <attribute type = "float" name = "CR" context = "metric" value = "0.0281757"/>
      <attribute type = "float" name = "CEG" context = "metric" value = "0.31803"/>
      <attribute type = "int" name = "PMD_TMSI" context = "metric" value = "115"/>
      <attribute type = "int" name = "PMD_DP" context = "metric" value = "497"/>
      <attribute type = "int" name = "PMD_JUTCTMA" context = "metric" value = "880"/>
      <attribute type = "int" name = "PMD_JUASIM" context = "metric" value = "1213"/>
      <attribute type = "int" name = "PMD_UASIOAT" context = "metric" value = "12"/>
      <attribute type = "int" name = "PMD_TCWTC" context = "metric" value = "14"/>
      <attribute type = "int" name = "PMD_JUTSIA" context = "metric" value = "216"/>
      <attribute type = "int" name = "PMD_EN" context = "metric" value = "2"/>
      <attribute type = "int" name = "PMD_UEM" context = "metric" value = "252"/>
      <attribute type = "int" name = "PMD_UA" context = "metric" value = "2"/>
      <attribute type = "int" name = "PMD_ATRET" context = "metric" value = "22"/>
      <attribute type = "int" name = "PMD_SiDTE" context = "metric" value = "350"/>
      <attribute type = "int" name = "PMD_ADL" context = "metric" value = "314"/>
      <attribute type = "int" name = "PMD_IF" context = "metric" value = "14"/>
      <attribute type = "int" name = "PMD_LFIC" context = "metric" value = "17"/>
      <attribute type = "int" name = "PMD_UnM" context = "metric" value = "6"/>
      <attribute type = "int" name = "PMD_CWOPCSBF" context = "metric" value = "35"/>
      <attribute type = "int" name = "PMD_ACT" context = "metric" value = "30"/>
      <attribute type = "int" name = "PMD_UV" context = "metric" value = "47"/>
      <attribute type = "int" name = "PMD_FDSBASOC" context = "metric" value = "89"/>
      <attribute type = "int" name = "PMD_CIS" context = "metric" value = "2"/>
      <attribute type = "int" name = "PMD_ARP" context = "metric" value = "6"/>
      <attribute type = "int" name = "PMD_PST" context = "metric" value = "3"/>
      <attribute type = "int" name = "PMD_ACWAM" context = "metric" value = "10"/>
      <attribute type = "int" name = "PMD_AFNMMN" context = "metric" value = "17"/>
      <attribute type = "int" name = "PMD_DNEJLT" context = "metric" value = "2"/>
      <attribute type = "int" name = "PMD_UUINL" context = "metric" value = "22"/>
      <attribute type = "int" name = "PMD_StI" context = "metric" value = "14"/>
      <attribute type = "int" name = "PMD_OBEAH" context = "metric" value = "2"/>
      <attribute type = "int" name = "PMD_UBA" context = "metric" value = "17"/>
      <attribute type = "int" name = "PMD_AICICC" context = "metric" value = "1"/>
      <attribute type = "int" name = "PMD_UPM" context = "metric" value = "5"/>
      <attribute type = "int" name = "PMD_ACGE" context = "metric" value = "18"/>
      <attribute type = "int" name = "PMD_DTC" context = "metric" value = "5"/>
      <attribute type = "int" name = "PMD_SMN" context = "metric" value = "20"/>
      <attribute type = "int" name = "PMD_UFQN" context = "metric" value = "25"/>
      <attribute type = "int" name = "PMD_ABSALIL" context = "metric" value = "1"/>
      <attribute type = "int" name = "PMD_SBR" context = "metric" value = "3"/>
      <attribute type = "int" name = "PMD_AbCWAM" context = "metric" value = "3"/>
      <attribute type = "int" name = "PMD_EMIACSBA" context = "metric" value = "3"/>
      <attribute type = "int" name = "PMD_ARE" context = "metric" value = "2"/>
      <attribute type = "int" name = "PMD_RFI" context = "metric" value = "49"/>
      <attribute type = "int" name = "PMD_FFCBS" context = "metric" value = "3"/>
      <attribute type = "int" name = "PMD_DC" context = "metric" value = "3"/>
      <attribute type = "int" name = "PMD_SCN" context = "metric" value = "16"/>
      <attribute type = "int" name = "PMD_CSB" context = "metric" value = "19"/>
      <attribute type = "int" name = "PMD_AUEIS" context = "metric" value = "1"/>
      <attribute type = "int" name = "PMD_UATIOAE" context = "metric" value = "4"/>
      <attribute type = "int" name = "PMD_AISD" context = "metric" value = "5"/>
      <attribute type = "int" name = "PMD_ULBR" context = "metric" value = "2"/>
      <attribute type = "int" name = "PMD_ECB" context = "metric" value = "5"/>
      <attribute type = "int" name = "PMD_ClR" context = "metric" value = "5"/>
      <attribute type = "int" name = "PMD_CII" context = "metric" value = "2"/>
      <attribute type = "int" name = "PMD_USAI" context = "metric" value = "2"/>
      <attribute type = "int" name = "PMD_UEC" context = "metric" value = "8"/>
      <attribute type = "int" name = "PMD_DBI" context = "metric" value = "1"/>
      <attribute type = "int" name = "PMD_NSI" context = "metric" value = "1"/>
      <attribute type = "int" name = "PMD_NTSS" context = "metric" value = "1"/>
      <attribute type = "int" name = "PMD_UOM" context = "metric" value = "1"/>
      <attribute type = "int" name = "PMD_CMRTMMCN" context = "metric" value = "1"/>
      <attribute type = "int" name = "PMD_CMMBP" context = "metric" value = "1"/>
      <attribute type = "int" name = "PMD_UAEIOAT" context = "metric" value = "4"/>
      <attribute type = "int" name = "PMD_SP" context = "metric" value = "11"/>
      <attribute type = "int" name = "PMD_UCIE" context = "metric" value = "1"/>
      <attribute type = "int" name = "PMD_ISB" context = "metric" value = "2"/>
      <attribute type = "int" name = "PMD_NP" context = "metric" value = "2"/>
      <attribute type = "int" name = "Code Style Rules" context = "metricgroup" value = "818"/>
      <attribute type = "int" name = "Best Practice Rules" context = "metricgroup" value = "2439"/>
      <attribute type = "int" name = "Error Prone Rules" context = "metricgroup" value = "418"/>
      <attribute type = "int" name = "Documentation Rules" context = "metricgroup" value = "260"/>
      <attribute type = "int" name = "Design Rules" context = "metricgroup" value = "457"/>
      <attribute type = "int" name = "Performance Rules" context = "metricgroup" value = "65"/>
      <attribute type = "int" name = "Multithreading Rules" context = "metricgroup" value = "1"/>
      <attribute type = "int" name = "TLLOC" context = "metric" value = "43738"/>
      <attribute type = "int" name = "TLOC" context = "metric" value = "74038"/>
      <attribute type = "float" name = "TAD" context = "metric" value = "0.598377"/>
      <attribute type = "int" name = "TNA" context = "metric" value = "925"/>
      <attribute type = "int" name = "TNCL" context = "metric" value = "1045"/>
      <attribute type = "int" name = "TNEN" context = "metric" value = "13"/>
      <attribute type = "int" name = "TNFI" context = "metric" value = "649"/>
      <attribute type = "int" name = "TNG" context = "metric" value = "554"/>
      <attribute type = "int" name = "TNIN" context = "metric" value = "102"/>
      <attribute type = "int" name = "TNM" context = "metric" value = "5234"/>
      <attribute type = "int" name = "TNOS" context = "metric" value = "13640"/>
      <attribute type = "int" name = "TNPA" context = "metric" value = "91"/>
      <attribute type = "int" name = "TNPCL" context = "metric" value = "253"/>
      <attribute type = "int" name = "TNPEN" context = "metric" value = "9"/>
      <attribute type = "int" name = "TNPIN" context = "metric" value = "64"/>
      <attribute type = "int" name = "TNPKG" context = "metric" value = "73"/>
      <attribute type = "int" name = "TNPM" context = "metric" value = "1695"/>
      <attribute type = "int" name = "TNS" context = "metric" value = "39"/>
      <attribute type = "int" name = "TPDA" context = "metric" value = "885"/>
      <attribute type = "int" name = "TPUA" context = "metric" value = "594"/>
      <attribute type = "int" name = "TCLOC" context = "metric" value = "18115"/>
      <attribute type = "int" name = "TNDI" context = "metric" value = "237"/>
      <attribute type = "float" name = "TCD" context = "metric" value = "0.292872"/>
      <attribute type = "int" name = "WarningBlocker" context = "metric" value = "0"/>
      <attribute type = "int" name = "WarningCritical" context = "metric" value = "35"/>
      <attribute type = "int" name = "WarningMajor" context = "metric" value = "1099"/>
      <attribute type = "int" name = "WarningMinor" context = "metric" value = "3324"/>
      <attribute type = "int" name = "WarningInfo" context = "metric" value = "0"/>
    </node>
  </data>
</graph>
